Wed 28 Feb 2024 09:04:41 AM EST
Python 3.9.7
nvcc: NVIDIA (R) Cuda compiler driver
Copyright (c) 2005-2019 NVIDIA Corporation
Built on Sun_Jul_28_19:07:16_PDT_2019
Cuda compilation tools, release 10.1, V10.1.243
My SLURM_ARRAY_TASK_ID: 
DB: ['ISIC2016', 'ISIC2017', 'ISIC2018', 'ISIC2019', 'PH2', '_7_point_criteria']
IMG_SIZE: [150, 150]
CLASSIFIER: ResNet50V2
SELF_AUG: 1
JOB_INDEX: None
Combining...
Combining 1 db out of 6 dbs
Combining 2 db out of 6 dbs
Combining 3 db out of 6 dbs
Combining 4 db out of 6 dbs
Combining 5 db out of 6 dbs
Combining 6 db out of 6 dbs
Stacking training images
Stacking training labels
Stacking validation images
Stacking validation labels
Model: "sequential"
_________________________________________________________________
Layer (type)                 Output Shape              Param #   
=================================================================
resnet50v2 (Functional)      (None, 2048)              23564800  
_________________________________________________________________
dense (Dense)                (None, 512)               1049088   
_________________________________________________________________
dropout (Dropout)            (None, 512)               0         
_________________________________________________________________
batch_normalization (BatchNo (None, 512)               2048      
_________________________________________________________________
dense_1 (Dense)              (None, 256)               131328    
_________________________________________________________________
dropout_1 (Dropout)          (None, 256)               0         
_________________________________________________________________
batch_normalization_1 (Batch (None, 256)               1024      
_________________________________________________________________
dense_2 (Dense)              (None, 2)                 514       
=================================================================
Total params: 24,748,802
Trainable params: 1,182,466
Non-trainable params: 23,566,336
_________________________________________________________________
Fitting ISIC2016+ISIC2017+ISIC2018+ISIC2019+PH2+_7_point_criteria_aug_ResNet50V2_150h_150w_None model...
model_name: ISIC2016+ISIC2017+ISIC2018+ISIC2019+PH2+_7_point_criteria_aug_ResNet50V2_150h_150w_None
Epoch: 1 loss: 0.6975 accuracy: 0.6441 val_loss: 0.5352 val_accuracy: 0.7980
Epoch: 2 loss: 0.6037 accuracy: 0.6870 val_loss: 0.4702 val_accuracy: 0.8042
Epoch: 3 loss: 0.5614 accuracy: 0.7136 val_loss: 0.4610 val_accuracy: 0.8141
Epoch: 4 loss: 0.5294 accuracy: 0.7373 val_loss: 0.4311 val_accuracy: 0.8265
Epoch: 5 loss: 0.5122 accuracy: 0.7522 val_loss: 0.5251 val_accuracy: 0.7302
Epoch: 6 loss: 0.5077 accuracy: 0.7553 val_loss: 0.4345 val_accuracy: 0.8243
Epoch: 7 loss: 0.5011 accuracy: 0.7583 val_loss: 0.4140 val_accuracy: 0.8332
Epoch: 8 loss: 0.4936 accuracy: 0.7641 val_loss: 0.4132 val_accuracy: 0.8350
Epoch: 9 loss: 0.4933 accuracy: 0.7664 val_loss: 0.4212 val_accuracy: 0.8343
Epoch: 10 loss: 0.4916 accuracy: 0.7662 val_loss: 0.4040 val_accuracy: 0.8358
Epoch: 11 loss: 0.4875 accuracy: 0.7696 val_loss: 0.4239 val_accuracy: 0.8384
Epoch: 12 loss: 0.4855 accuracy: 0.7720 val_loss: 0.4085 val_accuracy: 0.8346
Epoch: 13 loss: 0.4824 accuracy: 0.7737 val_loss: 0.4332 val_accuracy: 0.8217
Epoch: 14 loss: 0.4797 accuracy: 0.7742 val_loss: 0.4153 val_accuracy: 0.8326
Epoch: 15 loss: 0.4793 accuracy: 0.7747 val_loss: 0.4083 val_accuracy: 0.8341
Epoch: 16 loss: 0.4761 accuracy: 0.7777 val_loss: 0.4206 val_accuracy: 0.8288
Epoch: 17 loss: 0.4752 accuracy: 0.7777 val_loss: 0.4049 val_accuracy: 0.8358
Epoch: 18 loss: 0.4741 accuracy: 0.7776 val_loss: 0.4141 val_accuracy: 0.8236
Epoch: 19 loss: 0.4705 accuracy: 0.7809 val_loss: 0.3937 val_accuracy: 0.8395
Epoch: 20 loss: 0.4702 accuracy: 0.7796 val_loss: 0.3832 val_accuracy: 0.8414
Job ended!
