Fri 01 Mar 2024 10:29:27 PM EST
Python 3.9.7
nvcc: NVIDIA (R) Cuda compiler driver
Copyright (c) 2005-2019 NVIDIA Corporation
Built on Sun_Jul_28_19:07:16_PDT_2019
Cuda compilation tools, release 10.1, V10.1.243
My SLURM_ARRAY_TASK_ID: 
DB: ['ISIC2016', 'ISIC2017', 'ISIC2018', 'ISIC2019', 'MEDNODE', 'KaggleMB']
IMG_SIZE: [150, 150]
CLASSIFIER: ResNet50V2
SELF_AUG: 1
JOB_INDEX: None
Combining...
Combining 1 db out of 6 dbs
Combining 2 db out of 6 dbs
Combining 3 db out of 6 dbs
Combining 4 db out of 6 dbs
Combining 5 db out of 6 dbs
Combining 6 db out of 6 dbs
Stacking training images
Stacking training labels
Stacking validation images
Stacking validation labels
Model: "sequential"
_________________________________________________________________
Layer (type)                 Output Shape              Param #   
=================================================================
resnet50v2 (Functional)      (None, 2048)              23564800  
_________________________________________________________________
dense (Dense)                (None, 512)               1049088   
_________________________________________________________________
dropout (Dropout)            (None, 512)               0         
_________________________________________________________________
batch_normalization (BatchNo (None, 512)               2048      
_________________________________________________________________
dense_1 (Dense)              (None, 256)               131328    
_________________________________________________________________
dropout_1 (Dropout)          (None, 256)               0         
_________________________________________________________________
batch_normalization_1 (Batch (None, 256)               1024      
_________________________________________________________________
dense_2 (Dense)              (None, 2)                 514       
=================================================================
Total params: 24,748,802
Trainable params: 1,182,466
Non-trainable params: 23,566,336
_________________________________________________________________
Fitting ISIC2016+ISIC2017+ISIC2018+ISIC2019+MEDNODE+KaggleMB_aug_ResNet50V2_150h_150w_None model...
model_name: ISIC2016+ISIC2017+ISIC2018+ISIC2019+MEDNODE+KaggleMB_aug_ResNet50V2_150h_150w_None
Epoch: 1 loss: 0.5736 accuracy: 0.7355 val_loss: 0.3786 val_accuracy: 0.8386
Epoch: 2 loss: 0.4797 accuracy: 0.7741 val_loss: 0.3572 val_accuracy: 0.8472
Epoch: 3 loss: 0.4444 accuracy: 0.7920 val_loss: 0.3595 val_accuracy: 0.8454
Epoch: 4 loss: 0.4205 accuracy: 0.8023 val_loss: 0.3486 val_accuracy: 0.8496
Epoch: 5 loss: 0.4023 accuracy: 0.8141 val_loss: 0.3309 val_accuracy: 0.8557
Epoch: 6 loss: 0.3829 accuracy: 0.8230 val_loss: 0.3324 val_accuracy: 0.8587
Epoch: 7 loss: 0.3670 accuracy: 0.8329 val_loss: 0.3215 val_accuracy: 0.8654
Epoch: 8 loss: 0.3490 accuracy: 0.8427 val_loss: 0.3173 val_accuracy: 0.8708
Epoch: 9 loss: 0.3356 accuracy: 0.8474 val_loss: 0.3059 val_accuracy: 0.8743
Epoch: 10 loss: 0.3219 accuracy: 0.8554 val_loss: 0.2999 val_accuracy: 0.8776
Epoch: 11 loss: 0.3089 accuracy: 0.8614 val_loss: 0.3016 val_accuracy: 0.8792
Epoch: 12 loss: 0.2990 accuracy: 0.8671 val_loss: 0.3019 val_accuracy: 0.8833
Epoch: 13 loss: 0.2899 accuracy: 0.8710 val_loss: 0.3011 val_accuracy: 0.8812
Epoch: 14 loss: 0.2759 accuracy: 0.8793 val_loss: 0.2947 val_accuracy: 0.8836
Epoch: 15 loss: 0.2666 accuracy: 0.8819 val_loss: 0.2871 val_accuracy: 0.8935
Epoch: 16 loss: 0.2557 accuracy: 0.8874 val_loss: 0.2919 val_accuracy: 0.8904
Epoch: 17 loss: 0.2474 accuracy: 0.8917 val_loss: 0.2984 val_accuracy: 0.8961
Epoch: 18 loss: 0.2400 accuracy: 0.8945 val_loss: 0.2951 val_accuracy: 0.8927
Epoch: 19 loss: 0.2319 accuracy: 0.8991 val_loss: 0.2921 val_accuracy: 0.8994
Epoch: 20 loss: 0.2257 accuracy: 0.9020 val_loss: 0.2923 val_accuracy: 0.8981
Job ended!
