Fri 01 Mar 2024 10:46:27 PM EST
Python 3.9.7
nvcc: NVIDIA (R) Cuda compiler driver
Copyright (c) 2005-2019 NVIDIA Corporation
Built on Sun_Jul_28_19:07:16_PDT_2019
Cuda compilation tools, release 10.1, V10.1.243
My SLURM_ARRAY_TASK_ID: 
DB: ['ISIC2016', 'ISIC2019']
IMG_SIZE: [150, 150]
CLASSIFIER: ResNet50V2
SELF_AUG: 1
JOB_INDEX: None
Combining...
Combining 1 db out of 2 dbs
Combining 2 db out of 2 dbs
Stacking training images
Stacking training labels
Stacking validation images
Stacking validation labels
Model: "sequential"
_________________________________________________________________
Layer (type)                 Output Shape              Param #   
=================================================================
resnet50v2 (Functional)      (None, 2048)              23564800  
_________________________________________________________________
dense (Dense)                (None, 512)               1049088   
_________________________________________________________________
dropout (Dropout)            (None, 512)               0         
_________________________________________________________________
batch_normalization (BatchNo (None, 512)               2048      
_________________________________________________________________
dense_1 (Dense)              (None, 256)               131328    
_________________________________________________________________
dropout_1 (Dropout)          (None, 256)               0         
_________________________________________________________________
batch_normalization_1 (Batch (None, 256)               1024      
_________________________________________________________________
dense_2 (Dense)              (None, 2)                 514       
=================================================================
Total params: 24,748,802
Trainable params: 1,182,466
Non-trainable params: 23,566,336
_________________________________________________________________
Fitting ISIC2016+ISIC2019_aug_ResNet50V2_150h_150w_None model...
model_name: ISIC2016+ISIC2019_aug_ResNet50V2_150h_150w_None
Epoch: 1 loss: 0.6029 accuracy: 0.7236 val_loss: 0.3753 val_accuracy: 0.8462
Epoch: 2 loss: 0.5031 accuracy: 0.7647 val_loss: 0.3553 val_accuracy: 0.8567
Epoch: 3 loss: 0.4698 accuracy: 0.7803 val_loss: 0.3444 val_accuracy: 0.8632
Epoch: 4 loss: 0.4460 accuracy: 0.7917 val_loss: 0.3413 val_accuracy: 0.8634
Epoch: 5 loss: 0.4323 accuracy: 0.7986 val_loss: 0.3442 val_accuracy: 0.8632
Epoch: 6 loss: 0.4128 accuracy: 0.8093 val_loss: 0.3335 val_accuracy: 0.8696
Epoch: 7 loss: 0.3982 accuracy: 0.8154 val_loss: 0.3362 val_accuracy: 0.8658
Epoch: 8 loss: 0.3833 accuracy: 0.8257 val_loss: 0.3481 val_accuracy: 0.8647
Epoch: 9 loss: 0.3704 accuracy: 0.8308 val_loss: 0.3407 val_accuracy: 0.8685
Epoch: 10 loss: 0.3548 accuracy: 0.8384 val_loss: 0.3441 val_accuracy: 0.8656
Epoch: 11 loss: 0.3406 accuracy: 0.8481 val_loss: 0.3435 val_accuracy: 0.8645
Epoch: 12 loss: 0.3276 accuracy: 0.8537 val_loss: 0.3502 val_accuracy: 0.8603
Epoch: 13 loss: 0.3143 accuracy: 0.8590 val_loss: 0.3599 val_accuracy: 0.8559
Epoch: 14 loss: 0.3027 accuracy: 0.8666 val_loss: 0.3543 val_accuracy: 0.8685
Epoch: 15 loss: 0.2924 accuracy: 0.8719 val_loss: 0.3660 val_accuracy: 0.8613
Epoch: 16 loss: 0.2829 accuracy: 0.8772 val_loss: 0.3787 val_accuracy: 0.8563
Epoch: 17 loss: 0.2695 accuracy: 0.8836 val_loss: 0.3759 val_accuracy: 0.8590
Epoch: 18 loss: 0.2595 accuracy: 0.8882 val_loss: 0.3938 val_accuracy: 0.8613
Epoch: 19 loss: 0.2503 accuracy: 0.8917 val_loss: 0.3984 val_accuracy: 0.8447
Epoch: 20 loss: 0.2383 accuracy: 0.8978 val_loss: 0.4012 val_accuracy: 0.8538
Job ended!
