Wed 28 Feb 2024 09:20:46 AM EST
Python 3.9.7
nvcc: NVIDIA (R) Cuda compiler driver
Copyright (c) 2005-2019 NVIDIA Corporation
Built on Sun_Jul_28_19:07:16_PDT_2019
Cuda compilation tools, release 10.1, V10.1.243
My SLURM_ARRAY_TASK_ID: 
DB: ['ISIC2016', 'MEDNODE', 'KaggleMB']
IMG_SIZE: [150, 150]
CLASSIFIER: ResNet50V2
SELF_AUG: 1
JOB_INDEX: None
Combining...
Combining 1 db out of 3 dbs
Combining 2 db out of 3 dbs
Combining 3 db out of 3 dbs
Stacking training images
Stacking training labels
Stacking validation images
Stacking validation labels
Model: "sequential"
_________________________________________________________________
Layer (type)                 Output Shape              Param #   
=================================================================
resnet50v2 (Functional)      (None, 2048)              23564800  
_________________________________________________________________
dense (Dense)                (None, 512)               1049088   
_________________________________________________________________
dropout (Dropout)            (None, 512)               0         
_________________________________________________________________
batch_normalization (BatchNo (None, 512)               2048      
_________________________________________________________________
dense_1 (Dense)              (None, 256)               131328    
_________________________________________________________________
dropout_1 (Dropout)          (None, 256)               0         
_________________________________________________________________
batch_normalization_1 (Batch (None, 256)               1024      
_________________________________________________________________
dense_2 (Dense)              (None, 2)                 514       
=================================================================
Total params: 24,748,802
Trainable params: 1,182,466
Non-trainable params: 23,566,336
_________________________________________________________________
Fitting ISIC2016+MEDNODE+KaggleMB_aug_ResNet50V2_150h_150w_None model...
model_name: ISIC2016+MEDNODE+KaggleMB_aug_ResNet50V2_150h_150w_None
Epoch: 1 loss: 0.8026 accuracy: 0.6089 val_loss: 0.7804 val_accuracy: 0.3760
Epoch: 2 loss: 0.7149 accuracy: 0.6427 val_loss: 0.8251 val_accuracy: 0.3760
Epoch: 3 loss: 0.6859 accuracy: 0.6541 val_loss: 0.7630 val_accuracy: 0.4704
Epoch: 4 loss: 0.6711 accuracy: 0.6629 val_loss: 0.6426 val_accuracy: 0.6226
Epoch: 5 loss: 0.6726 accuracy: 0.6586 val_loss: 0.6750 val_accuracy: 0.6078
Epoch: 6 loss: 0.6582 accuracy: 0.6576 val_loss: 0.5621 val_accuracy: 0.6833
Epoch: 7 loss: 0.6425 accuracy: 0.6730 val_loss: 0.7782 val_accuracy: 0.5916
Epoch: 8 loss: 0.6268 accuracy: 0.6698 val_loss: 0.5979 val_accuracy: 0.6846
Epoch: 9 loss: 0.6345 accuracy: 0.6692 val_loss: 0.5813 val_accuracy: 0.6617
Epoch: 10 loss: 0.6123 accuracy: 0.6838 val_loss: 0.6245 val_accuracy: 0.6253
Epoch: 11 loss: 0.5897 accuracy: 0.6891 val_loss: 0.6088 val_accuracy: 0.6604
Epoch: 12 loss: 0.5868 accuracy: 0.6920 val_loss: 0.5437 val_accuracy: 0.7035
Epoch: 13 loss: 0.5972 accuracy: 0.6853 val_loss: 0.5457 val_accuracy: 0.7035
Epoch: 14 loss: 0.5807 accuracy: 0.6948 val_loss: 0.8554 val_accuracy: 0.4569
Epoch: 15 loss: 0.5700 accuracy: 0.7009 val_loss: 0.5535 val_accuracy: 0.6402
Epoch: 16 loss: 0.5625 accuracy: 0.7009 val_loss: 0.5532 val_accuracy: 0.6752
Epoch: 17 loss: 0.5554 accuracy: 0.7030 val_loss: 0.6097 val_accuracy: 0.6119
Epoch: 18 loss: 0.5511 accuracy: 0.6932 val_loss: 0.5416 val_accuracy: 0.6375
Epoch: 19 loss: 0.5383 accuracy: 0.7032 val_loss: 0.5277 val_accuracy: 0.7008
Epoch: 20 loss: 0.5422 accuracy: 0.7087 val_loss: 0.5404 val_accuracy: 0.6954
Job ended!
