Tue 27 Feb 2024 01:47:36 AM EST
Python 3.9.7
nvcc: NVIDIA (R) Cuda compiler driver
Copyright (c) 2005-2019 NVIDIA Corporation
Built on Sun_Jul_28_19:07:16_PDT_2019
Cuda compilation tools, release 10.1, V10.1.243
My SLURM_ARRAY_TASK_ID: 
DB: ['ISIC2016', '_7_point_criteria']
IMG_SIZE: [150, 150]
CLASSIFIER: DenseNet201
SELF_AUG: 1
JOB_INDEX: None
Combining...
Combining 1 db out of 2 dbs
Combining 2 db out of 2 dbs
Stacking training images
Stacking training labels
Stacking validation images
Stacking validation labels
Model: "sequential"
_________________________________________________________________
Layer (type)                 Output Shape              Param #   
=================================================================
densenet201 (Functional)     (None, 1920)              18321984  
_________________________________________________________________
dense (Dense)                (None, 512)               983552    
_________________________________________________________________
dropout (Dropout)            (None, 512)               0         
_________________________________________________________________
batch_normalization (BatchNo (None, 512)               2048      
_________________________________________________________________
dense_1 (Dense)              (None, 256)               131328    
_________________________________________________________________
dropout_1 (Dropout)          (None, 256)               0         
_________________________________________________________________
batch_normalization_1 (Batch (None, 256)               1024      
_________________________________________________________________
dense_2 (Dense)              (None, 2)                 514       
=================================================================
Total params: 19,440,450
Trainable params: 1,116,930
Non-trainable params: 18,323,520
_________________________________________________________________
Fitting ISIC2016+_7_point_criteria_aug_DenseNet201_150h_150w_None model...
model_name: ISIC2016+_7_point_criteria_aug_DenseNet201_150h_150w_None
Epoch: 1 loss: 0.9405 accuracy: 0.5297 val_loss: 0.7113 val_accuracy: 0.2533
Epoch: 2 loss: 0.8310 accuracy: 0.5739 val_loss: 0.7052 val_accuracy: 0.2768
Epoch: 3 loss: 0.8168 accuracy: 0.5857 val_loss: 0.7401 val_accuracy: 0.2533
Epoch: 4 loss: 0.7568 accuracy: 0.5974 val_loss: 0.7125 val_accuracy: 0.3107
Epoch: 5 loss: 0.7539 accuracy: 0.5997 val_loss: 0.7335 val_accuracy: 0.3055
Epoch: 6 loss: 0.7558 accuracy: 0.6036 val_loss: 0.7280 val_accuracy: 0.3211
Epoch: 7 loss: 0.7387 accuracy: 0.6249 val_loss: 0.7209 val_accuracy: 0.3812
Epoch: 8 loss: 0.7438 accuracy: 0.6159 val_loss: 0.6043 val_accuracy: 0.6997
Epoch: 9 loss: 0.7486 accuracy: 0.6181 val_loss: 0.6132 val_accuracy: 0.7050
Epoch: 10 loss: 0.7100 accuracy: 0.6204 val_loss: 0.6104 val_accuracy: 0.6945
Epoch: 11 loss: 0.7378 accuracy: 0.6120 val_loss: 0.5854 val_accuracy: 0.7520
Epoch: 12 loss: 0.7341 accuracy: 0.6187 val_loss: 0.6410 val_accuracy: 0.6580
Epoch: 13 loss: 0.7245 accuracy: 0.6237 val_loss: 0.8007 val_accuracy: 0.3969
Epoch: 14 loss: 0.7378 accuracy: 0.6293 val_loss: 0.7016 val_accuracy: 0.5196
Epoch: 15 loss: 0.6933 accuracy: 0.6333 val_loss: 0.5502 val_accuracy: 0.7572
Epoch: 16 loss: 0.7072 accuracy: 0.6344 val_loss: 0.5740 val_accuracy: 0.7572
Epoch: 17 loss: 0.6898 accuracy: 0.6490 val_loss: 0.6011 val_accuracy: 0.6710
Epoch: 18 loss: 0.6993 accuracy: 0.6506 val_loss: 0.5688 val_accuracy: 0.7546
Epoch: 19 loss: 0.6869 accuracy: 0.6501 val_loss: 0.6410 val_accuracy: 0.6371
Epoch: 20 loss: 0.6807 accuracy: 0.6338 val_loss: 0.5728 val_accuracy: 0.7232
Job ended!
