Thu 29 Feb 2024 02:30:27 PM EST
Python 3.9.7
nvcc: NVIDIA (R) Cuda compiler driver
Copyright (c) 2005-2019 NVIDIA Corporation
Built on Sun_Jul_28_19:07:16_PDT_2019
Cuda compilation tools, release 10.1, V10.1.243
My SLURM_ARRAY_TASK_ID: 
DB: ['ISIC2016', 'ISIC2017', 'ISIC2018', 'ISIC2019', 'ISIC2020']
IMG_SIZE: [150, 150]
CLASSIFIER: DenseNet201
SELF_AUG: 1
JOB_INDEX: None
Combining...
Combining 1 db out of 5 dbs
Combining 2 db out of 5 dbs
Combining 3 db out of 5 dbs
Combining 4 db out of 5 dbs
Combining 5 db out of 5 dbs
Stacking training images
Stacking training labels
Stacking validation images
Stacking validation labels
Model: "sequential"
_________________________________________________________________
Layer (type)                 Output Shape              Param #   
=================================================================
densenet201 (Functional)     (None, 1920)              18321984  
_________________________________________________________________
dense (Dense)                (None, 512)               983552    
_________________________________________________________________
dropout (Dropout)            (None, 512)               0         
_________________________________________________________________
batch_normalization (BatchNo (None, 512)               2048      
_________________________________________________________________
dense_1 (Dense)              (None, 256)               131328    
_________________________________________________________________
dropout_1 (Dropout)          (None, 256)               0         
_________________________________________________________________
batch_normalization_1 (Batch (None, 256)               1024      
_________________________________________________________________
dense_2 (Dense)              (None, 2)                 514       
=================================================================
Total params: 19,440,450
Trainable params: 1,116,930
Non-trainable params: 18,323,520
_________________________________________________________________
Fitting ISIC2016+ISIC2017+ISIC2018+ISIC2019+ISIC2020_aug_DenseNet201_150h_150w_None model...
model_name: ISIC2016+ISIC2017+ISIC2018+ISIC2019+ISIC2020_aug_DenseNet201_150h_150w_None
Epoch: 1 loss: 0.4663 accuracy: 0.7869 val_loss: 0.1990 val_accuracy: 0.9278
Epoch: 2 loss: 0.3755 accuracy: 0.8268 val_loss: 0.1902 val_accuracy: 0.9321
Epoch: 3 loss: 0.3518 accuracy: 0.8382 val_loss: 0.1842 val_accuracy: 0.9317
Epoch: 4 loss: 0.3368 accuracy: 0.8460 val_loss: 0.1795 val_accuracy: 0.9327
Epoch: 5 loss: 0.3236 accuracy: 0.8535 val_loss: 0.1754 val_accuracy: 0.9365
Epoch: 6 loss: 0.3138 accuracy: 0.8583 val_loss: 0.1738 val_accuracy: 0.9351
Epoch: 7 loss: 0.3029 accuracy: 0.8631 val_loss: 0.1701 val_accuracy: 0.9375
Epoch: 8 loss: 0.2959 accuracy: 0.8667 val_loss: 0.1683 val_accuracy: 0.9377
Epoch: 9 loss: 0.2876 accuracy: 0.8708 val_loss: 0.1663 val_accuracy: 0.9391
Epoch: 10 loss: 0.2790 accuracy: 0.8766 val_loss: 0.1696 val_accuracy: 0.9379
Epoch: 11 loss: 0.2725 accuracy: 0.8778 val_loss: 0.1629 val_accuracy: 0.9412
Epoch: 12 loss: 0.2646 accuracy: 0.8827 val_loss: 0.1653 val_accuracy: 0.9402
Epoch: 13 loss: 0.2591 accuracy: 0.8852 val_loss: 0.1646 val_accuracy: 0.9401
Epoch: 14 loss: 0.2570 accuracy: 0.8869 val_loss: 0.1630 val_accuracy: 0.9445
Epoch: 15 loss: 0.2483 accuracy: 0.8906 val_loss: 0.1620 val_accuracy: 0.9407
Epoch: 16 loss: 0.2424 accuracy: 0.8923 val_loss: 0.1679 val_accuracy: 0.9435
Epoch: 17 loss: 0.2397 accuracy: 0.8956 val_loss: 0.1627 val_accuracy: 0.9443
Epoch: 18 loss: 0.2289 accuracy: 0.9001 val_loss: 0.1643 val_accuracy: 0.9421
Epoch: 19 loss: 0.2255 accuracy: 0.9011 val_loss: 0.1660 val_accuracy: 0.9434
Epoch: 20 loss: 0.2221 accuracy: 0.9034 val_loss: 0.1694 val_accuracy: 0.9430
Job ended!
