DB: ['ISIC2017']
CLASSIFIER: ResNet18
JOB_INDEX: None
Start training ISIC2017_ResNet18
Combining...
Combining 1th db out of 1 dbs
Stacking data
Combining complete
Epoch 0/29
----------
Train Loss: 0.6845 Acc: 0.5710
Val Loss: 0.6057 Acc: 0.6600

Epoch 1/29
----------
Train Loss: 0.5891 Acc: 0.6755
Val Loss: 0.4504 Acc: 0.7800

Epoch 2/29
----------
Train Loss: 0.5660 Acc: 0.7120
Val Loss: 0.8649 Acc: 0.5400

Epoch 3/29
----------
Train Loss: 0.5735 Acc: 0.7040
Val Loss: 0.4723 Acc: 0.7467

Epoch 4/29
----------
Train Loss: 0.5274 Acc: 0.7235
Val Loss: 0.5006 Acc: 0.7533

Epoch 5/29
----------
Train Loss: 0.5474 Acc: 0.7095
Val Loss: 0.4623 Acc: 0.7733

Epoch 6/29
----------
Train Loss: 0.5216 Acc: 0.7350
Val Loss: 0.5031 Acc: 0.7333

Epoch 7/29
----------
Train Loss: 0.4980 Acc: 0.7335
Val Loss: 0.4479 Acc: 0.7733

Epoch 8/29
----------
Train Loss: 0.4757 Acc: 0.7660
Val Loss: 0.4473 Acc: 0.7800

Epoch 9/29
----------
Train Loss: 0.4691 Acc: 0.7595
Val Loss: 0.4491 Acc: 0.7600

Epoch 10/29
----------
Train Loss: 0.4848 Acc: 0.7495
Val Loss: 0.4573 Acc: 0.7667

Epoch 11/29
----------
Train Loss: 0.4849 Acc: 0.7515
Val Loss: 0.4533 Acc: 0.7667

Epoch 12/29
----------
Train Loss: 0.4548 Acc: 0.7745
Val Loss: 0.4518 Acc: 0.7733

Epoch 13/29
----------
Train Loss: 0.4774 Acc: 0.7445
Val Loss: 0.4297 Acc: 0.7800

Epoch 14/29
----------
Train Loss: 0.4749 Acc: 0.7670
Val Loss: 0.4358 Acc: 0.7667

Epoch 15/29
----------
Train Loss: 0.4735 Acc: 0.7640
Val Loss: 0.4453 Acc: 0.7533

Epoch 16/29
----------
Train Loss: 0.4775 Acc: 0.7450
Val Loss: 0.4367 Acc: 0.7667

Epoch 17/29
----------
Train Loss: 0.4668 Acc: 0.7575
Val Loss: 0.4398 Acc: 0.7733

Epoch 18/29
----------
Train Loss: 0.4607 Acc: 0.7700
Val Loss: 0.4382 Acc: 0.7600

Epoch 19/29
----------
Train Loss: 0.4813 Acc: 0.7570
Val Loss: 0.4522 Acc: 0.7533

Epoch 20/29
----------
Train Loss: 0.4756 Acc: 0.7515
Val Loss: 0.4558 Acc: 0.7533

Epoch 21/29
----------
Train Loss: 0.4795 Acc: 0.7525
Val Loss: 0.4355 Acc: 0.7600

Epoch 22/29
----------
Train Loss: 0.4672 Acc: 0.7645
Val Loss: 0.4369 Acc: 0.7533

Epoch 23/29
----------
Train Loss: 0.4632 Acc: 0.7630
Val Loss: 0.4175 Acc: 0.7933

Epoch 24/29
----------
Train Loss: 0.4577 Acc: 0.7745
Val Loss: 0.4421 Acc: 0.7600

Epoch 25/29
----------
Train Loss: 0.4848 Acc: 0.7445
Val Loss: 0.4541 Acc: 0.7533

Epoch 26/29
----------
Train Loss: 0.4688 Acc: 0.7560
Val Loss: 0.4635 Acc: 0.7600

Epoch 27/29
----------
Train Loss: 0.4812 Acc: 0.7470
Val Loss: 0.4427 Acc: 0.7533

Epoch 28/29
----------
Train Loss: 0.4647 Acc: 0.7660
Val Loss: 0.4514 Acc: 0.7667

Epoch 29/29
----------
Train Loss: 0.4834 Acc: 0.7500
Val Loss: 0.4421 Acc: 0.7533

Training complete in 70m 27s
Best val Acc: 0.793333
Finished training ISIC2017_ResNet18
