Sun 05 May 2024 09:01:54 AM EDT
Python 3.9.7
nvcc: NVIDIA (R) Cuda compiler driver
Copyright (c) 2005-2019 NVIDIA Corporation
Built on Sun_Jul_28_19:07:16_PDT_2019
Cuda compilation tools, release 10.1, V10.1.243
My SLURM_ARRAY_TASK_ID: 
DB: ['ISIC2016', 'MEDNODE']
IMG_SIZE: [384, 384]
CLASSIFIER: ResNet50
JOB_INDEX: None
Start training augmented images
Combining...
Combining 1th db out of 2 dbs
Combining 2th db out of 2 dbs
Stacking data
Combining complete
Model: "sequential"
_________________________________________________________________
Layer (type)                 Output Shape              Param #   
=================================================================
resnet50 (Functional)        (None, 2048)              23587712  
_________________________________________________________________
dense (Dense)                (None, 512)               1049088   
_________________________________________________________________
dropout (Dropout)            (None, 512)               0         
_________________________________________________________________
batch_normalization (BatchNo (None, 512)               2048      
_________________________________________________________________
dense_1 (Dense)              (None, 256)               131328    
_________________________________________________________________
batch_normalization_1 (Batch (None, 256)               1024      
_________________________________________________________________
dense_2 (Dense)              (None, 2)                 514       
=================================================================
Total params: 24,771,714
Trainable params: 1,182,466
Non-trainable params: 23,589,248
_________________________________________________________________
Fitting ISIC2016+MEDNODE_aug_ResNet50_384h_384w_None model...
model_name: ISIC2016+MEDNODE_aug_ResNet50_384h_384w_None
Epoch: 1 loss: 1.5428 accuracy: 0.5231 val_loss: 1.2335 val_accuracy: 0.3785
Epoch: 2 loss: 1.3797 accuracy: 0.5789 val_loss: 1.3703 val_accuracy: 0.2336
Epoch: 3 loss: 1.3307 accuracy: 0.5714 val_loss: 1.5988 val_accuracy: 0.2336
Epoch: 4 loss: 1.3016 accuracy: 0.5573 val_loss: 1.7540 val_accuracy: 0.2336
Epoch: 5 loss: 1.2642 accuracy: 0.5692 val_loss: 1.5295 val_accuracy: 0.2336
Epoch: 6 loss: 1.1321 accuracy: 0.5938 val_loss: 1.2030 val_accuracy: 0.2336
Epoch: 7 loss: 1.1101 accuracy: 0.5975 val_loss: 1.1323 val_accuracy: 0.2383
Epoch: 8 loss: 1.0901 accuracy: 0.5975 val_loss: 1.0595 val_accuracy: 0.2523
Epoch: 9 loss: 1.0489 accuracy: 0.6064 val_loss: 1.0517 val_accuracy: 0.2664
Epoch: 10 loss: 1.0221 accuracy: 0.6057 val_loss: 0.9215 val_accuracy: 0.7850
Epoch: 11 loss: 1.0212 accuracy: 0.5967 val_loss: 0.8580 val_accuracy: 0.7664
Epoch: 12 loss: 1.0348 accuracy: 0.5751 val_loss: 0.8612 val_accuracy: 0.7664
Epoch: 13 loss: 0.9979 accuracy: 0.5707 val_loss: 0.7970 val_accuracy: 0.7664
Epoch: 14 loss: 0.9653 accuracy: 0.6012 val_loss: 0.7874 val_accuracy: 0.7664
Epoch: 15 loss: 0.9628 accuracy: 0.5871 val_loss: 0.7670 val_accuracy: 0.7664
Epoch: 16 loss: 0.9830 accuracy: 0.5796 val_loss: 0.7721 val_accuracy: 0.7664
Epoch: 17 loss: 0.9788 accuracy: 0.5766 val_loss: 0.7618 val_accuracy: 0.7664
Epoch: 18 loss: 0.9555 accuracy: 0.5863 val_loss: 0.7581 val_accuracy: 0.7664
Epoch: 19 loss: 0.9360 accuracy: 0.5848 val_loss: 0.7485 val_accuracy: 0.7664
Epoch: 20 loss: 0.9319 accuracy: 0.5871 val_loss: 0.7697 val_accuracy: 0.7664
Epoch: 21 loss: 0.9171 accuracy: 0.5871 val_loss: 0.7300 val_accuracy: 0.7664
Epoch: 22 loss: 0.9313 accuracy: 0.5677 val_loss: 0.7452 val_accuracy: 0.7664
Epoch: 23 loss: 0.8999 accuracy: 0.6116 val_loss: 0.7241 val_accuracy: 0.7664
Epoch: 24 loss: 0.8630 accuracy: 0.6265 val_loss: 0.7479 val_accuracy: 0.7664
Epoch: 25 loss: 0.8972 accuracy: 0.6146 val_loss: 0.7831 val_accuracy: 0.7757
Epoch: 26 loss: 0.8847 accuracy: 0.6049 val_loss: 0.7387 val_accuracy: 0.7617
Epoch: 27 loss: 0.8992 accuracy: 0.5856 val_loss: 0.8111 val_accuracy: 0.7243
Epoch: 28 loss: 0.8570 accuracy: 0.6295 val_loss: 0.7329 val_accuracy: 0.7664

Epoch 00028: ReduceLROnPlateau reducing learning rate to 7.999999797903001e-05.
Epoch: 29 loss: 0.8565 accuracy: 0.6280 val_loss: 0.6924 val_accuracy: 0.7617
Epoch: 30 loss: 0.8600 accuracy: 0.6250 val_loss: 0.6904 val_accuracy: 0.7617
Epoch: 31 loss: 0.8594 accuracy: 0.6287 val_loss: 0.7767 val_accuracy: 0.7477
Epoch: 32 loss: 0.8787 accuracy: 0.6146 val_loss: 0.7651 val_accuracy: 0.7243
Epoch: 33 loss: 0.8761 accuracy: 0.6027 val_loss: 0.7096 val_accuracy: 0.7617
Epoch: 34 loss: 0.8669 accuracy: 0.6153 val_loss: 0.6836 val_accuracy: 0.7757
Epoch: 35 loss: 0.8572 accuracy: 0.6034 val_loss: 0.8885 val_accuracy: 0.5234
Epoch: 36 loss: 0.8160 accuracy: 0.6473 val_loss: 0.6865 val_accuracy: 0.7664
Epoch: 37 loss: 0.8079 accuracy: 0.6652 val_loss: 0.7332 val_accuracy: 0.7617
Epoch: 38 loss: 0.8388 accuracy: 0.6302 val_loss: 0.7925 val_accuracy: 0.7664
Epoch: 39 loss: 0.8240 accuracy: 0.6391 val_loss: 0.6898 val_accuracy: 0.7617

Epoch 00039: ReduceLROnPlateau reducing learning rate to 6.399999838322402e-05.
Epoch: 40 loss: 0.8022 accuracy: 0.6473 val_loss: 0.6742 val_accuracy: 0.7617
Epoch: 41 loss: 0.8133 accuracy: 0.6369 val_loss: 0.6982 val_accuracy: 0.7664
Epoch: 42 loss: 0.8189 accuracy: 0.6510 val_loss: 0.6745 val_accuracy: 0.7617
Epoch: 43 loss: 0.8143 accuracy: 0.6317 val_loss: 0.6729 val_accuracy: 0.7617
Epoch: 44 loss: 0.7973 accuracy: 0.6577 val_loss: 0.6823 val_accuracy: 0.7570
Epoch: 45 loss: 0.8118 accuracy: 0.6205 val_loss: 0.6874 val_accuracy: 0.7710
Epoch: 46 loss: 0.8293 accuracy: 0.6339 val_loss: 0.6850 val_accuracy: 0.7570
Epoch: 47 loss: 0.8098 accuracy: 0.6272 val_loss: 0.7206 val_accuracy: 0.7383
Epoch: 48 loss: 0.7760 accuracy: 0.6525 val_loss: 0.6825 val_accuracy: 0.7570

Epoch 00048: ReduceLROnPlateau reducing learning rate to 5.119999987073243e-05.
Epoch: 49 loss: 0.8025 accuracy: 0.6488 val_loss: 0.7216 val_accuracy: 0.7430
Epoch: 50 loss: 0.8125 accuracy: 0.6317 val_loss: 0.6908 val_accuracy: 0.7243
Epoch: 51 loss: 0.8105 accuracy: 0.6421 val_loss: 0.6913 val_accuracy: 0.7196
Epoch: 52 loss: 0.7932 accuracy: 0.6376 val_loss: 0.6655 val_accuracy: 0.7664
Epoch: 53 loss: 0.8119 accuracy: 0.6272 val_loss: 0.6816 val_accuracy: 0.7336
Epoch: 54 loss: 0.7660 accuracy: 0.6719 val_loss: 0.7309 val_accuracy: 0.7103
Epoch: 55 loss: 0.7747 accuracy: 0.6570 val_loss: 0.6667 val_accuracy: 0.7664
Epoch: 56 loss: 0.7857 accuracy: 0.6734 val_loss: 0.6773 val_accuracy: 0.7617
Epoch: 57 loss: 0.7822 accuracy: 0.6682 val_loss: 1.2634 val_accuracy: 0.2383

Epoch 00057: ReduceLROnPlateau reducing learning rate to 4.0960000478662555e-05.
Epoch: 58 loss: 0.7579 accuracy: 0.6771 val_loss: 0.7666 val_accuracy: 0.6542
Epoch: 59 loss: 0.8033 accuracy: 0.6488 val_loss: 0.6680 val_accuracy: 0.7617
Epoch: 60 loss: 0.7585 accuracy: 0.6615 val_loss: 0.6603 val_accuracy: 0.7617
Epoch: 61 loss: 0.7614 accuracy: 0.6771 val_loss: 0.6667 val_accuracy: 0.7617
Epoch: 62 loss: 0.7505 accuracy: 0.6771 val_loss: 0.6671 val_accuracy: 0.7617
Epoch: 63 loss: 0.8078 accuracy: 0.6406 val_loss: 0.6606 val_accuracy: 0.7617
Epoch: 64 loss: 0.7879 accuracy: 0.6562 val_loss: 0.7134 val_accuracy: 0.7617
Epoch: 65 loss: 0.7862 accuracy: 0.6637 val_loss: 0.6661 val_accuracy: 0.7617

Epoch 00065: ReduceLROnPlateau reducing learning rate to 3.2767999800853435e-05.
Epoch: 66 loss: 0.7622 accuracy: 0.6711 val_loss: 0.6629 val_accuracy: 0.7617
Epoch: 67 loss: 0.7573 accuracy: 0.6726 val_loss: 0.7321 val_accuracy: 0.7477
Epoch: 68 loss: 0.7873 accuracy: 0.6406 val_loss: 0.6749 val_accuracy: 0.7617
Epoch: 69 loss: 0.7599 accuracy: 0.6726 val_loss: 0.6846 val_accuracy: 0.7570
Epoch: 70 loss: 0.7593 accuracy: 0.6763 val_loss: 0.6631 val_accuracy: 0.7570

Epoch 00070: ReduceLROnPlateau reducing learning rate to 2.6214399258606137e-05.
End of augmented training
Finish
Job ended!
