Sun 05 May 2024 04:31:46 AM EDT
Python 3.9.7
nvcc: NVIDIA (R) Cuda compiler driver
Copyright (c) 2005-2019 NVIDIA Corporation
Built on Sun_Jul_28_19:07:16_PDT_2019
Cuda compilation tools, release 10.1, V10.1.243
My SLURM_ARRAY_TASK_ID: 
DB: ['ISIC2016', 'ISIC2017', 'ISIC2018', 'ISIC2019', 'ISIC2020', 'PAD_UFES_20', 'MEDNODE']
IMG_SIZE: [384, 384]
CLASSIFIER: ResNet50
JOB_INDEX: None
Start training augmented images
Combining...
Combining 1th db out of 7 dbs
Combining 2th db out of 7 dbs
Combining 3th db out of 7 dbs
Combining 4th db out of 7 dbs
Combining 5th db out of 7 dbs
Combining 6th db out of 7 dbs
Combining 7th db out of 7 dbs
Stacking data
Combining complete
Model: "sequential"
_________________________________________________________________
Layer (type)                 Output Shape              Param #   
=================================================================
resnet50 (Functional)        (None, 2048)              23587712  
_________________________________________________________________
dense (Dense)                (None, 512)               1049088   
_________________________________________________________________
dropout (Dropout)            (None, 512)               0         
_________________________________________________________________
batch_normalization (BatchNo (None, 512)               2048      
_________________________________________________________________
dense_1 (Dense)              (None, 256)               131328    
_________________________________________________________________
batch_normalization_1 (Batch (None, 256)               1024      
_________________________________________________________________
dense_2 (Dense)              (None, 2)                 514       
=================================================================
Total params: 24,771,714
Trainable params: 1,182,466
Non-trainable params: 23,589,248
_________________________________________________________________
Fitting ISIC2016+ISIC2017+ISIC2018+ISIC2019+ISIC2020+PAD_UFES_20+MEDNODE_aug_ResNet50_384h_384w_None model...
model_name: ISIC2016+ISIC2017+ISIC2018+ISIC2019+ISIC2020+PAD_UFES_20+MEDNODE_aug_ResNet50_384h_384w_None
Epoch: 1 loss: 0.8635 accuracy: 0.6803 val_loss: 0.6706 val_accuracy: 0.8888
Epoch: 2 loss: 0.6714 accuracy: 0.7410 val_loss: 0.4188 val_accuracy: 0.9099
Epoch: 3 loss: 0.6773 accuracy: 0.7268 val_loss: 1.8677 val_accuracy: 0.0904
Epoch: 4 loss: 0.5948 accuracy: 0.7454 val_loss: 1.2699 val_accuracy: 0.1311
Epoch: 5 loss: 0.5463 accuracy: 0.7623 val_loss: 0.3737 val_accuracy: 0.9071
Epoch: 6 loss: 0.5214 accuracy: 0.7681 val_loss: 1.4991 val_accuracy: 0.1235
Epoch: 7 loss: 0.5001 accuracy: 0.7748 val_loss: 0.6598 val_accuracy: 0.7131
Epoch: 8 loss: 0.4905 accuracy: 0.7756 val_loss: 1.6530 val_accuracy: 0.1024
Epoch: 9 loss: 0.4880 accuracy: 0.7764 val_loss: 0.4898 val_accuracy: 0.7847
Epoch: 10 loss: 0.4809 accuracy: 0.7808 val_loss: 1.8298 val_accuracy: 0.1182

Epoch 00010: ReduceLROnPlateau reducing learning rate to 7.999999797903001e-05.
Epoch: 11 loss: 0.4765 accuracy: 0.7803 val_loss: 1.7717 val_accuracy: 0.1135
Epoch: 12 loss: 0.4680 accuracy: 0.7841 val_loss: 0.8909 val_accuracy: 0.2212
Epoch: 13 loss: 0.4647 accuracy: 0.7879 val_loss: 1.7502 val_accuracy: 0.1150
Epoch: 14 loss: 0.4698 accuracy: 0.7864 val_loss: 0.8671 val_accuracy: 0.2954
Epoch: 15 loss: 0.4610 accuracy: 0.7893 val_loss: 2.0865 val_accuracy: 0.1072

Epoch 00015: ReduceLROnPlateau reducing learning rate to 6.399999838322402e-05.
End of augmented training
Finish
Job ended!
