Sun 05 May 2024 07:00:13 AM EDT
Python 3.9.7
nvcc: NVIDIA (R) Cuda compiler driver
Copyright (c) 2005-2019 NVIDIA Corporation
Built on Sun_Jul_28_19:07:16_PDT_2019
Cuda compilation tools, release 10.1, V10.1.243
My SLURM_ARRAY_TASK_ID: 
DB: ['ISIC2016', 'ISIC2017', 'ISIC2018', 'ISIC2019', 'MEDNODE', 'KaggleMB']
IMG_SIZE: [384, 384]
CLASSIFIER: ResNet50
JOB_INDEX: None
Start training augmented images
Combining...
Combining 1th db out of 6 dbs
Combining 2th db out of 6 dbs
Combining 3th db out of 6 dbs
Combining 4th db out of 6 dbs
Combining 5th db out of 6 dbs
Combining 6th db out of 6 dbs
Stacking data
Combining complete
Model: "sequential"
_________________________________________________________________
Layer (type)                 Output Shape              Param #   
=================================================================
resnet50 (Functional)        (None, 2048)              23587712  
_________________________________________________________________
dense (Dense)                (None, 512)               1049088   
_________________________________________________________________
dropout (Dropout)            (None, 512)               0         
_________________________________________________________________
batch_normalization (BatchNo (None, 512)               2048      
_________________________________________________________________
dense_1 (Dense)              (None, 256)               131328    
_________________________________________________________________
batch_normalization_1 (Batch (None, 256)               1024      
_________________________________________________________________
dense_2 (Dense)              (None, 2)                 514       
=================================================================
Total params: 24,771,714
Trainable params: 1,182,466
Non-trainable params: 23,589,248
_________________________________________________________________
Fitting ISIC2016+ISIC2017+ISIC2018+ISIC2019+MEDNODE+KaggleMB_aug_ResNet50_384h_384w_None model...
model_name: ISIC2016+ISIC2017+ISIC2018+ISIC2019+MEDNODE+KaggleMB_aug_ResNet50_384h_384w_None
Epoch: 1 loss: 0.9278 accuracy: 0.6451 val_loss: 1.3446 val_accuracy: 0.7997
Epoch: 2 loss: 0.7046 accuracy: 0.7287 val_loss: 2.7762 val_accuracy: 0.2004
Epoch: 3 loss: 0.6707 accuracy: 0.7309 val_loss: 5.0882 val_accuracy: 0.2003
Epoch: 4 loss: 0.6506 accuracy: 0.7318 val_loss: 0.7143 val_accuracy: 0.8002
Epoch: 5 loss: 0.6807 accuracy: 0.7057 val_loss: 0.8266 val_accuracy: 0.7994
Epoch: 6 loss: 0.6292 accuracy: 0.7322 val_loss: 0.6725 val_accuracy: 0.7997
Epoch: 7 loss: 0.6011 accuracy: 0.7368 val_loss: 0.5195 val_accuracy: 0.8009
Epoch: 8 loss: 0.5851 accuracy: 0.7366 val_loss: 2.0476 val_accuracy: 0.2003
Epoch: 9 loss: 0.6026 accuracy: 0.7141 val_loss: 0.5674 val_accuracy: 0.7994
Epoch: 10 loss: 0.5904 accuracy: 0.7180 val_loss: 1.8769 val_accuracy: 0.2003
Epoch: 11 loss: 0.5645 accuracy: 0.7369 val_loss: 1.4944 val_accuracy: 0.2003
Epoch: 12 loss: 0.5564 accuracy: 0.7354 val_loss: 0.5134 val_accuracy: 0.8007
Epoch: 13 loss: 0.5355 accuracy: 0.7518 val_loss: 0.6448 val_accuracy: 0.7994
Epoch: 14 loss: 0.5265 accuracy: 0.7546 val_loss: 0.5534 val_accuracy: 0.8033
Epoch: 15 loss: 0.5446 accuracy: 0.7359 val_loss: 0.4673 val_accuracy: 0.7989
Epoch: 16 loss: 0.5483 accuracy: 0.7299 val_loss: 0.5494 val_accuracy: 0.7999
Epoch: 17 loss: 0.5431 accuracy: 0.7365 val_loss: 0.5257 val_accuracy: 0.8058
Epoch: 18 loss: 0.5376 accuracy: 0.7384 val_loss: 0.5522 val_accuracy: 0.8049
Epoch: 19 loss: 0.5377 accuracy: 0.7358 val_loss: 0.5616 val_accuracy: 0.8012
Epoch: 20 loss: 0.5369 accuracy: 0.7354 val_loss: 1.4088 val_accuracy: 0.2142

Epoch 00020: ReduceLROnPlateau reducing learning rate to 7.999999797903001e-05.
Epoch: 21 loss: 0.5298 accuracy: 0.7417 val_loss: 0.5370 val_accuracy: 0.8043
Epoch: 22 loss: 0.5271 accuracy: 0.7442 val_loss: 0.4945 val_accuracy: 0.8046
Epoch: 23 loss: 0.5190 accuracy: 0.7487 val_loss: 0.5419 val_accuracy: 0.8040
Epoch: 24 loss: 0.5277 accuracy: 0.7426 val_loss: 0.5194 val_accuracy: 0.8036
Epoch: 25 loss: 0.5234 accuracy: 0.7459 val_loss: 0.4987 val_accuracy: 0.8058

Epoch 00025: ReduceLROnPlateau reducing learning rate to 6.399999838322402e-05.
End of augmented training
Finish
Job ended!
