Sun 05 May 2024 07:32:45 AM EDT
Python 3.9.7
nvcc: NVIDIA (R) Cuda compiler driver
Copyright (c) 2005-2019 NVIDIA Corporation
Built on Sun_Jul_28_19:07:16_PDT_2019
Cuda compilation tools, release 10.1, V10.1.243
My SLURM_ARRAY_TASK_ID: 
DB: ['ISIC2016', 'ISIC2017', 'ISIC2018', 'ISIC2020', 'PH2']
IMG_SIZE: [384, 384]
CLASSIFIER: ResNet50
JOB_INDEX: None
Start training augmented images
Combining...
Combining 1th db out of 5 dbs
Combining 2th db out of 5 dbs
Combining 3th db out of 5 dbs
Combining 4th db out of 5 dbs
Combining 5th db out of 5 dbs
Stacking data
Combining complete
Model: "sequential"
_________________________________________________________________
Layer (type)                 Output Shape              Param #   
=================================================================
resnet50 (Functional)        (None, 2048)              23587712  
_________________________________________________________________
dense (Dense)                (None, 512)               1049088   
_________________________________________________________________
dropout (Dropout)            (None, 512)               0         
_________________________________________________________________
batch_normalization (BatchNo (None, 512)               2048      
_________________________________________________________________
dense_1 (Dense)              (None, 256)               131328    
_________________________________________________________________
batch_normalization_1 (Batch (None, 256)               1024      
_________________________________________________________________
dense_2 (Dense)              (None, 2)                 514       
=================================================================
Total params: 24,771,714
Trainable params: 1,182,466
Non-trainable params: 23,589,248
_________________________________________________________________
Fitting ISIC2016+ISIC2017+ISIC2018+ISIC2020+PH2_aug_ResNet50_384h_384w_None model...
model_name: ISIC2016+ISIC2017+ISIC2018+ISIC2020+PH2_aug_ResNet50_384h_384w_None
Epoch: 1 loss: 0.8870 accuracy: 0.6784 val_loss: 0.3048 val_accuracy: 0.9713
Epoch: 2 loss: 0.6908 accuracy: 0.7679 val_loss: 0.3775 val_accuracy: 0.9659
Epoch: 3 loss: 0.6118 accuracy: 0.7923 val_loss: 0.3840 val_accuracy: 0.9645
Epoch: 4 loss: 0.6106 accuracy: 0.7873 val_loss: 0.4326 val_accuracy: 0.9694
Epoch: 5 loss: 0.6409 accuracy: 0.7699 val_loss: 0.2152 val_accuracy: 0.9715
Epoch: 6 loss: 0.6026 accuracy: 0.7762 val_loss: 0.1978 val_accuracy: 0.9715
Epoch: 7 loss: 0.5574 accuracy: 0.7847 val_loss: 0.2134 val_accuracy: 0.9710
Epoch: 8 loss: 0.5572 accuracy: 0.7788 val_loss: 0.4161 val_accuracy: 0.9368
Epoch: 9 loss: 0.4961 accuracy: 0.7956 val_loss: 0.9472 val_accuracy: 0.1308
Epoch: 10 loss: 0.4760 accuracy: 0.8010 val_loss: 0.6784 val_accuracy: 0.4595
Epoch: 11 loss: 0.4584 accuracy: 0.8078 val_loss: 0.3338 val_accuracy: 0.9715

Epoch 00011: ReduceLROnPlateau reducing learning rate to 7.999999797903001e-05.
Epoch: 12 loss: 0.4510 accuracy: 0.8107 val_loss: 0.1410 val_accuracy: 0.9634
Epoch: 13 loss: 0.4422 accuracy: 0.8117 val_loss: 0.6834 val_accuracy: 0.5646
Epoch: 14 loss: 0.4386 accuracy: 0.8140 val_loss: 0.9370 val_accuracy: 0.1648
Epoch: 15 loss: 0.4394 accuracy: 0.8113 val_loss: 0.3969 val_accuracy: 0.9715
Epoch: 16 loss: 0.4328 accuracy: 0.8153 val_loss: 1.4569 val_accuracy: 0.0904
Epoch: 17 loss: 0.4302 accuracy: 0.8160 val_loss: 1.6312 val_accuracy: 0.0818

Epoch 00017: ReduceLROnPlateau reducing learning rate to 6.399999838322402e-05.
Epoch: 18 loss: 0.4294 accuracy: 0.8169 val_loss: 0.3902 val_accuracy: 0.8577
Epoch: 19 loss: 0.4268 accuracy: 0.8174 val_loss: 1.3060 val_accuracy: 0.1267
Epoch: 20 loss: 0.4218 accuracy: 0.8212 val_loss: 0.9742 val_accuracy: 0.1513
Epoch: 21 loss: 0.4234 accuracy: 0.8200 val_loss: 0.2178 val_accuracy: 0.9513
Epoch: 22 loss: 0.4205 accuracy: 0.8207 val_loss: 0.3778 val_accuracy: 0.9088

Epoch 00022: ReduceLROnPlateau reducing learning rate to 5.119999987073243e-05.
End of augmented training
Finish
Job ended!
