Sun 05 May 2024 04:12:09 AM EDT
Python 3.9.7
nvcc: NVIDIA (R) Cuda compiler driver
Copyright (c) 2005-2019 NVIDIA Corporation
Built on Sun_Jul_28_19:07:16_PDT_2019
Cuda compilation tools, release 10.1, V10.1.243
My SLURM_ARRAY_TASK_ID: 
DB: ['ISIC2016', 'ISIC2017', 'ISIC2018', 'ISIC2019', 'ISIC2020', 'MEDNODE', 'KaggleMB']
IMG_SIZE: [384, 384]
CLASSIFIER: ResNet50
JOB_INDEX: None
Start training augmented images
Combining...
Combining 1th db out of 7 dbs
Combining 2th db out of 7 dbs
Combining 3th db out of 7 dbs
Combining 4th db out of 7 dbs
Combining 5th db out of 7 dbs
Combining 6th db out of 7 dbs
Combining 7th db out of 7 dbs
Stacking data
Combining complete
Model: "sequential"
_________________________________________________________________
Layer (type)                 Output Shape              Param #   
=================================================================
resnet50 (Functional)        (None, 2048)              23587712  
_________________________________________________________________
dense (Dense)                (None, 512)               1049088   
_________________________________________________________________
dropout (Dropout)            (None, 512)               0         
_________________________________________________________________
batch_normalization (BatchNo (None, 512)               2048      
_________________________________________________________________
dense_1 (Dense)              (None, 256)               131328    
_________________________________________________________________
batch_normalization_1 (Batch (None, 256)               1024      
_________________________________________________________________
dense_2 (Dense)              (None, 2)                 514       
=================================================================
Total params: 24,771,714
Trainable params: 1,182,466
Non-trainable params: 23,589,248
_________________________________________________________________
Fitting ISIC2016+ISIC2017+ISIC2018+ISIC2019+ISIC2020+MEDNODE+KaggleMB_aug_ResNet50_384h_384w_None model...
model_name: ISIC2016+ISIC2017+ISIC2018+ISIC2019+ISIC2020+MEDNODE+KaggleMB_aug_ResNet50_384h_384w_None
Epoch: 1 loss: 0.8490 accuracy: 0.6794 val_loss: 0.6245 val_accuracy: 0.8465
Epoch: 2 loss: 0.6743 accuracy: 0.7422 val_loss: 0.4147 val_accuracy: 0.8931
Epoch: 3 loss: 0.6124 accuracy: 0.7573 val_loss: 0.3968 val_accuracy: 0.8926
Epoch: 4 loss: 0.5792 accuracy: 0.7648 val_loss: 0.4165 val_accuracy: 0.8936
Epoch: 5 loss: 0.5533 accuracy: 0.7657 val_loss: 0.4174 val_accuracy: 0.8934
Epoch: 6 loss: 0.5229 accuracy: 0.7727 val_loss: 0.4893 val_accuracy: 0.8772
Epoch: 7 loss: 0.5523 accuracy: 0.7498 val_loss: 0.3831 val_accuracy: 0.8941
Epoch: 8 loss: 0.5339 accuracy: 0.7443 val_loss: 2.7307 val_accuracy: 0.1089
Epoch: 9 loss: 0.5106 accuracy: 0.7601 val_loss: 1.1355 val_accuracy: 0.1675
Epoch: 10 loss: 0.4915 accuracy: 0.7720 val_loss: 1.0318 val_accuracy: 0.1431
Epoch: 11 loss: 0.4769 accuracy: 0.7808 val_loss: 0.4980 val_accuracy: 0.7793
Epoch: 12 loss: 0.4887 accuracy: 0.7732 val_loss: 1.3870 val_accuracy: 0.1164

Epoch 00012: ReduceLROnPlateau reducing learning rate to 7.999999797903001e-05.
Epoch: 13 loss: 0.4814 accuracy: 0.7771 val_loss: 1.5902 val_accuracy: 0.1337
Epoch: 14 loss: 0.4806 accuracy: 0.7764 val_loss: 1.7701 val_accuracy: 0.1154
Epoch: 15 loss: 0.4747 accuracy: 0.7802 val_loss: 1.2378 val_accuracy: 0.1739
Epoch: 16 loss: 0.4734 accuracy: 0.7806 val_loss: 0.8040 val_accuracy: 0.4604
Epoch: 17 loss: 0.4697 accuracy: 0.7816 val_loss: 2.3874 val_accuracy: 0.1086

Epoch 00017: ReduceLROnPlateau reducing learning rate to 6.399999838322402e-05.
End of augmented training
Finish
Job ended!
