Sun 05 May 2024 02:39:35 AM EDT
Python 3.9.7
nvcc: NVIDIA (R) Cuda compiler driver
Copyright (c) 2005-2019 NVIDIA Corporation
Built on Sun_Jul_28_19:07:16_PDT_2019
Cuda compilation tools, release 10.1, V10.1.243
My SLURM_ARRAY_TASK_ID: 
DB: ['ISIC2016', 'ISIC2017', 'ISIC2018', '_7_point_criteria', 'PAD_UFES_20']
IMG_SIZE: [384, 384]
CLASSIFIER: ResNet50
JOB_INDEX: None
Start training augmented images
Combining...
Combining 1th db out of 5 dbs
Combining 2th db out of 5 dbs
Combining 3th db out of 5 dbs
Combining 4th db out of 5 dbs
Combining 5th db out of 5 dbs
Stacking data
Combining complete
Model: "sequential"
_________________________________________________________________
Layer (type)                 Output Shape              Param #   
=================================================================
resnet50 (Functional)        (None, 2048)              23587712  
_________________________________________________________________
dense (Dense)                (None, 512)               1049088   
_________________________________________________________________
dropout (Dropout)            (None, 512)               0         
_________________________________________________________________
batch_normalization (BatchNo (None, 512)               2048      
_________________________________________________________________
dense_1 (Dense)              (None, 256)               131328    
_________________________________________________________________
batch_normalization_1 (Batch (None, 256)               1024      
_________________________________________________________________
dense_2 (Dense)              (None, 2)                 514       
=================================================================
Total params: 24,771,714
Trainable params: 1,182,466
Non-trainable params: 23,589,248
_________________________________________________________________
Fitting ISIC2016+ISIC2017+ISIC2018+_7_point_criteria+PAD_UFES_20_aug_ResNet50_384h_384w_None model...
model_name: ISIC2016+ISIC2017+ISIC2018+_7_point_criteria+PAD_UFES_20_aug_ResNet50_384h_384w_None
Epoch: 1 loss: 1.1199 accuracy: 0.5881 val_loss: 0.6173 val_accuracy: 0.8693
Epoch: 2 loss: 0.8459 accuracy: 0.6497 val_loss: 0.5534 val_accuracy: 0.8685
Epoch: 3 loss: 0.7911 accuracy: 0.6808 val_loss: 0.7055 val_accuracy: 0.8693
Epoch: 4 loss: 0.7466 accuracy: 0.7088 val_loss: 0.8793 val_accuracy: 0.8693
Epoch: 5 loss: 0.7259 accuracy: 0.7137 val_loss: 0.7706 val_accuracy: 0.8693
Epoch: 6 loss: 0.7060 accuracy: 0.7231 val_loss: 0.5685 val_accuracy: 0.8693
Epoch: 7 loss: 0.7183 accuracy: 0.7146 val_loss: 0.5090 val_accuracy: 0.8693
Epoch: 8 loss: 0.7141 accuracy: 0.7123 val_loss: 1.0321 val_accuracy: 0.1307
Epoch: 9 loss: 0.7020 accuracy: 0.7156 val_loss: 1.7372 val_accuracy: 0.1307
Epoch: 10 loss: 0.6997 accuracy: 0.7111 val_loss: 0.4805 val_accuracy: 0.8693
Epoch: 11 loss: 0.6835 accuracy: 0.7212 val_loss: 3.5939 val_accuracy: 0.1307
Epoch: 12 loss: 0.7121 accuracy: 0.6962 val_loss: 0.4885 val_accuracy: 0.8693
Epoch: 13 loss: 0.6748 accuracy: 0.7187 val_loss: 0.5547 val_accuracy: 0.8693
Epoch: 14 loss: 0.6609 accuracy: 0.7201 val_loss: 0.5934 val_accuracy: 0.8693
Epoch: 15 loss: 0.6451 accuracy: 0.7233 val_loss: 0.6263 val_accuracy: 0.8693

Epoch 00015: ReduceLROnPlateau reducing learning rate to 7.999999797903001e-05.
Epoch: 16 loss: 0.6495 accuracy: 0.7211 val_loss: 0.4463 val_accuracy: 0.8693
Epoch: 17 loss: 0.6103 accuracy: 0.7334 val_loss: 0.4503 val_accuracy: 0.8693
Epoch: 18 loss: 0.6000 accuracy: 0.7335 val_loss: 0.8078 val_accuracy: 0.5034
Epoch: 19 loss: 0.5903 accuracy: 0.7387 val_loss: 0.4475 val_accuracy: 0.8617
Epoch: 20 loss: 0.5845 accuracy: 0.7418 val_loss: 0.4503 val_accuracy: 0.8676
Epoch: 21 loss: 0.5863 accuracy: 0.7397 val_loss: 0.4519 val_accuracy: 0.8693

Epoch 00021: ReduceLROnPlateau reducing learning rate to 6.399999838322402e-05.
Epoch: 22 loss: 0.6164 accuracy: 0.7178 val_loss: 0.5350 val_accuracy: 0.8651
Epoch: 23 loss: 0.5781 accuracy: 0.7340 val_loss: 0.6067 val_accuracy: 0.7395
Epoch: 24 loss: 0.5772 accuracy: 0.7353 val_loss: 0.6681 val_accuracy: 0.6450
Epoch: 25 loss: 0.5714 accuracy: 0.7395 val_loss: 0.4317 val_accuracy: 0.8693
Epoch: 26 loss: 0.5637 accuracy: 0.7456 val_loss: 0.4157 val_accuracy: 0.8702
Epoch: 27 loss: 0.5696 accuracy: 0.7356 val_loss: 0.4280 val_accuracy: 0.8702
Epoch: 28 loss: 0.5546 accuracy: 0.7479 val_loss: 0.4178 val_accuracy: 0.8693
Epoch: 29 loss: 0.5513 accuracy: 0.7471 val_loss: 0.7455 val_accuracy: 0.5143
Epoch: 30 loss: 0.5546 accuracy: 0.7434 val_loss: 6.0641 val_accuracy: 0.1307
Epoch: 31 loss: 0.5553 accuracy: 0.7432 val_loss: 0.4022 val_accuracy: 0.8693
Epoch: 32 loss: 0.5425 accuracy: 0.7529 val_loss: 0.4520 val_accuracy: 0.8693
Epoch: 33 loss: 0.5428 accuracy: 0.7539 val_loss: 0.4021 val_accuracy: 0.8693
Epoch: 34 loss: 0.5421 accuracy: 0.7529 val_loss: 0.4021 val_accuracy: 0.8702
Epoch: 35 loss: 0.5968 accuracy: 0.7208 val_loss: 0.4142 val_accuracy: 0.8693
Epoch: 36 loss: 0.6067 accuracy: 0.7149 val_loss: 0.4583 val_accuracy: 0.8693

Epoch 00036: ReduceLROnPlateau reducing learning rate to 5.119999987073243e-05.
Epoch: 37 loss: 0.5880 accuracy: 0.7267 val_loss: 0.4220 val_accuracy: 0.8693
Epoch: 38 loss: 0.6014 accuracy: 0.7192 val_loss: 1.6910 val_accuracy: 0.1341
Epoch: 39 loss: 0.6078 accuracy: 0.7131 val_loss: 0.4226 val_accuracy: 0.8693
Epoch: 40 loss: 0.6007 accuracy: 0.7192 val_loss: 0.4538 val_accuracy: 0.8693
Epoch: 41 loss: 0.6027 accuracy: 0.7165 val_loss: 0.4555 val_accuracy: 0.8693

Epoch 00041: ReduceLROnPlateau reducing learning rate to 4.0960000478662555e-05.
Epoch: 42 loss: 0.5973 accuracy: 0.7218 val_loss: 0.4534 val_accuracy: 0.8693
Epoch: 43 loss: 0.5948 accuracy: 0.7238 val_loss: 0.4840 val_accuracy: 0.8693
End of augmented training
Finish
Job ended!
