Sun 05 May 2024 08:41:59 AM EDT
Python 3.9.7
nvcc: NVIDIA (R) Cuda compiler driver
Copyright (c) 2005-2019 NVIDIA Corporation
Built on Sun_Jul_28_19:07:16_PDT_2019
Cuda compilation tools, release 10.1, V10.1.243
My SLURM_ARRAY_TASK_ID: 
DB: ['ISIC2016', 'ISIC2020', 'PH2', '_7_point_criteria']
IMG_SIZE: [384, 384]
CLASSIFIER: ResNet50
JOB_INDEX: None
Start training augmented images
Combining...
Combining 1th db out of 4 dbs
Combining 2th db out of 4 dbs
Combining 3th db out of 4 dbs
Combining 4th db out of 4 dbs
Stacking data
Combining complete
Model: "sequential"
_________________________________________________________________
Layer (type)                 Output Shape              Param #   
=================================================================
resnet50 (Functional)        (None, 2048)              23587712  
_________________________________________________________________
dense (Dense)                (None, 512)               1049088   
_________________________________________________________________
dropout (Dropout)            (None, 512)               0         
_________________________________________________________________
batch_normalization (BatchNo (None, 512)               2048      
_________________________________________________________________
dense_1 (Dense)              (None, 256)               131328    
_________________________________________________________________
batch_normalization_1 (Batch (None, 256)               1024      
_________________________________________________________________
dense_2 (Dense)              (None, 2)                 514       
=================================================================
Total params: 24,771,714
Trainable params: 1,182,466
Non-trainable params: 23,589,248
_________________________________________________________________
Fitting ISIC2016+ISIC2020+PH2+_7_point_criteria_aug_ResNet50_384h_384w_None model...
model_name: ISIC2016+ISIC2020+PH2+_7_point_criteria_aug_ResNet50_384h_384w_None
Epoch: 1 loss: 0.9365 accuracy: 0.6642 val_loss: 0.3085 val_accuracy: 0.9695
Epoch: 2 loss: 0.6942 accuracy: 0.7759 val_loss: 0.2801 val_accuracy: 0.9695
Epoch: 3 loss: 0.6442 accuracy: 0.7972 val_loss: 0.2594 val_accuracy: 0.9695
Epoch: 4 loss: 0.6277 accuracy: 0.7951 val_loss: 0.2530 val_accuracy: 0.9695
Epoch: 5 loss: 0.5749 accuracy: 0.7985 val_loss: 0.5828 val_accuracy: 0.9692
Epoch: 6 loss: 0.5222 accuracy: 0.8133 val_loss: 0.6579 val_accuracy: 0.6954
Epoch: 7 loss: 0.5007 accuracy: 0.8200 val_loss: 0.3517 val_accuracy: 0.9391
Epoch: 8 loss: 0.4742 accuracy: 0.8271 val_loss: 1.0595 val_accuracy: 0.2230
Epoch: 9 loss: 0.4499 accuracy: 0.8333 val_loss: 0.2694 val_accuracy: 0.9305

Epoch 00009: ReduceLROnPlateau reducing learning rate to 7.999999797903001e-05.
Epoch: 10 loss: 0.4320 accuracy: 0.8383 val_loss: 0.8041 val_accuracy: 0.5246
Epoch: 11 loss: 0.4243 accuracy: 0.8410 val_loss: 0.6649 val_accuracy: 0.5850
Epoch: 12 loss: 0.4049 accuracy: 0.8446 val_loss: 1.4273 val_accuracy: 0.1514
Epoch: 13 loss: 0.3941 accuracy: 0.8441 val_loss: 0.1749 val_accuracy: 0.9695
Epoch: 14 loss: 0.3846 accuracy: 0.8466 val_loss: 0.7934 val_accuracy: 0.5129
Epoch: 15 loss: 0.3834 accuracy: 0.8432 val_loss: 0.8436 val_accuracy: 0.4758
Epoch: 16 loss: 0.3687 accuracy: 0.8497 val_loss: 1.1258 val_accuracy: 0.3033
Epoch: 17 loss: 0.3718 accuracy: 0.8436 val_loss: 0.3217 val_accuracy: 0.8769
Epoch: 18 loss: 0.3680 accuracy: 0.8458 val_loss: 2.3599 val_accuracy: 0.0719

Epoch 00018: ReduceLROnPlateau reducing learning rate to 6.399999838322402e-05.
Epoch: 19 loss: 0.3559 accuracy: 0.8535 val_loss: 1.1004 val_accuracy: 0.3316
Epoch: 20 loss: 0.3542 accuracy: 0.8504 val_loss: 0.2113 val_accuracy: 0.9516
Epoch: 21 loss: 0.3562 accuracy: 0.8475 val_loss: 0.2341 val_accuracy: 0.9695
Epoch: 22 loss: 0.3623 accuracy: 0.8520 val_loss: 0.7810 val_accuracy: 0.5135
Epoch: 23 loss: 0.3758 accuracy: 0.8498 val_loss: 0.6029 val_accuracy: 0.7068

Epoch 00023: ReduceLROnPlateau reducing learning rate to 5.119999987073243e-05.
End of augmented training
Finish
Job ended!
