Mon 26 Feb 2024 12:45:50 AM EST
Python 3.9.7
nvcc: NVIDIA (R) Cuda compiler driver
Copyright (c) 2005-2019 NVIDIA Corporation
Built on Sun_Jul_28_19:07:16_PDT_2019
Cuda compilation tools, release 10.1, V10.1.243
My SLURM_ARRAY_TASK_ID:  1
DB: ['HAM10000']
IMG_SIZE: [150, 150]
CLASSIFIER: EfficientNetB0
JOB_INDEX: 1
Combining...
Combining 1 db out of 1 dbs
Stacking training images
Stacking training labels
Stacking validation images
Stacking validation labels
Combining...
Combining 1 db out of 1 dbs
Stacking training images
Stacking training labels
Stacking validation images
Stacking validation labels
Model: "sequential"
_________________________________________________________________
Layer (type)                 Output Shape              Param #   
=================================================================
efficientnetb0 (Functional)  (None, 1280)              4049571   
_________________________________________________________________
dense (Dense)                (None, 512)               655872    
_________________________________________________________________
dropout (Dropout)            (None, 512)               0         
_________________________________________________________________
batch_normalization (BatchNo (None, 512)               2048      
_________________________________________________________________
dense_1 (Dense)              (None, 256)               131328    
_________________________________________________________________
dropout_1 (Dropout)          (None, 256)               0         
_________________________________________________________________
batch_normalization_1 (Batch (None, 256)               1024      
_________________________________________________________________
dense_2 (Dense)              (None, 2)                 514       
=================================================================
Total params: 4,840,357
Trainable params: 789,250
Non-trainable params: 4,051,107
_________________________________________________________________
Fitting HAM10000_noaug_EfficientNetB0_150h_150w_1 model...
Epoch: 1 loss: 0.5836 accuracy: 0.7838 val_loss: 0.4090 val_accuracy: 0.9694
Epoch: 2 loss: 0.4276 accuracy: 0.8711 val_loss: 0.2448 val_accuracy: 0.9694
Epoch: 3 loss: 0.3879 accuracy: 0.8711 val_loss: 0.2133 val_accuracy: 0.9694
Epoch: 4 loss: 0.3846 accuracy: 0.8712 val_loss: 0.1890 val_accuracy: 0.9694
Epoch: 5 loss: 0.3842 accuracy: 0.8716 val_loss: 0.1928 val_accuracy: 0.9694
Epoch: 6 loss: 0.3853 accuracy: 0.8708 val_loss: 0.1958 val_accuracy: 0.9694
Epoch: 7 loss: 0.3846 accuracy: 0.8711 val_loss: 0.1991 val_accuracy: 0.9694
Epoch: 8 loss: 0.3844 accuracy: 0.8711 val_loss: 0.1959 val_accuracy: 0.9694
Epoch: 9 loss: 0.3864 accuracy: 0.8707 val_loss: 0.2028 val_accuracy: 0.9694
Epoch: 10 loss: 0.3853 accuracy: 0.8708 val_loss: 0.1831 val_accuracy: 0.9694
Epoch: 11 loss: 0.3845 accuracy: 0.8712 val_loss: 0.1935 val_accuracy: 0.9694
Epoch: 12 loss: 0.3846 accuracy: 0.8711 val_loss: 0.2041 val_accuracy: 0.9694
Epoch: 13 loss: 0.3847 accuracy: 0.8711 val_loss: 0.1951 val_accuracy: 0.9694
Epoch: 14 loss: 0.3845 accuracy: 0.8711 val_loss: 0.1946 val_accuracy: 0.9694
Epoch: 15 loss: 0.3841 accuracy: 0.8713 val_loss: 0.1965 val_accuracy: 0.9694
Epoch: 16 loss: 0.3846 accuracy: 0.8711 val_loss: 0.1969 val_accuracy: 0.9694
Epoch: 17 loss: 0.3843 accuracy: 0.8712 val_loss: 0.1989 val_accuracy: 0.9694
Epoch: 18 loss: 0.3843 accuracy: 0.8712 val_loss: 0.1851 val_accuracy: 0.9694
Epoch: 19 loss: 0.3838 accuracy: 0.8715 val_loss: 0.1934 val_accuracy: 0.9694
Epoch: 20 loss: 0.3839 accuracy: 0.8713 val_loss: 0.1989 val_accuracy: 0.9694
Fitting HAM10000_aug_EfficientNetB0_150h_150w_1 model...
Epoch: 1 loss: 0.6169 accuracy: 0.7079 val_loss: 0.4035 val_accuracy: 0.9694
Epoch: 2 loss: 0.6058 accuracy: 0.7075 val_loss: 0.3533 val_accuracy: 0.9694
Epoch: 3 loss: 0.6047 accuracy: 0.7074 val_loss: 0.3568 val_accuracy: 0.9694
Epoch: 4 loss: 0.6050 accuracy: 0.7070 val_loss: 0.3657 val_accuracy: 0.9694
Epoch: 5 loss: 0.6052 accuracy: 0.7071 val_loss: 0.4006 val_accuracy: 0.9694
Epoch: 6 loss: 0.6048 accuracy: 0.7075 val_loss: 0.3669 val_accuracy: 0.9694
Epoch: 7 loss: 0.6049 accuracy: 0.7072 val_loss: 0.3592 val_accuracy: 0.9694
Epoch: 8 loss: 0.6044 accuracy: 0.7076 val_loss: 0.3852 val_accuracy: 0.9694
Epoch: 9 loss: 0.6045 accuracy: 0.7075 val_loss: 0.3732 val_accuracy: 0.9694
Epoch: 10 loss: 0.6046 accuracy: 0.7074 val_loss: 0.3765 val_accuracy: 0.9694
Epoch: 11 loss: 0.6044 accuracy: 0.7077 val_loss: 0.3752 val_accuracy: 0.9694
Epoch: 12 loss: 0.6040 accuracy: 0.7080 val_loss: 0.3684 val_accuracy: 0.9694
Epoch: 13 loss: 0.6045 accuracy: 0.7076 val_loss: 0.3751 val_accuracy: 0.9694
Epoch: 14 loss: 0.6046 accuracy: 0.7074 val_loss: 0.3705 val_accuracy: 0.9694
Epoch: 15 loss: 0.6043 accuracy: 0.7077 val_loss: 0.3610 val_accuracy: 0.9694
Epoch: 16 loss: 0.6047 accuracy: 0.7074 val_loss: 0.3740 val_accuracy: 0.9694
Epoch: 17 loss: 0.6047 accuracy: 0.7074 val_loss: 0.3763 val_accuracy: 0.9694
Epoch: 18 loss: 0.6045 accuracy: 0.7075 val_loss: 0.3753 val_accuracy: 0.9694
Epoch: 19 loss: 0.6045 accuracy: 0.7074 val_loss: 0.3873 val_accuracy: 0.9694
Epoch: 20 loss: 0.6046 accuracy: 0.7074 val_loss: 0.3816 val_accuracy: 0.9694
Job ended!
