Fri 01 Mar 2024 02:12:18 AM EST
Python 3.9.7
nvcc: NVIDIA (R) Cuda compiler driver
Copyright (c) 2005-2019 NVIDIA Corporation
Built on Sun_Jul_28_19:07:16_PDT_2019
Cuda compilation tools, release 10.1, V10.1.243
My SLURM_ARRAY_TASK_ID: 
DB: ['ISIC2016', 'ISIC2020', 'PH2']
IMG_SIZE: [150, 150]
CLASSIFIER: EfficientNetB0
SELF_AUG: 1
JOB_INDEX: None
Combining...
Combining 1 db out of 3 dbs
Combining 2 db out of 3 dbs
Combining 3 db out of 3 dbs
Stacking training images
Stacking training labels
Stacking validation images
Stacking validation labels
Model: "sequential"
_________________________________________________________________
Layer (type)                 Output Shape              Param #   
=================================================================
efficientnetb0 (Functional)  (None, 1280)              4049571   
_________________________________________________________________
dense (Dense)                (None, 512)               655872    
_________________________________________________________________
dropout (Dropout)            (None, 512)               0         
_________________________________________________________________
batch_normalization (BatchNo (None, 512)               2048      
_________________________________________________________________
dense_1 (Dense)              (None, 256)               131328    
_________________________________________________________________
dropout_1 (Dropout)          (None, 256)               0         
_________________________________________________________________
batch_normalization_1 (Batch (None, 256)               1024      
_________________________________________________________________
dense_2 (Dense)              (None, 2)                 514       
=================================================================
Total params: 4,840,357
Trainable params: 789,250
Non-trainable params: 4,051,107
_________________________________________________________________
Fitting ISIC2016+ISIC2020+PH2_aug_EfficientNetB0_150h_150w_None model...
model_name: ISIC2016+ISIC2020+PH2_aug_EfficientNetB0_150h_150w_None
Epoch: 1 loss: 0.4579 accuracy: 0.8030 val_loss: 0.0980 val_accuracy: 0.9769
Epoch: 2 loss: 0.3120 accuracy: 0.8582 val_loss: 0.0828 val_accuracy: 0.9787
Epoch: 3 loss: 0.2862 accuracy: 0.8678 val_loss: 0.0792 val_accuracy: 0.9799
Epoch: 4 loss: 0.2744 accuracy: 0.8725 val_loss: 0.0857 val_accuracy: 0.9793
Epoch: 5 loss: 0.2632 accuracy: 0.8763 val_loss: 0.0854 val_accuracy: 0.9771
Epoch: 6 loss: 0.2563 accuracy: 0.8830 val_loss: 0.0811 val_accuracy: 0.9802
Epoch: 7 loss: 0.2530 accuracy: 0.8819 val_loss: 0.0809 val_accuracy: 0.9790
Epoch: 8 loss: 0.2485 accuracy: 0.8866 val_loss: 0.0861 val_accuracy: 0.9756
Epoch: 9 loss: 0.2442 accuracy: 0.8885 val_loss: 0.0820 val_accuracy: 0.9783
Epoch: 10 loss: 0.2424 accuracy: 0.8877 val_loss: 0.0822 val_accuracy: 0.9788
Epoch: 11 loss: 0.2373 accuracy: 0.8910 val_loss: 0.0835 val_accuracy: 0.9769
Epoch: 12 loss: 0.2339 accuracy: 0.8929 val_loss: 0.0828 val_accuracy: 0.9794
Epoch: 13 loss: 0.2299 accuracy: 0.8948 val_loss: 0.0865 val_accuracy: 0.9772
Epoch: 14 loss: 0.2290 accuracy: 0.8947 val_loss: 0.0861 val_accuracy: 0.9787
Epoch: 15 loss: 0.2240 accuracy: 0.8961 val_loss: 0.0862 val_accuracy: 0.9775
Epoch: 16 loss: 0.2212 accuracy: 0.8984 val_loss: 0.0873 val_accuracy: 0.9780
Epoch: 17 loss: 0.2205 accuracy: 0.9005 val_loss: 0.0888 val_accuracy: 0.9768
Epoch: 18 loss: 0.2201 accuracy: 0.8994 val_loss: 0.0898 val_accuracy: 0.9766
Epoch: 19 loss: 0.2163 accuracy: 0.9014 val_loss: 0.0924 val_accuracy: 0.9765
Epoch: 20 loss: 0.2142 accuracy: 0.9031 val_loss: 0.0890 val_accuracy: 0.9763
Job ended!
