Fri 01 Mar 2024 02:21:30 AM EST
Python 3.9.7
nvcc: NVIDIA (R) Cuda compiler driver
Copyright (c) 2005-2019 NVIDIA Corporation
Built on Sun_Jul_28_19:07:16_PDT_2019
Cuda compilation tools, release 10.1, V10.1.243
My SLURM_ARRAY_TASK_ID: 
DB: ['ISIC2016', 'PH2', '_7_point_criteria', 'PAD_UFES_20']
IMG_SIZE: [150, 150]
CLASSIFIER: EfficientNetB0
SELF_AUG: 1
JOB_INDEX: None
Combining...
Combining 1 db out of 4 dbs
Combining 2 db out of 4 dbs
Combining 3 db out of 4 dbs
Combining 4 db out of 4 dbs
Stacking training images
Stacking training labels
Stacking validation images
Stacking validation labels
Model: "sequential"
_________________________________________________________________
Layer (type)                 Output Shape              Param #   
=================================================================
efficientnetb0 (Functional)  (None, 1280)              4049571   
_________________________________________________________________
dense (Dense)                (None, 512)               655872    
_________________________________________________________________
dropout (Dropout)            (None, 512)               0         
_________________________________________________________________
batch_normalization (BatchNo (None, 512)               2048      
_________________________________________________________________
dense_1 (Dense)              (None, 256)               131328    
_________________________________________________________________
dropout_1 (Dropout)          (None, 256)               0         
_________________________________________________________________
batch_normalization_1 (Batch (None, 256)               1024      
_________________________________________________________________
dense_2 (Dense)              (None, 2)                 514       
=================================================================
Total params: 4,840,357
Trainable params: 789,250
Non-trainable params: 4,051,107
_________________________________________________________________
Fitting ISIC2016+PH2+_7_point_criteria+PAD_UFES_20_aug_EfficientNetB0_150h_150w_None model...
model_name: ISIC2016+PH2+_7_point_criteria+PAD_UFES_20_aug_EfficientNetB0_150h_150w_None
Epoch: 1 loss: 0.7203 accuracy: 0.6780 val_loss: 0.5290 val_accuracy: 0.7616
Epoch: 2 loss: 0.5703 accuracy: 0.7474 val_loss: 0.4224 val_accuracy: 0.8327
Epoch: 3 loss: 0.4739 accuracy: 0.7894 val_loss: 0.3578 val_accuracy: 0.8577
Epoch: 4 loss: 0.4223 accuracy: 0.8180 val_loss: 0.3465 val_accuracy: 0.8529
Epoch: 5 loss: 0.3822 accuracy: 0.8344 val_loss: 0.3136 val_accuracy: 0.8766
Epoch: 6 loss: 0.3603 accuracy: 0.8430 val_loss: 0.3169 val_accuracy: 0.8778
Epoch: 7 loss: 0.3364 accuracy: 0.8592 val_loss: 0.3095 val_accuracy: 0.8743
Epoch: 8 loss: 0.3092 accuracy: 0.8613 val_loss: 0.3225 val_accuracy: 0.8743
Epoch: 9 loss: 0.2924 accuracy: 0.8739 val_loss: 0.3112 val_accuracy: 0.8790
Epoch: 10 loss: 0.2777 accuracy: 0.8814 val_loss: 0.3013 val_accuracy: 0.8861
Epoch: 11 loss: 0.2579 accuracy: 0.8871 val_loss: 0.3057 val_accuracy: 0.8814
Epoch: 12 loss: 0.2624 accuracy: 0.8873 val_loss: 0.3161 val_accuracy: 0.8802
Epoch: 13 loss: 0.2512 accuracy: 0.8940 val_loss: 0.3116 val_accuracy: 0.8790
Epoch: 14 loss: 0.2309 accuracy: 0.9016 val_loss: 0.3152 val_accuracy: 0.8766
Epoch: 15 loss: 0.2326 accuracy: 0.9023 val_loss: 0.3257 val_accuracy: 0.8802
Epoch: 16 loss: 0.2282 accuracy: 0.9078 val_loss: 0.3267 val_accuracy: 0.8802
Epoch: 17 loss: 0.2205 accuracy: 0.9083 val_loss: 0.3360 val_accuracy: 0.8826
Epoch: 18 loss: 0.1940 accuracy: 0.9206 val_loss: 0.3299 val_accuracy: 0.8743
Epoch: 19 loss: 0.2168 accuracy: 0.9089 val_loss: 0.3343 val_accuracy: 0.8826
Epoch: 20 loss: 0.1855 accuracy: 0.9221 val_loss: 0.3366 val_accuracy: 0.8707
Job ended!
