Fri 01 Mar 2024 02:10:17 AM EST
Python 3.9.7
nvcc: NVIDIA (R) Cuda compiler driver
Copyright (c) 2005-2019 NVIDIA Corporation
Built on Sun_Jul_28_19:07:16_PDT_2019
Cuda compilation tools, release 10.1, V10.1.243
My SLURM_ARRAY_TASK_ID: 
DB: ['ISIC2016', 'ISIC2019']
IMG_SIZE: [150, 150]
CLASSIFIER: EfficientNetB0
SELF_AUG: 1
JOB_INDEX: None
Combining...
Combining 1 db out of 2 dbs
Combining 2 db out of 2 dbs
Stacking training images
Stacking training labels
Stacking validation images
Stacking validation labels
Model: "sequential"
_________________________________________________________________
Layer (type)                 Output Shape              Param #   
=================================================================
efficientnetb0 (Functional)  (None, 1280)              4049571   
_________________________________________________________________
dense (Dense)                (None, 512)               655872    
_________________________________________________________________
dropout (Dropout)            (None, 512)               0         
_________________________________________________________________
batch_normalization (BatchNo (None, 512)               2048      
_________________________________________________________________
dense_1 (Dense)              (None, 256)               131328    
_________________________________________________________________
dropout_1 (Dropout)          (None, 256)               0         
_________________________________________________________________
batch_normalization_1 (Batch (None, 256)               1024      
_________________________________________________________________
dense_2 (Dense)              (None, 2)                 514       
=================================================================
Total params: 4,840,357
Trainable params: 789,250
Non-trainable params: 4,051,107
_________________________________________________________________
Fitting ISIC2016+ISIC2019_aug_EfficientNetB0_150h_150w_None model...
model_name: ISIC2016+ISIC2019_aug_EfficientNetB0_150h_150w_None
Epoch: 1 loss: 0.6033 accuracy: 0.7266 val_loss: 0.3505 val_accuracy: 0.8573
Epoch: 2 loss: 0.5080 accuracy: 0.7649 val_loss: 0.3477 val_accuracy: 0.8595
Epoch: 3 loss: 0.4808 accuracy: 0.7749 val_loss: 0.3346 val_accuracy: 0.8675
Epoch: 4 loss: 0.4602 accuracy: 0.7847 val_loss: 0.3246 val_accuracy: 0.8714
Epoch: 5 loss: 0.4455 accuracy: 0.7927 val_loss: 0.3270 val_accuracy: 0.8694
Epoch: 6 loss: 0.4340 accuracy: 0.7980 val_loss: 0.3207 val_accuracy: 0.8702
Epoch: 7 loss: 0.4265 accuracy: 0.8021 val_loss: 0.3224 val_accuracy: 0.8710
Epoch: 8 loss: 0.4161 accuracy: 0.8072 val_loss: 0.3154 val_accuracy: 0.8729
Epoch: 9 loss: 0.4053 accuracy: 0.8132 val_loss: 0.3219 val_accuracy: 0.8693
Epoch: 10 loss: 0.3989 accuracy: 0.8156 val_loss: 0.3162 val_accuracy: 0.8752
Epoch: 11 loss: 0.3936 accuracy: 0.8182 val_loss: 0.3139 val_accuracy: 0.8769
Epoch: 12 loss: 0.3854 accuracy: 0.8209 val_loss: 0.3147 val_accuracy: 0.8696
Epoch: 13 loss: 0.3777 accuracy: 0.8281 val_loss: 0.3078 val_accuracy: 0.8757
Epoch: 14 loss: 0.3762 accuracy: 0.8274 val_loss: 0.3143 val_accuracy: 0.8765
Epoch: 15 loss: 0.3690 accuracy: 0.8298 val_loss: 0.3186 val_accuracy: 0.8736
Epoch: 16 loss: 0.3619 accuracy: 0.8340 val_loss: 0.3151 val_accuracy: 0.8754
Epoch: 17 loss: 0.3584 accuracy: 0.8349 val_loss: 0.3112 val_accuracy: 0.8757
Epoch: 18 loss: 0.3553 accuracy: 0.8389 val_loss: 0.3107 val_accuracy: 0.8794
Epoch: 19 loss: 0.3475 accuracy: 0.8409 val_loss: 0.3137 val_accuracy: 0.8759
Epoch: 20 loss: 0.3469 accuracy: 0.8426 val_loss: 0.3146 val_accuracy: 0.8750
Job ended!
