Fri 01 Mar 2024 01:27:00 AM EST
Python 3.9.7
nvcc: NVIDIA (R) Cuda compiler driver
Copyright (c) 2005-2019 NVIDIA Corporation
Built on Sun_Jul_28_19:07:16_PDT_2019
Cuda compilation tools, release 10.1, V10.1.243
My SLURM_ARRAY_TASK_ID: 
DB: ['ISIC2016', 'ISIC2017', 'ISIC2018', 'ISIC2019', 'ISIC2020']
IMG_SIZE: [150, 150]
CLASSIFIER: EfficientNetB0
SELF_AUG: 1
JOB_INDEX: None
Combining...
Combining 1 db out of 5 dbs
Combining 2 db out of 5 dbs
Combining 3 db out of 5 dbs
Combining 4 db out of 5 dbs
Combining 5 db out of 5 dbs
Stacking training images
Stacking training labels
Stacking validation images
Stacking validation labels
Model: "sequential"
_________________________________________________________________
Layer (type)                 Output Shape              Param #   
=================================================================
efficientnetb0 (Functional)  (None, 1280)              4049571   
_________________________________________________________________
dense (Dense)                (None, 512)               655872    
_________________________________________________________________
dropout (Dropout)            (None, 512)               0         
_________________________________________________________________
batch_normalization (BatchNo (None, 512)               2048      
_________________________________________________________________
dense_1 (Dense)              (None, 256)               131328    
_________________________________________________________________
dropout_1 (Dropout)          (None, 256)               0         
_________________________________________________________________
batch_normalization_1 (Batch (None, 256)               1024      
_________________________________________________________________
dense_2 (Dense)              (None, 2)                 514       
=================================================================
Total params: 4,840,357
Trainable params: 789,250
Non-trainable params: 4,051,107
_________________________________________________________________
Fitting ISIC2016+ISIC2017+ISIC2018+ISIC2019+ISIC2020_aug_EfficientNetB0_150h_150w_None model...
model_name: ISIC2016+ISIC2017+ISIC2018+ISIC2019+ISIC2020_aug_EfficientNetB0_150h_150w_None
Epoch: 1 loss: 0.4664 accuracy: 0.7840 val_loss: 0.1997 val_accuracy: 0.9244
Epoch: 2 loss: 0.3848 accuracy: 0.8194 val_loss: 0.1954 val_accuracy: 0.9266
Epoch: 3 loss: 0.3647 accuracy: 0.8298 val_loss: 0.1868 val_accuracy: 0.9313
Epoch: 4 loss: 0.3523 accuracy: 0.8359 val_loss: 0.1855 val_accuracy: 0.9325
Epoch: 5 loss: 0.3442 accuracy: 0.8415 val_loss: 0.1825 val_accuracy: 0.9336
Epoch: 6 loss: 0.3373 accuracy: 0.8444 val_loss: 0.1802 val_accuracy: 0.9341
Epoch: 7 loss: 0.3312 accuracy: 0.8474 val_loss: 0.1737 val_accuracy: 0.9350
Epoch: 8 loss: 0.3256 accuracy: 0.8505 val_loss: 0.1726 val_accuracy: 0.9375
Epoch: 9 loss: 0.3212 accuracy: 0.8526 val_loss: 0.1747 val_accuracy: 0.9348
Epoch: 10 loss: 0.3162 accuracy: 0.8553 val_loss: 0.1682 val_accuracy: 0.9380
Epoch: 11 loss: 0.3121 accuracy: 0.8575 val_loss: 0.1725 val_accuracy: 0.9367
Epoch: 12 loss: 0.3072 accuracy: 0.8593 val_loss: 0.1679 val_accuracy: 0.9384
Epoch: 13 loss: 0.3031 accuracy: 0.8608 val_loss: 0.1671 val_accuracy: 0.9394
Epoch: 14 loss: 0.3006 accuracy: 0.8628 val_loss: 0.1650 val_accuracy: 0.9398
Epoch: 15 loss: 0.2968 accuracy: 0.8638 val_loss: 0.1678 val_accuracy: 0.9404
Epoch: 16 loss: 0.2942 accuracy: 0.8646 val_loss: 0.1619 val_accuracy: 0.9412
Epoch: 17 loss: 0.2911 accuracy: 0.8664 val_loss: 0.1670 val_accuracy: 0.9407
Epoch: 18 loss: 0.2893 accuracy: 0.8676 val_loss: 0.1611 val_accuracy: 0.9411
Epoch: 19 loss: 0.2835 accuracy: 0.8706 val_loss: 0.1619 val_accuracy: 0.9439
Epoch: 20 loss: 0.2838 accuracy: 0.8703 val_loss: 0.1663 val_accuracy: 0.9414
Job ended!
