Fri 01 Mar 2024 05:19:12 PM EST
Python 3.9.7
nvcc: NVIDIA (R) Cuda compiler driver
Copyright (c) 2005-2019 NVIDIA Corporation
Built on Sun_Jul_28_19:07:16_PDT_2019
Cuda compilation tools, release 10.1, V10.1.243
My SLURM_ARRAY_TASK_ID: 
DB: ['ISIC2016', '_7_point_criteria']
IMG_SIZE: [150, 150]
CLASSIFIER: MobileNet
SELF_AUG: 1
JOB_INDEX: None
Combining...
Combining 1 db out of 2 dbs
Combining 2 db out of 2 dbs
Stacking training images
Stacking training labels
Stacking validation images
Stacking validation labels
Model: "sequential"
_________________________________________________________________
Layer (type)                 Output Shape              Param #   
=================================================================
mobilenet_1.00_224 (Function (None, 1024)              3228864   
_________________________________________________________________
dense (Dense)                (None, 512)               524800    
_________________________________________________________________
dropout (Dropout)            (None, 512)               0         
_________________________________________________________________
batch_normalization (BatchNo (None, 512)               2048      
_________________________________________________________________
dense_1 (Dense)              (None, 256)               131328    
_________________________________________________________________
dropout_1 (Dropout)          (None, 256)               0         
_________________________________________________________________
batch_normalization_1 (Batch (None, 256)               1024      
_________________________________________________________________
dense_2 (Dense)              (None, 2)                 514       
=================================================================
Total params: 3,888,578
Trainable params: 658,178
Non-trainable params: 3,230,400
_________________________________________________________________
Fitting ISIC2016+_7_point_criteria_aug_MobileNet_150h_150w_None model...
model_name: ISIC2016+_7_point_criteria_aug_MobileNet_150h_150w_None
Epoch: 1 loss: 0.8227 accuracy: 0.6349 val_loss: 0.5542 val_accuracy: 0.7363
Epoch: 2 loss: 0.6182 accuracy: 0.7200 val_loss: 0.5433 val_accuracy: 0.7520
Epoch: 3 loss: 0.5168 accuracy: 0.7620 val_loss: 0.5320 val_accuracy: 0.7624
Epoch: 4 loss: 0.4710 accuracy: 0.7889 val_loss: 0.5522 val_accuracy: 0.7467
Epoch: 5 loss: 0.4437 accuracy: 0.8007 val_loss: 0.5636 val_accuracy: 0.7546
Epoch: 6 loss: 0.3809 accuracy: 0.8247 val_loss: 0.5793 val_accuracy: 0.7546
Epoch: 7 loss: 0.3623 accuracy: 0.8427 val_loss: 0.5878 val_accuracy: 0.7389
Epoch: 8 loss: 0.3445 accuracy: 0.8516 val_loss: 0.6009 val_accuracy: 0.7389
Epoch: 9 loss: 0.3094 accuracy: 0.8690 val_loss: 0.6054 val_accuracy: 0.7546
Epoch: 10 loss: 0.2802 accuracy: 0.8835 val_loss: 0.6260 val_accuracy: 0.7441
Epoch: 11 loss: 0.2554 accuracy: 0.8914 val_loss: 0.6324 val_accuracy: 0.7441
Epoch: 12 loss: 0.2438 accuracy: 0.9048 val_loss: 0.6387 val_accuracy: 0.7598
Epoch: 13 loss: 0.2077 accuracy: 0.9250 val_loss: 0.6487 val_accuracy: 0.7572
Epoch: 14 loss: 0.2056 accuracy: 0.9227 val_loss: 0.6731 val_accuracy: 0.7520
Epoch: 15 loss: 0.1833 accuracy: 0.9302 val_loss: 0.6825 val_accuracy: 0.7702
Epoch: 16 loss: 0.1568 accuracy: 0.9434 val_loss: 0.6887 val_accuracy: 0.7598
Epoch: 17 loss: 0.1526 accuracy: 0.9440 val_loss: 0.7195 val_accuracy: 0.7598
Epoch: 18 loss: 0.1489 accuracy: 0.9490 val_loss: 0.6922 val_accuracy: 0.7546
Epoch: 19 loss: 0.1397 accuracy: 0.9434 val_loss: 0.7423 val_accuracy: 0.7755
Epoch: 20 loss: 0.1313 accuracy: 0.9502 val_loss: 0.7282 val_accuracy: 0.7467
Job ended!
