Fri 01 Mar 2024 05:51:00 PM EST
Python 3.9.7
nvcc: NVIDIA (R) Cuda compiler driver
Copyright (c) 2005-2019 NVIDIA Corporation
Built on Sun_Jul_28_19:07:16_PDT_2019
Cuda compilation tools, release 10.1, V10.1.243
My SLURM_ARRAY_TASK_ID: 
DB: ['ISIC2017']
IMG_SIZE: [150, 150]
CLASSIFIER: MobileNet
SELF_AUG: 1
JOB_INDEX: None
Combining...
Combining 1 db out of 1 dbs
Stacking training images
Stacking training labels
Stacking validation images
Stacking validation labels
Model: "sequential"
_________________________________________________________________
Layer (type)                 Output Shape              Param #   
=================================================================
mobilenet_1.00_224 (Function (None, 1024)              3228864   
_________________________________________________________________
dense (Dense)                (None, 512)               524800    
_________________________________________________________________
dropout (Dropout)            (None, 512)               0         
_________________________________________________________________
batch_normalization (BatchNo (None, 512)               2048      
_________________________________________________________________
dense_1 (Dense)              (None, 256)               131328    
_________________________________________________________________
dropout_1 (Dropout)          (None, 256)               0         
_________________________________________________________________
batch_normalization_1 (Batch (None, 256)               1024      
_________________________________________________________________
dense_2 (Dense)              (None, 2)                 514       
=================================================================
Total params: 3,888,578
Trainable params: 658,178
Non-trainable params: 3,230,400
_________________________________________________________________
Fitting ISIC2017_aug_MobileNet_150h_150w_None model...
model_name: ISIC2017_aug_MobileNet_150h_150w_None
Epoch: 1 loss: 0.7788 accuracy: 0.6593 val_loss: 0.4928 val_accuracy: 0.7867
Epoch: 2 loss: 0.6381 accuracy: 0.7098 val_loss: 0.4854 val_accuracy: 0.7800
Epoch: 3 loss: 0.5733 accuracy: 0.7321 val_loss: 0.4607 val_accuracy: 0.7867
Epoch: 4 loss: 0.5018 accuracy: 0.7732 val_loss: 0.4838 val_accuracy: 0.7800
Epoch: 5 loss: 0.4486 accuracy: 0.7876 val_loss: 0.5063 val_accuracy: 0.7733
Epoch: 6 loss: 0.4127 accuracy: 0.8136 val_loss: 0.5216 val_accuracy: 0.7733
Epoch: 7 loss: 0.3951 accuracy: 0.8250 val_loss: 0.4925 val_accuracy: 0.7867
Epoch: 8 loss: 0.3546 accuracy: 0.8460 val_loss: 0.5080 val_accuracy: 0.7733
Epoch: 9 loss: 0.3544 accuracy: 0.8424 val_loss: 0.5209 val_accuracy: 0.8133
Epoch: 10 loss: 0.3132 accuracy: 0.8637 val_loss: 0.5217 val_accuracy: 0.8067
Epoch: 11 loss: 0.3097 accuracy: 0.8544 val_loss: 0.5537 val_accuracy: 0.7800
Epoch: 12 loss: 0.2794 accuracy: 0.8764 val_loss: 0.5333 val_accuracy: 0.8133
Epoch: 13 loss: 0.2609 accuracy: 0.8935 val_loss: 0.5776 val_accuracy: 0.8000
Epoch: 14 loss: 0.2337 accuracy: 0.9061 val_loss: 0.5591 val_accuracy: 0.7933
Epoch: 15 loss: 0.2221 accuracy: 0.9098 val_loss: 0.5660 val_accuracy: 0.8333
Epoch: 16 loss: 0.2127 accuracy: 0.9202 val_loss: 0.5478 val_accuracy: 0.7800
Epoch: 17 loss: 0.1828 accuracy: 0.9305 val_loss: 0.5621 val_accuracy: 0.7667
Epoch: 18 loss: 0.1698 accuracy: 0.9355 val_loss: 0.6505 val_accuracy: 0.8067
Epoch: 19 loss: 0.1724 accuracy: 0.9329 val_loss: 0.5710 val_accuracy: 0.7667
Epoch: 20 loss: 0.1453 accuracy: 0.9479 val_loss: 0.6270 val_accuracy: 0.7733
Job ended!
