Tue 27 Feb 2024 10:34:05 PM EST
Python 3.9.7
nvcc: NVIDIA (R) Cuda compiler driver
Copyright (c) 2005-2019 NVIDIA Corporation
Built on Sun_Jul_28_19:07:16_PDT_2019
Cuda compilation tools, release 10.1, V10.1.243
My SLURM_ARRAY_TASK_ID: 
DB: ['ISIC2016', 'ISIC2017', 'ISIC2018', 'MEDNODE', 'KaggleMB']
IMG_SIZE: [150, 150]
CLASSIFIER: MobileNet
SELF_AUG: 1
JOB_INDEX: None
Combining...
Combining 1 db out of 5 dbs
Combining 2 db out of 5 dbs
Combining 3 db out of 5 dbs
Combining 4 db out of 5 dbs
Combining 5 db out of 5 dbs
Stacking training images
Stacking training labels
Stacking validation images
Stacking validation labels
Model: "sequential"
_________________________________________________________________
Layer (type)                 Output Shape              Param #   
=================================================================
mobilenet_1.00_150 (Function (None, 1024)              3228864   
_________________________________________________________________
dense (Dense)                (None, 512)               524800    
_________________________________________________________________
dropout (Dropout)            (None, 512)               0         
_________________________________________________________________
batch_normalization (BatchNo (None, 512)               2048      
_________________________________________________________________
dense_1 (Dense)              (None, 256)               131328    
_________________________________________________________________
dropout_1 (Dropout)          (None, 256)               0         
_________________________________________________________________
batch_normalization_1 (Batch (None, 256)               1024      
_________________________________________________________________
dense_2 (Dense)              (None, 2)                 514       
=================================================================
Total params: 3,888,578
Trainable params: 658,178
Non-trainable params: 3,230,400
_________________________________________________________________
Fitting ISIC2016+ISIC2017+ISIC2018+MEDNODE+KaggleMB_aug_MobileNet_150h_150w_None model...
model_name: ISIC2016+ISIC2017+ISIC2018+MEDNODE+KaggleMB_aug_MobileNet_150h_150w_None
Epoch: 1 loss: 0.6546 accuracy: 0.6402 val_loss: 0.6185 val_accuracy: 0.6959
Epoch: 2 loss: 0.6454 accuracy: 0.6543 val_loss: 0.6190 val_accuracy: 0.6959
Epoch: 3 loss: 0.6451 accuracy: 0.6542 val_loss: 0.6188 val_accuracy: 0.6959
Epoch: 4 loss: 0.6448 accuracy: 0.6545 val_loss: 0.6191 val_accuracy: 0.6959
Epoch: 5 loss: 0.6449 accuracy: 0.6545 val_loss: 0.6191 val_accuracy: 0.6959
Epoch: 6 loss: 0.6447 accuracy: 0.6546 val_loss: 0.6173 val_accuracy: 0.6959
Epoch: 7 loss: 0.6449 accuracy: 0.6544 val_loss: 0.6186 val_accuracy: 0.6959
Epoch: 8 loss: 0.6448 accuracy: 0.6544 val_loss: 0.6200 val_accuracy: 0.6959
Epoch: 9 loss: 0.6445 accuracy: 0.6547 val_loss: 0.6184 val_accuracy: 0.6959
Epoch: 10 loss: 0.6455 accuracy: 0.6543 val_loss: 0.6146 val_accuracy: 0.6959
Epoch: 11 loss: 0.6450 accuracy: 0.6543 val_loss: 0.6174 val_accuracy: 0.6959
Epoch: 12 loss: 0.6448 accuracy: 0.6544 val_loss: 0.6176 val_accuracy: 0.6959
Epoch: 13 loss: 0.6447 accuracy: 0.6545 val_loss: 0.6186 val_accuracy: 0.6959
Epoch: 14 loss: 0.6447 accuracy: 0.6545 val_loss: 0.6175 val_accuracy: 0.6959
Epoch: 15 loss: 0.6447 accuracy: 0.6545 val_loss: 0.6177 val_accuracy: 0.6959
Epoch: 16 loss: 0.6449 accuracy: 0.6544 val_loss: 0.6187 val_accuracy: 0.6959
Epoch: 17 loss: 0.6447 accuracy: 0.6545 val_loss: 0.6169 val_accuracy: 0.6959
Epoch: 18 loss: 0.6448 accuracy: 0.6545 val_loss: 0.6185 val_accuracy: 0.6959
Epoch: 19 loss: 0.6448 accuracy: 0.6544 val_loss: 0.6187 val_accuracy: 0.6959
Epoch: 20 loss: 0.6446 accuracy: 0.6544 val_loss: 0.6169 val_accuracy: 0.6959
Job ended!
