Tue 27 Feb 2024 10:08:44 PM EST
Python 3.9.7
nvcc: NVIDIA (R) Cuda compiler driver
Copyright (c) 2005-2019 NVIDIA Corporation
Built on Sun_Jul_28_19:07:16_PDT_2019
Cuda compilation tools, release 10.1, V10.1.243
My SLURM_ARRAY_TASK_ID: 
DB: ['ISIC2016', 'ISIC2017']
IMG_SIZE: [150, 150]
CLASSIFIER: MobileNet
SELF_AUG: 1
JOB_INDEX: None
Combining...
Combining 1 db out of 2 dbs
Combining 2 db out of 2 dbs
Stacking training images
Stacking training labels
Stacking validation images
Stacking validation labels
Model: "sequential"
_________________________________________________________________
Layer (type)                 Output Shape              Param #   
=================================================================
mobilenet_1.00_150 (Function (None, 1024)              3228864   
_________________________________________________________________
dense (Dense)                (None, 512)               524800    
_________________________________________________________________
dropout (Dropout)            (None, 512)               0         
_________________________________________________________________
batch_normalization (BatchNo (None, 512)               2048      
_________________________________________________________________
dense_1 (Dense)              (None, 256)               131328    
_________________________________________________________________
dropout_1 (Dropout)          (None, 256)               0         
_________________________________________________________________
batch_normalization_1 (Batch (None, 256)               1024      
_________________________________________________________________
dense_2 (Dense)              (None, 2)                 514       
=================================================================
Total params: 3,888,578
Trainable params: 658,178
Non-trainable params: 3,230,400
_________________________________________________________________
Fitting ISIC2016+ISIC2017_aug_MobileNet_150h_150w_None model...
model_name: ISIC2016+ISIC2017_aug_MobileNet_150h_150w_None
Epoch: 1 loss: 0.6836 accuracy: 0.5631 val_loss: 0.6228 val_accuracy: 0.8000
Epoch: 2 loss: 0.6647 accuracy: 0.6289 val_loss: 0.5865 val_accuracy: 0.8000
Epoch: 3 loss: 0.6579 accuracy: 0.6363 val_loss: 0.5717 val_accuracy: 0.8000
Epoch: 4 loss: 0.6583 accuracy: 0.6356 val_loss: 0.5745 val_accuracy: 0.8000
Epoch: 5 loss: 0.6566 accuracy: 0.6368 val_loss: 0.5645 val_accuracy: 0.8000
Epoch: 6 loss: 0.6568 accuracy: 0.6363 val_loss: 0.5584 val_accuracy: 0.8000
Epoch: 7 loss: 0.6554 accuracy: 0.6363 val_loss: 0.5682 val_accuracy: 0.8000
Epoch: 8 loss: 0.6564 accuracy: 0.6360 val_loss: 0.5654 val_accuracy: 0.8000
Epoch: 9 loss: 0.6549 accuracy: 0.6370 val_loss: 0.5539 val_accuracy: 0.8000
Epoch: 10 loss: 0.6559 accuracy: 0.6363 val_loss: 0.5723 val_accuracy: 0.8000
Epoch: 11 loss: 0.6563 accuracy: 0.6365 val_loss: 0.5680 val_accuracy: 0.8000
Epoch: 12 loss: 0.6568 accuracy: 0.6358 val_loss: 0.5629 val_accuracy: 0.8000
Epoch: 13 loss: 0.6558 accuracy: 0.6368 val_loss: 0.5749 val_accuracy: 0.8000
Epoch: 14 loss: 0.6565 accuracy: 0.6353 val_loss: 0.5681 val_accuracy: 0.8000
Epoch: 15 loss: 0.6561 accuracy: 0.6365 val_loss: 0.5621 val_accuracy: 0.8000
Epoch: 16 loss: 0.6551 accuracy: 0.6368 val_loss: 0.5640 val_accuracy: 0.8000
Epoch: 17 loss: 0.6560 accuracy: 0.6368 val_loss: 0.5559 val_accuracy: 0.8000
Epoch: 18 loss: 0.6563 accuracy: 0.6358 val_loss: 0.5685 val_accuracy: 0.8000
Epoch: 19 loss: 0.6548 accuracy: 0.6377 val_loss: 0.5660 val_accuracy: 0.8000
Epoch: 20 loss: 0.6556 accuracy: 0.6368 val_loss: 0.5600 val_accuracy: 0.8000
Job ended!
