Fri 01 Mar 2024 05:43:40 PM EST
Python 3.9.7
nvcc: NVIDIA (R) Cuda compiler driver
Copyright (c) 2005-2019 NVIDIA Corporation
Built on Sun_Jul_28_19:07:16_PDT_2019
Cuda compilation tools, release 10.1, V10.1.243
My SLURM_ARRAY_TASK_ID: 
DB: ['ISIC2016', 'ISIC2017', 'ISIC2018', 'PAD_UFES_20', 'MEDNODE']
IMG_SIZE: [150, 150]
CLASSIFIER: MobileNet
SELF_AUG: 1
JOB_INDEX: None
Combining...
Combining 1 db out of 5 dbs
Combining 2 db out of 5 dbs
Combining 3 db out of 5 dbs
Combining 4 db out of 5 dbs
Combining 5 db out of 5 dbs
Stacking training images
Stacking training labels
Stacking validation images
Stacking validation labels
Model: "sequential"
_________________________________________________________________
Layer (type)                 Output Shape              Param #   
=================================================================
mobilenet_1.00_224 (Function (None, 1024)              3228864   
_________________________________________________________________
dense (Dense)                (None, 512)               524800    
_________________________________________________________________
dropout (Dropout)            (None, 512)               0         
_________________________________________________________________
batch_normalization (BatchNo (None, 512)               2048      
_________________________________________________________________
dense_1 (Dense)              (None, 256)               131328    
_________________________________________________________________
dropout_1 (Dropout)          (None, 256)               0         
_________________________________________________________________
batch_normalization_1 (Batch (None, 256)               1024      
_________________________________________________________________
dense_2 (Dense)              (None, 2)                 514       
=================================================================
Total params: 3,888,578
Trainable params: 658,178
Non-trainable params: 3,230,400
_________________________________________________________________
Fitting ISIC2016+ISIC2017+ISIC2018+PAD_UFES_20+MEDNODE_aug_MobileNet_150h_150w_None model...
model_name: ISIC2016+ISIC2017+ISIC2018+PAD_UFES_20+MEDNODE_aug_MobileNet_150h_150w_None
Epoch: 1 loss: 0.6231 accuracy: 0.7118 val_loss: 0.3319 val_accuracy: 0.8741
Epoch: 2 loss: 0.4635 accuracy: 0.7902 val_loss: 0.3250 val_accuracy: 0.8771
Epoch: 3 loss: 0.4234 accuracy: 0.8075 val_loss: 0.2932 val_accuracy: 0.8879
Epoch: 4 loss: 0.3995 accuracy: 0.8182 val_loss: 0.2858 val_accuracy: 0.8850
Epoch: 5 loss: 0.3733 accuracy: 0.8323 val_loss: 0.2949 val_accuracy: 0.8830
Epoch: 6 loss: 0.3536 accuracy: 0.8435 val_loss: 0.2837 val_accuracy: 0.8899
Epoch: 7 loss: 0.3353 accuracy: 0.8491 val_loss: 0.2699 val_accuracy: 0.8987
Epoch: 8 loss: 0.3157 accuracy: 0.8605 val_loss: 0.2831 val_accuracy: 0.8997
Epoch: 9 loss: 0.3003 accuracy: 0.8680 val_loss: 0.2801 val_accuracy: 0.8987
Epoch: 10 loss: 0.2818 accuracy: 0.8779 val_loss: 0.2863 val_accuracy: 0.9056
Epoch: 11 loss: 0.2663 accuracy: 0.8843 val_loss: 0.2912 val_accuracy: 0.8948
Epoch: 12 loss: 0.2532 accuracy: 0.8909 val_loss: 0.2854 val_accuracy: 0.9017
Epoch: 13 loss: 0.2379 accuracy: 0.9003 val_loss: 0.3001 val_accuracy: 0.8948
Epoch: 14 loss: 0.2234 accuracy: 0.9060 val_loss: 0.3033 val_accuracy: 0.8889
Epoch: 15 loss: 0.2073 accuracy: 0.9139 val_loss: 0.2894 val_accuracy: 0.8997
Epoch: 16 loss: 0.1930 accuracy: 0.9198 val_loss: 0.3073 val_accuracy: 0.8977
Epoch: 17 loss: 0.1833 accuracy: 0.9240 val_loss: 0.3254 val_accuracy: 0.8948
Epoch: 18 loss: 0.1736 accuracy: 0.9304 val_loss: 0.3243 val_accuracy: 0.8889
Epoch: 19 loss: 0.1570 accuracy: 0.9367 val_loss: 0.3158 val_accuracy: 0.8968
Epoch: 20 loss: 0.1536 accuracy: 0.9389 val_loss: 0.3395 val_accuracy: 0.9027
Job ended!
