Fri 01 Mar 2024 05:34:55 PM EST
Python 3.9.7
nvcc: NVIDIA (R) Cuda compiler driver
Copyright (c) 2005-2019 NVIDIA Corporation
Built on Sun_Jul_28_19:07:16_PDT_2019
Cuda compilation tools, release 10.1, V10.1.243
My SLURM_ARRAY_TASK_ID: 
DB: ['ISIC2016', 'ISIC2017', 'ISIC2018', 'ISIC2019', 'ISIC2020', 'PH2', 'PAD_UFES_20', 'MEDNODE']
IMG_SIZE: [150, 150]
CLASSIFIER: MobileNet
SELF_AUG: 1
JOB_INDEX: None
Combining...
Combining 1 db out of 8 dbs
Combining 2 db out of 8 dbs
Combining 3 db out of 8 dbs
Combining 4 db out of 8 dbs
Combining 5 db out of 8 dbs
Combining 6 db out of 8 dbs
Combining 7 db out of 8 dbs
Combining 8 db out of 8 dbs
Stacking training images
Stacking training labels
Stacking validation images
Stacking validation labels
Model: "sequential"
_________________________________________________________________
Layer (type)                 Output Shape              Param #   
=================================================================
mobilenet_1.00_224 (Function (None, 1024)              3228864   
_________________________________________________________________
dense (Dense)                (None, 512)               524800    
_________________________________________________________________
dropout (Dropout)            (None, 512)               0         
_________________________________________________________________
batch_normalization (BatchNo (None, 512)               2048      
_________________________________________________________________
dense_1 (Dense)              (None, 256)               131328    
_________________________________________________________________
dropout_1 (Dropout)          (None, 256)               0         
_________________________________________________________________
batch_normalization_1 (Batch (None, 256)               1024      
_________________________________________________________________
dense_2 (Dense)              (None, 2)                 514       
=================================================================
Total params: 3,888,578
Trainable params: 658,178
Non-trainable params: 3,230,400
_________________________________________________________________
Fitting ISIC2016+ISIC2017+ISIC2018+ISIC2019+ISIC2020+PH2+PAD_UFES_20+MEDNODE_aug_MobileNet_150h_150w_None model...
model_name: ISIC2016+ISIC2017+ISIC2018+ISIC2019+ISIC2020+PH2+PAD_UFES_20+MEDNODE_aug_MobileNet_150h_150w_None
Epoch: 1 loss: 0.4760 accuracy: 0.7802 val_loss: 0.2122 val_accuracy: 0.9241
Epoch: 2 loss: 0.3850 accuracy: 0.8199 val_loss: 0.2039 val_accuracy: 0.9264
Epoch: 3 loss: 0.3633 accuracy: 0.8307 val_loss: 0.1979 val_accuracy: 0.9290
Epoch: 4 loss: 0.3467 accuracy: 0.8397 val_loss: 0.1896 val_accuracy: 0.9340
Epoch: 5 loss: 0.3333 accuracy: 0.8475 val_loss: 0.1874 val_accuracy: 0.9314
Epoch: 6 loss: 0.3223 accuracy: 0.8525 val_loss: 0.1791 val_accuracy: 0.9343
Epoch: 7 loss: 0.3113 accuracy: 0.8583 val_loss: 0.1820 val_accuracy: 0.9352
Epoch: 8 loss: 0.2996 accuracy: 0.8642 val_loss: 0.1799 val_accuracy: 0.9363
Epoch: 9 loss: 0.2873 accuracy: 0.8706 val_loss: 0.1753 val_accuracy: 0.9375
Epoch: 10 loss: 0.2795 accuracy: 0.8749 val_loss: 0.1782 val_accuracy: 0.9352
Epoch: 11 loss: 0.2699 accuracy: 0.8798 val_loss: 0.1824 val_accuracy: 0.9397
Epoch: 12 loss: 0.2609 accuracy: 0.8846 val_loss: 0.1791 val_accuracy: 0.9359
Epoch: 13 loss: 0.2507 accuracy: 0.8890 val_loss: 0.1781 val_accuracy: 0.9399
Epoch: 14 loss: 0.2430 accuracy: 0.8926 val_loss: 0.1770 val_accuracy: 0.9399
Epoch: 15 loss: 0.2364 accuracy: 0.8960 val_loss: 0.1879 val_accuracy: 0.9377
Epoch: 16 loss: 0.2275 accuracy: 0.9004 val_loss: 0.1793 val_accuracy: 0.9411
Epoch: 17 loss: 0.2211 accuracy: 0.9034 val_loss: 0.1912 val_accuracy: 0.9334
Epoch: 18 loss: 0.2137 accuracy: 0.9068 val_loss: 0.1818 val_accuracy: 0.9427
Epoch: 19 loss: 0.2085 accuracy: 0.9100 val_loss: 0.1846 val_accuracy: 0.9387
Epoch: 20 loss: 0.2018 accuracy: 0.9136 val_loss: 0.1942 val_accuracy: 0.9415
Job ended!
