Fri 01 Mar 2024 06:28:48 PM EST
Python 3.9.7
nvcc: NVIDIA (R) Cuda compiler driver
Copyright (c) 2005-2019 NVIDIA Corporation
Built on Sun_Jul_28_19:07:16_PDT_2019
Cuda compilation tools, release 10.1, V10.1.243
My SLURM_ARRAY_TASK_ID: 
DB: ['HAM10000']
IMG_SIZE: [150, 150]
CLASSIFIER: ResNet101
SELF_AUG: 1
JOB_INDEX: None
Combining...
Combining 1 db out of 1 dbs
Stacking training images
Stacking training labels
Stacking validation images
Stacking validation labels
Model: "sequential"
_________________________________________________________________
Layer (type)                 Output Shape              Param #   
=================================================================
resnet101 (Functional)       (None, 2048)              42658176  
_________________________________________________________________
dense (Dense)                (None, 512)               1049088   
_________________________________________________________________
dropout (Dropout)            (None, 512)               0         
_________________________________________________________________
batch_normalization (BatchNo (None, 512)               2048      
_________________________________________________________________
dense_1 (Dense)              (None, 256)               131328    
_________________________________________________________________
dropout_1 (Dropout)          (None, 256)               0         
_________________________________________________________________
batch_normalization_1 (Batch (None, 256)               1024      
_________________________________________________________________
dense_2 (Dense)              (None, 2)                 514       
=================================================================
Total params: 43,842,178
Trainable params: 1,182,466
Non-trainable params: 42,659,712
_________________________________________________________________
Fitting HAM10000_aug_ResNet101_150h_150w_None model...
model_name: HAM10000_aug_ResNet101_150h_150w_None
Epoch: 1 loss: 0.6112 accuracy: 0.7381 val_loss: 0.1792 val_accuracy: 0.9536
Epoch: 2 loss: 0.4450 accuracy: 0.8086 val_loss: 0.1397 val_accuracy: 0.9581
Epoch: 3 loss: 0.3923 accuracy: 0.8272 val_loss: 0.1403 val_accuracy: 0.9626
Epoch: 4 loss: 0.3491 accuracy: 0.8500 val_loss: 0.1428 val_accuracy: 0.9547
Epoch: 5 loss: 0.3351 accuracy: 0.8553 val_loss: 0.1362 val_accuracy: 0.9570
Epoch: 6 loss: 0.3145 accuracy: 0.8665 val_loss: 0.1261 val_accuracy: 0.9615
Epoch: 7 loss: 0.2938 accuracy: 0.8747 val_loss: 0.1169 val_accuracy: 0.9649
Epoch: 8 loss: 0.2717 accuracy: 0.8849 val_loss: 0.1250 val_accuracy: 0.9592
Epoch: 9 loss: 0.2632 accuracy: 0.8890 val_loss: 0.1024 val_accuracy: 0.9660
Epoch: 10 loss: 0.2526 accuracy: 0.8927 val_loss: 0.1125 val_accuracy: 0.9638
Epoch: 11 loss: 0.2483 accuracy: 0.8981 val_loss: 0.1302 val_accuracy: 0.9581
Epoch: 12 loss: 0.2297 accuracy: 0.9025 val_loss: 0.1105 val_accuracy: 0.9649
Epoch: 13 loss: 0.2108 accuracy: 0.9128 val_loss: 0.1254 val_accuracy: 0.9660
Epoch: 14 loss: 0.2006 accuracy: 0.9160 val_loss: 0.1150 val_accuracy: 0.9604
Epoch: 15 loss: 0.2009 accuracy: 0.9167 val_loss: 0.1168 val_accuracy: 0.9626
Epoch: 16 loss: 0.1915 accuracy: 0.9220 val_loss: 0.1235 val_accuracy: 0.9604
Epoch: 17 loss: 0.1887 accuracy: 0.9227 val_loss: 0.1261 val_accuracy: 0.9638
Epoch: 18 loss: 0.1697 accuracy: 0.9329 val_loss: 0.1583 val_accuracy: 0.9479
Epoch: 19 loss: 0.1683 accuracy: 0.9321 val_loss: 0.1404 val_accuracy: 0.9547
Epoch: 20 loss: 0.1695 accuracy: 0.9333 val_loss: 0.1731 val_accuracy: 0.9445
Job ended!
