Sun 03 Mar 2024 01:45:44 AM EST
Python 3.9.7
nvcc: NVIDIA (R) Cuda compiler driver
Copyright (c) 2005-2019 NVIDIA Corporation
Built on Sun_Jul_28_19:07:16_PDT_2019
Cuda compilation tools, release 10.1, V10.1.243
My SLURM_ARRAY_TASK_ID: 
DB: ['ISIC2016', 'MEDNODE']
IMG_SIZE: [150, 150]
CLASSIFIER: ResNet101
SELF_AUG: 1
JOB_INDEX: None
Combining...
Combining 1 db out of 2 dbs
Combining 2 db out of 2 dbs
Stacking training images
Stacking training labels
Stacking validation images
Stacking validation labels
Model: "sequential"
_________________________________________________________________
Layer (type)                 Output Shape              Param #   
=================================================================
resnet101 (Functional)       (None, 2048)              42658176  
_________________________________________________________________
dense (Dense)                (None, 512)               1049088   
_________________________________________________________________
dropout (Dropout)            (None, 512)               0         
_________________________________________________________________
batch_normalization (BatchNo (None, 512)               2048      
_________________________________________________________________
dense_1 (Dense)              (None, 256)               131328    
_________________________________________________________________
dropout_1 (Dropout)          (None, 256)               0         
_________________________________________________________________
batch_normalization_1 (Batch (None, 256)               1024      
_________________________________________________________________
dense_2 (Dense)              (None, 2)                 514       
=================================================================
Total params: 43,842,178
Trainable params: 1,182,466
Non-trainable params: 42,659,712
_________________________________________________________________
Fitting ISIC2016+MEDNODE_aug_ResNet101_150h_150w_None model...
model_name: ISIC2016+MEDNODE_aug_ResNet101_150h_150w_None
Epoch: 1 loss: 0.7896 accuracy: 0.6296 val_loss: 0.5532 val_accuracy: 0.7991
Epoch: 2 loss: 0.5716 accuracy: 0.7371 val_loss: 0.4581 val_accuracy: 0.8318
Epoch: 3 loss: 0.5298 accuracy: 0.7654 val_loss: 0.4340 val_accuracy: 0.8224
Epoch: 4 loss: 0.4443 accuracy: 0.7894 val_loss: 0.4423 val_accuracy: 0.8271
Epoch: 5 loss: 0.4059 accuracy: 0.8105 val_loss: 0.4582 val_accuracy: 0.8131
Epoch: 6 loss: 0.3729 accuracy: 0.8308 val_loss: 0.4290 val_accuracy: 0.8318
Epoch: 7 loss: 0.3339 accuracy: 0.8526 val_loss: 0.4709 val_accuracy: 0.7804
Epoch: 8 loss: 0.2866 accuracy: 0.8867 val_loss: 0.4426 val_accuracy: 0.8084
Epoch: 9 loss: 0.2745 accuracy: 0.8838 val_loss: 0.4372 val_accuracy: 0.8178
Epoch: 10 loss: 0.2524 accuracy: 0.8983 val_loss: 0.4748 val_accuracy: 0.7897
Epoch: 11 loss: 0.2375 accuracy: 0.9034 val_loss: 0.4885 val_accuracy: 0.8131
Epoch: 12 loss: 0.2261 accuracy: 0.9129 val_loss: 0.4603 val_accuracy: 0.8224
Epoch: 13 loss: 0.1974 accuracy: 0.9205 val_loss: 0.4464 val_accuracy: 0.8458
Epoch: 14 loss: 0.1703 accuracy: 0.9361 val_loss: 0.4427 val_accuracy: 0.8364
Epoch: 15 loss: 0.1751 accuracy: 0.9405 val_loss: 0.4534 val_accuracy: 0.8224
Epoch: 16 loss: 0.1710 accuracy: 0.9354 val_loss: 0.4528 val_accuracy: 0.8271
Epoch: 17 loss: 0.1382 accuracy: 0.9521 val_loss: 0.4907 val_accuracy: 0.8364
Epoch: 18 loss: 0.1358 accuracy: 0.9513 val_loss: 0.4825 val_accuracy: 0.8318
Epoch: 19 loss: 0.1127 accuracy: 0.9666 val_loss: 0.5229 val_accuracy: 0.8178
Epoch: 20 loss: 0.1119 accuracy: 0.9651 val_loss: 0.5017 val_accuracy: 0.8037
Job ended!
