Wed 28 Feb 2024 01:01:02 AM EST
Python 3.9.7
nvcc: NVIDIA (R) Cuda compiler driver
Copyright (c) 2005-2019 NVIDIA Corporation
Built on Sun_Jul_28_19:07:16_PDT_2019
Cuda compilation tools, release 10.1, V10.1.243
My SLURM_ARRAY_TASK_ID: 
DB: ['ISIC2016', 'KaggleMB']
IMG_SIZE: [150, 150]
CLASSIFIER: ResNet101
SELF_AUG: 1
JOB_INDEX: None
Combining...
Combining 1 db out of 2 dbs
Combining 2 db out of 2 dbs
Stacking training images
Stacking training labels
Stacking validation images
Stacking validation labels
Model: "sequential"
_________________________________________________________________
Layer (type)                 Output Shape              Param #   
=================================================================
resnet101 (Functional)       (None, 2048)              42658176  
_________________________________________________________________
dense (Dense)                (None, 512)               1049088   
_________________________________________________________________
dropout (Dropout)            (None, 512)               0         
_________________________________________________________________
batch_normalization (BatchNo (None, 512)               2048      
_________________________________________________________________
dense_1 (Dense)              (None, 256)               131328    
_________________________________________________________________
dropout_1 (Dropout)          (None, 256)               0         
_________________________________________________________________
batch_normalization_1 (Batch (None, 256)               1024      
_________________________________________________________________
dense_2 (Dense)              (None, 2)                 514       
=================================================================
Total params: 43,842,178
Trainable params: 1,182,466
Non-trainable params: 42,659,712
_________________________________________________________________
Fitting ISIC2016+KaggleMB_aug_ResNet101_150h_150w_None model...
model_name: ISIC2016+KaggleMB_aug_ResNet101_150h_150w_None
Epoch: 1 loss: 0.8259 accuracy: 0.6005 val_loss: 0.8435 val_accuracy: 0.4901
Epoch: 2 loss: 0.7834 accuracy: 0.6026 val_loss: 0.8852 val_accuracy: 0.3799
Epoch: 3 loss: 0.7529 accuracy: 0.6052 val_loss: 1.5812 val_accuracy: 0.3743
Epoch: 4 loss: 0.7729 accuracy: 0.5877 val_loss: 2.4490 val_accuracy: 0.3743
Epoch: 5 loss: 0.7689 accuracy: 0.5836 val_loss: 1.4847 val_accuracy: 0.3814
Epoch: 6 loss: 0.7273 accuracy: 0.6131 val_loss: 1.7514 val_accuracy: 0.3743
Epoch: 7 loss: 0.7456 accuracy: 0.5930 val_loss: 1.7290 val_accuracy: 0.3743
Epoch: 8 loss: 0.7311 accuracy: 0.5981 val_loss: 1.1952 val_accuracy: 0.3743
Epoch: 9 loss: 0.7263 accuracy: 0.5941 val_loss: 1.2547 val_accuracy: 0.3743
Epoch: 10 loss: 0.7218 accuracy: 0.5900 val_loss: 1.7179 val_accuracy: 0.3743
Epoch: 11 loss: 0.7285 accuracy: 0.5730 val_loss: 1.4401 val_accuracy: 0.3743
Epoch: 12 loss: 0.7147 accuracy: 0.5804 val_loss: 1.4148 val_accuracy: 0.3743
Epoch: 13 loss: 0.7181 accuracy: 0.5776 val_loss: 1.2609 val_accuracy: 0.3743
Epoch: 14 loss: 0.6995 accuracy: 0.5947 val_loss: 1.2581 val_accuracy: 0.3743
Epoch: 15 loss: 0.6587 accuracy: 0.6284 val_loss: 1.0926 val_accuracy: 0.3743
Epoch: 16 loss: 0.6840 accuracy: 0.6000 val_loss: 1.3675 val_accuracy: 0.3743
Epoch: 17 loss: 0.6853 accuracy: 0.5800 val_loss: 1.0880 val_accuracy: 0.3757
Epoch: 18 loss: 0.6822 accuracy: 0.5670 val_loss: 0.9381 val_accuracy: 0.3743
Epoch: 19 loss: 0.6913 accuracy: 0.5448 val_loss: 0.8960 val_accuracy: 0.3743
Epoch: 20 loss: 0.6897 accuracy: 0.5497 val_loss: 0.7334 val_accuracy: 0.3743
Job ended!
