Sun 03 Mar 2024 01:55:42 AM EST
Python 3.9.7
nvcc: NVIDIA (R) Cuda compiler driver
Copyright (c) 2005-2019 NVIDIA Corporation
Built on Sun_Jul_28_19:07:16_PDT_2019
Cuda compilation tools, release 10.1, V10.1.243
My SLURM_ARRAY_TASK_ID: 
DB: ['MEDNODE']
IMG_SIZE: [150, 150]
CLASSIFIER: ResNet101
SELF_AUG: 1
JOB_INDEX: None
Combining...
Combining 1 db out of 1 dbs
Stacking training images
Stacking training labels
Stacking validation images
Stacking validation labels
Model: "sequential"
_________________________________________________________________
Layer (type)                 Output Shape              Param #   
=================================================================
resnet101 (Functional)       (None, 2048)              42658176  
_________________________________________________________________
dense (Dense)                (None, 512)               1049088   
_________________________________________________________________
dropout (Dropout)            (None, 512)               0         
_________________________________________________________________
batch_normalization (BatchNo (None, 512)               2048      
_________________________________________________________________
dense_1 (Dense)              (None, 256)               131328    
_________________________________________________________________
dropout_1 (Dropout)          (None, 256)               0         
_________________________________________________________________
batch_normalization_1 (Batch (None, 256)               1024      
_________________________________________________________________
dense_2 (Dense)              (None, 2)                 514       
=================================================================
Total params: 43,842,178
Trainable params: 1,182,466
Non-trainable params: 42,659,712
_________________________________________________________________
Fitting MEDNODE_aug_ResNet101_150h_150w_None model...
model_name: MEDNODE_aug_ResNet101_150h_150w_None
Epoch: 1 loss: 0.8878 accuracy: 0.6071 val_loss: 0.6190 val_accuracy: 0.7353
Epoch: 2 loss: 0.5994 accuracy: 0.7232 val_loss: 0.5191 val_accuracy: 0.7353
Epoch: 3 loss: 0.3851 accuracy: 0.8214 val_loss: 0.5008 val_accuracy: 0.7941
Epoch: 4 loss: 0.3809 accuracy: 0.8438 val_loss: 0.4805 val_accuracy: 0.8235
Epoch: 5 loss: 0.2562 accuracy: 0.8839 val_loss: 0.4677 val_accuracy: 0.8235
Epoch: 6 loss: 0.3038 accuracy: 0.8527 val_loss: 0.4525 val_accuracy: 0.8235
Epoch: 7 loss: 0.2145 accuracy: 0.8884 val_loss: 0.4435 val_accuracy: 0.8235
Epoch: 8 loss: 0.2056 accuracy: 0.9152 val_loss: 0.4392 val_accuracy: 0.8235
Epoch: 9 loss: 0.1981 accuracy: 0.9241 val_loss: 0.4209 val_accuracy: 0.8235
Epoch: 10 loss: 0.1553 accuracy: 0.9420 val_loss: 0.4121 val_accuracy: 0.8235
Epoch: 11 loss: 0.1303 accuracy: 0.9598 val_loss: 0.4015 val_accuracy: 0.8529
Epoch: 12 loss: 0.1152 accuracy: 0.9732 val_loss: 0.3983 val_accuracy: 0.8529
Epoch: 13 loss: 0.0832 accuracy: 0.9866 val_loss: 0.3997 val_accuracy: 0.9118
Epoch: 14 loss: 0.0757 accuracy: 0.9821 val_loss: 0.4090 val_accuracy: 0.8824
Epoch: 15 loss: 0.0957 accuracy: 0.9688 val_loss: 0.4131 val_accuracy: 0.8529
Epoch: 16 loss: 0.1000 accuracy: 0.9688 val_loss: 0.4138 val_accuracy: 0.8529
Epoch: 17 loss: 0.1030 accuracy: 0.9777 val_loss: 0.4125 val_accuracy: 0.8529
Epoch: 18 loss: 0.0573 accuracy: 0.9955 val_loss: 0.4060 val_accuracy: 0.8529
Epoch: 19 loss: 0.0741 accuracy: 0.9777 val_loss: 0.4022 val_accuracy: 0.8824
Epoch: 20 loss: 0.0838 accuracy: 0.9777 val_loss: 0.4109 val_accuracy: 0.8824
Job ended!
