Mon 06 May 2024 09:07:51 PM EDT
Python 3.9.7
nvcc: NVIDIA (R) Cuda compiler driver
Copyright (c) 2005-2019 NVIDIA Corporation
Built on Sun_Jul_28_19:07:16_PDT_2019
Cuda compilation tools, release 10.1, V10.1.243
My SLURM_ARRAY_TASK_ID: 
DB: ['HAM10000']
IMG_SIZE: [384, 384]
CLASSIFIER: EfficientNetB4
JOB_INDEX: None
Start training augmented images
Combining...
Combining 1th db out of 1 dbs
Stacking data
Combining complete
Model: "sequential"
_________________________________________________________________
Layer (type)                 Output Shape              Param #   
=================================================================
efficientnetb4 (Functional)  (None, 1792)              17673823  
_________________________________________________________________
dense (Dense)                (None, 512)               918016    
_________________________________________________________________
dropout (Dropout)            (None, 512)               0         
_________________________________________________________________
batch_normalization (BatchNo (None, 512)               2048      
_________________________________________________________________
dense_1 (Dense)              (None, 256)               131328    
_________________________________________________________________
batch_normalization_1 (Batch (None, 256)               1024      
_________________________________________________________________
dense_2 (Dense)              (None, 2)                 514       
=================================================================
Total params: 18,726,753
Trainable params: 1,051,394
Non-trainable params: 17,675,359
_________________________________________________________________
Fitting HAM10000_aug_EfficientNetB4_384h_384w_None model...
model_name: HAM10000_aug_EfficientNetB4_384h_384w_None
Epoch: 1 loss: 1.3633 accuracy: 0.5277 val_loss: 0.9801 val_accuracy: 0.9694
Epoch: 2 loss: 1.1658 accuracy: 0.5870 val_loss: 0.8856 val_accuracy: 0.9694
Epoch: 3 loss: 1.1150 accuracy: 0.6079 val_loss: 0.8140 val_accuracy: 0.9694
Epoch: 4 loss: 1.0805 accuracy: 0.6281 val_loss: 0.6911 val_accuracy: 0.9694
Epoch: 5 loss: 1.0500 accuracy: 0.6342 val_loss: 0.7963 val_accuracy: 0.9694
Epoch: 6 loss: 1.0304 accuracy: 0.6459 val_loss: 0.5647 val_accuracy: 0.9694
Epoch: 7 loss: 1.0128 accuracy: 0.6506 val_loss: 0.8152 val_accuracy: 0.9694
Epoch: 8 loss: 1.0023 accuracy: 0.6518 val_loss: 0.7539 val_accuracy: 0.9694
Epoch: 9 loss: 0.9813 accuracy: 0.6512 val_loss: 0.6892 val_accuracy: 0.9694
Epoch: 10 loss: 0.9646 accuracy: 0.6610 val_loss: 0.6472 val_accuracy: 0.9694
Epoch: 11 loss: 0.9439 accuracy: 0.6687 val_loss: 0.7353 val_accuracy: 0.9694

Epoch 00011: ReduceLROnPlateau reducing learning rate to 7.999999797903001e-05.
Epoch: 12 loss: 0.9347 accuracy: 0.6720 val_loss: 0.5312 val_accuracy: 0.9694
Epoch: 13 loss: 0.9158 accuracy: 0.6763 val_loss: 0.6348 val_accuracy: 0.9694
Epoch: 14 loss: 0.9122 accuracy: 0.6702 val_loss: 0.6341 val_accuracy: 0.9694
Epoch: 15 loss: 0.8985 accuracy: 0.6778 val_loss: 0.5628 val_accuracy: 0.9694
Epoch: 16 loss: 0.8931 accuracy: 0.6723 val_loss: 0.5758 val_accuracy: 0.9694
Epoch: 17 loss: 0.8783 accuracy: 0.6774 val_loss: 0.7404 val_accuracy: 0.9694

Epoch 00017: ReduceLROnPlateau reducing learning rate to 6.399999838322402e-05.
Epoch: 18 loss: 0.8659 accuracy: 0.6831 val_loss: 0.6611 val_accuracy: 0.9694
Epoch: 19 loss: 0.8514 accuracy: 0.6891 val_loss: 0.6657 val_accuracy: 0.9694
Epoch: 20 loss: 0.8476 accuracy: 0.6853 val_loss: 0.6162 val_accuracy: 0.9694
Epoch: 21 loss: 0.8337 accuracy: 0.6905 val_loss: 0.6812 val_accuracy: 0.9694
Epoch: 22 loss: 0.8249 accuracy: 0.6925 val_loss: 0.6025 val_accuracy: 0.9694

Epoch 00022: ReduceLROnPlateau reducing learning rate to 5.119999987073243e-05.
End of augmented training
Finish
Job ended!
