Tue 07 May 2024 02:53:51 AM EDT
Python 3.9.7
nvcc: NVIDIA (R) Cuda compiler driver
Copyright (c) 2005-2019 NVIDIA Corporation
Built on Sun_Jul_28_19:07:16_PDT_2019
Cuda compilation tools, release 10.1, V10.1.243
My SLURM_ARRAY_TASK_ID: 
DB: ['ISIC2016', 'ISIC2019']
IMG_SIZE: [384, 384]
CLASSIFIER: EfficientNetB4
JOB_INDEX: None
Start training augmented images
Combining...
Combining 1th db out of 2 dbs
Combining 2th db out of 2 dbs
Stacking data
Combining complete
Model: "sequential"
_________________________________________________________________
Layer (type)                 Output Shape              Param #   
=================================================================
efficientnetb4 (Functional)  (None, 1792)              17673823  
_________________________________________________________________
dense (Dense)                (None, 512)               918016    
_________________________________________________________________
dropout (Dropout)            (None, 512)               0         
_________________________________________________________________
batch_normalization (BatchNo (None, 512)               2048      
_________________________________________________________________
dense_1 (Dense)              (None, 256)               131328    
_________________________________________________________________
batch_normalization_1 (Batch (None, 256)               1024      
_________________________________________________________________
dense_2 (Dense)              (None, 2)                 514       
=================================================================
Total params: 18,726,753
Trainable params: 1,051,394
Non-trainable params: 17,675,359
_________________________________________________________________
Fitting ISIC2016+ISIC2019_aug_EfficientNetB4_384h_384w_None model...
model_name: ISIC2016+ISIC2019_aug_EfficientNetB4_384h_384w_None
Epoch: 1 loss: 1.2301 accuracy: 0.5406 val_loss: 1.2937 val_accuracy: 0.1788
Epoch: 2 loss: 1.0930 accuracy: 0.5625 val_loss: 1.0102 val_accuracy: 0.8212
Epoch: 3 loss: 1.0399 accuracy: 0.5718 val_loss: 0.8512 val_accuracy: 0.8212
Epoch: 4 loss: 0.9944 accuracy: 0.5869 val_loss: 0.8638 val_accuracy: 0.8212
Epoch: 5 loss: 0.9555 accuracy: 0.5936 val_loss: 0.7312 val_accuracy: 0.8212
Epoch: 6 loss: 0.9225 accuracy: 0.6013 val_loss: 0.9111 val_accuracy: 0.8212
Epoch: 7 loss: 0.8914 accuracy: 0.5987 val_loss: 0.7327 val_accuracy: 0.8212
Epoch: 8 loss: 0.8588 accuracy: 0.6109 val_loss: 0.7151 val_accuracy: 0.8212
Epoch: 9 loss: 0.8300 accuracy: 0.6108 val_loss: 0.7394 val_accuracy: 0.8212
Epoch: 10 loss: 0.8054 accuracy: 0.6112 val_loss: 0.6844 val_accuracy: 0.8212
Epoch: 11 loss: 0.7779 accuracy: 0.6199 val_loss: 0.6464 val_accuracy: 0.8212
Epoch: 12 loss: 0.7588 accuracy: 0.6239 val_loss: 0.6039 val_accuracy: 0.8212
Epoch: 13 loss: 0.7421 accuracy: 0.6203 val_loss: 0.5961 val_accuracy: 0.8212
Epoch: 14 loss: 0.7287 accuracy: 0.6206 val_loss: 0.5903 val_accuracy: 0.8212
Epoch: 15 loss: 0.7185 accuracy: 0.6204 val_loss: 0.6691 val_accuracy: 0.8212
Epoch: 16 loss: 0.7081 accuracy: 0.6270 val_loss: 0.6101 val_accuracy: 0.8212
Epoch: 17 loss: 0.7053 accuracy: 0.6206 val_loss: 0.5430 val_accuracy: 0.8212
Epoch: 18 loss: 0.6979 accuracy: 0.6259 val_loss: 0.6306 val_accuracy: 0.8212
Epoch: 19 loss: 0.6943 accuracy: 0.6243 val_loss: 0.5981 val_accuracy: 0.8212
Epoch: 20 loss: 0.6937 accuracy: 0.6218 val_loss: 0.5951 val_accuracy: 0.8212
Epoch: 21 loss: 0.6897 accuracy: 0.6242 val_loss: 0.5777 val_accuracy: 0.8212
Epoch: 22 loss: 0.6882 accuracy: 0.6230 val_loss: 0.5076 val_accuracy: 0.8212
Epoch: 23 loss: 0.6849 accuracy: 0.6250 val_loss: 0.5410 val_accuracy: 0.8212
Epoch: 24 loss: 0.6850 accuracy: 0.6235 val_loss: 0.5656 val_accuracy: 0.8212
Epoch: 25 loss: 0.6805 accuracy: 0.6286 val_loss: 0.5380 val_accuracy: 0.8212
Epoch: 26 loss: 0.6809 accuracy: 0.6272 val_loss: 0.5441 val_accuracy: 0.8212
Epoch: 27 loss: 0.6758 accuracy: 0.6317 val_loss: 0.5459 val_accuracy: 0.8212

Epoch 00027: ReduceLROnPlateau reducing learning rate to 7.999999797903001e-05.
Epoch: 28 loss: 0.6770 accuracy: 0.6275 val_loss: 0.5315 val_accuracy: 0.8212
Epoch: 29 loss: 0.6754 accuracy: 0.6299 val_loss: 0.5211 val_accuracy: 0.8212
Epoch: 30 loss: 0.6771 accuracy: 0.6240 val_loss: 0.5582 val_accuracy: 0.8212
Epoch: 31 loss: 0.6723 accuracy: 0.6322 val_loss: 0.6155 val_accuracy: 0.8212
Epoch: 32 loss: 0.6743 accuracy: 0.6276 val_loss: 0.5825 val_accuracy: 0.8212

Epoch 00032: ReduceLROnPlateau reducing learning rate to 6.399999838322402e-05.
End of augmented training
Finish
Job ended!
