Tue 07 May 2024 02:41:48 AM EDT
Python 3.9.7
nvcc: NVIDIA (R) Cuda compiler driver
Copyright (c) 2005-2019 NVIDIA Corporation
Built on Sun_Jul_28_19:07:16_PDT_2019
Cuda compilation tools, release 10.1, V10.1.243
My SLURM_ARRAY_TASK_ID: 
DB: ['ISIC2016', 'ISIC2018']
IMG_SIZE: [384, 384]
CLASSIFIER: EfficientNetB4
JOB_INDEX: None
Start training augmented images
Combining...
Combining 1th db out of 2 dbs
Combining 2th db out of 2 dbs
Stacking data
Combining complete
Model: "sequential"
_________________________________________________________________
Layer (type)                 Output Shape              Param #   
=================================================================
efficientnetb4 (Functional)  (None, 1792)              17673823  
_________________________________________________________________
dense (Dense)                (None, 512)               918016    
_________________________________________________________________
dropout (Dropout)            (None, 512)               0         
_________________________________________________________________
batch_normalization (BatchNo (None, 512)               2048      
_________________________________________________________________
dense_1 (Dense)              (None, 256)               131328    
_________________________________________________________________
batch_normalization_1 (Batch (None, 256)               1024      
_________________________________________________________________
dense_2 (Dense)              (None, 2)                 514       
=================================================================
Total params: 18,726,753
Trainable params: 1,051,394
Non-trainable params: 17,675,359
_________________________________________________________________
Fitting ISIC2016+ISIC2018_aug_EfficientNetB4_384h_384w_None model...
model_name: ISIC2016+ISIC2018_aug_EfficientNetB4_384h_384w_None
Epoch: 1 loss: 1.3257 accuracy: 0.5379 val_loss: 1.0102 val_accuracy: 0.8579
Epoch: 2 loss: 1.1158 accuracy: 0.6216 val_loss: 0.9674 val_accuracy: 0.8579
Epoch: 3 loss: 1.0713 accuracy: 0.6449 val_loss: 0.9629 val_accuracy: 0.8579
Epoch: 4 loss: 1.0393 accuracy: 0.6674 val_loss: 0.8500 val_accuracy: 0.8579
Epoch: 5 loss: 1.0156 accuracy: 0.6736 val_loss: 0.7877 val_accuracy: 0.8579
Epoch: 6 loss: 0.9872 accuracy: 0.6878 val_loss: 0.7948 val_accuracy: 0.8579
Epoch: 7 loss: 0.9687 accuracy: 0.6883 val_loss: 0.7290 val_accuracy: 0.8579
Epoch: 8 loss: 0.9490 accuracy: 0.6975 val_loss: 0.7679 val_accuracy: 0.8579
Epoch: 9 loss: 0.9269 accuracy: 0.6985 val_loss: 0.7858 val_accuracy: 0.8579
Epoch: 10 loss: 0.9053 accuracy: 0.7107 val_loss: 0.6938 val_accuracy: 0.8579
Epoch: 11 loss: 0.8924 accuracy: 0.7067 val_loss: 0.7042 val_accuracy: 0.8579
Epoch: 12 loss: 0.8703 accuracy: 0.7133 val_loss: 0.6685 val_accuracy: 0.8579
Epoch: 13 loss: 0.8521 accuracy: 0.7155 val_loss: 0.7013 val_accuracy: 0.8579
Epoch: 14 loss: 0.8433 accuracy: 0.7128 val_loss: 0.6677 val_accuracy: 0.8579
Epoch: 15 loss: 0.8304 accuracy: 0.7108 val_loss: 0.7464 val_accuracy: 0.8579
Epoch: 16 loss: 0.8081 accuracy: 0.7186 val_loss: 0.6523 val_accuracy: 0.8579
Epoch: 17 loss: 0.7946 accuracy: 0.7184 val_loss: 0.6348 val_accuracy: 0.8579
Epoch: 18 loss: 0.7809 accuracy: 0.7174 val_loss: 0.6035 val_accuracy: 0.8579
Epoch: 19 loss: 0.7694 accuracy: 0.7156 val_loss: 0.6302 val_accuracy: 0.8579
Epoch: 20 loss: 0.7609 accuracy: 0.7114 val_loss: 0.5751 val_accuracy: 0.8579
Epoch: 21 loss: 0.7379 accuracy: 0.7205 val_loss: 0.5730 val_accuracy: 0.8579
Epoch: 22 loss: 0.7282 accuracy: 0.7206 val_loss: 0.5787 val_accuracy: 0.8579
Epoch: 23 loss: 0.7187 accuracy: 0.7188 val_loss: 0.5255 val_accuracy: 0.8579
Epoch: 24 loss: 0.7124 accuracy: 0.7163 val_loss: 0.5518 val_accuracy: 0.8579
Epoch: 25 loss: 0.7040 accuracy: 0.7140 val_loss: 0.5732 val_accuracy: 0.8579
Epoch: 26 loss: 0.6919 accuracy: 0.7178 val_loss: 0.5687 val_accuracy: 0.8579
Epoch: 27 loss: 0.6816 accuracy: 0.7211 val_loss: 0.5343 val_accuracy: 0.8579
Epoch: 28 loss: 0.6796 accuracy: 0.7164 val_loss: 0.5606 val_accuracy: 0.8579

Epoch 00028: ReduceLROnPlateau reducing learning rate to 7.999999797903001e-05.
Epoch: 29 loss: 0.6665 accuracy: 0.7224 val_loss: 0.5139 val_accuracy: 0.8579
Epoch: 30 loss: 0.6687 accuracy: 0.7164 val_loss: 0.5482 val_accuracy: 0.8579
Epoch: 31 loss: 0.6595 accuracy: 0.7200 val_loss: 0.5186 val_accuracy: 0.8579
Epoch: 32 loss: 0.6593 accuracy: 0.7162 val_loss: 0.5407 val_accuracy: 0.8579
Epoch: 33 loss: 0.6521 accuracy: 0.7211 val_loss: 0.5199 val_accuracy: 0.8579
Epoch: 34 loss: 0.6486 accuracy: 0.7201 val_loss: 0.5359 val_accuracy: 0.8579

Epoch 00034: ReduceLROnPlateau reducing learning rate to 6.399999838322402e-05.
Epoch: 35 loss: 0.6441 accuracy: 0.7210 val_loss: 0.4789 val_accuracy: 0.8579
Epoch: 36 loss: 0.6389 accuracy: 0.7239 val_loss: 0.5511 val_accuracy: 0.8579
Epoch: 37 loss: 0.6446 accuracy: 0.7143 val_loss: 0.4787 val_accuracy: 0.8579
Epoch: 38 loss: 0.6417 accuracy: 0.7160 val_loss: 0.5357 val_accuracy: 0.8579
Epoch: 39 loss: 0.6374 accuracy: 0.7196 val_loss: 0.5040 val_accuracy: 0.8579
Epoch: 40 loss: 0.6394 accuracy: 0.7150 val_loss: 0.4968 val_accuracy: 0.8579
Epoch: 41 loss: 0.6340 accuracy: 0.7182 val_loss: 0.5075 val_accuracy: 0.8579
Epoch: 42 loss: 0.6321 accuracy: 0.7212 val_loss: 0.4581 val_accuracy: 0.8579
Epoch: 43 loss: 0.6334 accuracy: 0.7159 val_loss: 0.4914 val_accuracy: 0.8579
Epoch: 44 loss: 0.6348 accuracy: 0.7133 val_loss: 0.4702 val_accuracy: 0.8579
Epoch: 45 loss: 0.6312 accuracy: 0.7153 val_loss: 0.4729 val_accuracy: 0.8579
Epoch: 46 loss: 0.6213 accuracy: 0.7259 val_loss: 0.4821 val_accuracy: 0.8579
Epoch: 47 loss: 0.6245 accuracy: 0.7210 val_loss: 0.4993 val_accuracy: 0.8579

Epoch 00047: ReduceLROnPlateau reducing learning rate to 5.119999987073243e-05.
Epoch: 48 loss: 0.6228 accuracy: 0.7226 val_loss: 0.5027 val_accuracy: 0.8579
Epoch: 49 loss: 0.6230 accuracy: 0.7198 val_loss: 0.4960 val_accuracy: 0.8579
Epoch: 50 loss: 0.6229 accuracy: 0.7193 val_loss: 0.4612 val_accuracy: 0.8579
Epoch: 51 loss: 0.6213 accuracy: 0.7186 val_loss: 0.4774 val_accuracy: 0.8579
Epoch: 52 loss: 0.6214 accuracy: 0.7206 val_loss: 0.4749 val_accuracy: 0.8579

Epoch 00052: ReduceLROnPlateau reducing learning rate to 4.0960000478662555e-05.
End of augmented training
Finish
Job ended!
