Tue 07 May 2024 02:12:59 AM EDT
Python 3.9.7
nvcc: NVIDIA (R) Cuda compiler driver
Copyright (c) 2005-2019 NVIDIA Corporation
Built on Sun_Jul_28_19:07:16_PDT_2019
Cuda compilation tools, release 10.1, V10.1.243
My SLURM_ARRAY_TASK_ID: 
DB: ['ISIC2016', 'ISIC2017', 'ISIC2018', 'PH2', '_7_point_criteria']
IMG_SIZE: [384, 384]
CLASSIFIER: EfficientNetB4
JOB_INDEX: None
Start training augmented images
Combining...
Combining 1th db out of 5 dbs
Combining 2th db out of 5 dbs
Combining 3th db out of 5 dbs
Combining 4th db out of 5 dbs
Combining 5th db out of 5 dbs
Stacking data
Combining complete
Model: "sequential"
_________________________________________________________________
Layer (type)                 Output Shape              Param #   
=================================================================
efficientnetb4 (Functional)  (None, 1792)              17673823  
_________________________________________________________________
dense (Dense)                (None, 512)               918016    
_________________________________________________________________
dropout (Dropout)            (None, 512)               0         
_________________________________________________________________
batch_normalization (BatchNo (None, 512)               2048      
_________________________________________________________________
dense_1 (Dense)              (None, 256)               131328    
_________________________________________________________________
batch_normalization_1 (Batch (None, 256)               1024      
_________________________________________________________________
dense_2 (Dense)              (None, 2)                 514       
=================================================================
Total params: 18,726,753
Trainable params: 1,051,394
Non-trainable params: 17,675,359
_________________________________________________________________
Fitting ISIC2016+ISIC2017+ISIC2018+PH2+_7_point_criteria_aug_EfficientNetB4_384h_384w_None model...
model_name: ISIC2016+ISIC2017+ISIC2018+PH2+_7_point_criteria_aug_EfficientNetB4_384h_384w_None
Epoch: 1 loss: 1.3051 accuracy: 0.5421 val_loss: 0.9323 val_accuracy: 0.8017
Epoch: 2 loss: 1.1029 accuracy: 0.6251 val_loss: 0.9185 val_accuracy: 0.8017
Epoch: 3 loss: 1.0529 accuracy: 0.6515 val_loss: 0.9427 val_accuracy: 0.8017
Epoch: 4 loss: 1.0210 accuracy: 0.6633 val_loss: 0.8558 val_accuracy: 0.8017
Epoch: 5 loss: 0.9908 accuracy: 0.6664 val_loss: 0.9688 val_accuracy: 0.8017
Epoch: 6 loss: 0.9701 accuracy: 0.6763 val_loss: 0.8791 val_accuracy: 0.8017
Epoch: 7 loss: 0.9430 accuracy: 0.6824 val_loss: 0.7974 val_accuracy: 0.8017
Epoch: 8 loss: 0.9207 accuracy: 0.6848 val_loss: 0.8559 val_accuracy: 0.8017
Epoch: 9 loss: 0.9038 accuracy: 0.6851 val_loss: 0.7826 val_accuracy: 0.8017
Epoch: 10 loss: 0.8796 accuracy: 0.6954 val_loss: 0.8047 val_accuracy: 0.8017
Epoch: 11 loss: 0.8608 accuracy: 0.6942 val_loss: 0.7575 val_accuracy: 0.8017
Epoch: 12 loss: 0.8364 accuracy: 0.7013 val_loss: 0.7079 val_accuracy: 0.8017
Epoch: 13 loss: 0.8272 accuracy: 0.6933 val_loss: 0.7031 val_accuracy: 0.8017
Epoch: 14 loss: 0.8042 accuracy: 0.6997 val_loss: 0.6728 val_accuracy: 0.8017
Epoch: 15 loss: 0.7892 accuracy: 0.6971 val_loss: 0.6704 val_accuracy: 0.8017
Epoch: 16 loss: 0.7762 accuracy: 0.6961 val_loss: 0.6618 val_accuracy: 0.8017
Epoch: 17 loss: 0.7557 accuracy: 0.7024 val_loss: 0.6381 val_accuracy: 0.8017
Epoch: 18 loss: 0.7408 accuracy: 0.7029 val_loss: 0.6581 val_accuracy: 0.8017
Epoch: 19 loss: 0.7281 accuracy: 0.7030 val_loss: 0.6185 val_accuracy: 0.8017
Epoch: 20 loss: 0.7173 accuracy: 0.7011 val_loss: 0.6319 val_accuracy: 0.8017
Epoch: 21 loss: 0.7080 accuracy: 0.7025 val_loss: 0.6123 val_accuracy: 0.8017
Epoch: 22 loss: 0.6962 accuracy: 0.7042 val_loss: 0.5753 val_accuracy: 0.8017
Epoch: 23 loss: 0.6909 accuracy: 0.7011 val_loss: 0.6042 val_accuracy: 0.8017
Epoch: 24 loss: 0.6819 accuracy: 0.7012 val_loss: 0.5891 val_accuracy: 0.8017
Epoch: 25 loss: 0.6712 accuracy: 0.7061 val_loss: 0.5646 val_accuracy: 0.8017
Epoch: 26 loss: 0.6740 accuracy: 0.6984 val_loss: 0.5535 val_accuracy: 0.8017
Epoch: 27 loss: 0.6677 accuracy: 0.6996 val_loss: 0.5545 val_accuracy: 0.8017
Epoch: 28 loss: 0.6597 accuracy: 0.7020 val_loss: 0.5799 val_accuracy: 0.8017
Epoch: 29 loss: 0.6562 accuracy: 0.7025 val_loss: 0.5568 val_accuracy: 0.8017
Epoch: 30 loss: 0.6513 accuracy: 0.7042 val_loss: 0.6247 val_accuracy: 0.8017
Epoch: 31 loss: 0.6513 accuracy: 0.7019 val_loss: 0.6515 val_accuracy: 0.8017

Epoch 00031: ReduceLROnPlateau reducing learning rate to 7.999999797903001e-05.
Epoch: 32 loss: 0.6512 accuracy: 0.6993 val_loss: 0.5300 val_accuracy: 0.8017
Epoch: 33 loss: 0.6452 accuracy: 0.7034 val_loss: 0.5488 val_accuracy: 0.8017
Epoch: 34 loss: 0.6440 accuracy: 0.7019 val_loss: 0.5781 val_accuracy: 0.8017
Epoch: 35 loss: 0.6395 accuracy: 0.7039 val_loss: 0.6610 val_accuracy: 0.8017
Epoch: 36 loss: 0.6345 accuracy: 0.7102 val_loss: 0.5429 val_accuracy: 0.8017
Epoch: 37 loss: 0.6447 accuracy: 0.6961 val_loss: 0.5382 val_accuracy: 0.8017

Epoch 00037: ReduceLROnPlateau reducing learning rate to 6.399999838322402e-05.
Epoch: 38 loss: 0.6355 accuracy: 0.7047 val_loss: 0.5543 val_accuracy: 0.8017
Epoch: 39 loss: 0.6325 accuracy: 0.7064 val_loss: 0.5655 val_accuracy: 0.8017
Epoch: 40 loss: 0.6346 accuracy: 0.7024 val_loss: 0.5388 val_accuracy: 0.8017
Epoch: 41 loss: 0.6338 accuracy: 0.7033 val_loss: 0.5351 val_accuracy: 0.8017
Epoch: 42 loss: 0.6337 accuracy: 0.7006 val_loss: 0.5401 val_accuracy: 0.8017

Epoch 00042: ReduceLROnPlateau reducing learning rate to 5.119999987073243e-05.
End of augmented training
Finish
Job ended!
