Tue 07 May 2024 03:55:48 AM EDT
Python 3.9.7
nvcc: NVIDIA (R) Cuda compiler driver
Copyright (c) 2005-2019 NVIDIA Corporation
Built on Sun_Jul_28_19:07:16_PDT_2019
Cuda compilation tools, release 10.1, V10.1.243
My SLURM_ARRAY_TASK_ID: 
DB: ['ISIC2016', 'PAD_UFES_20', 'MEDNODE', 'KaggleMB']
IMG_SIZE: [384, 384]
CLASSIFIER: EfficientNetB4
JOB_INDEX: None
Start training augmented images
Combining...
Combining 1th db out of 4 dbs
Combining 2th db out of 4 dbs
Combining 3th db out of 4 dbs
Combining 4th db out of 4 dbs
Stacking data
Combining complete
Model: "sequential"
_________________________________________________________________
Layer (type)                 Output Shape              Param #   
=================================================================
efficientnetb4 (Functional)  (None, 1792)              17673823  
_________________________________________________________________
dense (Dense)                (None, 512)               918016    
_________________________________________________________________
dropout (Dropout)            (None, 512)               0         
_________________________________________________________________
batch_normalization (BatchNo (None, 512)               2048      
_________________________________________________________________
dense_1 (Dense)              (None, 256)               131328    
_________________________________________________________________
batch_normalization_1 (Batch (None, 256)               1024      
_________________________________________________________________
dense_2 (Dense)              (None, 2)                 514       
=================================================================
Total params: 18,726,753
Trainable params: 1,051,394
Non-trainable params: 17,675,359
_________________________________________________________________
Fitting ISIC2016+PAD_UFES_20+MEDNODE+KaggleMB_aug_EfficientNetB4_384h_384w_None model...
model_name: ISIC2016+PAD_UFES_20+MEDNODE+KaggleMB_aug_EfficientNetB4_384h_384w_None
Epoch: 1 loss: 1.4393 accuracy: 0.5053 val_loss: 1.1432 val_accuracy: 0.7621
Epoch: 2 loss: 1.3000 accuracy: 0.5081 val_loss: 1.1487 val_accuracy: 0.6672
Epoch: 3 loss: 1.2320 accuracy: 0.5208 val_loss: 1.0399 val_accuracy: 0.7621
Epoch: 4 loss: 1.2063 accuracy: 0.5191 val_loss: 1.0336 val_accuracy: 0.7621
Epoch: 5 loss: 1.1874 accuracy: 0.5172 val_loss: 1.0091 val_accuracy: 0.7621
Epoch: 6 loss: 1.1643 accuracy: 0.5140 val_loss: 0.9398 val_accuracy: 0.7621
Epoch: 7 loss: 1.1414 accuracy: 0.5259 val_loss: 0.9303 val_accuracy: 0.7621
Epoch: 8 loss: 1.1318 accuracy: 0.5216 val_loss: 1.0443 val_accuracy: 0.7621
Epoch: 9 loss: 1.1192 accuracy: 0.5272 val_loss: 1.1011 val_accuracy: 0.2379
Epoch: 10 loss: 1.1063 accuracy: 0.5266 val_loss: 0.9202 val_accuracy: 0.7621
Epoch: 11 loss: 1.0953 accuracy: 0.5333 val_loss: 1.1857 val_accuracy: 0.2379
Epoch: 12 loss: 1.0937 accuracy: 0.5162 val_loss: 1.0665 val_accuracy: 0.2379
Epoch: 13 loss: 1.0738 accuracy: 0.5343 val_loss: 1.0462 val_accuracy: 0.2379
Epoch: 14 loss: 1.0676 accuracy: 0.5294 val_loss: 0.9101 val_accuracy: 0.7621
Epoch: 15 loss: 1.0523 accuracy: 0.5375 val_loss: 0.8727 val_accuracy: 0.7621
Epoch: 16 loss: 1.0468 accuracy: 0.5287 val_loss: 0.9432 val_accuracy: 0.7621
Epoch: 17 loss: 1.0345 accuracy: 0.5275 val_loss: 0.9801 val_accuracy: 0.7621
Epoch: 18 loss: 1.0249 accuracy: 0.5299 val_loss: 1.0017 val_accuracy: 0.2379
Epoch: 19 loss: 1.0103 accuracy: 0.5401 val_loss: 1.0437 val_accuracy: 0.2379
Epoch: 20 loss: 1.0104 accuracy: 0.5342 val_loss: 0.9293 val_accuracy: 0.7621

Epoch 00020: ReduceLROnPlateau reducing learning rate to 7.999999797903001e-05.
Epoch: 21 loss: 1.0051 accuracy: 0.5272 val_loss: 0.8628 val_accuracy: 0.7621
Epoch: 22 loss: 0.9911 accuracy: 0.5355 val_loss: 0.8840 val_accuracy: 0.7621
Epoch: 23 loss: 0.9805 accuracy: 0.5445 val_loss: 0.9234 val_accuracy: 0.7621
Epoch: 24 loss: 0.9738 accuracy: 0.5485 val_loss: 0.8702 val_accuracy: 0.7621
Epoch: 25 loss: 0.9651 accuracy: 0.5470 val_loss: 0.9718 val_accuracy: 0.2379
Epoch: 26 loss: 0.9617 accuracy: 0.5390 val_loss: 0.9452 val_accuracy: 0.7621

Epoch 00026: ReduceLROnPlateau reducing learning rate to 6.399999838322402e-05.
Epoch: 27 loss: 0.9594 accuracy: 0.5430 val_loss: 0.8014 val_accuracy: 0.7621
Epoch: 28 loss: 0.9528 accuracy: 0.5383 val_loss: 0.9001 val_accuracy: 0.7621
Epoch: 29 loss: 0.9447 accuracy: 0.5446 val_loss: 0.8641 val_accuracy: 0.7621
Epoch: 30 loss: 0.9376 accuracy: 0.5499 val_loss: 0.8483 val_accuracy: 0.7621
Epoch: 31 loss: 0.9304 accuracy: 0.5485 val_loss: 0.8594 val_accuracy: 0.7621
Epoch: 32 loss: 0.9263 accuracy: 0.5545 val_loss: 0.8478 val_accuracy: 0.7621

Epoch 00032: ReduceLROnPlateau reducing learning rate to 5.119999987073243e-05.
Epoch: 33 loss: 0.9211 accuracy: 0.5546 val_loss: 0.8396 val_accuracy: 0.7621
Epoch: 34 loss: 0.9189 accuracy: 0.5431 val_loss: 0.8447 val_accuracy: 0.7621
Epoch: 35 loss: 0.9160 accuracy: 0.5395 val_loss: 0.8602 val_accuracy: 0.7621
Epoch: 36 loss: 0.9095 accuracy: 0.5560 val_loss: 0.8341 val_accuracy: 0.7621
Epoch: 37 loss: 0.9018 accuracy: 0.5569 val_loss: 0.8523 val_accuracy: 0.7621

Epoch 00037: ReduceLROnPlateau reducing learning rate to 4.0960000478662555e-05.
End of augmented training
Finish
Job ended!
