Tue 07 May 2024 02:53:00 AM EDT
Python 3.9.7
nvcc: NVIDIA (R) Cuda compiler driver
Copyright (c) 2005-2019 NVIDIA Corporation
Built on Sun_Jul_28_19:07:16_PDT_2019
Cuda compilation tools, release 10.1, V10.1.243
My SLURM_ARRAY_TASK_ID: 
DB: ['ISIC2016', 'ISIC2018', 'ISIC2019']
IMG_SIZE: [384, 384]
CLASSIFIER: EfficientNetB4
JOB_INDEX: None
Start training augmented images
Combining...
Combining 1th db out of 3 dbs
Combining 2th db out of 3 dbs
Combining 3th db out of 3 dbs
Stacking data
Combining complete
Model: "sequential"
_________________________________________________________________
Layer (type)                 Output Shape              Param #   
=================================================================
efficientnetb4 (Functional)  (None, 1792)              17673823  
_________________________________________________________________
dense (Dense)                (None, 512)               918016    
_________________________________________________________________
dropout (Dropout)            (None, 512)               0         
_________________________________________________________________
batch_normalization (BatchNo (None, 512)               2048      
_________________________________________________________________
dense_1 (Dense)              (None, 256)               131328    
_________________________________________________________________
batch_normalization_1 (Batch (None, 256)               1024      
_________________________________________________________________
dense_2 (Dense)              (None, 2)                 514       
=================================================================
Total params: 18,726,753
Trainable params: 1,051,394
Non-trainable params: 17,675,359
_________________________________________________________________
Fitting ISIC2016+ISIC2018+ISIC2019_aug_EfficientNetB4_384h_384w_None model...
model_name: ISIC2016+ISIC2018+ISIC2019_aug_EfficientNetB4_384h_384w_None
Epoch: 1 loss: 1.1994 accuracy: 0.5632 val_loss: 0.8433 val_accuracy: 0.8237
Epoch: 2 loss: 1.0574 accuracy: 0.6022 val_loss: 0.8101 val_accuracy: 0.8237
Epoch: 3 loss: 0.9873 accuracy: 0.6219 val_loss: 0.7585 val_accuracy: 0.8237
Epoch: 4 loss: 0.9337 accuracy: 0.6295 val_loss: 0.7066 val_accuracy: 0.8237
Epoch: 5 loss: 0.8802 accuracy: 0.6419 val_loss: 0.6911 val_accuracy: 0.8237
Epoch: 6 loss: 0.8330 accuracy: 0.6498 val_loss: 0.7020 val_accuracy: 0.8237
Epoch: 7 loss: 0.7947 accuracy: 0.6495 val_loss: 0.6101 val_accuracy: 0.8237
Epoch: 8 loss: 0.7575 accuracy: 0.6564 val_loss: 0.5582 val_accuracy: 0.8237
Epoch: 9 loss: 0.7346 accuracy: 0.6517 val_loss: 0.5672 val_accuracy: 0.8237
Epoch: 10 loss: 0.7129 accuracy: 0.6555 val_loss: 0.5906 val_accuracy: 0.8237
Epoch: 11 loss: 0.6973 accuracy: 0.6586 val_loss: 0.5170 val_accuracy: 0.8237
Epoch: 12 loss: 0.6880 accuracy: 0.6581 val_loss: 0.6214 val_accuracy: 0.8237
Epoch: 13 loss: 0.6818 accuracy: 0.6568 val_loss: 0.5405 val_accuracy: 0.8237
Epoch: 14 loss: 0.6770 accuracy: 0.6570 val_loss: 0.5631 val_accuracy: 0.8237
Epoch: 15 loss: 0.6748 accuracy: 0.6531 val_loss: 0.5214 val_accuracy: 0.8237
Epoch: 16 loss: 0.6708 accuracy: 0.6537 val_loss: 0.5534 val_accuracy: 0.8237

Epoch 00016: ReduceLROnPlateau reducing learning rate to 7.999999797903001e-05.
Epoch: 17 loss: 0.6667 accuracy: 0.6563 val_loss: 0.5526 val_accuracy: 0.8237
Epoch: 18 loss: 0.6625 accuracy: 0.6600 val_loss: 0.5674 val_accuracy: 0.8237
Epoch: 19 loss: 0.6620 accuracy: 0.6583 val_loss: 0.5265 val_accuracy: 0.8237
Epoch: 20 loss: 0.6604 accuracy: 0.6574 val_loss: 0.5716 val_accuracy: 0.8237
Epoch: 21 loss: 0.6578 accuracy: 0.6595 val_loss: 0.5402 val_accuracy: 0.8237

Epoch 00021: ReduceLROnPlateau reducing learning rate to 6.399999838322402e-05.
End of augmented training
Finish
Job ended!
