Mon 26 Feb 2024 12:42:33 AM EST
Python 3.9.7
nvcc: NVIDIA (R) Cuda compiler driver
Copyright (c) 2005-2019 NVIDIA Corporation
Built on Sun_Jul_28_19:07:16_PDT_2019
Cuda compilation tools, release 10.1, V10.1.243
My SLURM_ARRAY_TASK_ID:  1
DB: ['_7_point_criteria']
IMG_SIZE: [150, 150]
CLASSIFIER: InceptionV3
JOB_INDEX: 1
Combining...
Combining 1 db out of 1 dbs
Stacking training images
Stacking training labels
Stacking validation images
Stacking validation labels
Combining...
Combining 1 db out of 1 dbs
Stacking training images
Stacking training labels
Stacking validation images
Stacking validation labels
Model: "sequential"
_________________________________________________________________
Layer (type)                 Output Shape              Param #   
=================================================================
inception_v3 (Functional)    (None, 2048)              21802784  
_________________________________________________________________
dense (Dense)                (None, 512)               1049088   
_________________________________________________________________
dropout (Dropout)            (None, 512)               0         
_________________________________________________________________
batch_normalization_94 (Batc (None, 512)               2048      
_________________________________________________________________
dense_1 (Dense)              (None, 256)               131328    
_________________________________________________________________
dropout_1 (Dropout)          (None, 256)               0         
_________________________________________________________________
batch_normalization_95 (Batc (None, 256)               1024      
_________________________________________________________________
dense_2 (Dense)              (None, 2)                 514       
=================================================================
Total params: 22,986,786
Trainable params: 1,182,466
Non-trainable params: 21,804,320
_________________________________________________________________
Fitting _7_point_criteria_noaug_InceptionV3_150h_150w_1 model...
Epoch: 1 loss: 0.6990 accuracy: 0.5407 val_loss: 0.6866 val_accuracy: 0.6995
Epoch: 2 loss: 0.6624 accuracy: 0.5906 val_loss: 0.6806 val_accuracy: 0.6995
Epoch: 3 loss: 0.6766 accuracy: 0.5853 val_loss: 0.6750 val_accuracy: 0.6995
Epoch: 4 loss: 0.6570 accuracy: 0.6247 val_loss: 0.6695 val_accuracy: 0.6995
Epoch: 5 loss: 0.6404 accuracy: 0.6457 val_loss: 0.6647 val_accuracy: 0.6995
Epoch: 6 loss: 0.6433 accuracy: 0.6562 val_loss: 0.6603 val_accuracy: 0.6995
Epoch: 7 loss: 0.6356 accuracy: 0.6562 val_loss: 0.6560 val_accuracy: 0.6995
Epoch: 8 loss: 0.6123 accuracy: 0.7057 val_loss: 0.6522 val_accuracy: 0.6995
Epoch: 9 loss: 0.5966 accuracy: 0.7218 val_loss: 0.6481 val_accuracy: 0.6995
Epoch: 10 loss: 0.5968 accuracy: 0.7349 val_loss: 0.6443 val_accuracy: 0.6995
Epoch: 11 loss: 0.5953 accuracy: 0.7165 val_loss: 0.6406 val_accuracy: 0.6995
Epoch: 12 loss: 0.5764 accuracy: 0.7454 val_loss: 0.6369 val_accuracy: 0.6995
Epoch: 13 loss: 0.5816 accuracy: 0.7533 val_loss: 0.6335 val_accuracy: 0.6995
Epoch: 14 loss: 0.5769 accuracy: 0.7402 val_loss: 0.6305 val_accuracy: 0.6995
Epoch: 15 loss: 0.5512 accuracy: 0.7612 val_loss: 0.6278 val_accuracy: 0.6995
Epoch: 16 loss: 0.5623 accuracy: 0.7682 val_loss: 0.6255 val_accuracy: 0.6995
Epoch: 17 loss: 0.5571 accuracy: 0.7690 val_loss: 0.6237 val_accuracy: 0.6995
Epoch: 18 loss: 0.5638 accuracy: 0.7270 val_loss: 0.6216 val_accuracy: 0.6995
Epoch: 19 loss: 0.5534 accuracy: 0.7717 val_loss: 0.6196 val_accuracy: 0.6995
Epoch: 20 loss: 0.5544 accuracy: 0.7656 val_loss: 0.6178 val_accuracy: 0.6995
Fitting _7_point_criteria_aug_InceptionV3_150h_150w_1 model...
Epoch: 1 loss: 0.6468 accuracy: 0.6273 val_loss: 0.6165 val_accuracy: 0.6995
Epoch: 2 loss: 0.6290 accuracy: 0.6622 val_loss: 0.6166 val_accuracy: 0.6995
Epoch: 3 loss: 0.6210 accuracy: 0.6739 val_loss: 0.6176 val_accuracy: 0.6995
Epoch: 4 loss: 0.6169 accuracy: 0.6539 val_loss: 0.6172 val_accuracy: 0.6995
Epoch: 5 loss: 0.6004 accuracy: 0.6722 val_loss: 0.6175 val_accuracy: 0.6995
Epoch: 6 loss: 0.6077 accuracy: 0.6656 val_loss: 0.6176 val_accuracy: 0.6995
Epoch: 7 loss: 0.5899 accuracy: 0.6755 val_loss: 0.6163 val_accuracy: 0.6995
Epoch: 8 loss: 0.6184 accuracy: 0.6722 val_loss: 0.6161 val_accuracy: 0.6995
Epoch: 9 loss: 0.6289 accuracy: 0.6439 val_loss: 0.6171 val_accuracy: 0.6995
Epoch: 10 loss: 0.5919 accuracy: 0.6805 val_loss: 0.6142 val_accuracy: 0.6995
Epoch: 11 loss: 0.5857 accuracy: 0.7022 val_loss: 0.6113 val_accuracy: 0.6995
Epoch: 12 loss: 0.5932 accuracy: 0.6822 val_loss: 0.6127 val_accuracy: 0.6995
Epoch: 13 loss: 0.6061 accuracy: 0.6689 val_loss: 0.6131 val_accuracy: 0.6995
Epoch: 14 loss: 0.5932 accuracy: 0.6855 val_loss: 0.6102 val_accuracy: 0.6995
Epoch: 15 loss: 0.5941 accuracy: 0.6739 val_loss: 0.6121 val_accuracy: 0.6995
Epoch: 16 loss: 0.5893 accuracy: 0.6922 val_loss: 0.6025 val_accuracy: 0.6995
Epoch: 17 loss: 0.6013 accuracy: 0.6672 val_loss: 0.6049 val_accuracy: 0.6995
Epoch: 18 loss: 0.5948 accuracy: 0.6822 val_loss: 0.6006 val_accuracy: 0.6995
Epoch: 19 loss: 0.5898 accuracy: 0.6789 val_loss: 0.6063 val_accuracy: 0.7094
Epoch: 20 loss: 0.5800 accuracy: 0.6855 val_loss: 0.6026 val_accuracy: 0.7143
Job ended!
