Fri 01 Mar 2024 05:38:53 PM EST
Python 3.9.7
nvcc: NVIDIA (R) Cuda compiler driver
Copyright (c) 2005-2019 NVIDIA Corporation
Built on Sun_Jul_28_19:07:16_PDT_2019
Cuda compilation tools, release 10.1, V10.1.243
My SLURM_ARRAY_TASK_ID: 
DB: ['ISIC2016', 'ISIC2017', 'ISIC2018', 'ISIC2019', 'PAD_UFES_20', 'MEDNODE']
IMG_SIZE: [150, 150]
CLASSIFIER: MobileNet
SELF_AUG: 1
JOB_INDEX: None
Combining...
Combining 1 db out of 6 dbs
Combining 2 db out of 6 dbs
Combining 3 db out of 6 dbs
Combining 4 db out of 6 dbs
Combining 5 db out of 6 dbs
Combining 6 db out of 6 dbs
Stacking training images
Stacking training labels
Stacking validation images
Stacking validation labels
Model: "sequential"
_________________________________________________________________
Layer (type)                 Output Shape              Param #   
=================================================================
mobilenet_1.00_224 (Function (None, 1024)              3228864   
_________________________________________________________________
dense (Dense)                (None, 512)               524800    
_________________________________________________________________
dropout (Dropout)            (None, 512)               0         
_________________________________________________________________
batch_normalization (BatchNo (None, 512)               2048      
_________________________________________________________________
dense_1 (Dense)              (None, 256)               131328    
_________________________________________________________________
dropout_1 (Dropout)          (None, 256)               0         
_________________________________________________________________
batch_normalization_1 (Batch (None, 256)               1024      
_________________________________________________________________
dense_2 (Dense)              (None, 2)                 514       
=================================================================
Total params: 3,888,578
Trainable params: 658,178
Non-trainable params: 3,230,400
_________________________________________________________________
Fitting ISIC2016+ISIC2017+ISIC2018+ISIC2019+PAD_UFES_20+MEDNODE_aug_MobileNet_150h_150w_None model...
model_name: ISIC2016+ISIC2017+ISIC2018+ISIC2019+PAD_UFES_20+MEDNODE_aug_MobileNet_150h_150w_None
Epoch: 1 loss: 0.5787 accuracy: 0.7324 val_loss: 0.3573 val_accuracy: 0.8527
Epoch: 2 loss: 0.4723 accuracy: 0.7797 val_loss: 0.3387 val_accuracy: 0.8687
Epoch: 3 loss: 0.4392 accuracy: 0.7952 val_loss: 0.3173 val_accuracy: 0.8748
Epoch: 4 loss: 0.4144 accuracy: 0.8053 val_loss: 0.3164 val_accuracy: 0.8759
Epoch: 5 loss: 0.3957 accuracy: 0.8176 val_loss: 0.3049 val_accuracy: 0.8820
Epoch: 6 loss: 0.3793 accuracy: 0.8254 val_loss: 0.3016 val_accuracy: 0.8798
Epoch: 7 loss: 0.3632 accuracy: 0.8326 val_loss: 0.2895 val_accuracy: 0.8879
Epoch: 8 loss: 0.3444 accuracy: 0.8452 val_loss: 0.2885 val_accuracy: 0.8879
Epoch: 9 loss: 0.3309 accuracy: 0.8516 val_loss: 0.2842 val_accuracy: 0.8854
Epoch: 10 loss: 0.3177 accuracy: 0.8571 val_loss: 0.2803 val_accuracy: 0.8938
Epoch: 11 loss: 0.2975 accuracy: 0.8679 val_loss: 0.2703 val_accuracy: 0.8915
Epoch: 12 loss: 0.2879 accuracy: 0.8714 val_loss: 0.2683 val_accuracy: 0.8994
Epoch: 13 loss: 0.2743 accuracy: 0.8797 val_loss: 0.2754 val_accuracy: 0.8935
Epoch: 14 loss: 0.2633 accuracy: 0.8861 val_loss: 0.2715 val_accuracy: 0.9024
Epoch: 15 loss: 0.2540 accuracy: 0.8895 val_loss: 0.2693 val_accuracy: 0.9065
Epoch: 16 loss: 0.2436 accuracy: 0.8950 val_loss: 0.2657 val_accuracy: 0.9015
Epoch: 17 loss: 0.2342 accuracy: 0.8988 val_loss: 0.2883 val_accuracy: 0.8950
Epoch: 18 loss: 0.2214 accuracy: 0.9049 val_loss: 0.2728 val_accuracy: 0.9050
Epoch: 19 loss: 0.2199 accuracy: 0.9055 val_loss: 0.2772 val_accuracy: 0.9047
Epoch: 20 loss: 0.2068 accuracy: 0.9117 val_loss: 0.2769 val_accuracy: 0.9071
Job ended!
