Fri 01 Mar 2024 05:20:39 PM EST
Python 3.9.7
nvcc: NVIDIA (R) Cuda compiler driver
Copyright (c) 2005-2019 NVIDIA Corporation
Built on Sun_Jul_28_19:07:16_PDT_2019
Cuda compilation tools, release 10.1, V10.1.243
My SLURM_ARRAY_TASK_ID: 
DB: ['ISIC2016', 'ISIC2017', 'ISIC2018', '_7_point_criteria', 'PAD_UFES_20']
IMG_SIZE: [150, 150]
CLASSIFIER: MobileNet
SELF_AUG: 1
JOB_INDEX: None
Combining...
Combining 1 db out of 5 dbs
Combining 2 db out of 5 dbs
Combining 3 db out of 5 dbs
Combining 4 db out of 5 dbs
Combining 5 db out of 5 dbs
Stacking training images
Stacking training labels
Stacking validation images
Stacking validation labels
Model: "sequential"
_________________________________________________________________
Layer (type)                 Output Shape              Param #   
=================================================================
mobilenet_1.00_224 (Function (None, 1024)              3228864   
_________________________________________________________________
dense (Dense)                (None, 512)               524800    
_________________________________________________________________
dropout (Dropout)            (None, 512)               0         
_________________________________________________________________
batch_normalization (BatchNo (None, 512)               2048      
_________________________________________________________________
dense_1 (Dense)              (None, 256)               131328    
_________________________________________________________________
dropout_1 (Dropout)          (None, 256)               0         
_________________________________________________________________
batch_normalization_1 (Batch (None, 256)               1024      
_________________________________________________________________
dense_2 (Dense)              (None, 2)                 514       
=================================================================
Total params: 3,888,578
Trainable params: 658,178
Non-trainable params: 3,230,400
_________________________________________________________________
Fitting ISIC2016+ISIC2017+ISIC2018+_7_point_criteria+PAD_UFES_20_aug_MobileNet_150h_150w_None model...
model_name: ISIC2016+ISIC2017+ISIC2018+_7_point_criteria+PAD_UFES_20_aug_MobileNet_150h_150w_None
Epoch: 1 loss: 0.6207 accuracy: 0.7122 val_loss: 0.3872 val_accuracy: 0.8347
Epoch: 2 loss: 0.4609 accuracy: 0.7906 val_loss: 0.3733 val_accuracy: 0.8558
Epoch: 3 loss: 0.4281 accuracy: 0.8060 val_loss: 0.3404 val_accuracy: 0.8659
Epoch: 4 loss: 0.3998 accuracy: 0.8216 val_loss: 0.3441 val_accuracy: 0.8676
Epoch: 5 loss: 0.3715 accuracy: 0.8334 val_loss: 0.3331 val_accuracy: 0.8693
Epoch: 6 loss: 0.3594 accuracy: 0.8404 val_loss: 0.3434 val_accuracy: 0.8727
Epoch: 7 loss: 0.3321 accuracy: 0.8539 val_loss: 0.3418 val_accuracy: 0.8685
Epoch: 8 loss: 0.3186 accuracy: 0.8608 val_loss: 0.3422 val_accuracy: 0.8718
Epoch: 9 loss: 0.3045 accuracy: 0.8682 val_loss: 0.3429 val_accuracy: 0.8710
Epoch: 10 loss: 0.2823 accuracy: 0.8777 val_loss: 0.3441 val_accuracy: 0.8828
Epoch: 11 loss: 0.2636 accuracy: 0.8881 val_loss: 0.3631 val_accuracy: 0.8769
Epoch: 12 loss: 0.2511 accuracy: 0.8932 val_loss: 0.3819 val_accuracy: 0.8777
Epoch: 13 loss: 0.2432 accuracy: 0.8971 val_loss: 0.3570 val_accuracy: 0.8862
Epoch: 14 loss: 0.2255 accuracy: 0.9063 val_loss: 0.3798 val_accuracy: 0.8786
Epoch: 15 loss: 0.2147 accuracy: 0.9088 val_loss: 0.3983 val_accuracy: 0.8744
Epoch: 16 loss: 0.1936 accuracy: 0.9200 val_loss: 0.4066 val_accuracy: 0.8836
Epoch: 17 loss: 0.1881 accuracy: 0.9224 val_loss: 0.3986 val_accuracy: 0.8752
Epoch: 18 loss: 0.1797 accuracy: 0.9266 val_loss: 0.4326 val_accuracy: 0.8727
Epoch: 19 loss: 0.1704 accuracy: 0.9311 val_loss: 0.4290 val_accuracy: 0.8786
Epoch: 20 loss: 0.1575 accuracy: 0.9358 val_loss: 0.4609 val_accuracy: 0.8853
Job ended!
