Wed 28 Feb 2024 01:14:20 AM EST
Python 3.9.7
nvcc: NVIDIA (R) Cuda compiler driver
Copyright (c) 2005-2019 NVIDIA Corporation
Built on Sun_Jul_28_19:07:16_PDT_2019
Cuda compilation tools, release 10.1, V10.1.243
My SLURM_ARRAY_TASK_ID: 
DB: ['ISIC2016', '_7_point_criteria', 'PAD_UFES_20', 'MEDNODE']
IMG_SIZE: [150, 150]
CLASSIFIER: ResNet101V2
SELF_AUG: 1
JOB_INDEX: None
Combining...
Combining 1 db out of 4 dbs
Combining 2 db out of 4 dbs
Combining 3 db out of 4 dbs
Combining 4 db out of 4 dbs
Stacking training images
Stacking training labels
Stacking validation images
Stacking validation labels
Model: "sequential"
_________________________________________________________________
Layer (type)                 Output Shape              Param #   
=================================================================
resnet101v2 (Functional)     (None, 2048)              42626560  
_________________________________________________________________
dense (Dense)                (None, 512)               1049088   
_________________________________________________________________
dropout (Dropout)            (None, 512)               0         
_________________________________________________________________
batch_normalization (BatchNo (None, 512)               2048      
_________________________________________________________________
dense_1 (Dense)              (None, 256)               131328    
_________________________________________________________________
dropout_1 (Dropout)          (None, 256)               0         
_________________________________________________________________
batch_normalization_1 (Batch (None, 256)               1024      
_________________________________________________________________
dense_2 (Dense)              (None, 2)                 514       
=================================================================
Total params: 43,810,562
Trainable params: 1,182,466
Non-trainable params: 42,628,096
_________________________________________________________________
Fitting ISIC2016+_7_point_criteria+PAD_UFES_20+MEDNODE_aug_ResNet101V2_150h_150w_None model...
model_name: ISIC2016+_7_point_criteria+PAD_UFES_20+MEDNODE_aug_ResNet101V2_150h_150w_None
Epoch: 1 loss: 0.8190 accuracy: 0.5911 val_loss: 0.6501 val_accuracy: 0.8632
Epoch: 2 loss: 0.7043 accuracy: 0.6405 val_loss: 0.5680 val_accuracy: 0.8666
Epoch: 3 loss: 0.6270 accuracy: 0.6842 val_loss: 0.5222 val_accuracy: 0.8700
Epoch: 4 loss: 0.6168 accuracy: 0.6996 val_loss: 0.5134 val_accuracy: 0.8358
Epoch: 5 loss: 0.6149 accuracy: 0.7170 val_loss: 0.4449 val_accuracy: 0.8415
Epoch: 6 loss: 0.5981 accuracy: 0.7183 val_loss: 0.3958 val_accuracy: 0.8563
Epoch: 7 loss: 0.5721 accuracy: 0.7302 val_loss: 0.3996 val_accuracy: 0.8666
Epoch: 8 loss: 0.5872 accuracy: 0.7217 val_loss: 0.7611 val_accuracy: 0.5268
Epoch: 9 loss: 0.5595 accuracy: 0.7417 val_loss: 0.4207 val_accuracy: 0.8426
Epoch: 10 loss: 0.5611 accuracy: 0.7395 val_loss: 0.3678 val_accuracy: 0.8609
Epoch: 11 loss: 0.5518 accuracy: 0.7402 val_loss: 0.4120 val_accuracy: 0.8461
Epoch: 12 loss: 0.5521 accuracy: 0.7434 val_loss: 0.4034 val_accuracy: 0.8495
Epoch: 13 loss: 0.5422 accuracy: 0.7471 val_loss: 0.3925 val_accuracy: 0.8529
Epoch: 14 loss: 0.5482 accuracy: 0.7450 val_loss: 0.3589 val_accuracy: 0.8677
Epoch: 15 loss: 0.5436 accuracy: 0.7437 val_loss: 0.4317 val_accuracy: 0.8119
Epoch: 16 loss: 0.5382 accuracy: 0.7499 val_loss: 0.3771 val_accuracy: 0.8586
Epoch: 17 loss: 0.5246 accuracy: 0.7454 val_loss: 0.3830 val_accuracy: 0.8586
Epoch: 18 loss: 0.5202 accuracy: 0.7512 val_loss: 0.3547 val_accuracy: 0.8655
Epoch: 19 loss: 0.5168 accuracy: 0.7565 val_loss: 0.4039 val_accuracy: 0.8643
Epoch: 20 loss: 0.5055 accuracy: 0.7610 val_loss: 0.3882 val_accuracy: 0.8518
Job ended!
