Wed 28 Feb 2024 01:32:16 AM EST
Python 3.9.7
nvcc: NVIDIA (R) Cuda compiler driver
Copyright (c) 2005-2019 NVIDIA Corporation
Built on Sun_Jul_28_19:07:16_PDT_2019
Cuda compilation tools, release 10.1, V10.1.243
My SLURM_ARRAY_TASK_ID: 
DB: ['ISIC2016', 'ISIC2017', 'ISIC2018', 'ISIC2019', 'ISIC2020', 'PH2', '_7_point_criteria', 'PAD_UFES_20']
IMG_SIZE: [150, 150]
CLASSIFIER: ResNet101V2
SELF_AUG: 1
JOB_INDEX: None
Combining...
Combining 1 db out of 8 dbs
Combining 2 db out of 8 dbs
Combining 3 db out of 8 dbs
Combining 4 db out of 8 dbs
Combining 5 db out of 8 dbs
Combining 6 db out of 8 dbs
Combining 7 db out of 8 dbs
Combining 8 db out of 8 dbs
Stacking training images
Stacking training labels
Stacking validation images
Stacking validation labels
Model: "sequential"
_________________________________________________________________
Layer (type)                 Output Shape              Param #   
=================================================================
resnet101v2 (Functional)     (None, 2048)              42626560  
_________________________________________________________________
dense (Dense)                (None, 512)               1049088   
_________________________________________________________________
dropout (Dropout)            (None, 512)               0         
_________________________________________________________________
batch_normalization (BatchNo (None, 512)               2048      
_________________________________________________________________
dense_1 (Dense)              (None, 256)               131328    
_________________________________________________________________
dropout_1 (Dropout)          (None, 256)               0         
_________________________________________________________________
batch_normalization_1 (Batch (None, 256)               1024      
_________________________________________________________________
dense_2 (Dense)              (None, 2)                 514       
=================================================================
Total params: 43,810,562
Trainable params: 1,182,466
Non-trainable params: 42,628,096
_________________________________________________________________
Fitting ISIC2016+ISIC2017+ISIC2018+ISIC2019+ISIC2020+PH2+_7_point_criteria+PAD_UFES_20_aug_ResNet101V2_150h_150w_None model...
model_name: ISIC2016+ISIC2017+ISIC2018+ISIC2019+ISIC2020+PH2+_7_point_criteria+PAD_UFES_20_aug_ResNet101V2_150h_150w_None
Epoch: 1 loss: 0.5917 accuracy: 0.7027 val_loss: 0.5485 val_accuracy: 0.6891
Epoch: 2 loss: 0.4869 accuracy: 0.7622 val_loss: 0.3196 val_accuracy: 0.9056
Epoch: 3 loss: 0.4567 accuracy: 0.7797 val_loss: 0.2764 val_accuracy: 0.9078
Epoch: 4 loss: 0.4469 accuracy: 0.7838 val_loss: 0.2728 val_accuracy: 0.9119
Epoch: 5 loss: 0.4409 accuracy: 0.7898 val_loss: 0.3510 val_accuracy: 0.8816
Epoch: 6 loss: 0.4339 accuracy: 0.7934 val_loss: 0.2680 val_accuracy: 0.9118
Epoch: 7 loss: 0.4319 accuracy: 0.7935 val_loss: 0.3659 val_accuracy: 0.8549
Epoch: 8 loss: 0.4288 accuracy: 0.7952 val_loss: 0.2633 val_accuracy: 0.9111
Epoch: 9 loss: 0.4235 accuracy: 0.7977 val_loss: 0.2690 val_accuracy: 0.9140
Epoch: 10 loss: 0.4231 accuracy: 0.7985 val_loss: 0.3387 val_accuracy: 0.9045
Epoch: 11 loss: 0.4217 accuracy: 0.7994 val_loss: 0.2484 val_accuracy: 0.9127
Epoch: 12 loss: 0.4193 accuracy: 0.8008 val_loss: 0.2454 val_accuracy: 0.9154
Epoch: 13 loss: 0.4191 accuracy: 0.8007 val_loss: 0.2421 val_accuracy: 0.9143
Epoch: 14 loss: 0.4163 accuracy: 0.8004 val_loss: 0.2512 val_accuracy: 0.9145
Epoch: 15 loss: 0.4138 accuracy: 0.8026 val_loss: 0.2604 val_accuracy: 0.9165
Epoch: 16 loss: 0.4135 accuracy: 0.8032 val_loss: 0.2521 val_accuracy: 0.9144
Epoch: 17 loss: 0.4138 accuracy: 0.8010 val_loss: 0.2900 val_accuracy: 0.9147
Epoch: 18 loss: 0.4111 accuracy: 0.8049 val_loss: 0.3067 val_accuracy: 0.9164
Epoch: 19 loss: 0.4102 accuracy: 0.8051 val_loss: 0.2840 val_accuracy: 0.9110
Epoch: 20 loss: 0.4106 accuracy: 0.8038 val_loss: 0.2342 val_accuracy: 0.9153
Job ended!
