Fri 01 Mar 2024 07:40:21 PM EST
Python 3.9.7
nvcc: NVIDIA (R) Cuda compiler driver
Copyright (c) 2005-2019 NVIDIA Corporation
Built on Sun_Jul_28_19:07:16_PDT_2019
Cuda compilation tools, release 10.1, V10.1.243
My SLURM_ARRAY_TASK_ID: 
DB: ['ISIC2016', 'KaggleMB']
IMG_SIZE: [150, 150]
CLASSIFIER: ResNet101V2
SELF_AUG: 1
JOB_INDEX: None
Combining...
Combining 1 db out of 2 dbs
Combining 2 db out of 2 dbs
Stacking training images
Stacking training labels
Stacking validation images
Stacking validation labels
Model: "sequential"
_________________________________________________________________
Layer (type)                 Output Shape              Param #   
=================================================================
resnet101v2 (Functional)     (None, 2048)              42626560  
_________________________________________________________________
dense (Dense)                (None, 512)               1049088   
_________________________________________________________________
dropout (Dropout)            (None, 512)               0         
_________________________________________________________________
batch_normalization (BatchNo (None, 512)               2048      
_________________________________________________________________
dense_1 (Dense)              (None, 256)               131328    
_________________________________________________________________
dropout_1 (Dropout)          (None, 256)               0         
_________________________________________________________________
batch_normalization_1 (Batch (None, 256)               1024      
_________________________________________________________________
dense_2 (Dense)              (None, 2)                 514       
=================================================================
Total params: 43,810,562
Trainable params: 1,182,466
Non-trainable params: 42,628,096
_________________________________________________________________
Fitting ISIC2016+KaggleMB_aug_ResNet101V2_150h_150w_None model...
model_name: ISIC2016+KaggleMB_aug_ResNet101V2_150h_150w_None
Epoch: 1 loss: 0.6833 accuracy: 0.6911 val_loss: 0.4774 val_accuracy: 0.7924
Epoch: 2 loss: 0.5103 accuracy: 0.7675 val_loss: 0.4651 val_accuracy: 0.7895
Epoch: 3 loss: 0.4338 accuracy: 0.8033 val_loss: 0.4449 val_accuracy: 0.8107
Epoch: 4 loss: 0.4120 accuracy: 0.8204 val_loss: 0.4542 val_accuracy: 0.8136
Epoch: 5 loss: 0.3813 accuracy: 0.8323 val_loss: 0.4426 val_accuracy: 0.8093
Epoch: 6 loss: 0.3392 accuracy: 0.8526 val_loss: 0.4394 val_accuracy: 0.8107
Epoch: 7 loss: 0.3136 accuracy: 0.8603 val_loss: 0.4638 val_accuracy: 0.8178
Epoch: 8 loss: 0.2854 accuracy: 0.8776 val_loss: 0.4518 val_accuracy: 0.8249
Epoch: 9 loss: 0.2674 accuracy: 0.8878 val_loss: 0.4660 val_accuracy: 0.8107
Epoch: 10 loss: 0.2376 accuracy: 0.8995 val_loss: 0.4673 val_accuracy: 0.8136
Epoch: 11 loss: 0.2159 accuracy: 0.9087 val_loss: 0.5139 val_accuracy: 0.7966
Epoch: 12 loss: 0.2053 accuracy: 0.9142 val_loss: 0.4977 val_accuracy: 0.8136
Epoch: 13 loss: 0.1909 accuracy: 0.9206 val_loss: 0.4904 val_accuracy: 0.8121
Epoch: 14 loss: 0.1681 accuracy: 0.9343 val_loss: 0.4979 val_accuracy: 0.8263
Epoch: 15 loss: 0.1584 accuracy: 0.9360 val_loss: 0.5341 val_accuracy: 0.8136
Epoch: 16 loss: 0.1383 accuracy: 0.9477 val_loss: 0.5045 val_accuracy: 0.8277
Epoch: 17 loss: 0.1295 accuracy: 0.9499 val_loss: 0.5798 val_accuracy: 0.7980
Epoch: 18 loss: 0.1229 accuracy: 0.9550 val_loss: 0.5666 val_accuracy: 0.8136
Epoch: 19 loss: 0.1134 accuracy: 0.9588 val_loss: 0.5964 val_accuracy: 0.7966
Epoch: 20 loss: 0.1002 accuracy: 0.9635 val_loss: 0.6294 val_accuracy: 0.8037
Job ended!
