Fri 01 Mar 2024 06:35:47 PM EST
Python 3.9.7
nvcc: NVIDIA (R) Cuda compiler driver
Copyright (c) 2005-2019 NVIDIA Corporation
Built on Sun_Jul_28_19:07:16_PDT_2019
Cuda compilation tools, release 10.1, V10.1.243
My SLURM_ARRAY_TASK_ID: 
DB: ['ISIC2016']
IMG_SIZE: [150, 150]
CLASSIFIER: ResNet101V2
SELF_AUG: 1
JOB_INDEX: None
Combining...
Combining 1 db out of 1 dbs
Stacking training images
Stacking training labels
Stacking validation images
Stacking validation labels
Model: "sequential"
_________________________________________________________________
Layer (type)                 Output Shape              Param #   
=================================================================
resnet101v2 (Functional)     (None, 2048)              42626560  
_________________________________________________________________
dense (Dense)                (None, 512)               1049088   
_________________________________________________________________
dropout (Dropout)            (None, 512)               0         
_________________________________________________________________
batch_normalization (BatchNo (None, 512)               2048      
_________________________________________________________________
dense_1 (Dense)              (None, 256)               131328    
_________________________________________________________________
dropout_1 (Dropout)          (None, 256)               0         
_________________________________________________________________
batch_normalization_1 (Batch (None, 256)               1024      
_________________________________________________________________
dense_2 (Dense)              (None, 2)                 514       
=================================================================
Total params: 43,810,562
Trainable params: 1,182,466
Non-trainable params: 42,628,096
_________________________________________________________________
Fitting ISIC2016_aug_ResNet101V2_150h_150w_None model...
model_name: ISIC2016_aug_ResNet101V2_150h_150w_None
Epoch: 1 loss: 0.8272 accuracy: 0.6323 val_loss: 0.4961 val_accuracy: 0.7611
Epoch: 2 loss: 0.6379 accuracy: 0.7138 val_loss: 0.4536 val_accuracy: 0.7944
Epoch: 3 loss: 0.5267 accuracy: 0.7728 val_loss: 0.4437 val_accuracy: 0.7778
Epoch: 4 loss: 0.4779 accuracy: 0.7797 val_loss: 0.4303 val_accuracy: 0.8056
Epoch: 5 loss: 0.4318 accuracy: 0.8127 val_loss: 0.4604 val_accuracy: 0.7833
Epoch: 6 loss: 0.3999 accuracy: 0.8265 val_loss: 0.4465 val_accuracy: 0.7944
Epoch: 7 loss: 0.3329 accuracy: 0.8630 val_loss: 0.4479 val_accuracy: 0.8111
Epoch: 8 loss: 0.2899 accuracy: 0.8873 val_loss: 0.4658 val_accuracy: 0.8167
Epoch: 9 loss: 0.2989 accuracy: 0.8786 val_loss: 0.4968 val_accuracy: 0.7889
Epoch: 10 loss: 0.2907 accuracy: 0.8725 val_loss: 0.5047 val_accuracy: 0.7889
Epoch: 11 loss: 0.2553 accuracy: 0.8994 val_loss: 0.5079 val_accuracy: 0.7944
Epoch: 12 loss: 0.2398 accuracy: 0.9055 val_loss: 0.5469 val_accuracy: 0.7722
Epoch: 13 loss: 0.1981 accuracy: 0.9211 val_loss: 0.5229 val_accuracy: 0.8111
Epoch: 14 loss: 0.1960 accuracy: 0.9263 val_loss: 0.5140 val_accuracy: 0.8222
Epoch: 15 loss: 0.1701 accuracy: 0.9358 val_loss: 0.5561 val_accuracy: 0.8000
Epoch: 16 loss: 0.1609 accuracy: 0.9428 val_loss: 0.5604 val_accuracy: 0.8111
Epoch: 17 loss: 0.1569 accuracy: 0.9514 val_loss: 0.5737 val_accuracy: 0.8111
Epoch: 18 loss: 0.1255 accuracy: 0.9610 val_loss: 0.5648 val_accuracy: 0.8111
Epoch: 19 loss: 0.1209 accuracy: 0.9566 val_loss: 0.5546 val_accuracy: 0.7889
Epoch: 20 loss: 0.1285 accuracy: 0.9566 val_loss: 0.5485 val_accuracy: 0.8167
Job ended!
