Fri 01 Mar 2024 07:10:02 PM EST
Python 3.9.7
nvcc: NVIDIA (R) Cuda compiler driver
Copyright (c) 2005-2019 NVIDIA Corporation
Built on Sun_Jul_28_19:07:16_PDT_2019
Cuda compilation tools, release 10.1, V10.1.243
My SLURM_ARRAY_TASK_ID: 
DB: ['ISIC2016', 'ISIC2017', 'ISIC2018', 'ISIC2019', 'PAD_UFES_20', 'MEDNODE']
IMG_SIZE: [150, 150]
CLASSIFIER: ResNet101V2
SELF_AUG: 1
JOB_INDEX: None
Combining...
Combining 1 db out of 6 dbs
Combining 2 db out of 6 dbs
Combining 3 db out of 6 dbs
Combining 4 db out of 6 dbs
Combining 5 db out of 6 dbs
Combining 6 db out of 6 dbs
Stacking training images
Stacking training labels
Stacking validation images
Stacking validation labels
Model: "sequential"
_________________________________________________________________
Layer (type)                 Output Shape              Param #   
=================================================================
resnet101v2 (Functional)     (None, 2048)              42626560  
_________________________________________________________________
dense (Dense)                (None, 512)               1049088   
_________________________________________________________________
dropout (Dropout)            (None, 512)               0         
_________________________________________________________________
batch_normalization (BatchNo (None, 512)               2048      
_________________________________________________________________
dense_1 (Dense)              (None, 256)               131328    
_________________________________________________________________
dropout_1 (Dropout)          (None, 256)               0         
_________________________________________________________________
batch_normalization_1 (Batch (None, 256)               1024      
_________________________________________________________________
dense_2 (Dense)              (None, 2)                 514       
=================================================================
Total params: 43,810,562
Trainable params: 1,182,466
Non-trainable params: 42,628,096
_________________________________________________________________
Fitting ISIC2016+ISIC2017+ISIC2018+ISIC2019+PAD_UFES_20+MEDNODE_aug_ResNet101V2_150h_150w_None model...
model_name: ISIC2016+ISIC2017+ISIC2018+ISIC2019+PAD_UFES_20+MEDNODE_aug_ResNet101V2_150h_150w_None
Epoch: 1 loss: 0.5641 accuracy: 0.7389 val_loss: 0.3424 val_accuracy: 0.8628
Epoch: 2 loss: 0.4660 accuracy: 0.7819 val_loss: 0.3331 val_accuracy: 0.8644
Epoch: 3 loss: 0.4293 accuracy: 0.7993 val_loss: 0.3161 val_accuracy: 0.8725
Epoch: 4 loss: 0.4062 accuracy: 0.8126 val_loss: 0.3171 val_accuracy: 0.8708
Epoch: 5 loss: 0.3854 accuracy: 0.8225 val_loss: 0.3033 val_accuracy: 0.8792
Epoch: 6 loss: 0.3692 accuracy: 0.8290 val_loss: 0.2975 val_accuracy: 0.8787
Epoch: 7 loss: 0.3518 accuracy: 0.8397 val_loss: 0.2921 val_accuracy: 0.8833
Epoch: 8 loss: 0.3337 accuracy: 0.8474 val_loss: 0.2953 val_accuracy: 0.8823
Epoch: 9 loss: 0.3189 accuracy: 0.8559 val_loss: 0.2912 val_accuracy: 0.8841
Epoch: 10 loss: 0.3077 accuracy: 0.8620 val_loss: 0.2793 val_accuracy: 0.8909
Epoch: 11 loss: 0.2956 accuracy: 0.8674 val_loss: 0.2828 val_accuracy: 0.8951
Epoch: 12 loss: 0.2801 accuracy: 0.8759 val_loss: 0.2885 val_accuracy: 0.8951
Epoch: 13 loss: 0.2656 accuracy: 0.8827 val_loss: 0.2807 val_accuracy: 0.8976
Epoch: 14 loss: 0.2548 accuracy: 0.8890 val_loss: 0.2963 val_accuracy: 0.8960
Epoch: 15 loss: 0.2429 accuracy: 0.8953 val_loss: 0.3059 val_accuracy: 0.8984
Epoch: 16 loss: 0.2391 accuracy: 0.8954 val_loss: 0.3044 val_accuracy: 0.8976
Epoch: 17 loss: 0.2280 accuracy: 0.9009 val_loss: 0.2978 val_accuracy: 0.9001
Epoch: 18 loss: 0.2224 accuracy: 0.9028 val_loss: 0.2968 val_accuracy: 0.8981
Epoch: 19 loss: 0.2134 accuracy: 0.9093 val_loss: 0.3015 val_accuracy: 0.9001
Epoch: 20 loss: 0.2048 accuracy: 0.9128 val_loss: 0.3041 val_accuracy: 0.8981
Job ended!
