Fri 01 Mar 2024 06:51:39 PM EST
Python 3.9.7
nvcc: NVIDIA (R) Cuda compiler driver
Copyright (c) 2005-2019 NVIDIA Corporation
Built on Sun_Jul_28_19:07:16_PDT_2019
Cuda compilation tools, release 10.1, V10.1.243
My SLURM_ARRAY_TASK_ID: 
DB: ['ISIC2016', 'ISIC2017', 'ISIC2018', 'ISIC2019', 'ISIC2020', 'PH2', '_7_point_criteria', 'PAD_UFES_20']
IMG_SIZE: [150, 150]
CLASSIFIER: ResNet101V2
SELF_AUG: 1
JOB_INDEX: None
Combining...
Combining 1 db out of 8 dbs
Combining 2 db out of 8 dbs
Combining 3 db out of 8 dbs
Combining 4 db out of 8 dbs
Combining 5 db out of 8 dbs
Combining 6 db out of 8 dbs
Combining 7 db out of 8 dbs
Combining 8 db out of 8 dbs
Stacking training images
Stacking training labels
Stacking validation images
Stacking validation labels
Model: "sequential"
_________________________________________________________________
Layer (type)                 Output Shape              Param #   
=================================================================
resnet101v2 (Functional)     (None, 2048)              42626560  
_________________________________________________________________
dense (Dense)                (None, 512)               1049088   
_________________________________________________________________
dropout (Dropout)            (None, 512)               0         
_________________________________________________________________
batch_normalization (BatchNo (None, 512)               2048      
_________________________________________________________________
dense_1 (Dense)              (None, 256)               131328    
_________________________________________________________________
dropout_1 (Dropout)          (None, 256)               0         
_________________________________________________________________
batch_normalization_1 (Batch (None, 256)               1024      
_________________________________________________________________
dense_2 (Dense)              (None, 2)                 514       
=================================================================
Total params: 43,810,562
Trainable params: 1,182,466
Non-trainable params: 42,628,096
_________________________________________________________________
Fitting ISIC2016+ISIC2017+ISIC2018+ISIC2019+ISIC2020+PH2+_7_point_criteria+PAD_UFES_20_aug_ResNet101V2_150h_150w_None model...
model_name: ISIC2016+ISIC2017+ISIC2018+ISIC2019+ISIC2020+PH2+_7_point_criteria+PAD_UFES_20_aug_ResNet101V2_150h_150w_None
Epoch: 1 loss: 0.4759 accuracy: 0.7818 val_loss: 0.2194 val_accuracy: 0.9196
Epoch: 2 loss: 0.3830 accuracy: 0.8210 val_loss: 0.2080 val_accuracy: 0.9255
Epoch: 3 loss: 0.3585 accuracy: 0.8330 val_loss: 0.2018 val_accuracy: 0.9262
Epoch: 4 loss: 0.3424 accuracy: 0.8419 val_loss: 0.1979 val_accuracy: 0.9258
Epoch: 5 loss: 0.3303 accuracy: 0.8475 val_loss: 0.1957 val_accuracy: 0.9248
Epoch: 6 loss: 0.3182 accuracy: 0.8541 val_loss: 0.1928 val_accuracy: 0.9265
Epoch: 7 loss: 0.3076 accuracy: 0.8601 val_loss: 0.1910 val_accuracy: 0.9315
Epoch: 8 loss: 0.2953 accuracy: 0.8649 val_loss: 0.1898 val_accuracy: 0.9297
Epoch: 9 loss: 0.2880 accuracy: 0.8682 val_loss: 0.1964 val_accuracy: 0.9300
Epoch: 10 loss: 0.2781 accuracy: 0.8741 val_loss: 0.1937 val_accuracy: 0.9311
Epoch: 11 loss: 0.2691 accuracy: 0.8779 val_loss: 0.1994 val_accuracy: 0.9285
Epoch: 12 loss: 0.2597 accuracy: 0.8828 val_loss: 0.1948 val_accuracy: 0.9324
Epoch: 13 loss: 0.2525 accuracy: 0.8868 val_loss: 0.1978 val_accuracy: 0.9343
Epoch: 14 loss: 0.2459 accuracy: 0.8901 val_loss: 0.1960 val_accuracy: 0.9349
Epoch: 15 loss: 0.2396 accuracy: 0.8923 val_loss: 0.1982 val_accuracy: 0.9366
Epoch: 16 loss: 0.2322 accuracy: 0.8958 val_loss: 0.2028 val_accuracy: 0.9321
Epoch: 17 loss: 0.2286 accuracy: 0.8976 val_loss: 0.1990 val_accuracy: 0.9364
Epoch: 18 loss: 0.2213 accuracy: 0.9004 val_loss: 0.2107 val_accuracy: 0.9366
Epoch: 19 loss: 0.2148 accuracy: 0.9038 val_loss: 0.2046 val_accuracy: 0.9363
Epoch: 20 loss: 0.2105 accuracy: 0.9071 val_loss: 0.2117 val_accuracy: 0.9371
Job ended!
