Fri 01 Mar 2024 07:49:03 PM EST
Python 3.9.7
nvcc: NVIDIA (R) Cuda compiler driver
Copyright (c) 2005-2019 NVIDIA Corporation
Built on Sun_Jul_28_19:07:16_PDT_2019
Cuda compilation tools, release 10.1, V10.1.243
My SLURM_ARRAY_TASK_ID: 
DB: ['ISIC2019']
IMG_SIZE: [150, 150]
CLASSIFIER: ResNet101V2
SELF_AUG: 1
JOB_INDEX: None
Combining...
Combining 1 db out of 1 dbs
Stacking training images
Stacking training labels
Stacking validation images
Stacking validation labels
Model: "sequential"
_________________________________________________________________
Layer (type)                 Output Shape              Param #   
=================================================================
resnet101v2 (Functional)     (None, 2048)              42626560  
_________________________________________________________________
dense (Dense)                (None, 512)               1049088   
_________________________________________________________________
dropout (Dropout)            (None, 512)               0         
_________________________________________________________________
batch_normalization (BatchNo (None, 512)               2048      
_________________________________________________________________
dense_1 (Dense)              (None, 256)               131328    
_________________________________________________________________
dropout_1 (Dropout)          (None, 256)               0         
_________________________________________________________________
batch_normalization_1 (Batch (None, 256)               1024      
_________________________________________________________________
dense_2 (Dense)              (None, 2)                 514       
=================================================================
Total params: 43,810,562
Trainable params: 1,182,466
Non-trainable params: 42,628,096
_________________________________________________________________
Fitting ISIC2019_aug_ResNet101V2_150h_150w_None model...
model_name: ISIC2019_aug_ResNet101V2_150h_150w_None
Epoch: 1 loss: 0.6123 accuracy: 0.7167 val_loss: 0.3827 val_accuracy: 0.8534
Epoch: 2 loss: 0.5058 accuracy: 0.7607 val_loss: 0.3665 val_accuracy: 0.8573
Epoch: 3 loss: 0.4752 accuracy: 0.7774 val_loss: 0.3526 val_accuracy: 0.8593
Epoch: 4 loss: 0.4499 accuracy: 0.7883 val_loss: 0.3439 val_accuracy: 0.8611
Epoch: 5 loss: 0.4256 accuracy: 0.8021 val_loss: 0.3457 val_accuracy: 0.8626
Epoch: 6 loss: 0.4094 accuracy: 0.8100 val_loss: 0.3385 val_accuracy: 0.8620
Epoch: 7 loss: 0.3946 accuracy: 0.8194 val_loss: 0.3377 val_accuracy: 0.8699
Epoch: 8 loss: 0.3779 accuracy: 0.8278 val_loss: 0.3385 val_accuracy: 0.8678
Epoch: 9 loss: 0.3607 accuracy: 0.8378 val_loss: 0.3421 val_accuracy: 0.8654
Epoch: 10 loss: 0.3440 accuracy: 0.8416 val_loss: 0.3504 val_accuracy: 0.8672
Epoch: 11 loss: 0.3310 accuracy: 0.8529 val_loss: 0.3493 val_accuracy: 0.8686
Epoch: 12 loss: 0.3150 accuracy: 0.8609 val_loss: 0.3555 val_accuracy: 0.8624
Epoch: 13 loss: 0.2986 accuracy: 0.8689 val_loss: 0.3583 val_accuracy: 0.8603
Epoch: 14 loss: 0.2882 accuracy: 0.8726 val_loss: 0.3683 val_accuracy: 0.8642
Epoch: 15 loss: 0.2782 accuracy: 0.8780 val_loss: 0.3789 val_accuracy: 0.8601
Epoch: 16 loss: 0.2622 accuracy: 0.8862 val_loss: 0.3823 val_accuracy: 0.8549
Epoch: 17 loss: 0.2553 accuracy: 0.8913 val_loss: 0.3913 val_accuracy: 0.8688
Epoch: 18 loss: 0.2461 accuracy: 0.8938 val_loss: 0.3888 val_accuracy: 0.8640
Epoch: 19 loss: 0.2366 accuracy: 0.8993 val_loss: 0.4013 val_accuracy: 0.8690
Epoch: 20 loss: 0.2198 accuracy: 0.9077 val_loss: 0.3996 val_accuracy: 0.8589
Job ended!
