Tue 27 Feb 2024 07:24:23 PM EST
Python 3.9.7
nvcc: NVIDIA (R) Cuda compiler driver
Copyright (c) 2005-2019 NVIDIA Corporation
Built on Sun_Jul_28_19:07:16_PDT_2019
Cuda compilation tools, release 10.1, V10.1.243
My SLURM_ARRAY_TASK_ID: 
DB: ['ISIC2016', 'ISIC2017', 'ISIC2018', 'MEDNODE', 'KaggleMB']
IMG_SIZE: [150, 150]
CLASSIFIER: EfficientNetB7
SELF_AUG: 1
JOB_INDEX: None
Combining...
Combining 1 db out of 5 dbs
Combining 2 db out of 5 dbs
Combining 3 db out of 5 dbs
Combining 4 db out of 5 dbs
Combining 5 db out of 5 dbs
Stacking training images
Stacking training labels
Stacking validation images
Stacking validation labels
Model: "sequential"
_________________________________________________________________
Layer (type)                 Output Shape              Param #   
=================================================================
efficientnetb7 (Functional)  (None, 2560)              64097687  
_________________________________________________________________
dense (Dense)                (None, 512)               1311232   
_________________________________________________________________
dropout (Dropout)            (None, 512)               0         
_________________________________________________________________
batch_normalization (BatchNo (None, 512)               2048      
_________________________________________________________________
dense_1 (Dense)              (None, 256)               131328    
_________________________________________________________________
dropout_1 (Dropout)          (None, 256)               0         
_________________________________________________________________
batch_normalization_1 (Batch (None, 256)               1024      
_________________________________________________________________
dense_2 (Dense)              (None, 2)                 514       
=================================================================
Total params: 65,543,833
Trainable params: 1,444,610
Non-trainable params: 64,099,223
_________________________________________________________________
Fitting ISIC2016+ISIC2017+ISIC2018+MEDNODE+KaggleMB_aug_EfficientNetB7_150h_150w_None model...
model_name: ISIC2016+ISIC2017+ISIC2018+MEDNODE+KaggleMB_aug_EfficientNetB7_150h_150w_None
Epoch: 1 loss: 0.6479 accuracy: 0.6357 val_loss: 0.6185 val_accuracy: 0.6959
Epoch: 2 loss: 0.6311 accuracy: 0.6549 val_loss: 0.6154 val_accuracy: 0.7005
Epoch: 3 loss: 0.6247 accuracy: 0.6607 val_loss: 0.6020 val_accuracy: 0.7143
Epoch: 4 loss: 0.6158 accuracy: 0.6625 val_loss: 0.5971 val_accuracy: 0.7143
Epoch: 5 loss: 0.6117 accuracy: 0.6655 val_loss: 0.6373 val_accuracy: 0.6147
Epoch: 6 loss: 0.6080 accuracy: 0.6675 val_loss: 0.5740 val_accuracy: 0.7097
Epoch: 7 loss: 0.6038 accuracy: 0.6697 val_loss: 0.5636 val_accuracy: 0.7115
Epoch: 8 loss: 0.6030 accuracy: 0.6676 val_loss: 0.5912 val_accuracy: 0.7014
Epoch: 9 loss: 0.6039 accuracy: 0.6727 val_loss: 0.5696 val_accuracy: 0.7041
Epoch: 10 loss: 0.6007 accuracy: 0.6725 val_loss: 0.5737 val_accuracy: 0.7152
Epoch: 11 loss: 0.6010 accuracy: 0.6750 val_loss: 0.5851 val_accuracy: 0.7097
Epoch: 12 loss: 0.5999 accuracy: 0.6741 val_loss: 0.5828 val_accuracy: 0.6848
Epoch: 13 loss: 0.6012 accuracy: 0.6751 val_loss: 0.5654 val_accuracy: 0.7097
Epoch: 14 loss: 0.5955 accuracy: 0.6748 val_loss: 0.5768 val_accuracy: 0.7106
Epoch: 15 loss: 0.5947 accuracy: 0.6760 val_loss: 0.6147 val_accuracy: 0.6673
Epoch: 16 loss: 0.5934 accuracy: 0.6782 val_loss: 0.5562 val_accuracy: 0.7134
Epoch: 17 loss: 0.5948 accuracy: 0.6747 val_loss: 0.5741 val_accuracy: 0.7106
Epoch: 18 loss: 0.5934 accuracy: 0.6780 val_loss: 0.5553 val_accuracy: 0.7115
Epoch: 19 loss: 0.5947 accuracy: 0.6769 val_loss: 0.5678 val_accuracy: 0.7143
Epoch: 20 loss: 0.5954 accuracy: 0.6794 val_loss: 0.5726 val_accuracy: 0.7124
Job ended!
