Fri 01 Mar 2024 02:53:08 PM EST
Python 3.9.7
nvcc: NVIDIA (R) Cuda compiler driver
Copyright (c) 2005-2019 NVIDIA Corporation
Built on Sun_Jul_28_19:07:16_PDT_2019
Cuda compilation tools, release 10.1, V10.1.243
My SLURM_ARRAY_TASK_ID: 
DB: ['ISIC2016', 'ISIC2017', 'ISIC2018', 'MEDNODE', 'KaggleMB']
IMG_SIZE: [150, 150]
CLASSIFIER: EfficientNetB7
SELF_AUG: 1
JOB_INDEX: None
Combining...
Combining 1 db out of 5 dbs
Combining 2 db out of 5 dbs
Combining 3 db out of 5 dbs
Combining 4 db out of 5 dbs
Combining 5 db out of 5 dbs
Stacking training images
Stacking training labels
Stacking validation images
Stacking validation labels
Model: "sequential"
_________________________________________________________________
Layer (type)                 Output Shape              Param #   
=================================================================
efficientnetb7 (Functional)  (None, 2560)              64097687  
_________________________________________________________________
dense (Dense)                (None, 512)               1311232   
_________________________________________________________________
dropout (Dropout)            (None, 512)               0         
_________________________________________________________________
batch_normalization (BatchNo (None, 512)               2048      
_________________________________________________________________
dense_1 (Dense)              (None, 256)               131328    
_________________________________________________________________
dropout_1 (Dropout)          (None, 256)               0         
_________________________________________________________________
batch_normalization_1 (Batch (None, 256)               1024      
_________________________________________________________________
dense_2 (Dense)              (None, 2)                 514       
=================================================================
Total params: 65,543,833
Trainable params: 1,444,610
Non-trainable params: 64,099,223
_________________________________________________________________
Fitting ISIC2016+ISIC2017+ISIC2018+MEDNODE+KaggleMB_aug_EfficientNetB7_150h_150w_None model...
model_name: ISIC2016+ISIC2017+ISIC2018+MEDNODE+KaggleMB_aug_EfficientNetB7_150h_150w_None
Epoch: 1 loss: 0.6385 accuracy: 0.7151 val_loss: 0.4324 val_accuracy: 0.8000
Epoch: 2 loss: 0.5263 accuracy: 0.7564 val_loss: 0.4228 val_accuracy: 0.8092
Epoch: 3 loss: 0.4889 accuracy: 0.7730 val_loss: 0.4170 val_accuracy: 0.8065
Epoch: 4 loss: 0.4688 accuracy: 0.7810 val_loss: 0.4392 val_accuracy: 0.8018
Epoch: 5 loss: 0.4583 accuracy: 0.7845 val_loss: 0.4059 val_accuracy: 0.8175
Epoch: 6 loss: 0.4366 accuracy: 0.7982 val_loss: 0.3983 val_accuracy: 0.8147
Epoch: 7 loss: 0.4314 accuracy: 0.8003 val_loss: 0.4026 val_accuracy: 0.8166
Epoch: 8 loss: 0.4265 accuracy: 0.8039 val_loss: 0.4040 val_accuracy: 0.8184
Epoch: 9 loss: 0.4168 accuracy: 0.8064 val_loss: 0.3951 val_accuracy: 0.8175
Epoch: 10 loss: 0.4069 accuracy: 0.8140 val_loss: 0.3946 val_accuracy: 0.8378
Epoch: 11 loss: 0.4071 accuracy: 0.8106 val_loss: 0.4036 val_accuracy: 0.8138
Epoch: 12 loss: 0.3943 accuracy: 0.8205 val_loss: 0.3899 val_accuracy: 0.8276
Epoch: 13 loss: 0.3915 accuracy: 0.8217 val_loss: 0.3908 val_accuracy: 0.8286
Epoch: 14 loss: 0.3846 accuracy: 0.8226 val_loss: 0.3965 val_accuracy: 0.8258
Epoch: 15 loss: 0.3800 accuracy: 0.8249 val_loss: 0.3640 val_accuracy: 0.8378
Epoch: 16 loss: 0.3787 accuracy: 0.8260 val_loss: 0.4023 val_accuracy: 0.8138
Epoch: 17 loss: 0.3737 accuracy: 0.8308 val_loss: 0.3715 val_accuracy: 0.8415
Epoch: 18 loss: 0.3743 accuracy: 0.8311 val_loss: 0.3758 val_accuracy: 0.8387
Epoch: 19 loss: 0.3651 accuracy: 0.8351 val_loss: 0.3854 val_accuracy: 0.8406
Epoch: 20 loss: 0.3605 accuracy: 0.8365 val_loss: 0.3718 val_accuracy: 0.8415
Job ended!
