Tue 27 Feb 2024 05:24:39 PM EST
Python 3.9.7
nvcc: NVIDIA (R) Cuda compiler driver
Copyright (c) 2005-2019 NVIDIA Corporation
Built on Sun_Jul_28_19:07:16_PDT_2019
Cuda compilation tools, release 10.1, V10.1.243
My SLURM_ARRAY_TASK_ID: 
DB: ['ISIC2016', 'ISIC2017', 'ISIC2018', '_7_point_criteria', 'PAD_UFES_20']
IMG_SIZE: [150, 150]
CLASSIFIER: EfficientNetB7
SELF_AUG: 1
JOB_INDEX: None
Combining...
Combining 1 db out of 5 dbs
Combining 2 db out of 5 dbs
Combining 3 db out of 5 dbs
Combining 4 db out of 5 dbs
Combining 5 db out of 5 dbs
Stacking training images
Stacking training labels
Stacking validation images
Stacking validation labels
Model: "sequential"
_________________________________________________________________
Layer (type)                 Output Shape              Param #   
=================================================================
efficientnetb7 (Functional)  (None, 2560)              64097687  
_________________________________________________________________
dense (Dense)                (None, 512)               1311232   
_________________________________________________________________
dropout (Dropout)            (None, 512)               0         
_________________________________________________________________
batch_normalization (BatchNo (None, 512)               2048      
_________________________________________________________________
dense_1 (Dense)              (None, 256)               131328    
_________________________________________________________________
dropout_1 (Dropout)          (None, 256)               0         
_________________________________________________________________
batch_normalization_1 (Batch (None, 256)               1024      
_________________________________________________________________
dense_2 (Dense)              (None, 2)                 514       
=================================================================
Total params: 65,543,833
Trainable params: 1,444,610
Non-trainable params: 64,099,223
_________________________________________________________________
Fitting ISIC2016+ISIC2017+ISIC2018+_7_point_criteria+PAD_UFES_20_aug_EfficientNetB7_150h_150w_None model...
model_name: ISIC2016+ISIC2017+ISIC2018+_7_point_criteria+PAD_UFES_20_aug_EfficientNetB7_150h_150w_None
Epoch: 1 loss: 0.6140 accuracy: 0.6939 val_loss: 0.4730 val_accuracy: 0.8676
Epoch: 2 loss: 0.5877 accuracy: 0.7191 val_loss: 0.4583 val_accuracy: 0.8676
Epoch: 3 loss: 0.5882 accuracy: 0.7191 val_loss: 0.4450 val_accuracy: 0.8676
Epoch: 4 loss: 0.5851 accuracy: 0.7213 val_loss: 0.5646 val_accuracy: 0.8153
Epoch: 5 loss: 0.5849 accuracy: 0.7211 val_loss: 0.4636 val_accuracy: 0.8676
Epoch: 6 loss: 0.5828 accuracy: 0.7212 val_loss: 0.4341 val_accuracy: 0.8676
Epoch: 7 loss: 0.5820 accuracy: 0.7220 val_loss: 0.4286 val_accuracy: 0.8676
Epoch: 8 loss: 0.5818 accuracy: 0.7227 val_loss: 0.4260 val_accuracy: 0.8676
Epoch: 9 loss: 0.5817 accuracy: 0.7223 val_loss: 0.4422 val_accuracy: 0.8676
Epoch: 10 loss: 0.5800 accuracy: 0.7226 val_loss: 0.4566 val_accuracy: 0.8676
Epoch: 11 loss: 0.5800 accuracy: 0.7219 val_loss: 0.6117 val_accuracy: 0.6948
Epoch: 12 loss: 0.5761 accuracy: 0.7232 val_loss: 0.4696 val_accuracy: 0.8642
Epoch: 13 loss: 0.5781 accuracy: 0.7232 val_loss: 0.4601 val_accuracy: 0.8642
Epoch: 14 loss: 0.5767 accuracy: 0.7221 val_loss: 0.4231 val_accuracy: 0.8676
Epoch: 15 loss: 0.5758 accuracy: 0.7222 val_loss: 0.4400 val_accuracy: 0.8676
Epoch: 16 loss: 0.5759 accuracy: 0.7235 val_loss: 0.4499 val_accuracy: 0.8676
Epoch: 17 loss: 0.5757 accuracy: 0.7246 val_loss: 0.4710 val_accuracy: 0.8668
Epoch: 18 loss: 0.5742 accuracy: 0.7251 val_loss: 0.4344 val_accuracy: 0.8676
Epoch: 19 loss: 0.5766 accuracy: 0.7231 val_loss: 0.4293 val_accuracy: 0.8676
Epoch: 20 loss: 0.5734 accuracy: 0.7241 val_loss: 0.4665 val_accuracy: 0.8642
Job ended!
