Mon 04 Mar 2024 06:36:08 PM EST
Python 3.9.7
nvcc: NVIDIA (R) Cuda compiler driver
Copyright (c) 2005-2019 NVIDIA Corporation
Built on Sun_Jul_28_19:07:16_PDT_2019
Cuda compilation tools, release 10.1, V10.1.243
My SLURM_ARRAY_TASK_ID: 
DB: ['ISIC2016', 'ISIC2017']
IMG_SIZE: [150, 150]
CLASSIFIER: MeshNet
SELF_AUG: 1
JOB_INDEX: None
Combining...
Combining 1 db out of 2 dbs
Combining 2 db out of 2 dbs
Stacking training images
Stacking training labels
Stacking validation images
Stacking validation labels
Model: "sequential"
_________________________________________________________________
Layer (type)                 Output Shape              Param #   
=================================================================
conv2d (Conv2D)              (None, 150, 150, 256)     7168      
_________________________________________________________________
activation (Activation)      (None, 150, 150, 256)     0         
_________________________________________________________________
dropout (Dropout)            (None, 150, 150, 256)     0         
_________________________________________________________________
batch_normalization (BatchNo (None, 150, 150, 256)     1024      
_________________________________________________________________
conv2d_1 (Conv2D)            (None, 150, 150, 128)     295040    
_________________________________________________________________
activation_1 (Activation)    (None, 150, 150, 128)     0         
_________________________________________________________________
dropout_1 (Dropout)          (None, 150, 150, 128)     0         
_________________________________________________________________
batch_normalization_1 (Batch (None, 150, 150, 128)     512       
_________________________________________________________________
conv2d_2 (Conv2D)            (None, 150, 150, 128)     147584    
_________________________________________________________________
activation_2 (Activation)    (None, 150, 150, 128)     0         
_________________________________________________________________
dropout_2 (Dropout)          (None, 150, 150, 128)     0         
_________________________________________________________________
batch_normalization_2 (Batch (None, 150, 150, 128)     512       
_________________________________________________________________
conv2d_3 (Conv2D)            (None, 150, 150, 128)     147584    
_________________________________________________________________
activation_3 (Activation)    (None, 150, 150, 128)     0         
_________________________________________________________________
dropout_3 (Dropout)          (None, 150, 150, 128)     0         
_________________________________________________________________
batch_normalization_3 (Batch (None, 150, 150, 128)     512       
_________________________________________________________________
conv2d_4 (Conv2D)            (None, 150, 150, 128)     147584    
_________________________________________________________________
activation_4 (Activation)    (None, 150, 150, 128)     0         
_________________________________________________________________
dropout_4 (Dropout)          (None, 150, 150, 128)     0         
_________________________________________________________________
batch_normalization_4 (Batch (None, 150, 150, 128)     512       
_________________________________________________________________
conv2d_5 (Conv2D)            (None, 150, 150, 128)     147584    
_________________________________________________________________
activation_5 (Activation)    (None, 150, 150, 128)     0         
_________________________________________________________________
dropout_5 (Dropout)          (None, 150, 150, 128)     0         
_________________________________________________________________
batch_normalization_5 (Batch (None, 150, 150, 128)     512       
_________________________________________________________________
conv2d_6 (Conv2D)            (None, 150, 150, 64)      73792     
_________________________________________________________________
activation_6 (Activation)    (None, 150, 150, 64)      0         
_________________________________________________________________
dropout_6 (Dropout)          (None, 150, 150, 64)      0         
_________________________________________________________________
batch_normalization_6 (Batch (None, 150, 150, 64)      256       
_________________________________________________________________
conv2d_7 (Conv2D)            (None, 150, 150, 64)      36928     
_________________________________________________________________
global_max_pooling2d (Global (None, 64)                0         
_________________________________________________________________
dense (Dense)                (None, 2)                 130       
=================================================================
Total params: 1,007,234
Trainable params: 1,005,314
Non-trainable params: 1,920
_________________________________________________________________
Fitting ISIC2016+ISIC2017_aug_MeshNet_150h_150w_None model...
model_name: ISIC2016+ISIC2017_aug_MeshNet_150h_150w_None
Epoch: 1 loss: 2.7123 accuracy: 0.4695 val_loss: 1.3524 val_accuracy: 0.2636
Epoch: 2 loss: 0.7074 accuracy: 0.6358 val_loss: 1.3039 val_accuracy: 0.2667
Epoch: 3 loss: 0.6547 accuracy: 0.6475 val_loss: 1.5235 val_accuracy: 0.2758
Epoch: 4 loss: 0.6274 accuracy: 0.6734 val_loss: 1.5575 val_accuracy: 0.3182
Epoch: 5 loss: 0.6213 accuracy: 0.6736 val_loss: 1.2612 val_accuracy: 0.3576
Epoch: 6 loss: 0.6045 accuracy: 0.6791 val_loss: 1.1104 val_accuracy: 0.4909
Epoch: 7 loss: 0.6062 accuracy: 0.6736 val_loss: 1.5137 val_accuracy: 0.3667
Epoch: 8 loss: 0.5993 accuracy: 0.6944 val_loss: 1.2709 val_accuracy: 0.3515
Epoch: 9 loss: 0.5884 accuracy: 0.7026 val_loss: 1.3435 val_accuracy: 0.4030
Epoch: 10 loss: 0.5879 accuracy: 0.7014 val_loss: 0.8612 val_accuracy: 0.5364
Epoch: 11 loss: 0.5849 accuracy: 0.7035 val_loss: 1.0213 val_accuracy: 0.5212
Epoch: 12 loss: 0.5844 accuracy: 0.6956 val_loss: 0.9917 val_accuracy: 0.5273
Epoch: 13 loss: 0.5771 accuracy: 0.7021 val_loss: 0.8063 val_accuracy: 0.5727
Epoch: 14 loss: 0.5639 accuracy: 0.7160 val_loss: 0.6145 val_accuracy: 0.6576
Epoch: 15 loss: 0.5660 accuracy: 0.7112 val_loss: 0.6308 val_accuracy: 0.6424
Epoch: 16 loss: 0.5620 accuracy: 0.7155 val_loss: 0.5549 val_accuracy: 0.7000
Epoch: 17 loss: 0.5748 accuracy: 0.6971 val_loss: 0.5420 val_accuracy: 0.7212
Epoch: 18 loss: 0.5608 accuracy: 0.7114 val_loss: 0.5636 val_accuracy: 0.7152
Epoch: 19 loss: 0.5740 accuracy: 0.7057 val_loss: 0.5004 val_accuracy: 0.8061
Epoch: 20 loss: 0.5614 accuracy: 0.7143 val_loss: 0.5687 val_accuracy: 0.7121
Job ended!
