Tue 05 Mar 2024 03:42:01 AM EST
Python 3.9.7
nvcc: NVIDIA (R) Cuda compiler driver
Copyright (c) 2005-2019 NVIDIA Corporation
Built on Sun_Jul_28_19:07:16_PDT_2019
Cuda compilation tools, release 10.1, V10.1.243
My SLURM_ARRAY_TASK_ID: 
DB: ['ISIC2020']
IMG_SIZE: [150, 150]
CLASSIFIER: MeshNet
SELF_AUG: 1
JOB_INDEX: None
Combining...
Combining 1 db out of 1 dbs
Stacking training images
Stacking training labels
Stacking validation images
Stacking validation labels
Model: "sequential"
_________________________________________________________________
Layer (type)                 Output Shape              Param #   
=================================================================
conv2d (Conv2D)              (None, 150, 150, 256)     7168      
_________________________________________________________________
activation (Activation)      (None, 150, 150, 256)     0         
_________________________________________________________________
dropout (Dropout)            (None, 150, 150, 256)     0         
_________________________________________________________________
batch_normalization (BatchNo (None, 150, 150, 256)     1024      
_________________________________________________________________
conv2d_1 (Conv2D)            (None, 150, 150, 128)     295040    
_________________________________________________________________
activation_1 (Activation)    (None, 150, 150, 128)     0         
_________________________________________________________________
dropout_1 (Dropout)          (None, 150, 150, 128)     0         
_________________________________________________________________
batch_normalization_1 (Batch (None, 150, 150, 128)     512       
_________________________________________________________________
conv2d_2 (Conv2D)            (None, 150, 150, 128)     147584    
_________________________________________________________________
activation_2 (Activation)    (None, 150, 150, 128)     0         
_________________________________________________________________
dropout_2 (Dropout)          (None, 150, 150, 128)     0         
_________________________________________________________________
batch_normalization_2 (Batch (None, 150, 150, 128)     512       
_________________________________________________________________
conv2d_3 (Conv2D)            (None, 150, 150, 128)     147584    
_________________________________________________________________
activation_3 (Activation)    (None, 150, 150, 128)     0         
_________________________________________________________________
dropout_3 (Dropout)          (None, 150, 150, 128)     0         
_________________________________________________________________
batch_normalization_3 (Batch (None, 150, 150, 128)     512       
_________________________________________________________________
conv2d_4 (Conv2D)            (None, 150, 150, 128)     147584    
_________________________________________________________________
activation_4 (Activation)    (None, 150, 150, 128)     0         
_________________________________________________________________
dropout_4 (Dropout)          (None, 150, 150, 128)     0         
_________________________________________________________________
batch_normalization_4 (Batch (None, 150, 150, 128)     512       
_________________________________________________________________
conv2d_5 (Conv2D)            (None, 150, 150, 128)     147584    
_________________________________________________________________
activation_5 (Activation)    (None, 150, 150, 128)     0         
_________________________________________________________________
dropout_5 (Dropout)          (None, 150, 150, 128)     0         
_________________________________________________________________
batch_normalization_5 (Batch (None, 150, 150, 128)     512       
_________________________________________________________________
conv2d_6 (Conv2D)            (None, 150, 150, 64)      73792     
_________________________________________________________________
activation_6 (Activation)    (None, 150, 150, 64)      0         
_________________________________________________________________
dropout_6 (Dropout)          (None, 150, 150, 64)      0         
_________________________________________________________________
batch_normalization_6 (Batch (None, 150, 150, 64)      256       
_________________________________________________________________
conv2d_7 (Conv2D)            (None, 150, 150, 64)      36928     
_________________________________________________________________
global_max_pooling2d (Global (None, 64)                0         
_________________________________________________________________
dense (Dense)                (None, 2)                 130       
=================================================================
Total params: 1,007,234
Trainable params: 1,005,314
Non-trainable params: 1,920
_________________________________________________________________
Fitting ISIC2020_aug_MeshNet_150h_150w_None model...
model_name: ISIC2020_aug_MeshNet_150h_150w_None
Epoch: 1 loss: 0.3783 accuracy: 0.8272 val_loss: 0.6777 val_accuracy: 0.6485
Epoch: 2 loss: 0.3209 accuracy: 0.8494 val_loss: 0.1651 val_accuracy: 0.9353
Epoch: 3 loss: 0.2987 accuracy: 0.8602 val_loss: 0.1697 val_accuracy: 0.9313
Epoch: 4 loss: 0.2881 accuracy: 0.8641 val_loss: 0.0924 val_accuracy: 0.9802
Epoch: 5 loss: 0.2835 accuracy: 0.8677 val_loss: 0.1103 val_accuracy: 0.9665
Epoch: 6 loss: 0.2756 accuracy: 0.8711 val_loss: 0.1022 val_accuracy: 0.9701
Epoch: 7 loss: 0.2735 accuracy: 0.8736 val_loss: 0.1215 val_accuracy: 0.9577
Epoch: 8 loss: 0.2696 accuracy: 0.8751 val_loss: 0.1157 val_accuracy: 0.9591
Epoch: 9 loss: 0.2644 accuracy: 0.8784 val_loss: 0.0890 val_accuracy: 0.9819
Epoch: 10 loss: 0.2625 accuracy: 0.8788 val_loss: 0.0839 val_accuracy: 0.9811
Epoch: 11 loss: 0.2594 accuracy: 0.8819 val_loss: 0.0896 val_accuracy: 0.9756
Epoch: 12 loss: 0.2555 accuracy: 0.8844 val_loss: 0.0867 val_accuracy: 0.9765
Epoch: 13 loss: 0.2570 accuracy: 0.8840 val_loss: 0.1059 val_accuracy: 0.9656
Epoch: 14 loss: 0.2522 accuracy: 0.8870 val_loss: 0.0763 val_accuracy: 0.9823
Epoch: 15 loss: 0.2521 accuracy: 0.8859 val_loss: 0.0861 val_accuracy: 0.9784
Epoch: 16 loss: 0.2502 accuracy: 0.8878 val_loss: 0.0818 val_accuracy: 0.9811
Epoch: 17 loss: 0.2461 accuracy: 0.8880 val_loss: 0.0784 val_accuracy: 0.9819
Epoch: 18 loss: 0.2450 accuracy: 0.8917 val_loss: 0.0909 val_accuracy: 0.9733
Epoch: 19 loss: 0.2440 accuracy: 0.8906 val_loss: 0.0719 val_accuracy: 0.9828
Epoch: 20 loss: 0.2412 accuracy: 0.8916 val_loss: 0.0984 val_accuracy: 0.9728
Job ended!
