Mon 04 Mar 2024 06:36:08 PM EST
Python 3.9.7
nvcc: NVIDIA (R) Cuda compiler driver
Copyright (c) 2005-2019 NVIDIA Corporation
Built on Sun_Jul_28_19:07:16_PDT_2019
Cuda compilation tools, release 10.1, V10.1.243
My SLURM_ARRAY_TASK_ID: 
DB: ['ISIC2016', '_7_point_criteria', 'PAD_UFES_20']
IMG_SIZE: [150, 150]
CLASSIFIER: MeshNet
SELF_AUG: 1
JOB_INDEX: None
Combining...
Combining 1 db out of 3 dbs
Combining 2 db out of 3 dbs
Combining 3 db out of 3 dbs
Stacking training images
Stacking training labels
Stacking validation images
Stacking validation labels
Model: "sequential"
_________________________________________________________________
Layer (type)                 Output Shape              Param #   
=================================================================
conv2d (Conv2D)              (None, 150, 150, 256)     7168      
_________________________________________________________________
activation (Activation)      (None, 150, 150, 256)     0         
_________________________________________________________________
dropout (Dropout)            (None, 150, 150, 256)     0         
_________________________________________________________________
batch_normalization (BatchNo (None, 150, 150, 256)     1024      
_________________________________________________________________
conv2d_1 (Conv2D)            (None, 150, 150, 128)     295040    
_________________________________________________________________
activation_1 (Activation)    (None, 150, 150, 128)     0         
_________________________________________________________________
dropout_1 (Dropout)          (None, 150, 150, 128)     0         
_________________________________________________________________
batch_normalization_1 (Batch (None, 150, 150, 128)     512       
_________________________________________________________________
conv2d_2 (Conv2D)            (None, 150, 150, 128)     147584    
_________________________________________________________________
activation_2 (Activation)    (None, 150, 150, 128)     0         
_________________________________________________________________
dropout_2 (Dropout)          (None, 150, 150, 128)     0         
_________________________________________________________________
batch_normalization_2 (Batch (None, 150, 150, 128)     512       
_________________________________________________________________
conv2d_3 (Conv2D)            (None, 150, 150, 128)     147584    
_________________________________________________________________
activation_3 (Activation)    (None, 150, 150, 128)     0         
_________________________________________________________________
dropout_3 (Dropout)          (None, 150, 150, 128)     0         
_________________________________________________________________
batch_normalization_3 (Batch (None, 150, 150, 128)     512       
_________________________________________________________________
conv2d_4 (Conv2D)            (None, 150, 150, 128)     147584    
_________________________________________________________________
activation_4 (Activation)    (None, 150, 150, 128)     0         
_________________________________________________________________
dropout_4 (Dropout)          (None, 150, 150, 128)     0         
_________________________________________________________________
batch_normalization_4 (Batch (None, 150, 150, 128)     512       
_________________________________________________________________
conv2d_5 (Conv2D)            (None, 150, 150, 128)     147584    
_________________________________________________________________
activation_5 (Activation)    (None, 150, 150, 128)     0         
_________________________________________________________________
dropout_5 (Dropout)          (None, 150, 150, 128)     0         
_________________________________________________________________
batch_normalization_5 (Batch (None, 150, 150, 128)     512       
_________________________________________________________________
conv2d_6 (Conv2D)            (None, 150, 150, 64)      73792     
_________________________________________________________________
activation_6 (Activation)    (None, 150, 150, 64)      0         
_________________________________________________________________
dropout_6 (Dropout)          (None, 150, 150, 64)      0         
_________________________________________________________________
batch_normalization_6 (Batch (None, 150, 150, 64)      256       
_________________________________________________________________
conv2d_7 (Conv2D)            (None, 150, 150, 64)      36928     
_________________________________________________________________
global_max_pooling2d (Global (None, 64)                0         
_________________________________________________________________
dense (Dense)                (None, 2)                 130       
=================================================================
Total params: 1,007,234
Trainable params: 1,005,314
Non-trainable params: 1,920
_________________________________________________________________
Fitting ISIC2016+_7_point_criteria+PAD_UFES_20_aug_MeshNet_150h_150w_None model...
model_name: ISIC2016+_7_point_criteria+PAD_UFES_20_aug_MeshNet_150h_150w_None
Epoch: 1 loss: 0.8519 accuracy: 0.7415 val_loss: 0.4787 val_accuracy: 0.8529
Epoch: 2 loss: 0.5594 accuracy: 0.7513 val_loss: 0.4782 val_accuracy: 0.8126
Epoch: 3 loss: 0.5444 accuracy: 0.7486 val_loss: 0.6840 val_accuracy: 0.5065
Epoch: 4 loss: 0.5217 accuracy: 0.7515 val_loss: 1.0258 val_accuracy: 0.3535
Epoch: 5 loss: 0.4945 accuracy: 0.7643 val_loss: 0.8961 val_accuracy: 0.4887
Epoch: 6 loss: 0.4730 accuracy: 0.7661 val_loss: 0.6679 val_accuracy: 0.5741
Epoch: 7 loss: 0.4694 accuracy: 0.7721 val_loss: 0.5167 val_accuracy: 0.7082
Epoch: 8 loss: 0.4647 accuracy: 0.7712 val_loss: 0.5439 val_accuracy: 0.7011
Epoch: 9 loss: 0.4650 accuracy: 0.7750 val_loss: 0.5612 val_accuracy: 0.6880
Epoch: 10 loss: 0.4661 accuracy: 0.7762 val_loss: 0.5970 val_accuracy: 0.6643
Epoch: 11 loss: 0.4554 accuracy: 0.7887 val_loss: 0.5728 val_accuracy: 0.6607
Epoch: 12 loss: 0.4531 accuracy: 0.7830 val_loss: 0.4896 val_accuracy: 0.7817
Epoch: 13 loss: 0.4592 accuracy: 0.7839 val_loss: 0.4099 val_accuracy: 0.8470
Epoch: 14 loss: 0.4404 accuracy: 0.7963 val_loss: 0.4120 val_accuracy: 0.8482
Epoch: 15 loss: 0.4434 accuracy: 0.7887 val_loss: 0.4090 val_accuracy: 0.8422
Epoch: 16 loss: 0.4368 accuracy: 0.7937 val_loss: 0.5247 val_accuracy: 0.7082
Epoch: 17 loss: 0.4381 accuracy: 0.7885 val_loss: 0.4146 val_accuracy: 0.8197
Epoch: 18 loss: 0.4372 accuracy: 0.7924 val_loss: 0.4092 val_accuracy: 0.8387
Epoch: 19 loss: 0.4271 accuracy: 0.7972 val_loss: 0.4339 val_accuracy: 0.8256
Epoch: 20 loss: 0.4198 accuracy: 0.8040 val_loss: 0.4205 val_accuracy: 0.8161
Job ended!
