Mon 04 Mar 2024 08:57:35 PM EST
Python 3.9.7
nvcc: NVIDIA (R) Cuda compiler driver
Copyright (c) 2005-2019 NVIDIA Corporation
Built on Sun_Jul_28_19:07:16_PDT_2019
Cuda compilation tools, release 10.1, V10.1.243
My SLURM_ARRAY_TASK_ID: 
DB: ['ISIC2016', 'ISIC2017', 'ISIC2018', 'ISIC2019', 'ISIC2020', 'PH2', '_7_point_criteria', 'PAD_UFES_20']
IMG_SIZE: [150, 150]
CLASSIFIER: MeshNet
SELF_AUG: 1
JOB_INDEX: None
Combining...
Combining 1 db out of 8 dbs
Combining 2 db out of 8 dbs
Combining 3 db out of 8 dbs
Combining 4 db out of 8 dbs
Combining 5 db out of 8 dbs
Combining 6 db out of 8 dbs
Combining 7 db out of 8 dbs
Combining 8 db out of 8 dbs
Stacking training images
Stacking training labels
Stacking validation images
Stacking validation labels
Model: "sequential"
_________________________________________________________________
Layer (type)                 Output Shape              Param #   
=================================================================
conv2d (Conv2D)              (None, 150, 150, 256)     7168      
_________________________________________________________________
activation (Activation)      (None, 150, 150, 256)     0         
_________________________________________________________________
dropout (Dropout)            (None, 150, 150, 256)     0         
_________________________________________________________________
batch_normalization (BatchNo (None, 150, 150, 256)     1024      
_________________________________________________________________
conv2d_1 (Conv2D)            (None, 150, 150, 128)     295040    
_________________________________________________________________
activation_1 (Activation)    (None, 150, 150, 128)     0         
_________________________________________________________________
dropout_1 (Dropout)          (None, 150, 150, 128)     0         
_________________________________________________________________
batch_normalization_1 (Batch (None, 150, 150, 128)     512       
_________________________________________________________________
conv2d_2 (Conv2D)            (None, 150, 150, 128)     147584    
_________________________________________________________________
activation_2 (Activation)    (None, 150, 150, 128)     0         
_________________________________________________________________
dropout_2 (Dropout)          (None, 150, 150, 128)     0         
_________________________________________________________________
batch_normalization_2 (Batch (None, 150, 150, 128)     512       
_________________________________________________________________
conv2d_3 (Conv2D)            (None, 150, 150, 128)     147584    
_________________________________________________________________
activation_3 (Activation)    (None, 150, 150, 128)     0         
_________________________________________________________________
dropout_3 (Dropout)          (None, 150, 150, 128)     0         
_________________________________________________________________
batch_normalization_3 (Batch (None, 150, 150, 128)     512       
_________________________________________________________________
conv2d_4 (Conv2D)            (None, 150, 150, 128)     147584    
_________________________________________________________________
activation_4 (Activation)    (None, 150, 150, 128)     0         
_________________________________________________________________
dropout_4 (Dropout)          (None, 150, 150, 128)     0         
_________________________________________________________________
batch_normalization_4 (Batch (None, 150, 150, 128)     512       
_________________________________________________________________
conv2d_5 (Conv2D)            (None, 150, 150, 128)     147584    
_________________________________________________________________
activation_5 (Activation)    (None, 150, 150, 128)     0         
_________________________________________________________________
dropout_5 (Dropout)          (None, 150, 150, 128)     0         
_________________________________________________________________
batch_normalization_5 (Batch (None, 150, 150, 128)     512       
_________________________________________________________________
conv2d_6 (Conv2D)            (None, 150, 150, 64)      73792     
_________________________________________________________________
activation_6 (Activation)    (None, 150, 150, 64)      0         
_________________________________________________________________
dropout_6 (Dropout)          (None, 150, 150, 64)      0         
_________________________________________________________________
batch_normalization_6 (Batch (None, 150, 150, 64)      256       
_________________________________________________________________
conv2d_7 (Conv2D)            (None, 150, 150, 64)      36928     
_________________________________________________________________
global_max_pooling2d (Global (None, 64)                0         
_________________________________________________________________
dense (Dense)                (None, 2)                 130       
=================================================================
Total params: 1,007,234
Trainable params: 1,005,314
Non-trainable params: 1,920
_________________________________________________________________
Fitting ISIC2016+ISIC2017+ISIC2018+ISIC2019+ISIC2020+PH2+_7_point_criteria+PAD_UFES_20_aug_MeshNet_150h_150w_None model...
model_name: ISIC2016+ISIC2017+ISIC2018+ISIC2019+ISIC2020+PH2+_7_point_criteria+PAD_UFES_20_aug_MeshNet_150h_150w_None
Epoch: 1 loss: 0.5009 accuracy: 0.7544 val_loss: 0.3084 val_accuracy: 0.8682
Epoch: 2 loss: 0.4357 accuracy: 0.7915 val_loss: 0.3043 val_accuracy: 0.8869
Epoch: 3 loss: 0.4141 accuracy: 0.8047 val_loss: 0.3346 val_accuracy: 0.8547
Epoch: 4 loss: 0.4009 accuracy: 0.8131 val_loss: 0.3510 val_accuracy: 0.8588
Epoch: 5 loss: 0.3915 accuracy: 0.8178 val_loss: 0.2451 val_accuracy: 0.9092
Epoch: 6 loss: 0.3820 accuracy: 0.8228 val_loss: 0.2901 val_accuracy: 0.8800
Epoch: 7 loss: 0.3749 accuracy: 0.8258 val_loss: 0.2982 val_accuracy: 0.8732
Epoch: 8 loss: 0.3679 accuracy: 0.8298 val_loss: 0.2641 val_accuracy: 0.8930
Epoch: 9 loss: 0.3626 accuracy: 0.8326 val_loss: 0.2725 val_accuracy: 0.8965
Epoch: 10 loss: 0.3574 accuracy: 0.8359 val_loss: 0.2815 val_accuracy: 0.8819
Epoch: 11 loss: 0.3537 accuracy: 0.8364 val_loss: 0.3497 val_accuracy: 0.8442
Epoch: 12 loss: 0.3494 accuracy: 0.8392 val_loss: 0.2951 val_accuracy: 0.8768
Epoch: 13 loss: 0.3458 accuracy: 0.8409 val_loss: 0.3029 val_accuracy: 0.8715
Epoch: 14 loss: 0.3428 accuracy: 0.8424 val_loss: 0.3241 val_accuracy: 0.8658
Epoch: 15 loss: 0.3377 accuracy: 0.8436 val_loss: 0.2884 val_accuracy: 0.8772
Epoch: 16 loss: 0.3354 accuracy: 0.8456 val_loss: 0.2687 val_accuracy: 0.8932
Epoch: 17 loss: 0.3307 accuracy: 0.8485 val_loss: 0.2475 val_accuracy: 0.9035
Epoch: 18 loss: 0.3283 accuracy: 0.8481 val_loss: 0.2767 val_accuracy: 0.8856
Epoch: 19 loss: 0.3247 accuracy: 0.8515 val_loss: 0.2749 val_accuracy: 0.8847
Epoch: 20 loss: 0.3208 accuracy: 0.8539 val_loss: 0.2559 val_accuracy: 0.8955
Job ended!
