Tue 27 Feb 2024 12:30:22 PM EST
Python 3.9.7
nvcc: NVIDIA (R) Cuda compiler driver
Copyright (c) 2005-2019 NVIDIA Corporation
Built on Sun_Jul_28_19:07:16_PDT_2019
Cuda compilation tools, release 10.1, V10.1.243
My SLURM_ARRAY_TASK_ID: 
DB: ['ISIC2016', 'ISIC2017', 'ISIC2018', 'ISIC2019', 'ISIC2020', '_7_point_criteria', 'PAD_UFES_20']
IMG_SIZE: [150, 150]
CLASSIFIER: EfficientNetB5
SELF_AUG: 1
JOB_INDEX: None
Combining...
Combining 1 db out of 7 dbs
Combining 2 db out of 7 dbs
Combining 3 db out of 7 dbs
Combining 4 db out of 7 dbs
Combining 5 db out of 7 dbs
Combining 6 db out of 7 dbs
Combining 7 db out of 7 dbs
Stacking training images
Stacking training labels
Stacking validation images
Stacking validation labels
Model: "sequential"
_________________________________________________________________
Layer (type)                 Output Shape              Param #   
=================================================================
efficientnetb5 (Functional)  (None, 2048)              28513527  
_________________________________________________________________
dense (Dense)                (None, 512)               1049088   
_________________________________________________________________
dropout (Dropout)            (None, 512)               0         
_________________________________________________________________
batch_normalization (BatchNo (None, 512)               2048      
_________________________________________________________________
dense_1 (Dense)              (None, 256)               131328    
_________________________________________________________________
dropout_1 (Dropout)          (None, 256)               0         
_________________________________________________________________
batch_normalization_1 (Batch (None, 256)               1024      
_________________________________________________________________
dense_2 (Dense)              (None, 2)                 514       
=================================================================
Total params: 29,697,529
Trainable params: 1,182,466
Non-trainable params: 28,515,063
_________________________________________________________________
Fitting ISIC2016+ISIC2017+ISIC2018+ISIC2019+ISIC2020+_7_point_criteria+PAD_UFES_20_aug_EfficientNetB5_150h_150w_None model...
model_name: ISIC2016+ISIC2017+ISIC2018+ISIC2019+ISIC2020+_7_point_criteria+PAD_UFES_20_aug_EfficientNetB5_150h_150w_None
Epoch: 1 loss: 0.5675 accuracy: 0.7233 val_loss: 0.3849 val_accuracy: 0.9121
Epoch: 2 loss: 0.5576 accuracy: 0.7320 val_loss: 0.4281 val_accuracy: 0.9041
Epoch: 3 loss: 0.5548 accuracy: 0.7333 val_loss: 0.3501 val_accuracy: 0.9107
Epoch: 4 loss: 0.5525 accuracy: 0.7341 val_loss: 0.4483 val_accuracy: 0.8914
Epoch: 5 loss: 0.5511 accuracy: 0.7342 val_loss: 0.4044 val_accuracy: 0.9072
Epoch: 6 loss: 0.5490 accuracy: 0.7345 val_loss: 0.3875 val_accuracy: 0.9081
Epoch: 7 loss: 0.5473 accuracy: 0.7347 val_loss: 0.4423 val_accuracy: 0.8987
Epoch: 8 loss: 0.5502 accuracy: 0.7353 val_loss: 0.3495 val_accuracy: 0.9095
Epoch: 9 loss: 0.5477 accuracy: 0.7351 val_loss: 0.3620 val_accuracy: 0.9076
Epoch: 10 loss: 0.5478 accuracy: 0.7368 val_loss: 0.3655 val_accuracy: 0.9035
Epoch: 11 loss: 0.5473 accuracy: 0.7375 val_loss: 0.3454 val_accuracy: 0.9113
Epoch: 12 loss: 0.5462 accuracy: 0.7366 val_loss: 0.3325 val_accuracy: 0.9120
Epoch: 13 loss: 0.5446 accuracy: 0.7369 val_loss: 0.3714 val_accuracy: 0.9060
Epoch: 14 loss: 0.5420 accuracy: 0.7372 val_loss: 0.3715 val_accuracy: 0.9043
Epoch: 15 loss: 0.5419 accuracy: 0.7373 val_loss: 0.3356 val_accuracy: 0.9118
Epoch: 16 loss: 0.5407 accuracy: 0.7373 val_loss: 0.3213 val_accuracy: 0.9126
Epoch: 17 loss: 0.5392 accuracy: 0.7383 val_loss: 0.4681 val_accuracy: 0.8901
Epoch: 18 loss: 0.5386 accuracy: 0.7384 val_loss: 0.3244 val_accuracy: 0.9126
Epoch: 19 loss: 0.5372 accuracy: 0.7391 val_loss: 0.3184 val_accuracy: 0.9128
Epoch: 20 loss: 0.5371 accuracy: 0.7397 val_loss: 0.3413 val_accuracy: 0.9053
Job ended!
