Tue 27 Feb 2024 02:26:37 PM EST
Python 3.9.7
nvcc: NVIDIA (R) Cuda compiler driver
Copyright (c) 2005-2019 NVIDIA Corporation
Built on Sun_Jul_28_19:07:16_PDT_2019
Cuda compilation tools, release 10.1, V10.1.243
My SLURM_ARRAY_TASK_ID: 
DB: ['ISIC2016', 'PAD_UFES_20', 'MEDNODE']
IMG_SIZE: [150, 150]
CLASSIFIER: EfficientNetB5
SELF_AUG: 1
JOB_INDEX: None
Combining...
Combining 1 db out of 3 dbs
Combining 2 db out of 3 dbs
Combining 3 db out of 3 dbs
Stacking training images
Stacking training labels
Stacking validation images
Stacking validation labels
Model: "sequential"
_________________________________________________________________
Layer (type)                 Output Shape              Param #   
=================================================================
efficientnetb5 (Functional)  (None, 2048)              28513527  
_________________________________________________________________
dense (Dense)                (None, 512)               1049088   
_________________________________________________________________
dropout (Dropout)            (None, 512)               0         
_________________________________________________________________
batch_normalization (BatchNo (None, 512)               2048      
_________________________________________________________________
dense_1 (Dense)              (None, 256)               131328    
_________________________________________________________________
dropout_1 (Dropout)          (None, 256)               0         
_________________________________________________________________
batch_normalization_1 (Batch (None, 256)               1024      
_________________________________________________________________
dense_2 (Dense)              (None, 2)                 514       
=================================================================
Total params: 29,697,529
Trainable params: 1,182,466
Non-trainable params: 28,515,063
_________________________________________________________________
Fitting ISIC2016+PAD_UFES_20+MEDNODE_aug_EfficientNetB5_150h_150w_None model...
model_name: ISIC2016+PAD_UFES_20+MEDNODE_aug_EfficientNetB5_150h_150w_None
Epoch: 1 loss: 0.6664 accuracy: 0.6117 val_loss: 0.5714 val_accuracy: 0.9125
Epoch: 2 loss: 0.6100 accuracy: 0.7343 val_loss: 0.4899 val_accuracy: 0.9125
Epoch: 3 loss: 0.5837 accuracy: 0.7438 val_loss: 0.4350 val_accuracy: 0.9125
Epoch: 4 loss: 0.5735 accuracy: 0.7436 val_loss: 0.4066 val_accuracy: 0.9125
Epoch: 5 loss: 0.5720 accuracy: 0.7431 val_loss: 0.3898 val_accuracy: 0.9125
Epoch: 6 loss: 0.5719 accuracy: 0.7418 val_loss: 0.4012 val_accuracy: 0.9125
Epoch: 7 loss: 0.5714 accuracy: 0.7426 val_loss: 0.3895 val_accuracy: 0.9125
Epoch: 8 loss: 0.5701 accuracy: 0.7436 val_loss: 0.3860 val_accuracy: 0.9125
Epoch: 9 loss: 0.5696 accuracy: 0.7438 val_loss: 0.3990 val_accuracy: 0.9125
Epoch: 10 loss: 0.5697 accuracy: 0.7438 val_loss: 0.3951 val_accuracy: 0.9125
Epoch: 11 loss: 0.5703 accuracy: 0.7426 val_loss: 0.3912 val_accuracy: 0.9125
Epoch: 12 loss: 0.5689 accuracy: 0.7441 val_loss: 0.3844 val_accuracy: 0.9125
Epoch: 13 loss: 0.5709 accuracy: 0.7421 val_loss: 0.3927 val_accuracy: 0.9125
Epoch: 14 loss: 0.5697 accuracy: 0.7438 val_loss: 0.3932 val_accuracy: 0.9125
Epoch: 15 loss: 0.5690 accuracy: 0.7441 val_loss: 0.3863 val_accuracy: 0.9125
Epoch: 16 loss: 0.5699 accuracy: 0.7436 val_loss: 0.3909 val_accuracy: 0.9125
Epoch: 17 loss: 0.5702 accuracy: 0.7431 val_loss: 0.3893 val_accuracy: 0.9125
Epoch: 18 loss: 0.5707 accuracy: 0.7421 val_loss: 0.3862 val_accuracy: 0.9125
Epoch: 19 loss: 0.5699 accuracy: 0.7431 val_loss: 0.3889 val_accuracy: 0.9125
Epoch: 20 loss: 0.5696 accuracy: 0.7428 val_loss: 0.3840 val_accuracy: 0.9125
Job ended!
