Tue 27 Feb 2024 02:16:48 PM EST
Python 3.9.7
nvcc: NVIDIA (R) Cuda compiler driver
Copyright (c) 2005-2019 NVIDIA Corporation
Built on Sun_Jul_28_19:07:16_PDT_2019
Cuda compilation tools, release 10.1, V10.1.243
My SLURM_ARRAY_TASK_ID: 
DB: ['ISIC2016', 'ISIC2020', 'PH2']
IMG_SIZE: [150, 150]
CLASSIFIER: EfficientNetB5
SELF_AUG: 1
JOB_INDEX: None
Combining...
Combining 1 db out of 3 dbs
Combining 2 db out of 3 dbs
Combining 3 db out of 3 dbs
Stacking training images
Stacking training labels
Stacking validation images
Stacking validation labels
Model: "sequential"
_________________________________________________________________
Layer (type)                 Output Shape              Param #   
=================================================================
efficientnetb5 (Functional)  (None, 2048)              28513527  
_________________________________________________________________
dense (Dense)                (None, 512)               1049088   
_________________________________________________________________
dropout (Dropout)            (None, 512)               0         
_________________________________________________________________
batch_normalization (BatchNo (None, 512)               2048      
_________________________________________________________________
dense_1 (Dense)              (None, 256)               131328    
_________________________________________________________________
dropout_1 (Dropout)          (None, 256)               0         
_________________________________________________________________
batch_normalization_1 (Batch (None, 256)               1024      
_________________________________________________________________
dense_2 (Dense)              (None, 2)                 514       
=================================================================
Total params: 29,697,529
Trainable params: 1,182,466
Non-trainable params: 28,515,063
_________________________________________________________________
Fitting ISIC2016+ISIC2020+PH2_aug_EfficientNetB5_150h_150w_None model...
model_name: ISIC2016+ISIC2020+PH2_aug_EfficientNetB5_150h_150w_None
Epoch: 1 loss: 0.5098 accuracy: 0.7885 val_loss: 0.3537 val_accuracy: 0.9791
Epoch: 2 loss: 0.4750 accuracy: 0.8049 val_loss: 0.3162 val_accuracy: 0.9750
Epoch: 3 loss: 0.4715 accuracy: 0.8054 val_loss: 0.2445 val_accuracy: 0.9784
Epoch: 4 loss: 0.4700 accuracy: 0.8056 val_loss: 0.2192 val_accuracy: 0.9794
Epoch: 5 loss: 0.4699 accuracy: 0.8058 val_loss: 0.2337 val_accuracy: 0.9769
Epoch: 6 loss: 0.4668 accuracy: 0.8061 val_loss: 0.2340 val_accuracy: 0.9791
Epoch: 7 loss: 0.4648 accuracy: 0.8064 val_loss: 0.4152 val_accuracy: 0.9233
Epoch: 8 loss: 0.4643 accuracy: 0.8068 val_loss: 0.2559 val_accuracy: 0.9778
Epoch: 9 loss: 0.4611 accuracy: 0.8069 val_loss: 0.1882 val_accuracy: 0.9794
Epoch: 10 loss: 0.4609 accuracy: 0.8069 val_loss: 0.2520 val_accuracy: 0.9780
Epoch: 11 loss: 0.4608 accuracy: 0.8068 val_loss: 0.2674 val_accuracy: 0.9784
Epoch: 12 loss: 0.4598 accuracy: 0.8067 val_loss: 0.2464 val_accuracy: 0.9788
Epoch: 13 loss: 0.4598 accuracy: 0.8075 val_loss: 0.2722 val_accuracy: 0.9762
Epoch: 14 loss: 0.4595 accuracy: 0.8074 val_loss: 0.2457 val_accuracy: 0.9784
Epoch: 15 loss: 0.4583 accuracy: 0.8072 val_loss: 0.2011 val_accuracy: 0.9794
Epoch: 16 loss: 0.4566 accuracy: 0.8077 val_loss: 0.2300 val_accuracy: 0.9780
Epoch: 17 loss: 0.4580 accuracy: 0.8073 val_loss: 0.1896 val_accuracy: 0.9791
Epoch: 18 loss: 0.4568 accuracy: 0.8069 val_loss: 0.2685 val_accuracy: 0.9765
Epoch: 19 loss: 0.4558 accuracy: 0.8072 val_loss: 0.2298 val_accuracy: 0.9788
Epoch: 20 loss: 0.4555 accuracy: 0.8078 val_loss: 0.1851 val_accuracy: 0.9791
Job ended!
