DB: ['ISIC2019']
CLASSIFIER: VGG11
JOB_INDEX: None
Start training ISIC2019_VGG11
Combining...
Combining 1th db out of 1 dbs
Stacking data
Combining complete
Epoch 0/29
----------
Train Loss: 0.5566 Acc: 0.7019
Val Loss: 0.6331 Acc: 0.5948

Epoch 1/29
----------
Train Loss: 0.5194 Acc: 0.7343
Val Loss: 0.5081 Acc: 0.7379

Epoch 2/29
----------
Train Loss: 0.5004 Acc: 0.7494
Val Loss: 0.4444 Acc: 0.7833

Epoch 3/29
----------
Train Loss: 0.4902 Acc: 0.7543
Val Loss: 0.4328 Acc: 0.7728

Epoch 4/29
----------
Train Loss: 0.4836 Acc: 0.7611
Val Loss: 0.3767 Acc: 0.8542

Epoch 5/29
----------
Train Loss: 0.4705 Acc: 0.7685
Val Loss: 0.4083 Acc: 0.7910

Epoch 6/29
----------
Train Loss: 0.4646 Acc: 0.7730
Val Loss: 0.4055 Acc: 0.7977

Epoch 7/29
----------
Train Loss: 0.4443 Acc: 0.7799
Val Loss: 0.4273 Acc: 0.7786

Epoch 8/29
----------
Train Loss: 0.4361 Acc: 0.7892
Val Loss: 0.4030 Acc: 0.8003

Epoch 9/29
----------
Train Loss: 0.4292 Acc: 0.7889
Val Loss: 0.3968 Acc: 0.8048

Epoch 10/29
----------
Train Loss: 0.4320 Acc: 0.7878
Val Loss: 0.4171 Acc: 0.7886

Epoch 11/29
----------
Train Loss: 0.4254 Acc: 0.7943
Val Loss: 0.3716 Acc: 0.8236

Epoch 12/29
----------
Train Loss: 0.4226 Acc: 0.7952
Val Loss: 0.4314 Acc: 0.7774

Epoch 13/29
----------
Train Loss: 0.4192 Acc: 0.7970
Val Loss: 0.3980 Acc: 0.8007

Epoch 14/29
----------
Train Loss: 0.4229 Acc: 0.7977
Val Loss: 0.3852 Acc: 0.8115

Epoch 15/29
----------
Train Loss: 0.4147 Acc: 0.7981
Val Loss: 0.3951 Acc: 0.8019

Epoch 16/29
----------
Train Loss: 0.4226 Acc: 0.7937
Val Loss: 0.3914 Acc: 0.8074

Epoch 17/29
----------
Train Loss: 0.4213 Acc: 0.7956
Val Loss: 0.3955 Acc: 0.8028

Epoch 18/29
----------
Train Loss: 0.4185 Acc: 0.7971
Val Loss: 0.3911 Acc: 0.8070

Epoch 19/29
----------
Train Loss: 0.4186 Acc: 0.7955
Val Loss: 0.4006 Acc: 0.7989

Epoch 20/29
----------
Train Loss: 0.4199 Acc: 0.7951
Val Loss: 0.3997 Acc: 0.8001

Epoch 21/29
----------
Train Loss: 0.4190 Acc: 0.7971
Val Loss: 0.3978 Acc: 0.8015

Epoch 22/29
----------
Train Loss: 0.4201 Acc: 0.7967
Val Loss: 0.3962 Acc: 0.8019

Epoch 23/29
----------
Train Loss: 0.4165 Acc: 0.8020
Val Loss: 0.3949 Acc: 0.8030

Epoch 24/29
----------
Train Loss: 0.4219 Acc: 0.7973
Val Loss: 0.3944 Acc: 0.8034

Epoch 25/29
----------
Train Loss: 0.4218 Acc: 0.7948
Val Loss: 0.3941 Acc: 0.8034

Epoch 26/29
----------
Train Loss: 0.4213 Acc: 0.7976
Val Loss: 0.3967 Acc: 0.8013

Epoch 27/29
----------
Train Loss: 0.4134 Acc: 0.8022
Val Loss: 0.3966 Acc: 0.8009

Epoch 28/29
----------
Train Loss: 0.4158 Acc: 0.7991
Val Loss: 0.3964 Acc: 0.8011

Epoch 29/29
----------
Train Loss: 0.4203 Acc: 0.7982
Val Loss: 0.3963 Acc: 0.8013

Training complete in 156m 48s
Best val Acc: 0.854154
Finished training ISIC2019_VGG11
