DB: ['ISIC2020']
CLASSIFIER: VGG11
JOB_INDEX: None
Start training ISIC2020_VGG11
Combining...
Combining 1th db out of 1 dbs
Stacking data
Combining complete
Epoch 0/29
----------
Train Loss: 0.5230 Acc: 0.7325
Val Loss: 0.5018 Acc: 0.6819

Epoch 1/29
----------
Train Loss: 0.4603 Acc: 0.7738
Val Loss: 0.4932 Acc: 0.6994

Epoch 2/29
----------
Train Loss: 0.4335 Acc: 0.7980
Val Loss: 0.3602 Acc: 0.7955

Epoch 3/29
----------
Train Loss: 0.4159 Acc: 0.8062
Val Loss: 0.4354 Acc: 0.7609

Epoch 4/29
----------
Train Loss: 0.3916 Acc: 0.8202
Val Loss: 0.4228 Acc: 0.7682

Epoch 5/29
----------
Train Loss: 0.3695 Acc: 0.8337
Val Loss: 0.4056 Acc: 0.7996

Epoch 6/29
----------
Train Loss: 0.3544 Acc: 0.8366
Val Loss: 0.3522 Acc: 0.8141

Epoch 7/29
----------
Train Loss: 0.3033 Acc: 0.8694
Val Loss: 0.3002 Acc: 0.8530

Epoch 8/29
----------
Train Loss: 0.2904 Acc: 0.8781
Val Loss: 0.3064 Acc: 0.8492

Epoch 9/29
----------
Train Loss: 0.2797 Acc: 0.8810
Val Loss: 0.3167 Acc: 0.8465

Epoch 10/29
----------
Train Loss: 0.2788 Acc: 0.8820
