Wed 08 May 2024 08:29:36 PM EDT
Python 3.9.7
nvcc: NVIDIA (R) Cuda compiler driver
Copyright (c) 2005-2019 NVIDIA Corporation
Built on Sun_Jul_28_19:07:16_PDT_2019
Cuda compilation tools, release 10.1, V10.1.243
My SLURM_ARRAY_TASK_ID: 
DB: ['HAM10000']
IMG_SIZE: [384, 384]
CLASSIFIER: VGG16
JOB_INDEX: None
Start training augmented images
Combining...
Combining 1th db out of 1 dbs
Stacking data
Combining complete
Model: "sequential"
_________________________________________________________________
Layer (type)                 Output Shape              Param #   
=================================================================
vgg16 (Functional)           (None, 512)               14714688  
_________________________________________________________________
dense (Dense)                (None, 512)               262656    
_________________________________________________________________
dropout (Dropout)            (None, 512)               0         
_________________________________________________________________
batch_normalization (BatchNo (None, 512)               2048      
_________________________________________________________________
dense_1 (Dense)              (None, 256)               131328    
_________________________________________________________________
batch_normalization_1 (Batch (None, 256)               1024      
_________________________________________________________________
dense_2 (Dense)              (None, 2)                 514       
=================================================================
Total params: 15,112,258
Trainable params: 396,034
Non-trainable params: 14,716,224
_________________________________________________________________
Fitting HAM10000_aug_VGG16_384h_384w_None model...
model_name: HAM10000_aug_VGG16_384h_384w_None
Epoch: 1 loss: 1.0498 accuracy: 0.6907 val_loss: 1.1624 val_accuracy: 0.0521
Epoch: 2 loss: 0.7773 accuracy: 0.7764 val_loss: 0.9123 val_accuracy: 0.7191
Epoch: 3 loss: 0.6913 accuracy: 0.7940 val_loss: 0.5510 val_accuracy: 0.8766
Epoch: 4 loss: 0.6306 accuracy: 0.8084 val_loss: 0.5418 val_accuracy: 0.8686
Epoch: 5 loss: 0.6121 accuracy: 0.8074 val_loss: 0.4612 val_accuracy: 0.8867
Epoch: 6 loss: 0.5954 accuracy: 0.8137 val_loss: 0.4622 val_accuracy: 0.8845
Epoch: 7 loss: 0.5661 accuracy: 0.8206 val_loss: 0.4384 val_accuracy: 0.8935
Epoch: 8 loss: 0.5505 accuracy: 0.8283 val_loss: 0.4326 val_accuracy: 0.8879
Epoch: 9 loss: 0.5468 accuracy: 0.8237 val_loss: 0.3328 val_accuracy: 0.9253
Epoch: 10 loss: 0.5401 accuracy: 0.8257 val_loss: 0.3684 val_accuracy: 0.9071
Epoch: 11 loss: 0.5281 accuracy: 0.8311 val_loss: 0.4801 val_accuracy: 0.8664
Epoch: 12 loss: 0.5039 accuracy: 0.8420 val_loss: 0.3422 val_accuracy: 0.9117
Epoch: 13 loss: 0.5083 accuracy: 0.8378 val_loss: 0.4704 val_accuracy: 0.8709
Epoch: 14 loss: 0.5086 accuracy: 0.8330 val_loss: 0.4099 val_accuracy: 0.8879

Epoch 00014: ReduceLROnPlateau reducing learning rate to 7.999999797903001e-05.
Epoch: 15 loss: 0.4865 accuracy: 0.8426 val_loss: 0.4722 val_accuracy: 0.8664
Epoch: 16 loss: 0.4749 accuracy: 0.8511 val_loss: 0.3637 val_accuracy: 0.9105
Epoch: 17 loss: 0.4710 accuracy: 0.8505 val_loss: 0.4165 val_accuracy: 0.8800
Epoch: 18 loss: 0.4666 accuracy: 0.8522 val_loss: 0.3726 val_accuracy: 0.8935
Epoch: 19 loss: 0.4594 accuracy: 0.8517 val_loss: 0.3400 val_accuracy: 0.9060

Epoch 00019: ReduceLROnPlateau reducing learning rate to 6.399999838322402e-05.
End of augmented training
Finish
Job ended!
