Thu 09 May 2024 05:45:54 AM EDT
Python 3.9.7
nvcc: NVIDIA (R) Cuda compiler driver
Copyright (c) 2005-2019 NVIDIA Corporation
Built on Sun_Jul_28_19:07:16_PDT_2019
Cuda compilation tools, release 10.1, V10.1.243
My SLURM_ARRAY_TASK_ID: 
DB: ['ISIC2016', 'PAD_UFES_20']
IMG_SIZE: [384, 384]
CLASSIFIER: VGG16
JOB_INDEX: None
Start training augmented images
Combining...
Combining 1th db out of 2 dbs
Combining 2th db out of 2 dbs
Stacking data
Combining complete
Model: "sequential"
_________________________________________________________________
Layer (type)                 Output Shape              Param #   
=================================================================
vgg16 (Functional)           (None, 512)               14714688  
_________________________________________________________________
dense (Dense)                (None, 512)               262656    
_________________________________________________________________
dropout (Dropout)            (None, 512)               0         
_________________________________________________________________
batch_normalization (BatchNo (None, 512)               2048      
_________________________________________________________________
dense_1 (Dense)              (None, 256)               131328    
_________________________________________________________________
batch_normalization_1 (Batch (None, 256)               1024      
_________________________________________________________________
dense_2 (Dense)              (None, 2)                 514       
=================================================================
Total params: 15,112,258
Trainable params: 396,034
Non-trainable params: 14,716,224
_________________________________________________________________
Fitting ISIC2016+PAD_UFES_20_aug_VGG16_384h_384w_None model...
model_name: ISIC2016+PAD_UFES_20_aug_VGG16_384h_384w_None
Epoch: 1 loss: 1.2962 accuracy: 0.5651 val_loss: 1.0888 val_accuracy: 0.3938
Epoch: 2 loss: 1.0603 accuracy: 0.6348 val_loss: 0.7951 val_accuracy: 0.9328
Epoch: 3 loss: 0.9365 accuracy: 0.6933 val_loss: 0.6665 val_accuracy: 0.9328
Epoch: 4 loss: 0.8669 accuracy: 0.7254 val_loss: 0.5742 val_accuracy: 0.9328
Epoch: 5 loss: 0.8012 accuracy: 0.7614 val_loss: 0.5272 val_accuracy: 0.9328
Epoch: 6 loss: 0.7481 accuracy: 0.7762 val_loss: 0.4932 val_accuracy: 0.9344
Epoch: 7 loss: 0.7113 accuracy: 0.7940 val_loss: 0.4755 val_accuracy: 0.9328
Epoch: 8 loss: 0.6695 accuracy: 0.8181 val_loss: 0.4677 val_accuracy: 0.9281
Epoch: 9 loss: 0.6307 accuracy: 0.8281 val_loss: 0.4600 val_accuracy: 0.9250
Epoch: 10 loss: 0.6162 accuracy: 0.8347 val_loss: 0.4611 val_accuracy: 0.9203
Epoch: 11 loss: 0.6057 accuracy: 0.8340 val_loss: 0.4546 val_accuracy: 0.9219
Epoch: 12 loss: 0.5797 accuracy: 0.8456 val_loss: 0.4374 val_accuracy: 0.9219
Epoch: 13 loss: 0.5839 accuracy: 0.8398 val_loss: 0.4500 val_accuracy: 0.9109
Epoch: 14 loss: 0.5519 accuracy: 0.8557 val_loss: 0.4271 val_accuracy: 0.9219
Epoch: 15 loss: 0.5348 accuracy: 0.8665 val_loss: 0.4449 val_accuracy: 0.9125
Epoch: 16 loss: 0.5153 accuracy: 0.8718 val_loss: 0.4194 val_accuracy: 0.9187
Epoch: 17 loss: 0.5090 accuracy: 0.8726 val_loss: 0.4125 val_accuracy: 0.9187
Epoch: 18 loss: 0.4972 accuracy: 0.8776 val_loss: 0.4119 val_accuracy: 0.9234
Epoch: 19 loss: 0.4878 accuracy: 0.8822 val_loss: 0.4246 val_accuracy: 0.9125
Epoch: 20 loss: 0.4772 accuracy: 0.8816 val_loss: 0.4485 val_accuracy: 0.9000
Epoch: 21 loss: 0.4708 accuracy: 0.8800 val_loss: 0.4362 val_accuracy: 0.9016
Epoch: 22 loss: 0.4605 accuracy: 0.8927 val_loss: 0.4719 val_accuracy: 0.8875
Epoch: 23 loss: 0.4673 accuracy: 0.8893 val_loss: 0.3930 val_accuracy: 0.9172
Epoch: 24 loss: 0.4508 accuracy: 0.8927 val_loss: 0.4449 val_accuracy: 0.9031
Epoch: 25 loss: 0.4518 accuracy: 0.8898 val_loss: 0.4056 val_accuracy: 0.9125
Epoch: 26 loss: 0.4585 accuracy: 0.8888 val_loss: 0.4335 val_accuracy: 0.9031
Epoch: 27 loss: 0.4365 accuracy: 0.8941 val_loss: 0.4082 val_accuracy: 0.9172
Epoch: 28 loss: 0.4356 accuracy: 0.8925 val_loss: 0.4236 val_accuracy: 0.9062

Epoch 00028: ReduceLROnPlateau reducing learning rate to 7.999999797903001e-05.
Epoch: 29 loss: 0.4273 accuracy: 0.8970 val_loss: 0.4181 val_accuracy: 0.8953
Epoch: 30 loss: 0.4249 accuracy: 0.9041 val_loss: 0.4175 val_accuracy: 0.9062
Epoch: 31 loss: 0.4114 accuracy: 0.9044 val_loss: 0.3824 val_accuracy: 0.9172
Epoch: 32 loss: 0.4144 accuracy: 0.9039 val_loss: 0.4004 val_accuracy: 0.9078
Epoch: 33 loss: 0.3999 accuracy: 0.8970 val_loss: 0.4341 val_accuracy: 0.9000
Epoch: 34 loss: 0.4080 accuracy: 0.9076 val_loss: 0.4069 val_accuracy: 0.9172
Epoch: 35 loss: 0.3887 accuracy: 0.9145 val_loss: 0.4287 val_accuracy: 0.8984
Epoch: 36 loss: 0.4012 accuracy: 0.9084 val_loss: 0.4146 val_accuracy: 0.9062

Epoch 00036: ReduceLROnPlateau reducing learning rate to 6.399999838322402e-05.
Epoch: 37 loss: 0.3775 accuracy: 0.9155 val_loss: 0.4257 val_accuracy: 0.8891
Epoch: 38 loss: 0.3881 accuracy: 0.9052 val_loss: 0.4044 val_accuracy: 0.9016
Epoch: 39 loss: 0.3776 accuracy: 0.9115 val_loss: 0.3971 val_accuracy: 0.9062
Epoch: 40 loss: 0.3813 accuracy: 0.9182 val_loss: 0.4165 val_accuracy: 0.9031
Epoch: 41 loss: 0.3934 accuracy: 0.9065 val_loss: 0.4044 val_accuracy: 0.9062

Epoch 00041: ReduceLROnPlateau reducing learning rate to 5.119999987073243e-05.
End of augmented training
Finish
Job ended!
