Thu 09 May 2024 05:56:52 AM EDT
Python 3.9.7
nvcc: NVIDIA (R) Cuda compiler driver
Copyright (c) 2005-2019 NVIDIA Corporation
Built on Sun_Jul_28_19:07:16_PDT_2019
Cuda compilation tools, release 10.1, V10.1.243
My SLURM_ARRAY_TASK_ID: 
DB: ['ISIC2016', 'PH2']
IMG_SIZE: [384, 384]
CLASSIFIER: VGG16
JOB_INDEX: None
Start training augmented images
Combining...
Combining 1th db out of 2 dbs
Combining 2th db out of 2 dbs
Stacking data
Combining complete
Model: "sequential"
_________________________________________________________________
Layer (type)                 Output Shape              Param #   
=================================================================
vgg16 (Functional)           (None, 512)               14714688  
_________________________________________________________________
dense (Dense)                (None, 512)               262656    
_________________________________________________________________
dropout (Dropout)            (None, 512)               0         
_________________________________________________________________
batch_normalization (BatchNo (None, 512)               2048      
_________________________________________________________________
dense_1 (Dense)              (None, 256)               131328    
_________________________________________________________________
batch_normalization_1 (Batch (None, 256)               1024      
_________________________________________________________________
dense_2 (Dense)              (None, 2)                 514       
=================================================================
Total params: 15,112,258
Trainable params: 396,034
Non-trainable params: 14,716,224
_________________________________________________________________
Fitting ISIC2016+PH2_aug_VGG16_384h_384w_None model...
model_name: ISIC2016+PH2_aug_VGG16_384h_384w_None
Epoch: 1 loss: 1.3821 accuracy: 0.5442 val_loss: 1.1186 val_accuracy: 0.3278
Epoch: 2 loss: 1.1075 accuracy: 0.6590 val_loss: 1.0934 val_accuracy: 0.4611
Epoch: 3 loss: 1.0638 accuracy: 0.6726 val_loss: 1.0775 val_accuracy: 0.4889
Epoch: 4 loss: 1.0401 accuracy: 0.6868 val_loss: 1.0342 val_accuracy: 0.7056
Epoch: 5 loss: 0.9635 accuracy: 0.7269 val_loss: 1.0204 val_accuracy: 0.7167
Epoch: 6 loss: 0.9329 accuracy: 0.7459 val_loss: 1.0144 val_accuracy: 0.6944
Epoch: 7 loss: 0.8606 accuracy: 0.7609 val_loss: 0.9911 val_accuracy: 0.7000
Epoch: 8 loss: 0.8485 accuracy: 0.7520 val_loss: 0.9964 val_accuracy: 0.6778
Epoch: 9 loss: 0.8544 accuracy: 0.7575 val_loss: 0.9849 val_accuracy: 0.6778
Epoch: 10 loss: 0.8287 accuracy: 0.7520 val_loss: 0.9871 val_accuracy: 0.6000
Epoch: 11 loss: 0.7751 accuracy: 0.7833 val_loss: 0.9765 val_accuracy: 0.6500
Epoch: 12 loss: 0.7755 accuracy: 0.7982 val_loss: 0.9765 val_accuracy: 0.6000
Epoch: 13 loss: 0.7417 accuracy: 0.7976 val_loss: 0.9252 val_accuracy: 0.7167
Epoch: 14 loss: 0.7619 accuracy: 0.7853 val_loss: 0.9381 val_accuracy: 0.6833
Epoch: 15 loss: 0.7029 accuracy: 0.8064 val_loss: 0.8924 val_accuracy: 0.7389
Epoch: 16 loss: 0.7247 accuracy: 0.7976 val_loss: 0.8255 val_accuracy: 0.7444
Epoch: 17 loss: 0.7159 accuracy: 0.7901 val_loss: 0.8125 val_accuracy: 0.7667
Epoch: 18 loss: 0.7258 accuracy: 0.7853 val_loss: 0.7928 val_accuracy: 0.7722
Epoch: 19 loss: 0.7044 accuracy: 0.7874 val_loss: 0.9236 val_accuracy: 0.6833
Epoch: 20 loss: 0.6842 accuracy: 0.7976 val_loss: 0.8686 val_accuracy: 0.7167
Epoch: 21 loss: 0.6711 accuracy: 0.8173 val_loss: 0.8386 val_accuracy: 0.7389
Epoch: 22 loss: 0.6391 accuracy: 0.8315 val_loss: 0.8349 val_accuracy: 0.7389
Epoch: 23 loss: 0.6573 accuracy: 0.8118 val_loss: 0.8444 val_accuracy: 0.7333

Epoch 00023: ReduceLROnPlateau reducing learning rate to 7.999999797903001e-05.
Epoch: 24 loss: 0.6678 accuracy: 0.8145 val_loss: 0.8281 val_accuracy: 0.7444
Epoch: 25 loss: 0.6263 accuracy: 0.8315 val_loss: 0.7953 val_accuracy: 0.7556
Epoch: 26 loss: 0.6263 accuracy: 0.8139 val_loss: 0.7779 val_accuracy: 0.7556
Epoch: 27 loss: 0.6240 accuracy: 0.8295 val_loss: 0.7934 val_accuracy: 0.7444
Epoch: 28 loss: 0.6096 accuracy: 0.8200 val_loss: 0.7633 val_accuracy: 0.7722
Epoch: 29 loss: 0.6284 accuracy: 0.8274 val_loss: 0.8543 val_accuracy: 0.7444
Epoch: 30 loss: 0.5978 accuracy: 0.8356 val_loss: 0.8320 val_accuracy: 0.7556
Epoch: 31 loss: 0.6246 accuracy: 0.8105 val_loss: 0.8325 val_accuracy: 0.7500
Epoch: 32 loss: 0.6013 accuracy: 0.8329 val_loss: 0.8017 val_accuracy: 0.7611
Epoch: 33 loss: 0.6173 accuracy: 0.8315 val_loss: 0.8183 val_accuracy: 0.7722

Epoch 00033: ReduceLROnPlateau reducing learning rate to 6.399999838322402e-05.
Epoch: 34 loss: 0.5973 accuracy: 0.8342 val_loss: 0.8594 val_accuracy: 0.7389
Epoch: 35 loss: 0.5719 accuracy: 0.8526 val_loss: 0.8835 val_accuracy: 0.7500
Epoch: 36 loss: 0.5725 accuracy: 0.8424 val_loss: 0.8368 val_accuracy: 0.7667
Epoch: 37 loss: 0.5531 accuracy: 0.8546 val_loss: 0.8271 val_accuracy: 0.7667
Epoch: 38 loss: 0.5698 accuracy: 0.8370 val_loss: 0.8835 val_accuracy: 0.7556

Epoch 00038: ReduceLROnPlateau reducing learning rate to 5.119999987073243e-05.
End of augmented training
Finish
Job ended!
