Wed 08 May 2024 08:40:44 PM EDT
Python 3.9.7
nvcc: NVIDIA (R) Cuda compiler driver
Copyright (c) 2005-2019 NVIDIA Corporation
Built on Sun_Jul_28_19:07:16_PDT_2019
Cuda compilation tools, release 10.1, V10.1.243
My SLURM_ARRAY_TASK_ID: 
DB: ['ISIC2016', 'ISIC2017', 'ISIC2018', 'ISIC2019', '_7_point_criteria', 'PAD_UFES_20']
IMG_SIZE: [384, 384]
CLASSIFIER: VGG16
JOB_INDEX: None
Start training augmented images
Combining...
Combining 1th db out of 6 dbs
Combining 2th db out of 6 dbs
Combining 3th db out of 6 dbs
Combining 4th db out of 6 dbs
Combining 5th db out of 6 dbs
Combining 6th db out of 6 dbs
Stacking data
Combining complete
Model: "sequential"
_________________________________________________________________
Layer (type)                 Output Shape              Param #   
=================================================================
vgg16 (Functional)           (None, 512)               14714688  
_________________________________________________________________
dense (Dense)                (None, 512)               262656    
_________________________________________________________________
dropout (Dropout)            (None, 512)               0         
_________________________________________________________________
batch_normalization (BatchNo (None, 512)               2048      
_________________________________________________________________
dense_1 (Dense)              (None, 256)               131328    
_________________________________________________________________
batch_normalization_1 (Batch (None, 256)               1024      
_________________________________________________________________
dense_2 (Dense)              (None, 2)                 514       
=================================================================
Total params: 15,112,258
Trainable params: 396,034
Non-trainable params: 14,716,224
_________________________________________________________________
Fitting ISIC2016+ISIC2017+ISIC2018+ISIC2019+_7_point_criteria+PAD_UFES_20_aug_VGG16_384h_384w_None model...
model_name: ISIC2016+ISIC2017+ISIC2018+ISIC2019+_7_point_criteria+PAD_UFES_20_aug_VGG16_384h_384w_None
Epoch: 1 loss: 0.8506 accuracy: 0.7349 val_loss: 0.6219 val_accuracy: 0.8303
Epoch: 2 loss: 0.6665 accuracy: 0.7825 val_loss: 0.5897 val_accuracy: 0.8222
Epoch: 3 loss: 0.6138 accuracy: 0.7952 val_loss: 0.5788 val_accuracy: 0.8100
Epoch: 4 loss: 0.5778 accuracy: 0.8032 val_loss: 0.5659 val_accuracy: 0.8150
Epoch: 5 loss: 0.5598 accuracy: 0.8047 val_loss: 0.5230 val_accuracy: 0.8345
Epoch: 6 loss: 0.5339 accuracy: 0.8152 val_loss: 0.5503 val_accuracy: 0.8089
Epoch: 7 loss: 0.5216 accuracy: 0.8167 val_loss: 0.5621 val_accuracy: 0.7908
Epoch: 8 loss: 0.5039 accuracy: 0.8223 val_loss: 0.5000 val_accuracy: 0.8366
Epoch: 9 loss: 0.4879 accuracy: 0.8265 val_loss: 0.4889 val_accuracy: 0.8337
Epoch: 10 loss: 0.4780 accuracy: 0.8262 val_loss: 0.5241 val_accuracy: 0.8049
Epoch: 11 loss: 0.4674 accuracy: 0.8275 val_loss: 0.4962 val_accuracy: 0.8130
Epoch: 12 loss: 0.4604 accuracy: 0.8274 val_loss: 0.5493 val_accuracy: 0.7841
Epoch: 13 loss: 0.4475 accuracy: 0.8334 val_loss: 0.5319 val_accuracy: 0.7815
Epoch: 14 loss: 0.4403 accuracy: 0.8314 val_loss: 0.4718 val_accuracy: 0.8198
Epoch: 15 loss: 0.4316 accuracy: 0.8357 val_loss: 0.4647 val_accuracy: 0.8178
Epoch: 16 loss: 0.4216 accuracy: 0.8390 val_loss: 0.5046 val_accuracy: 0.7927
Epoch: 17 loss: 0.4151 accuracy: 0.8408 val_loss: 0.4752 val_accuracy: 0.8124
Epoch: 18 loss: 0.4102 accuracy: 0.8410 val_loss: 0.4461 val_accuracy: 0.8246
Epoch: 19 loss: 0.4027 accuracy: 0.8427 val_loss: 0.5257 val_accuracy: 0.7755
Epoch: 20 loss: 0.3975 accuracy: 0.8438 val_loss: 0.4329 val_accuracy: 0.8359
Epoch: 21 loss: 0.3956 accuracy: 0.8446 val_loss: 0.4421 val_accuracy: 0.8271
Epoch: 22 loss: 0.3928 accuracy: 0.8453 val_loss: 0.4427 val_accuracy: 0.8316
Epoch: 23 loss: 0.3888 accuracy: 0.8472 val_loss: 0.4775 val_accuracy: 0.8092
Epoch: 24 loss: 0.3839 accuracy: 0.8487 val_loss: 0.4526 val_accuracy: 0.8202
Epoch: 25 loss: 0.3761 accuracy: 0.8515 val_loss: 0.5027 val_accuracy: 0.7844

Epoch 00025: ReduceLROnPlateau reducing learning rate to 7.999999797903001e-05.
Epoch: 26 loss: 0.3761 accuracy: 0.8511 val_loss: 0.4504 val_accuracy: 0.8116
Epoch: 27 loss: 0.3706 accuracy: 0.8523 val_loss: 0.4538 val_accuracy: 0.8121
Epoch: 28 loss: 0.3631 accuracy: 0.8556 val_loss: 0.4840 val_accuracy: 0.7948
Epoch: 29 loss: 0.3581 accuracy: 0.8582 val_loss: 0.4313 val_accuracy: 0.8338
Epoch: 30 loss: 0.3562 accuracy: 0.8590 val_loss: 0.4622 val_accuracy: 0.8075
Epoch: 31 loss: 0.3515 accuracy: 0.8617 val_loss: 0.4147 val_accuracy: 0.8396
Epoch: 32 loss: 0.3514 accuracy: 0.8626 val_loss: 0.4308 val_accuracy: 0.8255
Epoch: 33 loss: 0.3502 accuracy: 0.8622 val_loss: 0.4303 val_accuracy: 0.8318
Epoch: 34 loss: 0.3503 accuracy: 0.8607 val_loss: 0.4097 val_accuracy: 0.8380
Epoch: 35 loss: 0.3443 accuracy: 0.8629 val_loss: 0.4001 val_accuracy: 0.8418
Epoch: 36 loss: 0.3479 accuracy: 0.8619 val_loss: 0.4199 val_accuracy: 0.8316
Epoch: 37 loss: 0.3448 accuracy: 0.8631 val_loss: 0.4258 val_accuracy: 0.8284
Epoch: 38 loss: 0.3408 accuracy: 0.8652 val_loss: 0.3864 val_accuracy: 0.8482
Epoch: 39 loss: 0.3370 accuracy: 0.8679 val_loss: 0.4245 val_accuracy: 0.8244
Epoch: 40 loss: 0.3362 accuracy: 0.8684 val_loss: 0.4184 val_accuracy: 0.8329
Epoch: 41 loss: 0.3391 accuracy: 0.8664 val_loss: 0.4244 val_accuracy: 0.8311
Epoch: 42 loss: 0.3395 accuracy: 0.8642 val_loss: 0.3942 val_accuracy: 0.8433
Epoch: 43 loss: 0.3311 accuracy: 0.8685 val_loss: 0.4231 val_accuracy: 0.8279

Epoch 00043: ReduceLROnPlateau reducing learning rate to 6.399999838322402e-05.
Epoch: 44 loss: 0.3256 accuracy: 0.8726 val_loss: 0.4054 val_accuracy: 0.8412
Epoch: 45 loss: 0.3180 accuracy: 0.8752 val_loss: 0.3980 val_accuracy: 0.8457
Epoch: 46 loss: 0.3172 accuracy: 0.8765 val_loss: 0.4067 val_accuracy: 0.8394
Epoch: 47 loss: 0.3205 accuracy: 0.8743 val_loss: 0.3977 val_accuracy: 0.8490
Epoch: 48 loss: 0.3189 accuracy: 0.8748 val_loss: 0.4170 val_accuracy: 0.8338

Epoch 00048: ReduceLROnPlateau reducing learning rate to 5.119999987073243e-05.
End of augmented training
Finish
Job ended!
