Thu 09 May 2024 05:59:53 AM EDT
Python 3.9.7
nvcc: NVIDIA (R) Cuda compiler driver
Copyright (c) 2005-2019 NVIDIA Corporation
Built on Sun_Jul_28_19:07:16_PDT_2019
Cuda compilation tools, release 10.1, V10.1.243
My SLURM_ARRAY_TASK_ID: 
DB: ['ISIC2016']
IMG_SIZE: [384, 384]
CLASSIFIER: VGG16
JOB_INDEX: None
Start training augmented images
Combining...
Combining 1th db out of 1 dbs
Stacking data
Combining complete
Model: "sequential"
_________________________________________________________________
Layer (type)                 Output Shape              Param #   
=================================================================
vgg16 (Functional)           (None, 512)               14714688  
_________________________________________________________________
dense (Dense)                (None, 512)               262656    
_________________________________________________________________
dropout (Dropout)            (None, 512)               0         
_________________________________________________________________
batch_normalization (BatchNo (None, 512)               2048      
_________________________________________________________________
dense_1 (Dense)              (None, 256)               131328    
_________________________________________________________________
batch_normalization_1 (Batch (None, 256)               1024      
_________________________________________________________________
dense_2 (Dense)              (None, 2)                 514       
=================================================================
Total params: 15,112,258
Trainable params: 396,034
Non-trainable params: 14,716,224
_________________________________________________________________
Fitting ISIC2016_aug_VGG16_384h_384w_None model...
model_name: ISIC2016_aug_VGG16_384h_384w_None
Epoch: 1 loss: 1.3292 accuracy: 0.5521 val_loss: 0.9981 val_accuracy: 0.8222
Epoch: 2 loss: 1.1451 accuracy: 0.6649 val_loss: 0.9611 val_accuracy: 0.8222
Epoch: 3 loss: 1.0830 accuracy: 0.6710 val_loss: 0.9356 val_accuracy: 0.8222
Epoch: 4 loss: 1.0659 accuracy: 0.6953 val_loss: 0.9039 val_accuracy: 0.8222
Epoch: 5 loss: 1.0211 accuracy: 0.6927 val_loss: 0.8666 val_accuracy: 0.8222
Epoch: 6 loss: 0.9861 accuracy: 0.7170 val_loss: 0.8513 val_accuracy: 0.8222
Epoch: 7 loss: 0.9226 accuracy: 0.7378 val_loss: 0.8425 val_accuracy: 0.8222
Epoch: 8 loss: 0.9244 accuracy: 0.7240 val_loss: 0.8302 val_accuracy: 0.8222
Epoch: 9 loss: 0.9006 accuracy: 0.7483 val_loss: 0.8178 val_accuracy: 0.8222
Epoch: 10 loss: 0.8753 accuracy: 0.7431 val_loss: 0.8065 val_accuracy: 0.8278
Epoch: 11 loss: 0.8741 accuracy: 0.7569 val_loss: 0.7907 val_accuracy: 0.8278
Epoch: 12 loss: 0.8651 accuracy: 0.7413 val_loss: 0.7809 val_accuracy: 0.8278
Epoch: 13 loss: 0.8147 accuracy: 0.7778 val_loss: 0.7679 val_accuracy: 0.8389
Epoch: 14 loss: 0.8051 accuracy: 0.7639 val_loss: 0.7605 val_accuracy: 0.8222
Epoch: 15 loss: 0.7660 accuracy: 0.7752 val_loss: 0.7441 val_accuracy: 0.8333
Epoch: 16 loss: 0.7426 accuracy: 0.7917 val_loss: 0.7296 val_accuracy: 0.8333
Epoch: 17 loss: 0.7705 accuracy: 0.7821 val_loss: 0.7289 val_accuracy: 0.8222
Epoch: 18 loss: 0.7788 accuracy: 0.7821 val_loss: 0.7145 val_accuracy: 0.8333
Epoch: 19 loss: 0.7439 accuracy: 0.7847 val_loss: 0.7136 val_accuracy: 0.8278
Epoch: 20 loss: 0.7464 accuracy: 0.7778 val_loss: 0.7110 val_accuracy: 0.8222
Epoch: 21 loss: 0.7244 accuracy: 0.7821 val_loss: 0.7256 val_accuracy: 0.8000
Epoch: 22 loss: 0.7189 accuracy: 0.7786 val_loss: 0.7128 val_accuracy: 0.8056
Epoch: 23 loss: 0.6904 accuracy: 0.7995 val_loss: 0.7107 val_accuracy: 0.8056
Epoch: 24 loss: 0.6987 accuracy: 0.7943 val_loss: 0.7187 val_accuracy: 0.8056
Epoch: 25 loss: 0.6828 accuracy: 0.7986 val_loss: 0.6830 val_accuracy: 0.8167
Epoch: 26 loss: 0.6636 accuracy: 0.8073 val_loss: 0.7031 val_accuracy: 0.7944
Epoch: 27 loss: 0.6722 accuracy: 0.8134 val_loss: 0.7151 val_accuracy: 0.7944
Epoch: 28 loss: 0.6770 accuracy: 0.7925 val_loss: 0.6938 val_accuracy: 0.7833
Epoch: 29 loss: 0.6064 accuracy: 0.8299 val_loss: 0.7319 val_accuracy: 0.7833
Epoch: 30 loss: 0.6742 accuracy: 0.8108 val_loss: 0.6722 val_accuracy: 0.7889
Epoch: 31 loss: 0.6371 accuracy: 0.8194 val_loss: 0.6653 val_accuracy: 0.8056
Epoch: 32 loss: 0.6285 accuracy: 0.8125 val_loss: 0.6762 val_accuracy: 0.7944
Epoch: 33 loss: 0.6410 accuracy: 0.8151 val_loss: 0.6955 val_accuracy: 0.8056
Epoch: 34 loss: 0.6471 accuracy: 0.8021 val_loss: 0.6730 val_accuracy: 0.8000
Epoch: 35 loss: 0.6293 accuracy: 0.8090 val_loss: 0.6968 val_accuracy: 0.8056
Epoch: 36 loss: 0.6441 accuracy: 0.8160 val_loss: 0.6809 val_accuracy: 0.7944

Epoch 00036: ReduceLROnPlateau reducing learning rate to 7.999999797903001e-05.
Epoch: 37 loss: 0.6357 accuracy: 0.8064 val_loss: 0.7440 val_accuracy: 0.7778
Epoch: 38 loss: 0.5956 accuracy: 0.8160 val_loss: 0.7170 val_accuracy: 0.7889
Epoch: 39 loss: 0.6101 accuracy: 0.8316 val_loss: 0.7406 val_accuracy: 0.7667
Epoch: 40 loss: 0.5860 accuracy: 0.8290 val_loss: 0.7187 val_accuracy: 0.7778
Epoch: 41 loss: 0.5923 accuracy: 0.8255 val_loss: 0.7319 val_accuracy: 0.7889

Epoch 00041: ReduceLROnPlateau reducing learning rate to 6.399999838322402e-05.
End of augmented training
Finish
Job ended!
