DB: ['ISIC2017']
CLASSIFIER: GoogleNet
JOB_INDEX: None
Start training ISIC2017_GoogleNet
Combining...
Combining 1th db out of 1 dbs
Stacking data
Combining complete
Epoch 0/29
----------
Train Loss: 0.6703 Acc: 0.5690
Val Loss: 0.5908 Acc: 0.6867

Epoch 1/29
----------
Train Loss: 0.5913 Acc: 0.6725
Val Loss: 0.4837 Acc: 0.7667

Epoch 2/29
----------
Train Loss: 0.5807 Acc: 0.6775
Val Loss: 0.4466 Acc: 0.7867

Epoch 3/29
----------
Train Loss: 0.5459 Acc: 0.7185
Val Loss: 0.4547 Acc: 0.7467

Epoch 4/29
----------
Train Loss: 0.5307 Acc: 0.7255
Val Loss: 0.4214 Acc: 0.7933

Epoch 5/29
----------
Train Loss: 0.5248 Acc: 0.7175
Val Loss: 0.4055 Acc: 0.8000

Epoch 6/29
----------
Train Loss: 0.5325 Acc: 0.7285
Val Loss: 0.3852 Acc: 0.8200

Epoch 7/29
----------
Train Loss: 0.5311 Acc: 0.7205
Val Loss: 0.3897 Acc: 0.8067

Epoch 8/29
----------
Train Loss: 0.4994 Acc: 0.7440
Val Loss: 0.3909 Acc: 0.8200

Epoch 9/29
----------
Train Loss: 0.4970 Acc: 0.7455
Val Loss: 0.3905 Acc: 0.8200

Epoch 10/29
----------
Train Loss: 0.5147 Acc: 0.7310
Val Loss: 0.3908 Acc: 0.8133

Epoch 11/29
----------
Train Loss: 0.5040 Acc: 0.7345
Val Loss: 0.3954 Acc: 0.8133

Epoch 12/29
----------
Train Loss: 0.4988 Acc: 0.7300
Val Loss: 0.3855 Acc: 0.8333

Epoch 13/29
----------
Train Loss: 0.4882 Acc: 0.7390
Val Loss: 0.3862 Acc: 0.8200

Epoch 14/29
----------
Train Loss: 0.4838 Acc: 0.7565
Val Loss: 0.3898 Acc: 0.8133

Epoch 15/29
----------
Train Loss: 0.5193 Acc: 0.7285
Val Loss: 0.3910 Acc: 0.8067

Epoch 16/29
----------
Train Loss: 0.4986 Acc: 0.7480
Val Loss: 0.4042 Acc: 0.8133

Epoch 17/29
----------
Train Loss: 0.4907 Acc: 0.7470
Val Loss: 0.3806 Acc: 0.8267

Epoch 18/29
----------
Train Loss: 0.4839 Acc: 0.7640
Val Loss: 0.3889 Acc: 0.8133

Epoch 19/29
----------
Train Loss: 0.4861 Acc: 0.7545
Val Loss: 0.3894 Acc: 0.8133

Epoch 20/29
----------
Train Loss: 0.4998 Acc: 0.7370
Val Loss: 0.3877 Acc: 0.8200

Epoch 21/29
----------
Train Loss: 0.4850 Acc: 0.7545
Val Loss: 0.3993 Acc: 0.8133

Epoch 22/29
----------
Train Loss: 0.4877 Acc: 0.7430
Val Loss: 0.3895 Acc: 0.8133

Epoch 23/29
----------
Train Loss: 0.4959 Acc: 0.7505
Val Loss: 0.3800 Acc: 0.8200

Epoch 24/29
----------
Train Loss: 0.4775 Acc: 0.7725
Val Loss: 0.3780 Acc: 0.8200

Epoch 25/29
----------
Train Loss: 0.4772 Acc: 0.7580
Val Loss: 0.3935 Acc: 0.8133

Epoch 26/29
----------
Train Loss: 0.4999 Acc: 0.7400
Val Loss: 0.3820 Acc: 0.8200

Epoch 27/29
----------
Train Loss: 0.4874 Acc: 0.7425
Val Loss: 0.3849 Acc: 0.8133

Epoch 28/29
----------
Train Loss: 0.4946 Acc: 0.7450
Val Loss: 0.3830 Acc: 0.8133

Epoch 29/29
----------
Train Loss: 0.5040 Acc: 0.7390
Val Loss: 0.3907 Acc: 0.8133

Training complete in 70m 42s
Best val Acc: 0.833333
Finished training ISIC2017_GoogleNet
