Tue 27 Feb 2024 08:11:51 PM EST
Python 3.9.7
nvcc: NVIDIA (R) Cuda compiler driver
Copyright (c) 2005-2019 NVIDIA Corporation
Built on Sun_Jul_28_19:07:16_PDT_2019
Cuda compilation tools, release 10.1, V10.1.243
My SLURM_ARRAY_TASK_ID: 
DB: ['ISIC2016', 'PAD_UFES_20', 'MEDNODE', 'KaggleMB']
IMG_SIZE: [150, 150]
CLASSIFIER: EfficientNetB7
SELF_AUG: 1
JOB_INDEX: None
Combining...
Combining 1 db out of 4 dbs
Combining 2 db out of 4 dbs
Combining 3 db out of 4 dbs
Combining 4 db out of 4 dbs
Stacking training images
Stacking training labels
Stacking validation images
Stacking validation labels
Model: "sequential"
_________________________________________________________________
Layer (type)                 Output Shape              Param #   
=================================================================
efficientnetb7 (Functional)  (None, 2560)              64097687  
_________________________________________________________________
dense (Dense)                (None, 512)               1311232   
_________________________________________________________________
dropout (Dropout)            (None, 512)               0         
_________________________________________________________________
batch_normalization (BatchNo (None, 512)               2048      
_________________________________________________________________
dense_1 (Dense)              (None, 256)               131328    
_________________________________________________________________
dropout_1 (Dropout)          (None, 256)               0         
_________________________________________________________________
batch_normalization_1 (Batch (None, 256)               1024      
_________________________________________________________________
dense_2 (Dense)              (None, 2)                 514       
=================================================================
Total params: 65,543,833
Trainable params: 1,444,610
Non-trainable params: 64,099,223
_________________________________________________________________
Fitting ISIC2016+PAD_UFES_20+MEDNODE+KaggleMB_aug_EfficientNetB7_150h_150w_None model...
model_name: ISIC2016+PAD_UFES_20+MEDNODE+KaggleMB_aug_EfficientNetB7_150h_150w_None
Epoch: 1 loss: 0.6923 accuracy: 0.5364 val_loss: 0.6323 val_accuracy: 0.7604
Epoch: 2 loss: 0.6845 accuracy: 0.5736 val_loss: 0.6220 val_accuracy: 0.7604
Epoch: 3 loss: 0.6828 accuracy: 0.5760 val_loss: 0.6091 val_accuracy: 0.7604
Epoch: 4 loss: 0.6813 accuracy: 0.5762 val_loss: 0.6261 val_accuracy: 0.7604
Epoch: 5 loss: 0.6815 accuracy: 0.5770 val_loss: 0.6184 val_accuracy: 0.7604
Epoch: 6 loss: 0.6800 accuracy: 0.5789 val_loss: 0.6300 val_accuracy: 0.7604
Epoch: 7 loss: 0.6808 accuracy: 0.5786 val_loss: 0.6010 val_accuracy: 0.7604
Epoch: 8 loss: 0.6797 accuracy: 0.5810 val_loss: 0.6127 val_accuracy: 0.7604
Epoch: 9 loss: 0.6791 accuracy: 0.5814 val_loss: 0.6158 val_accuracy: 0.7604
Epoch: 10 loss: 0.6787 accuracy: 0.5804 val_loss: 0.6058 val_accuracy: 0.7604
Epoch: 11 loss: 0.6775 accuracy: 0.5816 val_loss: 0.6272 val_accuracy: 0.7637
Epoch: 12 loss: 0.6781 accuracy: 0.5842 val_loss: 0.6215 val_accuracy: 0.7629
Epoch: 13 loss: 0.6761 accuracy: 0.5870 val_loss: 0.5932 val_accuracy: 0.7604
Epoch: 14 loss: 0.6781 accuracy: 0.5829 val_loss: 0.6142 val_accuracy: 0.7621
Epoch: 15 loss: 0.6776 accuracy: 0.5830 val_loss: 0.6019 val_accuracy: 0.7604
Epoch: 16 loss: 0.6763 accuracy: 0.5861 val_loss: 0.6120 val_accuracy: 0.7604
Epoch: 17 loss: 0.6771 accuracy: 0.5826 val_loss: 0.6360 val_accuracy: 0.7512
Epoch: 18 loss: 0.6761 accuracy: 0.5874 val_loss: 0.6105 val_accuracy: 0.7629
Epoch: 19 loss: 0.6775 accuracy: 0.5826 val_loss: 0.5842 val_accuracy: 0.7604
Epoch: 20 loss: 0.6767 accuracy: 0.5872 val_loss: 0.6182 val_accuracy: 0.7604
Job ended!
