Tue 27 Feb 2024 05:28:46 PM EST
Python 3.9.7
nvcc: NVIDIA (R) Cuda compiler driver
Copyright (c) 2005-2019 NVIDIA Corporation
Built on Sun_Jul_28_19:07:16_PDT_2019
Cuda compilation tools, release 10.1, V10.1.243
My SLURM_ARRAY_TASK_ID: 
DB: ['ISIC2016', 'ISIC2017', 'ISIC2018', 'ISIC2019', 'ISIC2020']
IMG_SIZE: [150, 150]
CLASSIFIER: EfficientNetB7
SELF_AUG: 1
JOB_INDEX: None
Combining...
Combining 1 db out of 5 dbs
Combining 2 db out of 5 dbs
Combining 3 db out of 5 dbs
Combining 4 db out of 5 dbs
Combining 5 db out of 5 dbs
Stacking training images
Stacking training labels
Stacking validation images
Stacking validation labels
Model: "sequential"
_________________________________________________________________
Layer (type)                 Output Shape              Param #   
=================================================================
efficientnetb7 (Functional)  (None, 2560)              64097687  
_________________________________________________________________
dense (Dense)                (None, 512)               1311232   
_________________________________________________________________
dropout (Dropout)            (None, 512)               0         
_________________________________________________________________
batch_normalization (BatchNo (None, 512)               2048      
_________________________________________________________________
dense_1 (Dense)              (None, 256)               131328    
_________________________________________________________________
dropout_1 (Dropout)          (None, 256)               0         
_________________________________________________________________
batch_normalization_1 (Batch (None, 256)               1024      
_________________________________________________________________
dense_2 (Dense)              (None, 2)                 514       
=================================================================
Total params: 65,543,833
Trainable params: 1,444,610
Non-trainable params: 64,099,223
_________________________________________________________________
Fitting ISIC2016+ISIC2017+ISIC2018+ISIC2019+ISIC2020_aug_EfficientNetB7_150h_150w_None model...
model_name: ISIC2016+ISIC2017+ISIC2018+ISIC2019+ISIC2020_aug_EfficientNetB7_150h_150w_None
Epoch: 1 loss: 0.5746 accuracy: 0.7196 val_loss: 0.3768 val_accuracy: 0.9089
Epoch: 2 loss: 0.5609 accuracy: 0.7284 val_loss: 0.3404 val_accuracy: 0.9123
Epoch: 3 loss: 0.5566 accuracy: 0.7292 val_loss: 0.3262 val_accuracy: 0.9125
Epoch: 4 loss: 0.5530 accuracy: 0.7306 val_loss: 0.3345 val_accuracy: 0.9131
Epoch: 5 loss: 0.5506 accuracy: 0.7313 val_loss: 0.3331 val_accuracy: 0.9126
Epoch: 6 loss: 0.5506 accuracy: 0.7322 val_loss: 0.3498 val_accuracy: 0.9109
Epoch: 7 loss: 0.5468 accuracy: 0.7319 val_loss: 0.3315 val_accuracy: 0.9131
Epoch: 8 loss: 0.5445 accuracy: 0.7322 val_loss: 0.2983 val_accuracy: 0.9131
Epoch: 9 loss: 0.5438 accuracy: 0.7336 val_loss: 0.3399 val_accuracy: 0.9129
Epoch: 10 loss: 0.5419 accuracy: 0.7335 val_loss: 0.3546 val_accuracy: 0.9130
Epoch: 11 loss: 0.5404 accuracy: 0.7341 val_loss: 0.4171 val_accuracy: 0.9131
Epoch: 12 loss: 0.5397 accuracy: 0.7341 val_loss: 0.4665 val_accuracy: 0.8928
Epoch: 13 loss: 0.5413 accuracy: 0.7342 val_loss: 0.5034 val_accuracy: 0.8984
Epoch: 14 loss: 0.5376 accuracy: 0.7342 val_loss: 0.3781 val_accuracy: 0.9131
Epoch: 15 loss: 0.5364 accuracy: 0.7368 val_loss: 0.3999 val_accuracy: 0.9104
Epoch: 16 loss: 0.5391 accuracy: 0.7336 val_loss: 0.3942 val_accuracy: 0.9136
Epoch: 17 loss: 0.5381 accuracy: 0.7331 val_loss: 0.3496 val_accuracy: 0.9126
Epoch: 18 loss: 0.5384 accuracy: 0.7326 val_loss: 0.5089 val_accuracy: 0.9057
Epoch: 19 loss: 0.5359 accuracy: 0.7344 val_loss: 0.4506 val_accuracy: 0.9135
Epoch: 20 loss: 0.5356 accuracy: 0.7347 val_loss: 0.3621 val_accuracy: 0.9136
Job ended!
