Mon 26 Feb 2024 03:06:28 AM EST
Python 3.9.7
nvcc: NVIDIA (R) Cuda compiler driver
Copyright (c) 2005-2019 NVIDIA Corporation
Built on Sun_Jul_28_19:07:16_PDT_2019
Cuda compilation tools, release 10.1, V10.1.243
My SLURM_ARRAY_TASK_ID:  1
DB: ['ISIC2016', 'ISIC2017', 'ISIC2018']
IMG_SIZE: [150, 150]
CLASSIFIER: EfficientNetB5
JOB_INDEX: 1
Combining...
Combining 1 db out of 3 dbs
Combining 2 db out of 3 dbs
Combining 3 db out of 3 dbs
Stacking training images
Stacking training labels
Stacking validation images
Stacking validation labels
Combining...
Combining 1 db out of 3 dbs
Combining 2 db out of 3 dbs
Combining 3 db out of 3 dbs
Stacking training images
Stacking training labels
Stacking validation images
Stacking validation labels
Model: "sequential"
_________________________________________________________________
Layer (type)                 Output Shape              Param #   
=================================================================
efficientnetb5 (Functional)  (None, 2048)              28513527  
_________________________________________________________________
dense (Dense)                (None, 512)               1049088   
_________________________________________________________________
dropout (Dropout)            (None, 512)               0         
_________________________________________________________________
batch_normalization (BatchNo (None, 512)               2048      
_________________________________________________________________
dense_1 (Dense)              (None, 256)               131328    
_________________________________________________________________
dropout_1 (Dropout)          (None, 256)               0         
_________________________________________________________________
batch_normalization_1 (Batch (None, 256)               1024      
_________________________________________________________________
dense_2 (Dense)              (None, 2)                 514       
=================================================================
Total params: 29,697,529
Trainable params: 1,182,466
Non-trainable params: 28,515,063
_________________________________________________________________
Fitting ISIC2016+ISIC2017+ISIC2018_noaug_EfficientNetB5_150h_150w_1 model...
Epoch: 1 loss: 0.5362 accuracy: 0.8076 val_loss: 0.4608 val_accuracy: 0.8337
Epoch: 2 loss: 0.3900 accuracy: 0.8726 val_loss: 0.4573 val_accuracy: 0.8337
Epoch: 3 loss: 0.3802 accuracy: 0.8725 val_loss: 0.4528 val_accuracy: 0.8337
Epoch: 4 loss: 0.3788 accuracy: 0.8723 val_loss: 0.4526 val_accuracy: 0.8337
Epoch: 5 loss: 0.3780 accuracy: 0.8723 val_loss: 0.4807 val_accuracy: 0.8337
Epoch: 6 loss: 0.3781 accuracy: 0.8724 val_loss: 0.4386 val_accuracy: 0.8337
Epoch: 7 loss: 0.3758 accuracy: 0.8726 val_loss: 0.4448 val_accuracy: 0.8337
Epoch: 8 loss: 0.3767 accuracy: 0.8724 val_loss: 0.4399 val_accuracy: 0.8337
Epoch: 9 loss: 0.3753 accuracy: 0.8725 val_loss: 0.4519 val_accuracy: 0.8337
Epoch: 10 loss: 0.3755 accuracy: 0.8725 val_loss: 0.4440 val_accuracy: 0.8337
Epoch: 11 loss: 0.3772 accuracy: 0.8723 val_loss: 0.4494 val_accuracy: 0.8337
Epoch: 12 loss: 0.3776 accuracy: 0.8726 val_loss: 0.4428 val_accuracy: 0.8337
Epoch: 13 loss: 0.3772 accuracy: 0.8725 val_loss: 0.4406 val_accuracy: 0.8337
Epoch: 14 loss: 0.3753 accuracy: 0.8726 val_loss: 0.4467 val_accuracy: 0.8337
Epoch: 15 loss: 0.3769 accuracy: 0.8724 val_loss: 0.4389 val_accuracy: 0.8337
Epoch: 16 loss: 0.3763 accuracy: 0.8724 val_loss: 0.4471 val_accuracy: 0.8337
Epoch: 17 loss: 0.3760 accuracy: 0.8725 val_loss: 0.4413 val_accuracy: 0.8337
Epoch: 18 loss: 0.3767 accuracy: 0.8722 val_loss: 0.4384 val_accuracy: 0.8337
Epoch: 19 loss: 0.3757 accuracy: 0.8725 val_loss: 0.4465 val_accuracy: 0.8337
Epoch: 20 loss: 0.3755 accuracy: 0.8725 val_loss: 0.4404 val_accuracy: 0.8337
Fitting ISIC2016+ISIC2017+ISIC2018_aug_EfficientNetB5_150h_150w_1 model...
Epoch: 1 loss: 0.5989 accuracy: 0.7067 val_loss: 0.4750 val_accuracy: 0.8337
Epoch: 2 loss: 0.5892 accuracy: 0.7073 val_loss: 0.4715 val_accuracy: 0.8337
Epoch: 3 loss: 0.5894 accuracy: 0.7066 val_loss: 0.4990 val_accuracy: 0.8337
Epoch: 4 loss: 0.5885 accuracy: 0.7057 val_loss: 0.4809 val_accuracy: 0.8337
Epoch: 5 loss: 0.5880 accuracy: 0.7064 val_loss: 0.4719 val_accuracy: 0.8337
Epoch: 6 loss: 0.5864 accuracy: 0.7083 val_loss: 0.4508 val_accuracy: 0.8337
Epoch: 7 loss: 0.5848 accuracy: 0.7088 val_loss: 0.4643 val_accuracy: 0.8337
Epoch: 8 loss: 0.5819 accuracy: 0.7121 val_loss: 0.5075 val_accuracy: 0.8317
Epoch: 9 loss: 0.5842 accuracy: 0.7095 val_loss: 0.4744 val_accuracy: 0.8337
Epoch: 10 loss: 0.5810 accuracy: 0.7134 val_loss: 0.4487 val_accuracy: 0.8337
Epoch: 11 loss: 0.5818 accuracy: 0.7130 val_loss: 0.4719 val_accuracy: 0.8356
Epoch: 12 loss: 0.5809 accuracy: 0.7147 val_loss: 0.4794 val_accuracy: 0.8337
Epoch: 13 loss: 0.5817 accuracy: 0.7115 val_loss: 0.4608 val_accuracy: 0.8337
Epoch: 14 loss: 0.5814 accuracy: 0.7131 val_loss: 0.4843 val_accuracy: 0.8317
Epoch: 15 loss: 0.5794 accuracy: 0.7126 val_loss: 0.4975 val_accuracy: 0.8298
Epoch: 16 loss: 0.5814 accuracy: 0.7096 val_loss: 0.4654 val_accuracy: 0.8375
Epoch: 17 loss: 0.5788 accuracy: 0.7129 val_loss: 0.4665 val_accuracy: 0.8337
Epoch: 18 loss: 0.5779 accuracy: 0.7156 val_loss: 0.4912 val_accuracy: 0.8317
Epoch: 19 loss: 0.5782 accuracy: 0.7150 val_loss: 0.4877 val_accuracy: 0.8394
Epoch: 20 loss: 0.5788 accuracy: 0.7151 val_loss: 0.5078 val_accuracy: 0.8260
Job ended!
