Mon 26 Feb 2024 01:59:03 AM EST
Python 3.9.7
nvcc: NVIDIA (R) Cuda compiler driver
Copyright (c) 2005-2019 NVIDIA Corporation
Built on Sun_Jul_28_19:07:16_PDT_2019
Cuda compilation tools, release 10.1, V10.1.243
My SLURM_ARRAY_TASK_ID:  1
DB: ['ISIC2016', 'ISIC2017']
IMG_SIZE: [150, 150]
CLASSIFIER: EfficientNetB5
JOB_INDEX: 1
Combining...
Combining 1 db out of 2 dbs
Combining 2 db out of 2 dbs
Stacking training images
Stacking training labels
Stacking validation images
Stacking validation labels
Combining...
Combining 1 db out of 2 dbs
Combining 2 db out of 2 dbs
Stacking training images
Stacking training labels
Stacking validation images
Stacking validation labels
Model: "sequential"
_________________________________________________________________
Layer (type)                 Output Shape              Param #   
=================================================================
efficientnetb5 (Functional)  (None, 2048)              28513527  
_________________________________________________________________
dense (Dense)                (None, 512)               1049088   
_________________________________________________________________
dropout (Dropout)            (None, 512)               0         
_________________________________________________________________
batch_normalization (BatchNo (None, 512)               2048      
_________________________________________________________________
dense_1 (Dense)              (None, 256)               131328    
_________________________________________________________________
dropout_1 (Dropout)          (None, 256)               0         
_________________________________________________________________
batch_normalization_1 (Batch (None, 256)               1024      
_________________________________________________________________
dense_2 (Dense)              (None, 2)                 514       
=================================================================
Total params: 29,697,529
Trainable params: 1,182,466
Non-trainable params: 28,515,063
_________________________________________________________________
Fitting ISIC2016+ISIC2017_noaug_EfficientNetB5_150h_150w_1 model...
Epoch: 1 loss: 0.6676 accuracy: 0.6051 val_loss: 0.6299 val_accuracy: 0.8000
Epoch: 2 loss: 0.6035 accuracy: 0.7710 val_loss: 0.5835 val_accuracy: 0.8000
Epoch: 3 loss: 0.5601 accuracy: 0.8096 val_loss: 0.5473 val_accuracy: 0.8000
Epoch: 4 loss: 0.5242 accuracy: 0.8121 val_loss: 0.5217 val_accuracy: 0.8000
Epoch: 5 loss: 0.5027 accuracy: 0.8121 val_loss: 0.5083 val_accuracy: 0.8000
Epoch: 6 loss: 0.4919 accuracy: 0.8121 val_loss: 0.5019 val_accuracy: 0.8000
Epoch: 7 loss: 0.4871 accuracy: 0.8121 val_loss: 0.5003 val_accuracy: 0.8000
Epoch: 8 loss: 0.4852 accuracy: 0.8121 val_loss: 0.5005 val_accuracy: 0.8000
Epoch: 9 loss: 0.4845 accuracy: 0.8121 val_loss: 0.5004 val_accuracy: 0.8000
Epoch: 10 loss: 0.4824 accuracy: 0.8121 val_loss: 0.5018 val_accuracy: 0.8000
Epoch: 11 loss: 0.4837 accuracy: 0.8121 val_loss: 0.5007 val_accuracy: 0.8000
Epoch: 12 loss: 0.4852 accuracy: 0.8121 val_loss: 0.4999 val_accuracy: 0.8000
Epoch: 13 loss: 0.4834 accuracy: 0.8121 val_loss: 0.5007 val_accuracy: 0.8000
Epoch: 14 loss: 0.4830 accuracy: 0.8121 val_loss: 0.5000 val_accuracy: 0.8000
Epoch: 15 loss: 0.4841 accuracy: 0.8121 val_loss: 0.5004 val_accuracy: 0.8000
Epoch: 16 loss: 0.4831 accuracy: 0.8121 val_loss: 0.4999 val_accuracy: 0.8000
Epoch: 17 loss: 0.4839 accuracy: 0.8121 val_loss: 0.4998 val_accuracy: 0.8000
Epoch: 18 loss: 0.4835 accuracy: 0.8121 val_loss: 0.4997 val_accuracy: 0.8000
Epoch: 19 loss: 0.4837 accuracy: 0.8121 val_loss: 0.4987 val_accuracy: 0.8000
Epoch: 20 loss: 0.4840 accuracy: 0.8121 val_loss: 0.4987 val_accuracy: 0.8000
Fitting ISIC2016+ISIC2017_aug_EfficientNetB5_150h_150w_1 model...
Epoch: 1 loss: 0.6889 accuracy: 0.6358 val_loss: 0.5351 val_accuracy: 0.8000
Epoch: 2 loss: 0.6575 accuracy: 0.6363 val_loss: 0.5587 val_accuracy: 0.8000
Epoch: 3 loss: 0.6553 accuracy: 0.6365 val_loss: 0.5567 val_accuracy: 0.8000
Epoch: 4 loss: 0.6548 accuracy: 0.6365 val_loss: 0.5529 val_accuracy: 0.8000
Epoch: 5 loss: 0.6547 accuracy: 0.6370 val_loss: 0.5719 val_accuracy: 0.8000
Epoch: 6 loss: 0.6535 accuracy: 0.6384 val_loss: 0.5700 val_accuracy: 0.8000
Epoch: 7 loss: 0.6559 accuracy: 0.6358 val_loss: 0.5634 val_accuracy: 0.8000
Epoch: 8 loss: 0.6555 accuracy: 0.6363 val_loss: 0.5671 val_accuracy: 0.8000
Epoch: 9 loss: 0.6550 accuracy: 0.6370 val_loss: 0.5673 val_accuracy: 0.8000
Epoch: 10 loss: 0.6543 accuracy: 0.6372 val_loss: 0.5635 val_accuracy: 0.8000
Epoch: 11 loss: 0.6552 accuracy: 0.6363 val_loss: 0.5536 val_accuracy: 0.8000
Epoch: 12 loss: 0.6543 accuracy: 0.6368 val_loss: 0.5555 val_accuracy: 0.8000
Epoch: 13 loss: 0.6555 accuracy: 0.6365 val_loss: 0.5676 val_accuracy: 0.8000
Epoch: 14 loss: 0.6552 accuracy: 0.6368 val_loss: 0.5722 val_accuracy: 0.8000
Epoch: 15 loss: 0.6546 accuracy: 0.6372 val_loss: 0.5568 val_accuracy: 0.8000
Epoch: 16 loss: 0.6550 accuracy: 0.6363 val_loss: 0.5640 val_accuracy: 0.8000
Epoch: 17 loss: 0.6541 accuracy: 0.6372 val_loss: 0.5627 val_accuracy: 0.8000
Epoch: 18 loss: 0.6552 accuracy: 0.6363 val_loss: 0.5637 val_accuracy: 0.8000
Epoch: 19 loss: 0.6555 accuracy: 0.6363 val_loss: 0.5678 val_accuracy: 0.8000
Epoch: 20 loss: 0.6550 accuracy: 0.6368 val_loss: 0.5552 val_accuracy: 0.8000
Job ended!
