Mon 26 Feb 2024 01:52:47 AM EST
Python 3.9.7
nvcc: NVIDIA (R) Cuda compiler driver
Copyright (c) 2005-2019 NVIDIA Corporation
Built on Sun_Jul_28_19:07:16_PDT_2019
Cuda compilation tools, release 10.1, V10.1.243
My SLURM_ARRAY_TASK_ID:  1
DB: ['ISIC2016', '_7_point_criteria']
IMG_SIZE: [150, 150]
CLASSIFIER: VGG19
JOB_INDEX: 1
Combining...
Combining 1 db out of 2 dbs
Combining 2 db out of 2 dbs
Stacking training images
Stacking training labels
Stacking validation images
Stacking validation labels
Combining...
Combining 1 db out of 2 dbs
Combining 2 db out of 2 dbs
Stacking training images
Stacking training labels
Stacking validation images
Stacking validation labels
Model: "sequential"
_________________________________________________________________
Layer (type)                 Output Shape              Param #   
=================================================================
vgg19 (Functional)           (None, 512)               20024384  
_________________________________________________________________
dense (Dense)                (None, 512)               262656    
_________________________________________________________________
dropout (Dropout)            (None, 512)               0         
_________________________________________________________________
batch_normalization (BatchNo (None, 512)               2048      
_________________________________________________________________
dense_1 (Dense)              (None, 256)               131328    
_________________________________________________________________
dropout_1 (Dropout)          (None, 256)               0         
_________________________________________________________________
batch_normalization_1 (Batch (None, 256)               1024      
_________________________________________________________________
dense_2 (Dense)              (None, 2)                 514       
=================================================================
Total params: 20,421,954
Trainable params: 396,034
Non-trainable params: 20,025,920
_________________________________________________________________
Fitting ISIC2016+_7_point_criteria_noaug_VGG19_150h_150w_1 model...
Epoch: 1 loss: 0.9636 accuracy: 0.5304 val_loss: 0.6651 val_accuracy: 0.7467
Epoch: 2 loss: 0.9111 accuracy: 0.5114 val_loss: 0.6460 val_accuracy: 0.7467
Epoch: 3 loss: 0.8122 accuracy: 0.5686 val_loss: 0.6329 val_accuracy: 0.7467
Epoch: 4 loss: 0.8236 accuracy: 0.5722 val_loss: 0.6170 val_accuracy: 0.7467
Epoch: 5 loss: 0.7722 accuracy: 0.5985 val_loss: 0.5958 val_accuracy: 0.7467
Epoch: 6 loss: 0.7426 accuracy: 0.5858 val_loss: 0.5882 val_accuracy: 0.7467
Epoch: 7 loss: 0.7139 accuracy: 0.6440 val_loss: 0.5714 val_accuracy: 0.7467
Epoch: 8 loss: 0.7046 accuracy: 0.6367 val_loss: 0.5668 val_accuracy: 0.7467
Epoch: 9 loss: 0.6844 accuracy: 0.6403 val_loss: 0.5562 val_accuracy: 0.7467
Epoch: 10 loss: 0.6545 accuracy: 0.6530 val_loss: 0.5458 val_accuracy: 0.7467
Epoch: 11 loss: 0.6406 accuracy: 0.6803 val_loss: 0.5427 val_accuracy: 0.7467
Epoch: 12 loss: 0.6409 accuracy: 0.6676 val_loss: 0.5372 val_accuracy: 0.7467
Epoch: 13 loss: 0.6232 accuracy: 0.6930 val_loss: 0.5289 val_accuracy: 0.7493
Epoch: 14 loss: 0.6021 accuracy: 0.7184 val_loss: 0.5350 val_accuracy: 0.7467
Epoch: 15 loss: 0.5933 accuracy: 0.7112 val_loss: 0.5259 val_accuracy: 0.7493
Epoch: 16 loss: 0.6052 accuracy: 0.7003 val_loss: 0.5222 val_accuracy: 0.7520
Epoch: 17 loss: 0.5913 accuracy: 0.7039 val_loss: 0.5247 val_accuracy: 0.7520
Epoch: 18 loss: 0.5658 accuracy: 0.7257 val_loss: 0.5081 val_accuracy: 0.7702
Epoch: 19 loss: 0.5716 accuracy: 0.7475 val_loss: 0.4941 val_accuracy: 0.7807
Epoch: 20 loss: 0.5781 accuracy: 0.7212 val_loss: 0.4946 val_accuracy: 0.7728
Fitting ISIC2016+_7_point_criteria_aug_VGG19_150h_150w_1 model...
Epoch: 1 loss: 0.7778 accuracy: 0.6053 val_loss: 0.5057 val_accuracy: 0.7624
Epoch: 2 loss: 0.7751 accuracy: 0.6036 val_loss: 0.5311 val_accuracy: 0.7572
Epoch: 3 loss: 0.7500 accuracy: 0.6187 val_loss: 0.5522 val_accuracy: 0.7546
Epoch: 4 loss: 0.7400 accuracy: 0.6204 val_loss: 0.5758 val_accuracy: 0.7520
Epoch: 5 loss: 0.7311 accuracy: 0.6260 val_loss: 0.5735 val_accuracy: 0.7389
Epoch: 6 loss: 0.7245 accuracy: 0.6165 val_loss: 0.5365 val_accuracy: 0.7572
Epoch: 7 loss: 0.6998 accuracy: 0.6221 val_loss: 0.5533 val_accuracy: 0.7572
Epoch: 8 loss: 0.7030 accuracy: 0.6153 val_loss: 0.5989 val_accuracy: 0.7389
Epoch: 9 loss: 0.7194 accuracy: 0.6002 val_loss: 0.5577 val_accuracy: 0.7441
Epoch: 10 loss: 0.6846 accuracy: 0.6338 val_loss: 0.5750 val_accuracy: 0.7363
Epoch: 11 loss: 0.7073 accuracy: 0.6086 val_loss: 0.5504 val_accuracy: 0.7441
Epoch: 12 loss: 0.6886 accuracy: 0.6254 val_loss: 0.5452 val_accuracy: 0.7493
Epoch: 13 loss: 0.6886 accuracy: 0.6243 val_loss: 0.6622 val_accuracy: 0.7128
Epoch: 14 loss: 0.6728 accuracy: 0.6495 val_loss: 0.5418 val_accuracy: 0.7572
Epoch: 15 loss: 0.6900 accuracy: 0.6293 val_loss: 0.5942 val_accuracy: 0.7415
Epoch: 16 loss: 0.6530 accuracy: 0.6562 val_loss: 0.5504 val_accuracy: 0.7572
Epoch: 17 loss: 0.6780 accuracy: 0.6288 val_loss: 0.5664 val_accuracy: 0.7546
Epoch: 18 loss: 0.6669 accuracy: 0.6405 val_loss: 0.5631 val_accuracy: 0.7363
Epoch: 19 loss: 0.6479 accuracy: 0.6484 val_loss: 0.5928 val_accuracy: 0.6789
Epoch: 20 loss: 0.6769 accuracy: 0.6316 val_loss: 0.5420 val_accuracy: 0.7676
Job ended!
