Fri 01 Mar 2024 12:01:13 AM EST
Python 3.9.7
nvcc: NVIDIA (R) Cuda compiler driver
Copyright (c) 2005-2019 NVIDIA Corporation
Built on Sun_Jul_28_19:07:16_PDT_2019
Cuda compilation tools, release 10.1, V10.1.243
My SLURM_ARRAY_TASK_ID: 
DB: ['ISIC2016', 'ISIC2017', 'ISIC2018', 'PH2', '_7_point_criteria']
IMG_SIZE: [150, 150]
CLASSIFIER: DenseNet169
SELF_AUG: 1
JOB_INDEX: None
Combining...
Combining 1 db out of 5 dbs
Combining 2 db out of 5 dbs
Combining 3 db out of 5 dbs
Combining 4 db out of 5 dbs
Combining 5 db out of 5 dbs
Stacking training images
Stacking training labels
Stacking validation images
Stacking validation labels
Model: "sequential"
_________________________________________________________________
Layer (type)                 Output Shape              Param #   
=================================================================
densenet169 (Functional)     (None, 1664)              12642880  
_________________________________________________________________
dense (Dense)                (None, 512)               852480    
_________________________________________________________________
dropout (Dropout)            (None, 512)               0         
_________________________________________________________________
batch_normalization (BatchNo (None, 512)               2048      
_________________________________________________________________
dense_1 (Dense)              (None, 256)               131328    
_________________________________________________________________
dropout_1 (Dropout)          (None, 256)               0         
_________________________________________________________________
batch_normalization_1 (Batch (None, 256)               1024      
_________________________________________________________________
dense_2 (Dense)              (None, 2)                 514       
=================================================================
Total params: 13,630,274
Trainable params: 985,858
Non-trainable params: 12,644,416
_________________________________________________________________
Fitting ISIC2016+ISIC2017+ISIC2018+PH2+_7_point_criteria_aug_DenseNet169_150h_150w_None model...
model_name: ISIC2016+ISIC2017+ISIC2018+PH2+_7_point_criteria_aug_DenseNet169_150h_150w_None
Epoch: 1 loss: 0.6246 accuracy: 0.7199 val_loss: 0.4465 val_accuracy: 0.8113
Epoch: 2 loss: 0.4719 accuracy: 0.7927 val_loss: 0.4382 val_accuracy: 0.8223
Epoch: 3 loss: 0.4311 accuracy: 0.8086 val_loss: 0.4378 val_accuracy: 0.8223
Epoch: 4 loss: 0.4042 accuracy: 0.8214 val_loss: 0.4187 val_accuracy: 0.8333
Epoch: 5 loss: 0.3781 accuracy: 0.8316 val_loss: 0.4451 val_accuracy: 0.8320
Epoch: 6 loss: 0.3610 accuracy: 0.8379 val_loss: 0.4238 val_accuracy: 0.8361
Epoch: 7 loss: 0.3417 accuracy: 0.8486 val_loss: 0.4043 val_accuracy: 0.8444
Epoch: 8 loss: 0.3306 accuracy: 0.8544 val_loss: 0.4364 val_accuracy: 0.8320
Epoch: 9 loss: 0.3148 accuracy: 0.8618 val_loss: 0.4284 val_accuracy: 0.8320
Epoch: 10 loss: 0.3012 accuracy: 0.8695 val_loss: 0.4406 val_accuracy: 0.8306
Epoch: 11 loss: 0.2960 accuracy: 0.8729 val_loss: 0.4300 val_accuracy: 0.8182
Epoch: 12 loss: 0.2774 accuracy: 0.8797 val_loss: 0.4182 val_accuracy: 0.8347
Epoch: 13 loss: 0.2654 accuracy: 0.8883 val_loss: 0.4543 val_accuracy: 0.8361
Epoch: 14 loss: 0.2573 accuracy: 0.8879 val_loss: 0.4567 val_accuracy: 0.8278
Epoch: 15 loss: 0.2440 accuracy: 0.8970 val_loss: 0.4674 val_accuracy: 0.8320
Epoch: 16 loss: 0.2263 accuracy: 0.9029 val_loss: 0.4599 val_accuracy: 0.8264
Epoch: 17 loss: 0.2199 accuracy: 0.9082 val_loss: 0.4561 val_accuracy: 0.8306
Epoch: 18 loss: 0.2091 accuracy: 0.9135 val_loss: 0.4926 val_accuracy: 0.8264
Epoch: 19 loss: 0.2076 accuracy: 0.9142 val_loss: 0.5098 val_accuracy: 0.8168
Epoch: 20 loss: 0.1907 accuracy: 0.9226 val_loss: 0.4955 val_accuracy: 0.8251
Job ended!
