Thu 29 Feb 2024 07:57:29 PM EST
Python 3.9.7
nvcc: NVIDIA (R) Cuda compiler driver
Copyright (c) 2005-2019 NVIDIA Corporation
Built on Sun_Jul_28_19:07:16_PDT_2019
Cuda compilation tools, release 10.1, V10.1.243
My SLURM_ARRAY_TASK_ID: 
DB: ['ISIC2016', 'ISIC2017', 'ISIC2018', 'ISIC2019', 'ISIC2020', '_7_point_criteria', 'PAD_UFES_20']
IMG_SIZE: [150, 150]
CLASSIFIER: DenseNet169
SELF_AUG: 1
JOB_INDEX: None
Combining...
Combining 1 db out of 7 dbs
Combining 2 db out of 7 dbs
Combining 3 db out of 7 dbs
Combining 4 db out of 7 dbs
Combining 5 db out of 7 dbs
Combining 6 db out of 7 dbs
Combining 7 db out of 7 dbs
Stacking training images
Stacking training labels
Stacking validation images
Stacking validation labels
Model: "sequential"
_________________________________________________________________
Layer (type)                 Output Shape              Param #   
=================================================================
densenet169 (Functional)     (None, 1664)              12642880  
_________________________________________________________________
dense (Dense)                (None, 512)               852480    
_________________________________________________________________
dropout (Dropout)            (None, 512)               0         
_________________________________________________________________
batch_normalization (BatchNo (None, 512)               2048      
_________________________________________________________________
dense_1 (Dense)              (None, 256)               131328    
_________________________________________________________________
dropout_1 (Dropout)          (None, 256)               0         
_________________________________________________________________
batch_normalization_1 (Batch (None, 256)               1024      
_________________________________________________________________
dense_2 (Dense)              (None, 2)                 514       
=================================================================
Total params: 13,630,274
Trainable params: 985,858
Non-trainable params: 12,644,416
_________________________________________________________________
Fitting ISIC2016+ISIC2017+ISIC2018+ISIC2019+ISIC2020+_7_point_criteria+PAD_UFES_20_aug_DenseNet169_150h_150w_None model...
model_name: ISIC2016+ISIC2017+ISIC2018+ISIC2019+ISIC2020+_7_point_criteria+PAD_UFES_20_aug_DenseNet169_150h_150w_None
Epoch: 1 loss: 0.4693 accuracy: 0.7865 val_loss: 0.2147 val_accuracy: 0.9224
Epoch: 2 loss: 0.3787 accuracy: 0.8253 val_loss: 0.2063 val_accuracy: 0.9268
Epoch: 3 loss: 0.3533 accuracy: 0.8388 val_loss: 0.2021 val_accuracy: 0.9243
Epoch: 4 loss: 0.3406 accuracy: 0.8444 val_loss: 0.1941 val_accuracy: 0.9268
Epoch: 5 loss: 0.3282 accuracy: 0.8516 val_loss: 0.1900 val_accuracy: 0.9297
Epoch: 6 loss: 0.3176 accuracy: 0.8553 val_loss: 0.1897 val_accuracy: 0.9283
Epoch: 7 loss: 0.3087 accuracy: 0.8607 val_loss: 0.1830 val_accuracy: 0.9317
Epoch: 8 loss: 0.2995 accuracy: 0.8654 val_loss: 0.1822 val_accuracy: 0.9352
Epoch: 9 loss: 0.2918 accuracy: 0.8689 val_loss: 0.1841 val_accuracy: 0.9320
Epoch: 10 loss: 0.2869 accuracy: 0.8715 val_loss: 0.1815 val_accuracy: 0.9326
Epoch: 11 loss: 0.2805 accuracy: 0.8749 val_loss: 0.1809 val_accuracy: 0.9329
Epoch: 12 loss: 0.2724 accuracy: 0.8795 val_loss: 0.1810 val_accuracy: 0.9362
Epoch: 13 loss: 0.2655 accuracy: 0.8815 val_loss: 0.1763 val_accuracy: 0.9356
Epoch: 14 loss: 0.2614 accuracy: 0.8843 val_loss: 0.1783 val_accuracy: 0.9381
Epoch: 15 loss: 0.2534 accuracy: 0.8879 val_loss: 0.1780 val_accuracy: 0.9357
Epoch: 16 loss: 0.2452 accuracy: 0.8911 val_loss: 0.1768 val_accuracy: 0.9384
Epoch: 17 loss: 0.2406 accuracy: 0.8942 val_loss: 0.1806 val_accuracy: 0.9394
Epoch: 18 loss: 0.2381 accuracy: 0.8960 val_loss: 0.1800 val_accuracy: 0.9376
Epoch: 19 loss: 0.2306 accuracy: 0.9004 val_loss: 0.1819 val_accuracy: 0.9404
Epoch: 20 loss: 0.2294 accuracy: 0.8996 val_loss: 0.1791 val_accuracy: 0.9382
Job ended!
