Wed 28 Feb 2024 10:15:04 AM EST
Python 3.9.7
nvcc: NVIDIA (R) Cuda compiler driver
Copyright (c) 2005-2019 NVIDIA Corporation
Built on Sun_Jul_28_19:07:16_PDT_2019
Cuda compilation tools, release 10.1, V10.1.243
My SLURM_ARRAY_TASK_ID: 
DB: ['HAM10000']
IMG_SIZE: [150, 150]
CLASSIFIER: VGG19
SELF_AUG: 1
JOB_INDEX: None
Combining...
Combining 1 db out of 1 dbs
Stacking training images
Stacking training labels
Stacking validation images
Stacking validation labels
Model: "sequential"
_________________________________________________________________
Layer (type)                 Output Shape              Param #   
=================================================================
vgg19 (Functional)           (None, 512)               20024384  
_________________________________________________________________
dense (Dense)                (None, 512)               262656    
_________________________________________________________________
dropout (Dropout)            (None, 512)               0         
_________________________________________________________________
batch_normalization (BatchNo (None, 512)               2048      
_________________________________________________________________
dense_1 (Dense)              (None, 256)               131328    
_________________________________________________________________
dropout_1 (Dropout)          (None, 256)               0         
_________________________________________________________________
batch_normalization_1 (Batch (None, 256)               1024      
_________________________________________________________________
dense_2 (Dense)              (None, 2)                 514       
=================================================================
Total params: 20,421,954
Trainable params: 396,034
Non-trainable params: 20,025,920
_________________________________________________________________
Fitting HAM10000_aug_VGG19_150h_150w_None model...
model_name: HAM10000_aug_VGG19_150h_150w_None
Epoch: 1 loss: 0.7466 accuracy: 0.6243 val_loss: 0.3973 val_accuracy: 0.9683
Epoch: 2 loss: 0.6279 accuracy: 0.6889 val_loss: 0.3792 val_accuracy: 0.8550
Epoch: 3 loss: 0.5964 accuracy: 0.7053 val_loss: 0.4205 val_accuracy: 0.8335
Epoch: 4 loss: 0.5740 accuracy: 0.7211 val_loss: 0.3216 val_accuracy: 0.8901
Epoch: 5 loss: 0.5659 accuracy: 0.7238 val_loss: 0.2398 val_accuracy: 0.9422
Epoch: 6 loss: 0.5506 accuracy: 0.7370 val_loss: 0.2019 val_accuracy: 0.9490
Epoch: 7 loss: 0.5368 accuracy: 0.7435 val_loss: 0.4105 val_accuracy: 0.8279
Epoch: 8 loss: 0.5237 accuracy: 0.7441 val_loss: 0.2242 val_accuracy: 0.9445
Epoch: 9 loss: 0.5116 accuracy: 0.7542 val_loss: 0.1687 val_accuracy: 0.9604
Epoch: 10 loss: 0.5088 accuracy: 0.7537 val_loss: 0.2272 val_accuracy: 0.9422
Epoch: 11 loss: 0.5037 accuracy: 0.7577 val_loss: 0.2204 val_accuracy: 0.9185
Epoch: 12 loss: 0.4980 accuracy: 0.7563 val_loss: 0.1704 val_accuracy: 0.9649
Epoch: 13 loss: 0.4894 accuracy: 0.7609 val_loss: 0.1517 val_accuracy: 0.9672
Epoch: 14 loss: 0.4735 accuracy: 0.7697 val_loss: 0.1354 val_accuracy: 0.9615
Epoch: 15 loss: 0.4628 accuracy: 0.7799 val_loss: 0.1334 val_accuracy: 0.9638
Epoch: 16 loss: 0.4610 accuracy: 0.7788 val_loss: 0.1744 val_accuracy: 0.9547
Epoch: 17 loss: 0.4549 accuracy: 0.7846 val_loss: 0.2062 val_accuracy: 0.9604
Epoch: 18 loss: 0.4542 accuracy: 0.7836 val_loss: 0.1894 val_accuracy: 0.9377
Epoch: 19 loss: 0.4436 accuracy: 0.7899 val_loss: 0.1497 val_accuracy: 0.9490
Epoch: 20 loss: 0.4552 accuracy: 0.7790 val_loss: 0.1455 val_accuracy: 0.9604
Job ended!
