Thu 09 May 2024 07:27:58 AM EDT
Python 3.9.7
nvcc: NVIDIA (R) Cuda compiler driver
Copyright (c) 2005-2019 NVIDIA Corporation
Built on Sun_Jul_28_19:07:16_PDT_2019
Cuda compilation tools, release 10.1, V10.1.243
My SLURM_ARRAY_TASK_ID: 
DB: ['ISIC2016', 'ISIC2017', 'ISIC2018', 'ISIC2019', 'ISIC2020', 'PH2', '_7_point_criteria', 'PAD_UFES_20', 'MEDNODE', 'KaggleMB']
IMG_SIZE: [384, 384]
CLASSIFIER: VGG19
JOB_INDEX: None
Start training augmented images
Combining...
Combining 1th db out of 10 dbs
Combining 2th db out of 10 dbs
Combining 3th db out of 10 dbs
Combining 4th db out of 10 dbs
Combining 5th db out of 10 dbs
Combining 6th db out of 10 dbs
Combining 7th db out of 10 dbs
Combining 8th db out of 10 dbs
Combining 9th db out of 10 dbs
Combining 10th db out of 10 dbs
Stacking data
Combining complete
Model: "sequential"
_________________________________________________________________
Layer (type)                 Output Shape              Param #   
=================================================================
vgg19 (Functional)           (None, 512)               20024384  
_________________________________________________________________
dense (Dense)                (None, 512)               262656    
_________________________________________________________________
dropout (Dropout)            (None, 512)               0         
_________________________________________________________________
batch_normalization (BatchNo (None, 512)               2048      
_________________________________________________________________
dense_1 (Dense)              (None, 256)               131328    
_________________________________________________________________
batch_normalization_1 (Batch (None, 256)               1024      
_________________________________________________________________
dense_2 (Dense)              (None, 2)                 514       
=================================================================
Total params: 20,421,954
Trainable params: 396,034
Non-trainable params: 20,025,920
_________________________________________________________________
Fitting ISIC2016+ISIC2017+ISIC2018+ISIC2019+ISIC2020+PH2+_7_point_criteria+PAD_UFES_20+MEDNODE+KaggleMB_aug_VGG19_384h_384w_None model...
model_name: ISIC2016+ISIC2017+ISIC2018+ISIC2019+ISIC2020+PH2+_7_point_criteria+PAD_UFES_20+MEDNODE+KaggleMB_aug_VGG19_384h_384w_None
Epoch: 1 loss: 0.7434 accuracy: 0.7574 val_loss: 0.5754 val_accuracy: 0.8267
Epoch: 2 loss: 0.5814 accuracy: 0.8076 val_loss: 0.5204 val_accuracy: 0.8206
Epoch: 3 loss: 0.5359 accuracy: 0.8162 val_loss: 0.7494 val_accuracy: 0.6627
Epoch: 4 loss: 0.4965 accuracy: 0.8255 val_loss: 0.4000 val_accuracy: 0.8819
Epoch: 5 loss: 0.4733 accuracy: 0.8294 val_loss: 0.4047 val_accuracy: 0.8584
Epoch: 6 loss: 0.4498 accuracy: 0.8338 val_loss: 0.4239 val_accuracy: 0.8449
Epoch: 7 loss: 0.4285 accuracy: 0.8380 val_loss: 0.4130 val_accuracy: 0.8350
Epoch: 8 loss: 0.4128 accuracy: 0.8395 val_loss: 0.3653 val_accuracy: 0.8643
Epoch: 9 loss: 0.4035 accuracy: 0.8414 val_loss: 0.3680 val_accuracy: 0.8614
Epoch: 10 loss: 0.3907 accuracy: 0.8459 val_loss: 0.3634 val_accuracy: 0.8623
Epoch: 11 loss: 0.3847 accuracy: 0.8450 val_loss: 0.3256 val_accuracy: 0.8833
Epoch: 12 loss: 0.3801 accuracy: 0.8463 val_loss: 0.3684 val_accuracy: 0.8521
Epoch: 13 loss: 0.3761 accuracy: 0.8464 val_loss: 0.3045 val_accuracy: 0.8959
Epoch: 14 loss: 0.3701 accuracy: 0.8501 val_loss: 0.3113 val_accuracy: 0.8926
Epoch: 15 loss: 0.3675 accuracy: 0.8500 val_loss: 0.3885 val_accuracy: 0.8376
Epoch: 16 loss: 0.3613 accuracy: 0.8520 val_loss: 0.3126 val_accuracy: 0.8807
Epoch: 17 loss: 0.3574 accuracy: 0.8533 val_loss: 0.3396 val_accuracy: 0.8688
Epoch: 18 loss: 0.3526 accuracy: 0.8551 val_loss: 0.3441 val_accuracy: 0.8642

Epoch 00018: ReduceLROnPlateau reducing learning rate to 7.999999797903001e-05.
Epoch: 19 loss: 0.3470 accuracy: 0.8577 val_loss: 0.3230 val_accuracy: 0.8875
Epoch: 20 loss: 0.3424 accuracy: 0.8591 val_loss: 0.3476 val_accuracy: 0.8631
Epoch: 21 loss: 0.3406 accuracy: 0.8596 val_loss: 0.3340 val_accuracy: 0.8743
Epoch: 22 loss: 0.3383 accuracy: 0.8612 val_loss: 0.3147 val_accuracy: 0.8750
Epoch: 23 loss: 0.3373 accuracy: 0.8616 val_loss: 0.2977 val_accuracy: 0.8890
Epoch: 24 loss: 0.3307 accuracy: 0.8643 val_loss: 0.3525 val_accuracy: 0.8630
Epoch: 25 loss: 0.3312 accuracy: 0.8647 val_loss: 0.3365 val_accuracy: 0.8650
Epoch: 26 loss: 0.3293 accuracy: 0.8646 val_loss: 0.4060 val_accuracy: 0.8250
Epoch: 27 loss: 0.3246 accuracy: 0.8668 val_loss: 0.3108 val_accuracy: 0.8817
Epoch: 28 loss: 0.3252 accuracy: 0.8674 val_loss: 0.3726 val_accuracy: 0.8426

Epoch 00028: ReduceLROnPlateau reducing learning rate to 6.399999838322402e-05.
Epoch: 29 loss: 0.3201 accuracy: 0.8686 val_loss: 0.2890 val_accuracy: 0.8931
Epoch: 30 loss: 0.3195 accuracy: 0.8687 val_loss: 0.3521 val_accuracy: 0.8618
Epoch: 31 loss: 0.3149 accuracy: 0.8730 val_loss: 0.4031 val_accuracy: 0.8375
Epoch: 32 loss: 0.3156 accuracy: 0.8721 val_loss: 0.3138 val_accuracy: 0.8819
Epoch: 33 loss: 0.3114 accuracy: 0.8738 val_loss: 0.3624 val_accuracy: 0.8548
Epoch: 34 loss: 0.3125 accuracy: 0.8724 val_loss: 0.2908 val_accuracy: 0.8926

Epoch 00034: ReduceLROnPlateau reducing learning rate to 5.119999987073243e-05.
Epoch: 35 loss: 0.3078 accuracy: 0.8752 val_loss: 0.3155 val_accuracy: 0.8777
Epoch: 36 loss: 0.3091 accuracy: 0.8749 val_loss: 0.3210 val_accuracy: 0.8809
Epoch: 37 loss: 0.3052 accuracy: 0.8768 val_loss: 0.3467 val_accuracy: 0.8611
Epoch: 38 loss: 0.3053 accuracy: 0.8768 val_loss: 0.3653 val_accuracy: 0.8507
Epoch: 39 loss: 0.2997 accuracy: 0.8802 val_loss: 0.3946 val_accuracy: 0.8357

Epoch 00039: ReduceLROnPlateau reducing learning rate to 4.0960000478662555e-05.
End of augmented training
Finish
Job ended!
