Fri 01 Mar 2024 11:43:52 PM EST
Python 3.9.7
nvcc: NVIDIA (R) Cuda compiler driver
Copyright (c) 2005-2019 NVIDIA Corporation
Built on Sun_Jul_28_19:07:16_PDT_2019
Cuda compilation tools, release 10.1, V10.1.243
My SLURM_ARRAY_TASK_ID: 
DB: ['ISIC2016', 'ISIC2017', 'ISIC2018', 'ISIC2019', 'ISIC2020', '_7_point_criteria', 'PAD_UFES_20']
IMG_SIZE: [150, 150]
CLASSIFIER: VGG19
SELF_AUG: 1
JOB_INDEX: None
Combining...
Combining 1 db out of 7 dbs
Combining 2 db out of 7 dbs
Combining 3 db out of 7 dbs
Combining 4 db out of 7 dbs
Combining 5 db out of 7 dbs
Combining 6 db out of 7 dbs
Combining 7 db out of 7 dbs
Stacking training images
Stacking training labels
Stacking validation images
Stacking validation labels
Model: "sequential"
_________________________________________________________________
Layer (type)                 Output Shape              Param #   
=================================================================
vgg19 (Functional)           (None, 512)               20024384  
_________________________________________________________________
dense (Dense)                (None, 512)               262656    
_________________________________________________________________
dropout (Dropout)            (None, 512)               0         
_________________________________________________________________
batch_normalization (BatchNo (None, 512)               2048      
_________________________________________________________________
dense_1 (Dense)              (None, 256)               131328    
_________________________________________________________________
dropout_1 (Dropout)          (None, 256)               0         
_________________________________________________________________
batch_normalization_1 (Batch (None, 256)               1024      
_________________________________________________________________
dense_2 (Dense)              (None, 2)                 514       
=================================================================
Total params: 20,421,954
Trainable params: 396,034
Non-trainable params: 20,025,920
_________________________________________________________________
Fitting ISIC2016+ISIC2017+ISIC2018+ISIC2019+ISIC2020+_7_point_criteria+PAD_UFES_20_aug_VGG19_150h_150w_None model...
model_name: ISIC2016+ISIC2017+ISIC2018+ISIC2019+ISIC2020+_7_point_criteria+PAD_UFES_20_aug_VGG19_150h_150w_None
Epoch: 1 loss: 0.4841 accuracy: 0.7791 val_loss: 0.2240 val_accuracy: 0.9207
Epoch: 2 loss: 0.3957 accuracy: 0.8157 val_loss: 0.2143 val_accuracy: 0.9220
Epoch: 3 loss: 0.3719 accuracy: 0.8266 val_loss: 0.2115 val_accuracy: 0.9222
Epoch: 4 loss: 0.3562 accuracy: 0.8350 val_loss: 0.2043 val_accuracy: 0.9255
Epoch: 5 loss: 0.3465 accuracy: 0.8404 val_loss: 0.2021 val_accuracy: 0.9276
Epoch: 6 loss: 0.3353 accuracy: 0.8462 val_loss: 0.2008 val_accuracy: 0.9264
Epoch: 7 loss: 0.3274 accuracy: 0.8493 val_loss: 0.1963 val_accuracy: 0.9292
Epoch: 8 loss: 0.3194 accuracy: 0.8538 val_loss: 0.1984 val_accuracy: 0.9273
Epoch: 9 loss: 0.3118 accuracy: 0.8575 val_loss: 0.1926 val_accuracy: 0.9304
Epoch: 10 loss: 0.3044 accuracy: 0.8606 val_loss: 0.1906 val_accuracy: 0.9317
Epoch: 11 loss: 0.2964 accuracy: 0.8646 val_loss: 0.1957 val_accuracy: 0.9300
Epoch: 12 loss: 0.2881 accuracy: 0.8693 val_loss: 0.1885 val_accuracy: 0.9328
Epoch: 13 loss: 0.2835 accuracy: 0.8702 val_loss: 0.1921 val_accuracy: 0.9337
Epoch: 14 loss: 0.2760 accuracy: 0.8759 val_loss: 0.1916 val_accuracy: 0.9327
Epoch: 15 loss: 0.2723 accuracy: 0.8770 val_loss: 0.1985 val_accuracy: 0.9298
Epoch: 16 loss: 0.2657 accuracy: 0.8794 val_loss: 0.1917 val_accuracy: 0.9364
Epoch: 17 loss: 0.2590 accuracy: 0.8831 val_loss: 0.1966 val_accuracy: 0.9348
Epoch: 18 loss: 0.2552 accuracy: 0.8845 val_loss: 0.1969 val_accuracy: 0.9334
Epoch: 19 loss: 0.2490 accuracy: 0.8873 val_loss: 0.1993 val_accuracy: 0.9335
Epoch: 20 loss: 0.2420 accuracy: 0.8915 val_loss: 0.1980 val_accuracy: 0.9363
Job ended!
