Thu 09 May 2024 12:54:55 PM EDT
Python 3.9.7
nvcc: NVIDIA (R) Cuda compiler driver
Copyright (c) 2005-2019 NVIDIA Corporation
Built on Sun_Jul_28_19:07:16_PDT_2019
Cuda compilation tools, release 10.1, V10.1.243
My SLURM_ARRAY_TASK_ID: 
DB: ['ISIC2016', 'KaggleMB']
IMG_SIZE: [384, 384]
CLASSIFIER: VGG19
JOB_INDEX: None
Start training augmented images
Combining...
Combining 1th db out of 2 dbs
Combining 2th db out of 2 dbs
Stacking data
Combining complete
Model: "sequential"
_________________________________________________________________
Layer (type)                 Output Shape              Param #   
=================================================================
vgg19 (Functional)           (None, 512)               20024384  
_________________________________________________________________
dense (Dense)                (None, 512)               262656    
_________________________________________________________________
dropout (Dropout)            (None, 512)               0         
_________________________________________________________________
batch_normalization (BatchNo (None, 512)               2048      
_________________________________________________________________
dense_1 (Dense)              (None, 256)               131328    
_________________________________________________________________
batch_normalization_1 (Batch (None, 256)               1024      
_________________________________________________________________
dense_2 (Dense)              (None, 2)                 514       
=================================================================
Total params: 20,421,954
Trainable params: 396,034
Non-trainable params: 20,025,920
_________________________________________________________________
Fitting ISIC2016+KaggleMB_aug_VGG19_384h_384w_None model...
model_name: ISIC2016+KaggleMB_aug_VGG19_384h_384w_None
Epoch: 1 loss: 1.1027 accuracy: 0.6869 val_loss: 1.0829 val_accuracy: 0.3842
Epoch: 2 loss: 0.9607 accuracy: 0.7194 val_loss: 0.9969 val_accuracy: 0.6172
Epoch: 3 loss: 0.8412 accuracy: 0.7631 val_loss: 0.9372 val_accuracy: 0.6751
Epoch: 4 loss: 0.7748 accuracy: 0.7772 val_loss: 0.8795 val_accuracy: 0.7218
Epoch: 5 loss: 0.7438 accuracy: 0.7783 val_loss: 0.8977 val_accuracy: 0.6653
Epoch: 6 loss: 0.7015 accuracy: 0.7913 val_loss: 0.9042 val_accuracy: 0.6469
Epoch: 7 loss: 0.6802 accuracy: 0.7994 val_loss: 0.8095 val_accuracy: 0.7133
Epoch: 8 loss: 0.6575 accuracy: 0.8063 val_loss: 0.7590 val_accuracy: 0.7528
Epoch: 9 loss: 0.6461 accuracy: 0.8050 val_loss: 0.6869 val_accuracy: 0.7528
Epoch: 10 loss: 0.6218 accuracy: 0.8149 val_loss: 0.7269 val_accuracy: 0.7542
Epoch: 11 loss: 0.6124 accuracy: 0.8176 val_loss: 0.6951 val_accuracy: 0.7627
Epoch: 12 loss: 0.5981 accuracy: 0.8266 val_loss: 0.7250 val_accuracy: 0.7472
Epoch: 13 loss: 0.5708 accuracy: 0.8341 val_loss: 0.6849 val_accuracy: 0.7641
Epoch: 14 loss: 0.5869 accuracy: 0.8196 val_loss: 0.7248 val_accuracy: 0.7528
Epoch: 15 loss: 0.5735 accuracy: 0.8281 val_loss: 0.6797 val_accuracy: 0.7740
Epoch: 16 loss: 0.5633 accuracy: 0.8360 val_loss: 0.6608 val_accuracy: 0.7768
Epoch: 17 loss: 0.5689 accuracy: 0.8294 val_loss: 0.6718 val_accuracy: 0.7571
Epoch: 18 loss: 0.5596 accuracy: 0.8305 val_loss: 0.6969 val_accuracy: 0.7698
Epoch: 19 loss: 0.5575 accuracy: 0.8268 val_loss: 0.7641 val_accuracy: 0.7387
Epoch: 20 loss: 0.5452 accuracy: 0.8348 val_loss: 0.6733 val_accuracy: 0.7627
Epoch: 21 loss: 0.5439 accuracy: 0.8352 val_loss: 0.6223 val_accuracy: 0.7754
Epoch: 22 loss: 0.5386 accuracy: 0.8438 val_loss: 0.6739 val_accuracy: 0.7585
Epoch: 23 loss: 0.5279 accuracy: 0.8358 val_loss: 0.6589 val_accuracy: 0.7726
Epoch: 24 loss: 0.5284 accuracy: 0.8418 val_loss: 0.6547 val_accuracy: 0.7768
Epoch: 25 loss: 0.5225 accuracy: 0.8438 val_loss: 0.7423 val_accuracy: 0.7458
Epoch: 26 loss: 0.5332 accuracy: 0.8408 val_loss: 0.6676 val_accuracy: 0.7528

Epoch 00026: ReduceLROnPlateau reducing learning rate to 7.999999797903001e-05.
Epoch: 27 loss: 0.5020 accuracy: 0.8560 val_loss: 0.6845 val_accuracy: 0.7655
Epoch: 28 loss: 0.5142 accuracy: 0.8425 val_loss: 0.7610 val_accuracy: 0.7514
Epoch: 29 loss: 0.5117 accuracy: 0.8482 val_loss: 0.6421 val_accuracy: 0.7585
Epoch: 30 loss: 0.4966 accuracy: 0.8562 val_loss: 0.6493 val_accuracy: 0.7811
Epoch: 31 loss: 0.5027 accuracy: 0.8476 val_loss: 0.6335 val_accuracy: 0.7740

Epoch 00031: ReduceLROnPlateau reducing learning rate to 6.399999838322402e-05.
End of augmented training
Finish
Job ended!
