DB: ['ISIC2020']
CLASSIFIER: VGG19
JOB_INDEX: None
Start training ISIC2020_VGG19
Combining...
Combining 1th db out of 1 dbs
Stacking data
Combining complete
Epoch 0/29
----------
Train Loss: 0.5020 Acc: 0.7518
Val Loss: 0.5661 Acc: 0.6278

Epoch 1/29
----------
Train Loss: 0.4388 Acc: 0.7947
Val Loss: 0.3855 Acc: 0.7703

Epoch 2/29
----------
Train Loss: 0.4121 Acc: 0.8084
Val Loss: 0.7032 Acc: 0.5874

Epoch 3/29
----------
Train Loss: 0.3764 Acc: 0.8300
Val Loss: 0.3524 Acc: 0.8216

Epoch 4/29
----------
Train Loss: 0.3491 Acc: 0.8454
Val Loss: 0.2550 Acc: 0.8643

Epoch 5/29
----------
Train Loss: 0.3282 Acc: 0.8559
Val Loss: 0.3387 Acc: 0.8341

Epoch 6/29
----------
Train Loss: 0.3156 Acc: 0.8621
Val Loss: 0.2875 Acc: 0.8612

Epoch 7/29
----------
Train Loss: 0.2519 Acc: 0.8963
Val Loss: 0.2328 Acc: 0.8876

Epoch 8/29
----------
Train Loss: 0.2337 Acc: 0.9048
Val Loss: 0.2758 Acc: 0.8725

Epoch 9/29
----------
Train Loss: 0.2306 Acc: 0.9071
Val Loss: 0.2481 Acc: 0.8892

Epoch 10/29
----------
Train Loss: 0.2221 Acc: 0.9098
Val Loss: 0.3521 Acc: 0.8406

Epoch 11/29
----------
Train Loss: 0.2185 Acc: 0.9122
Val Loss: 0.2641 Acc: 0.8782

Epoch 12/29
----------
Train Loss: 0.2126 Acc: 0.9160
Val Loss: 0.2397 Acc: 0.8941

Epoch 13/29
----------
Train Loss: 0.2058 Acc: 0.9194
Val Loss: 0.2136 Acc: 0.9061

Epoch 14/29
----------
Train Loss: 0.1926 Acc: 0.9252
Val Loss: 0.2478 Acc: 0.8916

Epoch 15/29
----------
Train Loss: 0.1943 Acc: 0.9249
Val Loss: 0.2475 Acc: 0.8922

Epoch 16/29
----------
Train Loss: 0.1933 Acc: 0.9265
Val Loss: 0.2415 Acc: 0.8950

Epoch 17/29
----------
Train Loss: 0.1960 Acc: 0.9243
Val Loss: 0.2448 Acc: 0.8947

Epoch 18/29
----------
Train Loss: 0.1888 Acc: 0.9262
Val Loss: 0.2321 Acc: 0.8989

Epoch 19/29
----------
Train Loss: 0.1951 Acc: 0.9241
Val Loss: 0.2454 Acc: 0.8942

Epoch 20/29
----------
Train Loss: 0.1934 Acc: 0.9266
Val Loss: 0.2570 Acc: 0.8888

Epoch 21/29
----------
Train Loss: 0.1881 Acc: 0.9283
Val Loss: 0.2431 Acc: 0.8951

Epoch 22/29
----------
Train Loss: 0.1938 Acc: 0.9240
Val Loss: 0.2410 Acc: 0.8954

Epoch 23/29
----------
Train Loss: 0.1897 Acc: 0.9272
Val Loss: 0.2407 Acc: 0.8954

Epoch 24/29
----------
Train Loss: 0.1905 Acc: 0.9270
Val Loss: 0.2350 Acc: 0.8978

Epoch 25/29
----------
Train Loss: 0.1906 Acc: 0.9255
Val Loss: 0.2399 Acc: 0.8957

Epoch 26/29
----------
Train Loss: 0.1911 Acc: 0.9253
Val Loss: 0.2393 Acc: 0.8962

Epoch 27/29
----------
Train Loss: 0.1899 Acc: 0.9270
Val Loss: 0.2397 Acc: 0.8965

Epoch 28/29
----------
Train Loss: 0.1927 Acc: 0.9261
Val Loss: 0.2396 Acc: 0.8965

Epoch 29/29
----------
Train Loss: 0.1941 Acc: 0.9243
Val Loss: 0.2387 Acc: 0.8966

Training complete in 1651m 6s
Best val Acc: 0.906127
Finished training ISIC2020_VGG19
