DB: ['ISIC2019']
CLASSIFIER: VGG19
JOB_INDEX: None
Start training ISIC2019_VGG19
Combining...
Combining 1th db out of 1 dbs
Stacking data
Combining complete
Epoch 0/29
----------
Train Loss: 0.5576 Acc: 0.7086
Val Loss: 0.5302 Acc: 0.7269

Epoch 1/29
----------
Train Loss: 0.5225 Acc: 0.7368
Val Loss: 0.5702 Acc: 0.7036

Epoch 2/29
----------
Train Loss: 0.4895 Acc: 0.7542
Val Loss: 0.4541 Acc: 0.7671

Epoch 3/29
----------
Train Loss: 0.4764 Acc: 0.7629
Val Loss: 0.4105 Acc: 0.8147

Epoch 4/29
----------
Train Loss: 0.4685 Acc: 0.7730
Val Loss: 0.4146 Acc: 0.7878

Epoch 5/29
----------
Train Loss: 0.4565 Acc: 0.7768
Val Loss: 0.4333 Acc: 0.7861

Epoch 6/29
----------
Train Loss: 0.4460 Acc: 0.7853
Val Loss: 0.4125 Acc: 0.7979

Epoch 7/29
----------
Train Loss: 0.4136 Acc: 0.7990
Val Loss: 0.3862 Acc: 0.8165

Epoch 8/29
----------
Train Loss: 0.4037 Acc: 0.8080
Val Loss: 0.4023 Acc: 0.7989

Epoch 9/29
----------
Train Loss: 0.4061 Acc: 0.8050
Val Loss: 0.3753 Acc: 0.8212

Epoch 10/29
----------
Train Loss: 0.4082 Acc: 0.8037
Val Loss: 0.3702 Acc: 0.8255

Epoch 11/29
----------
Train Loss: 0.3997 Acc: 0.8099
Val Loss: 0.3824 Acc: 0.8167

Epoch 12/29
----------
Train Loss: 0.4080 Acc: 0.8057
Val Loss: 0.3813 Acc: 0.8192

Epoch 13/29
----------
Train Loss: 0.3996 Acc: 0.8107
Val Loss: 0.3783 Acc: 0.8192

Epoch 14/29
----------
Train Loss: 0.3962 Acc: 0.8153
Val Loss: 0.3915 Acc: 0.8074

Epoch 15/29
----------
Train Loss: 0.3975 Acc: 0.8147
Val Loss: 0.3872 Acc: 0.8107

Epoch 16/29
----------
Train Loss: 0.3966 Acc: 0.8102
Val Loss: 0.3777 Acc: 0.8176

Epoch 17/29
----------
Train Loss: 0.3893 Acc: 0.8103
Val Loss: 0.3823 Acc: 0.8149

Epoch 18/29
----------
Train Loss: 0.3922 Acc: 0.8144
Val Loss: 0.3972 Acc: 0.8038

Epoch 19/29
----------
Train Loss: 0.3872 Acc: 0.8165
Val Loss: 0.3877 Acc: 0.8099

Epoch 20/29
----------
Train Loss: 0.3840 Acc: 0.8182
Val Loss: 0.3855 Acc: 0.8105

Epoch 21/29
----------
Train Loss: 0.3908 Acc: 0.8144
Val Loss: 0.3867 Acc: 0.8097

Epoch 22/29
----------
Train Loss: 0.3943 Acc: 0.8121
Val Loss: 0.3876 Acc: 0.8090

Epoch 23/29
----------
Train Loss: 0.3919 Acc: 0.8143
Val Loss: 0.3858 Acc: 0.8094

Epoch 24/29
----------
Train Loss: 0.3804 Acc: 0.8204
Val Loss: 0.3851 Acc: 0.8096

Epoch 25/29
----------
Train Loss: 0.3906 Acc: 0.8160
Val Loss: 0.3843 Acc: 0.8097

Epoch 26/29
----------
Train Loss: 0.3902 Acc: 0.8135
Val Loss: 0.3836 Acc: 0.8111

Epoch 27/29
----------
Train Loss: 0.3814 Acc: 0.8200
Val Loss: 0.3873 Acc: 0.8101

Epoch 28/29
----------
Train Loss: 0.3857 Acc: 0.8203
Val Loss: 0.3869 Acc: 0.8099

Epoch 29/29
----------
Train Loss: 0.3879 Acc: 0.8161
Val Loss: 0.3869 Acc: 0.8101

Training complete in 149m 13s
Best val Acc: 0.825538
Finished training ISIC2019_VGG19
