Wed 28 Feb 2024 10:58:35 AM EST
Python 3.9.7
nvcc: NVIDIA (R) Cuda compiler driver
Copyright (c) 2005-2019 NVIDIA Corporation
Built on Sun_Jul_28_19:07:16_PDT_2019
Cuda compilation tools, release 10.1, V10.1.243
My SLURM_ARRAY_TASK_ID: 
DB: ['ISIC2016', 'PAD_UFES_20']
IMG_SIZE: [150, 150]
CLASSIFIER: VGG19
SELF_AUG: 1
JOB_INDEX: None
Combining...
Combining 1 db out of 2 dbs
Combining 2 db out of 2 dbs
Stacking training images
Stacking training labels
Stacking validation images
Stacking validation labels
Model: "sequential"
_________________________________________________________________
Layer (type)                 Output Shape              Param #   
=================================================================
vgg19 (Functional)           (None, 512)               20024384  
_________________________________________________________________
dense (Dense)                (None, 512)               262656    
_________________________________________________________________
dropout (Dropout)            (None, 512)               0         
_________________________________________________________________
batch_normalization (BatchNo (None, 512)               2048      
_________________________________________________________________
dense_1 (Dense)              (None, 256)               131328    
_________________________________________________________________
dropout_1 (Dropout)          (None, 256)               0         
_________________________________________________________________
batch_normalization_1 (Batch (None, 256)               1024      
_________________________________________________________________
dense_2 (Dense)              (None, 2)                 514       
=================================================================
Total params: 20,421,954
Trainable params: 396,034
Non-trainable params: 20,025,920
_________________________________________________________________
Fitting ISIC2016+PAD_UFES_20_aug_VGG19_150h_150w_None model...
model_name: ISIC2016+PAD_UFES_20_aug_VGG19_150h_150w_None
Epoch: 1 loss: 0.9022 accuracy: 0.5437 val_loss: 0.4788 val_accuracy: 0.9297
Epoch: 2 loss: 0.7440 accuracy: 0.6227 val_loss: 0.3841 val_accuracy: 0.9297
Epoch: 3 loss: 0.6753 accuracy: 0.6603 val_loss: 0.3364 val_accuracy: 0.9297
Epoch: 4 loss: 0.6434 accuracy: 0.6883 val_loss: 0.2924 val_accuracy: 0.9297
Epoch: 5 loss: 0.6079 accuracy: 0.6936 val_loss: 0.3141 val_accuracy: 0.9266
Epoch: 6 loss: 0.5670 accuracy: 0.7299 val_loss: 0.2739 val_accuracy: 0.9234
Epoch: 7 loss: 0.5687 accuracy: 0.7403 val_loss: 0.3014 val_accuracy: 0.9203
Epoch: 8 loss: 0.5569 accuracy: 0.7296 val_loss: 0.4141 val_accuracy: 0.8469
Epoch: 9 loss: 0.5597 accuracy: 0.7373 val_loss: 0.3572 val_accuracy: 0.8797
Epoch: 10 loss: 0.5464 accuracy: 0.7464 val_loss: 0.3114 val_accuracy: 0.9109
Epoch: 11 loss: 0.5360 accuracy: 0.7515 val_loss: 0.3158 val_accuracy: 0.9141
Epoch: 12 loss: 0.5440 accuracy: 0.7563 val_loss: 0.3232 val_accuracy: 0.8922
Epoch: 13 loss: 0.5412 accuracy: 0.7525 val_loss: 0.2739 val_accuracy: 0.9219
Epoch: 14 loss: 0.5273 accuracy: 0.7621 val_loss: 0.3078 val_accuracy: 0.9078
Epoch: 15 loss: 0.5302 accuracy: 0.7533 val_loss: 0.3392 val_accuracy: 0.8891
Epoch: 16 loss: 0.5125 accuracy: 0.7699 val_loss: 0.3235 val_accuracy: 0.8922
Epoch: 17 loss: 0.5283 accuracy: 0.7587 val_loss: 0.2668 val_accuracy: 0.9156
Epoch: 18 loss: 0.5115 accuracy: 0.7659 val_loss: 0.2666 val_accuracy: 0.9187
Epoch: 19 loss: 0.5113 accuracy: 0.7688 val_loss: 0.2739 val_accuracy: 0.9125
Epoch: 20 loss: 0.5112 accuracy: 0.7661 val_loss: 0.3732 val_accuracy: 0.8656
Job ended!
