Wed 28 Feb 2024 10:17:43 AM EST
Python 3.9.7
nvcc: NVIDIA (R) Cuda compiler driver
Copyright (c) 2005-2019 NVIDIA Corporation
Built on Sun_Jul_28_19:07:16_PDT_2019
Cuda compilation tools, release 10.1, V10.1.243
My SLURM_ARRAY_TASK_ID: 
DB: ['ISIC2016', 'ISIC2017', 'ISIC2018', 'ISIC2019']
IMG_SIZE: [150, 150]
CLASSIFIER: VGG19
SELF_AUG: 1
JOB_INDEX: None
Combining...
Combining 1 db out of 4 dbs
Combining 2 db out of 4 dbs
Combining 3 db out of 4 dbs
Combining 4 db out of 4 dbs
Stacking training images
Stacking training labels
Stacking validation images
Stacking validation labels
Model: "sequential"
_________________________________________________________________
Layer (type)                 Output Shape              Param #   
=================================================================
vgg19 (Functional)           (None, 512)               20024384  
_________________________________________________________________
dense (Dense)                (None, 512)               262656    
_________________________________________________________________
dropout (Dropout)            (None, 512)               0         
_________________________________________________________________
batch_normalization (BatchNo (None, 512)               2048      
_________________________________________________________________
dense_1 (Dense)              (None, 256)               131328    
_________________________________________________________________
dropout_1 (Dropout)          (None, 256)               0         
_________________________________________________________________
batch_normalization_1 (Batch (None, 256)               1024      
_________________________________________________________________
dense_2 (Dense)              (None, 2)                 514       
=================================================================
Total params: 20,421,954
Trainable params: 396,034
Non-trainable params: 20,025,920
_________________________________________________________________
Fitting ISIC2016+ISIC2017+ISIC2018+ISIC2019_aug_VGG19_150h_150w_None model...
model_name: ISIC2016+ISIC2017+ISIC2018+ISIC2019_aug_VGG19_150h_150w_None
Epoch: 1 loss: 0.7268 accuracy: 0.6278 val_loss: 0.4571 val_accuracy: 0.8259
Epoch: 2 loss: 0.6395 accuracy: 0.6684 val_loss: 0.4803 val_accuracy: 0.8032
Epoch: 3 loss: 0.6032 accuracy: 0.6839 val_loss: 0.4795 val_accuracy: 0.8041
Epoch: 4 loss: 0.5782 accuracy: 0.7001 val_loss: 0.5232 val_accuracy: 0.7762
Epoch: 5 loss: 0.5527 accuracy: 0.7168 val_loss: 0.4614 val_accuracy: 0.8048
Epoch: 6 loss: 0.5346 accuracy: 0.7294 val_loss: 0.4873 val_accuracy: 0.7912
Epoch: 7 loss: 0.5300 accuracy: 0.7347 val_loss: 0.5372 val_accuracy: 0.7440
Epoch: 8 loss: 0.5273 accuracy: 0.7351 val_loss: 0.4201 val_accuracy: 0.8329
Epoch: 9 loss: 0.5226 accuracy: 0.7395 val_loss: 0.5667 val_accuracy: 0.7301
Epoch: 10 loss: 0.5198 accuracy: 0.7407 val_loss: 0.5377 val_accuracy: 0.7322
Epoch: 11 loss: 0.5182 accuracy: 0.7397 val_loss: 0.4568 val_accuracy: 0.7984
Epoch: 12 loss: 0.5148 accuracy: 0.7446 val_loss: 0.4237 val_accuracy: 0.8347
Epoch: 13 loss: 0.5132 accuracy: 0.7467 val_loss: 0.4363 val_accuracy: 0.8218
Epoch: 14 loss: 0.5106 accuracy: 0.7488 val_loss: 0.4281 val_accuracy: 0.8301
Epoch: 15 loss: 0.5078 accuracy: 0.7504 val_loss: 0.4338 val_accuracy: 0.8290
Epoch: 16 loss: 0.5044 accuracy: 0.7520 val_loss: 0.4053 val_accuracy: 0.8374
Epoch: 17 loss: 0.5044 accuracy: 0.7533 val_loss: 0.4950 val_accuracy: 0.7837
Epoch: 18 loss: 0.5026 accuracy: 0.7550 val_loss: 0.3999 val_accuracy: 0.8397
Epoch: 19 loss: 0.5022 accuracy: 0.7546 val_loss: 0.4775 val_accuracy: 0.7717
Epoch: 20 loss: 0.5004 accuracy: 0.7547 val_loss: 0.4416 val_accuracy: 0.8111
Job ended!
