Sat 02 Mar 2024 12:09:46 AM EST
Python 3.9.7
nvcc: NVIDIA (R) Cuda compiler driver
Copyright (c) 2005-2019 NVIDIA Corporation
Built on Sun_Jul_28_19:07:16_PDT_2019
Cuda compilation tools, release 10.1, V10.1.243
My SLURM_ARRAY_TASK_ID: 
DB: ['ISIC2016', 'ISIC2017', 'ISIC2018', 'MEDNODE', 'KaggleMB']
IMG_SIZE: [150, 150]
CLASSIFIER: VGG19
SELF_AUG: 1
JOB_INDEX: None
Combining...
Combining 1 db out of 5 dbs
Combining 2 db out of 5 dbs
Combining 3 db out of 5 dbs
Combining 4 db out of 5 dbs
Combining 5 db out of 5 dbs
Stacking training images
Stacking training labels
Stacking validation images
Stacking validation labels
Model: "sequential"
_________________________________________________________________
Layer (type)                 Output Shape              Param #   
=================================================================
vgg19 (Functional)           (None, 512)               20024384  
_________________________________________________________________
dense (Dense)                (None, 512)               262656    
_________________________________________________________________
dropout (Dropout)            (None, 512)               0         
_________________________________________________________________
batch_normalization (BatchNo (None, 512)               2048      
_________________________________________________________________
dense_1 (Dense)              (None, 256)               131328    
_________________________________________________________________
dropout_1 (Dropout)          (None, 256)               0         
_________________________________________________________________
batch_normalization_1 (Batch (None, 256)               1024      
_________________________________________________________________
dense_2 (Dense)              (None, 2)                 514       
=================================================================
Total params: 20,421,954
Trainable params: 396,034
Non-trainable params: 20,025,920
_________________________________________________________________
Fitting ISIC2016+ISIC2017+ISIC2018+MEDNODE+KaggleMB_aug_VGG19_150h_150w_None model...
model_name: ISIC2016+ISIC2017+ISIC2018+MEDNODE+KaggleMB_aug_VGG19_150h_150w_None
Epoch: 1 loss: 0.6503 accuracy: 0.7017 val_loss: 0.4785 val_accuracy: 0.7742
Epoch: 2 loss: 0.5141 accuracy: 0.7603 val_loss: 0.4465 val_accuracy: 0.7751
Epoch: 3 loss: 0.4709 accuracy: 0.7762 val_loss: 0.4238 val_accuracy: 0.7917
Epoch: 4 loss: 0.4539 accuracy: 0.7858 val_loss: 0.4035 val_accuracy: 0.8166
Epoch: 5 loss: 0.4284 accuracy: 0.7971 val_loss: 0.4048 val_accuracy: 0.8000
Epoch: 6 loss: 0.4162 accuracy: 0.8041 val_loss: 0.3870 val_accuracy: 0.8194
Epoch: 7 loss: 0.3935 accuracy: 0.8148 val_loss: 0.3956 val_accuracy: 0.8074
Epoch: 8 loss: 0.3821 accuracy: 0.8224 val_loss: 0.3755 val_accuracy: 0.8175
Epoch: 9 loss: 0.3661 accuracy: 0.8323 val_loss: 0.3718 val_accuracy: 0.8249
Epoch: 10 loss: 0.3551 accuracy: 0.8342 val_loss: 0.3525 val_accuracy: 0.8350
Epoch: 11 loss: 0.3429 accuracy: 0.8434 val_loss: 0.3627 val_accuracy: 0.8276
Epoch: 12 loss: 0.3303 accuracy: 0.8487 val_loss: 0.3532 val_accuracy: 0.8452
Epoch: 13 loss: 0.3227 accuracy: 0.8555 val_loss: 0.3447 val_accuracy: 0.8507
Epoch: 14 loss: 0.3108 accuracy: 0.8602 val_loss: 0.3431 val_accuracy: 0.8516
Epoch: 15 loss: 0.2987 accuracy: 0.8657 val_loss: 0.3530 val_accuracy: 0.8359
Epoch: 16 loss: 0.2914 accuracy: 0.8700 val_loss: 0.3333 val_accuracy: 0.8544
Epoch: 17 loss: 0.2842 accuracy: 0.8728 val_loss: 0.3249 val_accuracy: 0.8535
Epoch: 18 loss: 0.2725 accuracy: 0.8794 val_loss: 0.3145 val_accuracy: 0.8507
Epoch: 19 loss: 0.2635 accuracy: 0.8863 val_loss: 0.3274 val_accuracy: 0.8544
Epoch: 20 loss: 0.2549 accuracy: 0.8887 val_loss: 0.3079 val_accuracy: 0.8756
Job ended!
