Sat 02 Mar 2024 12:18:35 AM EST
Python 3.9.7
nvcc: NVIDIA (R) Cuda compiler driver
Copyright (c) 2005-2019 NVIDIA Corporation
Built on Sun_Jul_28_19:07:16_PDT_2019
Cuda compilation tools, release 10.1, V10.1.243
My SLURM_ARRAY_TASK_ID: 
DB: ['ISIC2016', 'PAD_UFES_20', 'MEDNODE']
IMG_SIZE: [150, 150]
CLASSIFIER: VGG19
SELF_AUG: 1
JOB_INDEX: None
Combining...
Combining 1 db out of 3 dbs
Combining 2 db out of 3 dbs
Combining 3 db out of 3 dbs
Stacking training images
Stacking training labels
Stacking validation images
Stacking validation labels
Model: "sequential"
_________________________________________________________________
Layer (type)                 Output Shape              Param #   
=================================================================
vgg19 (Functional)           (None, 512)               20024384  
_________________________________________________________________
dense (Dense)                (None, 512)               262656    
_________________________________________________________________
dropout (Dropout)            (None, 512)               0         
_________________________________________________________________
batch_normalization (BatchNo (None, 512)               2048      
_________________________________________________________________
dense_1 (Dense)              (None, 256)               131328    
_________________________________________________________________
dropout_1 (Dropout)          (None, 256)               0         
_________________________________________________________________
batch_normalization_1 (Batch (None, 256)               1024      
_________________________________________________________________
dense_2 (Dense)              (None, 2)                 514       
=================================================================
Total params: 20,421,954
Trainable params: 396,034
Non-trainable params: 20,025,920
_________________________________________________________________
Fitting ISIC2016+PAD_UFES_20+MEDNODE_aug_VGG19_150h_150w_None model...
model_name: ISIC2016+PAD_UFES_20+MEDNODE_aug_VGG19_150h_150w_None
Epoch: 1 loss: 0.7859 accuracy: 0.6291 val_loss: 0.4362 val_accuracy: 0.8116
Epoch: 2 loss: 0.6054 accuracy: 0.7122 val_loss: 0.4076 val_accuracy: 0.8294
Epoch: 3 loss: 0.5062 accuracy: 0.7715 val_loss: 0.3614 val_accuracy: 0.8472
Epoch: 4 loss: 0.4431 accuracy: 0.7977 val_loss: 0.3046 val_accuracy: 0.8783
Epoch: 5 loss: 0.3999 accuracy: 0.8148 val_loss: 0.2818 val_accuracy: 0.8858
Epoch: 6 loss: 0.3657 accuracy: 0.8405 val_loss: 0.2670 val_accuracy: 0.8932
Epoch: 7 loss: 0.3481 accuracy: 0.8465 val_loss: 0.2435 val_accuracy: 0.9125
Epoch: 8 loss: 0.3255 accuracy: 0.8573 val_loss: 0.2471 val_accuracy: 0.9184
Epoch: 9 loss: 0.2931 accuracy: 0.8732 val_loss: 0.2408 val_accuracy: 0.9050
Epoch: 10 loss: 0.2913 accuracy: 0.8722 val_loss: 0.2463 val_accuracy: 0.9065
Epoch: 11 loss: 0.2673 accuracy: 0.8853 val_loss: 0.2460 val_accuracy: 0.9169
Epoch: 12 loss: 0.2599 accuracy: 0.8903 val_loss: 0.2374 val_accuracy: 0.9125
Epoch: 13 loss: 0.2433 accuracy: 0.8983 val_loss: 0.2369 val_accuracy: 0.9110
Epoch: 14 loss: 0.2286 accuracy: 0.9014 val_loss: 0.2395 val_accuracy: 0.9080
Epoch: 15 loss: 0.2149 accuracy: 0.9094 val_loss: 0.2372 val_accuracy: 0.9080
Epoch: 16 loss: 0.2109 accuracy: 0.9109 val_loss: 0.2371 val_accuracy: 0.9169
Epoch: 17 loss: 0.1991 accuracy: 0.9157 val_loss: 0.2406 val_accuracy: 0.9110
Epoch: 18 loss: 0.1827 accuracy: 0.9248 val_loss: 0.2540 val_accuracy: 0.9080
Epoch: 19 loss: 0.1834 accuracy: 0.9235 val_loss: 0.2387 val_accuracy: 0.9139
Epoch: 20 loss: 0.1656 accuracy: 0.9313 val_loss: 0.2455 val_accuracy: 0.9095
Job ended!
