Thu 09 May 2024 01:02:06 PM EDT
Python 3.9.7
nvcc: NVIDIA (R) Cuda compiler driver
Copyright (c) 2005-2019 NVIDIA Corporation
Built on Sun_Jul_28_19:07:16_PDT_2019
Cuda compilation tools, release 10.1, V10.1.243
My SLURM_ARRAY_TASK_ID: 
DB: ['ISIC2016', 'MEDNODE', 'KaggleMB']
IMG_SIZE: [384, 384]
CLASSIFIER: VGG19
JOB_INDEX: None
Start training augmented images
Combining...
Combining 1th db out of 3 dbs
Combining 2th db out of 3 dbs
Combining 3th db out of 3 dbs
Stacking data
Combining complete
Model: "sequential"
_________________________________________________________________
Layer (type)                 Output Shape              Param #   
=================================================================
vgg19 (Functional)           (None, 512)               20024384  
_________________________________________________________________
dense (Dense)                (None, 512)               262656    
_________________________________________________________________
dropout (Dropout)            (None, 512)               0         
_________________________________________________________________
batch_normalization (BatchNo (None, 512)               2048      
_________________________________________________________________
dense_1 (Dense)              (None, 256)               131328    
_________________________________________________________________
batch_normalization_1 (Batch (None, 256)               1024      
_________________________________________________________________
dense_2 (Dense)              (None, 2)                 514       
=================================================================
Total params: 20,421,954
Trainable params: 396,034
Non-trainable params: 20,025,920
_________________________________________________________________
Fitting ISIC2016+MEDNODE+KaggleMB_aug_VGG19_384h_384w_None model...
model_name: ISIC2016+MEDNODE+KaggleMB_aug_VGG19_384h_384w_None
Epoch: 1 loss: 1.1202 accuracy: 0.6700 val_loss: 1.1125 val_accuracy: 0.3706
Epoch: 2 loss: 0.9579 accuracy: 0.7212 val_loss: 1.0392 val_accuracy: 0.3774
Epoch: 3 loss: 0.8466 accuracy: 0.7520 val_loss: 1.0101 val_accuracy: 0.3935
Epoch: 4 loss: 0.8031 accuracy: 0.7530 val_loss: 0.9055 val_accuracy: 0.6819
Epoch: 5 loss: 0.7549 accuracy: 0.7768 val_loss: 0.8730 val_accuracy: 0.6806
Epoch: 6 loss: 0.7130 accuracy: 0.7825 val_loss: 0.8053 val_accuracy: 0.7291
Epoch: 7 loss: 0.6769 accuracy: 0.7959 val_loss: 0.8222 val_accuracy: 0.7237
Epoch: 8 loss: 0.6511 accuracy: 0.8048 val_loss: 0.6916 val_accuracy: 0.7561
Epoch: 9 loss: 0.6529 accuracy: 0.7997 val_loss: 0.6864 val_accuracy: 0.7709
Epoch: 10 loss: 0.6287 accuracy: 0.8066 val_loss: 0.7319 val_accuracy: 0.7426
Epoch: 11 loss: 0.6257 accuracy: 0.8003 val_loss: 0.6606 val_accuracy: 0.7682
Epoch: 12 loss: 0.6042 accuracy: 0.8151 val_loss: 0.7071 val_accuracy: 0.7588
Epoch: 13 loss: 0.5956 accuracy: 0.8135 val_loss: 0.6621 val_accuracy: 0.7736
Epoch: 14 loss: 0.5763 accuracy: 0.8235 val_loss: 0.8534 val_accuracy: 0.6995
Epoch: 15 loss: 0.5638 accuracy: 0.8263 val_loss: 0.6905 val_accuracy: 0.7574
Epoch: 16 loss: 0.5665 accuracy: 0.8194 val_loss: 0.6889 val_accuracy: 0.7628

Epoch 00016: ReduceLROnPlateau reducing learning rate to 7.999999797903001e-05.
Epoch: 17 loss: 0.5559 accuracy: 0.8320 val_loss: 0.6894 val_accuracy: 0.7534
Epoch: 18 loss: 0.5582 accuracy: 0.8285 val_loss: 0.6210 val_accuracy: 0.7871
Epoch: 19 loss: 0.5416 accuracy: 0.8399 val_loss: 0.6450 val_accuracy: 0.7642
Epoch: 20 loss: 0.5343 accuracy: 0.8360 val_loss: 0.6579 val_accuracy: 0.7547
Epoch: 21 loss: 0.5385 accuracy: 0.8312 val_loss: 0.6991 val_accuracy: 0.7628
Epoch: 22 loss: 0.5282 accuracy: 0.8369 val_loss: 0.6377 val_accuracy: 0.7655
Epoch: 23 loss: 0.5241 accuracy: 0.8411 val_loss: 0.6261 val_accuracy: 0.7830

Epoch 00023: ReduceLROnPlateau reducing learning rate to 6.399999838322402e-05.
Epoch: 24 loss: 0.5381 accuracy: 0.8314 val_loss: 0.6394 val_accuracy: 0.7615
Epoch: 25 loss: 0.5131 accuracy: 0.8454 val_loss: 0.6417 val_accuracy: 0.7574
Epoch: 26 loss: 0.5023 accuracy: 0.8496 val_loss: 0.6631 val_accuracy: 0.7642
Epoch: 27 loss: 0.5147 accuracy: 0.8429 val_loss: 0.6173 val_accuracy: 0.7884
Epoch: 28 loss: 0.5240 accuracy: 0.8295 val_loss: 0.6902 val_accuracy: 0.7399
Epoch: 29 loss: 0.4992 accuracy: 0.8486 val_loss: 0.6515 val_accuracy: 0.7776
Epoch: 30 loss: 0.5005 accuracy: 0.8448 val_loss: 0.6256 val_accuracy: 0.7736
Epoch: 31 loss: 0.4872 accuracy: 0.8523 val_loss: 0.6111 val_accuracy: 0.7857
Epoch: 32 loss: 0.4802 accuracy: 0.8580 val_loss: 0.6255 val_accuracy: 0.7790
Epoch: 33 loss: 0.4790 accuracy: 0.8549 val_loss: 0.7059 val_accuracy: 0.7237
Epoch: 34 loss: 0.5047 accuracy: 0.8506 val_loss: 0.5975 val_accuracy: 0.7871
Epoch: 35 loss: 0.4830 accuracy: 0.8541 val_loss: 0.6445 val_accuracy: 0.7668
Epoch: 36 loss: 0.4768 accuracy: 0.8567 val_loss: 0.6237 val_accuracy: 0.7871
Epoch: 37 loss: 0.4700 accuracy: 0.8596 val_loss: 0.6321 val_accuracy: 0.7709
Epoch: 38 loss: 0.4747 accuracy: 0.8569 val_loss: 0.6079 val_accuracy: 0.7898
Epoch: 39 loss: 0.4774 accuracy: 0.8563 val_loss: 0.6474 val_accuracy: 0.7642

Epoch 00039: ReduceLROnPlateau reducing learning rate to 5.119999987073243e-05.
Epoch: 40 loss: 0.4795 accuracy: 0.8523 val_loss: 0.6126 val_accuracy: 0.7776
Epoch: 41 loss: 0.4680 accuracy: 0.8559 val_loss: 0.5759 val_accuracy: 0.8032
Epoch: 42 loss: 0.4556 accuracy: 0.8675 val_loss: 0.6037 val_accuracy: 0.7790
Epoch: 43 loss: 0.4621 accuracy: 0.8616 val_loss: 0.6264 val_accuracy: 0.7803
Epoch: 44 loss: 0.4720 accuracy: 0.8535 val_loss: 0.6364 val_accuracy: 0.7642
Epoch: 45 loss: 0.4685 accuracy: 0.8588 val_loss: 0.6046 val_accuracy: 0.7749
Epoch: 46 loss: 0.4557 accuracy: 0.8695 val_loss: 0.5648 val_accuracy: 0.8073
Epoch: 47 loss: 0.4401 accuracy: 0.8760 val_loss: 0.5965 val_accuracy: 0.7911
Epoch: 48 loss: 0.4295 accuracy: 0.8744 val_loss: 0.5821 val_accuracy: 0.7925
Epoch: 49 loss: 0.4383 accuracy: 0.8663 val_loss: 0.5932 val_accuracy: 0.7884
Epoch: 50 loss: 0.4570 accuracy: 0.8557 val_loss: 0.6444 val_accuracy: 0.7628
Epoch: 51 loss: 0.4567 accuracy: 0.8545 val_loss: 0.5840 val_accuracy: 0.8019

Epoch 00051: ReduceLROnPlateau reducing learning rate to 4.0960000478662555e-05.
Epoch: 52 loss: 0.4442 accuracy: 0.8636 val_loss: 0.5914 val_accuracy: 0.7992
Epoch: 53 loss: 0.4307 accuracy: 0.8695 val_loss: 0.5840 val_accuracy: 0.7884
Epoch: 54 loss: 0.4291 accuracy: 0.8762 val_loss: 0.5852 val_accuracy: 0.7911
Epoch: 55 loss: 0.4388 accuracy: 0.8669 val_loss: 0.5802 val_accuracy: 0.7978
Epoch: 56 loss: 0.4288 accuracy: 0.8740 val_loss: 0.5905 val_accuracy: 0.7938

Epoch 00056: ReduceLROnPlateau reducing learning rate to 3.2767999800853435e-05.
End of augmented training
Finish
Job ended!
