Wed 28 Feb 2024 10:32:03 AM EST
Python 3.9.7
nvcc: NVIDIA (R) Cuda compiler driver
Copyright (c) 2005-2019 NVIDIA Corporation
Built on Sun_Jul_28_19:07:16_PDT_2019
Cuda compilation tools, release 10.1, V10.1.243
My SLURM_ARRAY_TASK_ID: 
DB: ['ISIC2016', 'ISIC2017', 'ISIC2018', 'ISIC2019', 'ISIC2020', 'PH2', '_7_point_criteria', 'PAD_UFES_20', 'MEDNODE']
IMG_SIZE: [150, 150]
CLASSIFIER: VGG19
SELF_AUG: 1
JOB_INDEX: None
Combining...
Combining 1 db out of 9 dbs
Combining 2 db out of 9 dbs
Combining 3 db out of 9 dbs
Combining 4 db out of 9 dbs
Combining 5 db out of 9 dbs
Combining 6 db out of 9 dbs
Combining 7 db out of 9 dbs
Combining 8 db out of 9 dbs
Combining 9 db out of 9 dbs
Stacking training images
Stacking training labels
Stacking validation images
Stacking validation labels
Model: "sequential"
_________________________________________________________________
Layer (type)                 Output Shape              Param #   
=================================================================
vgg19 (Functional)           (None, 512)               20024384  
_________________________________________________________________
dense (Dense)                (None, 512)               262656    
_________________________________________________________________
dropout (Dropout)            (None, 512)               0         
_________________________________________________________________
batch_normalization (BatchNo (None, 512)               2048      
_________________________________________________________________
dense_1 (Dense)              (None, 256)               131328    
_________________________________________________________________
dropout_1 (Dropout)          (None, 256)               0         
_________________________________________________________________
batch_normalization_1 (Batch (None, 256)               1024      
_________________________________________________________________
dense_2 (Dense)              (None, 2)                 514       
=================================================================
Total params: 20,421,954
Trainable params: 396,034
Non-trainable params: 20,025,920
_________________________________________________________________
Fitting ISIC2016+ISIC2017+ISIC2018+ISIC2019+ISIC2020+PH2+_7_point_criteria+PAD_UFES_20+MEDNODE_aug_VGG19_150h_150w_None model...
model_name: ISIC2016+ISIC2017+ISIC2018+ISIC2019+ISIC2020+PH2+_7_point_criteria+PAD_UFES_20+MEDNODE_aug_VGG19_150h_150w_None
Epoch: 1 loss: 0.6012 accuracy: 0.7008 val_loss: 0.3357 val_accuracy: 0.8728
Epoch: 2 loss: 0.5120 accuracy: 0.7372 val_loss: 0.3635 val_accuracy: 0.8829
Epoch: 3 loss: 0.4734 accuracy: 0.7613 val_loss: 0.3139 val_accuracy: 0.8678
Epoch: 4 loss: 0.4606 accuracy: 0.7705 val_loss: 0.3427 val_accuracy: 0.8475
Epoch: 5 loss: 0.4547 accuracy: 0.7739 val_loss: 0.2855 val_accuracy: 0.9071
Epoch: 6 loss: 0.4493 accuracy: 0.7776 val_loss: 0.4007 val_accuracy: 0.8392
Epoch: 7 loss: 0.4463 accuracy: 0.7803 val_loss: 0.2759 val_accuracy: 0.9101
Epoch: 8 loss: 0.4428 accuracy: 0.7815 val_loss: 0.3092 val_accuracy: 0.9006
Epoch: 9 loss: 0.4402 accuracy: 0.7838 val_loss: 0.2827 val_accuracy: 0.9027
Epoch: 10 loss: 0.4394 accuracy: 0.7845 val_loss: 0.3334 val_accuracy: 0.9004
Epoch: 11 loss: 0.4360 accuracy: 0.7868 val_loss: 0.2623 val_accuracy: 0.9091
Epoch: 12 loss: 0.4347 accuracy: 0.7893 val_loss: 0.2723 val_accuracy: 0.9122
Epoch: 13 loss: 0.4341 accuracy: 0.7889 val_loss: 0.2605 val_accuracy: 0.9102
Epoch: 14 loss: 0.4317 accuracy: 0.7893 val_loss: 0.3015 val_accuracy: 0.9082
Epoch: 15 loss: 0.4313 accuracy: 0.7902 val_loss: 0.2906 val_accuracy: 0.8910
Epoch: 16 loss: 0.4291 accuracy: 0.7918 val_loss: 0.3161 val_accuracy: 0.8907
Epoch: 17 loss: 0.4283 accuracy: 0.7916 val_loss: 0.2647 val_accuracy: 0.9103
Epoch: 18 loss: 0.4260 accuracy: 0.7941 val_loss: 0.2581 val_accuracy: 0.9134
Epoch: 19 loss: 0.4254 accuracy: 0.7948 val_loss: 0.2588 val_accuracy: 0.9127
Epoch: 20 loss: 0.4247 accuracy: 0.7955 val_loss: 0.2583 val_accuracy: 0.9121
Job ended!
