2024-05-09 11:48:06.351403: I tensorflow/stream_executor/platform/default/dso_loader.cc:53] Successfully opened dynamic library libcudart.so.11.0
2024-05-09 11:48:30.880403: I tensorflow/stream_executor/platform/default/dso_loader.cc:53] Successfully opened dynamic library libcuda.so.1
2024-05-09 11:48:31.123173: I tensorflow/core/common_runtime/gpu/gpu_device.cc:1733] Found device 0 with properties: 
pciBusID: 0000:07:00.0 name: A100-SXM4-40GB computeCapability: 8.0
coreClock: 1.41GHz coreCount: 108 deviceMemorySize: 39.59GiB deviceMemoryBandwidth: 1.41TiB/s
2024-05-09 11:48:31.123241: I tensorflow/stream_executor/platform/default/dso_loader.cc:53] Successfully opened dynamic library libcudart.so.11.0
2024-05-09 11:48:31.127401: I tensorflow/stream_executor/platform/default/dso_loader.cc:53] Successfully opened dynamic library libcublas.so.11
2024-05-09 11:48:31.127465: I tensorflow/stream_executor/platform/default/dso_loader.cc:53] Successfully opened dynamic library libcublasLt.so.11
2024-05-09 11:48:31.128455: I tensorflow/stream_executor/platform/default/dso_loader.cc:53] Successfully opened dynamic library libcufft.so.10
2024-05-09 11:48:31.128839: I tensorflow/stream_executor/platform/default/dso_loader.cc:53] Successfully opened dynamic library libcurand.so.10
2024-05-09 11:48:31.129595: I tensorflow/stream_executor/platform/default/dso_loader.cc:53] Successfully opened dynamic library libcusolver.so.11
2024-05-09 11:48:31.130374: I tensorflow/stream_executor/platform/default/dso_loader.cc:53] Successfully opened dynamic library libcusparse.so.11
2024-05-09 11:48:31.130714: I tensorflow/stream_executor/platform/default/dso_loader.cc:53] Successfully opened dynamic library libcudnn.so.8
2024-05-09 11:48:31.138857: I tensorflow/core/common_runtime/gpu/gpu_device.cc:1871] Adding visible gpu devices: 0
2024-05-09 11:48:31.139368: I tensorflow/core/platform/cpu_feature_guard.cc:142] This TensorFlow binary is optimized with oneAPI Deep Neural Network Library (oneDNN) to use the following CPU instructions in performance-critical operations:  AVX2 FMA
To enable them in other operations, rebuild TensorFlow with the appropriate compiler flags.
2024-05-09 11:48:31.144555: I tensorflow/core/common_runtime/gpu/gpu_device.cc:1733] Found device 0 with properties: 
pciBusID: 0000:07:00.0 name: A100-SXM4-40GB computeCapability: 8.0
coreClock: 1.41GHz coreCount: 108 deviceMemorySize: 39.59GiB deviceMemoryBandwidth: 1.41TiB/s
2024-05-09 11:48:31.152913: I tensorflow/core/common_runtime/gpu/gpu_device.cc:1871] Adding visible gpu devices: 0
2024-05-09 11:48:31.153050: I tensorflow/stream_executor/platform/default/dso_loader.cc:53] Successfully opened dynamic library libcudart.so.11.0
2024-05-09 11:48:31.697892: I tensorflow/core/common_runtime/gpu/gpu_device.cc:1258] Device interconnect StreamExecutor with strength 1 edge matrix:
2024-05-09 11:48:31.697950: I tensorflow/core/common_runtime/gpu/gpu_device.cc:1264]      0 
2024-05-09 11:48:31.697956: I tensorflow/core/common_runtime/gpu/gpu_device.cc:1277] 0:   N 
2024-05-09 11:48:31.706047: I tensorflow/core/common_runtime/gpu/gpu_device.cc:1418] Created TensorFlow device (/job:localhost/replica:0/task:0/device:GPU:0 with 38425 MB memory) -> physical GPU (device: 0, name: A100-SXM4-40GB, pci bus id: 0000:07:00.0, compute capability: 8.0)
2024-05-09 11:48:33.825258: I tensorflow/compiler/mlir/mlir_graph_optimization_pass.cc:176] None of the MLIR Optimization Passes are enabled (registered 2)
2024-05-09 11:48:33.842798: I tensorflow/core/platform/profile_utils/cpu_utils.cc:114] CPU Frequency: 2245740000 Hz
2024-05-09 11:48:34.833528: I tensorflow/stream_executor/platform/default/dso_loader.cc:53] Successfully opened dynamic library libcudnn.so.8
2024-05-09 11:48:35.549256: I tensorflow/stream_executor/cuda/cuda_dnn.cc:359] Loaded cuDNN version 8201
2024-05-09 11:48:36.294246: W tensorflow/stream_executor/gpu/asm_compiler.cc:191] Falling back to the CUDA driver for PTX compilation; ptxas does not support CC 8.0
2024-05-09 11:48:36.294280: W tensorflow/stream_executor/gpu/asm_compiler.cc:194] Used ptxas at ptxas
2024-05-09 11:48:36.294351: W tensorflow/stream_executor/gpu/redzone_allocator.cc:314] Unimplemented: ptxas ptxas too old. Falling back to the driver to compile.
Relying on driver to perform ptx compilation. 
Modify $PATH to customize ptxas location.
This message will be only logged once.
2024-05-09 11:48:36.461356: I tensorflow/stream_executor/platform/default/dso_loader.cc:53] Successfully opened dynamic library libcublas.so.11
2024-05-09 11:48:37.261070: I tensorflow/stream_executor/platform/default/dso_loader.cc:53] Successfully opened dynamic library libcublasLt.so.11
2024-05-09 11:48:41.594424: I tensorflow/stream_executor/cuda/cuda_blas.cc:1838] TensorFloat-32 will be used for the matrix multiplication. This will only be logged once.
