Wed 28 Feb 2024 10:51:42 AM EST
Python 3.9.7
nvcc: NVIDIA (R) Cuda compiler driver
Copyright (c) 2005-2019 NVIDIA Corporation
Built on Sun_Jul_28_19:07:16_PDT_2019
Cuda compilation tools, release 10.1, V10.1.243
My SLURM_ARRAY_TASK_ID: 
DB: ['ISIC2016', 'ISIC2019']
IMG_SIZE: [150, 150]
CLASSIFIER: VGG19
SELF_AUG: 1
JOB_INDEX: None
Combining...
Combining 1 db out of 2 dbs
Combining 2 db out of 2 dbs
Stacking training images
Stacking training labels
Stacking validation images
Stacking validation labels
Model: "sequential"
_________________________________________________________________
Layer (type)                 Output Shape              Param #   
=================================================================
vgg19 (Functional)           (None, 512)               20024384  
_________________________________________________________________
dense (Dense)                (None, 512)               262656    
_________________________________________________________________
dropout (Dropout)            (None, 512)               0         
_________________________________________________________________
batch_normalization (BatchNo (None, 512)               2048      
_________________________________________________________________
dense_1 (Dense)              (None, 256)               131328    
_________________________________________________________________
dropout_1 (Dropout)          (None, 256)               0         
_________________________________________________________________
batch_normalization_1 (Batch (None, 256)               1024      
_________________________________________________________________
dense_2 (Dense)              (None, 2)                 514       
=================================================================
Total params: 20,421,954
Trainable params: 396,034
Non-trainable params: 20,025,920
_________________________________________________________________
Fitting ISIC2016+ISIC2019_aug_VGG19_150h_150w_None model...
model_name: ISIC2016+ISIC2019_aug_VGG19_150h_150w_None
Epoch: 1 loss: 0.7642 accuracy: 0.6037 val_loss: 0.4784 val_accuracy: 0.8172
Epoch: 2 loss: 0.6835 accuracy: 0.6391 val_loss: 0.4836 val_accuracy: 0.8005
Epoch: 3 loss: 0.6469 accuracy: 0.6537 val_loss: 0.4925 val_accuracy: 0.7930
Epoch: 4 loss: 0.6234 accuracy: 0.6676 val_loss: 0.4922 val_accuracy: 0.8107
Epoch: 5 loss: 0.6016 accuracy: 0.6842 val_loss: 0.4549 val_accuracy: 0.8243
Epoch: 6 loss: 0.5943 accuracy: 0.6891 val_loss: 0.5984 val_accuracy: 0.6779
Epoch: 7 loss: 0.5731 accuracy: 0.7020 val_loss: 0.4635 val_accuracy: 0.8184
Epoch: 8 loss: 0.5587 accuracy: 0.7151 val_loss: 0.4468 val_accuracy: 0.8264
Epoch: 9 loss: 0.5508 accuracy: 0.7200 val_loss: 0.4946 val_accuracy: 0.7850
Epoch: 10 loss: 0.5455 accuracy: 0.7235 val_loss: 0.4466 val_accuracy: 0.8290
Epoch: 11 loss: 0.5415 accuracy: 0.7299 val_loss: 0.4233 val_accuracy: 0.8342
Epoch: 12 loss: 0.5353 accuracy: 0.7333 val_loss: 0.4331 val_accuracy: 0.8275
Epoch: 13 loss: 0.5338 accuracy: 0.7365 val_loss: 0.4480 val_accuracy: 0.8107
Epoch: 14 loss: 0.5322 accuracy: 0.7343 val_loss: 0.4418 val_accuracy: 0.8224
Epoch: 15 loss: 0.5283 accuracy: 0.7362 val_loss: 0.4392 val_accuracy: 0.8243
Epoch: 16 loss: 0.5259 accuracy: 0.7403 val_loss: 0.4648 val_accuracy: 0.8062
Epoch: 17 loss: 0.5244 accuracy: 0.7423 val_loss: 0.4409 val_accuracy: 0.8189
Epoch: 18 loss: 0.5230 accuracy: 0.7434 val_loss: 0.4706 val_accuracy: 0.7997
Epoch: 19 loss: 0.5221 accuracy: 0.7450 val_loss: 0.4365 val_accuracy: 0.8191
Epoch: 20 loss: 0.5196 accuracy: 0.7450 val_loss: 0.4504 val_accuracy: 0.8140
Job ended!
