Sat 02 Mar 2024 12:19:59 AM EST
Python 3.9.7
nvcc: NVIDIA (R) Cuda compiler driver
Copyright (c) 2005-2019 NVIDIA Corporation
Built on Sun_Jul_28_19:07:16_PDT_2019
Cuda compilation tools, release 10.1, V10.1.243
My SLURM_ARRAY_TASK_ID: 
DB: ['ISIC2016', 'PH2', '_7_point_criteria', 'PAD_UFES_20']
IMG_SIZE: [150, 150]
CLASSIFIER: VGG19
SELF_AUG: 1
JOB_INDEX: None
Combining...
Combining 1 db out of 4 dbs
Combining 2 db out of 4 dbs
Combining 3 db out of 4 dbs
Combining 4 db out of 4 dbs
Stacking training images
Stacking training labels
Stacking validation images
Stacking validation labels
Model: "sequential"
_________________________________________________________________
Layer (type)                 Output Shape              Param #   
=================================================================
vgg19 (Functional)           (None, 512)               20024384  
_________________________________________________________________
dense (Dense)                (None, 512)               262656    
_________________________________________________________________
dropout (Dropout)            (None, 512)               0         
_________________________________________________________________
batch_normalization (BatchNo (None, 512)               2048      
_________________________________________________________________
dense_1 (Dense)              (None, 256)               131328    
_________________________________________________________________
dropout_1 (Dropout)          (None, 256)               0         
_________________________________________________________________
batch_normalization_1 (Batch (None, 256)               1024      
_________________________________________________________________
dense_2 (Dense)              (None, 2)                 514       
=================================================================
Total params: 20,421,954
Trainable params: 396,034
Non-trainable params: 20,025,920
_________________________________________________________________
Fitting ISIC2016+PH2+_7_point_criteria+PAD_UFES_20_aug_VGG19_150h_150w_None model...
model_name: ISIC2016+PH2+_7_point_criteria+PAD_UFES_20_aug_VGG19_150h_150w_None
Epoch: 1 loss: 0.7960 accuracy: 0.6187 val_loss: 0.4706 val_accuracy: 0.7912
Epoch: 2 loss: 0.6058 accuracy: 0.7152 val_loss: 0.3963 val_accuracy: 0.8387
Epoch: 3 loss: 0.5063 accuracy: 0.7632 val_loss: 0.3507 val_accuracy: 0.8731
Epoch: 4 loss: 0.4571 accuracy: 0.7849 val_loss: 0.3281 val_accuracy: 0.8766
Epoch: 5 loss: 0.4085 accuracy: 0.8169 val_loss: 0.3076 val_accuracy: 0.8944
Epoch: 6 loss: 0.3816 accuracy: 0.8334 val_loss: 0.3135 val_accuracy: 0.8837
Epoch: 7 loss: 0.3534 accuracy: 0.8425 val_loss: 0.2926 val_accuracy: 0.8885
Epoch: 8 loss: 0.3259 accuracy: 0.8566 val_loss: 0.3056 val_accuracy: 0.8885
Epoch: 9 loss: 0.3161 accuracy: 0.8598 val_loss: 0.3022 val_accuracy: 0.8849
Epoch: 10 loss: 0.2963 accuracy: 0.8696 val_loss: 0.3013 val_accuracy: 0.8849
Epoch: 11 loss: 0.2712 accuracy: 0.8809 val_loss: 0.2893 val_accuracy: 0.8837
Epoch: 12 loss: 0.2632 accuracy: 0.8790 val_loss: 0.3055 val_accuracy: 0.8885
Epoch: 13 loss: 0.2509 accuracy: 0.8933 val_loss: 0.3014 val_accuracy: 0.8826
Epoch: 14 loss: 0.2469 accuracy: 0.8957 val_loss: 0.2919 val_accuracy: 0.8861
Epoch: 15 loss: 0.2294 accuracy: 0.8987 val_loss: 0.3009 val_accuracy: 0.8968
Epoch: 16 loss: 0.2216 accuracy: 0.9048 val_loss: 0.3047 val_accuracy: 0.8921
Epoch: 17 loss: 0.2075 accuracy: 0.9142 val_loss: 0.3132 val_accuracy: 0.8802
Epoch: 18 loss: 0.2025 accuracy: 0.9110 val_loss: 0.3203 val_accuracy: 0.8873
Epoch: 19 loss: 0.1866 accuracy: 0.9206 val_loss: 0.3052 val_accuracy: 0.8897
Epoch: 20 loss: 0.1750 accuracy: 0.9281 val_loss: 0.3074 val_accuracy: 0.8944
Job ended!
