DB: ['MEDNODE']
CLASSIFIER: VGG19
JOB_INDEX: None
Start training MEDNODE_VGG19
Combining...
Combining 1th db out of 1 dbs
Stacking data
Combining complete
Epoch 0/29
----------
Train Loss: 0.7393 Acc: 0.4853
Val Loss: 0.7073 Acc: 0.3529

Epoch 1/29
----------
Train Loss: 0.6649 Acc: 0.5000
Val Loss: 0.6755 Acc: 0.5882

Epoch 2/29
----------
Train Loss: 0.5731 Acc: 0.6324
Val Loss: 0.6061 Acc: 0.7059

Epoch 3/29
----------
Train Loss: 0.6093 Acc: 0.5735
Val Loss: 0.5808 Acc: 0.7353

Epoch 4/29
----------
Train Loss: 0.5400 Acc: 0.6544
Val Loss: 0.5276 Acc: 0.7647

Epoch 5/29
----------
Train Loss: 0.4932 Acc: 0.6838
Val Loss: 0.4969 Acc: 0.7941

Epoch 6/29
----------
Train Loss: 0.4655 Acc: 0.7279
Val Loss: 0.4921 Acc: 0.7941

Epoch 7/29
----------
Train Loss: 0.4316 Acc: 0.6985
Val Loss: 0.4792 Acc: 0.7941

Epoch 8/29
----------
Train Loss: 0.3001 Acc: 0.8235
Val Loss: 0.4634 Acc: 0.8529

Epoch 9/29
----------
Train Loss: 0.3954 Acc: 0.7868
Val Loss: 0.4452 Acc: 0.8235

Epoch 10/29
----------
Train Loss: 0.3853 Acc: 0.7794
Val Loss: 0.4360 Acc: 0.8235

Epoch 11/29
----------
Train Loss: 0.3507 Acc: 0.7868
Val Loss: 0.4388 Acc: 0.8529

Epoch 12/29
----------
Train Loss: 0.5237 Acc: 0.6838
Val Loss: 0.4545 Acc: 0.8235

Epoch 13/29
----------
Train Loss: 0.3136 Acc: 0.8088
Val Loss: 0.4799 Acc: 0.8235

Epoch 14/29
----------
Train Loss: 0.4181 Acc: 0.7279
Val Loss: 0.4793 Acc: 0.8235

Epoch 15/29
----------
Train Loss: 0.3975 Acc: 0.7941
Val Loss: 0.4749 Acc: 0.8235

Epoch 16/29
----------
Train Loss: 0.3489 Acc: 0.8015
Val Loss: 0.4721 Acc: 0.8235

Epoch 17/29
----------
Train Loss: 0.4269 Acc: 0.7500
Val Loss: 0.4681 Acc: 0.8235

Epoch 18/29
----------
Train Loss: 0.3520 Acc: 0.8162
Val Loss: 0.4646 Acc: 0.8235

Epoch 19/29
----------
Train Loss: 0.3599 Acc: 0.7868
Val Loss: 0.4617 Acc: 0.8235

Epoch 20/29
----------
Train Loss: 0.3987 Acc: 0.7500
Val Loss: 0.4577 Acc: 0.8529

Epoch 21/29
----------
Train Loss: 0.3898 Acc: 0.7941
Val Loss: 0.4573 Acc: 0.8529

Epoch 22/29
----------
Train Loss: 0.3790 Acc: 0.7868
Val Loss: 0.4569 Acc: 0.8529

Epoch 23/29
----------
Train Loss: 0.3204 Acc: 0.7794
Val Loss: 0.4565 Acc: 0.8529

Epoch 24/29
----------
Train Loss: 0.4454 Acc: 0.7941
Val Loss: 0.4560 Acc: 0.8529

Epoch 25/29
----------
Train Loss: 0.3702 Acc: 0.7941
Val Loss: 0.4554 Acc: 0.8529

Epoch 26/29
----------
Train Loss: 0.3814 Acc: 0.7574
Val Loss: 0.4550 Acc: 0.8529

Epoch 27/29
----------
Train Loss: 0.4174 Acc: 0.7426
Val Loss: 0.4546 Acc: 0.8529

Epoch 28/29
----------
Train Loss: 0.3890 Acc: 0.7647
Val Loss: 0.4545 Acc: 0.8529

Epoch 29/29
----------
Train Loss: 0.3549 Acc: 0.8015
Val Loss: 0.4545 Acc: 0.8529

Training complete in 2m 32s
Best val Acc: 0.852941
Finished training MEDNODE_VGG19
