Wed 08 May 2024 03:06:31 AM EDT
Python 3.9.7
nvcc: NVIDIA (R) Cuda compiler driver
Copyright (c) 2005-2019 NVIDIA Corporation
Built on Sun_Jul_28_19:07:16_PDT_2019
Cuda compilation tools, release 10.1, V10.1.243
My SLURM_ARRAY_TASK_ID: 
DB: ['_7_point_criteria']
IMG_SIZE: [384, 384]
CLASSIFIER: EfficientNetB7
JOB_INDEX: None
Start training augmented images
Combining...
Combining 1th db out of 1 dbs
Stacking data
Combining complete
Model: "sequential"
_________________________________________________________________
Layer (type)                 Output Shape              Param #   
=================================================================
efficientnetb7 (Functional)  (None, 2560)              64097687  
_________________________________________________________________
dense (Dense)                (None, 512)               1311232   
_________________________________________________________________
dropout (Dropout)            (None, 512)               0         
_________________________________________________________________
batch_normalization (BatchNo (None, 512)               2048      
_________________________________________________________________
dense_1 (Dense)              (None, 256)               131328    
_________________________________________________________________
batch_normalization_1 (Batch (None, 256)               1024      
_________________________________________________________________
dense_2 (Dense)              (None, 2)                 514       
=================================================================
Total params: 65,543,833
Trainable params: 1,444,610
Non-trainable params: 64,099,223
_________________________________________________________________
Fitting _7_point_criteria_aug_EfficientNetB7_384h_384w_None model...
model_name: _7_point_criteria_aug_EfficientNetB7_384h_384w_None
Epoch: 1 loss: 1.6101 accuracy: 0.4878 val_loss: 1.2788 val_accuracy: 0.6995
Epoch: 2 loss: 1.5365 accuracy: 0.5139 val_loss: 1.2697 val_accuracy: 0.6995
Epoch: 3 loss: 1.5933 accuracy: 0.4861 val_loss: 1.2720 val_accuracy: 0.3005
Epoch: 4 loss: 1.4619 accuracy: 0.5226 val_loss: 1.2737 val_accuracy: 0.3005
Epoch: 5 loss: 1.5133 accuracy: 0.4670 val_loss: 1.2662 val_accuracy: 0.3005
Epoch: 6 loss: 1.5387 accuracy: 0.4670 val_loss: 1.2724 val_accuracy: 0.3005
Epoch: 7 loss: 1.4163 accuracy: 0.4913 val_loss: 1.2847 val_accuracy: 0.3005
Epoch: 8 loss: 1.4185 accuracy: 0.4983 val_loss: 1.2821 val_accuracy: 0.3005
Epoch: 9 loss: 1.3700 accuracy: 0.5260 val_loss: 1.2783 val_accuracy: 0.3005
Epoch: 10 loss: 1.4130 accuracy: 0.5035 val_loss: 1.2656 val_accuracy: 0.3005
Epoch: 11 loss: 1.3437 accuracy: 0.5208 val_loss: 1.2509 val_accuracy: 0.3005
Epoch: 12 loss: 1.3872 accuracy: 0.5104 val_loss: 1.2613 val_accuracy: 0.3005
Epoch: 13 loss: 1.3317 accuracy: 0.5417 val_loss: 1.2762 val_accuracy: 0.3005
Epoch: 14 loss: 1.2919 accuracy: 0.5451 val_loss: 1.2775 val_accuracy: 0.3005
Epoch: 15 loss: 1.2764 accuracy: 0.5260 val_loss: 1.2647 val_accuracy: 0.3005
Epoch: 16 loss: 1.3052 accuracy: 0.5191 val_loss: 1.2520 val_accuracy: 0.3005

Epoch 00016: ReduceLROnPlateau reducing learning rate to 7.999999797903001e-05.
Epoch: 17 loss: 1.2612 accuracy: 0.5694 val_loss: 1.2528 val_accuracy: 0.3005
Epoch: 18 loss: 1.3095 accuracy: 0.5191 val_loss: 1.2478 val_accuracy: 0.3005
Epoch: 19 loss: 1.2749 accuracy: 0.5122 val_loss: 1.2294 val_accuracy: 0.3005
Epoch: 20 loss: 1.2969 accuracy: 0.5226 val_loss: 1.2313 val_accuracy: 0.3005
Epoch: 21 loss: 1.2380 accuracy: 0.5590 val_loss: 1.2493 val_accuracy: 0.3005
Epoch: 22 loss: 1.3025 accuracy: 0.4931 val_loss: 1.2179 val_accuracy: 0.3005
Epoch: 23 loss: 1.2706 accuracy: 0.5330 val_loss: 1.2223 val_accuracy: 0.3005
Epoch: 24 loss: 1.2415 accuracy: 0.5486 val_loss: 1.2247 val_accuracy: 0.3005
Epoch: 25 loss: 1.2568 accuracy: 0.5434 val_loss: 1.2172 val_accuracy: 0.3005
Epoch: 26 loss: 1.2076 accuracy: 0.5747 val_loss: 1.2193 val_accuracy: 0.3005
Epoch: 27 loss: 1.2265 accuracy: 0.5642 val_loss: 1.2401 val_accuracy: 0.3005
Epoch: 28 loss: 1.2025 accuracy: 0.5521 val_loss: 1.2376 val_accuracy: 0.3005
Epoch: 29 loss: 1.2308 accuracy: 0.5347 val_loss: 1.2221 val_accuracy: 0.3005
Epoch: 30 loss: 1.2532 accuracy: 0.5191 val_loss: 1.2093 val_accuracy: 0.3005
Epoch: 31 loss: 1.2162 accuracy: 0.5521 val_loss: 1.1912 val_accuracy: 0.3005
Epoch: 32 loss: 1.2026 accuracy: 0.5503 val_loss: 1.1789 val_accuracy: 0.3005
Epoch: 33 loss: 1.2197 accuracy: 0.5417 val_loss: 1.1717 val_accuracy: 0.3005
Epoch: 34 loss: 1.2158 accuracy: 0.5312 val_loss: 1.1468 val_accuracy: 0.6995
Epoch: 35 loss: 1.2398 accuracy: 0.5295 val_loss: 1.1333 val_accuracy: 0.6995
Epoch: 36 loss: 1.2170 accuracy: 0.5347 val_loss: 1.1306 val_accuracy: 0.6995
Epoch: 37 loss: 1.1805 accuracy: 0.5660 val_loss: 1.1368 val_accuracy: 0.6995
Epoch: 38 loss: 1.1895 accuracy: 0.5382 val_loss: 1.1164 val_accuracy: 0.6995
Epoch: 39 loss: 1.1909 accuracy: 0.5486 val_loss: 1.1110 val_accuracy: 0.6995
Epoch: 40 loss: 1.2050 accuracy: 0.5295 val_loss: 1.1396 val_accuracy: 0.6995
Epoch: 41 loss: 1.1954 accuracy: 0.5365 val_loss: 1.1419 val_accuracy: 0.6995
Epoch: 42 loss: 1.1855 accuracy: 0.5556 val_loss: 1.1332 val_accuracy: 0.6995
Epoch: 43 loss: 1.1946 accuracy: 0.5330 val_loss: 1.2077 val_accuracy: 0.3005
Epoch: 44 loss: 1.1758 accuracy: 0.5625 val_loss: 1.2308 val_accuracy: 0.3005

Epoch 00044: ReduceLROnPlateau reducing learning rate to 6.399999838322402e-05.
Epoch: 45 loss: 1.1648 accuracy: 0.5590 val_loss: 1.1655 val_accuracy: 0.3005
Epoch: 46 loss: 1.1725 accuracy: 0.5417 val_loss: 1.1514 val_accuracy: 0.3054
Epoch: 47 loss: 1.1823 accuracy: 0.5521 val_loss: 1.1731 val_accuracy: 0.3005
Epoch: 48 loss: 1.1392 accuracy: 0.5781 val_loss: 1.2012 val_accuracy: 0.3005
Epoch: 49 loss: 1.1652 accuracy: 0.5781 val_loss: 1.1941 val_accuracy: 0.3005

Epoch 00049: ReduceLROnPlateau reducing learning rate to 5.119999987073243e-05.
End of augmented training
Finish
Job ended!
