Wed 08 May 2024 07:35:14 PM EDT
Python 3.9.7
nvcc: NVIDIA (R) Cuda compiler driver
Copyright (c) 2005-2019 NVIDIA Corporation
Built on Sun_Jul_28_19:07:16_PDT_2019
Cuda compilation tools, release 10.1, V10.1.243
My SLURM_ARRAY_TASK_ID: 
DB: ['ISIC2020']
IMG_SIZE: [384, 384]
CLASSIFIER: EfficientNetB7
JOB_INDEX: None
Start training augmented images
Combining...
Combining 1th db out of 1 dbs
Stacking data
Combining complete
Model: "sequential"
_________________________________________________________________
Layer (type)                 Output Shape              Param #   
=================================================================
efficientnetb7 (Functional)  (None, 2560)              64097687  
_________________________________________________________________
dense (Dense)                (None, 512)               1311232   
_________________________________________________________________
dropout (Dropout)            (None, 512)               0         
_________________________________________________________________
batch_normalization (BatchNo (None, 512)               2048      
_________________________________________________________________
dense_1 (Dense)              (None, 256)               131328    
_________________________________________________________________
batch_normalization_1 (Batch (None, 256)               1024      
_________________________________________________________________
dense_2 (Dense)              (None, 2)                 514       
=================================================================
Total params: 65,543,833
Trainable params: 1,444,610
Non-trainable params: 64,099,223
_________________________________________________________________
Fitting ISIC2020_aug_EfficientNetB7_384h_384w_None model...
model_name: ISIC2020_aug_EfficientNetB7_384h_384w_None
Epoch: 1 loss: 1.0861 accuracy: 0.6894 val_loss: 0.6461 val_accuracy: 0.9817
Epoch: 2 loss: 0.8720 accuracy: 0.8065 val_loss: 0.5503 val_accuracy: 0.9817
Epoch: 3 loss: 0.8088 accuracy: 0.8096 val_loss: 0.5903 val_accuracy: 0.9817
Epoch: 4 loss: 0.7591 accuracy: 0.8104 val_loss: 0.5188 val_accuracy: 0.9817
Epoch: 5 loss: 0.7096 accuracy: 0.8138 val_loss: 0.3897 val_accuracy: 0.9817
Epoch: 6 loss: 0.6639 accuracy: 0.8176 val_loss: 0.3417 val_accuracy: 0.9817
Epoch: 7 loss: 0.6343 accuracy: 0.8141 val_loss: 0.3350 val_accuracy: 0.9817
Epoch: 8 loss: 0.6040 accuracy: 0.8146 val_loss: 0.3546 val_accuracy: 0.9817
Epoch: 9 loss: 0.5787 accuracy: 0.8154 val_loss: 0.3166 val_accuracy: 0.9817
Epoch: 10 loss: 0.5671 accuracy: 0.8107 val_loss: 0.3181 val_accuracy: 0.9817
Epoch: 11 loss: 0.5551 accuracy: 0.8094 val_loss: 0.2238 val_accuracy: 0.9817
Epoch: 12 loss: 0.5408 accuracy: 0.8116 val_loss: 0.2760 val_accuracy: 0.9817
Epoch: 13 loss: 0.5285 accuracy: 0.8136 val_loss: 0.3184 val_accuracy: 0.9817
Epoch: 14 loss: 0.5247 accuracy: 0.8118 val_loss: 0.2704 val_accuracy: 0.9817
Epoch: 15 loss: 0.5194 accuracy: 0.8128 val_loss: 0.2928 val_accuracy: 0.9817
Epoch: 16 loss: 0.5137 accuracy: 0.8127 val_loss: 0.1953 val_accuracy: 0.9817
Epoch: 17 loss: 0.5126 accuracy: 0.8116 val_loss: 0.3106 val_accuracy: 0.9817
Epoch: 18 loss: 0.5049 accuracy: 0.8144 val_loss: 0.1700 val_accuracy: 0.9817
Epoch: 19 loss: 0.5027 accuracy: 0.8144 val_loss: 0.1781 val_accuracy: 0.9817
Epoch: 20 loss: 0.5058 accuracy: 0.8109 val_loss: 0.2906 val_accuracy: 0.9817
Epoch: 21 loss: 0.4999 accuracy: 0.8134 val_loss: 0.2297 val_accuracy: 0.9817
Epoch: 22 loss: 0.5003 accuracy: 0.8119 val_loss: 0.2274 val_accuracy: 0.9817
Epoch: 23 loss: 0.4985 accuracy: 0.8119 val_loss: 0.2393 val_accuracy: 0.9817

Epoch 00023: ReduceLROnPlateau reducing learning rate to 7.999999797903001e-05.
Epoch: 24 loss: 0.4997 accuracy: 0.8096 val_loss: 0.2196 val_accuracy: 0.9817
Epoch: 25 loss: 0.4959 accuracy: 0.8117 val_loss: 0.2431 val_accuracy: 0.9817
Epoch: 26 loss: 0.4960 accuracy: 0.8110 val_loss: 0.2272 val_accuracy: 0.9817
Epoch: 27 loss: 0.4872 accuracy: 0.8169 val_loss: 0.2368 val_accuracy: 0.9817
Epoch: 28 loss: 0.4946 accuracy: 0.8116 val_loss: 0.2195 val_accuracy: 0.9817

Epoch 00028: ReduceLROnPlateau reducing learning rate to 6.399999838322402e-05.
End of augmented training
Finish
Job ended!
