Tue 27 Feb 2024 05:19:40 PM EST
Python 3.9.7
nvcc: NVIDIA (R) Cuda compiler driver
Copyright (c) 2005-2019 NVIDIA Corporation
Built on Sun_Jul_28_19:07:16_PDT_2019
Cuda compilation tools, release 10.1, V10.1.243
My SLURM_ARRAY_TASK_ID: 
DB: ['ISIC2016', '_7_point_criteria']
IMG_SIZE: [150, 150]
CLASSIFIER: EfficientNetB7
SELF_AUG: 1
JOB_INDEX: None
Combining...
Combining 1 db out of 2 dbs
Combining 2 db out of 2 dbs
Stacking training images
Stacking training labels
Stacking validation images
Stacking validation labels
Model: "sequential"
_________________________________________________________________
Layer (type)                 Output Shape              Param #   
=================================================================
efficientnetb7 (Functional)  (None, 2560)              64097687  
_________________________________________________________________
dense (Dense)                (None, 512)               1311232   
_________________________________________________________________
dropout (Dropout)            (None, 512)               0         
_________________________________________________________________
batch_normalization (BatchNo (None, 512)               2048      
_________________________________________________________________
dense_1 (Dense)              (None, 256)               131328    
_________________________________________________________________
dropout_1 (Dropout)          (None, 256)               0         
_________________________________________________________________
batch_normalization_1 (Batch (None, 256)               1024      
_________________________________________________________________
dense_2 (Dense)              (None, 2)                 514       
=================================================================
Total params: 65,543,833
Trainable params: 1,444,610
Non-trainable params: 64,099,223
_________________________________________________________________
Fitting ISIC2016+_7_point_criteria_aug_EfficientNetB7_150h_150w_None model...
model_name: ISIC2016+_7_point_criteria_aug_EfficientNetB7_150h_150w_None
Epoch: 1 loss: 0.6909 accuracy: 0.5342 val_loss: 0.6680 val_accuracy: 0.7467
Epoch: 2 loss: 0.6808 accuracy: 0.5711 val_loss: 0.6482 val_accuracy: 0.7467
Epoch: 3 loss: 0.6765 accuracy: 0.5817 val_loss: 0.6364 val_accuracy: 0.7467
Epoch: 4 loss: 0.6692 accuracy: 0.6053 val_loss: 0.6242 val_accuracy: 0.7467
Epoch: 5 loss: 0.6686 accuracy: 0.6030 val_loss: 0.6165 val_accuracy: 0.7467
Epoch: 6 loss: 0.6655 accuracy: 0.6176 val_loss: 0.6115 val_accuracy: 0.7467
Epoch: 7 loss: 0.6649 accuracy: 0.6058 val_loss: 0.6123 val_accuracy: 0.7467
Epoch: 8 loss: 0.6586 accuracy: 0.6237 val_loss: 0.6064 val_accuracy: 0.7467
Epoch: 9 loss: 0.6615 accuracy: 0.6176 val_loss: 0.5985 val_accuracy: 0.7467
Epoch: 10 loss: 0.6616 accuracy: 0.6148 val_loss: 0.6061 val_accuracy: 0.7467
Epoch: 11 loss: 0.6593 accuracy: 0.6159 val_loss: 0.6000 val_accuracy: 0.7467
Epoch: 12 loss: 0.6572 accuracy: 0.6181 val_loss: 0.6100 val_accuracy: 0.7467
Epoch: 13 loss: 0.6641 accuracy: 0.6153 val_loss: 0.6066 val_accuracy: 0.7467
Epoch: 14 loss: 0.6585 accuracy: 0.6153 val_loss: 0.6037 val_accuracy: 0.7467
Epoch: 15 loss: 0.6557 accuracy: 0.6189 val_loss: 0.6031 val_accuracy: 0.7467
Epoch: 16 loss: 0.6555 accuracy: 0.6277 val_loss: 0.5594 val_accuracy: 0.7467
Epoch: 17 loss: 0.6569 accuracy: 0.6209 val_loss: 0.5980 val_accuracy: 0.7467
Epoch: 18 loss: 0.6601 accuracy: 0.6165 val_loss: 0.5706 val_accuracy: 0.7467
Epoch: 19 loss: 0.6537 accuracy: 0.6310 val_loss: 0.5812 val_accuracy: 0.7467
Epoch: 20 loss: 0.6557 accuracy: 0.6148 val_loss: 0.5571 val_accuracy: 0.7467
Job ended!
