Tue 27 Feb 2024 07:30:19 PM EST
Python 3.9.7
nvcc: NVIDIA (R) Cuda compiler driver
Copyright (c) 2005-2019 NVIDIA Corporation
Built on Sun_Jul_28_19:07:16_PDT_2019
Cuda compilation tools, release 10.1, V10.1.243
My SLURM_ARRAY_TASK_ID: 
DB: ['ISIC2016', 'ISIC2017', 'ISIC2018', 'PAD_UFES_20', 'MEDNODE']
IMG_SIZE: [150, 150]
CLASSIFIER: EfficientNetB7
SELF_AUG: 1
JOB_INDEX: None
Combining...
Combining 1 db out of 5 dbs
Combining 2 db out of 5 dbs
Combining 3 db out of 5 dbs
Combining 4 db out of 5 dbs
Combining 5 db out of 5 dbs
Stacking training images
Stacking training labels
Stacking validation images
Stacking validation labels
Model: "sequential"
_________________________________________________________________
Layer (type)                 Output Shape              Param #   
=================================================================
efficientnetb7 (Functional)  (None, 2560)              64097687  
_________________________________________________________________
dense (Dense)                (None, 512)               1311232   
_________________________________________________________________
dropout (Dropout)            (None, 512)               0         
_________________________________________________________________
batch_normalization (BatchNo (None, 512)               2048      
_________________________________________________________________
dense_1 (Dense)              (None, 256)               131328    
_________________________________________________________________
dropout_1 (Dropout)          (None, 256)               0         
_________________________________________________________________
batch_normalization_1 (Batch (None, 256)               1024      
_________________________________________________________________
dense_2 (Dense)              (None, 2)                 514       
=================================================================
Total params: 65,543,833
Trainable params: 1,444,610
Non-trainable params: 64,099,223
_________________________________________________________________
Fitting ISIC2016+ISIC2017+ISIC2018+PAD_UFES_20+MEDNODE_aug_EfficientNetB7_150h_150w_None model...
model_name: ISIC2016+ISIC2017+ISIC2018+PAD_UFES_20+MEDNODE_aug_EfficientNetB7_150h_150w_None
Epoch: 1 loss: 0.6146 accuracy: 0.6931 val_loss: 0.4659 val_accuracy: 0.8918
Epoch: 2 loss: 0.5912 accuracy: 0.7188 val_loss: 0.4069 val_accuracy: 0.8918
Epoch: 3 loss: 0.5885 accuracy: 0.7188 val_loss: 0.4037 val_accuracy: 0.8918
Epoch: 4 loss: 0.5872 accuracy: 0.7189 val_loss: 0.4342 val_accuracy: 0.8918
Epoch: 5 loss: 0.5848 accuracy: 0.7201 val_loss: 0.4275 val_accuracy: 0.8918
Epoch: 6 loss: 0.5844 accuracy: 0.7208 val_loss: 0.4343 val_accuracy: 0.8918
Epoch: 7 loss: 0.5832 accuracy: 0.7214 val_loss: 0.4257 val_accuracy: 0.8918
Epoch: 8 loss: 0.5818 accuracy: 0.7228 val_loss: 0.4130 val_accuracy: 0.8918
Epoch: 9 loss: 0.5819 accuracy: 0.7216 val_loss: 0.3982 val_accuracy: 0.8918
Epoch: 10 loss: 0.5781 accuracy: 0.7222 val_loss: 0.4097 val_accuracy: 0.8918
Epoch: 11 loss: 0.5786 accuracy: 0.7239 val_loss: 0.4253 val_accuracy: 0.8928
Epoch: 12 loss: 0.5787 accuracy: 0.7249 val_loss: 0.4332 val_accuracy: 0.8918
Epoch: 13 loss: 0.5800 accuracy: 0.7222 val_loss: 0.4782 val_accuracy: 0.8918
Epoch: 14 loss: 0.5778 accuracy: 0.7239 val_loss: 0.4305 val_accuracy: 0.8918
Epoch: 15 loss: 0.5769 accuracy: 0.7229 val_loss: 0.4250 val_accuracy: 0.8928
Epoch: 16 loss: 0.5769 accuracy: 0.7259 val_loss: 0.4535 val_accuracy: 0.8918
Epoch: 17 loss: 0.5760 accuracy: 0.7235 val_loss: 0.4399 val_accuracy: 0.8909
Epoch: 18 loss: 0.5761 accuracy: 0.7249 val_loss: 0.4779 val_accuracy: 0.8830
Epoch: 19 loss: 0.5754 accuracy: 0.7254 val_loss: 0.4765 val_accuracy: 0.8663
Epoch: 20 loss: 0.5748 accuracy: 0.7261 val_loss: 0.4326 val_accuracy: 0.8928
Job ended!
