Fri 01 Mar 2024 02:10:05 PM EST
Python 3.9.7
nvcc: NVIDIA (R) Cuda compiler driver
Copyright (c) 2005-2019 NVIDIA Corporation
Built on Sun_Jul_28_19:07:16_PDT_2019
Cuda compilation tools, release 10.1, V10.1.243
My SLURM_ARRAY_TASK_ID: 
DB: ['ISIC2016', 'ISIC2017', 'ISIC2018', 'ISIC2019', 'ISIC2020', 'PH2', '_7_point_criteria', 'PAD_UFES_20', 'MEDNODE', 'KaggleMB']
IMG_SIZE: [150, 150]
CLASSIFIER: EfficientNetB7
SELF_AUG: 1
JOB_INDEX: None
Combining...
Combining 1 db out of 10 dbs
Combining 2 db out of 10 dbs
Combining 3 db out of 10 dbs
Combining 4 db out of 10 dbs
Combining 5 db out of 10 dbs
Combining 6 db out of 10 dbs
Combining 7 db out of 10 dbs
Combining 8 db out of 10 dbs
Combining 9 db out of 10 dbs
Combining 10 db out of 10 dbs
Stacking training images
Stacking training labels
Stacking validation images
Stacking validation labels
Model: "sequential"
_________________________________________________________________
Layer (type)                 Output Shape              Param #   
=================================================================
efficientnetb7 (Functional)  (None, 2560)              64097687  
_________________________________________________________________
dense (Dense)                (None, 512)               1311232   
_________________________________________________________________
dropout (Dropout)            (None, 512)               0         
_________________________________________________________________
batch_normalization (BatchNo (None, 512)               2048      
_________________________________________________________________
dense_1 (Dense)              (None, 256)               131328    
_________________________________________________________________
dropout_1 (Dropout)          (None, 256)               0         
_________________________________________________________________
batch_normalization_1 (Batch (None, 256)               1024      
_________________________________________________________________
dense_2 (Dense)              (None, 2)                 514       
=================================================================
Total params: 65,543,833
Trainable params: 1,444,610
Non-trainable params: 64,099,223
_________________________________________________________________
Fitting ISIC2016+ISIC2017+ISIC2018+ISIC2019+ISIC2020+PH2+_7_point_criteria+PAD_UFES_20+MEDNODE+KaggleMB_aug_EfficientNetB7_150h_150w_None model...
model_name: ISIC2016+ISIC2017+ISIC2018+ISIC2019+ISIC2020+PH2+_7_point_criteria+PAD_UFES_20+MEDNODE+KaggleMB_aug_EfficientNetB7_150h_150w_None
Epoch: 1 loss: 0.4977 accuracy: 0.7693 val_loss: 0.2269 val_accuracy: 0.9109
Epoch: 2 loss: 0.4186 accuracy: 0.7985 val_loss: 0.2214 val_accuracy: 0.9141
Epoch: 3 loss: 0.3965 accuracy: 0.8095 val_loss: 0.2167 val_accuracy: 0.9166
Epoch: 4 loss: 0.3858 accuracy: 0.8160 val_loss: 0.2190 val_accuracy: 0.9171
Epoch: 5 loss: 0.3768 accuracy: 0.8222 val_loss: 0.2156 val_accuracy: 0.9144
Epoch: 6 loss: 0.3740 accuracy: 0.8224 val_loss: 0.2130 val_accuracy: 0.9173
Epoch: 7 loss: 0.3689 accuracy: 0.8249 val_loss: 0.2073 val_accuracy: 0.9191
Epoch: 8 loss: 0.3660 accuracy: 0.8274 val_loss: 0.2017 val_accuracy: 0.9208
Epoch: 9 loss: 0.3609 accuracy: 0.8295 val_loss: 0.2049 val_accuracy: 0.9223
Epoch: 10 loss: 0.3576 accuracy: 0.8313 val_loss: 0.1984 val_accuracy: 0.9223
Epoch: 11 loss: 0.3562 accuracy: 0.8328 val_loss: 0.2078 val_accuracy: 0.9206
Epoch: 12 loss: 0.3530 accuracy: 0.8338 val_loss: 0.1990 val_accuracy: 0.9244
Epoch: 13 loss: 0.3511 accuracy: 0.8352 val_loss: 0.1969 val_accuracy: 0.9259
Epoch: 14 loss: 0.3483 accuracy: 0.8354 val_loss: 0.1965 val_accuracy: 0.9249
Epoch: 15 loss: 0.3466 accuracy: 0.8385 val_loss: 0.2007 val_accuracy: 0.9238
Epoch: 16 loss: 0.3439 accuracy: 0.8389 val_loss: 0.1953 val_accuracy: 0.9251
Epoch: 17 loss: 0.3419 accuracy: 0.8397 val_loss: 0.2012 val_accuracy: 0.9233
Epoch: 18 loss: 0.3401 accuracy: 0.8405 val_loss: 0.1926 val_accuracy: 0.9265
Epoch: 19 loss: 0.3384 accuracy: 0.8414 val_loss: 0.1958 val_accuracy: 0.9234
Epoch: 20 loss: 0.3368 accuracy: 0.8434 val_loss: 0.1951 val_accuracy: 0.9243
Job ended!
