Tue 27 Feb 2024 08:10:57 PM EST
Python 3.9.7
nvcc: NVIDIA (R) Cuda compiler driver
Copyright (c) 2005-2019 NVIDIA Corporation
Built on Sun_Jul_28_19:07:16_PDT_2019
Cuda compilation tools, release 10.1, V10.1.243
My SLURM_ARRAY_TASK_ID: 
DB: ['ISIC2016', 'PAD_UFES_20', 'MEDNODE']
IMG_SIZE: [150, 150]
CLASSIFIER: EfficientNetB7
SELF_AUG: 1
JOB_INDEX: None
Combining...
Combining 1 db out of 3 dbs
Combining 2 db out of 3 dbs
Combining 3 db out of 3 dbs
Stacking training images
Stacking training labels
Stacking validation images
Stacking validation labels
Model: "sequential"
_________________________________________________________________
Layer (type)                 Output Shape              Param #   
=================================================================
efficientnetb7 (Functional)  (None, 2560)              64097687  
_________________________________________________________________
dense (Dense)                (None, 512)               1311232   
_________________________________________________________________
dropout (Dropout)            (None, 512)               0         
_________________________________________________________________
batch_normalization (BatchNo (None, 512)               2048      
_________________________________________________________________
dense_1 (Dense)              (None, 256)               131328    
_________________________________________________________________
dropout_1 (Dropout)          (None, 256)               0         
_________________________________________________________________
batch_normalization_1 (Batch (None, 256)               1024      
_________________________________________________________________
dense_2 (Dense)              (None, 2)                 514       
=================================================================
Total params: 65,543,833
Trainable params: 1,444,610
Non-trainable params: 64,099,223
_________________________________________________________________
Fitting ISIC2016+PAD_UFES_20+MEDNODE_aug_EfficientNetB7_150h_150w_None model...
model_name: ISIC2016+PAD_UFES_20+MEDNODE_aug_EfficientNetB7_150h_150w_None
Epoch: 1 loss: 0.6616 accuracy: 0.6097 val_loss: 0.5670 val_accuracy: 0.9125
Epoch: 2 loss: 0.6125 accuracy: 0.7320 val_loss: 0.4933 val_accuracy: 0.9125
Epoch: 3 loss: 0.5857 accuracy: 0.7418 val_loss: 0.4374 val_accuracy: 0.9125
Epoch: 4 loss: 0.5730 accuracy: 0.7441 val_loss: 0.4181 val_accuracy: 0.9125
Epoch: 5 loss: 0.5717 accuracy: 0.7441 val_loss: 0.4114 val_accuracy: 0.9125
Epoch: 6 loss: 0.5696 accuracy: 0.7441 val_loss: 0.4019 val_accuracy: 0.9125
Epoch: 7 loss: 0.5726 accuracy: 0.7428 val_loss: 0.4042 val_accuracy: 0.9125
Epoch: 8 loss: 0.5700 accuracy: 0.7428 val_loss: 0.4114 val_accuracy: 0.9125
Epoch: 9 loss: 0.5692 accuracy: 0.7443 val_loss: 0.3979 val_accuracy: 0.9125
Epoch: 10 loss: 0.5704 accuracy: 0.7433 val_loss: 0.4097 val_accuracy: 0.9125
Epoch: 11 loss: 0.5701 accuracy: 0.7436 val_loss: 0.3977 val_accuracy: 0.9125
Epoch: 12 loss: 0.5695 accuracy: 0.7436 val_loss: 0.3847 val_accuracy: 0.9125
Epoch: 13 loss: 0.5700 accuracy: 0.7436 val_loss: 0.4016 val_accuracy: 0.9125
Epoch: 14 loss: 0.5697 accuracy: 0.7438 val_loss: 0.3912 val_accuracy: 0.9125
Epoch: 15 loss: 0.5696 accuracy: 0.7436 val_loss: 0.4015 val_accuracy: 0.9125
Epoch: 16 loss: 0.5698 accuracy: 0.7436 val_loss: 0.3805 val_accuracy: 0.9125
Epoch: 17 loss: 0.5693 accuracy: 0.7438 val_loss: 0.3824 val_accuracy: 0.9125
Epoch: 18 loss: 0.5699 accuracy: 0.7431 val_loss: 0.3817 val_accuracy: 0.9125
Epoch: 19 loss: 0.5688 accuracy: 0.7441 val_loss: 0.3854 val_accuracy: 0.9125
Epoch: 20 loss: 0.5697 accuracy: 0.7436 val_loss: 0.3849 val_accuracy: 0.9125
Job ended!
