Tue 27 Feb 2024 08:16:15 PM EST
Python 3.9.7
nvcc: NVIDIA (R) Cuda compiler driver
Copyright (c) 2005-2019 NVIDIA Corporation
Built on Sun_Jul_28_19:07:16_PDT_2019
Cuda compilation tools, release 10.1, V10.1.243
My SLURM_ARRAY_TASK_ID: 
DB: ['ISIC2016', 'PH2']
IMG_SIZE: [150, 150]
CLASSIFIER: EfficientNetB7
SELF_AUG: 1
JOB_INDEX: None
Combining...
Combining 1 db out of 2 dbs
Combining 2 db out of 2 dbs
Stacking training images
Stacking training labels
Stacking validation images
Stacking validation labels
Model: "sequential"
_________________________________________________________________
Layer (type)                 Output Shape              Param #   
=================================================================
efficientnetb7 (Functional)  (None, 2560)              64097687  
_________________________________________________________________
dense (Dense)                (None, 512)               1311232   
_________________________________________________________________
dropout (Dropout)            (None, 512)               0         
_________________________________________________________________
batch_normalization (BatchNo (None, 512)               2048      
_________________________________________________________________
dense_1 (Dense)              (None, 256)               131328    
_________________________________________________________________
dropout_1 (Dropout)          (None, 256)               0         
_________________________________________________________________
batch_normalization_1 (Batch (None, 256)               1024      
_________________________________________________________________
dense_2 (Dense)              (None, 2)                 514       
=================================================================
Total params: 65,543,833
Trainable params: 1,444,610
Non-trainable params: 64,099,223
_________________________________________________________________
Fitting ISIC2016+PH2_aug_EfficientNetB7_150h_150w_None model...
model_name: ISIC2016+PH2_aug_EfficientNetB7_150h_150w_None
Epoch: 1 loss: 0.6951 accuracy: 0.5141 val_loss: 0.6649 val_accuracy: 0.8000
Epoch: 2 loss: 0.6798 accuracy: 0.5683 val_loss: 0.6415 val_accuracy: 0.8000
Epoch: 3 loss: 0.6781 accuracy: 0.5752 val_loss: 0.6253 val_accuracy: 0.8000
Epoch: 4 loss: 0.6696 accuracy: 0.6033 val_loss: 0.6135 val_accuracy: 0.8000
Epoch: 5 loss: 0.6644 accuracy: 0.6108 val_loss: 0.6013 val_accuracy: 0.8000
Epoch: 6 loss: 0.6670 accuracy: 0.6040 val_loss: 0.5919 val_accuracy: 0.8000
Epoch: 7 loss: 0.6624 accuracy: 0.6184 val_loss: 0.5908 val_accuracy: 0.8000
Epoch: 8 loss: 0.6627 accuracy: 0.6191 val_loss: 0.5870 val_accuracy: 0.8000
Epoch: 9 loss: 0.6545 accuracy: 0.6184 val_loss: 0.5833 val_accuracy: 0.8000
Epoch: 10 loss: 0.6613 accuracy: 0.6259 val_loss: 0.5896 val_accuracy: 0.8000
Epoch: 11 loss: 0.6564 accuracy: 0.6205 val_loss: 0.5831 val_accuracy: 0.8000
Epoch: 12 loss: 0.6608 accuracy: 0.6095 val_loss: 0.5759 val_accuracy: 0.8000
Epoch: 13 loss: 0.6602 accuracy: 0.6074 val_loss: 0.5781 val_accuracy: 0.8000
Epoch: 14 loss: 0.6521 accuracy: 0.6205 val_loss: 0.5731 val_accuracy: 0.8000
Epoch: 15 loss: 0.6569 accuracy: 0.6225 val_loss: 0.6046 val_accuracy: 0.8000
Epoch: 16 loss: 0.6607 accuracy: 0.6198 val_loss: 0.5726 val_accuracy: 0.8000
Epoch: 17 loss: 0.6579 accuracy: 0.6225 val_loss: 0.5527 val_accuracy: 0.8000
Epoch: 18 loss: 0.6604 accuracy: 0.6163 val_loss: 0.5581 val_accuracy: 0.8000
Epoch: 19 loss: 0.6545 accuracy: 0.6253 val_loss: 0.6221 val_accuracy: 0.8111
Epoch: 20 loss: 0.6585 accuracy: 0.6257 val_loss: 0.5347 val_accuracy: 0.8000
Job ended!
