Mon 29 Apr 2024 04:15:54 PM EDT
Python 3.9.7
nvcc: NVIDIA (R) Cuda compiler driver
Copyright (c) 2005-2019 NVIDIA Corporation
Built on Sun_Jul_28_19:07:16_PDT_2019
Cuda compilation tools, release 10.1, V10.1.243
My SLURM_ARRAY_TASK_ID: 
DB: ['_7_point_criteria']
IMG_SIZE: [640, 640]
CLASSIFIER: DenseNet121
JOB_INDEX: None
Start training augmented images
Combining...
Combining 1th db out of 1 dbs
Stacking data
Combining complete
Model: "sequential"
_________________________________________________________________
Layer (type)                 Output Shape              Param #   
=================================================================
densenet121 (Functional)     (None, 1024)              7037504   
_________________________________________________________________
dense (Dense)                (None, 512)               524800    
_________________________________________________________________
dropout (Dropout)            (None, 512)               0         
_________________________________________________________________
batch_normalization (BatchNo (None, 512)               2048      
_________________________________________________________________
dense_1 (Dense)              (None, 256)               131328    
_________________________________________________________________
dropout_1 (Dropout)          (None, 256)               0         
_________________________________________________________________
batch_normalization_1 (Batch (None, 256)               1024      
_________________________________________________________________
dense_2 (Dense)              (None, 2)                 514       
=================================================================
Total params: 7,697,218
Trainable params: 658,178
Non-trainable params: 7,039,040
_________________________________________________________________
Fitting _7_point_criteria_aug_DenseNet121_640h_640w_None model...
model_name: _7_point_criteria_aug_DenseNet121_640h_640w_None
Epoch: 1 loss: 1.0766 accuracy: 0.4740 val_loss: 0.7130 val_accuracy: 0.4631
Epoch: 2 loss: 0.9718 accuracy: 0.5547 val_loss: 0.6987 val_accuracy: 0.5271
Epoch: 3 loss: 0.8972 accuracy: 0.5712 val_loss: 0.6929 val_accuracy: 0.5419
Epoch: 4 loss: 0.8981 accuracy: 0.5708 val_loss: 0.6903 val_accuracy: 0.5320
Epoch: 5 loss: 0.7212 accuracy: 0.6441 val_loss: 0.6860 val_accuracy: 0.5665
Epoch: 6 loss: 0.8462 accuracy: 0.5747 val_loss: 0.6804 val_accuracy: 0.5764
Epoch: 7 loss: 0.8464 accuracy: 0.5868 val_loss: 0.6728 val_accuracy: 0.5714
Epoch: 8 loss: 0.8937 accuracy: 0.5590 val_loss: 0.6703 val_accuracy: 0.5714
Epoch: 9 loss: 0.7557 accuracy: 0.5988 val_loss: 0.6606 val_accuracy: 0.5813
Epoch: 10 loss: 0.6934 accuracy: 0.6479 val_loss: 0.6440 val_accuracy: 0.6108
Epoch: 11 loss: 0.7224 accuracy: 0.6401 val_loss: 0.6189 val_accuracy: 0.6798
Epoch: 12 loss: 0.6336 accuracy: 0.6852 val_loss: 0.6046 val_accuracy: 0.7044
Epoch: 13 loss: 0.6865 accuracy: 0.6771 val_loss: 0.5982 val_accuracy: 0.6995
Epoch: 14 loss: 0.7407 accuracy: 0.6114 val_loss: 0.6037 val_accuracy: 0.6946
Epoch: 15 loss: 0.6877 accuracy: 0.6538 val_loss: 0.6031 val_accuracy: 0.6650
Epoch: 16 loss: 0.7716 accuracy: 0.6058 val_loss: 0.6007 val_accuracy: 0.6700
Epoch: 17 loss: 0.8399 accuracy: 0.5691 val_loss: 0.6000 val_accuracy: 0.6650
Epoch: 18 loss: 0.5889 accuracy: 0.7106 val_loss: 0.6036 val_accuracy: 0.6650
Epoch: 19 loss: 0.5868 accuracy: 0.7064 val_loss: 0.6028 val_accuracy: 0.6601
Epoch: 20 loss: 0.5798 accuracy: 0.7049 val_loss: 0.5977 val_accuracy: 0.6700
Epoch: 21 loss: 0.6938 accuracy: 0.6786 val_loss: 0.5972 val_accuracy: 0.6847
Epoch: 22 loss: 0.5932 accuracy: 0.7176 val_loss: 0.6033 val_accuracy: 0.6995
Epoch: 23 loss: 0.6345 accuracy: 0.6988 val_loss: 0.6139 val_accuracy: 0.6897
Epoch: 24 loss: 0.6921 accuracy: 0.6632 val_loss: 0.6269 val_accuracy: 0.6502
Epoch: 25 loss: 0.6003 accuracy: 0.6842 val_loss: 0.6438 val_accuracy: 0.6404
Epoch: 26 loss: 0.8054 accuracy: 0.5660 val_loss: 0.6510 val_accuracy: 0.6207
Epoch: 27 loss: 0.6090 accuracy: 0.6786 val_loss: 0.6685 val_accuracy: 0.6207
Epoch: 28 loss: 0.5048 accuracy: 0.7519 val_loss: 0.6755 val_accuracy: 0.6158
Epoch: 29 loss: 0.5484 accuracy: 0.7368 val_loss: 0.6769 val_accuracy: 0.6158
Epoch: 30 loss: 0.4613 accuracy: 0.7934 val_loss: 0.6552 val_accuracy: 0.6404
Epoch: 31 loss: 0.7985 accuracy: 0.6087 val_loss: 0.6436 val_accuracy: 0.6552
Epoch: 32 loss: 0.5430 accuracy: 0.7153 val_loss: 0.6379 val_accuracy: 0.6404
Epoch: 33 loss: 0.6614 accuracy: 0.6615 val_loss: 0.6340 val_accuracy: 0.6502
Epoch: 34 loss: 0.7257 accuracy: 0.6344 val_loss: 0.6412 val_accuracy: 0.6502
Epoch: 35 loss: 0.5088 accuracy: 0.7481 val_loss: 0.6566 val_accuracy: 0.6552
Epoch: 36 loss: 0.6778 accuracy: 0.6216 val_loss: 0.6596 val_accuracy: 0.6552
Epoch: 37 loss: 0.6736 accuracy: 0.6456 val_loss: 0.6569 val_accuracy: 0.6552
Epoch: 38 loss: 0.4692 accuracy: 0.7830 val_loss: 0.6521 val_accuracy: 0.6601
Epoch: 39 loss: 0.5868 accuracy: 0.7210 val_loss: 0.6772 val_accuracy: 0.6256
Epoch: 40 loss: 0.6676 accuracy: 0.6459 val_loss: 0.6868 val_accuracy: 0.6158
End of augmented training
Finish
Job ended!
