Mon 29 Apr 2024 09:39:14 PM EDT
Python 3.9.7
nvcc: NVIDIA (R) Cuda compiler driver
Copyright (c) 2005-2019 NVIDIA Corporation
Built on Sun_Jul_28_19:07:16_PDT_2019
Cuda compilation tools, release 10.1, V10.1.243
My SLURM_ARRAY_TASK_ID: 
DB: ['_7_point_criteria']
IMG_SIZE: [640, 640]
CLASSIFIER: DenseNet121
JOB_INDEX: None
Start training augmented images
Combining...
Combining 1th db out of 1 dbs
Stacking data
Combining complete
Model: "sequential"
_________________________________________________________________
Layer (type)                 Output Shape              Param #   
=================================================================
densenet121 (Functional)     (None, 1024)              7037504   
_________________________________________________________________
dense (Dense)                (None, 512)               524800    
_________________________________________________________________
dropout (Dropout)            (None, 512)               0         
_________________________________________________________________
batch_normalization (BatchNo (None, 512)               2048      
_________________________________________________________________
dense_1 (Dense)              (None, 256)               131328    
_________________________________________________________________
dropout_1 (Dropout)          (None, 256)               0         
_________________________________________________________________
batch_normalization_1 (Batch (None, 256)               1024      
_________________________________________________________________
dense_2 (Dense)              (None, 2)                 514       
=================================================================
Total params: 7,697,218
Trainable params: 658,178
Non-trainable params: 7,039,040
_________________________________________________________________
Fitting _7_point_criteria_aug_DenseNet121_640h_640w_None model...
model_name: _7_point_criteria_aug_DenseNet121_640h_640w_None
Epoch: 1 loss: 1.0042 accuracy: 0.5037 val_loss: 0.6237 val_accuracy: 0.6995
Epoch: 2 loss: 0.8504 accuracy: 0.5476 val_loss: 0.6116 val_accuracy: 0.6995
Epoch: 3 loss: 0.8886 accuracy: 0.5055 val_loss: 0.6101 val_accuracy: 0.6946
Epoch: 4 loss: 0.8054 accuracy: 0.5865 val_loss: 0.6103 val_accuracy: 0.6897
Epoch: 5 loss: 0.8475 accuracy: 0.5660 val_loss: 0.6111 val_accuracy: 0.6946
Epoch: 6 loss: 0.7325 accuracy: 0.6215 val_loss: 0.6159 val_accuracy: 0.6995
Epoch: 7 loss: 0.7460 accuracy: 0.6499 val_loss: 0.6231 val_accuracy: 0.6995
Epoch: 8 loss: 0.6529 accuracy: 0.6684 val_loss: 0.6269 val_accuracy: 0.7044
Epoch: 9 loss: 0.5716 accuracy: 0.7320 val_loss: 0.6283 val_accuracy: 0.6847
Epoch: 10 loss: 0.7223 accuracy: 0.6440 val_loss: 0.6225 val_accuracy: 0.6897
Epoch: 11 loss: 0.7579 accuracy: 0.5911 val_loss: 0.6165 val_accuracy: 0.6946
Epoch: 12 loss: 0.7684 accuracy: 0.6099 val_loss: 0.6249 val_accuracy: 0.6749
Epoch: 13 loss: 0.7057 accuracy: 0.6302 val_loss: 0.6278 val_accuracy: 0.6700
Epoch: 14 loss: 0.6836 accuracy: 0.6424 val_loss: 0.6291 val_accuracy: 0.6700
Epoch: 15 loss: 0.6220 accuracy: 0.6719 val_loss: 0.6337 val_accuracy: 0.6453
Epoch: 16 loss: 0.6297 accuracy: 0.6997 val_loss: 0.6227 val_accuracy: 0.6749
Epoch: 17 loss: 0.7415 accuracy: 0.5958 val_loss: 0.6139 val_accuracy: 0.6650
Epoch: 18 loss: 0.6077 accuracy: 0.6927 val_loss: 0.6035 val_accuracy: 0.6798
Epoch: 19 loss: 0.6223 accuracy: 0.7092 val_loss: 0.6005 val_accuracy: 0.6749
Epoch: 20 loss: 0.5759 accuracy: 0.7221 val_loss: 0.6049 val_accuracy: 0.6798
Epoch: 21 loss: 0.7601 accuracy: 0.6053 val_loss: 0.6002 val_accuracy: 0.6749
Epoch: 22 loss: 0.7194 accuracy: 0.6146 val_loss: 0.5967 val_accuracy: 0.6946
Epoch: 23 loss: 0.7058 accuracy: 0.6190 val_loss: 0.5937 val_accuracy: 0.6995
Epoch: 24 loss: 0.5775 accuracy: 0.7153 val_loss: 0.5871 val_accuracy: 0.7143
Epoch: 25 loss: 0.5175 accuracy: 0.7448 val_loss: 0.5876 val_accuracy: 0.6897
Epoch: 26 loss: 0.5828 accuracy: 0.7066 val_loss: 0.5888 val_accuracy: 0.6995
Epoch: 27 loss: 0.5050 accuracy: 0.7519 val_loss: 0.5895 val_accuracy: 0.6946
Epoch: 28 loss: 0.6873 accuracy: 0.6377 val_loss: 0.5932 val_accuracy: 0.6897
Epoch: 29 loss: 0.6249 accuracy: 0.6806 val_loss: 0.5890 val_accuracy: 0.6946
Epoch: 30 loss: 0.3834 accuracy: 0.8316 val_loss: 0.5801 val_accuracy: 0.6897
Epoch: 31 loss: 0.6735 accuracy: 0.6424 val_loss: 0.5685 val_accuracy: 0.6897
Epoch: 32 loss: 0.6224 accuracy: 0.6810 val_loss: 0.5748 val_accuracy: 0.6995
Epoch: 33 loss: 0.6750 accuracy: 0.6441 val_loss: 0.5816 val_accuracy: 0.6847
Epoch: 34 loss: 0.4185 accuracy: 0.7969 val_loss: 0.5900 val_accuracy: 0.6897
Epoch: 35 loss: 0.5324 accuracy: 0.7230 val_loss: 0.6012 val_accuracy: 0.6700
Epoch: 36 loss: 0.5273 accuracy: 0.7459 val_loss: 0.6226 val_accuracy: 0.6552
Epoch: 37 loss: 0.5591 accuracy: 0.7029 val_loss: 0.6186 val_accuracy: 0.6700
Epoch: 38 loss: 0.4442 accuracy: 0.7795 val_loss: 0.6271 val_accuracy: 0.6897
Epoch: 39 loss: 0.4386 accuracy: 0.7919 val_loss: 0.6271 val_accuracy: 0.6798
Epoch: 40 loss: 0.5916 accuracy: 0.6927 val_loss: 0.5933 val_accuracy: 0.6995
Epoch: 41 loss: 0.4575 accuracy: 0.7865 val_loss: 0.5872 val_accuracy: 0.7044
Epoch: 42 loss: 0.7546 accuracy: 0.6007 val_loss: 0.5712 val_accuracy: 0.7241
Epoch: 43 loss: 0.6016 accuracy: 0.6867 val_loss: 0.5832 val_accuracy: 0.7241
Epoch: 44 loss: 0.4991 accuracy: 0.7495 val_loss: 0.6038 val_accuracy: 0.6946
Epoch: 45 loss: 0.5926 accuracy: 0.6952 val_loss: 0.6435 val_accuracy: 0.6453
Epoch: 46 loss: 0.7210 accuracy: 0.6109 val_loss: 0.6390 val_accuracy: 0.6601
Epoch: 47 loss: 0.3919 accuracy: 0.8473 val_loss: 0.6324 val_accuracy: 0.6502
Epoch: 48 loss: 0.5061 accuracy: 0.7518 val_loss: 0.6284 val_accuracy: 0.6552
Epoch: 49 loss: 0.6798 accuracy: 0.6372 val_loss: 0.6282 val_accuracy: 0.6749
Epoch: 50 loss: 0.5613 accuracy: 0.7326 val_loss: 0.6319 val_accuracy: 0.6700
Epoch: 51 loss: 0.5904 accuracy: 0.6874 val_loss: 0.6419 val_accuracy: 0.6552
Epoch: 52 loss: 0.7244 accuracy: 0.6124 val_loss: 0.6561 val_accuracy: 0.6601
Epoch: 53 loss: 0.4733 accuracy: 0.7861 val_loss: 0.6554 val_accuracy: 0.6404
Epoch: 54 loss: 0.2718 accuracy: 0.8976 val_loss: 0.6309 val_accuracy: 0.6798
Epoch: 55 loss: 0.4490 accuracy: 0.7839 val_loss: 0.6164 val_accuracy: 0.7044
Epoch: 56 loss: 0.7080 accuracy: 0.6193 val_loss: 0.6393 val_accuracy: 0.6601
Epoch: 57 loss: 0.3871 accuracy: 0.8191 val_loss: 0.6874 val_accuracy: 0.6059
Epoch: 58 loss: 0.5412 accuracy: 0.6991 val_loss: 0.7208 val_accuracy: 0.6010
Epoch: 59 loss: 0.3080 accuracy: 0.8611 val_loss: 0.7210 val_accuracy: 0.6158
Epoch: 60 loss: 0.4103 accuracy: 0.8200 val_loss: 0.7103 val_accuracy: 0.6305
Epoch: 61 loss: 0.3976 accuracy: 0.8270 val_loss: 0.7130 val_accuracy: 0.6355
Epoch: 62 loss: 0.7288 accuracy: 0.5938 val_loss: 0.6836 val_accuracy: 0.6404
Epoch: 63 loss: 0.4562 accuracy: 0.7843 val_loss: 0.6860 val_accuracy: 0.6650
Epoch: 64 loss: 0.5686 accuracy: 0.6958 val_loss: 0.6746 val_accuracy: 0.6897
Epoch: 65 loss: 0.6423 accuracy: 0.6648 val_loss: 0.6615 val_accuracy: 0.7143
Epoch: 66 loss: 0.6591 accuracy: 0.6422 val_loss: 0.6670 val_accuracy: 0.7094
Epoch: 67 loss: 0.2798 accuracy: 0.8950 val_loss: 0.7075 val_accuracy: 0.6946
Epoch: 68 loss: 0.4942 accuracy: 0.7504 val_loss: 0.6900 val_accuracy: 0.7044
Epoch: 69 loss: 0.4475 accuracy: 0.7847 val_loss: 0.6937 val_accuracy: 0.7044
Epoch: 70 loss: 0.3783 accuracy: 0.8403 val_loss: 0.6784 val_accuracy: 0.7044
Epoch: 71 loss: 0.3769 accuracy: 0.8056 val_loss: 0.6655 val_accuracy: 0.7143
Epoch: 72 loss: 0.4290 accuracy: 0.7865 val_loss: 0.6482 val_accuracy: 0.7094
Epoch: 73 loss: 0.4795 accuracy: 0.7727 val_loss: 0.6536 val_accuracy: 0.7192
Epoch: 74 loss: 0.5056 accuracy: 0.7626 val_loss: 0.6689 val_accuracy: 0.6995
Epoch: 75 loss: 0.4365 accuracy: 0.7948 val_loss: 0.6956 val_accuracy: 0.6946
Epoch: 76 loss: 0.4841 accuracy: 0.7551 val_loss: 0.7196 val_accuracy: 0.6946
Epoch: 77 loss: 0.5625 accuracy: 0.6912 val_loss: 0.7029 val_accuracy: 0.6946
Epoch: 78 loss: 0.5123 accuracy: 0.7435 val_loss: 0.7141 val_accuracy: 0.6749
Epoch: 79 loss: 0.5039 accuracy: 0.7363 val_loss: 0.6886 val_accuracy: 0.6946
Epoch: 80 loss: 0.2683 accuracy: 0.8976 val_loss: 0.6731 val_accuracy: 0.6946
Epoch: 81 loss: 0.5181 accuracy: 0.7191 val_loss: 0.6523 val_accuracy: 0.7044
Epoch: 82 loss: 0.4284 accuracy: 0.7848 val_loss: 0.6482 val_accuracy: 0.7094
Epoch: 83 loss: 0.4169 accuracy: 0.8038 val_loss: 0.6289 val_accuracy: 0.7143
Epoch: 84 loss: 0.6298 accuracy: 0.6597 val_loss: 0.6276 val_accuracy: 0.7340
Epoch: 85 loss: 0.4738 accuracy: 0.7634 val_loss: 0.6334 val_accuracy: 0.7389
Epoch: 86 loss: 0.3564 accuracy: 0.8295 val_loss: 0.6495 val_accuracy: 0.7340
Epoch: 87 loss: 0.4475 accuracy: 0.7812 val_loss: 0.6707 val_accuracy: 0.6995
Epoch: 88 loss: 0.4244 accuracy: 0.8141 val_loss: 0.6824 val_accuracy: 0.6847
Epoch: 89 loss: 0.3000 accuracy: 0.8663 val_loss: 0.6723 val_accuracy: 0.7094
Epoch: 90 loss: 0.6174 accuracy: 0.6753 val_loss: 0.6556 val_accuracy: 0.7241
Epoch: 91 loss: 0.3499 accuracy: 0.8372 val_loss: 0.6513 val_accuracy: 0.7143
Epoch: 92 loss: 0.3957 accuracy: 0.8210 val_loss: 0.6518 val_accuracy: 0.7094
Epoch: 93 loss: 0.4937 accuracy: 0.7431 val_loss: 0.6361 val_accuracy: 0.7044
Epoch: 94 loss: 0.3209 accuracy: 0.8701 val_loss: 0.6530 val_accuracy: 0.7143
Epoch: 95 loss: 0.3531 accuracy: 0.8351 val_loss: 0.6584 val_accuracy: 0.7241
Epoch: 96 loss: 0.1942 accuracy: 0.9497 val_loss: 0.6643 val_accuracy: 0.7241
Epoch: 97 loss: 0.5049 accuracy: 0.7396 val_loss: 0.6496 val_accuracy: 0.7241
Epoch: 98 loss: 0.3838 accuracy: 0.8066 val_loss: 0.6406 val_accuracy: 0.7192
Epoch: 99 loss: 0.4420 accuracy: 0.7735 val_loss: 0.6310 val_accuracy: 0.7241
Epoch: 100 loss: 0.3399 accuracy: 0.8414 val_loss: 0.6429 val_accuracy: 0.7241
End of augmented training
Finish
Job ended!
