Wed 01 May 2024 06:07:03 PM EDT
Python 3.9.7
nvcc: NVIDIA (R) Cuda compiler driver
Copyright (c) 2005-2019 NVIDIA Corporation
Built on Sun_Jul_28_19:07:16_PDT_2019
Cuda compilation tools, release 10.1, V10.1.243
My SLURM_ARRAY_TASK_ID: 
DB: ['HAM10000']
IMG_SIZE: [384, 384]
CLASSIFIER: DenseNet121
JOB_INDEX: None
Start training augmented images
Combining...
Combining 1th db out of 1 dbs
Stacking data
Combining complete
Model: "sequential"
_________________________________________________________________
Layer (type)                 Output Shape              Param #   
=================================================================
densenet121 (Functional)     (None, 1024)              7037504   
_________________________________________________________________
dense (Dense)                (None, 512)               524800    
_________________________________________________________________
dropout (Dropout)            (None, 512)               0         
_________________________________________________________________
batch_normalization (BatchNo (None, 512)               2048      
_________________________________________________________________
dense_1 (Dense)              (None, 256)               131328    
_________________________________________________________________
batch_normalization_1 (Batch (None, 256)               1024      
_________________________________________________________________
dense_2 (Dense)              (None, 2)                 514       
=================================================================
Total params: 7,697,218
Trainable params: 658,178
Non-trainable params: 7,039,040
_________________________________________________________________
Fitting HAM10000_aug_DenseNet121_384h_384w_None model...
model_name: HAM10000_aug_DenseNet121_384h_384w_None
Epoch: 1 loss: 1.0143 accuracy: 0.7519 val_loss: 0.6871 val_accuracy: 0.9388
Epoch: 2 loss: 0.7819 accuracy: 0.8373 val_loss: 0.6184 val_accuracy: 0.9128
Epoch: 3 loss: 0.6875 accuracy: 0.8677 val_loss: 0.6031 val_accuracy: 0.9128
Epoch: 4 loss: 0.6339 accuracy: 0.8766 val_loss: 0.5484 val_accuracy: 0.9196
Epoch: 5 loss: 0.5945 accuracy: 0.8913 val_loss: 0.5036 val_accuracy: 0.9275
Epoch: 6 loss: 0.5630 accuracy: 0.9025 val_loss: 0.4897 val_accuracy: 0.9275
Epoch: 7 loss: 0.5371 accuracy: 0.9090 val_loss: 0.4630 val_accuracy: 0.9309
Epoch: 8 loss: 0.5167 accuracy: 0.9141 val_loss: 0.4571 val_accuracy: 0.9343
Epoch: 9 loss: 0.4950 accuracy: 0.9238 val_loss: 0.4582 val_accuracy: 0.9230
Epoch: 10 loss: 0.4736 accuracy: 0.9298 val_loss: 0.4556 val_accuracy: 0.9298
Epoch: 11 loss: 0.4651 accuracy: 0.9302 val_loss: 0.4425 val_accuracy: 0.9332
Epoch: 12 loss: 0.4517 accuracy: 0.9351 val_loss: 0.4293 val_accuracy: 0.9434
Epoch: 13 loss: 0.4359 accuracy: 0.9359 val_loss: 0.4098 val_accuracy: 0.9547
Epoch: 14 loss: 0.4175 accuracy: 0.9426 val_loss: 0.4057 val_accuracy: 0.9479
Epoch: 15 loss: 0.4022 accuracy: 0.9482 val_loss: 0.4228 val_accuracy: 0.9388
Epoch: 16 loss: 0.3928 accuracy: 0.9519 val_loss: 0.4402 val_accuracy: 0.9241
Epoch: 17 loss: 0.3778 accuracy: 0.9537 val_loss: 0.3635 val_accuracy: 0.9558
Epoch: 18 loss: 0.3701 accuracy: 0.9551 val_loss: 0.3740 val_accuracy: 0.9479
Epoch: 19 loss: 0.3681 accuracy: 0.9537 val_loss: 0.3917 val_accuracy: 0.9434
Epoch: 20 loss: 0.3493 accuracy: 0.9621 val_loss: 0.3857 val_accuracy: 0.9490
Epoch: 21 loss: 0.3404 accuracy: 0.9647 val_loss: 0.4012 val_accuracy: 0.9388
Epoch: 22 loss: 0.3372 accuracy: 0.9627 val_loss: 0.4243 val_accuracy: 0.9320

Epoch 00022: ReduceLROnPlateau reducing learning rate to 7.999999797903001e-05.
Epoch: 23 loss: 0.3212 accuracy: 0.9688 val_loss: 0.3624 val_accuracy: 0.9524
Epoch: 24 loss: 0.3129 accuracy: 0.9706 val_loss: 0.3562 val_accuracy: 0.9536
Epoch: 25 loss: 0.3073 accuracy: 0.9734 val_loss: 0.3770 val_accuracy: 0.9479
Epoch: 26 loss: 0.2999 accuracy: 0.9741 val_loss: 0.4055 val_accuracy: 0.9320
Epoch: 27 loss: 0.2864 accuracy: 0.9778 val_loss: 0.4032 val_accuracy: 0.9422
Epoch: 28 loss: 0.2834 accuracy: 0.9770 val_loss: 0.4214 val_accuracy: 0.9207
Epoch: 29 loss: 0.2814 accuracy: 0.9771 val_loss: 0.3820 val_accuracy: 0.9422

Epoch 00029: ReduceLROnPlateau reducing learning rate to 6.399999838322402e-05.
Epoch: 30 loss: 0.2821 accuracy: 0.9745 val_loss: 0.3432 val_accuracy: 0.9513
Epoch: 31 loss: 0.2723 accuracy: 0.9790 val_loss: 0.3841 val_accuracy: 0.9445
Epoch: 32 loss: 0.2683 accuracy: 0.9789 val_loss: 0.3705 val_accuracy: 0.9400
Epoch: 33 loss: 0.2620 accuracy: 0.9806 val_loss: 0.3785 val_accuracy: 0.9422
Epoch: 34 loss: 0.2585 accuracy: 0.9830 val_loss: 0.3730 val_accuracy: 0.9434
Epoch: 35 loss: 0.2531 accuracy: 0.9826 val_loss: 0.3556 val_accuracy: 0.9456

Epoch 00035: ReduceLROnPlateau reducing learning rate to 5.119999987073243e-05.
Epoch: 36 loss: 0.2439 accuracy: 0.9860 val_loss: 0.3670 val_accuracy: 0.9445
Epoch: 37 loss: 0.2399 accuracy: 0.9869 val_loss: 0.3709 val_accuracy: 0.9468
Epoch: 38 loss: 0.2340 accuracy: 0.9887 val_loss: 0.3639 val_accuracy: 0.9434
Epoch: 39 loss: 0.2305 accuracy: 0.9903 val_loss: 0.3620 val_accuracy: 0.9513
Epoch: 40 loss: 0.2314 accuracy: 0.9873 val_loss: 0.3859 val_accuracy: 0.9343

Epoch 00040: ReduceLROnPlateau reducing learning rate to 4.0960000478662555e-05.
End of augmented training
Finish
Job ended!
