Mon 26 Feb 2024 10:20:10 PM EST
Python 3.9.7
nvcc: NVIDIA (R) Cuda compiler driver
Copyright (c) 2005-2019 NVIDIA Corporation
Built on Sun_Jul_28_19:07:16_PDT_2019
Cuda compilation tools, release 10.1, V10.1.243
My SLURM_ARRAY_TASK_ID:  1
DB: ['HAM10000']
IMG_SIZE: [150, 150]
CLASSIFIER: DenseNet121
SELF_AUG: 1
JOB_INDEX: 1
Combining...
Combining 1 db out of 1 dbs
Stacking training images
Stacking training labels
Stacking validation images
Stacking validation labels
Model: "sequential"
_________________________________________________________________
Layer (type)                 Output Shape              Param #   
=================================================================
densenet121 (Functional)     (None, 1024)              7037504   
_________________________________________________________________
dense (Dense)                (None, 512)               524800    
_________________________________________________________________
dropout (Dropout)            (None, 512)               0         
_________________________________________________________________
batch_normalization (BatchNo (None, 512)               2048      
_________________________________________________________________
dense_1 (Dense)              (None, 256)               131328    
_________________________________________________________________
dropout_1 (Dropout)          (None, 256)               0         
_________________________________________________________________
batch_normalization_1 (Batch (None, 256)               1024      
_________________________________________________________________
dense_2 (Dense)              (None, 2)                 514       
=================================================================
Total params: 7,697,218
Trainable params: 658,178
Non-trainable params: 7,039,040
_________________________________________________________________
Fitting HAM10000_aug_DenseNet121_150h_150w_1 model...
model_name: HAM10000_aug_DenseNet121_150h_150w_1
Epoch: 1 loss: 0.7614 accuracy: 0.6264 val_loss: 0.5017 val_accuracy: 0.9570
Epoch: 2 loss: 0.6379 accuracy: 0.6850 val_loss: 0.2533 val_accuracy: 0.9309
Epoch: 3 loss: 0.5937 accuracy: 0.7052 val_loss: 0.1781 val_accuracy: 0.9490
Epoch: 4 loss: 0.5650 accuracy: 0.7251 val_loss: 0.2563 val_accuracy: 0.9264
Epoch: 5 loss: 0.5500 accuracy: 0.7330 val_loss: 0.2650 val_accuracy: 0.9015
Epoch: 6 loss: 0.5283 accuracy: 0.7416 val_loss: 0.2342 val_accuracy: 0.9219
Epoch: 7 loss: 0.5220 accuracy: 0.7456 val_loss: 0.2191 val_accuracy: 0.9264
Epoch: 8 loss: 0.5060 accuracy: 0.7533 val_loss: 0.1845 val_accuracy: 0.9354
Epoch: 9 loss: 0.5038 accuracy: 0.7498 val_loss: 0.2338 val_accuracy: 0.9287
Epoch: 10 loss: 0.4902 accuracy: 0.7662 val_loss: 0.2023 val_accuracy: 0.9377
Epoch: 11 loss: 0.4820 accuracy: 0.7665 val_loss: 0.2058 val_accuracy: 0.9536
Epoch: 12 loss: 0.4749 accuracy: 0.7732 val_loss: 0.2403 val_accuracy: 0.9298
Epoch: 13 loss: 0.4658 accuracy: 0.7730 val_loss: 0.2262 val_accuracy: 0.9219
Epoch: 14 loss: 0.4620 accuracy: 0.7784 val_loss: 0.1381 val_accuracy: 0.9547
Epoch: 15 loss: 0.4572 accuracy: 0.7827 val_loss: 0.1456 val_accuracy: 0.9581
Epoch: 16 loss: 0.4492 accuracy: 0.7872 val_loss: 0.1564 val_accuracy: 0.9456
Epoch: 17 loss: 0.4431 accuracy: 0.7921 val_loss: 0.1468 val_accuracy: 0.9502
Epoch: 18 loss: 0.4492 accuracy: 0.7917 val_loss: 0.1934 val_accuracy: 0.9536
Epoch: 19 loss: 0.4418 accuracy: 0.7917 val_loss: 0.1267 val_accuracy: 0.9660
Epoch: 20 loss: 0.4379 accuracy: 0.8005 val_loss: 0.1358 val_accuracy: 0.9536
Job ended!
