Mon 26 Feb 2024 07:24:06 PM EST
Python 3.9.7
nvcc: NVIDIA (R) Cuda compiler driver
Copyright (c) 2005-2019 NVIDIA Corporation
Built on Sun_Jul_28_19:07:16_PDT_2019
Cuda compilation tools, release 10.1, V10.1.243
My SLURM_ARRAY_TASK_ID:  1
DB: ['ISIC2016', 'ISIC2017', 'ISIC2018', 'ISIC2019', 'ISIC2020', 'PH2', '_7_point_criteria']
IMG_SIZE: [150, 150]
CLASSIFIER: DenseNet121
SELF_AUG: 0
JOB_INDEX: 1
Combining...
Combining 1 db out of 7 dbs
Combining 2 db out of 7 dbs
Combining 3 db out of 7 dbs
Combining 4 db out of 7 dbs
Combining 5 db out of 7 dbs
Combining 6 db out of 7 dbs
Combining 7 db out of 7 dbs
Stacking training images
Stacking training labels
Stacking validation images
Stacking validation labels
Model: "sequential"
_________________________________________________________________
Layer (type)                 Output Shape              Param #   
=================================================================
densenet121 (Functional)     (None, 1024)              7037504   
_________________________________________________________________
dense (Dense)                (None, 512)               524800    
_________________________________________________________________
dropout (Dropout)            (None, 512)               0         
_________________________________________________________________
batch_normalization (BatchNo (None, 512)               2048      
_________________________________________________________________
dense_1 (Dense)              (None, 256)               131328    
_________________________________________________________________
dropout_1 (Dropout)          (None, 256)               0         
_________________________________________________________________
batch_normalization_1 (Batch (None, 256)               1024      
_________________________________________________________________
dense_2 (Dense)              (None, 2)                 514       
=================================================================
Total params: 7,697,218
Trainable params: 658,178
Non-trainable params: 7,039,040
_________________________________________________________________
Fitting ISIC2016+ISIC2017+ISIC2018+ISIC2019+ISIC2020+PH2+_7_point_criteria_noaug_DenseNet121_150h_150w_1 model...
model_name: ISIC2016+ISIC2017+ISIC2018+ISIC2019+ISIC2020+PH2+_7_point_criteria_noaug_DenseNet121_150h_150w_1
Epoch: 1 loss: 0.4338 accuracy: 0.8096 val_loss: 0.2539 val_accuracy: 0.9105
Epoch: 2 loss: 0.2946 accuracy: 0.8944 val_loss: 0.2396 val_accuracy: 0.9113
Epoch: 3 loss: 0.2817 accuracy: 0.8994 val_loss: 0.2428 val_accuracy: 0.9101
Epoch: 4 loss: 0.2740 accuracy: 0.8997 val_loss: 0.2419 val_accuracy: 0.9099
Epoch: 5 loss: 0.2628 accuracy: 0.9012 val_loss: 0.2395 val_accuracy: 0.9101
Epoch: 6 loss: 0.2589 accuracy: 0.9016 val_loss: 0.2345 val_accuracy: 0.9101
Epoch: 7 loss: 0.2553 accuracy: 0.9025 val_loss: 0.2391 val_accuracy: 0.9108
Epoch: 8 loss: 0.2532 accuracy: 0.9036 val_loss: 0.2413 val_accuracy: 0.9167
Epoch: 9 loss: 0.2519 accuracy: 0.9037 val_loss: 0.2301 val_accuracy: 0.9151
Epoch: 10 loss: 0.2493 accuracy: 0.9048 val_loss: 0.2370 val_accuracy: 0.9126
Epoch: 11 loss: 0.2485 accuracy: 0.9052 val_loss: 0.2480 val_accuracy: 0.9132
Epoch: 12 loss: 0.2487 accuracy: 0.9050 val_loss: 0.2271 val_accuracy: 0.9150
Epoch: 13 loss: 0.2472 accuracy: 0.9051 val_loss: 0.2520 val_accuracy: 0.9143
Epoch: 14 loss: 0.2469 accuracy: 0.9047 val_loss: 0.2345 val_accuracy: 0.9170
Epoch: 15 loss: 0.2470 accuracy: 0.9047 val_loss: 0.2299 val_accuracy: 0.9146
Epoch: 16 loss: 0.2455 accuracy: 0.9055 val_loss: 0.2637 val_accuracy: 0.9141
Epoch: 17 loss: 0.2450 accuracy: 0.9054 val_loss: 0.2699 val_accuracy: 0.9132
Epoch: 18 loss: 0.2425 accuracy: 0.9067 val_loss: 0.2248 val_accuracy: 0.9159
Epoch: 19 loss: 0.2428 accuracy: 0.9062 val_loss: 0.2244 val_accuracy: 0.9162
Epoch: 20 loss: 0.2427 accuracy: 0.9054 val_loss: 0.2544 val_accuracy: 0.9134
Job ended!
