Wed 01 May 2024 10:19:35 PM EDT
Python 3.9.7
nvcc: NVIDIA (R) Cuda compiler driver
Copyright (c) 2005-2019 NVIDIA Corporation
Built on Sun_Jul_28_19:07:16_PDT_2019
Cuda compilation tools, release 10.1, V10.1.243
My SLURM_ARRAY_TASK_ID: 
DB: ['ISIC2016', 'ISIC2017', 'ISIC2018', 'ISIC2019', 'ISIC2020', 'PH2', '_7_point_criteria', 'MEDNODE', 'KaggleMB']
IMG_SIZE: [384, 384]
CLASSIFIER: DenseNet121
JOB_INDEX: None
Start training augmented images
Combining...
Combining 1th db out of 9 dbs
Combining 2th db out of 9 dbs
Combining 3th db out of 9 dbs
Combining 4th db out of 9 dbs
Combining 5th db out of 9 dbs
Combining 6th db out of 9 dbs
Combining 7th db out of 9 dbs
Combining 8th db out of 9 dbs
Combining 9th db out of 9 dbs
Stacking data
Combining complete
Model: "sequential"
_________________________________________________________________
Layer (type)                 Output Shape              Param #   
=================================================================
densenet121 (Functional)     (None, 1024)              7037504   
_________________________________________________________________
dense (Dense)                (None, 512)               524800    
_________________________________________________________________
dropout (Dropout)            (None, 512)               0         
_________________________________________________________________
batch_normalization (BatchNo (None, 512)               2048      
_________________________________________________________________
dense_1 (Dense)              (None, 256)               131328    
_________________________________________________________________
batch_normalization_1 (Batch (None, 256)               1024      
_________________________________________________________________
dense_2 (Dense)              (None, 2)                 514       
=================================================================
Total params: 7,697,218
Trainable params: 658,178
Non-trainable params: 7,039,040
_________________________________________________________________
Fitting ISIC2016+ISIC2017+ISIC2018+ISIC2019+ISIC2020+PH2+_7_point_criteria+MEDNODE+KaggleMB_aug_DenseNet121_384h_384w_None model...
model_name: ISIC2016+ISIC2017+ISIC2018+ISIC2019+ISIC2020+PH2+_7_point_criteria+MEDNODE+KaggleMB_aug_DenseNet121_384h_384w_None
Epoch: 1 loss: 0.7463 accuracy: 0.8333 val_loss: 0.6227 val_accuracy: 0.8730
Epoch: 2 loss: 0.5810 accuracy: 0.8753 val_loss: 0.5571 val_accuracy: 0.8835
Epoch: 3 loss: 0.5152 accuracy: 0.8906 val_loss: 0.5047 val_accuracy: 0.8925
Epoch: 4 loss: 0.4701 accuracy: 0.8977 val_loss: 0.5077 val_accuracy: 0.8742
Epoch: 5 loss: 0.4304 accuracy: 0.9079 val_loss: 0.4612 val_accuracy: 0.8882
Epoch: 6 loss: 0.4008 accuracy: 0.9116 val_loss: 0.4297 val_accuracy: 0.8978
Epoch: 7 loss: 0.3742 accuracy: 0.9170 val_loss: 0.4162 val_accuracy: 0.8961
Epoch: 8 loss: 0.3525 accuracy: 0.9203 val_loss: 0.3757 val_accuracy: 0.9106
Epoch: 9 loss: 0.3332 accuracy: 0.9248 val_loss: 0.3862 val_accuracy: 0.9029
Epoch: 10 loss: 0.3154 accuracy: 0.9286 val_loss: 0.3436 val_accuracy: 0.9176
Epoch: 11 loss: 0.3022 accuracy: 0.9296 val_loss: 0.3469 val_accuracy: 0.9115
Epoch: 12 loss: 0.2845 accuracy: 0.9346 val_loss: 0.3332 val_accuracy: 0.9186
Epoch: 13 loss: 0.2767 accuracy: 0.9354 val_loss: 0.3730 val_accuracy: 0.8945
Epoch: 14 loss: 0.2628 accuracy: 0.9389 val_loss: 0.3653 val_accuracy: 0.8985
Epoch: 15 loss: 0.2549 accuracy: 0.9402 val_loss: 0.3263 val_accuracy: 0.9140
Epoch: 16 loss: 0.2476 accuracy: 0.9415 val_loss: 0.3155 val_accuracy: 0.9150
Epoch: 17 loss: 0.2375 accuracy: 0.9436 val_loss: 0.3060 val_accuracy: 0.9210
Epoch: 18 loss: 0.2318 accuracy: 0.9453 val_loss: 0.3214 val_accuracy: 0.9058
Epoch: 19 loss: 0.2242 accuracy: 0.9461 val_loss: 0.3221 val_accuracy: 0.9102
Epoch: 20 loss: 0.2176 accuracy: 0.9491 val_loss: 0.2995 val_accuracy: 0.9206
Epoch: 21 loss: 0.2123 accuracy: 0.9489 val_loss: 0.2973 val_accuracy: 0.9166
Epoch: 22 loss: 0.2083 accuracy: 0.9502 val_loss: 0.2909 val_accuracy: 0.9216
Epoch: 23 loss: 0.2020 accuracy: 0.9527 val_loss: 0.2867 val_accuracy: 0.9235
Epoch: 24 loss: 0.1972 accuracy: 0.9531 val_loss: 0.3005 val_accuracy: 0.9175
Epoch: 25 loss: 0.1978 accuracy: 0.9523 val_loss: 0.2808 val_accuracy: 0.9233
Epoch: 26 loss: 0.1918 accuracy: 0.9546 val_loss: 0.2902 val_accuracy: 0.9187
Epoch: 27 loss: 0.1872 accuracy: 0.9549 val_loss: 0.3041 val_accuracy: 0.9116
Epoch: 28 loss: 0.1826 accuracy: 0.9564 val_loss: 0.2758 val_accuracy: 0.9294
Epoch: 29 loss: 0.1813 accuracy: 0.9563 val_loss: 0.2921 val_accuracy: 0.9211
Epoch: 30 loss: 0.1784 accuracy: 0.9573 val_loss: 0.2929 val_accuracy: 0.9178
Epoch: 31 loss: 0.1723 accuracy: 0.9584 val_loss: 0.2693 val_accuracy: 0.9276
Epoch: 32 loss: 0.1704 accuracy: 0.9591 val_loss: 0.2624 val_accuracy: 0.9298
Epoch: 33 loss: 0.1697 accuracy: 0.9596 val_loss: 0.2741 val_accuracy: 0.9264
Epoch: 34 loss: 0.1676 accuracy: 0.9599 val_loss: 0.2617 val_accuracy: 0.9313
Epoch: 35 loss: 0.1650 accuracy: 0.9608 val_loss: 0.2697 val_accuracy: 0.9329
Epoch: 36 loss: 0.1590 accuracy: 0.9627 val_loss: 0.2677 val_accuracy: 0.9295
Epoch: 37 loss: 0.1605 accuracy: 0.9620 val_loss: 0.2711 val_accuracy: 0.9247
Epoch: 38 loss: 0.1599 accuracy: 0.9619 val_loss: 0.2686 val_accuracy: 0.9302
Epoch: 39 loss: 0.1552 accuracy: 0.9631 val_loss: 0.2627 val_accuracy: 0.9298

Epoch 00039: ReduceLROnPlateau reducing learning rate to 7.999999797903001e-05.
Epoch: 40 loss: 0.1457 accuracy: 0.9669 val_loss: 0.2721 val_accuracy: 0.9327
Epoch: 41 loss: 0.1420 accuracy: 0.9685 val_loss: 0.2646 val_accuracy: 0.9311
Epoch: 42 loss: 0.1383 accuracy: 0.9697 val_loss: 0.2643 val_accuracy: 0.9334
Epoch: 43 loss: 0.1337 accuracy: 0.9713 val_loss: 0.2702 val_accuracy: 0.9290
Epoch: 44 loss: 0.1360 accuracy: 0.9701 val_loss: 0.2493 val_accuracy: 0.9381
Epoch: 45 loss: 0.1329 accuracy: 0.9716 val_loss: 0.2611 val_accuracy: 0.9339
Epoch: 46 loss: 0.1328 accuracy: 0.9709 val_loss: 0.2613 val_accuracy: 0.9361
Epoch: 47 loss: 0.1280 accuracy: 0.9726 val_loss: 0.2598 val_accuracy: 0.9351
Epoch: 48 loss: 0.1282 accuracy: 0.9719 val_loss: 0.2696 val_accuracy: 0.9343
Epoch: 49 loss: 0.1304 accuracy: 0.9718 val_loss: 0.2769 val_accuracy: 0.9293

Epoch 00049: ReduceLROnPlateau reducing learning rate to 6.399999838322402e-05.
Epoch: 50 loss: 0.1212 accuracy: 0.9750 val_loss: 0.2490 val_accuracy: 0.9381
Epoch: 51 loss: 0.1168 accuracy: 0.9771 val_loss: 0.2510 val_accuracy: 0.9389
Epoch: 52 loss: 0.1156 accuracy: 0.9767 val_loss: 0.2743 val_accuracy: 0.9317
Epoch: 53 loss: 0.1125 accuracy: 0.9779 val_loss: 0.2528 val_accuracy: 0.9440
Epoch: 54 loss: 0.1129 accuracy: 0.9775 val_loss: 0.2661 val_accuracy: 0.9374
Epoch: 55 loss: 0.1093 accuracy: 0.9786 val_loss: 0.2662 val_accuracy: 0.9368

Epoch 00055: ReduceLROnPlateau reducing learning rate to 5.119999987073243e-05.
Epoch: 56 loss: 0.1046 accuracy: 0.9811 val_loss: 0.2486 val_accuracy: 0.9440
Epoch: 57 loss: 0.1021 accuracy: 0.9813 val_loss: 0.2582 val_accuracy: 0.9422
Epoch: 58 loss: 0.1017 accuracy: 0.9811 val_loss: 0.2576 val_accuracy: 0.9416
Epoch: 59 loss: 0.0987 accuracy: 0.9825 val_loss: 0.2563 val_accuracy: 0.9414
Epoch: 60 loss: 0.0977 accuracy: 0.9828 val_loss: 0.2518 val_accuracy: 0.9450
Epoch: 61 loss: 0.0965 accuracy: 0.9832 val_loss: 0.2679 val_accuracy: 0.9417

Epoch 00061: ReduceLROnPlateau reducing learning rate to 4.0960000478662555e-05.
Epoch: 62 loss: 0.0939 accuracy: 0.9838 val_loss: 0.2543 val_accuracy: 0.9445
Epoch: 63 loss: 0.0920 accuracy: 0.9848 val_loss: 0.2578 val_accuracy: 0.9458
Epoch: 64 loss: 0.0914 accuracy: 0.9847 val_loss: 0.2601 val_accuracy: 0.9436
Epoch: 65 loss: 0.0897 accuracy: 0.9855 val_loss: 0.2605 val_accuracy: 0.9450
Epoch: 66 loss: 0.0886 accuracy: 0.9851 val_loss: 0.2519 val_accuracy: 0.9456

Epoch 00066: ReduceLROnPlateau reducing learning rate to 3.2767999800853435e-05.
End of augmented training
Finish
Job ended!
