Wed 01 May 2024 06:22:44 PM EDT
Python 3.9.7
nvcc: NVIDIA (R) Cuda compiler driver
Copyright (c) 2005-2019 NVIDIA Corporation
Built on Sun_Jul_28_19:07:16_PDT_2019
Cuda compilation tools, release 10.1, V10.1.243
My SLURM_ARRAY_TASK_ID: 
DB: ['ISIC2016']
IMG_SIZE: [384, 384]
CLASSIFIER: DenseNet121
JOB_INDEX: None
Start training augmented images
Combining...
Combining 1th db out of 1 dbs
Stacking data
Combining complete
Model: "sequential"
_________________________________________________________________
Layer (type)                 Output Shape              Param #   
=================================================================
densenet121 (Functional)     (None, 1024)              7037504   
_________________________________________________________________
dense (Dense)                (None, 512)               524800    
_________________________________________________________________
dropout (Dropout)            (None, 512)               0         
_________________________________________________________________
batch_normalization (BatchNo (None, 512)               2048      
_________________________________________________________________
dense_1 (Dense)              (None, 256)               131328    
_________________________________________________________________
batch_normalization_1 (Batch (None, 256)               1024      
_________________________________________________________________
dense_2 (Dense)              (None, 2)                 514       
=================================================================
Total params: 7,697,218
Trainable params: 658,178
Non-trainable params: 7,039,040
_________________________________________________________________
Fitting ISIC2016_aug_DenseNet121_384h_384w_None model...
model_name: ISIC2016_aug_DenseNet121_384h_384w_None
Epoch: 1 loss: 1.3384 accuracy: 0.6059 val_loss: 1.3319 val_accuracy: 0.2778
Epoch: 2 loss: 1.0615 accuracy: 0.7561 val_loss: 1.2242 val_accuracy: 0.4667
Epoch: 3 loss: 1.0005 accuracy: 0.7769 val_loss: 1.0852 val_accuracy: 0.7222
Epoch: 4 loss: 0.9011 accuracy: 0.8090 val_loss: 0.9855 val_accuracy: 0.8167
Epoch: 5 loss: 0.8866 accuracy: 0.8082 val_loss: 0.9468 val_accuracy: 0.8222
Epoch: 6 loss: 0.8071 accuracy: 0.8628 val_loss: 0.9093 val_accuracy: 0.8111
Epoch: 7 loss: 0.7565 accuracy: 0.8715 val_loss: 0.8805 val_accuracy: 0.8167
Epoch: 8 loss: 0.7645 accuracy: 0.8672 val_loss: 0.8588 val_accuracy: 0.8111
Epoch: 9 loss: 0.7138 accuracy: 0.8906 val_loss: 0.8433 val_accuracy: 0.8056
Epoch: 10 loss: 0.6861 accuracy: 0.8889 val_loss: 0.8248 val_accuracy: 0.8222
Epoch: 11 loss: 0.6478 accuracy: 0.9210 val_loss: 0.8151 val_accuracy: 0.8111
Epoch: 12 loss: 0.6689 accuracy: 0.9036 val_loss: 0.8082 val_accuracy: 0.8111
Epoch: 13 loss: 0.6482 accuracy: 0.9167 val_loss: 0.8050 val_accuracy: 0.8056
Epoch: 14 loss: 0.5941 accuracy: 0.9384 val_loss: 0.8223 val_accuracy: 0.8111
Epoch: 15 loss: 0.6046 accuracy: 0.9297 val_loss: 0.7924 val_accuracy: 0.7889
Epoch: 16 loss: 0.5750 accuracy: 0.9297 val_loss: 0.7816 val_accuracy: 0.8000
Epoch: 17 loss: 0.5827 accuracy: 0.9271 val_loss: 0.8004 val_accuracy: 0.7667
Epoch: 18 loss: 0.5713 accuracy: 0.9358 val_loss: 0.8232 val_accuracy: 0.7611
Epoch: 19 loss: 0.5490 accuracy: 0.9427 val_loss: 0.8468 val_accuracy: 0.7389
Epoch: 20 loss: 0.5267 accuracy: 0.9523 val_loss: 0.7778 val_accuracy: 0.7611
Epoch: 21 loss: 0.5156 accuracy: 0.9479 val_loss: 0.7862 val_accuracy: 0.7833
Epoch: 22 loss: 0.5001 accuracy: 0.9601 val_loss: 0.7865 val_accuracy: 0.7722
Epoch: 23 loss: 0.5088 accuracy: 0.9479 val_loss: 0.7767 val_accuracy: 0.7500
Epoch: 24 loss: 0.4845 accuracy: 0.9609 val_loss: 0.7938 val_accuracy: 0.7667
Epoch: 25 loss: 0.4933 accuracy: 0.9609 val_loss: 0.7467 val_accuracy: 0.7778
Epoch: 26 loss: 0.4659 accuracy: 0.9696 val_loss: 0.7681 val_accuracy: 0.7722
Epoch: 27 loss: 0.4568 accuracy: 0.9748 val_loss: 0.7635 val_accuracy: 0.7722
Epoch: 28 loss: 0.4530 accuracy: 0.9748 val_loss: 0.7693 val_accuracy: 0.7667
Epoch: 29 loss: 0.4546 accuracy: 0.9670 val_loss: 0.7620 val_accuracy: 0.7778
Epoch: 30 loss: 0.4483 accuracy: 0.9757 val_loss: 0.7650 val_accuracy: 0.7722

Epoch 00030: ReduceLROnPlateau reducing learning rate to 7.999999797903001e-05.
Epoch: 31 loss: 0.4345 accuracy: 0.9748 val_loss: 0.7957 val_accuracy: 0.7444
Epoch: 32 loss: 0.4377 accuracy: 0.9766 val_loss: 0.8453 val_accuracy: 0.7667
Epoch: 33 loss: 0.4358 accuracy: 0.9740 val_loss: 0.8522 val_accuracy: 0.7556
Epoch: 34 loss: 0.4262 accuracy: 0.9783 val_loss: 0.8339 val_accuracy: 0.7667
Epoch: 35 loss: 0.4159 accuracy: 0.9844 val_loss: 0.8018 val_accuracy: 0.7778

Epoch 00035: ReduceLROnPlateau reducing learning rate to 6.399999838322402e-05.
End of augmented training
Finish
Job ended!
