DB: ['ISIC2018', 'ISIC2019']
CLASSIFIER: Densenet121
JOB_INDEX: None
Start training ISIC2018+ISIC2019_Densenet121
Combining...
Combining 1th db out of 2 dbs
Combining 2th db out of 2 dbs
Stacking data
Combining complete
Epoch 0/33
----------
Train Loss: 0.5174 Acc: 0.7336
Val Loss: 0.4078 Acc: 0.8038

Epoch 1/33
----------
Train Loss: 0.4618 Acc: 0.7756
Val Loss: 0.3803 Acc: 0.8221

Epoch 2/33
----------
Train Loss: 0.4260 Acc: 0.7948
Val Loss: 0.3615 Acc: 0.8304

Epoch 3/33
----------
Train Loss: 0.3944 Acc: 0.8150
Val Loss: 0.3580 Acc: 0.8407

Epoch 4/33
----------
Train Loss: 0.3778 Acc: 0.8237
Val Loss: 0.4339 Acc: 0.8029

Epoch 5/33
----------
Train Loss: 0.3640 Acc: 0.8316
Val Loss: 0.3672 Acc: 0.8276

Epoch 6/33
----------
Train Loss: 0.3399 Acc: 0.8473
Val Loss: 0.3818 Acc: 0.8243

Epoch 7/33
----------
Train Loss: 0.3111 Acc: 0.8616
Val Loss: 0.3208 Acc: 0.8517

Epoch 8/33
----------
Train Loss: 0.2934 Acc: 0.8721
Val Loss: 0.3454 Acc: 0.8397

Epoch 9/33
----------
Train Loss: 0.2876 Acc: 0.8742
Val Loss: 0.3515 Acc: 0.8424

Epoch 10/33
----------
Train Loss: 0.2874 Acc: 0.8730
Val Loss: 0.3198 Acc: 0.8568

Epoch 11/33
----------
Train Loss: 0.2826 Acc: 0.8775
Val Loss: 0.3489 Acc: 0.8395

Epoch 12/33
----------
Train Loss: 0.2760 Acc: 0.8816
Val Loss: 0.3155 Acc: 0.8574

Epoch 13/33
----------
Train Loss: 0.2728 Acc: 0.8809
Val Loss: 0.2939 Acc: 0.8719

Epoch 14/33
----------
Train Loss: 0.2696 Acc: 0.8827
Val Loss: 0.3097 Acc: 0.8635

Epoch 15/33
----------
Train Loss: 0.2661 Acc: 0.8854
Val Loss: 0.3088 Acc: 0.8669

Epoch 16/33
----------
Train Loss: 0.2656 Acc: 0.8864
Val Loss: 0.3154 Acc: 0.8622

Epoch 17/33
----------
Train Loss: 0.2695 Acc: 0.8834
Val Loss: 0.3176 Acc: 0.8587

Epoch 18/33
----------
Train Loss: 0.2635 Acc: 0.8874
Val Loss: 0.3057 Acc: 0.8662

Epoch 19/33
----------
Train Loss: 0.2606 Acc: 0.8880
Val Loss: 0.2908 Acc: 0.8753

Epoch 20/33
----------
Train Loss: 0.2597 Acc: 0.8894
Val Loss: 0.3221 Acc: 0.8584

Epoch 21/33
----------
Train Loss: 0.2580 Acc: 0.8890
Val Loss: 0.3161 Acc: 0.8635

Epoch 22/33
----------
Train Loss: 0.2649 Acc: 0.8860
Val Loss: 0.3084 Acc: 0.8656

Epoch 23/33
----------
Train Loss: 0.2635 Acc: 0.8877
Val Loss: 0.2806 Acc: 0.8802

Epoch 24/33
----------
Train Loss: 0.2611 Acc: 0.8872
Val Loss: 0.3160 Acc: 0.8605

Epoch 25/33
----------
Train Loss: 0.2657 Acc: 0.8839
Val Loss: 0.3037 Acc: 0.8663

Epoch 26/33
----------
Train Loss: 0.2637 Acc: 0.8871
Val Loss: 0.2998 Acc: 0.8669

Epoch 27/33
----------
Train Loss: 0.2605 Acc: 0.8889
Val Loss: 0.3123 Acc: 0.8633

Epoch 28/33
----------
Train Loss: 0.2589 Acc: 0.8905
Val Loss: 0.3073 Acc: 0.8675

Epoch 29/33
----------
Train Loss: 0.2664 Acc: 0.8862
Val Loss: 0.2960 Acc: 0.8717

Epoch 30/33
----------
Train Loss: 0.2677 Acc: 0.8866
Val Loss: 0.3133 Acc: 0.8620

Epoch 31/33
----------
Train Loss: 0.2636 Acc: 0.8881
Val Loss: 0.2947 Acc: 0.8709

Epoch 32/33
----------
Train Loss: 0.2680 Acc: 0.8862
Val Loss: 0.3044 Acc: 0.8665

Epoch 33/33
----------
Train Loss: 0.2599 Acc: 0.8888
Val Loss: 0.3107 Acc: 0.8635

Training complete in 226m 57s
Best val Acc: 0.880228
Finished training ISIC2018+ISIC2019_Densenet121
