Wed 01 May 2024 06:56:07 PM EDT
Python 3.9.7
nvcc: NVIDIA (R) Cuda compiler driver
Copyright (c) 2005-2019 NVIDIA Corporation
Built on Sun_Jul_28_19:07:16_PDT_2019
Cuda compilation tools, release 10.1, V10.1.243
My SLURM_ARRAY_TASK_ID: 
DB: ['ISIC2016', '_7_point_criteria', 'PAD_UFES_20', 'MEDNODE']
IMG_SIZE: [384, 384]
CLASSIFIER: DenseNet121
JOB_INDEX: None
Start training augmented images
Combining...
Combining 1th db out of 4 dbs
Combining 2th db out of 4 dbs
Combining 3th db out of 4 dbs
Combining 4th db out of 4 dbs
Stacking data
Combining complete
Model: "sequential"
_________________________________________________________________
Layer (type)                 Output Shape              Param #   
=================================================================
densenet121 (Functional)     (None, 1024)              7037504   
_________________________________________________________________
dense (Dense)                (None, 512)               524800    
_________________________________________________________________
dropout (Dropout)            (None, 512)               0         
_________________________________________________________________
batch_normalization (BatchNo (None, 512)               2048      
_________________________________________________________________
dense_1 (Dense)              (None, 256)               131328    
_________________________________________________________________
batch_normalization_1 (Batch (None, 256)               1024      
_________________________________________________________________
dense_2 (Dense)              (None, 2)                 514       
=================================================================
Total params: 7,697,218
Trainable params: 658,178
Non-trainable params: 7,039,040
_________________________________________________________________
Fitting ISIC2016+_7_point_criteria+PAD_UFES_20+MEDNODE_aug_DenseNet121_384h_384w_None model...
model_name: ISIC2016+_7_point_criteria+PAD_UFES_20+MEDNODE_aug_DenseNet121_384h_384w_None
Epoch: 1 loss: 1.2021 accuracy: 0.6474 val_loss: 0.9567 val_accuracy: 0.8130
Epoch: 2 loss: 0.9499 accuracy: 0.7745 val_loss: 0.8162 val_accuracy: 0.8575
Epoch: 3 loss: 0.8311 accuracy: 0.8231 val_loss: 0.7611 val_accuracy: 0.8677
Epoch: 4 loss: 0.7382 accuracy: 0.8652 val_loss: 0.7395 val_accuracy: 0.8609
Epoch: 5 loss: 0.6888 accuracy: 0.8824 val_loss: 0.7232 val_accuracy: 0.8632
Epoch: 6 loss: 0.6426 accuracy: 0.9008 val_loss: 0.7304 val_accuracy: 0.8461
Epoch: 7 loss: 0.6220 accuracy: 0.9004 val_loss: 0.7170 val_accuracy: 0.8506
Epoch: 8 loss: 0.5739 accuracy: 0.9230 val_loss: 0.7103 val_accuracy: 0.8552
Epoch: 9 loss: 0.5468 accuracy: 0.9249 val_loss: 0.6963 val_accuracy: 0.8655
Epoch: 10 loss: 0.5147 accuracy: 0.9371 val_loss: 0.7068 val_accuracy: 0.8495
Epoch: 11 loss: 0.4994 accuracy: 0.9462 val_loss: 0.6907 val_accuracy: 0.8586
Epoch: 12 loss: 0.4905 accuracy: 0.9490 val_loss: 0.6855 val_accuracy: 0.8677
Epoch: 13 loss: 0.4625 accuracy: 0.9577 val_loss: 0.7070 val_accuracy: 0.8529
Epoch: 14 loss: 0.4603 accuracy: 0.9590 val_loss: 0.7116 val_accuracy: 0.8734
Epoch: 15 loss: 0.4497 accuracy: 0.9564 val_loss: 0.7041 val_accuracy: 0.8734
Epoch: 16 loss: 0.4393 accuracy: 0.9607 val_loss: 0.6977 val_accuracy: 0.8655
Epoch: 17 loss: 0.4206 accuracy: 0.9655 val_loss: 0.7075 val_accuracy: 0.8620

Epoch 00017: ReduceLROnPlateau reducing learning rate to 7.999999797903001e-05.
Epoch: 18 loss: 0.4096 accuracy: 0.9724 val_loss: 0.6991 val_accuracy: 0.8677
Epoch: 19 loss: 0.4012 accuracy: 0.9722 val_loss: 0.7048 val_accuracy: 0.8597
Epoch: 20 loss: 0.3998 accuracy: 0.9724 val_loss: 0.6915 val_accuracy: 0.8632
Epoch: 21 loss: 0.3814 accuracy: 0.9787 val_loss: 0.6983 val_accuracy: 0.8655
Epoch: 22 loss: 0.3808 accuracy: 0.9800 val_loss: 0.7267 val_accuracy: 0.8655

Epoch 00022: ReduceLROnPlateau reducing learning rate to 6.399999838322402e-05.
End of augmented training
Finish
Job ended!
