Wed 01 May 2024 12:54:12 PM EDT
Python 3.9.7
nvcc: NVIDIA (R) Cuda compiler driver
Copyright (c) 2005-2019 NVIDIA Corporation
Built on Sun_Jul_28_19:07:16_PDT_2019
Cuda compilation tools, release 10.1, V10.1.243
My SLURM_ARRAY_TASK_ID: 
DB: ['ISIC2016', '_7_point_criteria', 'PAD_UFES_20']
IMG_SIZE: [150, 150]
CLASSIFIER: DenseNet121
JOB_INDEX: None
Start training augmented images
Combining...
Combining 1th db out of 3 dbs
Combining 2th db out of 3 dbs
Combining 3th db out of 3 dbs
Stacking data
Combining complete
Model: "sequential"
_________________________________________________________________
Layer (type)                 Output Shape              Param #   
=================================================================
densenet121 (Functional)     (None, 1024)              7037504   
_________________________________________________________________
dense (Dense)                (None, 512)               524800    
_________________________________________________________________
dropout (Dropout)            (None, 512)               0         
_________________________________________________________________
batch_normalization (BatchNo (None, 512)               2048      
_________________________________________________________________
dense_1 (Dense)              (None, 256)               131328    
_________________________________________________________________
batch_normalization_1 (Batch (None, 256)               1024      
_________________________________________________________________
dense_2 (Dense)              (None, 2)                 514       
=================================================================
Total params: 7,697,218
Trainable params: 658,178
Non-trainable params: 7,039,040
_________________________________________________________________
Fitting ISIC2016+_7_point_criteria+PAD_UFES_20_aug_DenseNet121_150h_150w_None model...
model_name: ISIC2016+_7_point_criteria+PAD_UFES_20_aug_DenseNet121_150h_150w_None
Epoch: 1 loss: 1.2478 accuracy: 0.6241 val_loss: 0.8857 val_accuracy: 0.8517
Epoch: 2 loss: 0.9640 accuracy: 0.7702 val_loss: 0.8386 val_accuracy: 0.8458
Epoch: 3 loss: 0.8583 accuracy: 0.8139 val_loss: 0.8080 val_accuracy: 0.8482
Epoch: 4 loss: 0.7687 accuracy: 0.8521 val_loss: 0.7943 val_accuracy: 0.8517
Epoch: 5 loss: 0.7226 accuracy: 0.8625 val_loss: 0.7925 val_accuracy: 0.8458
Epoch: 6 loss: 0.6770 accuracy: 0.8861 val_loss: 0.7668 val_accuracy: 0.8517
Epoch: 7 loss: 0.6285 accuracy: 0.8979 val_loss: 0.7629 val_accuracy: 0.8529
Epoch: 8 loss: 0.5882 accuracy: 0.9201 val_loss: 0.7629 val_accuracy: 0.8422
Epoch: 9 loss: 0.5676 accuracy: 0.9230 val_loss: 0.7452 val_accuracy: 0.8505
Epoch: 10 loss: 0.5603 accuracy: 0.9235 val_loss: 0.7241 val_accuracy: 0.8648
Epoch: 11 loss: 0.5177 accuracy: 0.9389 val_loss: 0.7136 val_accuracy: 0.8671
Epoch: 12 loss: 0.5123 accuracy: 0.9411 val_loss: 0.7329 val_accuracy: 0.8565
Epoch: 13 loss: 0.4860 accuracy: 0.9479 val_loss: 0.7245 val_accuracy: 0.8612
Epoch: 14 loss: 0.4779 accuracy: 0.9502 val_loss: 0.7204 val_accuracy: 0.8636
Epoch: 15 loss: 0.4663 accuracy: 0.9558 val_loss: 0.7057 val_accuracy: 0.8671
Epoch: 16 loss: 0.4590 accuracy: 0.9581 val_loss: 0.7153 val_accuracy: 0.8600
Epoch: 17 loss: 0.4392 accuracy: 0.9640 val_loss: 0.7237 val_accuracy: 0.8600
Epoch: 18 loss: 0.4340 accuracy: 0.9642 val_loss: 0.7165 val_accuracy: 0.8648
Epoch: 19 loss: 0.4195 accuracy: 0.9694 val_loss: 0.7098 val_accuracy: 0.8636
Epoch: 20 loss: 0.4092 accuracy: 0.9710 val_loss: 0.7212 val_accuracy: 0.8636

Epoch 00020: ReduceLROnPlateau reducing learning rate to 7.999999797903001e-05.
Epoch: 21 loss: 0.3991 accuracy: 0.9753 val_loss: 0.7351 val_accuracy: 0.8695
Epoch: 22 loss: 0.3944 accuracy: 0.9769 val_loss: 0.7207 val_accuracy: 0.8660
Epoch: 23 loss: 0.3898 accuracy: 0.9767 val_loss: 0.7223 val_accuracy: 0.8600
Epoch: 24 loss: 0.3810 accuracy: 0.9796 val_loss: 0.7308 val_accuracy: 0.8719
Epoch: 25 loss: 0.3721 accuracy: 0.9819 val_loss: 0.7361 val_accuracy: 0.8624

Epoch 00025: ReduceLROnPlateau reducing learning rate to 6.399999838322402e-05.
End of augmented training
Finish
Job ended!
