Mon 29 Apr 2024 09:39:14 PM EDT
Python 3.9.7
nvcc: NVIDIA (R) Cuda compiler driver
Copyright (c) 2005-2019 NVIDIA Corporation
Built on Sun_Jul_28_19:07:16_PDT_2019
Cuda compilation tools, release 10.1, V10.1.243
My SLURM_ARRAY_TASK_ID: 
DB: ['ISIC2016', '_7_point_criteria']
IMG_SIZE: [640, 640]
CLASSIFIER: DenseNet121
JOB_INDEX: None
Start training augmented images
Combining...
Combining 1th db out of 2 dbs
Combining 2th db out of 2 dbs
Stacking data
Combining complete
Model: "sequential"
_________________________________________________________________
Layer (type)                 Output Shape              Param #   
=================================================================
densenet121 (Functional)     (None, 1024)              7037504   
_________________________________________________________________
dense (Dense)                (None, 512)               524800    
_________________________________________________________________
dropout (Dropout)            (None, 512)               0         
_________________________________________________________________
batch_normalization (BatchNo (None, 512)               2048      
_________________________________________________________________
dense_1 (Dense)              (None, 256)               131328    
_________________________________________________________________
dropout_1 (Dropout)          (None, 256)               0         
_________________________________________________________________
batch_normalization_1 (Batch (None, 256)               1024      
_________________________________________________________________
dense_2 (Dense)              (None, 2)                 514       
=================================================================
Total params: 7,697,218
Trainable params: 658,178
Non-trainable params: 7,039,040
_________________________________________________________________
Fitting ISIC2016+_7_point_criteria_aug_DenseNet121_640h_640w_None model...
model_name: ISIC2016+_7_point_criteria_aug_DenseNet121_640h_640w_None
Epoch: 1 loss: 0.8904 accuracy: 0.5587 val_loss: 0.5650 val_accuracy: 0.7572
Epoch: 2 loss: 0.8861 accuracy: 0.5631 val_loss: 0.5903 val_accuracy: 0.7493
Epoch: 3 loss: 0.8110 accuracy: 0.5748 val_loss: 0.5888 val_accuracy: 0.7520
Epoch: 4 loss: 0.8240 accuracy: 0.5721 val_loss: 0.5933 val_accuracy: 0.7546
Epoch: 5 loss: 0.7910 accuracy: 0.5843 val_loss: 0.5973 val_accuracy: 0.7572
Epoch: 6 loss: 0.7314 accuracy: 0.6122 val_loss: 0.6059 val_accuracy: 0.7337
Epoch: 7 loss: 0.6797 accuracy: 0.6561 val_loss: 0.5901 val_accuracy: 0.7285
Epoch: 8 loss: 0.7406 accuracy: 0.6189 val_loss: 0.5857 val_accuracy: 0.7363
Epoch: 9 loss: 0.7608 accuracy: 0.5935 val_loss: 0.5916 val_accuracy: 0.7258
Epoch: 10 loss: 0.7602 accuracy: 0.5931 val_loss: 0.6005 val_accuracy: 0.6945
Epoch: 11 loss: 0.7383 accuracy: 0.5982 val_loss: 0.6078 val_accuracy: 0.6893
Epoch: 12 loss: 0.7045 accuracy: 0.6190 val_loss: 0.6392 val_accuracy: 0.6162
Epoch: 13 loss: 0.7322 accuracy: 0.6026 val_loss: 0.6467 val_accuracy: 0.6136
Epoch: 14 loss: 0.6808 accuracy: 0.6333 val_loss: 0.6176 val_accuracy: 0.6554
Epoch: 15 loss: 0.6752 accuracy: 0.6352 val_loss: 0.5933 val_accuracy: 0.6710
Epoch: 16 loss: 0.6291 accuracy: 0.6561 val_loss: 0.5824 val_accuracy: 0.6971
Epoch: 17 loss: 0.6175 accuracy: 0.6729 val_loss: 0.5990 val_accuracy: 0.6841
Epoch: 18 loss: 0.6210 accuracy: 0.6713 val_loss: 0.6596 val_accuracy: 0.6031
Epoch: 19 loss: 0.5369 accuracy: 0.7240 val_loss: 0.6557 val_accuracy: 0.6057
Epoch: 20 loss: 0.5751 accuracy: 0.7121 val_loss: 0.6568 val_accuracy: 0.6057
Epoch: 21 loss: 0.6198 accuracy: 0.6900 val_loss: 0.6394 val_accuracy: 0.6475
Epoch: 22 loss: 0.6228 accuracy: 0.6613 val_loss: 0.6021 val_accuracy: 0.6762
Epoch: 23 loss: 0.6904 accuracy: 0.6348 val_loss: 0.6253 val_accuracy: 0.6475
Epoch: 24 loss: 0.6471 accuracy: 0.6674 val_loss: 0.6412 val_accuracy: 0.6345
Epoch: 25 loss: 0.6512 accuracy: 0.6507 val_loss: 0.5571 val_accuracy: 0.7180
Epoch: 26 loss: 0.6158 accuracy: 0.6803 val_loss: 0.5593 val_accuracy: 0.7258
Epoch: 27 loss: 0.5985 accuracy: 0.6824 val_loss: 0.6290 val_accuracy: 0.6606
Epoch: 28 loss: 0.5833 accuracy: 0.6970 val_loss: 0.5691 val_accuracy: 0.7023
Epoch: 29 loss: 0.6915 accuracy: 0.6143 val_loss: 0.5751 val_accuracy: 0.6815
Epoch: 30 loss: 0.6266 accuracy: 0.6579 val_loss: 0.5821 val_accuracy: 0.6945
Epoch: 31 loss: 0.4976 accuracy: 0.7594 val_loss: 0.5377 val_accuracy: 0.7311
Epoch: 32 loss: 0.6066 accuracy: 0.6806 val_loss: 0.6062 val_accuracy: 0.6527
Epoch: 33 loss: 0.6605 accuracy: 0.6469 val_loss: 0.5880 val_accuracy: 0.6815
Epoch: 34 loss: 0.5651 accuracy: 0.6983 val_loss: 0.5585 val_accuracy: 0.7232
Epoch: 35 loss: 0.5017 accuracy: 0.7662 val_loss: 0.5629 val_accuracy: 0.7180
Epoch: 36 loss: 0.6157 accuracy: 0.6678 val_loss: 0.6244 val_accuracy: 0.6554
Epoch: 37 loss: 0.5173 accuracy: 0.7377 val_loss: 0.6111 val_accuracy: 0.6762
Epoch: 38 loss: 0.5951 accuracy: 0.6830 val_loss: 0.5887 val_accuracy: 0.6815
Epoch: 39 loss: 0.5572 accuracy: 0.7128 val_loss: 0.5583 val_accuracy: 0.7285
Epoch: 40 loss: 0.5285 accuracy: 0.7374 val_loss: 0.5436 val_accuracy: 0.7337
Epoch: 41 loss: 0.4553 accuracy: 0.7896 val_loss: 0.5557 val_accuracy: 0.7076
Epoch: 42 loss: 0.5345 accuracy: 0.7304 val_loss: 0.5534 val_accuracy: 0.7311
Epoch: 43 loss: 0.4552 accuracy: 0.7891 val_loss: 0.5354 val_accuracy: 0.7520
Epoch: 44 loss: 0.5328 accuracy: 0.7379 val_loss: 0.5187 val_accuracy: 0.7493
Epoch: 45 loss: 0.5787 accuracy: 0.7024 val_loss: 0.5165 val_accuracy: 0.7337
Epoch: 46 loss: 0.5872 accuracy: 0.6940 val_loss: 0.5073 val_accuracy: 0.7598
Epoch: 47 loss: 0.5214 accuracy: 0.7436 val_loss: 0.5419 val_accuracy: 0.7311
Epoch: 48 loss: 0.5389 accuracy: 0.7339 val_loss: 0.5761 val_accuracy: 0.7102
Epoch: 49 loss: 0.5092 accuracy: 0.7493 val_loss: 0.5527 val_accuracy: 0.7311
Epoch: 50 loss: 0.5917 accuracy: 0.6987 val_loss: 0.5381 val_accuracy: 0.7493
Epoch: 51 loss: 0.6103 accuracy: 0.6691 val_loss: 0.5627 val_accuracy: 0.7415
Epoch: 52 loss: 0.5233 accuracy: 0.7383 val_loss: 0.5191 val_accuracy: 0.7467
Epoch: 53 loss: 0.5723 accuracy: 0.6958 val_loss: 0.5244 val_accuracy: 0.7520
Epoch: 54 loss: 0.6129 accuracy: 0.6780 val_loss: 0.5408 val_accuracy: 0.7415
Epoch: 55 loss: 0.6006 accuracy: 0.6805 val_loss: 0.5043 val_accuracy: 0.7572
Epoch: 56 loss: 0.4994 accuracy: 0.7628 val_loss: 0.5058 val_accuracy: 0.7572
Epoch: 57 loss: 0.5723 accuracy: 0.7033 val_loss: 0.5508 val_accuracy: 0.7311
Epoch: 58 loss: 0.5399 accuracy: 0.7193 val_loss: 0.4878 val_accuracy: 0.7728
Epoch: 59 loss: 0.4742 accuracy: 0.7724 val_loss: 0.5030 val_accuracy: 0.7441
Epoch: 60 loss: 0.4826 accuracy: 0.7631 val_loss: 0.5281 val_accuracy: 0.7363
Epoch: 61 loss: 0.4838 accuracy: 0.7634 val_loss: 0.5110 val_accuracy: 0.7441
Epoch: 62 loss: 0.4373 accuracy: 0.7994 val_loss: 0.5068 val_accuracy: 0.7807
Epoch: 63 loss: 0.3681 accuracy: 0.8495 val_loss: 0.5363 val_accuracy: 0.7572
Epoch: 64 loss: 0.3564 accuracy: 0.8547 val_loss: 0.5311 val_accuracy: 0.7676
Epoch: 65 loss: 0.4299 accuracy: 0.8017 val_loss: 0.5259 val_accuracy: 0.7493
Epoch: 66 loss: 0.3852 accuracy: 0.8272 val_loss: 0.5792 val_accuracy: 0.7467
Epoch: 67 loss: 0.5499 accuracy: 0.7143 val_loss: 0.5976 val_accuracy: 0.7180
Epoch: 68 loss: 0.4986 accuracy: 0.7432 val_loss: 0.5875 val_accuracy: 0.7337
Epoch: 69 loss: 0.4413 accuracy: 0.7975 val_loss: 0.5618 val_accuracy: 0.7415
Epoch: 70 loss: 0.5202 accuracy: 0.7383 val_loss: 0.5885 val_accuracy: 0.7285
Epoch: 71 loss: 0.5343 accuracy: 0.7232 val_loss: 0.5869 val_accuracy: 0.7050
Epoch: 72 loss: 0.4411 accuracy: 0.7880 val_loss: 0.5601 val_accuracy: 0.7415
Epoch: 73 loss: 0.7038 accuracy: 0.6105 val_loss: 0.5244 val_accuracy: 0.7598
Epoch: 74 loss: 0.3587 accuracy: 0.8545 val_loss: 0.5376 val_accuracy: 0.7520
Epoch: 75 loss: 0.4176 accuracy: 0.8097 val_loss: 0.5457 val_accuracy: 0.7676
Epoch: 76 loss: 0.4287 accuracy: 0.7964 val_loss: 0.5506 val_accuracy: 0.7441
Epoch: 77 loss: 0.4868 accuracy: 0.7546 val_loss: 0.6260 val_accuracy: 0.7050
Epoch: 78 loss: 0.5014 accuracy: 0.7573 val_loss: 0.5863 val_accuracy: 0.7467
Epoch: 79 loss: 0.4391 accuracy: 0.7857 val_loss: 0.5528 val_accuracy: 0.7493
Epoch: 80 loss: 0.4423 accuracy: 0.7765 val_loss: 0.5697 val_accuracy: 0.7493
Epoch: 81 loss: 0.4361 accuracy: 0.7897 val_loss: 0.5220 val_accuracy: 0.7598
Epoch: 82 loss: 0.4050 accuracy: 0.8114 val_loss: 0.5719 val_accuracy: 0.7572
Epoch: 83 loss: 0.4093 accuracy: 0.8164 val_loss: 0.6363 val_accuracy: 0.7023
Epoch: 84 loss: 0.4215 accuracy: 0.8041 val_loss: 0.5839 val_accuracy: 0.7546
Epoch: 85 loss: 0.5183 accuracy: 0.7416 val_loss: 0.5882 val_accuracy: 0.7441
Epoch: 86 loss: 0.5578 accuracy: 0.7137 val_loss: 0.5697 val_accuracy: 0.7285
Epoch: 87 loss: 0.4938 accuracy: 0.7618 val_loss: 0.5282 val_accuracy: 0.7702
Epoch: 88 loss: 0.4476 accuracy: 0.7857 val_loss: 0.4957 val_accuracy: 0.7624
Epoch: 89 loss: 0.2870 accuracy: 0.8983 val_loss: 0.5553 val_accuracy: 0.7781
Epoch: 90 loss: 0.3975 accuracy: 0.8131 val_loss: 0.5604 val_accuracy: 0.7415
Epoch: 91 loss: 0.4294 accuracy: 0.7923 val_loss: 0.5841 val_accuracy: 0.7389
Epoch: 92 loss: 0.3405 accuracy: 0.8504 val_loss: 0.6403 val_accuracy: 0.7076
Epoch: 93 loss: 0.3835 accuracy: 0.8208 val_loss: 0.5451 val_accuracy: 0.7520
Epoch: 94 loss: 0.4422 accuracy: 0.7986 val_loss: 0.5479 val_accuracy: 0.7781
Epoch: 95 loss: 0.5620 accuracy: 0.7042 val_loss: 0.5331 val_accuracy: 0.7702
Epoch: 96 loss: 0.3755 accuracy: 0.8276 val_loss: 0.5677 val_accuracy: 0.7546
Epoch: 97 loss: 0.5183 accuracy: 0.7271 val_loss: 0.5582 val_accuracy: 0.7572
Epoch: 98 loss: 0.5784 accuracy: 0.6892 val_loss: 0.5258 val_accuracy: 0.7781
Epoch: 99 loss: 0.5045 accuracy: 0.7327 val_loss: 0.5284 val_accuracy: 0.7676
Epoch: 100 loss: 0.3821 accuracy: 0.8377 val_loss: 0.5685 val_accuracy: 0.7572
End of augmented training
Finish
Job ended!
