Thu 02 May 2024 07:18:46 AM EDT
Python 3.9.7
nvcc: NVIDIA (R) Cuda compiler driver
Copyright (c) 2005-2019 NVIDIA Corporation
Built on Sun_Jul_28_19:07:16_PDT_2019
Cuda compilation tools, release 10.1, V10.1.243
My SLURM_ARRAY_TASK_ID: 
DB: ['ISIC2018']
IMG_SIZE: [384, 384]
CLASSIFIER: DenseNet121
JOB_INDEX: None
Start training augmented images
Combining...
Combining 1th db out of 1 dbs
Stacking data
Combining complete
Model: "sequential"
_________________________________________________________________
Layer (type)                 Output Shape              Param #   
=================================================================
densenet121 (Functional)     (None, 1024)              7037504   
_________________________________________________________________
dense (Dense)                (None, 512)               524800    
_________________________________________________________________
dropout (Dropout)            (None, 512)               0         
_________________________________________________________________
batch_normalization (BatchNo (None, 512)               2048      
_________________________________________________________________
dense_1 (Dense)              (None, 256)               131328    
_________________________________________________________________
batch_normalization_1 (Batch (None, 256)               1024      
_________________________________________________________________
dense_2 (Dense)              (None, 2)                 514       
=================================================================
Total params: 7,697,218
Trainable params: 658,178
Non-trainable params: 7,039,040
_________________________________________________________________
Fitting ISIC2018_aug_DenseNet121_384h_384w_None model...
model_name: ISIC2018_aug_DenseNet121_384h_384w_None
Epoch: 1 loss: 1.0132 accuracy: 0.7583 val_loss: 0.7441 val_accuracy: 0.9119
Epoch: 2 loss: 0.7627 accuracy: 0.8410 val_loss: 0.7074 val_accuracy: 0.8497
Epoch: 3 loss: 0.6656 accuracy: 0.8725 val_loss: 0.5646 val_accuracy: 0.9119
Epoch: 4 loss: 0.6179 accuracy: 0.8837 val_loss: 0.6268 val_accuracy: 0.8705
Epoch: 5 loss: 0.5721 accuracy: 0.8983 val_loss: 0.5526 val_accuracy: 0.9119
Epoch: 6 loss: 0.5465 accuracy: 0.9026 val_loss: 0.5241 val_accuracy: 0.9016
Epoch: 7 loss: 0.5137 accuracy: 0.9163 val_loss: 0.5008 val_accuracy: 0.9223
Epoch: 8 loss: 0.4995 accuracy: 0.9175 val_loss: 0.5136 val_accuracy: 0.9067
Epoch: 9 loss: 0.4808 accuracy: 0.9243 val_loss: 0.4942 val_accuracy: 0.9119
Epoch: 10 loss: 0.4572 accuracy: 0.9334 val_loss: 0.4668 val_accuracy: 0.9326
Epoch: 11 loss: 0.4439 accuracy: 0.9353 val_loss: 0.4850 val_accuracy: 0.9171
Epoch: 12 loss: 0.4318 accuracy: 0.9408 val_loss: 0.4771 val_accuracy: 0.9171
Epoch: 13 loss: 0.4149 accuracy: 0.9441 val_loss: 0.4559 val_accuracy: 0.9223
Epoch: 14 loss: 0.4006 accuracy: 0.9502 val_loss: 0.4373 val_accuracy: 0.9275
Epoch: 15 loss: 0.3896 accuracy: 0.9499 val_loss: 0.4449 val_accuracy: 0.9119
Epoch: 16 loss: 0.3829 accuracy: 0.9484 val_loss: 0.4311 val_accuracy: 0.9326
Epoch: 17 loss: 0.3690 accuracy: 0.9546 val_loss: 0.4196 val_accuracy: 0.9223
Epoch: 18 loss: 0.3572 accuracy: 0.9586 val_loss: 0.4162 val_accuracy: 0.9119
Epoch: 19 loss: 0.3506 accuracy: 0.9579 val_loss: 0.4372 val_accuracy: 0.9326
Epoch: 20 loss: 0.3431 accuracy: 0.9608 val_loss: 0.4142 val_accuracy: 0.9378
Epoch: 21 loss: 0.3258 accuracy: 0.9653 val_loss: 0.4428 val_accuracy: 0.9067
Epoch: 22 loss: 0.3235 accuracy: 0.9635 val_loss: 0.4683 val_accuracy: 0.9119
Epoch: 23 loss: 0.3203 accuracy: 0.9658 val_loss: 0.4006 val_accuracy: 0.9430
Epoch: 24 loss: 0.3121 accuracy: 0.9668 val_loss: 0.3809 val_accuracy: 0.9378
Epoch: 25 loss: 0.3008 accuracy: 0.9685 val_loss: 0.4432 val_accuracy: 0.9016
Epoch: 26 loss: 0.2967 accuracy: 0.9697 val_loss: 0.4150 val_accuracy: 0.9378
Epoch: 27 loss: 0.2881 accuracy: 0.9729 val_loss: 0.4232 val_accuracy: 0.9171
Epoch: 28 loss: 0.2830 accuracy: 0.9727 val_loss: 0.4040 val_accuracy: 0.9171
Epoch: 29 loss: 0.2726 accuracy: 0.9759 val_loss: 0.4045 val_accuracy: 0.9326

Epoch 00029: ReduceLROnPlateau reducing learning rate to 7.999999797903001e-05.
Epoch: 30 loss: 0.2708 accuracy: 0.9750 val_loss: 0.4127 val_accuracy: 0.9171
Epoch: 31 loss: 0.2608 accuracy: 0.9795 val_loss: 0.4530 val_accuracy: 0.9119
Epoch: 32 loss: 0.2544 accuracy: 0.9788 val_loss: 0.4453 val_accuracy: 0.9171
Epoch: 33 loss: 0.2480 accuracy: 0.9826 val_loss: 0.3827 val_accuracy: 0.9482
Epoch: 34 loss: 0.2417 accuracy: 0.9831 val_loss: 0.4494 val_accuracy: 0.9119

Epoch 00034: ReduceLROnPlateau reducing learning rate to 6.399999838322402e-05.
End of augmented training
Finish
Job ended!
