Mon 26 Feb 2024 11:23:50 PM EST
Python 3.9.7
nvcc: NVIDIA (R) Cuda compiler driver
Copyright (c) 2005-2019 NVIDIA Corporation
Built on Sun_Jul_28_19:07:16_PDT_2019
Cuda compilation tools, release 10.1, V10.1.243
My SLURM_ARRAY_TASK_ID: 
DB: ['ISIC2016', '_7_point_criteria']
IMG_SIZE: [150, 150]
CLASSIFIER: DenseNet121
SELF_AUG: 1
JOB_INDEX: None
Combining...
Combining 1 db out of 2 dbs
Combining 2 db out of 2 dbs
Stacking training images
Stacking training labels
Stacking validation images
Stacking validation labels
Model: "sequential"
_________________________________________________________________
Layer (type)                 Output Shape              Param #   
=================================================================
densenet121 (Functional)     (None, 1024)              7037504   
_________________________________________________________________
dense (Dense)                (None, 512)               524800    
_________________________________________________________________
dropout (Dropout)            (None, 512)               0         
_________________________________________________________________
batch_normalization (BatchNo (None, 512)               2048      
_________________________________________________________________
dense_1 (Dense)              (None, 256)               131328    
_________________________________________________________________
dropout_1 (Dropout)          (None, 256)               0         
_________________________________________________________________
batch_normalization_1 (Batch (None, 256)               1024      
_________________________________________________________________
dense_2 (Dense)              (None, 2)                 514       
=================================================================
Total params: 7,697,218
Trainable params: 658,178
Non-trainable params: 7,039,040
_________________________________________________________________
Fitting ISIC2016+_7_point_criteria_aug_DenseNet121_150h_150w_None model...
model_name: ISIC2016+_7_point_criteria_aug_DenseNet121_150h_150w_None
Epoch: 1 loss: 0.8806 accuracy: 0.5649 val_loss: 0.7176 val_accuracy: 0.2533
Epoch: 2 loss: 0.8321 accuracy: 0.5845 val_loss: 0.7216 val_accuracy: 0.2533
Epoch: 3 loss: 0.8418 accuracy: 0.5750 val_loss: 0.7568 val_accuracy: 0.2533
Epoch: 4 loss: 0.7568 accuracy: 0.6075 val_loss: 0.8091 val_accuracy: 0.2533
Epoch: 5 loss: 0.7498 accuracy: 0.6204 val_loss: 0.8245 val_accuracy: 0.2533
Epoch: 6 loss: 0.7568 accuracy: 0.6058 val_loss: 0.8158 val_accuracy: 0.2533
Epoch: 7 loss: 0.7378 accuracy: 0.6209 val_loss: 0.8081 val_accuracy: 0.2533
Epoch: 8 loss: 0.7238 accuracy: 0.6277 val_loss: 0.6760 val_accuracy: 0.5535
Epoch: 9 loss: 0.7123 accuracy: 0.6232 val_loss: 0.7417 val_accuracy: 0.4021
Epoch: 10 loss: 0.6880 accuracy: 0.6377 val_loss: 0.7192 val_accuracy: 0.4621
Epoch: 11 loss: 0.7014 accuracy: 0.6366 val_loss: 0.6589 val_accuracy: 0.6319
Epoch: 12 loss: 0.6859 accuracy: 0.6551 val_loss: 0.8019 val_accuracy: 0.3786
Epoch: 13 loss: 0.6859 accuracy: 0.6478 val_loss: 0.6369 val_accuracy: 0.6162
Epoch: 14 loss: 0.6944 accuracy: 0.6422 val_loss: 0.5697 val_accuracy: 0.7467
Epoch: 15 loss: 0.6853 accuracy: 0.6417 val_loss: 0.6518 val_accuracy: 0.6292
Epoch: 16 loss: 0.6585 accuracy: 0.6573 val_loss: 0.6038 val_accuracy: 0.6841
Epoch: 17 loss: 0.6834 accuracy: 0.6501 val_loss: 0.5548 val_accuracy: 0.7650
Epoch: 18 loss: 0.6641 accuracy: 0.6573 val_loss: 0.6033 val_accuracy: 0.6710
Epoch: 19 loss: 0.6562 accuracy: 0.6758 val_loss: 0.5503 val_accuracy: 0.7441
Epoch: 20 loss: 0.6774 accuracy: 0.6663 val_loss: 0.5255 val_accuracy: 0.7781
Job ended!
