Thu 02 May 2024 12:31:42 AM EDT
Python 3.9.7
nvcc: NVIDIA (R) Cuda compiler driver
Copyright (c) 2005-2019 NVIDIA Corporation
Built on Sun_Jul_28_19:07:16_PDT_2019
Cuda compilation tools, release 10.1, V10.1.243
My SLURM_ARRAY_TASK_ID: 
DB: ['ISIC2016', 'ISIC2017', 'ISIC2018', 'ISIC2019', 'ISIC2020', 'PH2']
IMG_SIZE: [384, 384]
CLASSIFIER: DenseNet121
JOB_INDEX: None
Start training augmented images
Combining...
Combining 1th db out of 6 dbs
Combining 2th db out of 6 dbs
Combining 3th db out of 6 dbs
Combining 4th db out of 6 dbs
Combining 5th db out of 6 dbs
Combining 6th db out of 6 dbs
Stacking data
Combining complete
Model: "sequential"
_________________________________________________________________
Layer (type)                 Output Shape              Param #   
=================================================================
densenet121 (Functional)     (None, 1024)              7037504   
_________________________________________________________________
dense (Dense)                (None, 512)               524800    
_________________________________________________________________
dropout (Dropout)            (None, 512)               0         
_________________________________________________________________
batch_normalization (BatchNo (None, 512)               2048      
_________________________________________________________________
dense_1 (Dense)              (None, 256)               131328    
_________________________________________________________________
batch_normalization_1 (Batch (None, 256)               1024      
_________________________________________________________________
dense_2 (Dense)              (None, 2)                 514       
=================================================================
Total params: 7,697,218
Trainable params: 658,178
Non-trainable params: 7,039,040
_________________________________________________________________
Fitting ISIC2016+ISIC2017+ISIC2018+ISIC2019+ISIC2020+PH2_aug_DenseNet121_384h_384w_None model...
model_name: ISIC2016+ISIC2017+ISIC2018+ISIC2019+ISIC2020+PH2_aug_DenseNet121_384h_384w_None
Epoch: 1 loss: 0.7443 accuracy: 0.8346 val_loss: 0.6326 val_accuracy: 0.8654
Epoch: 2 loss: 0.5720 accuracy: 0.8814 val_loss: 0.5290 val_accuracy: 0.8971
Epoch: 3 loss: 0.5103 accuracy: 0.8943 val_loss: 0.5172 val_accuracy: 0.8876
Epoch: 4 loss: 0.4632 accuracy: 0.9046 val_loss: 0.4803 val_accuracy: 0.8927
Epoch: 5 loss: 0.4293 accuracy: 0.9085 val_loss: 0.4517 val_accuracy: 0.8973
Epoch: 6 loss: 0.3949 accuracy: 0.9162 val_loss: 0.4040 val_accuracy: 0.9091
Epoch: 7 loss: 0.3694 accuracy: 0.9198 val_loss: 0.4059 val_accuracy: 0.9011
Epoch: 8 loss: 0.3472 accuracy: 0.9248 val_loss: 0.3603 val_accuracy: 0.9178
Epoch: 9 loss: 0.3270 accuracy: 0.9272 val_loss: 0.3804 val_accuracy: 0.9011
Epoch: 10 loss: 0.3104 accuracy: 0.9315 val_loss: 0.3451 val_accuracy: 0.9181
Epoch: 11 loss: 0.2999 accuracy: 0.9311 val_loss: 0.3397 val_accuracy: 0.9167
Epoch: 12 loss: 0.2841 accuracy: 0.9355 val_loss: 0.3506 val_accuracy: 0.9046
Epoch: 13 loss: 0.2703 accuracy: 0.9378 val_loss: 0.3000 val_accuracy: 0.9269
Epoch: 14 loss: 0.2564 accuracy: 0.9417 val_loss: 0.3024 val_accuracy: 0.9220
Epoch: 15 loss: 0.2489 accuracy: 0.9419 val_loss: 0.3077 val_accuracy: 0.9173
Epoch: 16 loss: 0.2385 accuracy: 0.9448 val_loss: 0.3430 val_accuracy: 0.9054
Epoch: 17 loss: 0.2364 accuracy: 0.9439 val_loss: 0.2871 val_accuracy: 0.9253
Epoch: 18 loss: 0.2292 accuracy: 0.9464 val_loss: 0.2886 val_accuracy: 0.9233
Epoch: 19 loss: 0.2210 accuracy: 0.9477 val_loss: 0.2847 val_accuracy: 0.9235
Epoch: 20 loss: 0.2146 accuracy: 0.9489 val_loss: 0.2815 val_accuracy: 0.9269
Epoch: 21 loss: 0.2088 accuracy: 0.9503 val_loss: 0.2906 val_accuracy: 0.9208
Epoch: 22 loss: 0.2061 accuracy: 0.9513 val_loss: 0.2699 val_accuracy: 0.9282
Epoch: 23 loss: 0.1982 accuracy: 0.9532 val_loss: 0.3092 val_accuracy: 0.9068
Epoch: 24 loss: 0.1981 accuracy: 0.9518 val_loss: 0.2789 val_accuracy: 0.9258
Epoch: 25 loss: 0.1933 accuracy: 0.9539 val_loss: 0.2634 val_accuracy: 0.9280
Epoch: 26 loss: 0.1900 accuracy: 0.9538 val_loss: 0.2812 val_accuracy: 0.9258
Epoch: 27 loss: 0.1835 accuracy: 0.9563 val_loss: 0.2578 val_accuracy: 0.9314
Epoch: 28 loss: 0.1793 accuracy: 0.9579 val_loss: 0.2725 val_accuracy: 0.9242
Epoch: 29 loss: 0.1776 accuracy: 0.9572 val_loss: 0.2481 val_accuracy: 0.9414
Epoch: 30 loss: 0.1723 accuracy: 0.9596 val_loss: 0.2805 val_accuracy: 0.9210
Epoch: 31 loss: 0.1711 accuracy: 0.9591 val_loss: 0.2508 val_accuracy: 0.9370
Epoch: 32 loss: 0.1697 accuracy: 0.9596 val_loss: 0.2471 val_accuracy: 0.9337
Epoch: 33 loss: 0.1631 accuracy: 0.9611 val_loss: 0.2510 val_accuracy: 0.9302
Epoch: 34 loss: 0.1639 accuracy: 0.9617 val_loss: 0.2659 val_accuracy: 0.9277
Epoch: 35 loss: 0.1576 accuracy: 0.9631 val_loss: 0.2542 val_accuracy: 0.9282
Epoch: 36 loss: 0.1597 accuracy: 0.9622 val_loss: 0.2712 val_accuracy: 0.9254
Epoch: 37 loss: 0.1575 accuracy: 0.9629 val_loss: 0.2596 val_accuracy: 0.9296

Epoch 00037: ReduceLROnPlateau reducing learning rate to 7.999999797903001e-05.
Epoch: 38 loss: 0.1479 accuracy: 0.9667 val_loss: 0.2451 val_accuracy: 0.9352
Epoch: 39 loss: 0.1442 accuracy: 0.9676 val_loss: 0.2425 val_accuracy: 0.9350
Epoch: 40 loss: 0.1376 accuracy: 0.9702 val_loss: 0.2498 val_accuracy: 0.9327
Epoch: 41 loss: 0.1372 accuracy: 0.9700 val_loss: 0.2332 val_accuracy: 0.9402
Epoch: 42 loss: 0.1353 accuracy: 0.9709 val_loss: 0.2434 val_accuracy: 0.9413
Epoch: 43 loss: 0.1351 accuracy: 0.9705 val_loss: 0.2305 val_accuracy: 0.9402
Epoch: 44 loss: 0.1306 accuracy: 0.9716 val_loss: 0.2268 val_accuracy: 0.9454
Epoch: 45 loss: 0.1302 accuracy: 0.9719 val_loss: 0.2352 val_accuracy: 0.9389
Epoch: 46 loss: 0.1314 accuracy: 0.9707 val_loss: 0.2408 val_accuracy: 0.9383
Epoch: 47 loss: 0.1290 accuracy: 0.9723 val_loss: 0.2426 val_accuracy: 0.9360
Epoch: 48 loss: 0.1237 accuracy: 0.9743 val_loss: 0.2434 val_accuracy: 0.9380
Epoch: 49 loss: 0.1221 accuracy: 0.9741 val_loss: 0.2444 val_accuracy: 0.9380

Epoch 00049: ReduceLROnPlateau reducing learning rate to 6.399999838322402e-05.
Epoch: 50 loss: 0.1172 accuracy: 0.9764 val_loss: 0.2412 val_accuracy: 0.9396
Epoch: 51 loss: 0.1116 accuracy: 0.9783 val_loss: 0.2352 val_accuracy: 0.9461
Epoch: 52 loss: 0.1122 accuracy: 0.9780 val_loss: 0.2346 val_accuracy: 0.9433
Epoch: 53 loss: 0.1106 accuracy: 0.9782 val_loss: 0.2200 val_accuracy: 0.9479
Epoch: 54 loss: 0.1086 accuracy: 0.9792 val_loss: 0.2450 val_accuracy: 0.9411
Epoch: 55 loss: 0.1077 accuracy: 0.9790 val_loss: 0.2602 val_accuracy: 0.9299
Epoch: 56 loss: 0.1056 accuracy: 0.9799 val_loss: 0.2297 val_accuracy: 0.9431
Epoch: 57 loss: 0.1054 accuracy: 0.9800 val_loss: 0.2358 val_accuracy: 0.9437
Epoch: 58 loss: 0.1050 accuracy: 0.9806 val_loss: 0.2369 val_accuracy: 0.9414

Epoch 00058: ReduceLROnPlateau reducing learning rate to 5.119999987073243e-05.
Epoch: 59 loss: 0.0978 accuracy: 0.9826 val_loss: 0.2388 val_accuracy: 0.9466
Epoch: 60 loss: 0.0971 accuracy: 0.9828 val_loss: 0.2223 val_accuracy: 0.9471
Epoch: 61 loss: 0.0953 accuracy: 0.9836 val_loss: 0.2261 val_accuracy: 0.9496
Epoch: 62 loss: 0.0923 accuracy: 0.9846 val_loss: 0.2296 val_accuracy: 0.9461
Epoch: 63 loss: 0.0960 accuracy: 0.9829 val_loss: 0.2290 val_accuracy: 0.9501

Epoch 00063: ReduceLROnPlateau reducing learning rate to 4.0960000478662555e-05.
End of augmented training
Finish
Job ended!
