Tue 27 Feb 2024 12:49:04 AM EST
Python 3.9.7
nvcc: NVIDIA (R) Cuda compiler driver
Copyright (c) 2005-2019 NVIDIA Corporation
Built on Sun_Jul_28_19:07:16_PDT_2019
Cuda compilation tools, release 10.1, V10.1.243
My SLURM_ARRAY_TASK_ID: 
DB: ['ISIC2016', 'ISIC2017', 'ISIC2018', 'ISIC2019', 'PH2', '_7_point_criteria']
IMG_SIZE: [150, 150]
CLASSIFIER: DenseNet121
SELF_AUG: 1
JOB_INDEX: None
Combining...
Combining 1 db out of 6 dbs
Combining 2 db out of 6 dbs
Combining 3 db out of 6 dbs
Combining 4 db out of 6 dbs
Combining 5 db out of 6 dbs
Combining 6 db out of 6 dbs
Stacking training images
Stacking training labels
Stacking validation images
Stacking validation labels
Model: "sequential"
_________________________________________________________________
Layer (type)                 Output Shape              Param #   
=================================================================
densenet121 (Functional)     (None, 1024)              7037504   
_________________________________________________________________
dense (Dense)                (None, 512)               524800    
_________________________________________________________________
dropout (Dropout)            (None, 512)               0         
_________________________________________________________________
batch_normalization (BatchNo (None, 512)               2048      
_________________________________________________________________
dense_1 (Dense)              (None, 256)               131328    
_________________________________________________________________
dropout_1 (Dropout)          (None, 256)               0         
_________________________________________________________________
batch_normalization_1 (Batch (None, 256)               1024      
_________________________________________________________________
dense_2 (Dense)              (None, 2)                 514       
=================================================================
Total params: 7,697,218
Trainable params: 658,178
Non-trainable params: 7,039,040
_________________________________________________________________
Fitting ISIC2016+ISIC2017+ISIC2018+ISIC2019+PH2+_7_point_criteria_aug_DenseNet121_150h_150w_None model...
model_name: ISIC2016+ISIC2017+ISIC2018+ISIC2019+PH2+_7_point_criteria_aug_DenseNet121_150h_150w_None
Epoch: 1 loss: 0.6902 accuracy: 0.6426 val_loss: 0.4857 val_accuracy: 0.7927
Epoch: 2 loss: 0.6033 accuracy: 0.6877 val_loss: 0.4324 val_accuracy: 0.8238
Epoch: 3 loss: 0.5644 accuracy: 0.7110 val_loss: 0.4931 val_accuracy: 0.7763
Epoch: 4 loss: 0.5372 accuracy: 0.7320 val_loss: 0.4372 val_accuracy: 0.8196
Epoch: 5 loss: 0.5221 accuracy: 0.7421 val_loss: 0.4817 val_accuracy: 0.7901
Epoch: 6 loss: 0.5125 accuracy: 0.7497 val_loss: 0.4134 val_accuracy: 0.8326
Epoch: 7 loss: 0.5040 accuracy: 0.7570 val_loss: 0.4361 val_accuracy: 0.8224
Epoch: 8 loss: 0.4979 accuracy: 0.7616 val_loss: 0.4369 val_accuracy: 0.8219
Epoch: 9 loss: 0.4930 accuracy: 0.7650 val_loss: 0.4330 val_accuracy: 0.8212
Epoch: 10 loss: 0.4879 accuracy: 0.7680 val_loss: 0.4189 val_accuracy: 0.8260
Epoch: 11 loss: 0.4864 accuracy: 0.7691 val_loss: 0.4169 val_accuracy: 0.8360
Epoch: 12 loss: 0.4817 accuracy: 0.7718 val_loss: 0.4273 val_accuracy: 0.8294
Epoch: 13 loss: 0.4840 accuracy: 0.7691 val_loss: 0.4365 val_accuracy: 0.8350
Epoch: 14 loss: 0.4827 accuracy: 0.7712 val_loss: 0.4334 val_accuracy: 0.8196
Epoch: 15 loss: 0.4751 accuracy: 0.7771 val_loss: 0.4143 val_accuracy: 0.8355
Epoch: 16 loss: 0.4759 accuracy: 0.7751 val_loss: 0.3919 val_accuracy: 0.8389
Epoch: 17 loss: 0.4738 accuracy: 0.7747 val_loss: 0.4221 val_accuracy: 0.8227
Epoch: 18 loss: 0.4708 accuracy: 0.7780 val_loss: 0.4533 val_accuracy: 0.8030
Epoch: 19 loss: 0.4705 accuracy: 0.7811 val_loss: 0.4461 val_accuracy: 0.8186
Epoch: 20 loss: 0.4684 accuracy: 0.7807 val_loss: 0.4125 val_accuracy: 0.8384
Job ended!
