Thu 29 Feb 2024 10:24:48 AM EST
Python 3.9.7
nvcc: NVIDIA (R) Cuda compiler driver
Copyright (c) 2005-2019 NVIDIA Corporation
Built on Sun_Jul_28_19:07:16_PDT_2019
Cuda compilation tools, release 10.1, V10.1.243
My SLURM_ARRAY_TASK_ID: 
DB: ['ISIC2016', 'ISIC2017', 'ISIC2018', 'ISIC2019', 'ISIC2020', 'PH2', '_7_point_criteria']
IMG_SIZE: [150, 150]
CLASSIFIER: DenseNet121
SELF_AUG: 1
JOB_INDEX: None
Combining...
Combining 1 db out of 7 dbs
Combining 2 db out of 7 dbs
Combining 3 db out of 7 dbs
Combining 4 db out of 7 dbs
Combining 5 db out of 7 dbs
Combining 6 db out of 7 dbs
Combining 7 db out of 7 dbs
Stacking training images
Stacking training labels
Stacking validation images
Stacking validation labels
Model: "sequential"
_________________________________________________________________
Layer (type)                 Output Shape              Param #   
=================================================================
densenet121 (Functional)     (None, 1024)              7037504   
_________________________________________________________________
dense (Dense)                (None, 512)               524800    
_________________________________________________________________
dropout (Dropout)            (None, 512)               0         
_________________________________________________________________
batch_normalization (BatchNo (None, 512)               2048      
_________________________________________________________________
dense_1 (Dense)              (None, 256)               131328    
_________________________________________________________________
dropout_1 (Dropout)          (None, 256)               0         
_________________________________________________________________
batch_normalization_1 (Batch (None, 256)               1024      
_________________________________________________________________
dense_2 (Dense)              (None, 2)                 514       
=================================================================
Total params: 7,697,218
Trainable params: 658,178
Non-trainable params: 7,039,040
_________________________________________________________________
Fitting ISIC2016+ISIC2017+ISIC2018+ISIC2019+ISIC2020+PH2+_7_point_criteria_aug_DenseNet121_150h_150w_None model...
model_name: ISIC2016+ISIC2017+ISIC2018+ISIC2019+ISIC2020+PH2+_7_point_criteria_aug_DenseNet121_150h_150w_None
Epoch: 1 loss: 0.4795 accuracy: 0.7818 val_loss: 0.2201 val_accuracy: 0.9197
Epoch: 2 loss: 0.3857 accuracy: 0.8231 val_loss: 0.2058 val_accuracy: 0.9226
Epoch: 3 loss: 0.3617 accuracy: 0.8326 val_loss: 0.2029 val_accuracy: 0.9258
Epoch: 4 loss: 0.3462 accuracy: 0.8402 val_loss: 0.1953 val_accuracy: 0.9272
Epoch: 5 loss: 0.3358 accuracy: 0.8468 val_loss: 0.1934 val_accuracy: 0.9278
Epoch: 6 loss: 0.3278 accuracy: 0.8495 val_loss: 0.1922 val_accuracy: 0.9272
Epoch: 7 loss: 0.3201 accuracy: 0.8538 val_loss: 0.1871 val_accuracy: 0.9308
Epoch: 8 loss: 0.3128 accuracy: 0.8583 val_loss: 0.1853 val_accuracy: 0.9311
Epoch: 9 loss: 0.3067 accuracy: 0.8618 val_loss: 0.1876 val_accuracy: 0.9303
Epoch: 10 loss: 0.2986 accuracy: 0.8645 val_loss: 0.1844 val_accuracy: 0.9322
Epoch: 11 loss: 0.2937 accuracy: 0.8664 val_loss: 0.1824 val_accuracy: 0.9318
Epoch: 12 loss: 0.2872 accuracy: 0.8706 val_loss: 0.1875 val_accuracy: 0.9291
Epoch: 13 loss: 0.2830 accuracy: 0.8724 val_loss: 0.1825 val_accuracy: 0.9354
Epoch: 14 loss: 0.2755 accuracy: 0.8764 val_loss: 0.1854 val_accuracy: 0.9327
Epoch: 15 loss: 0.2712 accuracy: 0.8779 val_loss: 0.1856 val_accuracy: 0.9347
Epoch: 16 loss: 0.2660 accuracy: 0.8804 val_loss: 0.1835 val_accuracy: 0.9343
Epoch: 17 loss: 0.2622 accuracy: 0.8827 val_loss: 0.1862 val_accuracy: 0.9341
Epoch: 18 loss: 0.2583 accuracy: 0.8861 val_loss: 0.1851 val_accuracy: 0.9359
Epoch: 19 loss: 0.2523 accuracy: 0.8874 val_loss: 0.1872 val_accuracy: 0.9335
Epoch: 20 loss: 0.2499 accuracy: 0.8890 val_loss: 0.1849 val_accuracy: 0.9370
Job ended!
