Mon 29 Apr 2024 04:15:54 PM EDT
Python 3.9.7
nvcc: NVIDIA (R) Cuda compiler driver
Copyright (c) 2005-2019 NVIDIA Corporation
Built on Sun_Jul_28_19:07:16_PDT_2019
Cuda compilation tools, release 10.1, V10.1.243
My SLURM_ARRAY_TASK_ID: 
DB: ['ISIC2016', '_7_point_criteria']
IMG_SIZE: [640, 640]
CLASSIFIER: DenseNet121
JOB_INDEX: None
Start training augmented images
Combining...
Combining 1th db out of 2 dbs
Combining 2th db out of 2 dbs
Stacking data
Combining complete
Model: "sequential"
_________________________________________________________________
Layer (type)                 Output Shape              Param #   
=================================================================
densenet121 (Functional)     (None, 1024)              7037504   
_________________________________________________________________
dense (Dense)                (None, 512)               524800    
_________________________________________________________________
dropout (Dropout)            (None, 512)               0         
_________________________________________________________________
batch_normalization (BatchNo (None, 512)               2048      
_________________________________________________________________
dense_1 (Dense)              (None, 256)               131328    
_________________________________________________________________
dropout_1 (Dropout)          (None, 256)               0         
_________________________________________________________________
batch_normalization_1 (Batch (None, 256)               1024      
_________________________________________________________________
dense_2 (Dense)              (None, 2)                 514       
=================================================================
Total params: 7,697,218
Trainable params: 658,178
Non-trainable params: 7,039,040
_________________________________________________________________
Fitting ISIC2016+_7_point_criteria_aug_DenseNet121_640h_640w_None model...
model_name: ISIC2016+_7_point_criteria_aug_DenseNet121_640h_640w_None
Epoch: 1 loss: 1.0099 accuracy: 0.5134 val_loss: 0.7009 val_accuracy: 0.4856
Epoch: 2 loss: 0.8733 accuracy: 0.5771 val_loss: 0.6131 val_accuracy: 0.7337
Epoch: 3 loss: 0.8375 accuracy: 0.5871 val_loss: 0.5778 val_accuracy: 0.7702
Epoch: 4 loss: 0.8248 accuracy: 0.5733 val_loss: 0.5501 val_accuracy: 0.7963
Epoch: 5 loss: 0.7979 accuracy: 0.5916 val_loss: 0.5290 val_accuracy: 0.7937
Epoch: 6 loss: 0.7869 accuracy: 0.5831 val_loss: 0.5425 val_accuracy: 0.7755
Epoch: 7 loss: 0.7738 accuracy: 0.5907 val_loss: 0.5282 val_accuracy: 0.7937
Epoch: 8 loss: 0.7268 accuracy: 0.6311 val_loss: 0.5270 val_accuracy: 0.7755
Epoch: 9 loss: 0.7497 accuracy: 0.6120 val_loss: 0.5567 val_accuracy: 0.7624
Epoch: 10 loss: 0.7357 accuracy: 0.6083 val_loss: 0.5242 val_accuracy: 0.7676
Epoch: 11 loss: 0.7162 accuracy: 0.6315 val_loss: 0.5193 val_accuracy: 0.7546
Epoch: 12 loss: 0.6550 accuracy: 0.6600 val_loss: 0.5419 val_accuracy: 0.7467
Epoch: 13 loss: 0.7194 accuracy: 0.6261 val_loss: 0.5430 val_accuracy: 0.7441
Epoch: 14 loss: 0.6021 accuracy: 0.6926 val_loss: 0.5356 val_accuracy: 0.7363
Epoch: 15 loss: 0.7059 accuracy: 0.6297 val_loss: 0.5466 val_accuracy: 0.7389
Epoch: 16 loss: 0.6919 accuracy: 0.6350 val_loss: 0.5212 val_accuracy: 0.7781
Epoch: 17 loss: 0.6861 accuracy: 0.6385 val_loss: 0.5175 val_accuracy: 0.7755
Epoch: 18 loss: 0.7095 accuracy: 0.6246 val_loss: 0.5390 val_accuracy: 0.7520
Epoch: 19 loss: 0.6476 accuracy: 0.6652 val_loss: 0.5402 val_accuracy: 0.7493
Epoch: 20 loss: 0.6925 accuracy: 0.6339 val_loss: 0.5357 val_accuracy: 0.7676
Epoch: 21 loss: 0.7180 accuracy: 0.6094 val_loss: 0.5265 val_accuracy: 0.7781
Epoch: 22 loss: 0.5994 accuracy: 0.6830 val_loss: 0.5455 val_accuracy: 0.7598
Epoch: 23 loss: 0.6362 accuracy: 0.6614 val_loss: 0.5980 val_accuracy: 0.6971
Epoch: 24 loss: 0.6286 accuracy: 0.6719 val_loss: 0.5985 val_accuracy: 0.6841
Epoch: 25 loss: 0.6070 accuracy: 0.6875 val_loss: 0.5574 val_accuracy: 0.7154
Epoch: 26 loss: 0.6386 accuracy: 0.6618 val_loss: 0.5816 val_accuracy: 0.6815
Epoch: 27 loss: 0.5857 accuracy: 0.7031 val_loss: 0.5615 val_accuracy: 0.7154
Epoch: 28 loss: 0.5894 accuracy: 0.6983 val_loss: 0.5827 val_accuracy: 0.6867
Epoch: 29 loss: 0.6421 accuracy: 0.6604 val_loss: 0.6393 val_accuracy: 0.6449
Epoch: 30 loss: 0.6102 accuracy: 0.6835 val_loss: 0.6064 val_accuracy: 0.6919
Epoch: 31 loss: 0.6406 accuracy: 0.6473 val_loss: 0.5573 val_accuracy: 0.7363
Epoch: 32 loss: 0.5490 accuracy: 0.7399 val_loss: 0.5359 val_accuracy: 0.7363
Epoch: 33 loss: 0.6155 accuracy: 0.6724 val_loss: 0.5426 val_accuracy: 0.7206
Epoch: 34 loss: 0.6049 accuracy: 0.6747 val_loss: 0.5123 val_accuracy: 0.7650
Epoch: 35 loss: 0.6295 accuracy: 0.6669 val_loss: 0.5643 val_accuracy: 0.6971
Epoch: 36 loss: 0.6121 accuracy: 0.6897 val_loss: 0.5321 val_accuracy: 0.7363
Epoch: 37 loss: 0.5323 accuracy: 0.7416 val_loss: 0.5681 val_accuracy: 0.7337
Epoch: 38 loss: 0.5883 accuracy: 0.7035 val_loss: 0.5388 val_accuracy: 0.7415
Epoch: 39 loss: 0.5130 accuracy: 0.7513 val_loss: 0.5446 val_accuracy: 0.7311
Epoch: 40 loss: 0.5501 accuracy: 0.7165 val_loss: 0.5598 val_accuracy: 0.7258
End of augmented training
Finish
Job ended!
