Mon 26 Feb 2024 08:49:27 PM EST
Python 3.9.7
nvcc: NVIDIA (R) Cuda compiler driver
Copyright (c) 2005-2019 NVIDIA Corporation
Built on Sun_Jul_28_19:07:16_PDT_2019
Cuda compilation tools, release 10.1, V10.1.243
My SLURM_ARRAY_TASK_ID:  1
DB: ['ISIC2020']
IMG_SIZE: [150, 150]
CLASSIFIER: DenseNet121
SELF_AUG: 0
JOB_INDEX: 1
Combining...
Combining 1 db out of 1 dbs
Stacking training images
Stacking training labels
Stacking validation images
Stacking validation labels
Model: "sequential"
_________________________________________________________________
Layer (type)                 Output Shape              Param #   
=================================================================
densenet121 (Functional)     (None, 1024)              7037504   
_________________________________________________________________
dense (Dense)                (None, 512)               524800    
_________________________________________________________________
dropout (Dropout)            (None, 512)               0         
_________________________________________________________________
batch_normalization (BatchNo (None, 512)               2048      
_________________________________________________________________
dense_1 (Dense)              (None, 256)               131328    
_________________________________________________________________
dropout_1 (Dropout)          (None, 256)               0         
_________________________________________________________________
batch_normalization_1 (Batch (None, 256)               1024      
_________________________________________________________________
dense_2 (Dense)              (None, 2)                 514       
=================================================================
Total params: 7,697,218
Trainable params: 658,178
Non-trainable params: 7,039,040
_________________________________________________________________
Fitting ISIC2020_noaug_DenseNet121_150h_150w_1 model...
model_name: ISIC2020_noaug_DenseNet121_150h_150w_1
Epoch: 1 loss: 0.4899 accuracy: 0.7762 val_loss: 0.1809 val_accuracy: 0.9834
Epoch: 2 loss: 0.1585 accuracy: 0.9695 val_loss: 0.0856 val_accuracy: 0.9843
Epoch: 3 loss: 0.1047 accuracy: 0.9805 val_loss: 0.0760 val_accuracy: 0.9843
Epoch: 4 loss: 0.0971 accuracy: 0.9811 val_loss: 0.0781 val_accuracy: 0.9843
Epoch: 5 loss: 0.0948 accuracy: 0.9816 val_loss: 0.0737 val_accuracy: 0.9839
Epoch: 6 loss: 0.0910 accuracy: 0.9816 val_loss: 0.0967 val_accuracy: 0.9834
Epoch: 7 loss: 0.0915 accuracy: 0.9817 val_loss: 0.0728 val_accuracy: 0.9843
Epoch: 8 loss: 0.0884 accuracy: 0.9818 val_loss: 0.0753 val_accuracy: 0.9843
Epoch: 9 loss: 0.0892 accuracy: 0.9818 val_loss: 0.0712 val_accuracy: 0.9843
Epoch: 10 loss: 0.0876 accuracy: 0.9818 val_loss: 0.0723 val_accuracy: 0.9843
Epoch: 11 loss: 0.0870 accuracy: 0.9817 val_loss: 0.0726 val_accuracy: 0.9843
Epoch: 12 loss: 0.0858 accuracy: 0.9820 val_loss: 0.0730 val_accuracy: 0.9843
Epoch: 13 loss: 0.0873 accuracy: 0.9819 val_loss: 0.0723 val_accuracy: 0.9843
Epoch: 14 loss: 0.0850 accuracy: 0.9819 val_loss: 0.0812 val_accuracy: 0.9843
Epoch: 15 loss: 0.0857 accuracy: 0.9819 val_loss: 0.0729 val_accuracy: 0.9843
Epoch: 16 loss: 0.0835 accuracy: 0.9819 val_loss: 0.0719 val_accuracy: 0.9843
Epoch: 17 loss: 0.0835 accuracy: 0.9819 val_loss: 0.0720 val_accuracy: 0.9843
Epoch: 18 loss: 0.0819 accuracy: 0.9819 val_loss: 0.0720 val_accuracy: 0.9843
Epoch: 19 loss: 0.0821 accuracy: 0.9819 val_loss: 0.0761 val_accuracy: 0.9843
Epoch: 20 loss: 0.0823 accuracy: 0.9819 val_loss: 0.0723 val_accuracy: 0.9843
Job ended!
