Thu 02 May 2024 07:17:54 AM EDT
Python 3.9.7
nvcc: NVIDIA (R) Cuda compiler driver
Copyright (c) 2005-2019 NVIDIA Corporation
Built on Sun_Jul_28_19:07:16_PDT_2019
Cuda compilation tools, release 10.1, V10.1.243
My SLURM_ARRAY_TASK_ID: 
DB: ['ISIC2017']
IMG_SIZE: [384, 384]
CLASSIFIER: DenseNet121
JOB_INDEX: None
Start training augmented images
Combining...
Combining 1th db out of 1 dbs
Stacking data
Combining complete
Model: "sequential"
_________________________________________________________________
Layer (type)                 Output Shape              Param #   
=================================================================
densenet121 (Functional)     (None, 1024)              7037504   
_________________________________________________________________
dense (Dense)                (None, 512)               524800    
_________________________________________________________________
dropout (Dropout)            (None, 512)               0         
_________________________________________________________________
batch_normalization (BatchNo (None, 512)               2048      
_________________________________________________________________
dense_1 (Dense)              (None, 256)               131328    
_________________________________________________________________
batch_normalization_1 (Batch (None, 256)               1024      
_________________________________________________________________
dense_2 (Dense)              (None, 2)                 514       
=================================================================
Total params: 7,697,218
Trainable params: 658,178
Non-trainable params: 7,039,040
_________________________________________________________________
Fitting ISIC2017_aug_DenseNet121_384h_384w_None model...
model_name: ISIC2017_aug_DenseNet121_384h_384w_None
Epoch: 1 loss: 1.2143 accuracy: 0.6729 val_loss: 1.0756 val_accuracy: 0.7267
Epoch: 2 loss: 1.0425 accuracy: 0.7367 val_loss: 1.0193 val_accuracy: 0.7333
Epoch: 3 loss: 0.9293 accuracy: 0.7822 val_loss: 0.9957 val_accuracy: 0.7533
Epoch: 4 loss: 0.8555 accuracy: 0.8118 val_loss: 0.9363 val_accuracy: 0.7733
Epoch: 5 loss: 0.8119 accuracy: 0.8178 val_loss: 0.9400 val_accuracy: 0.7600
Epoch: 6 loss: 0.7835 accuracy: 0.8238 val_loss: 0.9100 val_accuracy: 0.7667
Epoch: 7 loss: 0.7426 accuracy: 0.8418 val_loss: 0.9070 val_accuracy: 0.8067
Epoch: 8 loss: 0.6891 accuracy: 0.8733 val_loss: 0.8556 val_accuracy: 0.8133
Epoch: 9 loss: 0.6606 accuracy: 0.8856 val_loss: 0.8766 val_accuracy: 0.8133
Epoch: 10 loss: 0.6311 accuracy: 0.9029 val_loss: 0.8763 val_accuracy: 0.8400
Epoch: 11 loss: 0.6359 accuracy: 0.8870 val_loss: 0.8699 val_accuracy: 0.8267
Epoch: 12 loss: 0.6072 accuracy: 0.8979 val_loss: 0.8895 val_accuracy: 0.8200
Epoch: 13 loss: 0.5851 accuracy: 0.9096 val_loss: 0.8525 val_accuracy: 0.8200
Epoch: 14 loss: 0.5710 accuracy: 0.9122 val_loss: 0.8705 val_accuracy: 0.8133
Epoch: 15 loss: 0.5441 accuracy: 0.9249 val_loss: 0.8940 val_accuracy: 0.7867
Epoch: 16 loss: 0.5269 accuracy: 0.9295 val_loss: 0.8805 val_accuracy: 0.8267
Epoch: 17 loss: 0.5238 accuracy: 0.9299 val_loss: 0.9008 val_accuracy: 0.8200
Epoch: 18 loss: 0.5107 accuracy: 0.9335 val_loss: 0.8915 val_accuracy: 0.7933

Epoch 00018: ReduceLROnPlateau reducing learning rate to 7.999999797903001e-05.
Epoch: 19 loss: 0.4905 accuracy: 0.9435 val_loss: 0.8966 val_accuracy: 0.8067
Epoch: 20 loss: 0.4832 accuracy: 0.9475 val_loss: 0.8979 val_accuracy: 0.7800
Epoch: 21 loss: 0.4773 accuracy: 0.9505 val_loss: 0.9046 val_accuracy: 0.8000
Epoch: 22 loss: 0.4632 accuracy: 0.9535 val_loss: 0.8955 val_accuracy: 0.8133
Epoch: 23 loss: 0.4651 accuracy: 0.9498 val_loss: 0.9090 val_accuracy: 0.8200

Epoch 00023: ReduceLROnPlateau reducing learning rate to 6.399999838322402e-05.
End of augmented training
Finish
Job ended!
