Thu 02 May 2024 07:15:25 AM EDT
Python 3.9.7
nvcc: NVIDIA (R) Cuda compiler driver
Copyright (c) 2005-2019 NVIDIA Corporation
Built on Sun_Jul_28_19:07:16_PDT_2019
Cuda compilation tools, release 10.1, V10.1.243
My SLURM_ARRAY_TASK_ID: 
DB: ['ISIC2016', 'PH2']
IMG_SIZE: [384, 384]
CLASSIFIER: DenseNet121
JOB_INDEX: None
Start training augmented images
Combining...
Combining 1th db out of 2 dbs
Combining 2th db out of 2 dbs
Stacking data
Combining complete
Model: "sequential"
_________________________________________________________________
Layer (type)                 Output Shape              Param #   
=================================================================
densenet121 (Functional)     (None, 1024)              7037504   
_________________________________________________________________
dense (Dense)                (None, 512)               524800    
_________________________________________________________________
dropout (Dropout)            (None, 512)               0         
_________________________________________________________________
batch_normalization (BatchNo (None, 512)               2048      
_________________________________________________________________
dense_1 (Dense)              (None, 256)               131328    
_________________________________________________________________
batch_normalization_1 (Batch (None, 256)               1024      
_________________________________________________________________
dense_2 (Dense)              (None, 2)                 514       
=================================================================
Total params: 7,697,218
Trainable params: 658,178
Non-trainable params: 7,039,040
_________________________________________________________________
Fitting ISIC2016+PH2_aug_DenseNet121_384h_384w_None model...
model_name: ISIC2016+PH2_aug_DenseNet121_384h_384w_None
Epoch: 1 loss: 1.2704 accuracy: 0.6223 val_loss: 1.0089 val_accuracy: 0.8278
Epoch: 2 loss: 0.9884 accuracy: 0.7636 val_loss: 0.9910 val_accuracy: 0.8333
Epoch: 3 loss: 0.9285 accuracy: 0.8030 val_loss: 0.9652 val_accuracy: 0.8222
Epoch: 4 loss: 0.8577 accuracy: 0.8295 val_loss: 0.9383 val_accuracy: 0.8389
Epoch: 5 loss: 0.8244 accuracy: 0.8383 val_loss: 0.9488 val_accuracy: 0.8167
Epoch: 6 loss: 0.7565 accuracy: 0.8750 val_loss: 0.9449 val_accuracy: 0.7944
Epoch: 7 loss: 0.7528 accuracy: 0.8628 val_loss: 0.9165 val_accuracy: 0.8056
Epoch: 8 loss: 0.6921 accuracy: 0.9015 val_loss: 0.8650 val_accuracy: 0.8167
Epoch: 9 loss: 0.6650 accuracy: 0.8954 val_loss: 0.8867 val_accuracy: 0.8056
Epoch: 10 loss: 0.6559 accuracy: 0.9035 val_loss: 0.8525 val_accuracy: 0.7944
Epoch: 11 loss: 0.6192 accuracy: 0.9158 val_loss: 0.8825 val_accuracy: 0.7500
Epoch: 12 loss: 0.6263 accuracy: 0.9164 val_loss: 0.8566 val_accuracy: 0.7722
Epoch: 13 loss: 0.5961 accuracy: 0.9273 val_loss: 0.8590 val_accuracy: 0.7833
Epoch: 14 loss: 0.5629 accuracy: 0.9443 val_loss: 0.8646 val_accuracy: 0.7500
Epoch: 15 loss: 0.5779 accuracy: 0.9355 val_loss: 0.8849 val_accuracy: 0.7278

Epoch 00015: ReduceLROnPlateau reducing learning rate to 7.999999797903001e-05.
Epoch: 16 loss: 0.5553 accuracy: 0.9239 val_loss: 0.8404 val_accuracy: 0.7722
Epoch: 17 loss: 0.5271 accuracy: 0.9511 val_loss: 0.8327 val_accuracy: 0.7722
Epoch: 18 loss: 0.5099 accuracy: 0.9545 val_loss: 0.8153 val_accuracy: 0.7778
Epoch: 19 loss: 0.4975 accuracy: 0.9579 val_loss: 0.8391 val_accuracy: 0.7889
Epoch: 20 loss: 0.5061 accuracy: 0.9524 val_loss: 0.8388 val_accuracy: 0.7889
Epoch: 21 loss: 0.4759 accuracy: 0.9708 val_loss: 0.8787 val_accuracy: 0.7667
Epoch: 22 loss: 0.4988 accuracy: 0.9592 val_loss: 0.8405 val_accuracy: 0.7778
Epoch: 23 loss: 0.4749 accuracy: 0.9599 val_loss: 0.8568 val_accuracy: 0.7778

Epoch 00023: ReduceLROnPlateau reducing learning rate to 6.399999838322402e-05.
Epoch: 24 loss: 0.4667 accuracy: 0.9626 val_loss: 0.8812 val_accuracy: 0.7611
Epoch: 25 loss: 0.4697 accuracy: 0.9688 val_loss: 0.9028 val_accuracy: 0.7611
Epoch: 26 loss: 0.4481 accuracy: 0.9708 val_loss: 0.8540 val_accuracy: 0.7556
Epoch: 27 loss: 0.4583 accuracy: 0.9660 val_loss: 0.8560 val_accuracy: 0.7667
Epoch: 28 loss: 0.4380 accuracy: 0.9742 val_loss: 0.8478 val_accuracy: 0.7667

Epoch 00028: ReduceLROnPlateau reducing learning rate to 5.119999987073243e-05.
End of augmented training
Finish
Job ended!
