Thu 29 Feb 2024 12:53:41 PM EST
Python 3.9.7
nvcc: NVIDIA (R) Cuda compiler driver
Copyright (c) 2005-2019 NVIDIA Corporation
Built on Sun_Jul_28_19:07:16_PDT_2019
Cuda compilation tools, release 10.1, V10.1.243
My SLURM_ARRAY_TASK_ID: 
DB: ['ISIC2016', 'ISIC2017', 'ISIC2018', 'PH2', '_7_point_criteria']
IMG_SIZE: [150, 150]
CLASSIFIER: DenseNet121
SELF_AUG: 1
JOB_INDEX: None
Combining...
Combining 1 db out of 5 dbs
Combining 2 db out of 5 dbs
Combining 3 db out of 5 dbs
Combining 4 db out of 5 dbs
Combining 5 db out of 5 dbs
Stacking training images
Stacking training labels
Stacking validation images
Stacking validation labels
Model: "sequential"
_________________________________________________________________
Layer (type)                 Output Shape              Param #   
=================================================================
densenet121 (Functional)     (None, 1024)              7037504   
_________________________________________________________________
dense (Dense)                (None, 512)               524800    
_________________________________________________________________
dropout (Dropout)            (None, 512)               0         
_________________________________________________________________
batch_normalization (BatchNo (None, 512)               2048      
_________________________________________________________________
dense_1 (Dense)              (None, 256)               131328    
_________________________________________________________________
dropout_1 (Dropout)          (None, 256)               0         
_________________________________________________________________
batch_normalization_1 (Batch (None, 256)               1024      
_________________________________________________________________
dense_2 (Dense)              (None, 2)                 514       
=================================================================
Total params: 7,697,218
Trainable params: 658,178
Non-trainable params: 7,039,040
_________________________________________________________________
Fitting ISIC2016+ISIC2017+ISIC2018+PH2+_7_point_criteria_aug_DenseNet121_150h_150w_None model...
model_name: ISIC2016+ISIC2017+ISIC2018+PH2+_7_point_criteria_aug_DenseNet121_150h_150w_None
Epoch: 1 loss: 0.6128 accuracy: 0.7133 val_loss: 0.4225 val_accuracy: 0.8140
Epoch: 2 loss: 0.4709 accuracy: 0.7883 val_loss: 0.4183 val_accuracy: 0.8099
Epoch: 3 loss: 0.4367 accuracy: 0.8034 val_loss: 0.4154 val_accuracy: 0.8196
Epoch: 4 loss: 0.4148 accuracy: 0.8152 val_loss: 0.3929 val_accuracy: 0.8251
Epoch: 5 loss: 0.3911 accuracy: 0.8229 val_loss: 0.4000 val_accuracy: 0.8306
Epoch: 6 loss: 0.3780 accuracy: 0.8314 val_loss: 0.3962 val_accuracy: 0.8347
Epoch: 7 loss: 0.3645 accuracy: 0.8361 val_loss: 0.3896 val_accuracy: 0.8375
Epoch: 8 loss: 0.3497 accuracy: 0.8448 val_loss: 0.3905 val_accuracy: 0.8388
Epoch: 9 loss: 0.3371 accuracy: 0.8494 val_loss: 0.3978 val_accuracy: 0.8444
Epoch: 10 loss: 0.3250 accuracy: 0.8554 val_loss: 0.3937 val_accuracy: 0.8471
Epoch: 11 loss: 0.3125 accuracy: 0.8599 val_loss: 0.4155 val_accuracy: 0.8457
Epoch: 12 loss: 0.2999 accuracy: 0.8680 val_loss: 0.3991 val_accuracy: 0.8375
Epoch: 13 loss: 0.2925 accuracy: 0.8728 val_loss: 0.3996 val_accuracy: 0.8457
Epoch: 14 loss: 0.2807 accuracy: 0.8773 val_loss: 0.3994 val_accuracy: 0.8402
Epoch: 15 loss: 0.2760 accuracy: 0.8799 val_loss: 0.4280 val_accuracy: 0.8416
Epoch: 16 loss: 0.2656 accuracy: 0.8849 val_loss: 0.4177 val_accuracy: 0.8430
Epoch: 17 loss: 0.2549 accuracy: 0.8909 val_loss: 0.4366 val_accuracy: 0.8457
Epoch: 18 loss: 0.2465 accuracy: 0.8910 val_loss: 0.4291 val_accuracy: 0.8430
Epoch: 19 loss: 0.2365 accuracy: 0.9001 val_loss: 0.4457 val_accuracy: 0.8375
Epoch: 20 loss: 0.2325 accuracy: 0.9005 val_loss: 0.4446 val_accuracy: 0.8540
Job ended!
