DB: ['ISIC2016', 'ISIC2017', 'ISIC2018', 'ISIC2019', 'ISIC2020', 'PH2', '_7_point_criteria', 'PAD_UFES_20', 'MEDNODE', 'KaggleMB']
CLASSIFIER: Densenet121
JOB_INDEX: None
Start training ISIC2016+ISIC2017+ISIC2018+ISIC2019+ISIC2020+PH2+_7_point_criteria+PAD_UFES_20+MEDNODE+KaggleMB_Densenet121
Combining...
Combining 1th db out of 10 dbs
Combining 2th db out of 10 dbs
Combining 3th db out of 10 dbs
Combining 4th db out of 10 dbs
Combining 5th db out of 10 dbs
Combining 6th db out of 10 dbs
Combining 7th db out of 10 dbs
Combining 8th db out of 10 dbs
Combining 9th db out of 10 dbs
Combining 10th db out of 10 dbs
Stacking data
Combining complete
Epoch 0/49
----------
Train Loss: 0.4509 Acc: 0.7831
Val Loss: 0.3729 Acc: 0.8202

Epoch 1/49
----------
