Mon 26 Feb 2024 11:33:32 PM EST
Python 3.9.7
nvcc: NVIDIA (R) Cuda compiler driver
Copyright (c) 2005-2019 NVIDIA Corporation
Built on Sun_Jul_28_19:07:16_PDT_2019
Cuda compilation tools, release 10.1, V10.1.243
My SLURM_ARRAY_TASK_ID: 
DB: ['ISIC2016', 'ISIC2017', 'ISIC2018', '_7_point_criteria', 'PAD_UFES_20']
IMG_SIZE: [150, 150]
CLASSIFIER: DenseNet121
SELF_AUG: 1
JOB_INDEX: None
Combining...
Combining 1 db out of 5 dbs
Combining 2 db out of 5 dbs
Combining 3 db out of 5 dbs
Combining 4 db out of 5 dbs
Combining 5 db out of 5 dbs
Stacking training images
Stacking training labels
Stacking validation images
Stacking validation labels
Model: "sequential"
_________________________________________________________________
Layer (type)                 Output Shape              Param #   
=================================================================
densenet121 (Functional)     (None, 1024)              7037504   
_________________________________________________________________
dense (Dense)                (None, 512)               524800    
_________________________________________________________________
dropout (Dropout)            (None, 512)               0         
_________________________________________________________________
batch_normalization (BatchNo (None, 512)               2048      
_________________________________________________________________
dense_1 (Dense)              (None, 256)               131328    
_________________________________________________________________
dropout_1 (Dropout)          (None, 256)               0         
_________________________________________________________________
batch_normalization_1 (Batch (None, 256)               1024      
_________________________________________________________________
dense_2 (Dense)              (None, 2)                 514       
=================================================================
Total params: 7,697,218
Trainable params: 658,178
Non-trainable params: 7,039,040
_________________________________________________________________
Fitting ISIC2016+ISIC2017+ISIC2018+_7_point_criteria+PAD_UFES_20_aug_DenseNet121_150h_150w_None model...
model_name: ISIC2016+ISIC2017+ISIC2018+_7_point_criteria+PAD_UFES_20_aug_DenseNet121_150h_150w_None
Epoch: 1 loss: 0.6954 accuracy: 0.6424 val_loss: 0.4853 val_accuracy: 0.7808
Epoch: 2 loss: 0.5805 accuracy: 0.7131 val_loss: 0.4588 val_accuracy: 0.8103
Epoch: 3 loss: 0.5411 accuracy: 0.7332 val_loss: 0.4140 val_accuracy: 0.8609
Epoch: 4 loss: 0.5236 accuracy: 0.7462 val_loss: 0.4649 val_accuracy: 0.7968
Epoch: 5 loss: 0.5103 accuracy: 0.7543 val_loss: 0.4183 val_accuracy: 0.8381
Epoch: 6 loss: 0.4896 accuracy: 0.7649 val_loss: 0.4623 val_accuracy: 0.8069
Epoch: 7 loss: 0.4845 accuracy: 0.7693 val_loss: 0.4508 val_accuracy: 0.8272
Epoch: 8 loss: 0.4782 accuracy: 0.7712 val_loss: 0.4889 val_accuracy: 0.7850
Epoch: 9 loss: 0.4728 accuracy: 0.7749 val_loss: 0.4257 val_accuracy: 0.8516
Epoch: 10 loss: 0.4663 accuracy: 0.7784 val_loss: 0.4440 val_accuracy: 0.8179
Epoch: 11 loss: 0.4593 accuracy: 0.7854 val_loss: 0.4353 val_accuracy: 0.8238
Epoch: 12 loss: 0.4547 accuracy: 0.7898 val_loss: 0.4515 val_accuracy: 0.8111
Epoch: 13 loss: 0.4535 accuracy: 0.7870 val_loss: 0.4037 val_accuracy: 0.8440
Epoch: 14 loss: 0.4541 accuracy: 0.7892 val_loss: 0.4260 val_accuracy: 0.8238
Epoch: 15 loss: 0.4480 accuracy: 0.7900 val_loss: 0.4747 val_accuracy: 0.8162
Epoch: 16 loss: 0.4450 accuracy: 0.7917 val_loss: 0.4033 val_accuracy: 0.8373
Epoch: 17 loss: 0.4398 accuracy: 0.7968 val_loss: 0.4046 val_accuracy: 0.8305
Epoch: 18 loss: 0.4384 accuracy: 0.7985 val_loss: 0.4134 val_accuracy: 0.8373
Epoch: 19 loss: 0.4370 accuracy: 0.7992 val_loss: 0.3638 val_accuracy: 0.8642
Epoch: 20 loss: 0.4315 accuracy: 0.8011 val_loss: 0.4216 val_accuracy: 0.8204
Job ended!
