Thu 02 May 2024 07:21:39 AM EDT
Python 3.9.7
nvcc: NVIDIA (R) Cuda compiler driver
Copyright (c) 2005-2019 NVIDIA Corporation
Built on Sun_Jul_28_19:07:16_PDT_2019
Cuda compilation tools, release 10.1, V10.1.243
My SLURM_ARRAY_TASK_ID: 
DB: ['ISIC2019']
IMG_SIZE: [384, 384]
CLASSIFIER: DenseNet121
JOB_INDEX: None
Start training augmented images
Combining...
Combining 1th db out of 1 dbs
Stacking data
Combining complete
Model: "sequential"
_________________________________________________________________
Layer (type)                 Output Shape              Param #   
=================================================================
densenet121 (Functional)     (None, 1024)              7037504   
_________________________________________________________________
dense (Dense)                (None, 512)               524800    
_________________________________________________________________
dropout (Dropout)            (None, 512)               0         
_________________________________________________________________
batch_normalization (BatchNo (None, 512)               2048      
_________________________________________________________________
dense_1 (Dense)              (None, 256)               131328    
_________________________________________________________________
batch_normalization_1 (Batch (None, 256)               1024      
_________________________________________________________________
dense_2 (Dense)              (None, 2)                 514       
=================================================================
Total params: 7,697,218
Trainable params: 658,178
Non-trainable params: 7,039,040
_________________________________________________________________
Fitting ISIC2019_aug_DenseNet121_384h_384w_None model...
model_name: ISIC2019_aug_DenseNet121_384h_384w_None
Epoch: 1 loss: 0.8840 accuracy: 0.7900 val_loss: 0.9361 val_accuracy: 0.7257
Epoch: 2 loss: 0.7020 accuracy: 0.8385 val_loss: 0.8355 val_accuracy: 0.7592
Epoch: 3 loss: 0.6470 accuracy: 0.8548 val_loss: 0.7057 val_accuracy: 0.8220
Epoch: 4 loss: 0.6113 accuracy: 0.8661 val_loss: 0.7085 val_accuracy: 0.8161
Epoch: 5 loss: 0.5822 accuracy: 0.8716 val_loss: 0.6673 val_accuracy: 0.8279
Epoch: 6 loss: 0.5508 accuracy: 0.8822 val_loss: 0.6787 val_accuracy: 0.8147
Epoch: 7 loss: 0.5384 accuracy: 0.8832 val_loss: 0.6423 val_accuracy: 0.8322
Epoch: 8 loss: 0.5107 accuracy: 0.8943 val_loss: 0.6348 val_accuracy: 0.8289
Epoch: 9 loss: 0.4933 accuracy: 0.8964 val_loss: 0.6413 val_accuracy: 0.8210
Epoch: 10 loss: 0.4696 accuracy: 0.9019 val_loss: 0.5895 val_accuracy: 0.8431
Epoch: 11 loss: 0.4566 accuracy: 0.9066 val_loss: 0.6017 val_accuracy: 0.8403
Epoch: 12 loss: 0.4400 accuracy: 0.9095 val_loss: 0.6050 val_accuracy: 0.8321
Epoch: 13 loss: 0.4266 accuracy: 0.9147 val_loss: 0.5415 val_accuracy: 0.8622
Epoch: 14 loss: 0.4072 accuracy: 0.9182 val_loss: 0.5578 val_accuracy: 0.8494
Epoch: 15 loss: 0.3994 accuracy: 0.9191 val_loss: 0.5527 val_accuracy: 0.8512
Epoch: 16 loss: 0.3887 accuracy: 0.9205 val_loss: 0.5343 val_accuracy: 0.8549
Epoch: 17 loss: 0.3708 accuracy: 0.9257 val_loss: 0.5431 val_accuracy: 0.8488
Epoch: 18 loss: 0.3629 accuracy: 0.9286 val_loss: 0.5665 val_accuracy: 0.8317
Epoch: 19 loss: 0.3535 accuracy: 0.9299 val_loss: 0.5220 val_accuracy: 0.8589
Epoch: 20 loss: 0.3491 accuracy: 0.9303 val_loss: 0.5263 val_accuracy: 0.8492
Epoch: 21 loss: 0.3328 accuracy: 0.9344 val_loss: 0.5126 val_accuracy: 0.8591
Epoch: 22 loss: 0.3240 accuracy: 0.9364 val_loss: 0.5268 val_accuracy: 0.8526
Epoch: 23 loss: 0.3144 accuracy: 0.9412 val_loss: 0.5321 val_accuracy: 0.8522
Epoch: 24 loss: 0.3076 accuracy: 0.9415 val_loss: 0.5392 val_accuracy: 0.8494
Epoch: 25 loss: 0.3043 accuracy: 0.9404 val_loss: 0.5475 val_accuracy: 0.8478
Epoch: 26 loss: 0.2964 accuracy: 0.9427 val_loss: 0.4940 val_accuracy: 0.8715
Epoch: 27 loss: 0.2882 accuracy: 0.9451 val_loss: 0.5210 val_accuracy: 0.8528
Epoch: 28 loss: 0.2836 accuracy: 0.9457 val_loss: 0.5321 val_accuracy: 0.8461
Epoch: 29 loss: 0.2708 accuracy: 0.9483 val_loss: 0.5183 val_accuracy: 0.8599
Epoch: 30 loss: 0.2639 accuracy: 0.9522 val_loss: 0.4998 val_accuracy: 0.8547
Epoch: 31 loss: 0.2620 accuracy: 0.9498 val_loss: 0.5266 val_accuracy: 0.8567

Epoch 00031: ReduceLROnPlateau reducing learning rate to 7.999999797903001e-05.
Epoch: 32 loss: 0.2506 accuracy: 0.9553 val_loss: 0.5014 val_accuracy: 0.8642
Epoch: 33 loss: 0.2409 accuracy: 0.9576 val_loss: 0.5143 val_accuracy: 0.8622
Epoch: 34 loss: 0.2323 accuracy: 0.9602 val_loss: 0.5257 val_accuracy: 0.8577
Epoch: 35 loss: 0.2270 accuracy: 0.9626 val_loss: 0.5103 val_accuracy: 0.8613
Epoch: 36 loss: 0.2235 accuracy: 0.9625 val_loss: 0.5020 val_accuracy: 0.8658

Epoch 00036: ReduceLROnPlateau reducing learning rate to 6.399999838322402e-05.
End of augmented training
Finish
Job ended!
