Wed 01 May 2024 06:58:45 PM EDT
Python 3.9.7
nvcc: NVIDIA (R) Cuda compiler driver
Copyright (c) 2005-2019 NVIDIA Corporation
Built on Sun_Jul_28_19:07:16_PDT_2019
Cuda compilation tools, release 10.1, V10.1.243
My SLURM_ARRAY_TASK_ID: 
DB: ['ISIC2016', 'ISIC2017', 'ISIC2018']
IMG_SIZE: [384, 384]
CLASSIFIER: DenseNet121
JOB_INDEX: None
Start training augmented images
Combining...
Combining 1th db out of 3 dbs
Combining 2th db out of 3 dbs
Combining 3th db out of 3 dbs
Stacking data
Combining complete
Model: "sequential"
_________________________________________________________________
Layer (type)                 Output Shape              Param #   
=================================================================
densenet121 (Functional)     (None, 1024)              7037504   
_________________________________________________________________
dense (Dense)                (None, 512)               524800    
_________________________________________________________________
dropout (Dropout)            (None, 512)               0         
_________________________________________________________________
batch_normalization (BatchNo (None, 512)               2048      
_________________________________________________________________
dense_1 (Dense)              (None, 256)               131328    
_________________________________________________________________
batch_normalization_1 (Batch (None, 256)               1024      
_________________________________________________________________
dense_2 (Dense)              (None, 2)                 514       
=================================================================
Total params: 7,697,218
Trainable params: 658,178
Non-trainable params: 7,039,040
_________________________________________________________________
Fitting ISIC2016+ISIC2017+ISIC2018_aug_DenseNet121_384h_384w_None model...
model_name: ISIC2016+ISIC2017+ISIC2018_aug_DenseNet121_384h_384w_None
Epoch: 1 loss: 0.9917 accuracy: 0.7459 val_loss: 0.9258 val_accuracy: 0.7380
Epoch: 2 loss: 0.7555 accuracy: 0.8315 val_loss: 0.8650 val_accuracy: 0.7686
Epoch: 3 loss: 0.6712 accuracy: 0.8560 val_loss: 0.7600 val_accuracy: 0.8222
Epoch: 4 loss: 0.6299 accuracy: 0.8702 val_loss: 0.7543 val_accuracy: 0.8088
Epoch: 5 loss: 0.5879 accuracy: 0.8832 val_loss: 0.7462 val_accuracy: 0.8088
Epoch: 6 loss: 0.5617 accuracy: 0.8900 val_loss: 0.6885 val_accuracy: 0.8260
Epoch: 7 loss: 0.5375 accuracy: 0.8972 val_loss: 0.6617 val_accuracy: 0.8432
Epoch: 8 loss: 0.5137 accuracy: 0.9048 val_loss: 0.6539 val_accuracy: 0.8566
Epoch: 9 loss: 0.4963 accuracy: 0.9111 val_loss: 0.6550 val_accuracy: 0.8356
Epoch: 10 loss: 0.4819 accuracy: 0.9128 val_loss: 0.6555 val_accuracy: 0.8317
Epoch: 11 loss: 0.4586 accuracy: 0.9238 val_loss: 0.6543 val_accuracy: 0.8451
Epoch: 12 loss: 0.4450 accuracy: 0.9249 val_loss: 0.6073 val_accuracy: 0.8738
Epoch: 13 loss: 0.4261 accuracy: 0.9353 val_loss: 0.6347 val_accuracy: 0.8509
Epoch: 14 loss: 0.4125 accuracy: 0.9359 val_loss: 0.6205 val_accuracy: 0.8642
Epoch: 15 loss: 0.4027 accuracy: 0.9382 val_loss: 0.6269 val_accuracy: 0.8489
Epoch: 16 loss: 0.3823 accuracy: 0.9426 val_loss: 0.6015 val_accuracy: 0.8585
Epoch: 17 loss: 0.3737 accuracy: 0.9453 val_loss: 0.6075 val_accuracy: 0.8719
Epoch: 18 loss: 0.3684 accuracy: 0.9463 val_loss: 0.6007 val_accuracy: 0.8719
Epoch: 19 loss: 0.3592 accuracy: 0.9473 val_loss: 0.5770 val_accuracy: 0.8834
Epoch: 20 loss: 0.3406 accuracy: 0.9531 val_loss: 0.5974 val_accuracy: 0.8795
Epoch: 21 loss: 0.3335 accuracy: 0.9527 val_loss: 0.5755 val_accuracy: 0.8853
Epoch: 22 loss: 0.3287 accuracy: 0.9575 val_loss: 0.6383 val_accuracy: 0.8795
Epoch: 23 loss: 0.3193 accuracy: 0.9583 val_loss: 0.5499 val_accuracy: 0.9025
Epoch: 24 loss: 0.3100 accuracy: 0.9605 val_loss: 0.5728 val_accuracy: 0.8891
Epoch: 25 loss: 0.3066 accuracy: 0.9603 val_loss: 0.6373 val_accuracy: 0.8757
Epoch: 26 loss: 0.2945 accuracy: 0.9645 val_loss: 0.6174 val_accuracy: 0.8681
Epoch: 27 loss: 0.2871 accuracy: 0.9638 val_loss: 0.5925 val_accuracy: 0.8757
Epoch: 28 loss: 0.2786 accuracy: 0.9673 val_loss: 0.5891 val_accuracy: 0.8929

Epoch 00028: ReduceLROnPlateau reducing learning rate to 7.999999797903001e-05.
Epoch: 29 loss: 0.2633 accuracy: 0.9719 val_loss: 0.5708 val_accuracy: 0.9025
Epoch: 30 loss: 0.2584 accuracy: 0.9739 val_loss: 0.6023 val_accuracy: 0.8795
Epoch: 31 loss: 0.2526 accuracy: 0.9749 val_loss: 0.5813 val_accuracy: 0.8853
Epoch: 32 loss: 0.2536 accuracy: 0.9720 val_loss: 0.5707 val_accuracy: 0.8891
Epoch: 33 loss: 0.2447 accuracy: 0.9757 val_loss: 0.5765 val_accuracy: 0.8834

Epoch 00033: ReduceLROnPlateau reducing learning rate to 6.399999838322402e-05.
End of augmented training
Finish
Job ended!
