Mon 26 Feb 2024 08:43:28 PM EST
Python 3.9.7
nvcc: NVIDIA (R) Cuda compiler driver
Copyright (c) 2005-2019 NVIDIA Corporation
Built on Sun_Jul_28_19:07:16_PDT_2019
Cuda compilation tools, release 10.1, V10.1.243
My SLURM_ARRAY_TASK_ID:  1
DB: ['ISIC2016', 'PAD_UFES_20', 'MEDNODE']
IMG_SIZE: [150, 150]
CLASSIFIER: DenseNet121
SELF_AUG: 0
JOB_INDEX: 1
Combining...
Combining 1 db out of 3 dbs
Combining 2 db out of 3 dbs
Combining 3 db out of 3 dbs
Stacking training images
Stacking training labels
Stacking validation images
Stacking validation labels
Model: "sequential"
_________________________________________________________________
Layer (type)                 Output Shape              Param #   
=================================================================
densenet121 (Functional)     (None, 1024)              7037504   
_________________________________________________________________
dense (Dense)                (None, 512)               524800    
_________________________________________________________________
dropout (Dropout)            (None, 512)               0         
_________________________________________________________________
batch_normalization (BatchNo (None, 512)               2048      
_________________________________________________________________
dense_1 (Dense)              (None, 256)               131328    
_________________________________________________________________
dropout_1 (Dropout)          (None, 256)               0         
_________________________________________________________________
batch_normalization_1 (Batch (None, 256)               1024      
_________________________________________________________________
dense_2 (Dense)              (None, 2)                 514       
=================================================================
Total params: 7,697,218
Trainable params: 658,178
Non-trainable params: 7,039,040
_________________________________________________________________
Fitting ISIC2016+PAD_UFES_20+MEDNODE_noaug_DenseNet121_150h_150w_1 model...
model_name: ISIC2016+PAD_UFES_20+MEDNODE_noaug_DenseNet121_150h_150w_1
Epoch: 1 loss: 0.8951 accuracy: 0.5361 val_loss: 0.6734 val_accuracy: 0.9139
Epoch: 2 loss: 0.7636 accuracy: 0.6026 val_loss: 0.6788 val_accuracy: 0.8650
Epoch: 3 loss: 0.6618 accuracy: 0.6544 val_loss: 0.6321 val_accuracy: 0.9036
Epoch: 4 loss: 0.6088 accuracy: 0.6867 val_loss: 0.5829 val_accuracy: 0.9169
Epoch: 5 loss: 0.5479 accuracy: 0.7472 val_loss: 0.5324 val_accuracy: 0.9139
Epoch: 6 loss: 0.4948 accuracy: 0.7708 val_loss: 0.4629 val_accuracy: 0.9154
Epoch: 7 loss: 0.4824 accuracy: 0.7881 val_loss: 0.4059 val_accuracy: 0.9154
Epoch: 8 loss: 0.4292 accuracy: 0.8212 val_loss: 0.3281 val_accuracy: 0.9110
Epoch: 9 loss: 0.4010 accuracy: 0.8467 val_loss: 0.3305 val_accuracy: 0.9139
Epoch: 10 loss: 0.3952 accuracy: 0.8497 val_loss: 0.3036 val_accuracy: 0.9169
Epoch: 11 loss: 0.3721 accuracy: 0.8629 val_loss: 0.3729 val_accuracy: 0.9021
Epoch: 12 loss: 0.3677 accuracy: 0.8711 val_loss: 0.3022 val_accuracy: 0.9125
Epoch: 13 loss: 0.3650 accuracy: 0.8696 val_loss: 0.2737 val_accuracy: 0.9154
Epoch: 14 loss: 0.3451 accuracy: 0.8869 val_loss: 0.2720 val_accuracy: 0.9184
Epoch: 15 loss: 0.3267 accuracy: 0.8888 val_loss: 0.2872 val_accuracy: 0.9065
Epoch: 16 loss: 0.3297 accuracy: 0.8892 val_loss: 0.2733 val_accuracy: 0.9110
Epoch: 17 loss: 0.3294 accuracy: 0.8896 val_loss: 0.2954 val_accuracy: 0.9065
Epoch: 18 loss: 0.3203 accuracy: 0.8869 val_loss: 0.2786 val_accuracy: 0.9154
Epoch: 19 loss: 0.3176 accuracy: 0.9031 val_loss: 0.2835 val_accuracy: 0.9154
Epoch: 20 loss: 0.3211 accuracy: 0.8952 val_loss: 0.2610 val_accuracy: 0.9169
Job ended!
