Tue 30 Apr 2024 03:25:41 AM EDT
Python 3.9.7
nvcc: NVIDIA (R) Cuda compiler driver
Copyright (c) 2005-2019 NVIDIA Corporation
Built on Sun_Jul_28_19:07:16_PDT_2019
Cuda compilation tools, release 10.1, V10.1.243
My SLURM_ARRAY_TASK_ID: 
DB: ['ISIC2016', 'ISIC2017', 'ISIC2018', 'ISIC2019', 'MEDNODE', 'KaggleMB']
IMG_SIZE: [640, 640]
CLASSIFIER: DenseNet121
JOB_INDEX: None
Start training augmented images
Combining...
Combining 1th db out of 6 dbs
Combining 2th db out of 6 dbs
Combining 3th db out of 6 dbs
Combining 4th db out of 6 dbs
Combining 5th db out of 6 dbs
Combining 6th db out of 6 dbs
Stacking data
Combining complete
Model: "sequential"
_________________________________________________________________
Layer (type)                 Output Shape              Param #   
=================================================================
densenet121 (Functional)     (None, 1024)              7037504   
_________________________________________________________________
dense (Dense)                (None, 512)               524800    
_________________________________________________________________
dropout (Dropout)            (None, 512)               0         
_________________________________________________________________
batch_normalization (BatchNo (None, 512)               2048      
_________________________________________________________________
dense_1 (Dense)              (None, 256)               131328    
_________________________________________________________________
dropout_1 (Dropout)          (None, 256)               0         
_________________________________________________________________
batch_normalization_1 (Batch (None, 256)               1024      
_________________________________________________________________
dense_2 (Dense)              (None, 2)                 514       
=================================================================
Total params: 7,697,218
Trainable params: 658,178
Non-trainable params: 7,039,040
_________________________________________________________________
Fitting ISIC2016+ISIC2017+ISIC2018+ISIC2019+MEDNODE+KaggleMB_aug_DenseNet121_640h_640w_None model...
model_name: ISIC2016+ISIC2017+ISIC2018+ISIC2019+MEDNODE+KaggleMB_aug_DenseNet121_640h_640w_None
Epoch: 1 loss: 0.7859 accuracy: 0.5715 val_loss: 0.5038 val_accuracy: 0.7711
Epoch: 2 loss: 0.6874 accuracy: 0.6111 val_loss: 0.4886 val_accuracy: 0.8028
Epoch: 3 loss: 0.6726 accuracy: 0.6144 val_loss: 0.4837 val_accuracy: 0.8295
Epoch: 4 loss: 0.6439 accuracy: 0.6338 val_loss: 0.4748 val_accuracy: 0.8308
Epoch: 5 loss: 0.6299 accuracy: 0.6466 val_loss: 0.4549 val_accuracy: 0.8431
Epoch: 6 loss: 0.6139 accuracy: 0.6676 val_loss: 0.4367 val_accuracy: 0.8415
Epoch: 7 loss: 0.6168 accuracy: 0.6613 val_loss: 0.4529 val_accuracy: 0.8485
Epoch: 8 loss: 0.6141 accuracy: 0.6598 val_loss: 0.4299 val_accuracy: 0.8449
Epoch: 9 loss: 0.6002 accuracy: 0.6734 val_loss: 0.4374 val_accuracy: 0.8479
Epoch: 10 loss: 0.5916 accuracy: 0.6850 val_loss: 0.4226 val_accuracy: 0.8561
Epoch: 11 loss: 0.5926 accuracy: 0.6798 val_loss: 0.4210 val_accuracy: 0.8568
Epoch: 12 loss: 0.5772 accuracy: 0.6970 val_loss: 0.4014 val_accuracy: 0.8529
Epoch: 13 loss: 0.5793 accuracy: 0.6946 val_loss: 0.4009 val_accuracy: 0.8597
Epoch: 14 loss: 0.5849 accuracy: 0.6837 val_loss: 0.4089 val_accuracy: 0.8594
Epoch: 15 loss: 0.5772 accuracy: 0.6886 val_loss: 0.4165 val_accuracy: 0.8648
Epoch: 16 loss: 0.5747 accuracy: 0.6893 val_loss: 0.4139 val_accuracy: 0.8599
Epoch: 17 loss: 0.5766 accuracy: 0.6865 val_loss: 0.4074 val_accuracy: 0.8581
Epoch: 18 loss: 0.5662 accuracy: 0.6985 val_loss: 0.4057 val_accuracy: 0.8662
Epoch: 19 loss: 0.5544 accuracy: 0.7111 val_loss: 0.3850 val_accuracy: 0.8687
Epoch: 20 loss: 0.5557 accuracy: 0.7081 val_loss: 0.3995 val_accuracy: 0.8599
Epoch: 21 loss: 0.5588 accuracy: 0.7042 val_loss: 0.3985 val_accuracy: 0.8649
Epoch: 22 loss: 0.5418 accuracy: 0.7175 val_loss: 0.3811 val_accuracy: 0.8579
Epoch: 23 loss: 0.5371 accuracy: 0.7130 val_loss: 0.3890 val_accuracy: 0.8641
Epoch: 24 loss: 0.5317 accuracy: 0.7120 val_loss: 0.3764 val_accuracy: 0.8652
Epoch: 25 loss: 0.5049 accuracy: 0.7395 val_loss: 0.3675 val_accuracy: 0.8591
Epoch: 26 loss: 0.5169 accuracy: 0.7128 val_loss: 0.3536 val_accuracy: 0.8654
Epoch: 27 loss: 0.5026 accuracy: 0.7263 val_loss: 0.3756 val_accuracy: 0.8557
Epoch: 28 loss: 0.4996 accuracy: 0.7197 val_loss: 0.3555 val_accuracy: 0.8633
Epoch: 29 loss: 0.5160 accuracy: 0.6848 val_loss: 0.3595 val_accuracy: 0.8576
Epoch: 30 loss: 0.4777 accuracy: 0.7328 val_loss: 0.3596 val_accuracy: 0.8500
Epoch: 31 loss: 0.4696 accuracy: 0.7323 val_loss: 0.3656 val_accuracy: 0.8579
Epoch: 32 loss: 0.4588 accuracy: 0.7393 val_loss: 0.3422 val_accuracy: 0.8613
Epoch: 33 loss: 0.4717 accuracy: 0.7262 val_loss: 0.3682 val_accuracy: 0.8482
Epoch: 34 loss: 0.4588 accuracy: 0.7523 val_loss: 0.3551 val_accuracy: 0.8566
Epoch: 35 loss: 0.4420 accuracy: 0.7633 val_loss: 0.3549 val_accuracy: 0.8496
Epoch: 36 loss: 0.4390 accuracy: 0.7577 val_loss: 0.3393 val_accuracy: 0.8648
Epoch: 37 loss: 0.4500 accuracy: 0.7633 val_loss: 0.4917 val_accuracy: 0.8482
Epoch: 38 loss: 0.4543 accuracy: 0.7544 val_loss: 0.3541 val_accuracy: 0.8480
Epoch: 39 loss: 0.4453 accuracy: 0.7626 val_loss: 0.3675 val_accuracy: 0.8555
Epoch: 40 loss: 0.4404 accuracy: 0.7752 val_loss: 0.3295 val_accuracy: 0.8669
Epoch: 41 loss: 0.4464 accuracy: 0.7786 val_loss: 0.3520 val_accuracy: 0.8623
Epoch: 42 loss: 0.4377 accuracy: 0.7858 val_loss: 0.3484 val_accuracy: 0.8592
Epoch: 43 loss: 0.4385 accuracy: 0.7728 val_loss: 0.3663 val_accuracy: 0.8594
Epoch: 44 loss: 0.4447 accuracy: 0.7837 val_loss: 0.3672 val_accuracy: 0.8453
Epoch: 45 loss: 0.4289 accuracy: 0.7851 val_loss: 0.3380 val_accuracy: 0.8620
Epoch: 46 loss: 0.4302 accuracy: 0.7830 val_loss: 0.3641 val_accuracy: 0.8596
Epoch: 47 loss: 0.4305 accuracy: 0.7986 val_loss: 0.3405 val_accuracy: 0.8696
Epoch: 48 loss: 0.4369 accuracy: 0.7922 val_loss: 0.3464 val_accuracy: 0.8625
Epoch: 49 loss: 0.4357 accuracy: 0.7880 val_loss: 0.3705 val_accuracy: 0.8652
Epoch: 50 loss: 0.4253 accuracy: 0.7936 val_loss: 0.3368 val_accuracy: 0.8656
Epoch: 51 loss: 0.4278 accuracy: 0.8007 val_loss: 0.3428 val_accuracy: 0.8670
Epoch: 52 loss: 0.4317 accuracy: 0.7880 val_loss: 0.3402 val_accuracy: 0.8574
Epoch: 53 loss: 0.4192 accuracy: 0.7858 val_loss: 0.3551 val_accuracy: 0.8626
Epoch: 54 loss: 0.4353 accuracy: 0.7959 val_loss: 0.3491 val_accuracy: 0.8623
Epoch: 55 loss: 0.4148 accuracy: 0.7979 val_loss: 0.3740 val_accuracy: 0.8659
Epoch: 56 loss: 0.4400 accuracy: 0.7860 val_loss: 0.3399 val_accuracy: 0.8552
Epoch: 57 loss: 0.4330 accuracy: 0.7869 val_loss: 0.3776 val_accuracy: 0.8597
Epoch: 58 loss: 0.4186 accuracy: 0.7992 val_loss: 0.3815 val_accuracy: 0.8586
Epoch: 59 loss: 0.4345 accuracy: 0.7755 val_loss: 0.3529 val_accuracy: 0.8670
Epoch: 60 loss: 0.4150 accuracy: 0.7942 val_loss: 0.3301 val_accuracy: 0.8669
Epoch: 61 loss: 0.4204 accuracy: 0.7966 val_loss: 0.3569 val_accuracy: 0.8589
Epoch: 62 loss: 0.4172 accuracy: 0.8049 val_loss: 0.3310 val_accuracy: 0.8662
Epoch: 63 loss: 0.4146 accuracy: 0.8047 val_loss: 0.3462 val_accuracy: 0.8639
Epoch: 64 loss: 0.4195 accuracy: 0.7896 val_loss: 0.3754 val_accuracy: 0.8576
Epoch: 65 loss: 0.3989 accuracy: 0.8280 val_loss: 0.3162 val_accuracy: 0.8752
Epoch: 66 loss: 0.4044 accuracy: 0.8115 val_loss: 0.3369 val_accuracy: 0.8672
Epoch: 67 loss: 0.4135 accuracy: 0.8130 val_loss: 0.3639 val_accuracy: 0.8678
Epoch: 68 loss: 0.4122 accuracy: 0.8138 val_loss: 0.3655 val_accuracy: 0.8630
Epoch: 69 loss: 0.3964 accuracy: 0.8198 val_loss: 0.3662 val_accuracy: 0.8704
Epoch: 70 loss: 0.3937 accuracy: 0.8254 val_loss: 0.3665 val_accuracy: 0.8623
Epoch: 71 loss: 0.4037 accuracy: 0.8092 val_loss: 0.3334 val_accuracy: 0.8644
Epoch: 72 loss: 0.4042 accuracy: 0.7944 val_loss: 0.3341 val_accuracy: 0.8700
Epoch: 73 loss: 0.4108 accuracy: 0.7923 val_loss: 0.3535 val_accuracy: 0.8565
Epoch: 74 loss: 0.3920 accuracy: 0.8113 val_loss: 0.3732 val_accuracy: 0.8667
Epoch: 75 loss: 0.4048 accuracy: 0.7958 val_loss: 0.3213 val_accuracy: 0.8711
Epoch: 76 loss: 0.4061 accuracy: 0.7966 val_loss: 0.3374 val_accuracy: 0.8677
Epoch: 77 loss: 0.4027 accuracy: 0.8181 val_loss: 0.3774 val_accuracy: 0.8665
Epoch: 78 loss: 0.3904 accuracy: 0.8104 val_loss: 0.3828 val_accuracy: 0.8635
Epoch: 79 loss: 0.3832 accuracy: 0.8257 val_loss: 0.3410 val_accuracy: 0.8573
Epoch: 80 loss: 0.3947 accuracy: 0.8155 val_loss: 0.3545 val_accuracy: 0.8628
Epoch: 81 loss: 0.3872 accuracy: 0.8199 val_loss: 0.3561 val_accuracy: 0.8667
Epoch: 82 loss: 0.3973 accuracy: 0.8292 val_loss: 0.3456 val_accuracy: 0.8638
Epoch: 83 loss: 0.3789 accuracy: 0.8267 val_loss: 0.3419 val_accuracy: 0.8613
Epoch: 84 loss: 0.3921 accuracy: 0.8197 val_loss: 0.3708 val_accuracy: 0.8636
Epoch: 85 loss: 0.3940 accuracy: 0.8134 val_loss: 0.3433 val_accuracy: 0.8615
Epoch: 86 loss: 0.3892 accuracy: 0.8054 val_loss: 0.3521 val_accuracy: 0.8682
Epoch: 87 loss: 0.3853 accuracy: 0.8050 val_loss: 0.3605 val_accuracy: 0.8623
Epoch: 88 loss: 0.3888 accuracy: 0.8139 val_loss: 0.3556 val_accuracy: 0.8656
Epoch: 89 loss: 0.3941 accuracy: 0.8077 val_loss: 0.3703 val_accuracy: 0.8633
Epoch: 90 loss: 0.3678 accuracy: 0.8139 val_loss: 0.3619 val_accuracy: 0.8755
Epoch: 91 loss: 0.3888 accuracy: 0.8119 val_loss: 0.3439 val_accuracy: 0.8709
Epoch: 92 loss: 0.3699 accuracy: 0.8299 val_loss: 0.3879 val_accuracy: 0.8610
Epoch: 93 loss: 0.3705 accuracy: 0.8210 val_loss: 0.4456 val_accuracy: 0.8579
Epoch: 94 loss: 0.3953 accuracy: 0.7968 val_loss: 0.3701 val_accuracy: 0.8748
Epoch: 95 loss: 0.3836 accuracy: 0.8172 val_loss: 0.3927 val_accuracy: 0.8626
Epoch: 96 loss: 0.3716 accuracy: 0.8272 val_loss: 0.3889 val_accuracy: 0.8745
Epoch: 97 loss: 0.3562 accuracy: 0.8281 val_loss: 0.3911 val_accuracy: 0.8636
Epoch: 98 loss: 0.3834 accuracy: 0.8139 val_loss: 0.4860 val_accuracy: 0.8685
Epoch: 99 loss: 0.3639 accuracy: 0.8342 val_loss: 0.4058 val_accuracy: 0.8672
Epoch: 100 loss: 0.3584 accuracy: 0.8348 val_loss: 0.3714 val_accuracy: 0.8714
End of augmented training
Finish
Job ended!
