Thu 02 May 2024 07:53:46 AM EDT
Python 3.9.7
nvcc: NVIDIA (R) Cuda compiler driver
Copyright (c) 2005-2019 NVIDIA Corporation
Built on Sun_Jul_28_19:07:16_PDT_2019
Cuda compilation tools, release 10.1, V10.1.243
My SLURM_ARRAY_TASK_ID: 
DB: ['KaggleMB']
IMG_SIZE: [384, 384]
CLASSIFIER: DenseNet121
JOB_INDEX: None
Start training augmented images
Combining...
Combining 1th db out of 1 dbs
Stacking data
Combining complete
Model: "sequential"
_________________________________________________________________
Layer (type)                 Output Shape              Param #   
=================================================================
densenet121 (Functional)     (None, 1024)              7037504   
_________________________________________________________________
dense (Dense)                (None, 512)               524800    
_________________________________________________________________
dropout (Dropout)            (None, 512)               0         
_________________________________________________________________
batch_normalization (BatchNo (None, 512)               2048      
_________________________________________________________________
dense_1 (Dense)              (None, 256)               131328    
_________________________________________________________________
batch_normalization_1 (Batch (None, 256)               1024      
_________________________________________________________________
dense_2 (Dense)              (None, 2)                 514       
=================================================================
Total params: 7,697,218
Trainable params: 658,178
Non-trainable params: 7,039,040
_________________________________________________________________
Fitting KaggleMB_aug_DenseNet121_384h_384w_None model...
model_name: KaggleMB_aug_DenseNet121_384h_384w_None
Epoch: 1 loss: 1.0282 accuracy: 0.7682 val_loss: 0.9933 val_accuracy: 0.7633
Epoch: 2 loss: 0.7942 accuracy: 0.8687 val_loss: 0.9081 val_accuracy: 0.7822
Epoch: 3 loss: 0.7123 accuracy: 0.8898 val_loss: 0.8388 val_accuracy: 0.8030
Epoch: 4 loss: 0.6559 accuracy: 0.9071 val_loss: 0.7854 val_accuracy: 0.8333
Epoch: 5 loss: 0.6300 accuracy: 0.9114 val_loss: 0.7595 val_accuracy: 0.8333
Epoch: 6 loss: 0.5858 accuracy: 0.9236 val_loss: 0.7334 val_accuracy: 0.8295
Epoch: 7 loss: 0.5562 accuracy: 0.9318 val_loss: 0.7374 val_accuracy: 0.8201
Epoch: 8 loss: 0.5396 accuracy: 0.9327 val_loss: 0.7119 val_accuracy: 0.8409
Epoch: 9 loss: 0.5076 accuracy: 0.9432 val_loss: 0.7124 val_accuracy: 0.8258
Epoch: 10 loss: 0.4923 accuracy: 0.9474 val_loss: 0.6996 val_accuracy: 0.8447
Epoch: 11 loss: 0.4762 accuracy: 0.9520 val_loss: 0.6897 val_accuracy: 0.8598
Epoch: 12 loss: 0.4606 accuracy: 0.9560 val_loss: 0.6960 val_accuracy: 0.8504
Epoch: 13 loss: 0.4558 accuracy: 0.9554 val_loss: 0.6963 val_accuracy: 0.8371
Epoch: 14 loss: 0.4363 accuracy: 0.9631 val_loss: 0.6772 val_accuracy: 0.8466
Epoch: 15 loss: 0.4288 accuracy: 0.9651 val_loss: 0.7124 val_accuracy: 0.8561
Epoch: 16 loss: 0.4229 accuracy: 0.9656 val_loss: 0.6961 val_accuracy: 0.8542
Epoch: 17 loss: 0.4041 accuracy: 0.9716 val_loss: 0.6963 val_accuracy: 0.8542
Epoch: 18 loss: 0.3972 accuracy: 0.9724 val_loss: 0.6813 val_accuracy: 0.8447
Epoch: 19 loss: 0.3914 accuracy: 0.9736 val_loss: 0.7076 val_accuracy: 0.8504

Epoch 00019: ReduceLROnPlateau reducing learning rate to 7.999999797903001e-05.
Epoch: 20 loss: 0.3821 accuracy: 0.9770 val_loss: 0.6951 val_accuracy: 0.8561
Epoch: 21 loss: 0.3793 accuracy: 0.9756 val_loss: 0.6873 val_accuracy: 0.8447
Epoch: 22 loss: 0.3703 accuracy: 0.9793 val_loss: 0.6995 val_accuracy: 0.8561
Epoch: 23 loss: 0.3733 accuracy: 0.9795 val_loss: 0.7118 val_accuracy: 0.8466
Epoch: 24 loss: 0.3619 accuracy: 0.9827 val_loss: 0.6999 val_accuracy: 0.8485

Epoch 00024: ReduceLROnPlateau reducing learning rate to 6.399999838322402e-05.
End of augmented training
Finish
Job ended!
