Fri 01 Mar 2024 10:07:01 PM EST
Python 3.9.7
nvcc: NVIDIA (R) Cuda compiler driver
Copyright (c) 2005-2019 NVIDIA Corporation
Built on Sun_Jul_28_19:07:16_PDT_2019
Cuda compilation tools, release 10.1, V10.1.243
My SLURM_ARRAY_TASK_ID: 
DB: ['ISIC2016', 'ISIC2017', 'ISIC2018', 'ISIC2019', '_7_point_criteria', 'PAD_UFES_20']
IMG_SIZE: [150, 150]
CLASSIFIER: ResNet50V2
SELF_AUG: 1
JOB_INDEX: None
Combining...
Combining 1 db out of 6 dbs
Combining 2 db out of 6 dbs
Combining 3 db out of 6 dbs
Combining 4 db out of 6 dbs
Combining 5 db out of 6 dbs
Combining 6 db out of 6 dbs
Stacking training images
Stacking training labels
Stacking validation images
Stacking validation labels
Model: "sequential"
_________________________________________________________________
Layer (type)                 Output Shape              Param #   
=================================================================
resnet50v2 (Functional)      (None, 2048)              23564800  
_________________________________________________________________
dense (Dense)                (None, 512)               1049088   
_________________________________________________________________
dropout (Dropout)            (None, 512)               0         
_________________________________________________________________
batch_normalization (BatchNo (None, 512)               2048      
_________________________________________________________________
dense_1 (Dense)              (None, 256)               131328    
_________________________________________________________________
dropout_1 (Dropout)          (None, 256)               0         
_________________________________________________________________
batch_normalization_1 (Batch (None, 256)               1024      
_________________________________________________________________
dense_2 (Dense)              (None, 2)                 514       
=================================================================
Total params: 24,748,802
Trainable params: 1,182,466
Non-trainable params: 23,566,336
_________________________________________________________________
Fitting ISIC2016+ISIC2017+ISIC2018+ISIC2019+_7_point_criteria+PAD_UFES_20_aug_ResNet50V2_150h_150w_None model...
model_name: ISIC2016+ISIC2017+ISIC2018+ISIC2019+_7_point_criteria+PAD_UFES_20_aug_ResNet50V2_150h_150w_None
Epoch: 1 loss: 0.5683 accuracy: 0.7399 val_loss: 0.3615 val_accuracy: 0.8546
Epoch: 2 loss: 0.4685 accuracy: 0.7838 val_loss: 0.3383 val_accuracy: 0.8660
Epoch: 3 loss: 0.4320 accuracy: 0.7977 val_loss: 0.3275 val_accuracy: 0.8729
Epoch: 4 loss: 0.4082 accuracy: 0.8106 val_loss: 0.3224 val_accuracy: 0.8713
Epoch: 5 loss: 0.3898 accuracy: 0.8217 val_loss: 0.3325 val_accuracy: 0.8629
Epoch: 6 loss: 0.3765 accuracy: 0.8282 val_loss: 0.3188 val_accuracy: 0.8753
Epoch: 7 loss: 0.3586 accuracy: 0.8370 val_loss: 0.3079 val_accuracy: 0.8762
Epoch: 8 loss: 0.3406 accuracy: 0.8454 val_loss: 0.3044 val_accuracy: 0.8793
Epoch: 9 loss: 0.3288 accuracy: 0.8512 val_loss: 0.3044 val_accuracy: 0.8770
Epoch: 10 loss: 0.3199 accuracy: 0.8555 val_loss: 0.3135 val_accuracy: 0.8741
Epoch: 11 loss: 0.3064 accuracy: 0.8640 val_loss: 0.3110 val_accuracy: 0.8793
Epoch: 12 loss: 0.2979 accuracy: 0.8659 val_loss: 0.3088 val_accuracy: 0.8821
Epoch: 13 loss: 0.2841 accuracy: 0.8743 val_loss: 0.3124 val_accuracy: 0.8815
Epoch: 14 loss: 0.2685 accuracy: 0.8809 val_loss: 0.3260 val_accuracy: 0.8794
Epoch: 15 loss: 0.2612 accuracy: 0.8846 val_loss: 0.3130 val_accuracy: 0.8847
Epoch: 16 loss: 0.2513 accuracy: 0.8900 val_loss: 0.3162 val_accuracy: 0.8853
Epoch: 17 loss: 0.2453 accuracy: 0.8924 val_loss: 0.3085 val_accuracy: 0.8901
Epoch: 18 loss: 0.2349 accuracy: 0.8977 val_loss: 0.3184 val_accuracy: 0.8871
Epoch: 19 loss: 0.2258 accuracy: 0.9007 val_loss: 0.3195 val_accuracy: 0.8921
Epoch: 20 loss: 0.2211 accuracy: 0.9044 val_loss: 0.3179 val_accuracy: 0.8957
Job ended!
