Wed 28 Feb 2024 09:12:56 AM EST
Python 3.9.7
nvcc: NVIDIA (R) Cuda compiler driver
Copyright (c) 2005-2019 NVIDIA Corporation
Built on Sun_Jul_28_19:07:16_PDT_2019
Cuda compilation tools, release 10.1, V10.1.243
My SLURM_ARRAY_TASK_ID: 
DB: ['ISIC2016', 'ISIC2019', 'ISIC2020']
IMG_SIZE: [150, 150]
CLASSIFIER: ResNet50V2
SELF_AUG: 1
JOB_INDEX: None
Combining...
Combining 1 db out of 3 dbs
Combining 2 db out of 3 dbs
Combining 3 db out of 3 dbs
Stacking training images
Stacking training labels
Stacking validation images
Stacking validation labels
Model: "sequential"
_________________________________________________________________
Layer (type)                 Output Shape              Param #   
=================================================================
resnet50v2 (Functional)      (None, 2048)              23564800  
_________________________________________________________________
dense (Dense)                (None, 512)               1049088   
_________________________________________________________________
dropout (Dropout)            (None, 512)               0         
_________________________________________________________________
batch_normalization (BatchNo (None, 512)               2048      
_________________________________________________________________
dense_1 (Dense)              (None, 256)               131328    
_________________________________________________________________
dropout_1 (Dropout)          (None, 256)               0         
_________________________________________________________________
batch_normalization_1 (Batch (None, 256)               1024      
_________________________________________________________________
dense_2 (Dense)              (None, 2)                 514       
=================================================================
Total params: 24,748,802
Trainable params: 1,182,466
Non-trainable params: 23,566,336
_________________________________________________________________
Fitting ISIC2016+ISIC2019+ISIC2020_aug_ResNet50V2_150h_150w_None model...
model_name: ISIC2016+ISIC2019+ISIC2020_aug_ResNet50V2_150h_150w_None
Epoch: 1 loss: 0.5826 accuracy: 0.7070 val_loss: 0.3769 val_accuracy: 0.8932
Epoch: 2 loss: 0.4867 accuracy: 0.7497 val_loss: 0.3153 val_accuracy: 0.9046
Epoch: 3 loss: 0.4508 accuracy: 0.7696 val_loss: 0.3009 val_accuracy: 0.8773
Epoch: 4 loss: 0.4360 accuracy: 0.7787 val_loss: 0.2732 val_accuracy: 0.8980
Epoch: 5 loss: 0.4253 accuracy: 0.7869 val_loss: 0.2922 val_accuracy: 0.8758
Epoch: 6 loss: 0.4239 accuracy: 0.7893 val_loss: 0.3343 val_accuracy: 0.8919
Epoch: 7 loss: 0.4165 accuracy: 0.7934 val_loss: 0.2899 val_accuracy: 0.8887
Epoch: 8 loss: 0.4119 accuracy: 0.7966 val_loss: 0.5069 val_accuracy: 0.7331
Epoch: 9 loss: 0.4106 accuracy: 0.7994 val_loss: 0.2663 val_accuracy: 0.9088
Epoch: 10 loss: 0.4083 accuracy: 0.7990 val_loss: 0.4203 val_accuracy: 0.7644
Epoch: 11 loss: 0.4060 accuracy: 0.8031 val_loss: 0.2735 val_accuracy: 0.8956
Epoch: 12 loss: 0.4017 accuracy: 0.8045 val_loss: 0.3136 val_accuracy: 0.8827
Epoch: 13 loss: 0.4027 accuracy: 0.8044 val_loss: 0.3430 val_accuracy: 0.8322
Epoch: 14 loss: 0.4003 accuracy: 0.8067 val_loss: 0.2466 val_accuracy: 0.9138
Epoch: 15 loss: 0.3995 accuracy: 0.8072 val_loss: 0.2570 val_accuracy: 0.8988
Epoch: 16 loss: 0.3986 accuracy: 0.8068 val_loss: 0.3294 val_accuracy: 0.8872
Epoch: 17 loss: 0.3978 accuracy: 0.8068 val_loss: 0.2761 val_accuracy: 0.8855
Epoch: 18 loss: 0.3971 accuracy: 0.8068 val_loss: 0.2410 val_accuracy: 0.9164
Epoch: 19 loss: 0.3946 accuracy: 0.8096 val_loss: 0.2727 val_accuracy: 0.9026
Epoch: 20 loss: 0.3939 accuracy: 0.8100 val_loss: 0.2601 val_accuracy: 0.9001
Job ended!
