Fri 01 Mar 2024 10:58:22 PM EST
Python 3.9.7
nvcc: NVIDIA (R) Cuda compiler driver
Copyright (c) 2005-2019 NVIDIA Corporation
Built on Sun_Jul_28_19:07:16_PDT_2019
Cuda compilation tools, release 10.1, V10.1.243
My SLURM_ARRAY_TASK_ID: 
DB: ['ISIC2018']
IMG_SIZE: [150, 150]
CLASSIFIER: ResNet50V2
SELF_AUG: 1
JOB_INDEX: None
Combining...
Combining 1 db out of 1 dbs
Stacking training images
Stacking training labels
Stacking validation images
Stacking validation labels
Model: "sequential"
_________________________________________________________________
Layer (type)                 Output Shape              Param #   
=================================================================
resnet50v2 (Functional)      (None, 2048)              23564800  
_________________________________________________________________
dense (Dense)                (None, 512)               1049088   
_________________________________________________________________
dropout (Dropout)            (None, 512)               0         
_________________________________________________________________
batch_normalization (BatchNo (None, 512)               2048      
_________________________________________________________________
dense_1 (Dense)              (None, 256)               131328    
_________________________________________________________________
dropout_1 (Dropout)          (None, 256)               0         
_________________________________________________________________
batch_normalization_1 (Batch (None, 256)               1024      
_________________________________________________________________
dense_2 (Dense)              (None, 2)                 514       
=================================================================
Total params: 24,748,802
Trainable params: 1,182,466
Non-trainable params: 23,566,336
_________________________________________________________________
Fitting ISIC2018_aug_ResNet50V2_150h_150w_None model...
model_name: ISIC2018_aug_ResNet50V2_150h_150w_None
Epoch: 1 loss: 0.6081 accuracy: 0.7268 val_loss: 0.3545 val_accuracy: 0.8446
Epoch: 2 loss: 0.4358 accuracy: 0.8066 val_loss: 0.3304 val_accuracy: 0.8653
Epoch: 3 loss: 0.3840 accuracy: 0.8334 val_loss: 0.2365 val_accuracy: 0.8912
Epoch: 4 loss: 0.3621 accuracy: 0.8433 val_loss: 0.2351 val_accuracy: 0.9119
Epoch: 5 loss: 0.3337 accuracy: 0.8537 val_loss: 0.2533 val_accuracy: 0.8860
Epoch: 6 loss: 0.3163 accuracy: 0.8612 val_loss: 0.2325 val_accuracy: 0.9067
Epoch: 7 loss: 0.2910 accuracy: 0.8743 val_loss: 0.2497 val_accuracy: 0.8964
Epoch: 8 loss: 0.2784 accuracy: 0.8801 val_loss: 0.2402 val_accuracy: 0.8912
Epoch: 9 loss: 0.2615 accuracy: 0.8911 val_loss: 0.2309 val_accuracy: 0.9119
Epoch: 10 loss: 0.2450 accuracy: 0.8983 val_loss: 0.2411 val_accuracy: 0.9119
Epoch: 11 loss: 0.2320 accuracy: 0.9003 val_loss: 0.2391 val_accuracy: 0.9016
Epoch: 12 loss: 0.2186 accuracy: 0.9091 val_loss: 0.2524 val_accuracy: 0.8912
Epoch: 13 loss: 0.2106 accuracy: 0.9125 val_loss: 0.2369 val_accuracy: 0.8964
Epoch: 14 loss: 0.2001 accuracy: 0.9183 val_loss: 0.2255 val_accuracy: 0.9016
Epoch: 15 loss: 0.1834 accuracy: 0.9255 val_loss: 0.2482 val_accuracy: 0.8964
Epoch: 16 loss: 0.1771 accuracy: 0.9262 val_loss: 0.2351 val_accuracy: 0.9016
Epoch: 17 loss: 0.1620 accuracy: 0.9327 val_loss: 0.2515 val_accuracy: 0.8860
Epoch: 18 loss: 0.1576 accuracy: 0.9370 val_loss: 0.2605 val_accuracy: 0.9067
Epoch: 19 loss: 0.1429 accuracy: 0.9421 val_loss: 0.2457 val_accuracy: 0.9119
Epoch: 20 loss: 0.1337 accuracy: 0.9451 val_loss: 0.2292 val_accuracy: 0.9275
Job ended!
