Wed 28 Feb 2024 09:12:49 AM EST
Python 3.9.7
nvcc: NVIDIA (R) Cuda compiler driver
Copyright (c) 2005-2019 NVIDIA Corporation
Built on Sun_Jul_28_19:07:16_PDT_2019
Cuda compilation tools, release 10.1, V10.1.243
My SLURM_ARRAY_TASK_ID: 
DB: ['ISIC2016', 'ISIC2019']
IMG_SIZE: [150, 150]
CLASSIFIER: ResNet50V2
SELF_AUG: 1
JOB_INDEX: None
Combining...
Combining 1 db out of 2 dbs
Combining 2 db out of 2 dbs
Stacking training images
Stacking training labels
Stacking validation images
Stacking validation labels
Model: "sequential"
_________________________________________________________________
Layer (type)                 Output Shape              Param #   
=================================================================
resnet50v2 (Functional)      (None, 2048)              23564800  
_________________________________________________________________
dense (Dense)                (None, 512)               1049088   
_________________________________________________________________
dropout (Dropout)            (None, 512)               0         
_________________________________________________________________
batch_normalization (BatchNo (None, 512)               2048      
_________________________________________________________________
dense_1 (Dense)              (None, 256)               131328    
_________________________________________________________________
dropout_1 (Dropout)          (None, 256)               0         
_________________________________________________________________
batch_normalization_1 (Batch (None, 256)               1024      
_________________________________________________________________
dense_2 (Dense)              (None, 2)                 514       
=================================================================
Total params: 24,748,802
Trainable params: 1,182,466
Non-trainable params: 23,566,336
_________________________________________________________________
Fitting ISIC2016+ISIC2019_aug_ResNet50V2_150h_150w_None model...
model_name: ISIC2016+ISIC2019_aug_ResNet50V2_150h_150w_None
Epoch: 1 loss: 0.7388 accuracy: 0.6152 val_loss: 0.5400 val_accuracy: 0.7307
Epoch: 2 loss: 0.6614 accuracy: 0.6487 val_loss: 0.5848 val_accuracy: 0.6884
Epoch: 3 loss: 0.6203 accuracy: 0.6758 val_loss: 0.5354 val_accuracy: 0.7587
Epoch: 4 loss: 0.5836 accuracy: 0.6975 val_loss: 0.4998 val_accuracy: 0.7749
Epoch: 5 loss: 0.5555 accuracy: 0.7174 val_loss: 0.5294 val_accuracy: 0.7713
Epoch: 6 loss: 0.5463 accuracy: 0.7262 val_loss: 0.4850 val_accuracy: 0.7852
Epoch: 7 loss: 0.5388 accuracy: 0.7303 val_loss: 0.6333 val_accuracy: 0.6425
Epoch: 8 loss: 0.5324 accuracy: 0.7360 val_loss: 0.4413 val_accuracy: 0.8239
Epoch: 9 loss: 0.5290 accuracy: 0.7419 val_loss: 0.4342 val_accuracy: 0.8277
Epoch: 10 loss: 0.5251 accuracy: 0.7430 val_loss: 0.4274 val_accuracy: 0.8277
Epoch: 11 loss: 0.5208 accuracy: 0.7456 val_loss: 0.4986 val_accuracy: 0.7814
Epoch: 12 loss: 0.5188 accuracy: 0.7511 val_loss: 0.6473 val_accuracy: 0.5986
Epoch: 13 loss: 0.5203 accuracy: 0.7491 val_loss: 0.4563 val_accuracy: 0.7974
Epoch: 14 loss: 0.5153 accuracy: 0.7538 val_loss: 0.4234 val_accuracy: 0.8315
Epoch: 15 loss: 0.5131 accuracy: 0.7537 val_loss: 0.4503 val_accuracy: 0.8174
Epoch: 16 loss: 0.5122 accuracy: 0.7533 val_loss: 0.4844 val_accuracy: 0.7846
Epoch: 17 loss: 0.5090 accuracy: 0.7567 val_loss: 0.5608 val_accuracy: 0.7324
Epoch: 18 loss: 0.5090 accuracy: 0.7576 val_loss: 0.4512 val_accuracy: 0.8130
Epoch: 19 loss: 0.5068 accuracy: 0.7575 val_loss: 0.4747 val_accuracy: 0.8109
Epoch: 20 loss: 0.5084 accuracy: 0.7565 val_loss: 0.4200 val_accuracy: 0.8332
Job ended!
