Fri 01 Mar 2024 10:18:18 PM EST
Python 3.9.7
nvcc: NVIDIA (R) Cuda compiler driver
Copyright (c) 2005-2019 NVIDIA Corporation
Built on Sun_Jul_28_19:07:16_PDT_2019
Cuda compilation tools, release 10.1, V10.1.243
My SLURM_ARRAY_TASK_ID: 
DB: ['ISIC2016', 'ISIC2017', 'ISIC2018', 'ISIC2019', 'ISIC2020', 'PH2', '_7_point_criteria', 'PAD_UFES_20', 'MEDNODE']
IMG_SIZE: [150, 150]
CLASSIFIER: ResNet50V2
SELF_AUG: 1
JOB_INDEX: None
Combining...
Combining 1 db out of 9 dbs
Combining 2 db out of 9 dbs
Combining 3 db out of 9 dbs
Combining 4 db out of 9 dbs
Combining 5 db out of 9 dbs
Combining 6 db out of 9 dbs
Combining 7 db out of 9 dbs
Combining 8 db out of 9 dbs
Combining 9 db out of 9 dbs
Stacking training images
Stacking training labels
Stacking validation images
Stacking validation labels
Model: "sequential"
_________________________________________________________________
Layer (type)                 Output Shape              Param #   
=================================================================
resnet50v2 (Functional)      (None, 2048)              23564800  
_________________________________________________________________
dense (Dense)                (None, 512)               1049088   
_________________________________________________________________
dropout (Dropout)            (None, 512)               0         
_________________________________________________________________
batch_normalization (BatchNo (None, 512)               2048      
_________________________________________________________________
dense_1 (Dense)              (None, 256)               131328    
_________________________________________________________________
dropout_1 (Dropout)          (None, 256)               0         
_________________________________________________________________
batch_normalization_1 (Batch (None, 256)               1024      
_________________________________________________________________
dense_2 (Dense)              (None, 2)                 514       
=================================================================
Total params: 24,748,802
Trainable params: 1,182,466
Non-trainable params: 23,566,336
_________________________________________________________________
Fitting ISIC2016+ISIC2017+ISIC2018+ISIC2019+ISIC2020+PH2+_7_point_criteria+PAD_UFES_20+MEDNODE_aug_ResNet50V2_150h_150w_None model...
model_name: ISIC2016+ISIC2017+ISIC2018+ISIC2019+ISIC2020+PH2+_7_point_criteria+PAD_UFES_20+MEDNODE_aug_ResNet50V2_150h_150w_None
Epoch: 1 loss: 0.4798 accuracy: 0.7809 val_loss: 0.2134 val_accuracy: 0.9241
Epoch: 2 loss: 0.3873 accuracy: 0.8185 val_loss: 0.2059 val_accuracy: 0.9234
Epoch: 3 loss: 0.3631 accuracy: 0.8308 val_loss: 0.2006 val_accuracy: 0.9260
Epoch: 4 loss: 0.3470 accuracy: 0.8405 val_loss: 0.1985 val_accuracy: 0.9276
Epoch: 5 loss: 0.3349 accuracy: 0.8463 val_loss: 0.1994 val_accuracy: 0.9257
Epoch: 6 loss: 0.3247 accuracy: 0.8506 val_loss: 0.1959 val_accuracy: 0.9283
Epoch: 7 loss: 0.3147 accuracy: 0.8552 val_loss: 0.1952 val_accuracy: 0.9278
Epoch: 8 loss: 0.3068 accuracy: 0.8600 val_loss: 0.1952 val_accuracy: 0.9295
Epoch: 9 loss: 0.2982 accuracy: 0.8634 val_loss: 0.1966 val_accuracy: 0.9290
Epoch: 10 loss: 0.2902 accuracy: 0.8672 val_loss: 0.1943 val_accuracy: 0.9319
Epoch: 11 loss: 0.2828 accuracy: 0.8719 val_loss: 0.1903 val_accuracy: 0.9324
Epoch: 12 loss: 0.2753 accuracy: 0.8741 val_loss: 0.1935 val_accuracy: 0.9311
Epoch: 13 loss: 0.2684 accuracy: 0.8774 val_loss: 0.1950 val_accuracy: 0.9341
Epoch: 14 loss: 0.2605 accuracy: 0.8817 val_loss: 0.1955 val_accuracy: 0.9340
Epoch: 15 loss: 0.2553 accuracy: 0.8854 val_loss: 0.1924 val_accuracy: 0.9327
Epoch: 16 loss: 0.2464 accuracy: 0.8886 val_loss: 0.2002 val_accuracy: 0.9305
Epoch: 17 loss: 0.2411 accuracy: 0.8914 val_loss: 0.2015 val_accuracy: 0.9368
Epoch: 18 loss: 0.2360 accuracy: 0.8944 val_loss: 0.1970 val_accuracy: 0.9369
Epoch: 19 loss: 0.2300 accuracy: 0.8965 val_loss: 0.2055 val_accuracy: 0.9365
Epoch: 20 loss: 0.2280 accuracy: 0.8981 val_loss: 0.2104 val_accuracy: 0.9340
Job ended!
