DB: ['ISIC2020', 'PH2']
CLASSIFIER: AlexNet
JOB_INDEX: None
Start training ISIC2020+PH2_AlexNet
Combining...
Combining 1th db out of 2 dbs
Combining 2th db out of 2 dbs
Stacking data
Combining complete
Epoch 0/33
----------
Train Loss: 0.5351 Acc: 0.7219
Val Loss: 0.5585 Acc: 0.6598

Epoch 1/33
----------
Train Loss: 0.4799 Acc: 0.7628
Val Loss: 0.3480 Acc: 0.8299

Epoch 2/33
----------
Train Loss: 0.4639 Acc: 0.7715
Val Loss: 0.3932 Acc: 0.8050

Epoch 3/33
----------
Train Loss: 0.4452 Acc: 0.7858
Val Loss: 0.4208 Acc: 0.7665

Epoch 4/33
----------
Train Loss: 0.4348 Acc: 0.7910
Val Loss: 0.3185 Acc: 0.8504

Epoch 5/33
----------
Train Loss: 0.4254 Acc: 0.7955
Val Loss: 0.4592 Acc: 0.7415

Epoch 6/33
----------
Train Loss: 0.4039 Acc: 0.8074
Val Loss: 0.2169 Acc: 0.9093

Epoch 7/33
----------
Train Loss: 0.3851 Acc: 0.8192
Val Loss: 0.2866 Acc: 0.8547

Epoch 8/33
----------
Train Loss: 0.3712 Acc: 0.8259
Val Loss: 0.3089 Acc: 0.8424

Epoch 9/33
----------
Train Loss: 0.3643 Acc: 0.8305
Val Loss: 0.3203 Acc: 0.8363

Epoch 10/33
----------
Train Loss: 0.3660 Acc: 0.8327
Val Loss: 0.3562 Acc: 0.8124

Epoch 11/33
----------
Train Loss: 0.3634 Acc: 0.8315
Val Loss: 0.3571 Acc: 0.8109

Epoch 12/33
----------
Train Loss: 0.3634 Acc: 0.8340
Val Loss: 0.3458 Acc: 0.8177

Epoch 13/33
----------
Train Loss: 0.3623 Acc: 0.8328
Val Loss: 0.3157 Acc: 0.8350

Epoch 14/33
----------
Train Loss: 0.3592 Acc: 0.8340
Val Loss: 0.3181 Acc: 0.8337

Epoch 15/33
----------
Train Loss: 0.3465 Acc: 0.8401
Val Loss: 0.3176 Acc: 0.8329

Epoch 16/33
----------
Train Loss: 0.3537 Acc: 0.8364
Val Loss: 0.3217 Acc: 0.8298

Epoch 17/33
----------
Train Loss: 0.3472 Acc: 0.8420
Val Loss: 0.3183 Acc: 0.8331

Epoch 18/33
----------
Train Loss: 0.3506 Acc: 0.8418
Val Loss: 0.3155 Acc: 0.8352

Epoch 19/33
----------
Train Loss: 0.3583 Acc: 0.8384
Val Loss: 0.3234 Acc: 0.8316

Epoch 20/33
----------
Train Loss: 0.3527 Acc: 0.8377
Val Loss: 0.3226 Acc: 0.8325

Epoch 21/33
----------
Train Loss: 0.3522 Acc: 0.8379
Val Loss: 0.3217 Acc: 0.8326

Epoch 22/33
----------
Train Loss: 0.3498 Acc: 0.8441
Val Loss: 0.3185 Acc: 0.8337

Epoch 23/33
----------
Train Loss: 0.3537 Acc: 0.8382
Val Loss: 0.3187 Acc: 0.8337

Epoch 24/33
----------
Train Loss: 0.3529 Acc: 0.8366
Val Loss: 0.3194 Acc: 0.8332

Epoch 25/33
----------
Train Loss: 0.3461 Acc: 0.8401
Val Loss: 0.3187 Acc: 0.8331

Epoch 26/33
----------
Train Loss: 0.3485 Acc: 0.8385
Val Loss: 0.3168 Acc: 0.8352

Epoch 27/33
----------
Train Loss: 0.3543 Acc: 0.8384
Val Loss: 0.3223 Acc: 0.8316

Epoch 28/33
----------
Train Loss: 0.3463 Acc: 0.8421
Val Loss: 0.3218 Acc: 0.8319

Epoch 29/33
----------
Train Loss: 0.3585 Acc: 0.8363
Val Loss: 0.3221 Acc: 0.8319

Epoch 30/33
----------
Train Loss: 0.3539 Acc: 0.8362
Val Loss: 0.3216 Acc: 0.8319

Epoch 31/33
----------
Train Loss: 0.3455 Acc: 0.8397
Val Loss: 0.3210 Acc: 0.8320

Epoch 32/33
----------
Train Loss: 0.3515 Acc: 0.8392
Val Loss: 0.3210 Acc: 0.8319

Epoch 33/33
----------
Train Loss: 0.3512 Acc: 0.8392
Val Loss: 0.3209 Acc: 0.8320

Training complete in 540m 47s
Best val Acc: 0.909297
Finished training ISIC2020+PH2_AlexNet
