DB: ['KaggleMB']
CLASSIFIER: AlexNet
JOB_INDEX: None
Start training KaggleMB_AlexNet
Combining...
Combining 1th db out of 1 dbs
Stacking data
Combining complete
Epoch 0/29
----------
Train Loss: 0.5575 Acc: 0.7231
Val Loss: 0.4331 Acc: 0.7595

Epoch 1/29
----------
Train Loss: 0.4427 Acc: 0.7890
Val Loss: 0.4178 Acc: 0.7841

Epoch 2/29
----------
Train Loss: 0.4141 Acc: 0.7881
Val Loss: 0.4346 Acc: 0.7917

Epoch 3/29
----------
Train Loss: 0.4095 Acc: 0.7933
Val Loss: 0.4115 Acc: 0.7898

Epoch 4/29
----------
Train Loss: 0.3711 Acc: 0.8113
Val Loss: 0.4265 Acc: 0.8011

Epoch 5/29
----------
Train Loss: 0.3959 Acc: 0.8080
Val Loss: 0.4059 Acc: 0.7992

Epoch 6/29
----------
Train Loss: 0.4130 Acc: 0.7966
Val Loss: 0.4096 Acc: 0.7973

Epoch 7/29
----------
Train Loss: 0.3713 Acc: 0.8208
Val Loss: 0.3693 Acc: 0.8068

Epoch 8/29
----------
Train Loss: 0.3724 Acc: 0.8127
Val Loss: 0.3664 Acc: 0.8144

Epoch 9/29
----------
Train Loss: 0.3467 Acc: 0.8345
Val Loss: 0.3782 Acc: 0.8068

Epoch 10/29
----------
Train Loss: 0.3429 Acc: 0.8255
Val Loss: 0.3696 Acc: 0.8239

Epoch 11/29
----------
Train Loss: 0.3703 Acc: 0.8165
Val Loss: 0.3680 Acc: 0.8087

Epoch 12/29
----------
Train Loss: 0.3522 Acc: 0.8269
Val Loss: 0.3726 Acc: 0.8087

Epoch 13/29
----------
Train Loss: 0.3514 Acc: 0.8284
Val Loss: 0.3714 Acc: 0.8144

Epoch 14/29
----------
Train Loss: 0.3359 Acc: 0.8288
Val Loss: 0.3707 Acc: 0.8087

Epoch 15/29
----------
Train Loss: 0.3486 Acc: 0.8274
Val Loss: 0.3707 Acc: 0.8087

Epoch 16/29
----------
Train Loss: 0.3412 Acc: 0.8364
Val Loss: 0.3701 Acc: 0.8087

Epoch 17/29
----------
Train Loss: 0.3394 Acc: 0.8317
Val Loss: 0.3701 Acc: 0.8106

Epoch 18/29
----------
Train Loss: 0.3278 Acc: 0.8426
Val Loss: 0.3699 Acc: 0.8087

Epoch 19/29
----------
Train Loss: 0.3697 Acc: 0.8250
Val Loss: 0.3701 Acc: 0.8106

Epoch 20/29
----------
Train Loss: 0.3354 Acc: 0.8288
Val Loss: 0.3701 Acc: 0.8087

Epoch 21/29
----------
Train Loss: 0.3273 Acc: 0.8426
Val Loss: 0.3700 Acc: 0.8087

Epoch 22/29
----------
Train Loss: 0.3399 Acc: 0.8359
Val Loss: 0.3700 Acc: 0.8087

Epoch 23/29
----------
Train Loss: 0.3181 Acc: 0.8459
Val Loss: 0.3699 Acc: 0.8087

Epoch 24/29
----------
Train Loss: 0.3362 Acc: 0.8336
Val Loss: 0.3700 Acc: 0.8068

Epoch 25/29
----------
Train Loss: 0.3332 Acc: 0.8274
Val Loss: 0.3698 Acc: 0.8087

Epoch 26/29
----------
Train Loss: 0.3313 Acc: 0.8364
Val Loss: 0.3697 Acc: 0.8087

Epoch 27/29
----------
Train Loss: 0.3387 Acc: 0.8317
Val Loss: 0.3698 Acc: 0.8087

Epoch 28/29
----------
Train Loss: 0.3446 Acc: 0.8397
Val Loss: 0.3698 Acc: 0.8087

Epoch 29/29
----------
Train Loss: 0.3511 Acc: 0.8274
Val Loss: 0.3698 Acc: 0.8087

Training complete in 2m 16s
Best val Acc: 0.823864
Finished training KaggleMB_AlexNet
