Wed 28 Feb 2024 02:57:55 AM EST
Python 3.9.7
nvcc: NVIDIA (R) Cuda compiler driver
Copyright (c) 2005-2019 NVIDIA Corporation
Built on Sun_Jul_28_19:07:16_PDT_2019
Cuda compilation tools, release 10.1, V10.1.243
My SLURM_ARRAY_TASK_ID: 
DB: ['ISIC2016', 'ISIC2017', 'ISIC2018', 'ISIC2019', 'ISIC2020', 'PAD_UFES_20', 'MEDNODE']
IMG_SIZE: [150, 150]
CLASSIFIER: ResNet152
SELF_AUG: 1
JOB_INDEX: None
Combining...
Combining 1 db out of 7 dbs
Combining 2 db out of 7 dbs
Combining 3 db out of 7 dbs
Combining 4 db out of 7 dbs
Combining 5 db out of 7 dbs
Combining 6 db out of 7 dbs
Combining 7 db out of 7 dbs
Stacking training images
Stacking training labels
Stacking validation images
Stacking validation labels
Model: "sequential"
_________________________________________________________________
Layer (type)                 Output Shape              Param #   
=================================================================
resnet152 (Functional)       (None, 2048)              58370944  
_________________________________________________________________
dense (Dense)                (None, 512)               1049088   
_________________________________________________________________
dropout (Dropout)            (None, 512)               0         
_________________________________________________________________
batch_normalization (BatchNo (None, 512)               2048      
_________________________________________________________________
dense_1 (Dense)              (None, 256)               131328    
_________________________________________________________________
dropout_1 (Dropout)          (None, 256)               0         
_________________________________________________________________
batch_normalization_1 (Batch (None, 256)               1024      
_________________________________________________________________
dense_2 (Dense)              (None, 2)                 514       
=================================================================
Total params: 59,554,946
Trainable params: 1,182,466
Non-trainable params: 58,372,480
_________________________________________________________________
Fitting ISIC2016+ISIC2017+ISIC2018+ISIC2019+ISIC2020+PAD_UFES_20+MEDNODE_aug_ResNet152_150h_150w_None model...
model_name: ISIC2016+ISIC2017+ISIC2018+ISIC2019+ISIC2020+PAD_UFES_20+MEDNODE_aug_ResNet152_150h_150w_None
Epoch: 1 loss: 0.6585 accuracy: 0.6763 val_loss: 0.8487 val_accuracy: 0.3484
Epoch: 2 loss: 0.5873 accuracy: 0.7182 val_loss: 0.3901 val_accuracy: 0.9152
Epoch: 3 loss: 0.5877 accuracy: 0.7259 val_loss: 0.4034 val_accuracy: 0.9152
Epoch: 4 loss: 0.5874 accuracy: 0.7259 val_loss: 0.4135 val_accuracy: 0.9152
Epoch: 5 loss: 0.5874 accuracy: 0.7259 val_loss: 0.4107 val_accuracy: 0.9152
Epoch: 6 loss: 0.5874 accuracy: 0.7259 val_loss: 0.3995 val_accuracy: 0.9152
Epoch: 7 loss: 0.5875 accuracy: 0.7258 val_loss: 0.4059 val_accuracy: 0.9152
Epoch: 8 loss: 0.5874 accuracy: 0.7259 val_loss: 0.3985 val_accuracy: 0.9152
Epoch: 9 loss: 0.5874 accuracy: 0.7259 val_loss: 0.3970 val_accuracy: 0.9152
Epoch: 10 loss: 0.5874 accuracy: 0.7259 val_loss: 0.4011 val_accuracy: 0.9152
Epoch: 11 loss: 0.5874 accuracy: 0.7258 val_loss: 0.3951 val_accuracy: 0.9152
Epoch: 12 loss: 0.5874 accuracy: 0.7258 val_loss: 0.3872 val_accuracy: 0.9152
Epoch: 13 loss: 0.5874 accuracy: 0.7259 val_loss: 0.4068 val_accuracy: 0.9152
Epoch: 14 loss: 0.5874 accuracy: 0.7258 val_loss: 0.4090 val_accuracy: 0.9152
Epoch: 15 loss: 0.5874 accuracy: 0.7259 val_loss: 0.4080 val_accuracy: 0.9152
Epoch: 16 loss: 0.5874 accuracy: 0.7259 val_loss: 0.3990 val_accuracy: 0.9152
Epoch: 17 loss: 0.5874 accuracy: 0.7259 val_loss: 0.4009 val_accuracy: 0.9152
Epoch: 18 loss: 0.5874 accuracy: 0.7259 val_loss: 0.4032 val_accuracy: 0.9152
Epoch: 19 loss: 0.5874 accuracy: 0.7259 val_loss: 0.4038 val_accuracy: 0.9152
Epoch: 20 loss: 0.5874 accuracy: 0.7259 val_loss: 0.4037 val_accuracy: 0.9152
Job ended!
