Sun 03 Mar 2024 02:47:35 AM EST
Python 3.9.7
nvcc: NVIDIA (R) Cuda compiler driver
Copyright (c) 2005-2019 NVIDIA Corporation
Built on Sun_Jul_28_19:07:16_PDT_2019
Cuda compilation tools, release 10.1, V10.1.243
My SLURM_ARRAY_TASK_ID: 
DB: ['ISIC2016', 'ISIC2017', 'ISIC2018', 'ISIC2019', 'ISIC2020', 'PH2', 'PAD_UFES_20', 'MEDNODE']
IMG_SIZE: [150, 150]
CLASSIFIER: ResNet152
SELF_AUG: 1
JOB_INDEX: None
Combining...
Combining 1 db out of 8 dbs
Combining 2 db out of 8 dbs
Combining 3 db out of 8 dbs
Combining 4 db out of 8 dbs
Combining 5 db out of 8 dbs
Combining 6 db out of 8 dbs
Combining 7 db out of 8 dbs
Combining 8 db out of 8 dbs
Stacking training images
Stacking training labels
Stacking validation images
Stacking validation labels
Model: "sequential"
_________________________________________________________________
Layer (type)                 Output Shape              Param #   
=================================================================
resnet152 (Functional)       (None, 2048)              58370944  
_________________________________________________________________
dense (Dense)                (None, 512)               1049088   
_________________________________________________________________
dropout (Dropout)            (None, 512)               0         
_________________________________________________________________
batch_normalization (BatchNo (None, 512)               2048      
_________________________________________________________________
dense_1 (Dense)              (None, 256)               131328    
_________________________________________________________________
dropout_1 (Dropout)          (None, 256)               0         
_________________________________________________________________
batch_normalization_1 (Batch (None, 256)               1024      
_________________________________________________________________
dense_2 (Dense)              (None, 2)                 514       
=================================================================
Total params: 59,554,946
Trainable params: 1,182,466
Non-trainable params: 58,372,480
_________________________________________________________________
Fitting ISIC2016+ISIC2017+ISIC2018+ISIC2019+ISIC2020+PH2+PAD_UFES_20+MEDNODE_aug_ResNet152_150h_150w_None model...
model_name: ISIC2016+ISIC2017+ISIC2018+ISIC2019+ISIC2020+PH2+PAD_UFES_20+MEDNODE_aug_ResNet152_150h_150w_None
Epoch: 1 loss: 0.4546 accuracy: 0.7977 val_loss: 0.1978 val_accuracy: 0.9284
Epoch: 2 loss: 0.3630 accuracy: 0.8343 val_loss: 0.1910 val_accuracy: 0.9318
Epoch: 3 loss: 0.3369 accuracy: 0.8471 val_loss: 0.1828 val_accuracy: 0.9344
Epoch: 4 loss: 0.3239 accuracy: 0.8537 val_loss: 0.1785 val_accuracy: 0.9348
Epoch: 5 loss: 0.3116 accuracy: 0.8592 val_loss: 0.1722 val_accuracy: 0.9386
Epoch: 6 loss: 0.3008 accuracy: 0.8650 val_loss: 0.1667 val_accuracy: 0.9394
Epoch: 7 loss: 0.2923 accuracy: 0.8700 val_loss: 0.1691 val_accuracy: 0.9400
Epoch: 8 loss: 0.2848 accuracy: 0.8726 val_loss: 0.1749 val_accuracy: 0.9378
Epoch: 9 loss: 0.2761 accuracy: 0.8790 val_loss: 0.1643 val_accuracy: 0.9411
Epoch: 10 loss: 0.2707 accuracy: 0.8809 val_loss: 0.1670 val_accuracy: 0.9402
Epoch: 11 loss: 0.2639 accuracy: 0.8843 val_loss: 0.1580 val_accuracy: 0.9448
Epoch: 12 loss: 0.2581 accuracy: 0.8869 val_loss: 0.1662 val_accuracy: 0.9419
Epoch: 13 loss: 0.2513 accuracy: 0.8901 val_loss: 0.1573 val_accuracy: 0.9454
Epoch: 14 loss: 0.2437 accuracy: 0.8924 val_loss: 0.1599 val_accuracy: 0.9426
Epoch: 15 loss: 0.2389 accuracy: 0.8964 val_loss: 0.1603 val_accuracy: 0.9438
Epoch: 16 loss: 0.2362 accuracy: 0.8967 val_loss: 0.1586 val_accuracy: 0.9459
Epoch: 17 loss: 0.2312 accuracy: 0.9003 val_loss: 0.1566 val_accuracy: 0.9464
Epoch: 18 loss: 0.2232 accuracy: 0.9023 val_loss: 0.1656 val_accuracy: 0.9434
Epoch: 19 loss: 0.2178 accuracy: 0.9054 val_loss: 0.1603 val_accuracy: 0.9467
Epoch: 20 loss: 0.2144 accuracy: 0.9077 val_loss: 0.1625 val_accuracy: 0.9454
Job ended!
