Thu 09 May 2024 10:27:34 AM EDT
Python 3.9.7
nvcc: NVIDIA (R) Cuda compiler driver
Copyright (c) 2005-2019 NVIDIA Corporation
Built on Sun_Jul_28_19:07:16_PDT_2019
Cuda compilation tools, release 10.1, V10.1.243
My SLURM_ARRAY_TASK_ID: 
DB: ['ISIC2016', 'ISIC2017', 'ISIC2018', 'ISIC2019', 'PAD_UFES_20', 'MEDNODE']
IMG_SIZE: [384, 384]
CLASSIFIER: VGG19
JOB_INDEX: None
Start training augmented images
Combining...
Combining 1th db out of 6 dbs
Combining 2th db out of 6 dbs
Combining 3th db out of 6 dbs
Combining 4th db out of 6 dbs
Combining 5th db out of 6 dbs
Combining 6th db out of 6 dbs
Stacking data
Combining complete
Model: "sequential"
_________________________________________________________________
Layer (type)                 Output Shape              Param #   
=================================================================
vgg19 (Functional)           (None, 512)               20024384  
_________________________________________________________________
dense (Dense)                (None, 512)               262656    
_________________________________________________________________
dropout (Dropout)            (None, 512)               0         
_________________________________________________________________
batch_normalization (BatchNo (None, 512)               2048      
_________________________________________________________________
dense_1 (Dense)              (None, 256)               131328    
_________________________________________________________________
batch_normalization_1 (Batch (None, 256)               1024      
_________________________________________________________________
dense_2 (Dense)              (None, 2)                 514       
=================================================================
Total params: 20,421,954
Trainable params: 396,034
Non-trainable params: 20,025,920
_________________________________________________________________
Fitting ISIC2016+ISIC2017+ISIC2018+ISIC2019+PAD_UFES_20+MEDNODE_aug_VGG19_384h_384w_None model...
model_name: ISIC2016+ISIC2017+ISIC2018+ISIC2019+PAD_UFES_20+MEDNODE_aug_VGG19_384h_384w_None
Epoch: 1 loss: 0.8384 accuracy: 0.7340 val_loss: 0.6263 val_accuracy: 0.8115
Epoch: 2 loss: 0.6745 accuracy: 0.7742 val_loss: 0.7100 val_accuracy: 0.7472
Epoch: 3 loss: 0.6232 accuracy: 0.7851 val_loss: 0.7322 val_accuracy: 0.7276
Epoch: 4 loss: 0.5932 accuracy: 0.7912 val_loss: 0.6444 val_accuracy: 0.7605
Epoch: 5 loss: 0.5686 accuracy: 0.7981 val_loss: 0.6696 val_accuracy: 0.7124
Epoch: 6 loss: 0.5509 accuracy: 0.8019 val_loss: 0.5920 val_accuracy: 0.7686
Epoch: 7 loss: 0.5360 accuracy: 0.8045 val_loss: 0.6453 val_accuracy: 0.7295
Epoch: 8 loss: 0.5153 accuracy: 0.8088 val_loss: 0.5474 val_accuracy: 0.7942
Epoch: 9 loss: 0.5065 accuracy: 0.8081 val_loss: 0.6501 val_accuracy: 0.7130
Epoch: 10 loss: 0.4968 accuracy: 0.8075 val_loss: 0.4978 val_accuracy: 0.8134
Epoch: 11 loss: 0.4844 accuracy: 0.8114 val_loss: 0.4683 val_accuracy: 0.8320
Epoch: 12 loss: 0.4721 accuracy: 0.8140 val_loss: 0.4583 val_accuracy: 0.8327
Epoch: 13 loss: 0.4631 accuracy: 0.8160 val_loss: 0.4839 val_accuracy: 0.8105
Epoch: 14 loss: 0.4548 accuracy: 0.8187 val_loss: 0.4531 val_accuracy: 0.8292
Epoch: 15 loss: 0.4545 accuracy: 0.8140 val_loss: 0.4672 val_accuracy: 0.8171
Epoch: 16 loss: 0.4420 accuracy: 0.8201 val_loss: 0.4622 val_accuracy: 0.8327
Epoch: 17 loss: 0.4371 accuracy: 0.8204 val_loss: 0.7002 val_accuracy: 0.6990
Epoch: 18 loss: 0.4291 accuracy: 0.8213 val_loss: 0.4837 val_accuracy: 0.7944
Epoch: 19 loss: 0.4289 accuracy: 0.8199 val_loss: 0.4517 val_accuracy: 0.8102
Epoch: 20 loss: 0.4204 accuracy: 0.8255 val_loss: 0.4256 val_accuracy: 0.8319
Epoch: 21 loss: 0.4167 accuracy: 0.8286 val_loss: 0.4725 val_accuracy: 0.8029
Epoch: 22 loss: 0.4114 accuracy: 0.8269 val_loss: 0.4911 val_accuracy: 0.7880
Epoch: 23 loss: 0.4136 accuracy: 0.8266 val_loss: 0.4679 val_accuracy: 0.8010
Epoch: 24 loss: 0.4067 accuracy: 0.8298 val_loss: 0.4441 val_accuracy: 0.8116
Epoch: 25 loss: 0.4007 accuracy: 0.8314 val_loss: 0.4767 val_accuracy: 0.7934

Epoch 00025: ReduceLROnPlateau reducing learning rate to 7.999999797903001e-05.
Epoch: 26 loss: 0.3970 accuracy: 0.8329 val_loss: 0.4316 val_accuracy: 0.8245
Epoch: 27 loss: 0.3961 accuracy: 0.8334 val_loss: 0.4494 val_accuracy: 0.8144
Epoch: 28 loss: 0.3850 accuracy: 0.8407 val_loss: 0.4855 val_accuracy: 0.7890
Epoch: 29 loss: 0.3887 accuracy: 0.8358 val_loss: 0.4849 val_accuracy: 0.7801
Epoch: 30 loss: 0.3856 accuracy: 0.8387 val_loss: 0.4666 val_accuracy: 0.7998

Epoch 00030: ReduceLROnPlateau reducing learning rate to 6.399999838322402e-05.
End of augmented training
Finish
Job ended!
