Thu 09 May 2024 06:13:58 AM EDT
Python 3.9.7
nvcc: NVIDIA (R) Cuda compiler driver
Copyright (c) 2005-2019 NVIDIA Corporation
Built on Sun_Jul_28_19:07:16_PDT_2019
Cuda compilation tools, release 10.1, V10.1.243
My SLURM_ARRAY_TASK_ID: 
DB: ['ISIC2016', '_7_point_criteria', 'PAD_UFES_20', 'MEDNODE']
IMG_SIZE: [384, 384]
CLASSIFIER: VGG19
JOB_INDEX: None
Start training augmented images
Combining...
Combining 1th db out of 4 dbs
Combining 2th db out of 4 dbs
Combining 3th db out of 4 dbs
Combining 4th db out of 4 dbs
Stacking data
Combining complete
Model: "sequential"
_________________________________________________________________
Layer (type)                 Output Shape              Param #   
=================================================================
vgg19 (Functional)           (None, 512)               20024384  
_________________________________________________________________
dense (Dense)                (None, 512)               262656    
_________________________________________________________________
dropout (Dropout)            (None, 512)               0         
_________________________________________________________________
batch_normalization (BatchNo (None, 512)               2048      
_________________________________________________________________
dense_1 (Dense)              (None, 256)               131328    
_________________________________________________________________
batch_normalization_1 (Batch (None, 256)               1024      
_________________________________________________________________
dense_2 (Dense)              (None, 2)                 514       
=================================================================
Total params: 20,421,954
Trainable params: 396,034
Non-trainable params: 20,025,920
_________________________________________________________________
Fitting ISIC2016+_7_point_criteria+PAD_UFES_20+MEDNODE_aug_VGG19_384h_384w_None model...
model_name: ISIC2016+_7_point_criteria+PAD_UFES_20+MEDNODE_aug_VGG19_384h_384w_None
Epoch: 1 loss: 1.2635 accuracy: 0.5660 val_loss: 1.0735 val_accuracy: 0.5279
Epoch: 2 loss: 1.0705 accuracy: 0.6144 val_loss: 0.9763 val_accuracy: 0.7970
Epoch: 3 loss: 0.9489 accuracy: 0.6777 val_loss: 0.9070 val_accuracy: 0.8415
Epoch: 4 loss: 0.8667 accuracy: 0.7127 val_loss: 0.9192 val_accuracy: 0.6956
Epoch: 5 loss: 0.8282 accuracy: 0.7305 val_loss: 0.8416 val_accuracy: 0.7982
Epoch: 6 loss: 0.7939 accuracy: 0.7444 val_loss: 0.8328 val_accuracy: 0.7446
Epoch: 7 loss: 0.7492 accuracy: 0.7559 val_loss: 0.7317 val_accuracy: 0.8039
Epoch: 8 loss: 0.7177 accuracy: 0.7724 val_loss: 0.9786 val_accuracy: 0.5006
Epoch: 9 loss: 0.7149 accuracy: 0.7641 val_loss: 0.8479 val_accuracy: 0.6739
Epoch: 10 loss: 0.6879 accuracy: 0.7812 val_loss: 0.6983 val_accuracy: 0.7913
Epoch: 11 loss: 0.6595 accuracy: 0.7928 val_loss: 0.6091 val_accuracy: 0.8358
Epoch: 12 loss: 0.6454 accuracy: 0.8001 val_loss: 0.6683 val_accuracy: 0.8016
Epoch: 13 loss: 0.6426 accuracy: 0.7949 val_loss: 0.6899 val_accuracy: 0.7708
Epoch: 14 loss: 0.6224 accuracy: 0.8064 val_loss: 0.6392 val_accuracy: 0.8084
Epoch: 15 loss: 0.6122 accuracy: 0.8164 val_loss: 0.6826 val_accuracy: 0.7788
Epoch: 16 loss: 0.6161 accuracy: 0.8071 val_loss: 0.7534 val_accuracy: 0.7332

Epoch 00016: ReduceLROnPlateau reducing learning rate to 7.999999797903001e-05.
Epoch: 17 loss: 0.5914 accuracy: 0.8216 val_loss: 0.5792 val_accuracy: 0.8518
Epoch: 18 loss: 0.5835 accuracy: 0.8273 val_loss: 0.5840 val_accuracy: 0.8495
Epoch: 19 loss: 0.5868 accuracy: 0.8244 val_loss: 0.6779 val_accuracy: 0.7777
Epoch: 20 loss: 0.5726 accuracy: 0.8294 val_loss: 0.6199 val_accuracy: 0.8198
Epoch: 21 loss: 0.5635 accuracy: 0.8322 val_loss: 0.6028 val_accuracy: 0.8084
Epoch: 22 loss: 0.5609 accuracy: 0.8305 val_loss: 0.6133 val_accuracy: 0.8290

Epoch 00022: ReduceLROnPlateau reducing learning rate to 6.399999838322402e-05.
Epoch: 23 loss: 0.5493 accuracy: 0.8370 val_loss: 0.6505 val_accuracy: 0.8027
Epoch: 24 loss: 0.5426 accuracy: 0.8379 val_loss: 0.6225 val_accuracy: 0.8084
Epoch: 25 loss: 0.5252 accuracy: 0.8440 val_loss: 0.7036 val_accuracy: 0.7640
Epoch: 26 loss: 0.5288 accuracy: 0.8511 val_loss: 0.5708 val_accuracy: 0.8449
Epoch: 27 loss: 0.5280 accuracy: 0.8509 val_loss: 0.6424 val_accuracy: 0.7970
Epoch: 28 loss: 0.5043 accuracy: 0.8598 val_loss: 0.6879 val_accuracy: 0.7560
Epoch: 29 loss: 0.5209 accuracy: 0.8537 val_loss: 0.7500 val_accuracy: 0.7423
Epoch: 30 loss: 0.5016 accuracy: 0.8635 val_loss: 0.6110 val_accuracy: 0.8278
Epoch: 31 loss: 0.5110 accuracy: 0.8553 val_loss: 0.6264 val_accuracy: 0.7993

Epoch 00031: ReduceLROnPlateau reducing learning rate to 5.119999987073243e-05.
Epoch: 32 loss: 0.5028 accuracy: 0.8572 val_loss: 0.6101 val_accuracy: 0.8233
Epoch: 33 loss: 0.4899 accuracy: 0.8626 val_loss: 0.5917 val_accuracy: 0.8290
Epoch: 34 loss: 0.4951 accuracy: 0.8648 val_loss: 0.6781 val_accuracy: 0.7891
Epoch: 35 loss: 0.4782 accuracy: 0.8691 val_loss: 0.5908 val_accuracy: 0.8335
Epoch: 36 loss: 0.4778 accuracy: 0.8717 val_loss: 0.5570 val_accuracy: 0.8483
Epoch: 37 loss: 0.4818 accuracy: 0.8618 val_loss: 0.5982 val_accuracy: 0.8404
Epoch: 38 loss: 0.4923 accuracy: 0.8633 val_loss: 0.5821 val_accuracy: 0.8369
Epoch: 39 loss: 0.4805 accuracy: 0.8663 val_loss: 0.6075 val_accuracy: 0.8301
Epoch: 40 loss: 0.4698 accuracy: 0.8826 val_loss: 0.6004 val_accuracy: 0.8187
Epoch: 41 loss: 0.4684 accuracy: 0.8707 val_loss: 0.6034 val_accuracy: 0.8187

Epoch 00041: ReduceLROnPlateau reducing learning rate to 4.0960000478662555e-05.
Epoch: 42 loss: 0.4585 accuracy: 0.8748 val_loss: 0.5863 val_accuracy: 0.8221
Epoch: 43 loss: 0.4722 accuracy: 0.8726 val_loss: 0.5760 val_accuracy: 0.8381
Epoch: 44 loss: 0.4589 accuracy: 0.8741 val_loss: 0.5836 val_accuracy: 0.8312
Epoch: 45 loss: 0.4395 accuracy: 0.8848 val_loss: 0.5950 val_accuracy: 0.8141
Epoch: 46 loss: 0.4456 accuracy: 0.8854 val_loss: 0.6842 val_accuracy: 0.7879

Epoch 00046: ReduceLROnPlateau reducing learning rate to 3.2767999800853435e-05.
End of augmented training
Finish
Job ended!
