Thu 09 May 2024 01:36:23 PM EDT
Python 3.9.7
nvcc: NVIDIA (R) Cuda compiler driver
Copyright (c) 2005-2019 NVIDIA Corporation
Built on Sun_Jul_28_19:07:16_PDT_2019
Cuda compilation tools, release 10.1, V10.1.243
My SLURM_ARRAY_TASK_ID: 
DB: ['ISIC2016', 'PAD_UFES_20']
IMG_SIZE: [384, 384]
CLASSIFIER: VGG19
JOB_INDEX: None
Start training augmented images
Combining...
Combining 1th db out of 2 dbs
Combining 2th db out of 2 dbs
Stacking data
Combining complete
Model: "sequential"
_________________________________________________________________
Layer (type)                 Output Shape              Param #   
=================================================================
vgg19 (Functional)           (None, 512)               20024384  
_________________________________________________________________
dense (Dense)                (None, 512)               262656    
_________________________________________________________________
dropout (Dropout)            (None, 512)               0         
_________________________________________________________________
batch_normalization (BatchNo (None, 512)               2048      
_________________________________________________________________
dense_1 (Dense)              (None, 256)               131328    
_________________________________________________________________
batch_normalization_1 (Batch (None, 256)               1024      
_________________________________________________________________
dense_2 (Dense)              (None, 2)                 514       
=================================================================
Total params: 20,421,954
Trainable params: 396,034
Non-trainable params: 20,025,920
_________________________________________________________________
Fitting ISIC2016+PAD_UFES_20_aug_VGG19_384h_384w_None model...
model_name: ISIC2016+PAD_UFES_20_aug_VGG19_384h_384w_None
Epoch: 1 loss: 1.3090 accuracy: 0.5583 val_loss: 0.9635 val_accuracy: 0.9328
Epoch: 2 loss: 1.0823 accuracy: 0.6343 val_loss: 0.8893 val_accuracy: 0.9328
Epoch: 3 loss: 0.9859 accuracy: 0.6613 val_loss: 0.7516 val_accuracy: 0.9328
Epoch: 4 loss: 0.9059 accuracy: 0.7013 val_loss: 0.6956 val_accuracy: 0.9328
Epoch: 5 loss: 0.8416 accuracy: 0.7254 val_loss: 0.6355 val_accuracy: 0.9328
Epoch: 6 loss: 0.7820 accuracy: 0.7516 val_loss: 0.5973 val_accuracy: 0.9281
Epoch: 7 loss: 0.7363 accuracy: 0.7815 val_loss: 0.5532 val_accuracy: 0.9312
Epoch: 8 loss: 0.7073 accuracy: 0.7900 val_loss: 0.5536 val_accuracy: 0.9109
Epoch: 9 loss: 0.6826 accuracy: 0.8051 val_loss: 0.5232 val_accuracy: 0.9172
Epoch: 10 loss: 0.6658 accuracy: 0.8125 val_loss: 0.5245 val_accuracy: 0.9094
Epoch: 11 loss: 0.6240 accuracy: 0.8220 val_loss: 0.5491 val_accuracy: 0.8734
Epoch: 12 loss: 0.5996 accuracy: 0.8305 val_loss: 0.5344 val_accuracy: 0.8828
Epoch: 13 loss: 0.5920 accuracy: 0.8361 val_loss: 0.4733 val_accuracy: 0.9047
Epoch: 14 loss: 0.5778 accuracy: 0.8398 val_loss: 0.4882 val_accuracy: 0.8938
Epoch: 15 loss: 0.5759 accuracy: 0.8358 val_loss: 0.4760 val_accuracy: 0.9000
Epoch: 16 loss: 0.5684 accuracy: 0.8419 val_loss: 0.4918 val_accuracy: 0.8984
Epoch: 17 loss: 0.5619 accuracy: 0.8496 val_loss: 0.4735 val_accuracy: 0.8906
Epoch: 18 loss: 0.5314 accuracy: 0.8631 val_loss: 0.4732 val_accuracy: 0.9062

Epoch 00018: ReduceLROnPlateau reducing learning rate to 7.999999797903001e-05.
Epoch: 19 loss: 0.4898 accuracy: 0.8776 val_loss: 0.4732 val_accuracy: 0.9000
Epoch: 20 loss: 0.5211 accuracy: 0.8644 val_loss: 0.5288 val_accuracy: 0.8469
Epoch: 21 loss: 0.5104 accuracy: 0.8649 val_loss: 0.5134 val_accuracy: 0.8578
Epoch: 22 loss: 0.5049 accuracy: 0.8737 val_loss: 0.5299 val_accuracy: 0.8516
Epoch: 23 loss: 0.4997 accuracy: 0.8702 val_loss: 0.4504 val_accuracy: 0.9047
Epoch: 24 loss: 0.4809 accuracy: 0.8816 val_loss: 0.5133 val_accuracy: 0.8641
Epoch: 25 loss: 0.4860 accuracy: 0.8718 val_loss: 0.4926 val_accuracy: 0.8859
Epoch: 26 loss: 0.4697 accuracy: 0.8729 val_loss: 0.4294 val_accuracy: 0.9156
Epoch: 27 loss: 0.4749 accuracy: 0.8792 val_loss: 0.5351 val_accuracy: 0.8484
Epoch: 28 loss: 0.4784 accuracy: 0.8795 val_loss: 0.4451 val_accuracy: 0.9016
Epoch: 29 loss: 0.4601 accuracy: 0.8835 val_loss: 0.4482 val_accuracy: 0.8953
Epoch: 30 loss: 0.4559 accuracy: 0.8822 val_loss: 0.4677 val_accuracy: 0.8828
Epoch: 31 loss: 0.4728 accuracy: 0.8716 val_loss: 0.6106 val_accuracy: 0.8109

Epoch 00031: ReduceLROnPlateau reducing learning rate to 6.399999838322402e-05.
Epoch: 32 loss: 0.4606 accuracy: 0.8803 val_loss: 0.4981 val_accuracy: 0.8656
Epoch: 33 loss: 0.4531 accuracy: 0.8859 val_loss: 0.4327 val_accuracy: 0.9000
Epoch: 34 loss: 0.4567 accuracy: 0.8851 val_loss: 0.4434 val_accuracy: 0.9016
Epoch: 35 loss: 0.4544 accuracy: 0.8861 val_loss: 0.5213 val_accuracy: 0.8547
Epoch: 36 loss: 0.4370 accuracy: 0.8933 val_loss: 0.4758 val_accuracy: 0.8953

Epoch 00036: ReduceLROnPlateau reducing learning rate to 5.119999987073243e-05.
End of augmented training
Finish
Job ended!
