Thu 09 May 2024 02:04:10 PM EDT
Python 3.9.7
nvcc: NVIDIA (R) Cuda compiler driver
Copyright (c) 2005-2019 NVIDIA Corporation
Built on Sun_Jul_28_19:07:16_PDT_2019
Cuda compilation tools, release 10.1, V10.1.243
My SLURM_ARRAY_TASK_ID: 
DB: ['ISIC2016', '_7_point_criteria', 'PAD_UFES_20']
IMG_SIZE: [384, 384]
CLASSIFIER: Xception
JOB_INDEX: None
Start training augmented images
Combining...
Combining 1th db out of 3 dbs
Combining 2th db out of 3 dbs
Combining 3th db out of 3 dbs
Stacking data
Combining complete
Model: "sequential"
_________________________________________________________________
Layer (type)                 Output Shape              Param #   
=================================================================
xception (Functional)        (None, 2048)              20861480  
_________________________________________________________________
dense (Dense)                (None, 512)               1049088   
_________________________________________________________________
dropout (Dropout)            (None, 512)               0         
_________________________________________________________________
batch_normalization_4 (Batch (None, 512)               2048      
_________________________________________________________________
dense_1 (Dense)              (None, 256)               131328    
_________________________________________________________________
batch_normalization_5 (Batch (None, 256)               1024      
_________________________________________________________________
dense_2 (Dense)              (None, 2)                 514       
=================================================================
Total params: 22,045,482
Trainable params: 1,182,466
Non-trainable params: 20,863,016
_________________________________________________________________
Fitting ISIC2016+_7_point_criteria+PAD_UFES_20_aug_Xception_384h_384w_None model...
model_name: ISIC2016+_7_point_criteria+PAD_UFES_20_aug_Xception_384h_384w_None
Epoch: 1 loss: 1.2247 accuracy: 0.6923 val_loss: 1.1427 val_accuracy: 0.8078
Epoch: 2 loss: 1.0056 accuracy: 0.8159 val_loss: 1.1211 val_accuracy: 0.7888
Epoch: 3 loss: 0.8771 accuracy: 0.8768 val_loss: 1.0065 val_accuracy: 0.8505
Epoch: 4 loss: 0.8160 accuracy: 0.9049 val_loss: 1.0127 val_accuracy: 0.8138
Epoch: 5 loss: 0.7725 accuracy: 0.9241 val_loss: 0.9377 val_accuracy: 0.8505
Epoch: 6 loss: 0.7153 accuracy: 0.9567 val_loss: 0.9099 val_accuracy: 0.8517
Epoch: 7 loss: 0.6986 accuracy: 0.9524 val_loss: 0.9204 val_accuracy: 0.8304
Epoch: 8 loss: 0.6778 accuracy: 0.9590 val_loss: 0.8935 val_accuracy: 0.8517
Epoch: 9 loss: 0.6449 accuracy: 0.9728 val_loss: 0.9153 val_accuracy: 0.8458
Epoch: 10 loss: 0.6310 accuracy: 0.9724 val_loss: 0.9077 val_accuracy: 0.8600
Epoch: 11 loss: 0.6105 accuracy: 0.9798 val_loss: 0.9369 val_accuracy: 0.8505
Epoch: 12 loss: 0.5993 accuracy: 0.9821 val_loss: 0.9313 val_accuracy: 0.8600
Epoch: 13 loss: 0.5887 accuracy: 0.9823 val_loss: 0.9232 val_accuracy: 0.8577

Epoch 00013: ReduceLROnPlateau reducing learning rate to 7.999999797903001e-05.
Epoch: 14 loss: 0.5721 accuracy: 0.9864 val_loss: 0.9424 val_accuracy: 0.8577
Epoch: 15 loss: 0.5652 accuracy: 0.9871 val_loss: 0.9259 val_accuracy: 0.8529
Epoch: 16 loss: 0.5535 accuracy: 0.9891 val_loss: 0.9477 val_accuracy: 0.8517
Epoch: 17 loss: 0.5482 accuracy: 0.9894 val_loss: 0.9263 val_accuracy: 0.8743
Epoch: 18 loss: 0.5353 accuracy: 0.9918 val_loss: 0.9320 val_accuracy: 0.8671

Epoch 00018: ReduceLROnPlateau reducing learning rate to 6.399999838322402e-05.
End of augmented training
Finish
Job ended!
