Thu 09 May 2024 10:44:40 PM EDT
Python 3.9.7
nvcc: NVIDIA (R) Cuda compiler driver
Copyright (c) 2005-2019 NVIDIA Corporation
Built on Sun_Jul_28_19:07:16_PDT_2019
Cuda compilation tools, release 10.1, V10.1.243
My SLURM_ARRAY_TASK_ID: 
DB: ['ISIC2016', 'ISIC2020']
IMG_SIZE: [384, 384]
CLASSIFIER: Xception
JOB_INDEX: None
Start training augmented images
Combining...
Combining 1th db out of 2 dbs
Combining 2th db out of 2 dbs
Stacking data
Combining complete
Model: "sequential"
_________________________________________________________________
Layer (type)                 Output Shape              Param #   
=================================================================
xception (Functional)        (None, 2048)              20861480  
_________________________________________________________________
dense (Dense)                (None, 512)               1049088   
_________________________________________________________________
dropout (Dropout)            (None, 512)               0         
_________________________________________________________________
batch_normalization_4 (Batch (None, 512)               2048      
_________________________________________________________________
dense_1 (Dense)              (None, 256)               131328    
_________________________________________________________________
batch_normalization_5 (Batch (None, 256)               1024      
_________________________________________________________________
dense_2 (Dense)              (None, 2)                 514       
=================================================================
Total params: 22,045,482
Trainable params: 1,182,466
Non-trainable params: 20,863,016
_________________________________________________________________
Fitting ISIC2016+ISIC2020_aug_Xception_384h_384w_None model...
model_name: ISIC2016+ISIC2020_aug_Xception_384h_384w_None
Epoch: 1 loss: 0.9438 accuracy: 0.8497 val_loss: 0.7930 val_accuracy: 0.9214
Epoch: 2 loss: 0.7036 accuracy: 0.9287 val_loss: 0.6510 val_accuracy: 0.9495
Epoch: 3 loss: 0.6162 accuracy: 0.9453 val_loss: 0.5822 val_accuracy: 0.9564
Epoch: 4 loss: 0.5522 accuracy: 0.9540 val_loss: 0.5554 val_accuracy: 0.9486
Epoch: 5 loss: 0.5104 accuracy: 0.9572 val_loss: 0.5353 val_accuracy: 0.9467
Epoch: 6 loss: 0.4658 accuracy: 0.9637 val_loss: 0.5196 val_accuracy: 0.9427
Epoch: 7 loss: 0.4325 accuracy: 0.9662 val_loss: 0.4782 val_accuracy: 0.9475
Epoch: 8 loss: 0.4019 accuracy: 0.9687 val_loss: 0.4405 val_accuracy: 0.9569
Epoch: 9 loss: 0.3799 accuracy: 0.9704 val_loss: 0.4185 val_accuracy: 0.9594
Epoch: 10 loss: 0.3490 accuracy: 0.9741 val_loss: 0.4135 val_accuracy: 0.9525
Epoch: 11 loss: 0.3306 accuracy: 0.9746 val_loss: 0.4115 val_accuracy: 0.9487
Epoch: 12 loss: 0.3126 accuracy: 0.9749 val_loss: 0.3836 val_accuracy: 0.9533
Epoch: 13 loss: 0.2932 accuracy: 0.9779 val_loss: 0.3669 val_accuracy: 0.9534
Epoch: 14 loss: 0.2804 accuracy: 0.9771 val_loss: 0.3370 val_accuracy: 0.9661
Epoch: 15 loss: 0.2685 accuracy: 0.9771 val_loss: 0.3221 val_accuracy: 0.9705
Epoch: 16 loss: 0.2540 accuracy: 0.9779 val_loss: 0.3309 val_accuracy: 0.9506
Epoch: 17 loss: 0.2410 accuracy: 0.9794 val_loss: 0.3282 val_accuracy: 0.9596
Epoch: 18 loss: 0.2316 accuracy: 0.9791 val_loss: 0.2952 val_accuracy: 0.9668
Epoch: 19 loss: 0.2185 accuracy: 0.9812 val_loss: 0.3046 val_accuracy: 0.9559
Epoch: 20 loss: 0.2061 accuracy: 0.9830 val_loss: 0.3023 val_accuracy: 0.9600
Epoch: 21 loss: 0.2048 accuracy: 0.9813 val_loss: 0.3056 val_accuracy: 0.9569
Epoch: 22 loss: 0.1908 accuracy: 0.9830 val_loss: 0.2706 val_accuracy: 0.9625
Epoch: 23 loss: 0.1872 accuracy: 0.9817 val_loss: 0.2600 val_accuracy: 0.9697
Epoch: 24 loss: 0.1793 accuracy: 0.9831 val_loss: 0.2706 val_accuracy: 0.9621
Epoch: 25 loss: 0.1721 accuracy: 0.9838 val_loss: 0.3392 val_accuracy: 0.9308
Epoch: 26 loss: 0.1688 accuracy: 0.9825 val_loss: 0.2763 val_accuracy: 0.9577
Epoch: 27 loss: 0.1621 accuracy: 0.9843 val_loss: 0.2847 val_accuracy: 0.9511
Epoch: 28 loss: 0.1584 accuracy: 0.9838 val_loss: 0.2611 val_accuracy: 0.9593

Epoch 00028: ReduceLROnPlateau reducing learning rate to 7.999999797903001e-05.
Epoch: 29 loss: 0.1419 accuracy: 0.9888 val_loss: 0.2551 val_accuracy: 0.9621
Epoch: 30 loss: 0.1366 accuracy: 0.9895 val_loss: 0.2543 val_accuracy: 0.9615
Epoch: 31 loss: 0.1354 accuracy: 0.9882 val_loss: 0.2662 val_accuracy: 0.9567
Epoch: 32 loss: 0.1289 accuracy: 0.9891 val_loss: 0.2485 val_accuracy: 0.9621
Epoch: 33 loss: 0.1260 accuracy: 0.9891 val_loss: 0.2397 val_accuracy: 0.9640
Epoch: 34 loss: 0.1248 accuracy: 0.9883 val_loss: 0.2444 val_accuracy: 0.9596
Epoch: 35 loss: 0.1208 accuracy: 0.9891 val_loss: 0.2443 val_accuracy: 0.9634
Epoch: 36 loss: 0.1187 accuracy: 0.9888 val_loss: 0.2448 val_accuracy: 0.9652
Epoch: 37 loss: 0.1159 accuracy: 0.9892 val_loss: 0.2348 val_accuracy: 0.9680
Epoch: 38 loss: 0.1141 accuracy: 0.9890 val_loss: 0.2590 val_accuracy: 0.9540
Epoch: 39 loss: 0.1106 accuracy: 0.9895 val_loss: 0.2343 val_accuracy: 0.9641
Epoch: 40 loss: 0.1083 accuracy: 0.9890 val_loss: 0.2411 val_accuracy: 0.9605
Epoch: 41 loss: 0.1061 accuracy: 0.9898 val_loss: 0.2224 val_accuracy: 0.9658
Epoch: 42 loss: 0.1049 accuracy: 0.9895 val_loss: 0.2264 val_accuracy: 0.9668
Epoch: 43 loss: 0.1013 accuracy: 0.9902 val_loss: 0.2226 val_accuracy: 0.9653
Epoch: 44 loss: 0.0962 accuracy: 0.9917 val_loss: 0.2245 val_accuracy: 0.9677
Epoch: 45 loss: 0.0987 accuracy: 0.9901 val_loss: 0.2450 val_accuracy: 0.9525
Epoch: 46 loss: 0.0975 accuracy: 0.9900 val_loss: 0.2313 val_accuracy: 0.9644

Epoch 00046: ReduceLROnPlateau reducing learning rate to 6.399999838322402e-05.
Epoch: 47 loss: 0.0889 accuracy: 0.9922 val_loss: 0.2226 val_accuracy: 0.9625
Epoch: 48 loss: 0.0853 accuracy: 0.9933 val_loss: 0.2248 val_accuracy: 0.9628
Epoch: 49 loss: 0.0838 accuracy: 0.9934 val_loss: 0.2080 val_accuracy: 0.9696
Epoch: 50 loss: 0.0842 accuracy: 0.9925 val_loss: 0.2416 val_accuracy: 0.9594
Epoch: 51 loss: 0.0797 accuracy: 0.9939 val_loss: 0.2306 val_accuracy: 0.9694
Epoch: 52 loss: 0.0791 accuracy: 0.9940 val_loss: 0.2405 val_accuracy: 0.9694
Epoch: 53 loss: 0.0807 accuracy: 0.9932 val_loss: 0.2180 val_accuracy: 0.9624
Epoch: 54 loss: 0.0794 accuracy: 0.9929 val_loss: 0.2137 val_accuracy: 0.9655

Epoch 00054: ReduceLROnPlateau reducing learning rate to 5.119999987073243e-05.
Epoch: 55 loss: 0.0725 accuracy: 0.9953 val_loss: 0.2344 val_accuracy: 0.9597
Epoch: 56 loss: 0.0702 accuracy: 0.9952 val_loss: 0.2170 val_accuracy: 0.9687
Epoch: 57 loss: 0.0710 accuracy: 0.9952 val_loss: 0.2340 val_accuracy: 0.9562
Epoch: 58 loss: 0.0708 accuracy: 0.9950 val_loss: 0.2138 val_accuracy: 0.9669
Epoch: 59 loss: 0.0710 accuracy: 0.9941 val_loss: 0.2160 val_accuracy: 0.9680

Epoch 00059: ReduceLROnPlateau reducing learning rate to 4.0960000478662555e-05.
End of augmented training
Finish
Job ended!
