Thu 09 May 2024 06:27:38 PM EDT
Python 3.9.7
nvcc: NVIDIA (R) Cuda compiler driver
Copyright (c) 2005-2019 NVIDIA Corporation
Built on Sun_Jul_28_19:07:16_PDT_2019
Cuda compilation tools, release 10.1, V10.1.243
My SLURM_ARRAY_TASK_ID: 
DB: ['ISIC2016', 'ISIC2017', 'ISIC2018', 'ISIC2019', 'ISIC2020', 'PH2', 'PAD_UFES_20', 'MEDNODE']
IMG_SIZE: [384, 384]
CLASSIFIER: Xception
JOB_INDEX: None
Start training augmented images
Combining...
Combining 1th db out of 8 dbs
Combining 2th db out of 8 dbs
Combining 3th db out of 8 dbs
Combining 4th db out of 8 dbs
Combining 5th db out of 8 dbs
Combining 6th db out of 8 dbs
Combining 7th db out of 8 dbs
Combining 8th db out of 8 dbs
Stacking data
Combining complete
Model: "sequential"
_________________________________________________________________
Layer (type)                 Output Shape              Param #   
=================================================================
xception (Functional)        (None, 2048)              20861480  
_________________________________________________________________
dense (Dense)                (None, 512)               1049088   
_________________________________________________________________
dropout (Dropout)            (None, 512)               0         
_________________________________________________________________
batch_normalization_4 (Batch (None, 512)               2048      
_________________________________________________________________
dense_1 (Dense)              (None, 256)               131328    
_________________________________________________________________
batch_normalization_5 (Batch (None, 256)               1024      
_________________________________________________________________
dense_2 (Dense)              (None, 2)                 514       
=================================================================
Total params: 22,045,482
Trainable params: 1,182,466
Non-trainable params: 20,863,016
_________________________________________________________________
Fitting ISIC2016+ISIC2017+ISIC2018+ISIC2019+ISIC2020+PH2+PAD_UFES_20+MEDNODE_aug_Xception_384h_384w_None model...
model_name: ISIC2016+ISIC2017+ISIC2018+ISIC2019+ISIC2020+PH2+PAD_UFES_20+MEDNODE_aug_Xception_384h_384w_None
Epoch: 1 loss: 0.9279 accuracy: 0.8311 val_loss: 0.8204 val_accuracy: 0.8669
Epoch: 2 loss: 0.7418 accuracy: 0.8803 val_loss: 0.7128 val_accuracy: 0.8862
Epoch: 3 loss: 0.6485 accuracy: 0.8938 val_loss: 0.6706 val_accuracy: 0.8706
Epoch: 4 loss: 0.5772 accuracy: 0.9017 val_loss: 0.6004 val_accuracy: 0.8878
Epoch: 5 loss: 0.5168 accuracy: 0.9095 val_loss: 0.5420 val_accuracy: 0.8963
Epoch: 6 loss: 0.4662 accuracy: 0.9157 val_loss: 0.4897 val_accuracy: 0.9030
Epoch: 7 loss: 0.4271 accuracy: 0.9210 val_loss: 0.4622 val_accuracy: 0.9068
Epoch: 8 loss: 0.3931 accuracy: 0.9249 val_loss: 0.4073 val_accuracy: 0.9227
Epoch: 9 loss: 0.3636 accuracy: 0.9280 val_loss: 0.4076 val_accuracy: 0.9133
Epoch: 10 loss: 0.3399 accuracy: 0.9323 val_loss: 0.4055 val_accuracy: 0.9083
Epoch: 11 loss: 0.3195 accuracy: 0.9355 val_loss: 0.3740 val_accuracy: 0.9183
Epoch: 12 loss: 0.3027 accuracy: 0.9383 val_loss: 0.3783 val_accuracy: 0.9108
Epoch: 13 loss: 0.2927 accuracy: 0.9381 val_loss: 0.4026 val_accuracy: 0.8981
Epoch: 14 loss: 0.2717 accuracy: 0.9439 val_loss: 0.3579 val_accuracy: 0.9123
Epoch: 15 loss: 0.2603 accuracy: 0.9456 val_loss: 0.3330 val_accuracy: 0.9253
Epoch: 16 loss: 0.2507 accuracy: 0.9475 val_loss: 0.3585 val_accuracy: 0.9113
Epoch: 17 loss: 0.2394 accuracy: 0.9504 val_loss: 0.3509 val_accuracy: 0.9186
Epoch: 18 loss: 0.2337 accuracy: 0.9499 val_loss: 0.3300 val_accuracy: 0.9201
Epoch: 19 loss: 0.2231 accuracy: 0.9532 val_loss: 0.3366 val_accuracy: 0.9178
Epoch: 20 loss: 0.2181 accuracy: 0.9537 val_loss: 0.3653 val_accuracy: 0.9058
Epoch: 21 loss: 0.2150 accuracy: 0.9531 val_loss: 0.3175 val_accuracy: 0.9296
Epoch: 22 loss: 0.2071 accuracy: 0.9554 val_loss: 0.3340 val_accuracy: 0.9186
Epoch: 23 loss: 0.2031 accuracy: 0.9552 val_loss: 0.3047 val_accuracy: 0.9290
Epoch: 24 loss: 0.1945 accuracy: 0.9587 val_loss: 0.2975 val_accuracy: 0.9301
Epoch: 25 loss: 0.1907 accuracy: 0.9590 val_loss: 0.3270 val_accuracy: 0.9212
Epoch: 26 loss: 0.1875 accuracy: 0.9600 val_loss: 0.3281 val_accuracy: 0.9181
Epoch: 27 loss: 0.1822 accuracy: 0.9599 val_loss: 0.3105 val_accuracy: 0.9223
Epoch: 28 loss: 0.1792 accuracy: 0.9617 val_loss: 0.2905 val_accuracy: 0.9304
Epoch: 29 loss: 0.1764 accuracy: 0.9626 val_loss: 0.2902 val_accuracy: 0.9300
Epoch: 30 loss: 0.1735 accuracy: 0.9630 val_loss: 0.3244 val_accuracy: 0.9124
Epoch: 31 loss: 0.1707 accuracy: 0.9635 val_loss: 0.3330 val_accuracy: 0.9130
Epoch: 32 loss: 0.1673 accuracy: 0.9636 val_loss: 0.2863 val_accuracy: 0.9308
Epoch: 33 loss: 0.1631 accuracy: 0.9651 val_loss: 0.3429 val_accuracy: 0.9175
Epoch: 34 loss: 0.1640 accuracy: 0.9651 val_loss: 0.2812 val_accuracy: 0.9327
Epoch: 35 loss: 0.1620 accuracy: 0.9649 val_loss: 0.3439 val_accuracy: 0.9083
Epoch: 36 loss: 0.1566 accuracy: 0.9669 val_loss: 0.2867 val_accuracy: 0.9324
Epoch: 37 loss: 0.1565 accuracy: 0.9664 val_loss: 0.3034 val_accuracy: 0.9200
Epoch: 38 loss: 0.1524 accuracy: 0.9674 val_loss: 0.3083 val_accuracy: 0.9244
Epoch: 39 loss: 0.1495 accuracy: 0.9693 val_loss: 0.3014 val_accuracy: 0.9276

Epoch 00039: ReduceLROnPlateau reducing learning rate to 7.999999797903001e-05.
Epoch: 40 loss: 0.1373 accuracy: 0.9736 val_loss: 0.2998 val_accuracy: 0.9272
Epoch: 41 loss: 0.1348 accuracy: 0.9740 val_loss: 0.2876 val_accuracy: 0.9353
Epoch: 42 loss: 0.1328 accuracy: 0.9740 val_loss: 0.2825 val_accuracy: 0.9375
Epoch: 43 loss: 0.1276 accuracy: 0.9763 val_loss: 0.2977 val_accuracy: 0.9308
Epoch: 44 loss: 0.1272 accuracy: 0.9757 val_loss: 0.2928 val_accuracy: 0.9367

Epoch 00044: ReduceLROnPlateau reducing learning rate to 6.399999838322402e-05.
End of augmented training
Finish
Job ended!
