Thu 09 May 2024 10:43:49 PM EDT
Python 3.9.7
nvcc: NVIDIA (R) Cuda compiler driver
Copyright (c) 2005-2019 NVIDIA Corporation
Built on Sun_Jul_28_19:07:16_PDT_2019
Cuda compilation tools, release 10.1, V10.1.243
My SLURM_ARRAY_TASK_ID: 
DB: ['ISIC2016', 'ISIC2020', 'PH2']
IMG_SIZE: [384, 384]
CLASSIFIER: Xception
JOB_INDEX: None
Start training augmented images
Combining...
Combining 1th db out of 3 dbs
Combining 2th db out of 3 dbs
Combining 3th db out of 3 dbs
Stacking data
Combining complete
Model: "sequential"
_________________________________________________________________
Layer (type)                 Output Shape              Param #   
=================================================================
xception (Functional)        (None, 2048)              20861480  
_________________________________________________________________
dense (Dense)                (None, 512)               1049088   
_________________________________________________________________
dropout (Dropout)            (None, 512)               0         
_________________________________________________________________
batch_normalization_4 (Batch (None, 512)               2048      
_________________________________________________________________
dense_1 (Dense)              (None, 256)               131328    
_________________________________________________________________
batch_normalization_5 (Batch (None, 256)               1024      
_________________________________________________________________
dense_2 (Dense)              (None, 2)                 514       
=================================================================
Total params: 22,045,482
Trainable params: 1,182,466
Non-trainable params: 20,863,016
_________________________________________________________________
Fitting ISIC2016+ISIC2020+PH2_aug_Xception_384h_384w_None model...
model_name: ISIC2016+ISIC2020+PH2_aug_Xception_384h_384w_None
Epoch: 1 loss: 0.9506 accuracy: 0.8502 val_loss: 0.7666 val_accuracy: 0.9377
Epoch: 2 loss: 0.7224 accuracy: 0.9288 val_loss: 0.6859 val_accuracy: 0.9434
Epoch: 3 loss: 0.6278 accuracy: 0.9472 val_loss: 0.6335 val_accuracy: 0.9427
Epoch: 4 loss: 0.5701 accuracy: 0.9531 val_loss: 0.5716 val_accuracy: 0.9515
Epoch: 5 loss: 0.5301 accuracy: 0.9554 val_loss: 0.5954 val_accuracy: 0.9286
Epoch: 6 loss: 0.4886 accuracy: 0.9599 val_loss: 0.5237 val_accuracy: 0.9473
Epoch: 7 loss: 0.4555 accuracy: 0.9621 val_loss: 0.4826 val_accuracy: 0.9567
Epoch: 8 loss: 0.4197 accuracy: 0.9664 val_loss: 0.4439 val_accuracy: 0.9605
Epoch: 9 loss: 0.3909 accuracy: 0.9696 val_loss: 0.4584 val_accuracy: 0.9464
Epoch: 10 loss: 0.3647 accuracy: 0.9714 val_loss: 0.3954 val_accuracy: 0.9655
Epoch: 11 loss: 0.3430 accuracy: 0.9719 val_loss: 0.4577 val_accuracy: 0.9342
Epoch: 12 loss: 0.3228 accuracy: 0.9741 val_loss: 0.3854 val_accuracy: 0.9592
Epoch: 13 loss: 0.2994 accuracy: 0.9762 val_loss: 0.3764 val_accuracy: 0.9549
Epoch: 14 loss: 0.2838 accuracy: 0.9758 val_loss: 0.3412 val_accuracy: 0.9617
Epoch: 15 loss: 0.2672 accuracy: 0.9782 val_loss: 0.3345 val_accuracy: 0.9675
Epoch: 16 loss: 0.2551 accuracy: 0.9778 val_loss: 0.3399 val_accuracy: 0.9550
Epoch: 17 loss: 0.2429 accuracy: 0.9797 val_loss: 0.3259 val_accuracy: 0.9596
Epoch: 18 loss: 0.2321 accuracy: 0.9791 val_loss: 0.3233 val_accuracy: 0.9528
Epoch: 19 loss: 0.2197 accuracy: 0.9802 val_loss: 0.2985 val_accuracy: 0.9612
Epoch: 20 loss: 0.2113 accuracy: 0.9816 val_loss: 0.3405 val_accuracy: 0.9452
Epoch: 21 loss: 0.1996 accuracy: 0.9821 val_loss: 0.3466 val_accuracy: 0.9452
Epoch: 22 loss: 0.1977 accuracy: 0.9807 val_loss: 0.2750 val_accuracy: 0.9630
Epoch: 23 loss: 0.1890 accuracy: 0.9816 val_loss: 0.2991 val_accuracy: 0.9575
Epoch: 24 loss: 0.1787 accuracy: 0.9835 val_loss: 0.2890 val_accuracy: 0.9558
Epoch: 25 loss: 0.1716 accuracy: 0.9844 val_loss: 0.2934 val_accuracy: 0.9572
Epoch: 26 loss: 0.1666 accuracy: 0.9841 val_loss: 0.2721 val_accuracy: 0.9617
Epoch: 27 loss: 0.1612 accuracy: 0.9840 val_loss: 0.2640 val_accuracy: 0.9615
Epoch: 28 loss: 0.1563 accuracy: 0.9849 val_loss: 0.2459 val_accuracy: 0.9658
Epoch: 29 loss: 0.1508 accuracy: 0.9858 val_loss: 0.2487 val_accuracy: 0.9611
Epoch: 30 loss: 0.1469 accuracy: 0.9847 val_loss: 0.2619 val_accuracy: 0.9555
Epoch: 31 loss: 0.1435 accuracy: 0.9849 val_loss: 0.2490 val_accuracy: 0.9617
Epoch: 32 loss: 0.1347 accuracy: 0.9870 val_loss: 0.2700 val_accuracy: 0.9550
Epoch: 33 loss: 0.1385 accuracy: 0.9842 val_loss: 0.2735 val_accuracy: 0.9537

Epoch 00033: ReduceLROnPlateau reducing learning rate to 7.999999797903001e-05.
Epoch: 34 loss: 0.1239 accuracy: 0.9886 val_loss: 0.2455 val_accuracy: 0.9546
Epoch: 35 loss: 0.1211 accuracy: 0.9886 val_loss: 0.2357 val_accuracy: 0.9641
Epoch: 36 loss: 0.1156 accuracy: 0.9897 val_loss: 0.2397 val_accuracy: 0.9631
Epoch: 37 loss: 0.1130 accuracy: 0.9898 val_loss: 0.2519 val_accuracy: 0.9594
Epoch: 38 loss: 0.1115 accuracy: 0.9891 val_loss: 0.2346 val_accuracy: 0.9633
Epoch: 39 loss: 0.1087 accuracy: 0.9897 val_loss: 0.2435 val_accuracy: 0.9622
Epoch: 40 loss: 0.1050 accuracy: 0.9905 val_loss: 0.2284 val_accuracy: 0.9617
Epoch: 41 loss: 0.1031 accuracy: 0.9901 val_loss: 0.2313 val_accuracy: 0.9593
Epoch: 42 loss: 0.1051 accuracy: 0.9893 val_loss: 0.2203 val_accuracy: 0.9647
Epoch: 43 loss: 0.0962 accuracy: 0.9917 val_loss: 0.2293 val_accuracy: 0.9641
Epoch: 44 loss: 0.0978 accuracy: 0.9905 val_loss: 0.2289 val_accuracy: 0.9631
Epoch: 45 loss: 0.0960 accuracy: 0.9903 val_loss: 0.2322 val_accuracy: 0.9575
Epoch: 46 loss: 0.0920 accuracy: 0.9920 val_loss: 0.2567 val_accuracy: 0.9514
Epoch: 47 loss: 0.0937 accuracy: 0.9903 val_loss: 0.2233 val_accuracy: 0.9652

Epoch 00047: ReduceLROnPlateau reducing learning rate to 6.399999838322402e-05.
Epoch: 48 loss: 0.0837 accuracy: 0.9934 val_loss: 0.2177 val_accuracy: 0.9656
Epoch: 49 loss: 0.0854 accuracy: 0.9927 val_loss: 0.2262 val_accuracy: 0.9619
Epoch: 50 loss: 0.0817 accuracy: 0.9930 val_loss: 0.2160 val_accuracy: 0.9661
Epoch: 51 loss: 0.0815 accuracy: 0.9927 val_loss: 0.2580 val_accuracy: 0.9594
Epoch: 52 loss: 0.0801 accuracy: 0.9932 val_loss: 0.2825 val_accuracy: 0.9517
Epoch: 53 loss: 0.0823 accuracy: 0.9917 val_loss: 0.2363 val_accuracy: 0.9578
Epoch: 54 loss: 0.0755 accuracy: 0.9941 val_loss: 0.2454 val_accuracy: 0.9605
Epoch: 55 loss: 0.0763 accuracy: 0.9940 val_loss: 0.2371 val_accuracy: 0.9615

Epoch 00055: ReduceLROnPlateau reducing learning rate to 5.119999987073243e-05.
Epoch: 56 loss: 0.0729 accuracy: 0.9945 val_loss: 0.2245 val_accuracy: 0.9668
Epoch: 57 loss: 0.0707 accuracy: 0.9948 val_loss: 0.2286 val_accuracy: 0.9661
Epoch: 58 loss: 0.0719 accuracy: 0.9940 val_loss: 0.2248 val_accuracy: 0.9694
Epoch: 59 loss: 0.0689 accuracy: 0.9949 val_loss: 0.2236 val_accuracy: 0.9664
Epoch: 60 loss: 0.0679 accuracy: 0.9951 val_loss: 0.2224 val_accuracy: 0.9658

Epoch 00060: ReduceLROnPlateau reducing learning rate to 4.0960000478662555e-05.
End of augmented training
Finish
Job ended!
