Fri 10 May 2024 12:04:18 AM EDT
Python 3.9.7
nvcc: NVIDIA (R) Cuda compiler driver
Copyright (c) 2005-2019 NVIDIA Corporation
Built on Sun_Jul_28_19:07:16_PDT_2019
Cuda compilation tools, release 10.1, V10.1.243
My SLURM_ARRAY_TASK_ID: 
DB: ['ISIC2017']
IMG_SIZE: [384, 384]
CLASSIFIER: Xception
JOB_INDEX: None
Start training augmented images
Combining...
Combining 1th db out of 1 dbs
Stacking data
Combining complete
Model: "sequential"
_________________________________________________________________
Layer (type)                 Output Shape              Param #   
=================================================================
xception (Functional)        (None, 2048)              20861480  
_________________________________________________________________
dense (Dense)                (None, 512)               1049088   
_________________________________________________________________
dropout (Dropout)            (None, 512)               0         
_________________________________________________________________
batch_normalization_4 (Batch (None, 512)               2048      
_________________________________________________________________
dense_1 (Dense)              (None, 256)               131328    
_________________________________________________________________
batch_normalization_5 (Batch (None, 256)               1024      
_________________________________________________________________
dense_2 (Dense)              (None, 2)                 514       
=================================================================
Total params: 22,045,482
Trainable params: 1,182,466
Non-trainable params: 20,863,016
_________________________________________________________________
Fitting ISIC2017_aug_Xception_384h_384w_None model...
model_name: ISIC2017_aug_Xception_384h_384w_None
Epoch: 1 loss: 1.2587 accuracy: 0.6626 val_loss: 1.1832 val_accuracy: 0.7800
Epoch: 2 loss: 1.0552 accuracy: 0.7779 val_loss: 1.1357 val_accuracy: 0.8067
Epoch: 3 loss: 0.9909 accuracy: 0.8125 val_loss: 1.0902 val_accuracy: 0.7933
Epoch: 4 loss: 0.9312 accuracy: 0.8444 val_loss: 1.0597 val_accuracy: 0.7933
Epoch: 5 loss: 0.8664 accuracy: 0.8783 val_loss: 1.0222 val_accuracy: 0.8133
Epoch: 6 loss: 0.8257 accuracy: 0.8939 val_loss: 1.0042 val_accuracy: 0.8267
Epoch: 7 loss: 0.7876 accuracy: 0.9132 val_loss: 0.9855 val_accuracy: 0.8133
Epoch: 8 loss: 0.7602 accuracy: 0.9239 val_loss: 0.9678 val_accuracy: 0.8400
Epoch: 9 loss: 0.7398 accuracy: 0.9322 val_loss: 0.9744 val_accuracy: 0.8267
Epoch: 10 loss: 0.7045 accuracy: 0.9518 val_loss: 0.9853 val_accuracy: 0.8133
Epoch: 11 loss: 0.6924 accuracy: 0.9485 val_loss: 1.0010 val_accuracy: 0.7933
Epoch: 12 loss: 0.6624 accuracy: 0.9641 val_loss: 1.0394 val_accuracy: 0.8200
Epoch: 13 loss: 0.6570 accuracy: 0.9578 val_loss: 1.0231 val_accuracy: 0.8267

Epoch 00013: ReduceLROnPlateau reducing learning rate to 7.999999797903001e-05.
Epoch: 14 loss: 0.6333 accuracy: 0.9734 val_loss: 1.0667 val_accuracy: 0.8000
Epoch: 15 loss: 0.6180 accuracy: 0.9747 val_loss: 1.0660 val_accuracy: 0.8000
Epoch: 16 loss: 0.6192 accuracy: 0.9757 val_loss: 1.0893 val_accuracy: 0.8267
Epoch: 17 loss: 0.5988 accuracy: 0.9794 val_loss: 1.1125 val_accuracy: 0.8267
Epoch: 18 loss: 0.5823 accuracy: 0.9864 val_loss: 1.1504 val_accuracy: 0.8000

Epoch 00018: ReduceLROnPlateau reducing learning rate to 6.399999838322402e-05.
End of augmented training
Finish
Job ended!
