Wed 28 Feb 2024 07:23:40 AM EST
Python 3.9.7
nvcc: NVIDIA (R) Cuda compiler driver
Copyright (c) 2005-2019 NVIDIA Corporation
Built on Sun_Jul_28_19:07:16_PDT_2019
Cuda compilation tools, release 10.1, V10.1.243
My SLURM_ARRAY_TASK_ID: 
DB: ['ISIC2016', 'ISIC2017', 'ISIC2018', 'ISIC2019', 'ISIC2020', 'MEDNODE', 'KaggleMB']
IMG_SIZE: [150, 150]
CLASSIFIER: ResNet50
SELF_AUG: 1
JOB_INDEX: None
Combining...
Combining 1 db out of 7 dbs
Combining 2 db out of 7 dbs
Combining 3 db out of 7 dbs
Combining 4 db out of 7 dbs
Combining 5 db out of 7 dbs
Combining 6 db out of 7 dbs
Combining 7 db out of 7 dbs
Stacking training images
Stacking training labels
Stacking validation images
Stacking validation labels
Model: "sequential"
_________________________________________________________________
Layer (type)                 Output Shape              Param #   
=================================================================
resnet50 (Functional)        (None, 2048)              23587712  
_________________________________________________________________
dense (Dense)                (None, 512)               1049088   
_________________________________________________________________
dropout (Dropout)            (None, 512)               0         
_________________________________________________________________
batch_normalization (BatchNo (None, 512)               2048      
_________________________________________________________________
dense_1 (Dense)              (None, 256)               131328    
_________________________________________________________________
dropout_1 (Dropout)          (None, 256)               0         
_________________________________________________________________
batch_normalization_1 (Batch (None, 256)               1024      
_________________________________________________________________
dense_2 (Dense)              (None, 2)                 514       
=================================================================
Total params: 24,771,714
Trainable params: 1,182,466
Non-trainable params: 23,589,248
_________________________________________________________________
Fitting ISIC2016+ISIC2017+ISIC2018+ISIC2019+ISIC2020+MEDNODE+KaggleMB_aug_ResNet50_150h_150w_None model...
model_name: ISIC2016+ISIC2017+ISIC2018+ISIC2019+ISIC2020+MEDNODE+KaggleMB_aug_ResNet50_150h_150w_None
Epoch: 1 loss: 0.6196 accuracy: 0.6788 val_loss: 0.5782 val_accuracy: 0.6791
Epoch: 2 loss: 0.5188 accuracy: 0.7170 val_loss: 0.4904 val_accuracy: 0.7486
Epoch: 3 loss: 0.5607 accuracy: 0.7139 val_loss: 0.4380 val_accuracy: 0.8984
Epoch: 4 loss: 0.6018 accuracy: 0.7106 val_loss: 0.4317 val_accuracy: 0.8984
Epoch: 5 loss: 0.6017 accuracy: 0.7106 val_loss: 0.4325 val_accuracy: 0.8984
Epoch: 6 loss: 0.6017 accuracy: 0.7106 val_loss: 0.4259 val_accuracy: 0.8984
Epoch: 7 loss: 0.6017 accuracy: 0.7106 val_loss: 0.4233 val_accuracy: 0.8984
Epoch: 8 loss: 0.6017 accuracy: 0.7106 val_loss: 0.4328 val_accuracy: 0.8984
Epoch: 9 loss: 0.6017 accuracy: 0.7106 val_loss: 0.4331 val_accuracy: 0.8984
Epoch: 10 loss: 0.6017 accuracy: 0.7106 val_loss: 0.4286 val_accuracy: 0.8984
Epoch: 11 loss: 0.6017 accuracy: 0.7106 val_loss: 0.4375 val_accuracy: 0.8984
Epoch: 12 loss: 0.6017 accuracy: 0.7106 val_loss: 0.4404 val_accuracy: 0.8984
Epoch: 13 loss: 0.6017 accuracy: 0.7106 val_loss: 0.4266 val_accuracy: 0.8984
Epoch: 14 loss: 0.6017 accuracy: 0.7106 val_loss: 0.4293 val_accuracy: 0.8984
Epoch: 15 loss: 0.6017 accuracy: 0.7106 val_loss: 0.4366 val_accuracy: 0.8984
Epoch: 16 loss: 0.6017 accuracy: 0.7106 val_loss: 0.4281 val_accuracy: 0.8984
Epoch: 17 loss: 0.6016 accuracy: 0.7106 val_loss: 0.4359 val_accuracy: 0.8984
Epoch: 18 loss: 0.6017 accuracy: 0.7106 val_loss: 0.4439 val_accuracy: 0.8984
Epoch: 19 loss: 0.6017 accuracy: 0.7106 val_loss: 0.4377 val_accuracy: 0.8984
Epoch: 20 loss: 0.6017 accuracy: 0.7106 val_loss: 0.4292 val_accuracy: 0.8984
Job ended!
