Sat 02 Mar 2024 11:45:11 PM EST
Python 3.9.7
nvcc: NVIDIA (R) Cuda compiler driver
Copyright (c) 2005-2019 NVIDIA Corporation
Built on Sun_Jul_28_19:07:16_PDT_2019
Cuda compilation tools, release 10.1, V10.1.243
My SLURM_ARRAY_TASK_ID: 
DB: ['ISIC2016', 'ISIC2017', 'ISIC2018', 'ISIC2019', '_7_point_criteria', 'PAD_UFES_20']
IMG_SIZE: [150, 150]
CLASSIFIER: ResNet50
SELF_AUG: 1
JOB_INDEX: None
Combining...
Combining 1 db out of 6 dbs
Combining 2 db out of 6 dbs
Combining 3 db out of 6 dbs
Combining 4 db out of 6 dbs
Combining 5 db out of 6 dbs
Combining 6 db out of 6 dbs
Stacking training images
Stacking training labels
Stacking validation images
Stacking validation labels
Model: "sequential"
_________________________________________________________________
Layer (type)                 Output Shape              Param #   
=================================================================
resnet50 (Functional)        (None, 2048)              23587712  
_________________________________________________________________
dense (Dense)                (None, 512)               1049088   
_________________________________________________________________
dropout (Dropout)            (None, 512)               0         
_________________________________________________________________
batch_normalization (BatchNo (None, 512)               2048      
_________________________________________________________________
dense_1 (Dense)              (None, 256)               131328    
_________________________________________________________________
dropout_1 (Dropout)          (None, 256)               0         
_________________________________________________________________
batch_normalization_1 (Batch (None, 256)               1024      
_________________________________________________________________
dense_2 (Dense)              (None, 2)                 514       
=================================================================
Total params: 24,771,714
Trainable params: 1,182,466
Non-trainable params: 23,589,248
_________________________________________________________________
Fitting ISIC2016+ISIC2017+ISIC2018+ISIC2019+_7_point_criteria+PAD_UFES_20_aug_ResNet50_150h_150w_None model...
model_name: ISIC2016+ISIC2017+ISIC2018+ISIC2019+_7_point_criteria+PAD_UFES_20_aug_ResNet50_150h_150w_None
Epoch: 1 loss: 0.5253 accuracy: 0.7634 val_loss: 0.3218 val_accuracy: 0.8674
Epoch: 2 loss: 0.4294 accuracy: 0.8041 val_loss: 0.3174 val_accuracy: 0.8692
Epoch: 3 loss: 0.3971 accuracy: 0.8185 val_loss: 0.3014 val_accuracy: 0.8797
Epoch: 4 loss: 0.3798 accuracy: 0.8269 val_loss: 0.2968 val_accuracy: 0.8828
Epoch: 5 loss: 0.3607 accuracy: 0.8348 val_loss: 0.2847 val_accuracy: 0.8836
Epoch: 6 loss: 0.3479 accuracy: 0.8432 val_loss: 0.2860 val_accuracy: 0.8841
Epoch: 7 loss: 0.3310 accuracy: 0.8532 val_loss: 0.2755 val_accuracy: 0.8850
Epoch: 8 loss: 0.3218 accuracy: 0.8564 val_loss: 0.2736 val_accuracy: 0.8892
Epoch: 9 loss: 0.3106 accuracy: 0.8608 val_loss: 0.2647 val_accuracy: 0.8956
Epoch: 10 loss: 0.2985 accuracy: 0.8674 val_loss: 0.2693 val_accuracy: 0.8911
Epoch: 11 loss: 0.2869 accuracy: 0.8741 val_loss: 0.2577 val_accuracy: 0.8954
Epoch: 12 loss: 0.2790 accuracy: 0.8783 val_loss: 0.2619 val_accuracy: 0.8965
Epoch: 13 loss: 0.2705 accuracy: 0.8809 val_loss: 0.2577 val_accuracy: 0.8949
Epoch: 14 loss: 0.2633 accuracy: 0.8856 val_loss: 0.2594 val_accuracy: 0.9015
Epoch: 15 loss: 0.2598 accuracy: 0.8874 val_loss: 0.2694 val_accuracy: 0.8975
Epoch: 16 loss: 0.2466 accuracy: 0.8933 val_loss: 0.2517 val_accuracy: 0.9023
Epoch: 17 loss: 0.2413 accuracy: 0.8953 val_loss: 0.2515 val_accuracy: 0.9058
Epoch: 18 loss: 0.2351 accuracy: 0.8990 val_loss: 0.2690 val_accuracy: 0.8988
Epoch: 19 loss: 0.2320 accuracy: 0.9003 val_loss: 0.2614 val_accuracy: 0.9020
Epoch: 20 loss: 0.2267 accuracy: 0.9023 val_loss: 0.2648 val_accuracy: 0.9028
Job ended!
