Wed 28 Feb 2024 07:17:19 AM EST
Python 3.9.7
nvcc: NVIDIA (R) Cuda compiler driver
Copyright (c) 2005-2019 NVIDIA Corporation
Built on Sun_Jul_28_19:07:16_PDT_2019
Cuda compilation tools, release 10.1, V10.1.243
My SLURM_ARRAY_TASK_ID: 
DB: ['ISIC2016']
IMG_SIZE: [150, 150]
CLASSIFIER: ResNet50
SELF_AUG: 1
JOB_INDEX: None
Combining...
Combining 1 db out of 1 dbs
Stacking training images
Stacking training labels
Stacking validation images
Stacking validation labels
Model: "sequential"
_________________________________________________________________
Layer (type)                 Output Shape              Param #   
=================================================================
resnet50 (Functional)        (None, 2048)              23587712  
_________________________________________________________________
dense (Dense)                (None, 512)               1049088   
_________________________________________________________________
dropout (Dropout)            (None, 512)               0         
_________________________________________________________________
batch_normalization (BatchNo (None, 512)               2048      
_________________________________________________________________
dense_1 (Dense)              (None, 256)               131328    
_________________________________________________________________
dropout_1 (Dropout)          (None, 256)               0         
_________________________________________________________________
batch_normalization_1 (Batch (None, 256)               1024      
_________________________________________________________________
dense_2 (Dense)              (None, 2)                 514       
=================================================================
Total params: 24,771,714
Trainable params: 1,182,466
Non-trainable params: 23,589,248
_________________________________________________________________
Fitting ISIC2016_aug_ResNet50_150h_150w_None model...
model_name: ISIC2016_aug_ResNet50_150h_150w_None
Epoch: 1 loss: 0.9425 accuracy: 0.5308 val_loss: 0.6017 val_accuracy: 0.8111
Epoch: 2 loss: 0.8914 accuracy: 0.5507 val_loss: 0.6068 val_accuracy: 0.8000
Epoch: 3 loss: 0.8232 accuracy: 0.5698 val_loss: 0.4847 val_accuracy: 0.8111
Epoch: 4 loss: 0.8572 accuracy: 0.5655 val_loss: 0.6094 val_accuracy: 0.7556
Epoch: 5 loss: 0.8083 accuracy: 0.5915 val_loss: 0.9722 val_accuracy: 0.3278
Epoch: 6 loss: 0.8158 accuracy: 0.5837 val_loss: 0.7042 val_accuracy: 0.5444
Epoch: 7 loss: 0.7580 accuracy: 0.5941 val_loss: 0.5432 val_accuracy: 0.8000
Epoch: 8 loss: 0.7236 accuracy: 0.6175 val_loss: 0.5724 val_accuracy: 0.7722
Epoch: 9 loss: 0.7387 accuracy: 0.5984 val_loss: 0.5011 val_accuracy: 0.7833
Epoch: 10 loss: 0.7589 accuracy: 0.5924 val_loss: 0.5433 val_accuracy: 0.7722
Epoch: 11 loss: 0.7716 accuracy: 0.5950 val_loss: 0.5328 val_accuracy: 0.7778
Epoch: 12 loss: 0.7443 accuracy: 0.5932 val_loss: 0.5602 val_accuracy: 0.7444
Epoch: 13 loss: 0.7208 accuracy: 0.6054 val_loss: 0.5107 val_accuracy: 0.7500
Epoch: 14 loss: 0.7434 accuracy: 0.6167 val_loss: 0.5227 val_accuracy: 0.7556
Epoch: 15 loss: 0.7381 accuracy: 0.6019 val_loss: 0.6091 val_accuracy: 0.7056
Epoch: 16 loss: 0.7320 accuracy: 0.6201 val_loss: 0.5655 val_accuracy: 0.7167
Epoch: 17 loss: 0.7467 accuracy: 0.5846 val_loss: 0.6289 val_accuracy: 0.6333
Epoch: 18 loss: 0.7280 accuracy: 0.6175 val_loss: 0.6066 val_accuracy: 0.7222
Epoch: 19 loss: 0.7285 accuracy: 0.6010 val_loss: 0.7821 val_accuracy: 0.4333
Epoch: 20 loss: 0.7227 accuracy: 0.6132 val_loss: 0.8221 val_accuracy: 0.4167
Job ended!
