Sat 02 Mar 2024 11:43:05 PM EST
Python 3.9.7
nvcc: NVIDIA (R) Cuda compiler driver
Copyright (c) 2005-2019 NVIDIA Corporation
Built on Sun_Jul_28_19:07:16_PDT_2019
Cuda compilation tools, release 10.1, V10.1.243
My SLURM_ARRAY_TASK_ID: 
DB: ['ISIC2016']
IMG_SIZE: [150, 150]
CLASSIFIER: ResNet50
SELF_AUG: 1
JOB_INDEX: None
Combining...
Combining 1 db out of 1 dbs
Stacking training images
Stacking training labels
Stacking validation images
Stacking validation labels
Model: "sequential"
_________________________________________________________________
Layer (type)                 Output Shape              Param #   
=================================================================
resnet50 (Functional)        (None, 2048)              23587712  
_________________________________________________________________
dense (Dense)                (None, 512)               1049088   
_________________________________________________________________
dropout (Dropout)            (None, 512)               0         
_________________________________________________________________
batch_normalization (BatchNo (None, 512)               2048      
_________________________________________________________________
dense_1 (Dense)              (None, 256)               131328    
_________________________________________________________________
dropout_1 (Dropout)          (None, 256)               0         
_________________________________________________________________
batch_normalization_1 (Batch (None, 256)               1024      
_________________________________________________________________
dense_2 (Dense)              (None, 2)                 514       
=================================================================
Total params: 24,771,714
Trainable params: 1,182,466
Non-trainable params: 23,589,248
_________________________________________________________________
Fitting ISIC2016_aug_ResNet50_150h_150w_None model...
model_name: ISIC2016_aug_ResNet50_150h_150w_None
Epoch: 1 loss: 0.8730 accuracy: 0.6340 val_loss: 0.7729 val_accuracy: 0.8056
Epoch: 2 loss: 0.6110 accuracy: 0.7242 val_loss: 0.4561 val_accuracy: 0.8167
Epoch: 3 loss: 0.5329 accuracy: 0.7693 val_loss: 0.3864 val_accuracy: 0.8444
Epoch: 4 loss: 0.5002 accuracy: 0.7728 val_loss: 0.3635 val_accuracy: 0.8500
Epoch: 5 loss: 0.3964 accuracy: 0.8248 val_loss: 0.3956 val_accuracy: 0.8222
Epoch: 6 loss: 0.3820 accuracy: 0.8274 val_loss: 0.4035 val_accuracy: 0.8222
Epoch: 7 loss: 0.3338 accuracy: 0.8578 val_loss: 0.3788 val_accuracy: 0.8500
Epoch: 8 loss: 0.3146 accuracy: 0.8716 val_loss: 0.3987 val_accuracy: 0.8278
Epoch: 9 loss: 0.2978 accuracy: 0.8682 val_loss: 0.3900 val_accuracy: 0.8389
Epoch: 10 loss: 0.2526 accuracy: 0.9020 val_loss: 0.4683 val_accuracy: 0.7944
Epoch: 11 loss: 0.2524 accuracy: 0.8959 val_loss: 0.4306 val_accuracy: 0.8333
Epoch: 12 loss: 0.2201 accuracy: 0.9072 val_loss: 0.3807 val_accuracy: 0.8444
Epoch: 13 loss: 0.2065 accuracy: 0.9176 val_loss: 0.4277 val_accuracy: 0.8111
Epoch: 14 loss: 0.1840 accuracy: 0.9410 val_loss: 0.4152 val_accuracy: 0.8111
Epoch: 15 loss: 0.1720 accuracy: 0.9350 val_loss: 0.4131 val_accuracy: 0.8444
Epoch: 16 loss: 0.1696 accuracy: 0.9289 val_loss: 0.4925 val_accuracy: 0.7833
Epoch: 17 loss: 0.1631 accuracy: 0.9384 val_loss: 0.4107 val_accuracy: 0.8278
Epoch: 18 loss: 0.1560 accuracy: 0.9445 val_loss: 0.4247 val_accuracy: 0.8389
Epoch: 19 loss: 0.1357 accuracy: 0.9540 val_loss: 0.4481 val_accuracy: 0.8500
Epoch: 20 loss: 0.1233 accuracy: 0.9514 val_loss: 0.4531 val_accuracy: 0.8722
Job ended!
