Fri 01 Mar 2024 09:52:36 PM EST
Python 3.9.7
nvcc: NVIDIA (R) Cuda compiler driver
Copyright (c) 2005-2019 NVIDIA Corporation
Built on Sun_Jul_28_19:07:16_PDT_2019
Cuda compilation tools, release 10.1, V10.1.243
My SLURM_ARRAY_TASK_ID: 
DB: ['ISIC2016', '_7_point_criteria', 'PAD_UFES_20', 'MEDNODE']
IMG_SIZE: [150, 150]
CLASSIFIER: ResNet50
SELF_AUG: 1
JOB_INDEX: None
Combining...
Combining 1 db out of 1 dbs
Stacking training images
Stacking training labels
Stacking validation images
Stacking validation labels
Model: "sequential"
_________________________________________________________________
Layer (type)                 Output Shape              Param #   
=================================================================
resnet50 (Functional)        (None, 2048)              23587712  
_________________________________________________________________
dense (Dense)                (None, 512)               1049088   
_________________________________________________________________
dropout (Dropout)            (None, 512)               0         
_________________________________________________________________
batch_normalization (BatchNo (None, 512)               2048      
_________________________________________________________________
dense_1 (Dense)              (None, 256)               131328    
_________________________________________________________________
dropout_1 (Dropout)          (None, 256)               0         
_________________________________________________________________
batch_normalization_1 (Batch (None, 256)               1024      
_________________________________________________________________
dense_2 (Dense)              (None, 2)                 514       
=================================================================
Total params: 24,771,714
Trainable params: 1,182,466
Non-trainable params: 23,589,248
_________________________________________________________________
Fitting ISIC2016+_7_point_criteria+PAD_UFES_20+MEDNODE_aug_ResNet50_150h_150w_None model...
model_name: ISIC2016+_7_point_criteria+PAD_UFES_20+MEDNODE_aug_ResNet50_150h_150w_None
Epoch: 1 loss: 0.7778 accuracy: 0.6522 val_loss: 0.4680 val_accuracy: 0.8056
Epoch: 2 loss: 0.5866 accuracy: 0.7337 val_loss: 0.4253 val_accuracy: 0.8222
Epoch: 3 loss: 0.5068 accuracy: 0.7762 val_loss: 0.4234 val_accuracy: 0.8056
Epoch: 4 loss: 0.4415 accuracy: 0.8092 val_loss: 0.4206 val_accuracy: 0.8222
Epoch: 5 loss: 0.3834 accuracy: 0.8335 val_loss: 0.4163 val_accuracy: 0.8056
Epoch: 6 loss: 0.3655 accuracy: 0.8491 val_loss: 0.4454 val_accuracy: 0.8111
Epoch: 7 loss: 0.3236 accuracy: 0.8647 val_loss: 0.4290 val_accuracy: 0.8222
Epoch: 8 loss: 0.2816 accuracy: 0.8742 val_loss: 0.4237 val_accuracy: 0.8333
Epoch: 9 loss: 0.2967 accuracy: 0.8803 val_loss: 0.4128 val_accuracy: 0.8389
Epoch: 10 loss: 0.2414 accuracy: 0.9037 val_loss: 0.4391 val_accuracy: 0.8278
Epoch: 11 loss: 0.2165 accuracy: 0.9133 val_loss: 0.4346 val_accuracy: 0.8222
Epoch: 12 loss: 0.2097 accuracy: 0.9219 val_loss: 0.4449 val_accuracy: 0.8167
Epoch: 13 loss: 0.1786 accuracy: 0.9341 val_loss: 0.4628 val_accuracy: 0.8000
Epoch: 14 loss: 0.1903 accuracy: 0.9237 val_loss: 0.4941 val_accuracy: 0.8167
Epoch: 15 loss: 0.1585 accuracy: 0.9497 val_loss: 0.4967 val_accuracy: 0.8333
Epoch: 16 loss: 0.1543 accuracy: 0.9506 val_loss: 0.4923 val_accuracy: 0.8000
Epoch: 17 loss: 0.1249 accuracy: 0.9549 val_loss: 0.5023 val_accuracy: 0.8167
Epoch: 18 loss: 0.1214 accuracy: 0.9523 val_loss: 0.5021 val_accuracy: 0.8000
Epoch: 19 loss: 0.1366 accuracy: 0.9506 val_loss: 0.5201 val_accuracy: 0.8111
Epoch: 20 loss: 0.1076 accuracy: 0.9714 val_loss: 0.5318 val_accuracy: 0.8222
Job ended!
