Wed 28 Feb 2024 11:01:48 AM EST
Python 3.9.7
nvcc: NVIDIA (R) Cuda compiler driver
Copyright (c) 2005-2019 NVIDIA Corporation
Built on Sun_Jul_28_19:07:16_PDT_2019
Cuda compilation tools, release 10.1, V10.1.243
My SLURM_ARRAY_TASK_ID: 
DB: ['ISIC2017']
IMG_SIZE: [150, 150]
CLASSIFIER: VGG19
SELF_AUG: 1
JOB_INDEX: None
Combining...
Combining 1 db out of 1 dbs
Stacking training images
Stacking training labels
Stacking validation images
Stacking validation labels
Model: "sequential"
_________________________________________________________________
Layer (type)                 Output Shape              Param #   
=================================================================
vgg19 (Functional)           (None, 512)               20024384  
_________________________________________________________________
dense (Dense)                (None, 512)               262656    
_________________________________________________________________
dropout (Dropout)            (None, 512)               0         
_________________________________________________________________
batch_normalization (BatchNo (None, 512)               2048      
_________________________________________________________________
dense_1 (Dense)              (None, 256)               131328    
_________________________________________________________________
dropout_1 (Dropout)          (None, 256)               0         
_________________________________________________________________
batch_normalization_1 (Batch (None, 256)               1024      
_________________________________________________________________
dense_2 (Dense)              (None, 2)                 514       
=================================================================
Total params: 20,421,954
Trainable params: 396,034
Non-trainable params: 20,025,920
_________________________________________________________________
Fitting ISIC2017_aug_VGG19_150h_150w_None model...
model_name: ISIC2017_aug_VGG19_150h_150w_None
Epoch: 1 loss: 0.9343 accuracy: 0.5418 val_loss: 0.5286 val_accuracy: 0.8000
Epoch: 2 loss: 0.8286 accuracy: 0.5705 val_loss: 0.4966 val_accuracy: 0.8000
Epoch: 3 loss: 0.7890 accuracy: 0.5985 val_loss: 0.5038 val_accuracy: 0.8000
Epoch: 4 loss: 0.7379 accuracy: 0.6042 val_loss: 0.5036 val_accuracy: 0.8000
Epoch: 5 loss: 0.7528 accuracy: 0.6035 val_loss: 0.5128 val_accuracy: 0.8000
Epoch: 6 loss: 0.7320 accuracy: 0.6122 val_loss: 0.5020 val_accuracy: 0.8000
Epoch: 7 loss: 0.7003 accuracy: 0.6319 val_loss: 0.4991 val_accuracy: 0.8000
Epoch: 8 loss: 0.7177 accuracy: 0.6189 val_loss: 0.5045 val_accuracy: 0.7800
Epoch: 9 loss: 0.6888 accuracy: 0.6353 val_loss: 0.5220 val_accuracy: 0.7933
Epoch: 10 loss: 0.6940 accuracy: 0.6463 val_loss: 0.5107 val_accuracy: 0.8000
Epoch: 11 loss: 0.6831 accuracy: 0.6359 val_loss: 0.5168 val_accuracy: 0.7867
Epoch: 12 loss: 0.6864 accuracy: 0.6440 val_loss: 0.5079 val_accuracy: 0.7933
Epoch: 13 loss: 0.6721 accuracy: 0.6640 val_loss: 0.5393 val_accuracy: 0.7733
Epoch: 14 loss: 0.6816 accuracy: 0.6470 val_loss: 0.5040 val_accuracy: 0.8067
Epoch: 15 loss: 0.6769 accuracy: 0.6643 val_loss: 0.5522 val_accuracy: 0.7333
Epoch: 16 loss: 0.6616 accuracy: 0.6556 val_loss: 0.5053 val_accuracy: 0.7933
Epoch: 17 loss: 0.6751 accuracy: 0.6573 val_loss: 0.5294 val_accuracy: 0.7800
Epoch: 18 loss: 0.6406 accuracy: 0.6697 val_loss: 0.4984 val_accuracy: 0.7867
Epoch: 19 loss: 0.6489 accuracy: 0.6667 val_loss: 0.4826 val_accuracy: 0.8000
Epoch: 20 loss: 0.6560 accuracy: 0.6566 val_loss: 0.4904 val_accuracy: 0.8067
Job ended!
