Wed 28 Feb 2024 10:47:12 AM EST
Python 3.9.7
nvcc: NVIDIA (R) Cuda compiler driver
Copyright (c) 2005-2019 NVIDIA Corporation
Built on Sun_Jul_28_19:07:16_PDT_2019
Cuda compilation tools, release 10.1, V10.1.243
My SLURM_ARRAY_TASK_ID: 
DB: ['ISIC2016', 'ISIC2017', 'ISIC2018', 'ISIC2020', 'PH2']
IMG_SIZE: [150, 150]
CLASSIFIER: VGG19
SELF_AUG: 1
JOB_INDEX: None
Combining...
Combining 1 db out of 5 dbs
Combining 2 db out of 5 dbs
Combining 3 db out of 5 dbs
Combining 4 db out of 5 dbs
Combining 5 db out of 5 dbs
Stacking training images
Stacking training labels
Stacking validation images
Stacking validation labels
Model: "sequential"
_________________________________________________________________
Layer (type)                 Output Shape              Param #   
=================================================================
vgg19 (Functional)           (None, 512)               20024384  
_________________________________________________________________
dense (Dense)                (None, 512)               262656    
_________________________________________________________________
dropout (Dropout)            (None, 512)               0         
_________________________________________________________________
batch_normalization (BatchNo (None, 512)               2048      
_________________________________________________________________
dense_1 (Dense)              (None, 256)               131328    
_________________________________________________________________
dropout_1 (Dropout)          (None, 256)               0         
_________________________________________________________________
batch_normalization_1 (Batch (None, 256)               1024      
_________________________________________________________________
dense_2 (Dense)              (None, 2)                 514       
=================================================================
Total params: 20,421,954
Trainable params: 396,034
Non-trainable params: 20,025,920
_________________________________________________________________
Fitting ISIC2016+ISIC2017+ISIC2018+ISIC2020+PH2_aug_VGG19_150h_150w_None model...
model_name: ISIC2016+ISIC2017+ISIC2018+ISIC2020+PH2_aug_VGG19_150h_150w_None
Epoch: 1 loss: 0.5406 accuracy: 0.7400 val_loss: 0.1741 val_accuracy: 0.9485
Epoch: 2 loss: 0.4380 accuracy: 0.7932 val_loss: 0.1905 val_accuracy: 0.9415
Epoch: 3 loss: 0.4078 accuracy: 0.8085 val_loss: 0.1367 val_accuracy: 0.9688
Epoch: 4 loss: 0.3863 accuracy: 0.8161 val_loss: 0.1816 val_accuracy: 0.9527
Epoch: 5 loss: 0.3794 accuracy: 0.8191 val_loss: 0.1586 val_accuracy: 0.9649
Epoch: 6 loss: 0.3714 accuracy: 0.8233 val_loss: 0.1855 val_accuracy: 0.9406
Epoch: 7 loss: 0.3682 accuracy: 0.8263 val_loss: 0.1348 val_accuracy: 0.9629
Epoch: 8 loss: 0.3643 accuracy: 0.8283 val_loss: 0.1467 val_accuracy: 0.9543
Epoch: 9 loss: 0.3620 accuracy: 0.8290 val_loss: 0.1588 val_accuracy: 0.9699
Epoch: 10 loss: 0.3609 accuracy: 0.8300 val_loss: 0.2301 val_accuracy: 0.9285
Epoch: 11 loss: 0.3583 accuracy: 0.8315 val_loss: 0.1430 val_accuracy: 0.9685
Epoch: 12 loss: 0.3574 accuracy: 0.8316 val_loss: 0.1519 val_accuracy: 0.9559
Epoch: 13 loss: 0.3559 accuracy: 0.8339 val_loss: 0.1299 val_accuracy: 0.9688
Epoch: 14 loss: 0.3541 accuracy: 0.8344 val_loss: 0.1981 val_accuracy: 0.9371
Epoch: 15 loss: 0.3526 accuracy: 0.8341 val_loss: 0.1553 val_accuracy: 0.9597
Epoch: 16 loss: 0.3519 accuracy: 0.8348 val_loss: 0.1307 val_accuracy: 0.9613
Epoch: 17 loss: 0.3496 accuracy: 0.8361 val_loss: 0.1160 val_accuracy: 0.9678
Epoch: 18 loss: 0.3493 accuracy: 0.8372 val_loss: 0.1264 val_accuracy: 0.9694
Epoch: 19 loss: 0.3478 accuracy: 0.8368 val_loss: 0.1297 val_accuracy: 0.9608
Epoch: 20 loss: 0.3477 accuracy: 0.8381 val_loss: 0.1339 val_accuracy: 0.9685
Job ended!
