Sat 02 Mar 2024 12:16:49 AM EST
Python 3.9.7
nvcc: NVIDIA (R) Cuda compiler driver
Copyright (c) 2005-2019 NVIDIA Corporation
Built on Sun_Jul_28_19:07:16_PDT_2019
Cuda compilation tools, release 10.1, V10.1.243
My SLURM_ARRAY_TASK_ID: 
DB: ['ISIC2016', 'MEDNODE', 'KaggleMB']
IMG_SIZE: [150, 150]
CLASSIFIER: VGG19
SELF_AUG: 1
JOB_INDEX: None
Combining...
Combining 1 db out of 3 dbs
Combining 2 db out of 3 dbs
Combining 3 db out of 3 dbs
Stacking training images
Stacking training labels
Stacking validation images
Stacking validation labels
Model: "sequential"
_________________________________________________________________
Layer (type)                 Output Shape              Param #   
=================================================================
vgg19 (Functional)           (None, 512)               20024384  
_________________________________________________________________
dense (Dense)                (None, 512)               262656    
_________________________________________________________________
dropout (Dropout)            (None, 512)               0         
_________________________________________________________________
batch_normalization (BatchNo (None, 512)               2048      
_________________________________________________________________
dense_1 (Dense)              (None, 256)               131328    
_________________________________________________________________
dropout_1 (Dropout)          (None, 256)               0         
_________________________________________________________________
batch_normalization_1 (Batch (None, 256)               1024      
_________________________________________________________________
dense_2 (Dense)              (None, 2)                 514       
=================================================================
Total params: 20,421,954
Trainable params: 396,034
Non-trainable params: 20,025,920
_________________________________________________________________
Fitting ISIC2016+MEDNODE+KaggleMB_aug_VGG19_150h_150w_None model...
model_name: ISIC2016+MEDNODE+KaggleMB_aug_VGG19_150h_150w_None
Epoch: 1 loss: 0.7183 accuracy: 0.6895 val_loss: 0.5033 val_accuracy: 0.7776
Epoch: 2 loss: 0.5572 accuracy: 0.7622 val_loss: 0.4729 val_accuracy: 0.7844
Epoch: 3 loss: 0.4949 accuracy: 0.7830 val_loss: 0.4716 val_accuracy: 0.7911
Epoch: 4 loss: 0.4449 accuracy: 0.8025 val_loss: 0.4542 val_accuracy: 0.7978
Epoch: 5 loss: 0.4184 accuracy: 0.8182 val_loss: 0.4550 val_accuracy: 0.7965
Epoch: 6 loss: 0.4041 accuracy: 0.8223 val_loss: 0.4495 val_accuracy: 0.7992
Epoch: 7 loss: 0.3859 accuracy: 0.8306 val_loss: 0.4343 val_accuracy: 0.8194
Epoch: 8 loss: 0.3710 accuracy: 0.8394 val_loss: 0.4317 val_accuracy: 0.8154
Epoch: 9 loss: 0.3441 accuracy: 0.8485 val_loss: 0.4412 val_accuracy: 0.8248
Epoch: 10 loss: 0.3284 accuracy: 0.8512 val_loss: 0.4242 val_accuracy: 0.8235
Epoch: 11 loss: 0.3160 accuracy: 0.8599 val_loss: 0.4306 val_accuracy: 0.8208
Epoch: 12 loss: 0.3061 accuracy: 0.8701 val_loss: 0.4369 val_accuracy: 0.8140
Epoch: 13 loss: 0.2870 accuracy: 0.8728 val_loss: 0.4364 val_accuracy: 0.8248
Epoch: 14 loss: 0.2694 accuracy: 0.8846 val_loss: 0.4475 val_accuracy: 0.8100
Epoch: 15 loss: 0.2662 accuracy: 0.8882 val_loss: 0.4613 val_accuracy: 0.8275
Epoch: 16 loss: 0.2545 accuracy: 0.8937 val_loss: 0.4533 val_accuracy: 0.8235
Epoch: 17 loss: 0.2426 accuracy: 0.8974 val_loss: 0.4406 val_accuracy: 0.8261
Epoch: 18 loss: 0.2395 accuracy: 0.8976 val_loss: 0.4671 val_accuracy: 0.8167
Epoch: 19 loss: 0.2240 accuracy: 0.9064 val_loss: 0.4764 val_accuracy: 0.8154
Epoch: 20 loss: 0.2138 accuracy: 0.9118 val_loss: 0.4693 val_accuracy: 0.8167
Job ended!
