Fri 01 Mar 2024 11:52:20 PM EST
Python 3.9.7
nvcc: NVIDIA (R) Cuda compiler driver
Copyright (c) 2005-2019 NVIDIA Corporation
Built on Sun_Jul_28_19:07:16_PDT_2019
Cuda compilation tools, release 10.1, V10.1.243
My SLURM_ARRAY_TASK_ID: 
DB: ['ISIC2016', 'ISIC2017', 'ISIC2018', 'ISIC2019', 'ISIC2020', 'PH2', '_7_point_criteria', 'PAD_UFES_20', 'MEDNODE']
IMG_SIZE: [150, 150]
CLASSIFIER: VGG19
SELF_AUG: 1
JOB_INDEX: None
Combining...
Combining 1 db out of 9 dbs
Combining 2 db out of 9 dbs
Combining 3 db out of 9 dbs
Combining 4 db out of 9 dbs
Combining 5 db out of 9 dbs
Combining 6 db out of 9 dbs
Combining 7 db out of 9 dbs
Combining 8 db out of 9 dbs
Combining 9 db out of 9 dbs
Stacking training images
Stacking training labels
Stacking validation images
Stacking validation labels
Model: "sequential"
_________________________________________________________________
Layer (type)                 Output Shape              Param #   
=================================================================
vgg19 (Functional)           (None, 512)               20024384  
_________________________________________________________________
dense (Dense)                (None, 512)               262656    
_________________________________________________________________
dropout (Dropout)            (None, 512)               0         
_________________________________________________________________
batch_normalization (BatchNo (None, 512)               2048      
_________________________________________________________________
dense_1 (Dense)              (None, 256)               131328    
_________________________________________________________________
dropout_1 (Dropout)          (None, 256)               0         
_________________________________________________________________
batch_normalization_1 (Batch (None, 256)               1024      
_________________________________________________________________
dense_2 (Dense)              (None, 2)                 514       
=================================================================
Total params: 20,421,954
Trainable params: 396,034
Non-trainable params: 20,025,920
_________________________________________________________________
Fitting ISIC2016+ISIC2017+ISIC2018+ISIC2019+ISIC2020+PH2+_7_point_criteria+PAD_UFES_20+MEDNODE_aug_VGG19_150h_150w_None model...
model_name: ISIC2016+ISIC2017+ISIC2018+ISIC2019+ISIC2020+PH2+_7_point_criteria+PAD_UFES_20+MEDNODE_aug_VGG19_150h_150w_None
Epoch: 1 loss: 0.4811 accuracy: 0.7777 val_loss: 0.2327 val_accuracy: 0.9147
Epoch: 2 loss: 0.3942 accuracy: 0.8140 val_loss: 0.2223 val_accuracy: 0.9179
Epoch: 3 loss: 0.3705 accuracy: 0.8270 val_loss: 0.2074 val_accuracy: 0.9252
Epoch: 4 loss: 0.3565 accuracy: 0.8345 val_loss: 0.2074 val_accuracy: 0.9245
Epoch: 5 loss: 0.3453 accuracy: 0.8403 val_loss: 0.2036 val_accuracy: 0.9277
Epoch: 6 loss: 0.3361 accuracy: 0.8440 val_loss: 0.2048 val_accuracy: 0.9263
Epoch: 7 loss: 0.3274 accuracy: 0.8496 val_loss: 0.2019 val_accuracy: 0.9283
Epoch: 8 loss: 0.3205 accuracy: 0.8531 val_loss: 0.1984 val_accuracy: 0.9290
Epoch: 9 loss: 0.3119 accuracy: 0.8569 val_loss: 0.1971 val_accuracy: 0.9291
Epoch: 10 loss: 0.3027 accuracy: 0.8620 val_loss: 0.1969 val_accuracy: 0.9267
Epoch: 11 loss: 0.2955 accuracy: 0.8651 val_loss: 0.1959 val_accuracy: 0.9305
Epoch: 12 loss: 0.2881 accuracy: 0.8687 val_loss: 0.1919 val_accuracy: 0.9338
Epoch: 13 loss: 0.2849 accuracy: 0.8701 val_loss: 0.1960 val_accuracy: 0.9309
Epoch: 14 loss: 0.2771 accuracy: 0.8739 val_loss: 0.1954 val_accuracy: 0.9325
Epoch: 15 loss: 0.2722 accuracy: 0.8769 val_loss: 0.1916 val_accuracy: 0.9346
Epoch: 16 loss: 0.2675 accuracy: 0.8786 val_loss: 0.1940 val_accuracy: 0.9328
Epoch: 17 loss: 0.2590 accuracy: 0.8831 val_loss: 0.1940 val_accuracy: 0.9343
Epoch: 18 loss: 0.2548 accuracy: 0.8860 val_loss: 0.1965 val_accuracy: 0.9359
Epoch: 19 loss: 0.2490 accuracy: 0.8878 val_loss: 0.1979 val_accuracy: 0.9358
Epoch: 20 loss: 0.2459 accuracy: 0.8898 val_loss: 0.2059 val_accuracy: 0.9335
Job ended!
