Wed 28 Feb 2024 10:58:54 AM EST
Python 3.9.7
nvcc: NVIDIA (R) Cuda compiler driver
Copyright (c) 2005-2019 NVIDIA Corporation
Built on Sun_Jul_28_19:07:16_PDT_2019
Cuda compilation tools, release 10.1, V10.1.243
My SLURM_ARRAY_TASK_ID: 
DB: ['ISIC2016', 'PAD_UFES_20', 'MEDNODE']
IMG_SIZE: [150, 150]
CLASSIFIER: VGG19
SELF_AUG: 1
JOB_INDEX: None
Combining...
Combining 1 db out of 3 dbs
Combining 2 db out of 3 dbs
Combining 3 db out of 3 dbs
Stacking training images
Stacking training labels
Stacking validation images
Stacking validation labels
Model: "sequential"
_________________________________________________________________
Layer (type)                 Output Shape              Param #   
=================================================================
vgg19 (Functional)           (None, 512)               20024384  
_________________________________________________________________
dense (Dense)                (None, 512)               262656    
_________________________________________________________________
dropout (Dropout)            (None, 512)               0         
_________________________________________________________________
batch_normalization (BatchNo (None, 512)               2048      
_________________________________________________________________
dense_1 (Dense)              (None, 256)               131328    
_________________________________________________________________
dropout_1 (Dropout)          (None, 256)               0         
_________________________________________________________________
batch_normalization_1 (Batch (None, 256)               1024      
_________________________________________________________________
dense_2 (Dense)              (None, 2)                 514       
=================================================================
Total params: 20,421,954
Trainable params: 396,034
Non-trainable params: 20,025,920
_________________________________________________________________
Fitting ISIC2016+PAD_UFES_20+MEDNODE_aug_VGG19_150h_150w_None model...
model_name: ISIC2016+PAD_UFES_20+MEDNODE_aug_VGG19_150h_150w_None
Epoch: 1 loss: 0.8520 accuracy: 0.5549 val_loss: 0.7277 val_accuracy: 0.0875
Epoch: 2 loss: 0.7334 accuracy: 0.6200 val_loss: 0.7442 val_accuracy: 0.1231
Epoch: 3 loss: 0.6564 accuracy: 0.6570 val_loss: 0.7117 val_accuracy: 0.4570
Epoch: 4 loss: 0.6250 accuracy: 0.6897 val_loss: 0.6363 val_accuracy: 0.6884
Epoch: 5 loss: 0.5924 accuracy: 0.6990 val_loss: 0.5124 val_accuracy: 0.8323
Epoch: 6 loss: 0.5904 accuracy: 0.7119 val_loss: 0.4452 val_accuracy: 0.8576
Epoch: 7 loss: 0.5642 accuracy: 0.7310 val_loss: 0.3798 val_accuracy: 0.8947
Epoch: 8 loss: 0.5762 accuracy: 0.7282 val_loss: 0.3328 val_accuracy: 0.8976
Epoch: 9 loss: 0.5474 accuracy: 0.7363 val_loss: 0.4325 val_accuracy: 0.8487
Epoch: 10 loss: 0.5607 accuracy: 0.7343 val_loss: 0.3413 val_accuracy: 0.9006
Epoch: 11 loss: 0.5295 accuracy: 0.7471 val_loss: 0.3720 val_accuracy: 0.8694
Epoch: 12 loss: 0.5264 accuracy: 0.7486 val_loss: 0.3133 val_accuracy: 0.8961
Epoch: 13 loss: 0.5321 accuracy: 0.7479 val_loss: 0.3226 val_accuracy: 0.9036
Epoch: 14 loss: 0.5310 accuracy: 0.7519 val_loss: 0.3518 val_accuracy: 0.8828
Epoch: 15 loss: 0.5274 accuracy: 0.7557 val_loss: 0.3263 val_accuracy: 0.8902
Epoch: 16 loss: 0.5091 accuracy: 0.7620 val_loss: 0.3484 val_accuracy: 0.8917
Epoch: 17 loss: 0.5308 accuracy: 0.7484 val_loss: 0.3019 val_accuracy: 0.9036
Epoch: 18 loss: 0.5250 accuracy: 0.7584 val_loss: 0.3848 val_accuracy: 0.8635
Epoch: 19 loss: 0.5066 accuracy: 0.7607 val_loss: 0.3194 val_accuracy: 0.9021
Epoch: 20 loss: 0.5141 accuracy: 0.7614 val_loss: 0.3005 val_accuracy: 0.9110
Job ended!
