Sat 04 May 2024 05:43:04 AM EDT
Python 3.9.7
nvcc: NVIDIA (R) Cuda compiler driver
Copyright (c) 2005-2019 NVIDIA Corporation
Built on Sun_Jul_28_19:07:16_PDT_2019
Cuda compilation tools, release 10.1, V10.1.243
My SLURM_ARRAY_TASK_ID: 
DB: ['ISIC2016', 'ISIC2017', 'ISIC2018', 'ISIC2019', 'PH2', '_7_point_criteria']
IMG_SIZE: [384, 384]
CLASSIFIER: DenseNet201
JOB_INDEX: None
Start training augmented images
Combining...
Combining 1th db out of 6 dbs
Combining 2th db out of 6 dbs
Combining 3th db out of 6 dbs
Combining 4th db out of 6 dbs
Combining 5th db out of 6 dbs
Combining 6th db out of 6 dbs
Stacking data
Combining complete
Model: "sequential"
_________________________________________________________________
Layer (type)                 Output Shape              Param #   
=================================================================
densenet201 (Functional)     (None, 1920)              18321984  
_________________________________________________________________
dense (Dense)                (None, 512)               983552    
_________________________________________________________________
dropout (Dropout)            (None, 512)               0         
_________________________________________________________________
batch_normalization (BatchNo (None, 512)               2048      
_________________________________________________________________
dense_1 (Dense)              (None, 256)               131328    
_________________________________________________________________
batch_normalization_1 (Batch (None, 256)               1024      
_________________________________________________________________
dense_2 (Dense)              (None, 2)                 514       
=================================================================
Total params: 19,440,450
Trainable params: 1,116,930
Non-trainable params: 18,323,520
_________________________________________________________________
Fitting ISIC2016+ISIC2017+ISIC2018+ISIC2019+PH2+_7_point_criteria_aug_DenseNet201_384h_384w_None model...
model_name: ISIC2016+ISIC2017+ISIC2018+ISIC2019+PH2+_7_point_criteria_aug_DenseNet201_384h_384w_None
Epoch: 1 loss: 0.8343 accuracy: 0.7990 val_loss: 0.7469 val_accuracy: 0.8134
Epoch: 2 loss: 0.6452 accuracy: 0.8546 val_loss: 0.6935 val_accuracy: 0.8238
Epoch: 3 loss: 0.5815 accuracy: 0.8775 val_loss: 0.6772 val_accuracy: 0.8272
Epoch: 4 loss: 0.5361 accuracy: 0.8903 val_loss: 0.6083 val_accuracy: 0.8543
Epoch: 5 loss: 0.4989 accuracy: 0.8986 val_loss: 0.5743 val_accuracy: 0.8697
Epoch: 6 loss: 0.4658 accuracy: 0.9071 val_loss: 0.5637 val_accuracy: 0.8686
Epoch: 7 loss: 0.4366 accuracy: 0.9145 val_loss: 0.5479 val_accuracy: 0.8745
Epoch: 8 loss: 0.4141 accuracy: 0.9193 val_loss: 0.5274 val_accuracy: 0.8702
Epoch: 9 loss: 0.3919 accuracy: 0.9251 val_loss: 0.4904 val_accuracy: 0.8840
Epoch: 10 loss: 0.3655 accuracy: 0.9311 val_loss: 0.5150 val_accuracy: 0.8705
Epoch: 11 loss: 0.3524 accuracy: 0.9338 val_loss: 0.5003 val_accuracy: 0.8759
Epoch: 12 loss: 0.3310 accuracy: 0.9394 val_loss: 0.4808 val_accuracy: 0.8800
Epoch: 13 loss: 0.3179 accuracy: 0.9420 val_loss: 0.4484 val_accuracy: 0.8909
Epoch: 14 loss: 0.3029 accuracy: 0.9446 val_loss: 0.4874 val_accuracy: 0.8669
Epoch: 15 loss: 0.2966 accuracy: 0.9445 val_loss: 0.4657 val_accuracy: 0.8776
Epoch: 16 loss: 0.2785 accuracy: 0.9509 val_loss: 0.4671 val_accuracy: 0.8769
Epoch: 17 loss: 0.2762 accuracy: 0.9491 val_loss: 0.4500 val_accuracy: 0.8937
Epoch: 18 loss: 0.2694 accuracy: 0.9487 val_loss: 0.4476 val_accuracy: 0.8830
Epoch: 19 loss: 0.2560 accuracy: 0.9531 val_loss: 0.4071 val_accuracy: 0.9052
Epoch: 20 loss: 0.2460 accuracy: 0.9565 val_loss: 0.4168 val_accuracy: 0.9076
Epoch: 21 loss: 0.2385 accuracy: 0.9581 val_loss: 0.4199 val_accuracy: 0.9023
Epoch: 22 loss: 0.2338 accuracy: 0.9581 val_loss: 0.4122 val_accuracy: 0.8999
Epoch: 23 loss: 0.2265 accuracy: 0.9587 val_loss: 0.4021 val_accuracy: 0.9061
Epoch: 24 loss: 0.2201 accuracy: 0.9605 val_loss: 0.4183 val_accuracy: 0.9040
Epoch: 25 loss: 0.2125 accuracy: 0.9618 val_loss: 0.4166 val_accuracy: 0.8978
Epoch: 26 loss: 0.2104 accuracy: 0.9621 val_loss: 0.4225 val_accuracy: 0.9002
Epoch: 27 loss: 0.2002 accuracy: 0.9653 val_loss: 0.3845 val_accuracy: 0.9123
Epoch: 28 loss: 0.2023 accuracy: 0.9634 val_loss: 0.4201 val_accuracy: 0.8909
Epoch: 29 loss: 0.1929 accuracy: 0.9658 val_loss: 0.4007 val_accuracy: 0.9013
Epoch: 30 loss: 0.1900 accuracy: 0.9662 val_loss: 0.4019 val_accuracy: 0.9073
Epoch: 31 loss: 0.1878 accuracy: 0.9670 val_loss: 0.3942 val_accuracy: 0.9044
Epoch: 32 loss: 0.1844 accuracy: 0.9663 val_loss: 0.3937 val_accuracy: 0.9092

Epoch 00032: ReduceLROnPlateau reducing learning rate to 7.999999797903001e-05.
Epoch: 33 loss: 0.1706 accuracy: 0.9721 val_loss: 0.3774 val_accuracy: 0.9130
Epoch: 34 loss: 0.1593 accuracy: 0.9747 val_loss: 0.3922 val_accuracy: 0.9113
Epoch: 35 loss: 0.1589 accuracy: 0.9755 val_loss: 0.3681 val_accuracy: 0.9240
Epoch: 36 loss: 0.1556 accuracy: 0.9761 val_loss: 0.3865 val_accuracy: 0.9139
Epoch: 37 loss: 0.1510 accuracy: 0.9772 val_loss: 0.4182 val_accuracy: 0.9044
Epoch: 38 loss: 0.1487 accuracy: 0.9768 val_loss: 0.3804 val_accuracy: 0.9137
Epoch: 39 loss: 0.1488 accuracy: 0.9768 val_loss: 0.3766 val_accuracy: 0.9175
Epoch: 40 loss: 0.1441 accuracy: 0.9778 val_loss: 0.3876 val_accuracy: 0.9199

Epoch 00040: ReduceLROnPlateau reducing learning rate to 6.399999838322402e-05.
Epoch: 41 loss: 0.1381 accuracy: 0.9801 val_loss: 0.3723 val_accuracy: 0.9258
Epoch: 42 loss: 0.1298 accuracy: 0.9829 val_loss: 0.3736 val_accuracy: 0.9259
Epoch: 43 loss: 0.1273 accuracy: 0.9834 val_loss: 0.3818 val_accuracy: 0.9227
Epoch: 44 loss: 0.1286 accuracy: 0.9821 val_loss: 0.3691 val_accuracy: 0.9247
Epoch: 45 loss: 0.1257 accuracy: 0.9829 val_loss: 0.3812 val_accuracy: 0.9230

Epoch 00045: ReduceLROnPlateau reducing learning rate to 5.119999987073243e-05.
End of augmented training
Finish
Job ended!
