Sat 04 May 2024 10:00:16 AM EDT
Python 3.9.7
nvcc: NVIDIA (R) Cuda compiler driver
Copyright (c) 2005-2019 NVIDIA Corporation
Built on Sun_Jul_28_19:07:16_PDT_2019
Cuda compilation tools, release 10.1, V10.1.243
My SLURM_ARRAY_TASK_ID: 
DB: ['PAD_UFES_20']
IMG_SIZE: [384, 384]
CLASSIFIER: DenseNet201
JOB_INDEX: None
Start training augmented images
Combining...
Combining 1th db out of 1 dbs
Stacking data
Combining complete
Model: "sequential"
_________________________________________________________________
Layer (type)                 Output Shape              Param #   
=================================================================
densenet201 (Functional)     (None, 1920)              18321984  
_________________________________________________________________
dense (Dense)                (None, 512)               983552    
_________________________________________________________________
dropout (Dropout)            (None, 512)               0         
_________________________________________________________________
batch_normalization (BatchNo (None, 512)               2048      
_________________________________________________________________
dense_1 (Dense)              (None, 256)               131328    
_________________________________________________________________
batch_normalization_1 (Batch (None, 256)               1024      
_________________________________________________________________
dense_2 (Dense)              (None, 2)                 514       
=================================================================
Total params: 19,440,450
Trainable params: 1,116,930
Non-trainable params: 18,323,520
_________________________________________________________________
Fitting PAD_UFES_20_aug_DenseNet201_384h_384w_None model...
model_name: PAD_UFES_20_aug_DenseNet201_384h_384w_None
Epoch: 1 loss: 1.3149 accuracy: 0.6398 val_loss: 0.9728 val_accuracy: 0.9348
Epoch: 2 loss: 1.0340 accuracy: 0.7453 val_loss: 1.0371 val_accuracy: 0.8022
Epoch: 3 loss: 0.8502 accuracy: 0.8398 val_loss: 0.9716 val_accuracy: 0.8239
Epoch: 4 loss: 0.7782 accuracy: 0.8648 val_loss: 0.9453 val_accuracy: 0.8130
Epoch: 5 loss: 0.6874 accuracy: 0.9094 val_loss: 0.8243 val_accuracy: 0.8870
Epoch: 6 loss: 0.6338 accuracy: 0.9293 val_loss: 0.7691 val_accuracy: 0.9087
Epoch: 7 loss: 0.5697 accuracy: 0.9461 val_loss: 0.6720 val_accuracy: 0.9261
Epoch: 8 loss: 0.5408 accuracy: 0.9578 val_loss: 0.6428 val_accuracy: 0.9326
Epoch: 9 loss: 0.5072 accuracy: 0.9664 val_loss: 0.6012 val_accuracy: 0.9348
Epoch: 10 loss: 0.4754 accuracy: 0.9719 val_loss: 0.5829 val_accuracy: 0.9413
Epoch: 11 loss: 0.4455 accuracy: 0.9785 val_loss: 0.6104 val_accuracy: 0.9304
Epoch: 12 loss: 0.4210 accuracy: 0.9863 val_loss: 0.5566 val_accuracy: 0.9478
Epoch: 13 loss: 0.4118 accuracy: 0.9859 val_loss: 0.5276 val_accuracy: 0.9522
Epoch: 14 loss: 0.3986 accuracy: 0.9902 val_loss: 0.5014 val_accuracy: 0.9522
Epoch: 15 loss: 0.3877 accuracy: 0.9895 val_loss: 0.5264 val_accuracy: 0.9543
Epoch: 16 loss: 0.3690 accuracy: 0.9906 val_loss: 0.5081 val_accuracy: 0.9565
Epoch: 17 loss: 0.3636 accuracy: 0.9934 val_loss: 0.5289 val_accuracy: 0.9500
Epoch: 18 loss: 0.3734 accuracy: 0.9883 val_loss: 0.4952 val_accuracy: 0.9500
Epoch: 19 loss: 0.3600 accuracy: 0.9914 val_loss: 0.5007 val_accuracy: 0.9543
Epoch: 20 loss: 0.3480 accuracy: 0.9953 val_loss: 0.4961 val_accuracy: 0.9543
Epoch: 21 loss: 0.3487 accuracy: 0.9926 val_loss: 0.5005 val_accuracy: 0.9587
Epoch: 22 loss: 0.3395 accuracy: 0.9945 val_loss: 0.5321 val_accuracy: 0.9565
Epoch: 23 loss: 0.3278 accuracy: 0.9980 val_loss: 0.5182 val_accuracy: 0.9587

Epoch 00023: ReduceLROnPlateau reducing learning rate to 7.999999797903001e-05.
Epoch: 24 loss: 0.3259 accuracy: 0.9961 val_loss: 0.5116 val_accuracy: 0.9587
Epoch: 25 loss: 0.3254 accuracy: 0.9969 val_loss: 0.5281 val_accuracy: 0.9565
Epoch: 26 loss: 0.3303 accuracy: 0.9953 val_loss: 0.4882 val_accuracy: 0.9565
Epoch: 27 loss: 0.3219 accuracy: 0.9941 val_loss: 0.4913 val_accuracy: 0.9587
Epoch: 28 loss: 0.3218 accuracy: 0.9969 val_loss: 0.5010 val_accuracy: 0.9587
Epoch: 29 loss: 0.3108 accuracy: 0.9961 val_loss: 0.5102 val_accuracy: 0.9565
Epoch: 30 loss: 0.3075 accuracy: 0.9969 val_loss: 0.5180 val_accuracy: 0.9565
Epoch: 31 loss: 0.3094 accuracy: 0.9949 val_loss: 0.4954 val_accuracy: 0.9587

Epoch 00031: ReduceLROnPlateau reducing learning rate to 6.399999838322402e-05.
Epoch: 32 loss: 0.3023 accuracy: 0.9969 val_loss: 0.5104 val_accuracy: 0.9565
Epoch: 33 loss: 0.3049 accuracy: 0.9965 val_loss: 0.5133 val_accuracy: 0.9587
Epoch: 34 loss: 0.3003 accuracy: 0.9961 val_loss: 0.5122 val_accuracy: 0.9543
Epoch: 35 loss: 0.3083 accuracy: 0.9922 val_loss: 0.5241 val_accuracy: 0.9543
Epoch: 36 loss: 0.2952 accuracy: 0.9973 val_loss: 0.5083 val_accuracy: 0.9565

Epoch 00036: ReduceLROnPlateau reducing learning rate to 5.119999987073243e-05.
End of augmented training
Finish
Job ended!
