Sat 04 May 2024 10:14:33 AM EDT
Python 3.9.7
nvcc: NVIDIA (R) Cuda compiler driver
Copyright (c) 2005-2019 NVIDIA Corporation
Built on Sun_Jul_28_19:07:16_PDT_2019
Cuda compilation tools, release 10.1, V10.1.243
My SLURM_ARRAY_TASK_ID: 
DB: ['ISIC2016', '_7_point_criteria', 'PAD_UFES_20', 'MEDNODE']
IMG_SIZE: [384, 384]
CLASSIFIER: DenseNet169
JOB_INDEX: None
Start training augmented images
Combining...
Combining 1th db out of 4 dbs
Combining 2th db out of 4 dbs
Combining 3th db out of 4 dbs
Combining 4th db out of 4 dbs
Stacking data
Combining complete
Model: "sequential"
_________________________________________________________________
Layer (type)                 Output Shape              Param #   
=================================================================
densenet169 (Functional)     (None, 1664)              12642880  
_________________________________________________________________
dense (Dense)                (None, 512)               852480    
_________________________________________________________________
dropout (Dropout)            (None, 512)               0         
_________________________________________________________________
batch_normalization (BatchNo (None, 512)               2048      
_________________________________________________________________
dense_1 (Dense)              (None, 256)               131328    
_________________________________________________________________
batch_normalization_1 (Batch (None, 256)               1024      
_________________________________________________________________
dense_2 (Dense)              (None, 2)                 514       
=================================================================
Total params: 13,630,274
Trainable params: 985,858
Non-trainable params: 12,644,416
_________________________________________________________________
Fitting ISIC2016+_7_point_criteria+PAD_UFES_20+MEDNODE_aug_DenseNet169_384h_384w_None model...
model_name: ISIC2016+_7_point_criteria+PAD_UFES_20+MEDNODE_aug_DenseNet169_384h_384w_None
Epoch: 1 loss: 1.1784 accuracy: 0.6912 val_loss: 1.0628 val_accuracy: 0.7218
Epoch: 2 loss: 0.8997 accuracy: 0.8134 val_loss: 0.9054 val_accuracy: 0.8221
Epoch: 3 loss: 0.7868 accuracy: 0.8542 val_loss: 0.8325 val_accuracy: 0.8347
Epoch: 4 loss: 0.7085 accuracy: 0.8780 val_loss: 0.7422 val_accuracy: 0.8632
Epoch: 5 loss: 0.6397 accuracy: 0.9047 val_loss: 0.7344 val_accuracy: 0.8552
Epoch: 6 loss: 0.5893 accuracy: 0.9147 val_loss: 0.6933 val_accuracy: 0.8655
Epoch: 7 loss: 0.5503 accuracy: 0.9345 val_loss: 0.7090 val_accuracy: 0.8495
Epoch: 8 loss: 0.5190 accuracy: 0.9399 val_loss: 0.6843 val_accuracy: 0.8689
Epoch: 9 loss: 0.5003 accuracy: 0.9512 val_loss: 0.6928 val_accuracy: 0.8700
Epoch: 10 loss: 0.4777 accuracy: 0.9562 val_loss: 0.6989 val_accuracy: 0.8643
Epoch: 11 loss: 0.4503 accuracy: 0.9631 val_loss: 0.6887 val_accuracy: 0.8689
Epoch: 12 loss: 0.4485 accuracy: 0.9616 val_loss: 0.6835 val_accuracy: 0.8677
Epoch: 13 loss: 0.4250 accuracy: 0.9703 val_loss: 0.7147 val_accuracy: 0.8643
Epoch: 14 loss: 0.4149 accuracy: 0.9705 val_loss: 0.7151 val_accuracy: 0.8632
Epoch: 15 loss: 0.4023 accuracy: 0.9768 val_loss: 0.7207 val_accuracy: 0.8586
Epoch: 16 loss: 0.3967 accuracy: 0.9757 val_loss: 0.7129 val_accuracy: 0.8643
Epoch: 17 loss: 0.3852 accuracy: 0.9787 val_loss: 0.6809 val_accuracy: 0.8757
Epoch: 18 loss: 0.3863 accuracy: 0.9759 val_loss: 0.6971 val_accuracy: 0.8712
Epoch: 19 loss: 0.3720 accuracy: 0.9818 val_loss: 0.6972 val_accuracy: 0.8700
Epoch: 20 loss: 0.3628 accuracy: 0.9818 val_loss: 0.7129 val_accuracy: 0.8632
Epoch: 21 loss: 0.3599 accuracy: 0.9826 val_loss: 0.7021 val_accuracy: 0.8712
Epoch: 22 loss: 0.3512 accuracy: 0.9852 val_loss: 0.7498 val_accuracy: 0.8586

Epoch 00022: ReduceLROnPlateau reducing learning rate to 7.999999797903001e-05.
Epoch: 23 loss: 0.3455 accuracy: 0.9859 val_loss: 0.7196 val_accuracy: 0.8677
Epoch: 24 loss: 0.3394 accuracy: 0.9878 val_loss: 0.7190 val_accuracy: 0.8723
Epoch: 25 loss: 0.3291 accuracy: 0.9905 val_loss: 0.7102 val_accuracy: 0.8723
Epoch: 26 loss: 0.3280 accuracy: 0.9900 val_loss: 0.7165 val_accuracy: 0.8666
Epoch: 27 loss: 0.3188 accuracy: 0.9915 val_loss: 0.7212 val_accuracy: 0.8632

Epoch 00027: ReduceLROnPlateau reducing learning rate to 6.399999838322402e-05.
End of augmented training
Finish
Job ended!
