Sun 05 May 2024 01:11:51 AM EDT
Python 3.9.7
nvcc: NVIDIA (R) Cuda compiler driver
Copyright (c) 2005-2019 NVIDIA Corporation
Built on Sun_Jul_28_19:07:16_PDT_2019
Cuda compilation tools, release 10.1, V10.1.243
My SLURM_ARRAY_TASK_ID: 
DB: ['ISIC2017']
IMG_SIZE: [384, 384]
CLASSIFIER: DenseNet169
JOB_INDEX: None
Start training augmented images
Combining...
Combining 1th db out of 1 dbs
Stacking data
Combining complete
Model: "sequential"
_________________________________________________________________
Layer (type)                 Output Shape              Param #   
=================================================================
densenet169 (Functional)     (None, 1664)              12642880  
_________________________________________________________________
dense (Dense)                (None, 512)               852480    
_________________________________________________________________
dropout (Dropout)            (None, 512)               0         
_________________________________________________________________
batch_normalization (BatchNo (None, 512)               2048      
_________________________________________________________________
dense_1 (Dense)              (None, 256)               131328    
_________________________________________________________________
batch_normalization_1 (Batch (None, 256)               1024      
_________________________________________________________________
dense_2 (Dense)              (None, 2)                 514       
=================================================================
Total params: 13,630,274
Trainable params: 985,858
Non-trainable params: 12,644,416
_________________________________________________________________
Fitting ISIC2017_aug_DenseNet169_384h_384w_None model...
model_name: ISIC2017_aug_DenseNet169_384h_384w_None
Epoch: 1 loss: 1.2263 accuracy: 0.6695 val_loss: 1.0307 val_accuracy: 0.7933
Epoch: 2 loss: 1.0043 accuracy: 0.7640 val_loss: 1.0195 val_accuracy: 0.7667
Epoch: 3 loss: 0.8979 accuracy: 0.8082 val_loss: 1.0106 val_accuracy: 0.7133
Epoch: 4 loss: 0.8066 accuracy: 0.8487 val_loss: 0.9711 val_accuracy: 0.6800
Epoch: 5 loss: 0.7660 accuracy: 0.8597 val_loss: 0.9560 val_accuracy: 0.6800
Epoch: 6 loss: 0.7032 accuracy: 0.8750 val_loss: 0.9182 val_accuracy: 0.7200
Epoch: 7 loss: 0.6765 accuracy: 0.8836 val_loss: 0.9078 val_accuracy: 0.7400
Epoch: 8 loss: 0.6325 accuracy: 0.8979 val_loss: 0.8623 val_accuracy: 0.7400
Epoch: 9 loss: 0.5860 accuracy: 0.9159 val_loss: 0.8896 val_accuracy: 0.7200
Epoch: 10 loss: 0.5800 accuracy: 0.9166 val_loss: 0.8979 val_accuracy: 0.7533
Epoch: 11 loss: 0.5574 accuracy: 0.9275 val_loss: 0.8866 val_accuracy: 0.7333
Epoch: 12 loss: 0.5397 accuracy: 0.9325 val_loss: 0.9342 val_accuracy: 0.7400
Epoch: 13 loss: 0.5164 accuracy: 0.9425 val_loss: 0.9380 val_accuracy: 0.7467

Epoch 00013: ReduceLROnPlateau reducing learning rate to 7.999999797903001e-05.
Epoch: 14 loss: 0.4891 accuracy: 0.9538 val_loss: 0.9104 val_accuracy: 0.7600
Epoch: 15 loss: 0.4936 accuracy: 0.9415 val_loss: 0.9261 val_accuracy: 0.7600
Epoch: 16 loss: 0.4798 accuracy: 0.9571 val_loss: 0.9491 val_accuracy: 0.7733
Epoch: 17 loss: 0.4636 accuracy: 0.9555 val_loss: 0.9537 val_accuracy: 0.7467
Epoch: 18 loss: 0.4523 accuracy: 0.9608 val_loss: 0.9320 val_accuracy: 0.7800

Epoch 00018: ReduceLROnPlateau reducing learning rate to 6.399999838322402e-05.
End of augmented training
Finish
Job ended!
