Sat 04 May 2024 04:05:26 PM EDT
Python 3.9.7
nvcc: NVIDIA (R) Cuda compiler driver
Copyright (c) 2005-2019 NVIDIA Corporation
Built on Sun_Jul_28_19:07:16_PDT_2019
Cuda compilation tools, release 10.1, V10.1.243
My SLURM_ARRAY_TASK_ID: 
DB: ['ISIC2016', 'ISIC2017', 'ISIC2018', 'ISIC2019', 'ISIC2020', 'PH2', 'PAD_UFES_20', 'MEDNODE']
IMG_SIZE: [384, 384]
CLASSIFIER: DenseNet169
JOB_INDEX: None
Start training augmented images
Combining...
Combining 1th db out of 8 dbs
Combining 2th db out of 8 dbs
Combining 3th db out of 8 dbs
Combining 4th db out of 8 dbs
Combining 5th db out of 8 dbs
Combining 6th db out of 8 dbs
Combining 7th db out of 8 dbs
Combining 8th db out of 8 dbs
Stacking data
Combining complete
Model: "sequential"
_________________________________________________________________
Layer (type)                 Output Shape              Param #   
=================================================================
densenet169 (Functional)     (None, 1664)              12642880  
_________________________________________________________________
dense (Dense)                (None, 512)               852480    
_________________________________________________________________
dropout (Dropout)            (None, 512)               0         
_________________________________________________________________
batch_normalization (BatchNo (None, 512)               2048      
_________________________________________________________________
dense_1 (Dense)              (None, 256)               131328    
_________________________________________________________________
batch_normalization_1 (Batch (None, 256)               1024      
_________________________________________________________________
dense_2 (Dense)              (None, 2)                 514       
=================================================================
Total params: 13,630,274
Trainable params: 985,858
Non-trainable params: 12,644,416
_________________________________________________________________
Fitting ISIC2016+ISIC2017+ISIC2018+ISIC2019+ISIC2020+PH2+PAD_UFES_20+MEDNODE_aug_DenseNet169_384h_384w_None model...
model_name: ISIC2016+ISIC2017+ISIC2018+ISIC2019+ISIC2020+PH2+PAD_UFES_20+MEDNODE_aug_DenseNet169_384h_384w_None
Epoch: 1 loss: 0.7384 accuracy: 0.8373 val_loss: 0.5741 val_accuracy: 0.8966
Epoch: 2 loss: 0.5630 accuracy: 0.8848 val_loss: 0.5174 val_accuracy: 0.9009
Epoch: 3 loss: 0.4968 accuracy: 0.8991 val_loss: 0.5012 val_accuracy: 0.8924
Epoch: 4 loss: 0.4465 accuracy: 0.9104 val_loss: 0.4938 val_accuracy: 0.8860
Epoch: 5 loss: 0.4126 accuracy: 0.9147 val_loss: 0.4604 val_accuracy: 0.8924
Epoch: 6 loss: 0.3775 accuracy: 0.9213 val_loss: 0.3898 val_accuracy: 0.9156
Epoch: 7 loss: 0.3472 accuracy: 0.9281 val_loss: 0.4109 val_accuracy: 0.9002
Epoch: 8 loss: 0.3282 accuracy: 0.9291 val_loss: 0.3748 val_accuracy: 0.9082
Epoch: 9 loss: 0.3073 accuracy: 0.9343 val_loss: 0.3621 val_accuracy: 0.9114
Epoch: 10 loss: 0.2877 accuracy: 0.9380 val_loss: 0.3637 val_accuracy: 0.9076
Epoch: 11 loss: 0.2756 accuracy: 0.9385 val_loss: 0.3342 val_accuracy: 0.9183
Epoch: 12 loss: 0.2640 accuracy: 0.9409 val_loss: 0.3122 val_accuracy: 0.9276
Epoch: 13 loss: 0.2496 accuracy: 0.9444 val_loss: 0.3016 val_accuracy: 0.9345
Epoch: 14 loss: 0.2397 accuracy: 0.9461 val_loss: 0.3164 val_accuracy: 0.9240
Epoch: 15 loss: 0.2316 accuracy: 0.9475 val_loss: 0.3088 val_accuracy: 0.9205
Epoch: 16 loss: 0.2234 accuracy: 0.9492 val_loss: 0.2940 val_accuracy: 0.9253
Epoch: 17 loss: 0.2132 accuracy: 0.9514 val_loss: 0.2892 val_accuracy: 0.9243
Epoch: 18 loss: 0.2094 accuracy: 0.9518 val_loss: 0.2719 val_accuracy: 0.9310
Epoch: 19 loss: 0.2029 accuracy: 0.9530 val_loss: 0.2701 val_accuracy: 0.9328
Epoch: 20 loss: 0.1964 accuracy: 0.9543 val_loss: 0.2689 val_accuracy: 0.9319
Epoch: 21 loss: 0.1901 accuracy: 0.9567 val_loss: 0.2627 val_accuracy: 0.9367
Epoch: 22 loss: 0.1883 accuracy: 0.9557 val_loss: 0.2751 val_accuracy: 0.9268
Epoch: 23 loss: 0.1816 accuracy: 0.9580 val_loss: 0.2601 val_accuracy: 0.9313
Epoch: 24 loss: 0.1767 accuracy: 0.9592 val_loss: 0.3495 val_accuracy: 0.9024
Epoch: 25 loss: 0.1708 accuracy: 0.9615 val_loss: 0.2712 val_accuracy: 0.9301
Epoch: 26 loss: 0.1731 accuracy: 0.9596 val_loss: 0.2673 val_accuracy: 0.9322
Epoch: 27 loss: 0.1681 accuracy: 0.9614 val_loss: 0.2629 val_accuracy: 0.9324
Epoch: 28 loss: 0.1641 accuracy: 0.9624 val_loss: 0.2575 val_accuracy: 0.9396
Epoch: 29 loss: 0.1615 accuracy: 0.9627 val_loss: 0.2755 val_accuracy: 0.9240
Epoch: 30 loss: 0.1591 accuracy: 0.9632 val_loss: 0.2734 val_accuracy: 0.9307
Epoch: 31 loss: 0.1551 accuracy: 0.9645 val_loss: 0.2909 val_accuracy: 0.9203
Epoch: 32 loss: 0.1553 accuracy: 0.9642 val_loss: 0.2497 val_accuracy: 0.9353
Epoch: 33 loss: 0.1521 accuracy: 0.9649 val_loss: 0.2408 val_accuracy: 0.9425
Epoch: 34 loss: 0.1531 accuracy: 0.9644 val_loss: 0.2562 val_accuracy: 0.9327
Epoch: 35 loss: 0.1478 accuracy: 0.9655 val_loss: 0.2500 val_accuracy: 0.9345
Epoch: 36 loss: 0.1442 accuracy: 0.9678 val_loss: 0.2519 val_accuracy: 0.9330
Epoch: 37 loss: 0.1426 accuracy: 0.9669 val_loss: 0.2495 val_accuracy: 0.9355
Epoch: 38 loss: 0.1435 accuracy: 0.9673 val_loss: 0.2532 val_accuracy: 0.9341

Epoch 00038: ReduceLROnPlateau reducing learning rate to 7.999999797903001e-05.
Epoch: 39 loss: 0.1302 accuracy: 0.9723 val_loss: 0.2372 val_accuracy: 0.9437
Epoch: 40 loss: 0.1269 accuracy: 0.9728 val_loss: 0.2499 val_accuracy: 0.9345
Epoch: 41 loss: 0.1248 accuracy: 0.9731 val_loss: 0.2443 val_accuracy: 0.9390
Epoch: 42 loss: 0.1259 accuracy: 0.9731 val_loss: 0.2362 val_accuracy: 0.9449
Epoch: 43 loss: 0.1188 accuracy: 0.9754 val_loss: 0.2328 val_accuracy: 0.9463
Epoch: 44 loss: 0.1198 accuracy: 0.9747 val_loss: 0.2326 val_accuracy: 0.9455
Epoch: 45 loss: 0.1179 accuracy: 0.9753 val_loss: 0.2446 val_accuracy: 0.9418
Epoch: 46 loss: 0.1165 accuracy: 0.9762 val_loss: 0.2460 val_accuracy: 0.9370
Epoch: 47 loss: 0.1133 accuracy: 0.9771 val_loss: 0.2406 val_accuracy: 0.9407
Epoch: 48 loss: 0.1151 accuracy: 0.9761 val_loss: 0.2379 val_accuracy: 0.9462
Epoch: 49 loss: 0.1135 accuracy: 0.9768 val_loss: 0.2331 val_accuracy: 0.9456

Epoch 00049: ReduceLROnPlateau reducing learning rate to 6.399999838322402e-05.
Epoch: 50 loss: 0.1045 accuracy: 0.9809 val_loss: 0.2315 val_accuracy: 0.9465
Epoch: 51 loss: 0.1013 accuracy: 0.9812 val_loss: 0.2448 val_accuracy: 0.9395
Epoch: 52 loss: 0.1005 accuracy: 0.9815 val_loss: 0.2340 val_accuracy: 0.9487
Epoch: 53 loss: 0.0993 accuracy: 0.9815 val_loss: 0.2427 val_accuracy: 0.9492
Epoch: 54 loss: 0.0999 accuracy: 0.9812 val_loss: 0.2494 val_accuracy: 0.9466
Epoch: 55 loss: 0.0984 accuracy: 0.9819 val_loss: 0.2314 val_accuracy: 0.9470

Epoch 00055: ReduceLROnPlateau reducing learning rate to 5.119999987073243e-05.
Epoch: 56 loss: 0.0919 accuracy: 0.9844 val_loss: 0.2398 val_accuracy: 0.9480
Epoch: 57 loss: 0.0906 accuracy: 0.9848 val_loss: 0.2367 val_accuracy: 0.9482
Epoch: 58 loss: 0.0890 accuracy: 0.9852 val_loss: 0.2412 val_accuracy: 0.9466
Epoch: 59 loss: 0.0890 accuracy: 0.9846 val_loss: 0.2394 val_accuracy: 0.9467
Epoch: 60 loss: 0.0868 accuracy: 0.9855 val_loss: 0.2310 val_accuracy: 0.9536
Epoch: 61 loss: 0.0857 accuracy: 0.9857 val_loss: 0.2465 val_accuracy: 0.9454
Epoch: 62 loss: 0.0855 accuracy: 0.9856 val_loss: 0.2450 val_accuracy: 0.9474
Epoch: 63 loss: 0.0840 accuracy: 0.9859 val_loss: 0.2304 val_accuracy: 0.9522
Epoch: 64 loss: 0.0836 accuracy: 0.9861 val_loss: 0.2346 val_accuracy: 0.9496
Epoch: 65 loss: 0.0824 accuracy: 0.9867 val_loss: 0.2418 val_accuracy: 0.9534
Epoch: 66 loss: 0.0828 accuracy: 0.9863 val_loss: 0.2490 val_accuracy: 0.9459
Epoch: 67 loss: 0.0812 accuracy: 0.9864 val_loss: 0.2445 val_accuracy: 0.9483
Epoch: 68 loss: 0.0813 accuracy: 0.9867 val_loss: 0.2460 val_accuracy: 0.9476

Epoch 00068: ReduceLROnPlateau reducing learning rate to 4.0960000478662555e-05.
Epoch: 69 loss: 0.0755 accuracy: 0.9884 val_loss: 0.2387 val_accuracy: 0.9539
Epoch: 70 loss: 0.0745 accuracy: 0.9891 val_loss: 0.2337 val_accuracy: 0.9537
Epoch: 71 loss: 0.0730 accuracy: 0.9896 val_loss: 0.2389 val_accuracy: 0.9533
Epoch: 72 loss: 0.0752 accuracy: 0.9886 val_loss: 0.2381 val_accuracy: 0.9536
Epoch: 73 loss: 0.0726 accuracy: 0.9893 val_loss: 0.2407 val_accuracy: 0.9526

Epoch 00073: ReduceLROnPlateau reducing learning rate to 3.2767999800853435e-05.
End of augmented training
Finish
Job ended!
