Mon 26 Feb 2024 01:37:21 PM EST
Python 3.9.7
nvcc: NVIDIA (R) Cuda compiler driver
Copyright (c) 2005-2019 NVIDIA Corporation
Built on Sun_Jul_28_19:07:16_PDT_2019
Cuda compilation tools, release 10.1, V10.1.243
My SLURM_ARRAY_TASK_ID:  1
DB: ['ISIC2016', 'ISIC2017', 'ISIC2018']
IMG_SIZE: [150, 150]
CLASSIFIER: ResNet50
JOB_INDEX: 1
Combining...
Combining 1 db out of 3 dbs
Combining 2 db out of 3 dbs
Combining 3 db out of 3 dbs
Stacking training images
Stacking training labels
Stacking validation images
Stacking validation labels
Combining...
Combining 1 db out of 3 dbs
Combining 2 db out of 3 dbs
Combining 3 db out of 3 dbs
Stacking training images
Stacking training labels
Stacking validation images
Stacking validation labels
Model: "sequential"
_________________________________________________________________
Layer (type)                 Output Shape              Param #   
=================================================================
resnet50 (Functional)        (None, 2048)              23587712  
_________________________________________________________________
dense (Dense)                (None, 512)               1049088   
_________________________________________________________________
dropout (Dropout)            (None, 512)               0         
_________________________________________________________________
batch_normalization (BatchNo (None, 512)               2048      
_________________________________________________________________
dense_1 (Dense)              (None, 256)               131328    
_________________________________________________________________
dropout_1 (Dropout)          (None, 256)               0         
_________________________________________________________________
batch_normalization_1 (Batch (None, 256)               1024      
_________________________________________________________________
dense_2 (Dense)              (None, 2)                 514       
=================================================================
Total params: 24,771,714
Trainable params: 1,182,466
Non-trainable params: 23,589,248
_________________________________________________________________
Fitting ISIC2016+ISIC2017+ISIC2018_noaug_ResNet50_150h_150w_1 model...
Epoch: 1 loss: 0.7480 accuracy: 0.6124 val_loss: 0.5103 val_accuracy: 0.8260
Epoch: 2 loss: 0.5250 accuracy: 0.7570 val_loss: 0.4326 val_accuracy: 0.8337
Epoch: 3 loss: 0.4503 accuracy: 0.8222 val_loss: 0.4331 val_accuracy: 0.8337
Epoch: 4 loss: 0.4247 accuracy: 0.8430 val_loss: 0.4462 val_accuracy: 0.8317
Epoch: 5 loss: 0.4151 accuracy: 0.8506 val_loss: 0.4697 val_accuracy: 0.8375
Epoch: 6 loss: 0.4124 accuracy: 0.8572 val_loss: 0.4567 val_accuracy: 0.8337
Epoch: 7 loss: 0.3902 accuracy: 0.8632 val_loss: 0.4928 val_accuracy: 0.8337
Epoch: 8 loss: 0.3750 accuracy: 0.8643 val_loss: 0.4374 val_accuracy: 0.8375
Epoch: 9 loss: 0.3699 accuracy: 0.8708 val_loss: 0.4426 val_accuracy: 0.8337
Epoch: 10 loss: 0.3633 accuracy: 0.8725 val_loss: 0.4379 val_accuracy: 0.8337
Epoch: 11 loss: 0.3609 accuracy: 0.8723 val_loss: 0.4479 val_accuracy: 0.8337
Epoch: 12 loss: 0.3570 accuracy: 0.8725 val_loss: 0.4295 val_accuracy: 0.8337
Epoch: 13 loss: 0.3552 accuracy: 0.8727 val_loss: 0.4291 val_accuracy: 0.8337
Epoch: 14 loss: 0.3526 accuracy: 0.8724 val_loss: 0.4304 val_accuracy: 0.8337
Epoch: 15 loss: 0.3530 accuracy: 0.8724 val_loss: 0.4755 val_accuracy: 0.8337
Epoch: 16 loss: 0.3530 accuracy: 0.8728 val_loss: 0.4497 val_accuracy: 0.8337
Epoch: 17 loss: 0.3697 accuracy: 0.8724 val_loss: 0.4573 val_accuracy: 0.8337
Epoch: 18 loss: 0.3824 accuracy: 0.8725 val_loss: 0.4564 val_accuracy: 0.8337
Epoch: 19 loss: 0.3822 accuracy: 0.8724 val_loss: 0.4559 val_accuracy: 0.8337
Epoch: 20 loss: 0.3820 accuracy: 0.8723 val_loss: 0.4569 val_accuracy: 0.8337
Fitting ISIC2016+ISIC2017+ISIC2018_aug_ResNet50_150h_150w_1 model...
Epoch: 1 loss: 0.6080 accuracy: 0.7058 val_loss: 0.6054 val_accuracy: 0.7878
Epoch: 2 loss: 0.5664 accuracy: 0.7066 val_loss: 0.5751 val_accuracy: 0.8337
Epoch: 3 loss: 0.5488 accuracy: 0.7053 val_loss: 0.5447 val_accuracy: 0.8337
Epoch: 4 loss: 0.5464 accuracy: 0.7081 val_loss: 0.5107 val_accuracy: 0.7839
Epoch: 5 loss: 0.5427 accuracy: 0.7123 val_loss: 0.5322 val_accuracy: 0.8337
Epoch: 6 loss: 0.5373 accuracy: 0.7099 val_loss: 0.6047 val_accuracy: 0.6807
Epoch: 7 loss: 0.5347 accuracy: 0.7167 val_loss: 0.6115 val_accuracy: 0.6252
Epoch: 8 loss: 0.5315 accuracy: 0.7194 val_loss: 0.6031 val_accuracy: 0.6195
Epoch: 9 loss: 0.5280 accuracy: 0.7209 val_loss: 0.5149 val_accuracy: 0.6960
Epoch: 10 loss: 0.5271 accuracy: 0.7273 val_loss: 0.5441 val_accuracy: 0.6482
Epoch: 11 loss: 0.5262 accuracy: 0.7227 val_loss: 0.5276 val_accuracy: 0.6883
Epoch: 12 loss: 0.5238 accuracy: 0.7252 val_loss: 0.4912 val_accuracy: 0.7400
Epoch: 13 loss: 0.5230 accuracy: 0.7278 val_loss: 0.4898 val_accuracy: 0.7476
Epoch: 14 loss: 0.5193 accuracy: 0.7331 val_loss: 0.4705 val_accuracy: 0.7591
Epoch: 15 loss: 0.5197 accuracy: 0.7300 val_loss: 0.6099 val_accuracy: 0.6004
Epoch: 16 loss: 0.5174 accuracy: 0.7353 val_loss: 0.6272 val_accuracy: 0.5545
Epoch: 17 loss: 0.5164 accuracy: 0.7338 val_loss: 0.5959 val_accuracy: 0.5717
Epoch: 18 loss: 0.5167 accuracy: 0.7342 val_loss: 0.5522 val_accuracy: 0.6520
Epoch: 19 loss: 0.5700 accuracy: 0.7182 val_loss: 0.6141 val_accuracy: 0.8337
Epoch: 20 loss: 0.6052 accuracy: 0.7070 val_loss: 0.4961 val_accuracy: 0.8337
Job ended!
