Mon 26 Feb 2024 01:51:51 AM EST
Python 3.9.7
nvcc: NVIDIA (R) Cuda compiler driver
Copyright (c) 2005-2019 NVIDIA Corporation
Built on Sun_Jul_28_19:07:16_PDT_2019
Cuda compilation tools, release 10.1, V10.1.243
My SLURM_ARRAY_TASK_ID:  1
DB: ['ISIC2016', '_7_point_criteria']
IMG_SIZE: [150, 150]
CLASSIFIER: ResNet50
JOB_INDEX: 1
Combining...
Combining 1 db out of 2 dbs
Combining 2 db out of 2 dbs
Stacking training images
Stacking training labels
Stacking validation images
Stacking validation labels
Combining...
Combining 1 db out of 2 dbs
Combining 2 db out of 2 dbs
Stacking training images
Stacking training labels
Stacking validation images
Stacking validation labels
Model: "sequential"
_________________________________________________________________
Layer (type)                 Output Shape              Param #   
=================================================================
resnet50 (Functional)        (None, 2048)              23587712  
_________________________________________________________________
dense (Dense)                (None, 512)               1049088   
_________________________________________________________________
dropout (Dropout)            (None, 512)               0         
_________________________________________________________________
batch_normalization (BatchNo (None, 512)               2048      
_________________________________________________________________
dense_1 (Dense)              (None, 256)               131328    
_________________________________________________________________
dropout_1 (Dropout)          (None, 256)               0         
_________________________________________________________________
batch_normalization_1 (Batch (None, 256)               1024      
_________________________________________________________________
dense_2 (Dense)              (None, 2)                 514       
=================================================================
Total params: 24,771,714
Trainable params: 1,182,466
Non-trainable params: 23,589,248
_________________________________________________________________
Fitting ISIC2016+_7_point_criteria_noaug_ResNet50_150h_150w_1 model...
Epoch: 1 loss: 0.9730 accuracy: 0.5286 val_loss: 0.8221 val_accuracy: 0.4204
Epoch: 2 loss: 0.8823 accuracy: 0.5713 val_loss: 0.5517 val_accuracy: 0.7258
Epoch: 3 loss: 0.8650 accuracy: 0.5649 val_loss: 0.5307 val_accuracy: 0.7676
Epoch: 4 loss: 0.8359 accuracy: 0.5777 val_loss: 0.5391 val_accuracy: 0.7546
Epoch: 5 loss: 0.7678 accuracy: 0.5976 val_loss: 0.4942 val_accuracy: 0.7702
Epoch: 6 loss: 0.7729 accuracy: 0.6094 val_loss: 0.4986 val_accuracy: 0.7598
Epoch: 7 loss: 0.7677 accuracy: 0.6040 val_loss: 0.5019 val_accuracy: 0.7781
Epoch: 8 loss: 0.7511 accuracy: 0.6067 val_loss: 0.5575 val_accuracy: 0.7598
Epoch: 9 loss: 0.6698 accuracy: 0.6612 val_loss: 0.5693 val_accuracy: 0.7493
Epoch: 10 loss: 0.6950 accuracy: 0.6403 val_loss: 0.6305 val_accuracy: 0.6031
Epoch: 11 loss: 0.6399 accuracy: 0.6757 val_loss: 0.7104 val_accuracy: 0.5144
Epoch: 12 loss: 0.6695 accuracy: 0.6612 val_loss: 0.6494 val_accuracy: 0.6815
Epoch: 13 loss: 0.6219 accuracy: 0.6848 val_loss: 0.5739 val_accuracy: 0.7232
Epoch: 14 loss: 0.6395 accuracy: 0.6885 val_loss: 0.6151 val_accuracy: 0.7206
Epoch: 15 loss: 0.6200 accuracy: 0.6930 val_loss: 0.5357 val_accuracy: 0.7598
Epoch: 16 loss: 0.5987 accuracy: 0.6876 val_loss: 0.5420 val_accuracy: 0.7598
Epoch: 17 loss: 0.5986 accuracy: 0.7148 val_loss: 0.5420 val_accuracy: 0.7598
Epoch: 18 loss: 0.5916 accuracy: 0.7257 val_loss: 0.5066 val_accuracy: 0.7676
Epoch: 19 loss: 0.5742 accuracy: 0.7348 val_loss: 0.5066 val_accuracy: 0.7546
Epoch: 20 loss: 0.5721 accuracy: 0.7439 val_loss: 0.5081 val_accuracy: 0.7572
Fitting ISIC2016+_7_point_criteria_aug_ResNet50_150h_150w_1 model...
Epoch: 1 loss: 0.8047 accuracy: 0.6181 val_loss: 0.6301 val_accuracy: 0.7363
Epoch: 2 loss: 0.7713 accuracy: 0.6069 val_loss: 0.6765 val_accuracy: 0.7520
Epoch: 3 loss: 0.7916 accuracy: 0.5985 val_loss: 0.5970 val_accuracy: 0.7520
Epoch: 4 loss: 0.7683 accuracy: 0.6069 val_loss: 0.6672 val_accuracy: 0.7493
Epoch: 5 loss: 0.7394 accuracy: 0.6137 val_loss: 0.5765 val_accuracy: 0.7572
Epoch: 6 loss: 0.7614 accuracy: 0.6036 val_loss: 0.6436 val_accuracy: 0.5587
Epoch: 7 loss: 0.7375 accuracy: 0.6243 val_loss: 0.5492 val_accuracy: 0.7624
Epoch: 8 loss: 0.7340 accuracy: 0.6142 val_loss: 0.5284 val_accuracy: 0.7598
Epoch: 9 loss: 0.7113 accuracy: 0.6159 val_loss: 0.5733 val_accuracy: 0.7311
Epoch: 10 loss: 0.7124 accuracy: 0.6254 val_loss: 0.5515 val_accuracy: 0.7572
Epoch: 11 loss: 0.7290 accuracy: 0.6041 val_loss: 0.5497 val_accuracy: 0.7546
Epoch: 12 loss: 0.7366 accuracy: 0.6019 val_loss: 0.5867 val_accuracy: 0.7441
Epoch: 13 loss: 0.7286 accuracy: 0.6075 val_loss: 0.5675 val_accuracy: 0.7520
Epoch: 14 loss: 0.7181 accuracy: 0.6025 val_loss: 0.5926 val_accuracy: 0.7337
Epoch: 15 loss: 0.7347 accuracy: 0.6036 val_loss: 0.6437 val_accuracy: 0.6162
Epoch: 16 loss: 0.7088 accuracy: 0.5974 val_loss: 0.6341 val_accuracy: 0.6893
Epoch: 17 loss: 0.7256 accuracy: 0.6086 val_loss: 1.0792 val_accuracy: 0.2977
Epoch: 18 loss: 0.6953 accuracy: 0.6075 val_loss: 0.7651 val_accuracy: 0.3838
Epoch: 19 loss: 0.6800 accuracy: 0.6338 val_loss: 0.7186 val_accuracy: 0.3890
Epoch: 20 loss: 0.7116 accuracy: 0.6105 val_loss: 0.6187 val_accuracy: 0.7154
Job ended!
