DB: ['ISIC2017']
CLASSIFIER: MobileNetV3Small
JOB_INDEX: None
Start training ISIC2017_MobileNetV3Small
Combining...
Combining 1th db out of 1 dbs
Stacking data
Combining complete
Epoch 0/29
----------
Train Loss: 0.6622 Acc: 0.6050
Val Loss: 0.5700 Acc: 0.7067

Epoch 1/29
----------
Train Loss: 0.6056 Acc: 0.6655
Val Loss: 0.5305 Acc: 0.7267

Epoch 2/29
----------
Train Loss: 0.5789 Acc: 0.7035
Val Loss: 0.5226 Acc: 0.7333

Epoch 3/29
----------
Train Loss: 0.5618 Acc: 0.6965
Val Loss: 0.5381 Acc: 0.7067

Epoch 4/29
----------
Train Loss: 0.5555 Acc: 0.7110
Val Loss: 0.4958 Acc: 0.7467

Epoch 5/29
----------
Train Loss: 0.5358 Acc: 0.7210
Val Loss: 0.4621 Acc: 0.7867

Epoch 6/29
----------
Train Loss: 0.5563 Acc: 0.7035
Val Loss: 0.4282 Acc: 0.8000

Epoch 7/29
----------
Train Loss: 0.5326 Acc: 0.7150
Val Loss: 0.4534 Acc: 0.8000

Epoch 8/29
----------
Train Loss: 0.5196 Acc: 0.7335
Val Loss: 0.4696 Acc: 0.8000

Epoch 9/29
----------
Train Loss: 0.5281 Acc: 0.7205
Val Loss: 0.4781 Acc: 0.7733

Epoch 10/29
----------
Train Loss: 0.5600 Acc: 0.7055
Val Loss: 0.4850 Acc: 0.7667

Epoch 11/29
----------
Train Loss: 0.5244 Acc: 0.7285
Val Loss: 0.4889 Acc: 0.7667

Epoch 12/29
----------
Train Loss: 0.5242 Acc: 0.7280
Val Loss: 0.4946 Acc: 0.7600

Epoch 13/29
----------
Train Loss: 0.5206 Acc: 0.7355
Val Loss: 0.4885 Acc: 0.7667

Epoch 14/29
----------
Train Loss: 0.5433 Acc: 0.7145
Val Loss: 0.4855 Acc: 0.7733

Epoch 15/29
----------
Train Loss: 0.5587 Acc: 0.6850
Val Loss: 0.4850 Acc: 0.7733

Epoch 16/29
----------
Train Loss: 0.5180 Acc: 0.7290
Val Loss: 0.4906 Acc: 0.7667

Epoch 17/29
----------
Train Loss: 0.5335 Acc: 0.7175
Val Loss: 0.4936 Acc: 0.7600

Epoch 18/29
----------
Train Loss: 0.5405 Acc: 0.7175
Val Loss: 0.4959 Acc: 0.7733

Epoch 19/29
----------
Train Loss: 0.5200 Acc: 0.7290
Val Loss: 0.4913 Acc: 0.7667

Epoch 20/29
----------
Train Loss: 0.5179 Acc: 0.7305
Val Loss: 0.4886 Acc: 0.7667

Epoch 21/29
----------
Train Loss: 0.5239 Acc: 0.7320
Val Loss: 0.4857 Acc: 0.7667

Epoch 22/29
----------
Train Loss: 0.5379 Acc: 0.7135
Val Loss: 0.4864 Acc: 0.7667

Epoch 23/29
----------
Train Loss: 0.5209 Acc: 0.7430
Val Loss: 0.4924 Acc: 0.7600

Epoch 24/29
----------
Train Loss: 0.4998 Acc: 0.7525
Val Loss: 0.4890 Acc: 0.7667

Epoch 25/29
----------
Train Loss: 0.5106 Acc: 0.7445
Val Loss: 0.4890 Acc: 0.7667

Epoch 26/29
----------
Train Loss: 0.5380 Acc: 0.7145
Val Loss: 0.4854 Acc: 0.7667

Epoch 27/29
----------
Train Loss: 0.5342 Acc: 0.7185
Val Loss: 0.4878 Acc: 0.7667

Epoch 28/29
----------
Train Loss: 0.5144 Acc: 0.7335
Val Loss: 0.4897 Acc: 0.7667

Epoch 29/29
----------
Train Loss: 0.5162 Acc: 0.7330
Val Loss: 0.4869 Acc: 0.7667

Training complete in 21m 19s
Best val Acc: 0.800000
Finished training ISIC2017_MobileNetV3Small
