Fri 01 Mar 2024 04:40:13 PM EST
Python 3.9.7
nvcc: NVIDIA (R) Cuda compiler driver
Copyright (c) 2005-2019 NVIDIA Corporation
Built on Sun_Jul_28_19:07:16_PDT_2019
Cuda compilation tools, release 10.1, V10.1.243
My SLURM_ARRAY_TASK_ID: 
DB: ['ISIC2016', 'ISIC2017', 'ISIC2018', 'ISIC2019', 'PH2', '_7_point_criteria']
IMG_SIZE: [150, 150]
CLASSIFIER: InceptionV3
SELF_AUG: 1
JOB_INDEX: None
Combining...
Combining 1 db out of 6 dbs
Combining 2 db out of 6 dbs
Combining 3 db out of 6 dbs
Combining 4 db out of 6 dbs
Combining 5 db out of 6 dbs
Combining 6 db out of 6 dbs
Stacking training images
Stacking training labels
Stacking validation images
Stacking validation labels
Model: "sequential"
_________________________________________________________________
Layer (type)                 Output Shape              Param #   
=================================================================
inception_v3 (Functional)    (None, 2048)              21802784  
_________________________________________________________________
dense (Dense)                (None, 512)               1049088   
_________________________________________________________________
dropout (Dropout)            (None, 512)               0         
_________________________________________________________________
batch_normalization_94 (Batc (None, 512)               2048      
_________________________________________________________________
dense_1 (Dense)              (None, 256)               131328    
_________________________________________________________________
dropout_1 (Dropout)          (None, 256)               0         
_________________________________________________________________
batch_normalization_95 (Batc (None, 256)               1024      
_________________________________________________________________
dense_2 (Dense)              (None, 2)                 514       
=================================================================
Total params: 22,986,786
Trainable params: 1,182,466
Non-trainable params: 21,804,320
_________________________________________________________________
Fitting ISIC2016+ISIC2017+ISIC2018+ISIC2019+PH2+_7_point_criteria_aug_InceptionV3_150h_150w_None model...
model_name: ISIC2016+ISIC2017+ISIC2018+ISIC2019+PH2+_7_point_criteria_aug_InceptionV3_150h_150w_None
Epoch: 1 loss: 0.6049 accuracy: 0.7106 val_loss: 0.4056 val_accuracy: 0.8319
Epoch: 2 loss: 0.5100 accuracy: 0.7567 val_loss: 0.4005 val_accuracy: 0.8341
Epoch: 3 loss: 0.4806 accuracy: 0.7707 val_loss: 0.3936 val_accuracy: 0.8334
Epoch: 4 loss: 0.4562 accuracy: 0.7854 val_loss: 0.3813 val_accuracy: 0.8460
Epoch: 5 loss: 0.4426 accuracy: 0.7928 val_loss: 0.3704 val_accuracy: 0.8448
Epoch: 6 loss: 0.4263 accuracy: 0.8014 val_loss: 0.3882 val_accuracy: 0.8367
Epoch: 7 loss: 0.4126 accuracy: 0.8107 val_loss: 0.3724 val_accuracy: 0.8450
Epoch: 8 loss: 0.3991 accuracy: 0.8185 val_loss: 0.3607 val_accuracy: 0.8541
Epoch: 9 loss: 0.3894 accuracy: 0.8248 val_loss: 0.3652 val_accuracy: 0.8446
Epoch: 10 loss: 0.3750 accuracy: 0.8296 val_loss: 0.3868 val_accuracy: 0.8329
Epoch: 11 loss: 0.3618 accuracy: 0.8383 val_loss: 0.3585 val_accuracy: 0.8553
Epoch: 12 loss: 0.3480 accuracy: 0.8455 val_loss: 0.3498 val_accuracy: 0.8593
Epoch: 13 loss: 0.3359 accuracy: 0.8537 val_loss: 0.3741 val_accuracy: 0.8381
Epoch: 14 loss: 0.3232 accuracy: 0.8616 val_loss: 0.3685 val_accuracy: 0.8571
Epoch: 15 loss: 0.3141 accuracy: 0.8630 val_loss: 0.3626 val_accuracy: 0.8498
Epoch: 16 loss: 0.3025 accuracy: 0.8698 val_loss: 0.3674 val_accuracy: 0.8528
Epoch: 17 loss: 0.2951 accuracy: 0.8748 val_loss: 0.3666 val_accuracy: 0.8548
Epoch: 18 loss: 0.2854 accuracy: 0.8796 val_loss: 0.4236 val_accuracy: 0.8339
Epoch: 19 loss: 0.2753 accuracy: 0.8834 val_loss: 0.3622 val_accuracy: 0.8560
Epoch: 20 loss: 0.2725 accuracy: 0.8845 val_loss: 0.3715 val_accuracy: 0.8595
Job ended!
