Tue 27 Feb 2024 08:35:43 PM EST
Python 3.9.7
nvcc: NVIDIA (R) Cuda compiler driver
Copyright (c) 2005-2019 NVIDIA Corporation
Built on Sun_Jul_28_19:07:16_PDT_2019
Cuda compilation tools, release 10.1, V10.1.243
My SLURM_ARRAY_TASK_ID: 
DB: ['ISIC2016', 'ISIC2017', 'ISIC2018', 'ISIC2019', '_7_point_criteria', 'PAD_UFES_20']
IMG_SIZE: [150, 150]
CLASSIFIER: InceptionV3
SELF_AUG: 1
JOB_INDEX: None
Combining...
Combining 1 db out of 6 dbs
Combining 2 db out of 6 dbs
Combining 3 db out of 6 dbs
Combining 4 db out of 6 dbs
Combining 5 db out of 6 dbs
Combining 6 db out of 6 dbs
Stacking training images
Stacking training labels
Stacking validation images
Stacking validation labels
Model: "sequential"
_________________________________________________________________
Layer (type)                 Output Shape              Param #   
=================================================================
inception_v3 (Functional)    (None, 2048)              21802784  
_________________________________________________________________
dense (Dense)                (None, 512)               1049088   
_________________________________________________________________
dropout (Dropout)            (None, 512)               0         
_________________________________________________________________
batch_normalization_94 (Batc (None, 512)               2048      
_________________________________________________________________
dense_1 (Dense)              (None, 256)               131328    
_________________________________________________________________
dropout_1 (Dropout)          (None, 256)               0         
_________________________________________________________________
batch_normalization_95 (Batc (None, 256)               1024      
_________________________________________________________________
dense_2 (Dense)              (None, 2)                 514       
=================================================================
Total params: 22,986,786
Trainable params: 1,182,466
Non-trainable params: 21,804,320
_________________________________________________________________
Fitting ISIC2016+ISIC2017+ISIC2018+ISIC2019+_7_point_criteria+PAD_UFES_20_aug_InceptionV3_150h_150w_None model...
model_name: ISIC2016+ISIC2017+ISIC2018+ISIC2019+_7_point_criteria+PAD_UFES_20_aug_InceptionV3_150h_150w_None
Epoch: 1 loss: 0.6016 accuracy: 0.6720 val_loss: 0.4985 val_accuracy: 0.8359
Epoch: 2 loss: 0.5859 accuracy: 0.6868 val_loss: 0.4815 val_accuracy: 0.8193
Epoch: 3 loss: 0.5775 accuracy: 0.6931 val_loss: 0.5204 val_accuracy: 0.8266
Epoch: 4 loss: 0.5693 accuracy: 0.6991 val_loss: 0.5065 val_accuracy: 0.7875
Epoch: 5 loss: 0.5637 accuracy: 0.7056 val_loss: 0.5018 val_accuracy: 0.7812
Epoch: 6 loss: 0.5585 accuracy: 0.7081 val_loss: 0.5599 val_accuracy: 0.7064
Epoch: 7 loss: 0.5516 accuracy: 0.7124 val_loss: 0.5100 val_accuracy: 0.7643
Epoch: 8 loss: 0.5469 accuracy: 0.7167 val_loss: 0.4473 val_accuracy: 0.8199
Epoch: 9 loss: 0.5432 accuracy: 0.7152 val_loss: 0.4353 val_accuracy: 0.8310
Epoch: 10 loss: 0.5377 accuracy: 0.7225 val_loss: 0.4613 val_accuracy: 0.8204
Epoch: 11 loss: 0.5362 accuracy: 0.7229 val_loss: 0.5027 val_accuracy: 0.8031
Epoch: 12 loss: 0.5375 accuracy: 0.7198 val_loss: 0.5562 val_accuracy: 0.6725
Epoch: 13 loss: 0.5337 accuracy: 0.7224 val_loss: 0.4813 val_accuracy: 0.7971
Epoch: 14 loss: 0.5345 accuracy: 0.7214 val_loss: 0.7093 val_accuracy: 0.4499
Epoch: 15 loss: 0.5292 accuracy: 0.7257 val_loss: 0.5729 val_accuracy: 0.6766
Epoch: 16 loss: 0.5302 accuracy: 0.7240 val_loss: 0.4567 val_accuracy: 0.8207
Epoch: 17 loss: 0.5303 accuracy: 0.7240 val_loss: 0.5046 val_accuracy: 0.7724
Epoch: 18 loss: 0.5288 accuracy: 0.7291 val_loss: 0.5926 val_accuracy: 0.6346
Epoch: 19 loss: 0.5256 accuracy: 0.7311 val_loss: 0.5549 val_accuracy: 0.7604
Epoch: 20 loss: 0.5247 accuracy: 0.7315 val_loss: 0.6516 val_accuracy: 0.5938
Job ended!
