Tue 27 Feb 2024 09:35:56 PM EST
Python 3.9.7
nvcc: NVIDIA (R) Cuda compiler driver
Copyright (c) 2005-2019 NVIDIA Corporation
Built on Sun_Jul_28_19:07:16_PDT_2019
Cuda compilation tools, release 10.1, V10.1.243
My SLURM_ARRAY_TASK_ID: 
DB: ['ISIC2016', 'ISIC2017', 'ISIC2018', 'PH2', '_7_point_criteria']
IMG_SIZE: [150, 150]
CLASSIFIER: InceptionV3
SELF_AUG: 1
JOB_INDEX: None
Combining...
Combining 1 db out of 5 dbs
Combining 2 db out of 5 dbs
Combining 3 db out of 5 dbs
Combining 4 db out of 5 dbs
Combining 5 db out of 5 dbs
Stacking training images
Stacking training labels
Stacking validation images
Stacking validation labels
Model: "sequential"
_________________________________________________________________
Layer (type)                 Output Shape              Param #   
=================================================================
inception_v3 (Functional)    (None, 2048)              21802784  
_________________________________________________________________
dense (Dense)                (None, 512)               1049088   
_________________________________________________________________
dropout (Dropout)            (None, 512)               0         
_________________________________________________________________
batch_normalization_94 (Batc (None, 512)               2048      
_________________________________________________________________
dense_1 (Dense)              (None, 256)               131328    
_________________________________________________________________
dropout_1 (Dropout)          (None, 256)               0         
_________________________________________________________________
batch_normalization_95 (Batc (None, 256)               1024      
_________________________________________________________________
dense_2 (Dense)              (None, 2)                 514       
=================================================================
Total params: 22,986,786
Trainable params: 1,182,466
Non-trainable params: 21,804,320
_________________________________________________________________
Fitting ISIC2016+ISIC2017+ISIC2018+PH2+_7_point_criteria_aug_InceptionV3_150h_150w_None model...
model_name: ISIC2016+ISIC2017+ISIC2018+PH2+_7_point_criteria_aug_InceptionV3_150h_150w_None
Epoch: 1 loss: 0.6006 accuracy: 0.6842 val_loss: 0.5141 val_accuracy: 0.7961
Epoch: 2 loss: 0.5578 accuracy: 0.7181 val_loss: 0.4962 val_accuracy: 0.7975
Epoch: 3 loss: 0.5434 accuracy: 0.7255 val_loss: 0.5163 val_accuracy: 0.7796
Epoch: 4 loss: 0.5439 accuracy: 0.7252 val_loss: 0.5640 val_accuracy: 0.7259
Epoch: 5 loss: 0.5306 accuracy: 0.7311 val_loss: 0.5093 val_accuracy: 0.7576
Epoch: 6 loss: 0.5258 accuracy: 0.7366 val_loss: 0.4866 val_accuracy: 0.8003
Epoch: 7 loss: 0.5245 accuracy: 0.7363 val_loss: 0.5303 val_accuracy: 0.7369
Epoch: 8 loss: 0.5211 accuracy: 0.7356 val_loss: 0.5424 val_accuracy: 0.7025
Epoch: 9 loss: 0.5186 accuracy: 0.7387 val_loss: 0.5415 val_accuracy: 0.7300
Epoch: 10 loss: 0.5180 accuracy: 0.7434 val_loss: 0.4706 val_accuracy: 0.7975
Epoch: 11 loss: 0.5165 accuracy: 0.7444 val_loss: 0.4869 val_accuracy: 0.7810
Epoch: 12 loss: 0.5127 accuracy: 0.7475 val_loss: 0.4971 val_accuracy: 0.7989
Epoch: 13 loss: 0.5198 accuracy: 0.7425 val_loss: 0.4676 val_accuracy: 0.7989
Epoch: 14 loss: 0.5138 accuracy: 0.7471 val_loss: 0.5740 val_accuracy: 0.7011
Epoch: 15 loss: 0.5109 accuracy: 0.7476 val_loss: 0.4835 val_accuracy: 0.7727
Epoch: 16 loss: 0.5068 accuracy: 0.7517 val_loss: 0.4955 val_accuracy: 0.7617
Epoch: 17 loss: 0.5044 accuracy: 0.7525 val_loss: 0.4990 val_accuracy: 0.7658
Epoch: 18 loss: 0.5031 accuracy: 0.7547 val_loss: 0.5307 val_accuracy: 0.7645
Epoch: 19 loss: 0.5021 accuracy: 0.7547 val_loss: 0.4560 val_accuracy: 0.8058
Epoch: 20 loss: 0.4980 accuracy: 0.7590 val_loss: 0.4772 val_accuracy: 0.7824
Job ended!
