Fri 01 Mar 2024 03:50:44 PM EST
Python 3.9.7
nvcc: NVIDIA (R) Cuda compiler driver
Copyright (c) 2005-2019 NVIDIA Corporation
Built on Sun_Jul_28_19:07:16_PDT_2019
Cuda compilation tools, release 10.1, V10.1.243
My SLURM_ARRAY_TASK_ID: 
DB: ['ISIC2016', '_7_point_criteria']
IMG_SIZE: [150, 150]
CLASSIFIER: InceptionV3
SELF_AUG: 1
JOB_INDEX: None
Combining...
Combining 1 db out of 2 dbs
Combining 2 db out of 2 dbs
Stacking training images
Stacking training labels
Stacking validation images
Stacking validation labels
Model: "sequential"
_________________________________________________________________
Layer (type)                 Output Shape              Param #   
=================================================================
inception_v3 (Functional)    (None, 2048)              21802784  
_________________________________________________________________
dense (Dense)                (None, 512)               1049088   
_________________________________________________________________
dropout (Dropout)            (None, 512)               0         
_________________________________________________________________
batch_normalization_94 (Batc (None, 512)               2048      
_________________________________________________________________
dense_1 (Dense)              (None, 256)               131328    
_________________________________________________________________
dropout_1 (Dropout)          (None, 256)               0         
_________________________________________________________________
batch_normalization_95 (Batc (None, 256)               1024      
_________________________________________________________________
dense_2 (Dense)              (None, 2)                 514       
=================================================================
Total params: 22,986,786
Trainable params: 1,182,466
Non-trainable params: 21,804,320
_________________________________________________________________
Fitting ISIC2016+_7_point_criteria_aug_InceptionV3_150h_150w_None model...
model_name: ISIC2016+_7_point_criteria_aug_InceptionV3_150h_150w_None
Epoch: 1 loss: 0.8440 accuracy: 0.6109 val_loss: 0.5350 val_accuracy: 0.7363
Epoch: 2 loss: 0.6137 accuracy: 0.7094 val_loss: 0.5313 val_accuracy: 0.7493
Epoch: 3 loss: 0.5471 accuracy: 0.7357 val_loss: 0.5414 val_accuracy: 0.7624
Epoch: 4 loss: 0.4935 accuracy: 0.7654 val_loss: 0.5318 val_accuracy: 0.7702
Epoch: 5 loss: 0.4343 accuracy: 0.8029 val_loss: 0.5521 val_accuracy: 0.7598
Epoch: 6 loss: 0.3995 accuracy: 0.8203 val_loss: 0.5411 val_accuracy: 0.7676
Epoch: 7 loss: 0.3416 accuracy: 0.8494 val_loss: 0.5527 val_accuracy: 0.7676
Epoch: 8 loss: 0.3219 accuracy: 0.8673 val_loss: 0.5837 val_accuracy: 0.7859
Epoch: 9 loss: 0.3100 accuracy: 0.8707 val_loss: 0.6017 val_accuracy: 0.7624
Epoch: 10 loss: 0.2735 accuracy: 0.8869 val_loss: 0.6310 val_accuracy: 0.7755
Epoch: 11 loss: 0.2562 accuracy: 0.8875 val_loss: 0.5924 val_accuracy: 0.7937
Epoch: 12 loss: 0.2247 accuracy: 0.9099 val_loss: 0.6005 val_accuracy: 0.7728
Epoch: 13 loss: 0.2133 accuracy: 0.9177 val_loss: 0.6089 val_accuracy: 0.7937
Epoch: 14 loss: 0.1715 accuracy: 0.9362 val_loss: 0.6346 val_accuracy: 0.7755
Epoch: 15 loss: 0.1500 accuracy: 0.9462 val_loss: 0.6498 val_accuracy: 0.7546
Epoch: 16 loss: 0.1481 accuracy: 0.9490 val_loss: 0.6992 val_accuracy: 0.7833
Epoch: 17 loss: 0.1398 accuracy: 0.9474 val_loss: 0.6838 val_accuracy: 0.7676
Epoch: 18 loss: 0.1128 accuracy: 0.9619 val_loss: 0.6849 val_accuracy: 0.7546
Epoch: 19 loss: 0.1278 accuracy: 0.9552 val_loss: 0.6871 val_accuracy: 0.7572
Epoch: 20 loss: 0.1116 accuracy: 0.9597 val_loss: 0.7627 val_accuracy: 0.7885
Job ended!
