Thu 02 May 2024 05:48:19 PM EDT
Python 3.9.7
nvcc: NVIDIA (R) Cuda compiler driver
Copyright (c) 2005-2019 NVIDIA Corporation
Built on Sun_Jul_28_19:07:16_PDT_2019
Cuda compilation tools, release 10.1, V10.1.243
My SLURM_ARRAY_TASK_ID: 
DB: ['ISIC2016', 'ISIC2017', 'ISIC2018', 'ISIC2019', 'ISIC2020', 'PH2', 'MEDNODE', 'KaggleMB']
IMG_SIZE: [384, 384]
CLASSIFIER: EfficientNetB0
JOB_INDEX: None
Start training augmented images
Combining...
Combining 1th db out of 8 dbs
Combining 2th db out of 8 dbs
Combining 3th db out of 8 dbs
Combining 4th db out of 8 dbs
Combining 5th db out of 8 dbs
Combining 6th db out of 8 dbs
Combining 7th db out of 8 dbs
Combining 8th db out of 8 dbs
Stacking data
Combining complete
Model: "sequential"
_________________________________________________________________
Layer (type)                 Output Shape              Param #   
=================================================================
efficientnetb0 (Functional)  (None, 1280)              4049571   
_________________________________________________________________
dense (Dense)                (None, 512)               655872    
_________________________________________________________________
dropout (Dropout)            (None, 512)               0         
_________________________________________________________________
batch_normalization (BatchNo (None, 512)               2048      
_________________________________________________________________
dense_1 (Dense)              (None, 256)               131328    
_________________________________________________________________
batch_normalization_1 (Batch (None, 256)               1024      
_________________________________________________________________
dense_2 (Dense)              (None, 2)                 514       
=================================================================
Total params: 4,840,357
Trainable params: 789,250
Non-trainable params: 4,051,107
_________________________________________________________________
Fitting ISIC2016+ISIC2017+ISIC2018+ISIC2019+ISIC2020+PH2+MEDNODE+KaggleMB_aug_EfficientNetB0_384h_384w_None model...
model_name: ISIC2016+ISIC2017+ISIC2018+ISIC2019+ISIC2020+PH2+MEDNODE+KaggleMB_aug_EfficientNetB0_384h_384w_None
Epoch: 1 loss: 1.0184 accuracy: 0.6415 val_loss: 0.6473 val_accuracy: 0.8941
Epoch: 2 loss: 0.8568 accuracy: 0.6930 val_loss: 0.6856 val_accuracy: 0.8941
Epoch: 3 loss: 0.7743 accuracy: 0.7072 val_loss: 0.5452 val_accuracy: 0.8941
Epoch: 4 loss: 0.7122 accuracy: 0.7115 val_loss: 0.4410 val_accuracy: 0.8941
Epoch: 5 loss: 0.6731 accuracy: 0.7087 val_loss: 0.5109 val_accuracy: 0.8941
Epoch: 6 loss: 0.6469 accuracy: 0.7091 val_loss: 0.4527 val_accuracy: 0.8941
Epoch: 7 loss: 0.6306 accuracy: 0.7103 val_loss: 0.4203 val_accuracy: 0.8941
Epoch: 8 loss: 0.6225 accuracy: 0.7104 val_loss: 0.4509 val_accuracy: 0.8941
Epoch: 9 loss: 0.6179 accuracy: 0.7096 val_loss: 0.4151 val_accuracy: 0.8941
Epoch: 10 loss: 0.6137 accuracy: 0.7108 val_loss: 0.4345 val_accuracy: 0.8941
Epoch: 11 loss: 0.6109 accuracy: 0.7123 val_loss: 0.5065 val_accuracy: 0.8941
Epoch: 12 loss: 0.6112 accuracy: 0.7102 val_loss: 0.4760 val_accuracy: 0.8941
Epoch: 13 loss: 0.6094 accuracy: 0.7105 val_loss: 0.5221 val_accuracy: 0.8941
Epoch: 14 loss: 0.6107 accuracy: 0.7086 val_loss: 0.4686 val_accuracy: 0.8941

Epoch 00014: ReduceLROnPlateau reducing learning rate to 7.999999797903001e-05.
Epoch: 15 loss: 0.6075 accuracy: 0.7109 val_loss: 0.4402 val_accuracy: 0.8941
Epoch: 16 loss: 0.6071 accuracy: 0.7103 val_loss: 0.4315 val_accuracy: 0.8941
Epoch: 17 loss: 0.6057 accuracy: 0.7110 val_loss: 0.4670 val_accuracy: 0.8941
Epoch: 18 loss: 0.6057 accuracy: 0.7103 val_loss: 0.3955 val_accuracy: 0.8941
Epoch: 19 loss: 0.6053 accuracy: 0.7103 val_loss: 0.4538 val_accuracy: 0.8941
Epoch: 20 loss: 0.6052 accuracy: 0.7106 val_loss: 0.4302 val_accuracy: 0.8941
Epoch: 21 loss: 0.6045 accuracy: 0.7114 val_loss: 0.4175 val_accuracy: 0.8941
Epoch: 22 loss: 0.6048 accuracy: 0.7101 val_loss: 0.4348 val_accuracy: 0.8941
Epoch: 23 loss: 0.6044 accuracy: 0.7100 val_loss: 0.4039 val_accuracy: 0.8941

Epoch 00023: ReduceLROnPlateau reducing learning rate to 6.399999838322402e-05.
Epoch: 24 loss: 0.6017 accuracy: 0.7130 val_loss: 0.4777 val_accuracy: 0.8941
Epoch: 25 loss: 0.6020 accuracy: 0.7122 val_loss: 0.4677 val_accuracy: 0.8941
Epoch: 26 loss: 0.6036 accuracy: 0.7107 val_loss: 0.4349 val_accuracy: 0.8941
Epoch: 27 loss: 0.6028 accuracy: 0.7115 val_loss: 0.4305 val_accuracy: 0.8941
Epoch: 28 loss: 0.6034 accuracy: 0.7105 val_loss: 0.5483 val_accuracy: 0.8941

Epoch 00028: ReduceLROnPlateau reducing learning rate to 5.119999987073243e-05.
End of augmented training
Finish
Job ended!
