Thu 02 May 2024 07:55:14 PM EDT
Python 3.9.7
nvcc: NVIDIA (R) Cuda compiler driver
Copyright (c) 2005-2019 NVIDIA Corporation
Built on Sun_Jul_28_19:07:16_PDT_2019
Cuda compilation tools, release 10.1, V10.1.243
My SLURM_ARRAY_TASK_ID: 
DB: ['ISIC2016', 'ISIC2017', 'ISIC2018', 'PAD_UFES_20', 'MEDNODE']
IMG_SIZE: [384, 384]
CLASSIFIER: EfficientNetB0
JOB_INDEX: None
Start training augmented images
Combining...
Combining 1th db out of 5 dbs
Combining 2th db out of 5 dbs
Combining 3th db out of 5 dbs
Combining 4th db out of 5 dbs
Combining 5th db out of 5 dbs
Stacking data
Combining complete
Model: "sequential"
_________________________________________________________________
Layer (type)                 Output Shape              Param #   
=================================================================
efficientnetb0 (Functional)  (None, 1280)              4049571   
_________________________________________________________________
dense (Dense)                (None, 512)               655872    
_________________________________________________________________
dropout (Dropout)            (None, 512)               0         
_________________________________________________________________
batch_normalization (BatchNo (None, 512)               2048      
_________________________________________________________________
dense_1 (Dense)              (None, 256)               131328    
_________________________________________________________________
batch_normalization_1 (Batch (None, 256)               1024      
_________________________________________________________________
dense_2 (Dense)              (None, 2)                 514       
=================================================================
Total params: 4,840,357
Trainable params: 789,250
Non-trainable params: 4,051,107
_________________________________________________________________
Fitting ISIC2016+ISIC2017+ISIC2018+PAD_UFES_20+MEDNODE_aug_EfficientNetB0_384h_384w_None model...
model_name: ISIC2016+ISIC2017+ISIC2018+PAD_UFES_20+MEDNODE_aug_EfficientNetB0_384h_384w_None
Epoch: 1 loss: 1.2174 accuracy: 0.5554 val_loss: 0.7258 val_accuracy: 0.8899
Epoch: 2 loss: 1.0042 accuracy: 0.6404 val_loss: 0.6530 val_accuracy: 0.8899
Epoch: 3 loss: 0.9549 accuracy: 0.6663 val_loss: 0.6598 val_accuracy: 0.8899
Epoch: 4 loss: 0.9168 accuracy: 0.6840 val_loss: 0.6284 val_accuracy: 0.8899
Epoch: 5 loss: 0.8827 accuracy: 0.6982 val_loss: 0.6281 val_accuracy: 0.8899
Epoch: 6 loss: 0.8619 accuracy: 0.7020 val_loss: 0.6245 val_accuracy: 0.8899
Epoch: 7 loss: 0.8375 accuracy: 0.7088 val_loss: 0.6867 val_accuracy: 0.8899
Epoch: 8 loss: 0.8270 accuracy: 0.7020 val_loss: 0.6578 val_accuracy: 0.8899
Epoch: 9 loss: 0.7981 accuracy: 0.7138 val_loss: 0.6691 val_accuracy: 0.8899
Epoch: 10 loss: 0.7812 accuracy: 0.7162 val_loss: 0.5768 val_accuracy: 0.8899
Epoch: 11 loss: 0.7669 accuracy: 0.7141 val_loss: 0.5712 val_accuracy: 0.8899
Epoch: 12 loss: 0.7438 accuracy: 0.7233 val_loss: 0.5530 val_accuracy: 0.8899
Epoch: 13 loss: 0.7357 accuracy: 0.7153 val_loss: 0.6117 val_accuracy: 0.8899
Epoch: 14 loss: 0.7202 accuracy: 0.7188 val_loss: 0.6489 val_accuracy: 0.8899
Epoch: 15 loss: 0.7112 accuracy: 0.7130 val_loss: 0.5523 val_accuracy: 0.8899
Epoch: 16 loss: 0.6910 accuracy: 0.7218 val_loss: 0.5930 val_accuracy: 0.8899
Epoch: 17 loss: 0.6801 accuracy: 0.7229 val_loss: 0.4982 val_accuracy: 0.8899
Epoch: 18 loss: 0.6734 accuracy: 0.7187 val_loss: 0.4903 val_accuracy: 0.8899
Epoch: 19 loss: 0.6644 accuracy: 0.7203 val_loss: 0.5151 val_accuracy: 0.8899
Epoch: 20 loss: 0.6538 accuracy: 0.7241 val_loss: 0.5127 val_accuracy: 0.8899
Epoch: 21 loss: 0.6510 accuracy: 0.7195 val_loss: 0.5044 val_accuracy: 0.8899
Epoch: 22 loss: 0.6438 accuracy: 0.7205 val_loss: 0.4875 val_accuracy: 0.8899
Epoch: 23 loss: 0.6457 accuracy: 0.7142 val_loss: 0.4908 val_accuracy: 0.8899
Epoch: 24 loss: 0.6418 accuracy: 0.7137 val_loss: 0.4286 val_accuracy: 0.8899
Epoch: 25 loss: 0.6335 accuracy: 0.7187 val_loss: 0.4715 val_accuracy: 0.8899
Epoch: 26 loss: 0.6333 accuracy: 0.7163 val_loss: 0.4631 val_accuracy: 0.8899
Epoch: 27 loss: 0.6223 accuracy: 0.7239 val_loss: 0.5227 val_accuracy: 0.8899
Epoch: 28 loss: 0.6214 accuracy: 0.7236 val_loss: 0.4944 val_accuracy: 0.8899
Epoch: 29 loss: 0.6264 accuracy: 0.7137 val_loss: 0.4604 val_accuracy: 0.8899

Epoch 00029: ReduceLROnPlateau reducing learning rate to 7.999999797903001e-05.
Epoch: 30 loss: 0.6174 accuracy: 0.7210 val_loss: 0.4741 val_accuracy: 0.8899
Epoch: 31 loss: 0.6193 accuracy: 0.7179 val_loss: 0.4544 val_accuracy: 0.8899
Epoch: 32 loss: 0.6170 accuracy: 0.7195 val_loss: 0.4537 val_accuracy: 0.8899
Epoch: 33 loss: 0.6164 accuracy: 0.7189 val_loss: 0.4717 val_accuracy: 0.8899
Epoch: 34 loss: 0.6108 accuracy: 0.7235 val_loss: 0.4446 val_accuracy: 0.8899

Epoch 00034: ReduceLROnPlateau reducing learning rate to 6.399999838322402e-05.
End of augmented training
Finish
Job ended!
