Thu 02 May 2024 03:23:37 PM EDT
Python 3.9.7
nvcc: NVIDIA (R) Cuda compiler driver
Copyright (c) 2005-2019 NVIDIA Corporation
Built on Sun_Jul_28_19:07:16_PDT_2019
Cuda compilation tools, release 10.1, V10.1.243
My SLURM_ARRAY_TASK_ID: 
DB: ['ISIC2016', 'ISIC2017', 'ISIC2018', 'ISIC2019']
IMG_SIZE: [384, 384]
CLASSIFIER: EfficientNetB0
JOB_INDEX: None
Start training augmented images
Combining...
Combining 1th db out of 4 dbs
Combining 2th db out of 4 dbs
Combining 3th db out of 4 dbs
Combining 4th db out of 4 dbs
Stacking data
Combining complete
Model: "sequential"
_________________________________________________________________
Layer (type)                 Output Shape              Param #   
=================================================================
efficientnetb0 (Functional)  (None, 1280)              4049571   
_________________________________________________________________
dense (Dense)                (None, 512)               655872    
_________________________________________________________________
dropout (Dropout)            (None, 512)               0         
_________________________________________________________________
batch_normalization (BatchNo (None, 512)               2048      
_________________________________________________________________
dense_1 (Dense)              (None, 256)               131328    
_________________________________________________________________
batch_normalization_1 (Batch (None, 256)               1024      
_________________________________________________________________
dense_2 (Dense)              (None, 2)                 514       
=================================================================
Total params: 4,840,357
Trainable params: 789,250
Non-trainable params: 4,051,107
_________________________________________________________________
Fitting ISIC2016+ISIC2017+ISIC2018+ISIC2019_aug_EfficientNetB0_384h_384w_None model...
model_name: ISIC2016+ISIC2017+ISIC2018+ISIC2019_aug_EfficientNetB0_384h_384w_None
Epoch: 1 loss: 1.1151 accuracy: 0.5722 val_loss: 0.8326 val_accuracy: 0.8231
Epoch: 2 loss: 0.9587 accuracy: 0.6122 val_loss: 0.7541 val_accuracy: 0.8231
Epoch: 3 loss: 0.9047 accuracy: 0.6236 val_loss: 0.7902 val_accuracy: 0.8231
Epoch: 4 loss: 0.8533 accuracy: 0.6408 val_loss: 0.7116 val_accuracy: 0.8231
Epoch: 5 loss: 0.8112 accuracy: 0.6507 val_loss: 0.6580 val_accuracy: 0.8231
Epoch: 6 loss: 0.7775 accuracy: 0.6516 val_loss: 0.6157 val_accuracy: 0.8231
Epoch: 7 loss: 0.7482 accuracy: 0.6519 val_loss: 0.5867 val_accuracy: 0.8231
Epoch: 8 loss: 0.7209 accuracy: 0.6541 val_loss: 0.6206 val_accuracy: 0.8231
Epoch: 9 loss: 0.7031 accuracy: 0.6532 val_loss: 0.5716 val_accuracy: 0.8231
Epoch: 10 loss: 0.6899 accuracy: 0.6530 val_loss: 0.5417 val_accuracy: 0.8231
Epoch: 11 loss: 0.6805 accuracy: 0.6531 val_loss: 0.5546 val_accuracy: 0.8231
Epoch: 12 loss: 0.6708 accuracy: 0.6587 val_loss: 0.5054 val_accuracy: 0.8231
Epoch: 13 loss: 0.6662 accuracy: 0.6561 val_loss: 0.5406 val_accuracy: 0.8231
Epoch: 14 loss: 0.6628 accuracy: 0.6575 val_loss: 0.5095 val_accuracy: 0.8231
Epoch: 15 loss: 0.6630 accuracy: 0.6524 val_loss: 0.5116 val_accuracy: 0.8231
Epoch: 16 loss: 0.6578 accuracy: 0.6579 val_loss: 0.5485 val_accuracy: 0.8231
Epoch: 17 loss: 0.6569 accuracy: 0.6567 val_loss: 0.5314 val_accuracy: 0.8231

Epoch 00017: ReduceLROnPlateau reducing learning rate to 7.999999797903001e-05.
Epoch: 18 loss: 0.6556 accuracy: 0.6563 val_loss: 0.5254 val_accuracy: 0.8231
Epoch: 19 loss: 0.6547 accuracy: 0.6561 val_loss: 0.5219 val_accuracy: 0.8231
Epoch: 20 loss: 0.6545 accuracy: 0.6549 val_loss: 0.5229 val_accuracy: 0.8231
Epoch: 21 loss: 0.6545 accuracy: 0.6536 val_loss: 0.4974 val_accuracy: 0.8231
Epoch: 22 loss: 0.6522 accuracy: 0.6555 val_loss: 0.7090 val_accuracy: 0.1769
Epoch: 23 loss: 0.6511 accuracy: 0.6563 val_loss: 0.4719 val_accuracy: 0.8231
Epoch: 24 loss: 0.6506 accuracy: 0.6569 val_loss: 0.5101 val_accuracy: 0.8231
Epoch: 25 loss: 0.6484 accuracy: 0.6592 val_loss: 0.6395 val_accuracy: 0.8231
Epoch: 26 loss: 0.6478 accuracy: 0.6589 val_loss: 0.5971 val_accuracy: 0.8231
Epoch: 27 loss: 0.6500 accuracy: 0.6551 val_loss: 0.6044 val_accuracy: 0.8231
Epoch: 28 loss: 0.6485 accuracy: 0.6570 val_loss: 0.5508 val_accuracy: 0.8231

Epoch 00028: ReduceLROnPlateau reducing learning rate to 6.399999838322402e-05.
Epoch: 29 loss: 0.6486 accuracy: 0.6564 val_loss: 0.5488 val_accuracy: 0.8231
Epoch: 30 loss: 0.6476 accuracy: 0.6573 val_loss: 0.5866 val_accuracy: 0.8231
Epoch: 31 loss: 0.6474 accuracy: 0.6567 val_loss: 0.5095 val_accuracy: 0.8231
Epoch: 32 loss: 0.6474 accuracy: 0.6566 val_loss: 0.5213 val_accuracy: 0.8231
Epoch: 33 loss: 0.6463 accuracy: 0.6578 val_loss: 0.5222 val_accuracy: 0.8231

Epoch 00033: ReduceLROnPlateau reducing learning rate to 5.119999987073243e-05.
End of augmented training
Finish
Job ended!
