Thu 02 May 2024 08:00:17 PM EDT
Python 3.9.7
nvcc: NVIDIA (R) Cuda compiler driver
Copyright (c) 2005-2019 NVIDIA Corporation
Built on Sun_Jul_28_19:07:16_PDT_2019
Cuda compilation tools, release 10.1, V10.1.243
My SLURM_ARRAY_TASK_ID: 
DB: ['ISIC2016', 'ISIC2018']
IMG_SIZE: [384, 384]
CLASSIFIER: EfficientNetB0
JOB_INDEX: None
Start training augmented images
Combining...
Combining 1th db out of 2 dbs
Combining 2th db out of 2 dbs
Stacking data
Combining complete
Model: "sequential"
_________________________________________________________________
Layer (type)                 Output Shape              Param #   
=================================================================
efficientnetb0 (Functional)  (None, 1280)              4049571   
_________________________________________________________________
dense (Dense)                (None, 512)               655872    
_________________________________________________________________
dropout (Dropout)            (None, 512)               0         
_________________________________________________________________
batch_normalization (BatchNo (None, 512)               2048      
_________________________________________________________________
dense_1 (Dense)              (None, 256)               131328    
_________________________________________________________________
batch_normalization_1 (Batch (None, 256)               1024      
_________________________________________________________________
dense_2 (Dense)              (None, 2)                 514       
=================================================================
Total params: 4,840,357
Trainable params: 789,250
Non-trainable params: 4,051,107
_________________________________________________________________
Fitting ISIC2016+ISIC2018_aug_EfficientNetB0_384h_384w_None model...
model_name: ISIC2016+ISIC2018_aug_EfficientNetB0_384h_384w_None
Epoch: 1 loss: 1.2519 accuracy: 0.5428 val_loss: 0.8654 val_accuracy: 0.8579
Epoch: 2 loss: 1.0476 accuracy: 0.6307 val_loss: 0.7563 val_accuracy: 0.8579
Epoch: 3 loss: 1.0024 accuracy: 0.6494 val_loss: 0.8189 val_accuracy: 0.8579
Epoch: 4 loss: 0.9631 accuracy: 0.6730 val_loss: 0.7878 val_accuracy: 0.8579
Epoch: 5 loss: 0.9359 accuracy: 0.6823 val_loss: 0.7294 val_accuracy: 0.8579
Epoch: 6 loss: 0.9121 accuracy: 0.6925 val_loss: 0.6877 val_accuracy: 0.8579
Epoch: 7 loss: 0.8942 accuracy: 0.6995 val_loss: 0.6899 val_accuracy: 0.8579
Epoch: 8 loss: 0.8739 accuracy: 0.7048 val_loss: 0.6814 val_accuracy: 0.8579
Epoch: 9 loss: 0.8540 accuracy: 0.7092 val_loss: 0.6867 val_accuracy: 0.8579
Epoch: 10 loss: 0.8465 accuracy: 0.7060 val_loss: 0.6628 val_accuracy: 0.8579
Epoch: 11 loss: 0.8282 accuracy: 0.7060 val_loss: 0.7457 val_accuracy: 0.8579
Epoch: 12 loss: 0.8169 accuracy: 0.7090 val_loss: 0.6217 val_accuracy: 0.8579
Epoch: 13 loss: 0.7933 accuracy: 0.7184 val_loss: 0.6406 val_accuracy: 0.8579
Epoch: 14 loss: 0.7817 accuracy: 0.7189 val_loss: 0.6689 val_accuracy: 0.8579
Epoch: 15 loss: 0.7696 accuracy: 0.7184 val_loss: 0.6599 val_accuracy: 0.8579
Epoch: 16 loss: 0.7529 accuracy: 0.7206 val_loss: 0.5741 val_accuracy: 0.8579
Epoch: 17 loss: 0.7480 accuracy: 0.7162 val_loss: 0.5936 val_accuracy: 0.8579
Epoch: 18 loss: 0.7424 accuracy: 0.7097 val_loss: 0.6526 val_accuracy: 0.8579
Epoch: 19 loss: 0.7197 accuracy: 0.7227 val_loss: 0.6087 val_accuracy: 0.8579
Epoch: 20 loss: 0.7140 accuracy: 0.7182 val_loss: 0.5427 val_accuracy: 0.8579
Epoch: 21 loss: 0.7063 accuracy: 0.7147 val_loss: 0.6137 val_accuracy: 0.8579
Epoch: 22 loss: 0.6973 accuracy: 0.7145 val_loss: 0.5595 val_accuracy: 0.8579
Epoch: 23 loss: 0.6912 accuracy: 0.7138 val_loss: 0.5398 val_accuracy: 0.8579
Epoch: 24 loss: 0.6788 accuracy: 0.7191 val_loss: 0.4850 val_accuracy: 0.8579
Epoch: 25 loss: 0.6721 accuracy: 0.7171 val_loss: 0.5539 val_accuracy: 0.8579
Epoch: 26 loss: 0.6646 accuracy: 0.7180 val_loss: 0.5320 val_accuracy: 0.8579
Epoch: 27 loss: 0.6562 accuracy: 0.7222 val_loss: 0.5480 val_accuracy: 0.8579
Epoch: 28 loss: 0.6629 accuracy: 0.7097 val_loss: 0.4748 val_accuracy: 0.8579
Epoch: 29 loss: 0.6442 accuracy: 0.7244 val_loss: 0.4960 val_accuracy: 0.8579
Epoch: 30 loss: 0.6458 accuracy: 0.7191 val_loss: 0.4614 val_accuracy: 0.8579
Epoch: 31 loss: 0.6382 accuracy: 0.7225 val_loss: 0.4905 val_accuracy: 0.8579
Epoch: 32 loss: 0.6384 accuracy: 0.7176 val_loss: 0.4986 val_accuracy: 0.8579
Epoch: 33 loss: 0.6335 accuracy: 0.7204 val_loss: 0.4899 val_accuracy: 0.8579
Epoch: 34 loss: 0.6337 accuracy: 0.7157 val_loss: 0.4692 val_accuracy: 0.8579
Epoch: 35 loss: 0.6283 accuracy: 0.7193 val_loss: 0.4714 val_accuracy: 0.8579

Epoch 00035: ReduceLROnPlateau reducing learning rate to 7.999999797903001e-05.
Epoch: 36 loss: 0.6303 accuracy: 0.7138 val_loss: 0.4707 val_accuracy: 0.8579
Epoch: 37 loss: 0.6263 accuracy: 0.7170 val_loss: 0.5289 val_accuracy: 0.8579
Epoch: 38 loss: 0.6226 accuracy: 0.7194 val_loss: 0.4660 val_accuracy: 0.8579
Epoch: 39 loss: 0.6206 accuracy: 0.7190 val_loss: 0.5359 val_accuracy: 0.8579
Epoch: 40 loss: 0.6147 accuracy: 0.7242 val_loss: 0.4840 val_accuracy: 0.8579

Epoch 00040: ReduceLROnPlateau reducing learning rate to 6.399999838322402e-05.
End of augmented training
Finish
Job ended!
