Thu 02 May 2024 10:32:12 PM EDT
Python 3.9.7
nvcc: NVIDIA (R) Cuda compiler driver
Copyright (c) 2005-2019 NVIDIA Corporation
Built on Sun_Jul_28_19:07:16_PDT_2019
Cuda compilation tools, release 10.1, V10.1.243
My SLURM_ARRAY_TASK_ID: 
DB: ['MEDNODE']
IMG_SIZE: [384, 384]
CLASSIFIER: EfficientNetB0
JOB_INDEX: None
Start training augmented images
Combining...
Combining 1th db out of 1 dbs
Stacking data
Combining complete
Model: "sequential"
_________________________________________________________________
Layer (type)                 Output Shape              Param #   
=================================================================
efficientnetb0 (Functional)  (None, 1280)              4049571   
_________________________________________________________________
dense (Dense)                (None, 512)               655872    
_________________________________________________________________
dropout (Dropout)            (None, 512)               0         
_________________________________________________________________
batch_normalization (BatchNo (None, 512)               2048      
_________________________________________________________________
dense_1 (Dense)              (None, 256)               131328    
_________________________________________________________________
batch_normalization_1 (Batch (None, 256)               1024      
_________________________________________________________________
dense_2 (Dense)              (None, 2)                 514       
=================================================================
Total params: 4,840,357
Trainable params: 789,250
Non-trainable params: 4,051,107
_________________________________________________________________
Fitting MEDNODE_aug_EfficientNetB0_384h_384w_None model...
model_name: MEDNODE_aug_EfficientNetB0_384h_384w_None
Epoch: 1 loss: 1.6207 accuracy: 0.4271 val_loss: 1.2248 val_accuracy: 0.5294
Epoch: 2 loss: 1.6104 accuracy: 0.4792 val_loss: 1.2224 val_accuracy: 0.5294
Epoch: 3 loss: 1.5112 accuracy: 0.4740 val_loss: 1.2199 val_accuracy: 0.5294
Epoch: 4 loss: 1.4513 accuracy: 0.5156 val_loss: 1.2175 val_accuracy: 0.5294
Epoch: 5 loss: 1.4312 accuracy: 0.5156 val_loss: 1.2153 val_accuracy: 0.5294
Epoch: 6 loss: 1.5062 accuracy: 0.4792 val_loss: 1.2134 val_accuracy: 0.5294
Epoch: 7 loss: 1.4201 accuracy: 0.5260 val_loss: 1.2117 val_accuracy: 0.5294
Epoch: 8 loss: 1.5196 accuracy: 0.4688 val_loss: 1.2106 val_accuracy: 0.4706
Epoch: 9 loss: 1.2939 accuracy: 0.5729 val_loss: 1.2095 val_accuracy: 0.4706
Epoch: 10 loss: 1.4704 accuracy: 0.5000 val_loss: 1.2088 val_accuracy: 0.4706
Epoch: 11 loss: 1.3397 accuracy: 0.5417 val_loss: 1.2088 val_accuracy: 0.4706
Epoch: 12 loss: 1.4749 accuracy: 0.4844 val_loss: 1.2085 val_accuracy: 0.4706
Epoch: 13 loss: 1.3896 accuracy: 0.5156 val_loss: 1.2077 val_accuracy: 0.4706
Epoch: 14 loss: 1.4123 accuracy: 0.5052 val_loss: 1.2071 val_accuracy: 0.4706
Epoch: 15 loss: 1.3211 accuracy: 0.5781 val_loss: 1.2073 val_accuracy: 0.4706
Epoch: 16 loss: 1.3866 accuracy: 0.5208 val_loss: 1.2083 val_accuracy: 0.4706
Epoch: 17 loss: 1.4276 accuracy: 0.5000 val_loss: 1.2090 val_accuracy: 0.4706
Epoch: 18 loss: 1.3469 accuracy: 0.5260 val_loss: 1.2095 val_accuracy: 0.4706
Epoch: 19 loss: 1.4386 accuracy: 0.5260 val_loss: 1.2089 val_accuracy: 0.4706

Epoch 00019: ReduceLROnPlateau reducing learning rate to 7.999999797903001e-05.
Epoch: 20 loss: 1.3206 accuracy: 0.5260 val_loss: 1.2080 val_accuracy: 0.4706
Epoch: 21 loss: 1.4434 accuracy: 0.4531 val_loss: 1.2079 val_accuracy: 0.4706
Epoch: 22 loss: 1.3199 accuracy: 0.5208 val_loss: 1.2093 val_accuracy: 0.4706
Epoch: 23 loss: 1.4355 accuracy: 0.4896 val_loss: 1.2116 val_accuracy: 0.4706
Epoch: 24 loss: 1.3275 accuracy: 0.5000 val_loss: 1.2144 val_accuracy: 0.4706

Epoch 00024: ReduceLROnPlateau reducing learning rate to 6.399999838322402e-05.
End of augmented training
Finish
Job ended!
