Tue 27 Feb 2024 05:01:44 PM EST
Python 3.9.7
nvcc: NVIDIA (R) Cuda compiler driver
Copyright (c) 2005-2019 NVIDIA Corporation
Built on Sun_Jul_28_19:07:16_PDT_2019
Cuda compilation tools, release 10.1, V10.1.243
My SLURM_ARRAY_TASK_ID: 
DB: ['ISIC2016', 'PAD_UFES_20', 'MEDNODE']
IMG_SIZE: [150, 150]
CLASSIFIER: EfficientNetB6
SELF_AUG: 1
JOB_INDEX: None
Combining...
Combining 1 db out of 3 dbs
Combining 2 db out of 3 dbs
Combining 3 db out of 3 dbs
Stacking training images
Stacking training labels
Stacking validation images
Stacking validation labels
Model: "sequential"
_________________________________________________________________
Layer (type)                 Output Shape              Param #   
=================================================================
efficientnetb6 (Functional)  (None, 2304)              40960143  
_________________________________________________________________
dense (Dense)                (None, 512)               1180160   
_________________________________________________________________
dropout (Dropout)            (None, 512)               0         
_________________________________________________________________
batch_normalization (BatchNo (None, 512)               2048      
_________________________________________________________________
dense_1 (Dense)              (None, 256)               131328    
_________________________________________________________________
dropout_1 (Dropout)          (None, 256)               0         
_________________________________________________________________
batch_normalization_1 (Batch (None, 256)               1024      
_________________________________________________________________
dense_2 (Dense)              (None, 2)                 514       
=================================================================
Total params: 42,275,217
Trainable params: 1,313,538
Non-trainable params: 40,961,679
_________________________________________________________________
Fitting ISIC2016+PAD_UFES_20+MEDNODE_aug_EfficientNetB6_150h_150w_None model...
model_name: ISIC2016+PAD_UFES_20+MEDNODE_aug_EfficientNetB6_150h_150w_None
Epoch: 1 loss: 0.6634 accuracy: 0.6052 val_loss: 0.5771 val_accuracy: 0.9125
Epoch: 2 loss: 0.6121 accuracy: 0.7229 val_loss: 0.4997 val_accuracy: 0.9125
Epoch: 3 loss: 0.5841 accuracy: 0.7436 val_loss: 0.4425 val_accuracy: 0.9125
Epoch: 4 loss: 0.5730 accuracy: 0.7433 val_loss: 0.4139 val_accuracy: 0.9125
Epoch: 5 loss: 0.5700 accuracy: 0.7423 val_loss: 0.3976 val_accuracy: 0.9125
Epoch: 6 loss: 0.5689 accuracy: 0.7431 val_loss: 0.3980 val_accuracy: 0.9125
Epoch: 7 loss: 0.5674 accuracy: 0.7436 val_loss: 0.4440 val_accuracy: 0.9125
Epoch: 8 loss: 0.5693 accuracy: 0.7438 val_loss: 0.3934 val_accuracy: 0.9125
Epoch: 9 loss: 0.5706 accuracy: 0.7428 val_loss: 0.4280 val_accuracy: 0.9125
Epoch: 10 loss: 0.5693 accuracy: 0.7428 val_loss: 0.3880 val_accuracy: 0.9125
Epoch: 11 loss: 0.5664 accuracy: 0.7433 val_loss: 0.3572 val_accuracy: 0.9125
Epoch: 12 loss: 0.5680 accuracy: 0.7436 val_loss: 0.3778 val_accuracy: 0.9125
Epoch: 13 loss: 0.5680 accuracy: 0.7436 val_loss: 0.3921 val_accuracy: 0.9125
Epoch: 14 loss: 0.5689 accuracy: 0.7428 val_loss: 0.4037 val_accuracy: 0.9125
Epoch: 15 loss: 0.5662 accuracy: 0.7436 val_loss: 0.3845 val_accuracy: 0.9125
Epoch: 16 loss: 0.5690 accuracy: 0.7433 val_loss: 0.3936 val_accuracy: 0.9125
Epoch: 17 loss: 0.5681 accuracy: 0.7438 val_loss: 0.3892 val_accuracy: 0.9125
Epoch: 18 loss: 0.5684 accuracy: 0.7426 val_loss: 0.4092 val_accuracy: 0.9125
Epoch: 19 loss: 0.5690 accuracy: 0.7436 val_loss: 0.4014 val_accuracy: 0.9125
Epoch: 20 loss: 0.5696 accuracy: 0.7426 val_loss: 0.3993 val_accuracy: 0.9125
Job ended!
