Tue 07 May 2024 03:13:33 PM EDT
Python 3.9.7
nvcc: NVIDIA (R) Cuda compiler driver
Copyright (c) 2005-2019 NVIDIA Corporation
Built on Sun_Jul_28_19:07:16_PDT_2019
Cuda compilation tools, release 10.1, V10.1.243
My SLURM_ARRAY_TASK_ID: 
DB: ['ISIC2016', 'ISIC2017', 'ISIC2018', 'ISIC2019', 'ISIC2020', 'PH2', '_7_point_criteria']
IMG_SIZE: [384, 384]
CLASSIFIER: EfficientNetB6
JOB_INDEX: None
Start training augmented images
Combining...
Combining 1th db out of 7 dbs
Combining 2th db out of 7 dbs
Combining 3th db out of 7 dbs
Combining 4th db out of 7 dbs
Combining 5th db out of 7 dbs
Combining 6th db out of 7 dbs
Combining 7th db out of 7 dbs
Stacking data
Combining complete
Model: "sequential"
_________________________________________________________________
Layer (type)                 Output Shape              Param #   
=================================================================
efficientnetb6 (Functional)  (None, 2304)              40960143  
_________________________________________________________________
dense (Dense)                (None, 512)               1180160   
_________________________________________________________________
dropout (Dropout)            (None, 512)               0         
_________________________________________________________________
batch_normalization (BatchNo (None, 512)               2048      
_________________________________________________________________
dense_1 (Dense)              (None, 256)               131328    
_________________________________________________________________
batch_normalization_1 (Batch (None, 256)               1024      
_________________________________________________________________
dense_2 (Dense)              (None, 2)                 514       
=================================================================
Total params: 42,275,217
Trainable params: 1,313,538
Non-trainable params: 40,961,679
_________________________________________________________________
Fitting ISIC2016+ISIC2017+ISIC2018+ISIC2019+ISIC2020+PH2+_7_point_criteria_aug_EfficientNetB6_384h_384w_None model...
model_name: ISIC2016+ISIC2017+ISIC2018+ISIC2019+ISIC2020+PH2+_7_point_criteria_aug_EfficientNetB6_384h_384w_None
Epoch: 1 loss: 1.0783 accuracy: 0.6730 val_loss: 0.8077 val_accuracy: 0.9057
Epoch: 2 loss: 0.9110 accuracy: 0.7199 val_loss: 0.7528 val_accuracy: 0.9057
Epoch: 3 loss: 0.8072 accuracy: 0.7246 val_loss: 0.5564 val_accuracy: 0.9057
Epoch: 4 loss: 0.7289 accuracy: 0.7224 val_loss: 0.5369 val_accuracy: 0.9057
Epoch: 5 loss: 0.6777 accuracy: 0.7209 val_loss: 0.4838 val_accuracy: 0.9057
Epoch: 6 loss: 0.6452 accuracy: 0.7248 val_loss: 0.4485 val_accuracy: 0.9057
Epoch: 7 loss: 0.6312 accuracy: 0.7224 val_loss: 0.4739 val_accuracy: 0.9057
Epoch: 8 loss: 0.6237 accuracy: 0.7194 val_loss: 0.4596 val_accuracy: 0.9057
Epoch: 9 loss: 0.6118 accuracy: 0.7252 val_loss: 0.4451 val_accuracy: 0.9057
Epoch: 10 loss: 0.6089 accuracy: 0.7233 val_loss: 0.4218 val_accuracy: 0.9057
Epoch: 11 loss: 0.6052 accuracy: 0.7239 val_loss: 0.4293 val_accuracy: 0.9057
Epoch: 12 loss: 0.6016 accuracy: 0.7251 val_loss: 0.4215 val_accuracy: 0.9057
Epoch: 13 loss: 0.6039 accuracy: 0.7206 val_loss: 0.4436 val_accuracy: 0.9057
Epoch: 14 loss: 0.6000 accuracy: 0.7230 val_loss: 0.3963 val_accuracy: 0.9057
Epoch: 15 loss: 0.5977 accuracy: 0.7235 val_loss: 0.4178 val_accuracy: 0.9057
Epoch: 16 loss: 0.5957 accuracy: 0.7247 val_loss: 0.4241 val_accuracy: 0.9057
Epoch: 17 loss: 0.5996 accuracy: 0.7199 val_loss: 0.4583 val_accuracy: 0.9057
Epoch: 18 loss: 0.5967 accuracy: 0.7224 val_loss: 0.4141 val_accuracy: 0.9057
Epoch: 19 loss: 0.5968 accuracy: 0.7215 val_loss: 0.4129 val_accuracy: 0.9057

Epoch 00019: ReduceLROnPlateau reducing learning rate to 7.999999797903001e-05.
Epoch: 20 loss: 0.5930 accuracy: 0.7245 val_loss: 0.4072 val_accuracy: 0.9057
Epoch: 21 loss: 0.5954 accuracy: 0.7215 val_loss: 0.4188 val_accuracy: 0.9057
Epoch: 22 loss: 0.5920 accuracy: 0.7249 val_loss: 0.4255 val_accuracy: 0.9057
Epoch: 23 loss: 0.5939 accuracy: 0.7223 val_loss: 0.4122 val_accuracy: 0.9057
Epoch: 24 loss: 0.5926 accuracy: 0.7236 val_loss: 0.4130 val_accuracy: 0.9057

Epoch 00024: ReduceLROnPlateau reducing learning rate to 6.399999838322402e-05.
End of augmented training
Finish
Job ended!
