Tue 27 Feb 2024 04:39:46 PM EST
Python 3.9.7
nvcc: NVIDIA (R) Cuda compiler driver
Copyright (c) 2005-2019 NVIDIA Corporation
Built on Sun_Jul_28_19:07:16_PDT_2019
Cuda compilation tools, release 10.1, V10.1.243
My SLURM_ARRAY_TASK_ID: 
DB: ['ISIC2016', 'ISIC2020']
IMG_SIZE: [150, 150]
CLASSIFIER: EfficientNetB6
SELF_AUG: 1
JOB_INDEX: None
Combining...
Combining 1 db out of 2 dbs
Combining 2 db out of 2 dbs
Stacking training images
Stacking training labels
Stacking validation images
Stacking validation labels
Model: "sequential"
_________________________________________________________________
Layer (type)                 Output Shape              Param #   
=================================================================
efficientnetb6 (Functional)  (None, 2304)              40960143  
_________________________________________________________________
dense (Dense)                (None, 512)               1180160   
_________________________________________________________________
dropout (Dropout)            (None, 512)               0         
_________________________________________________________________
batch_normalization (BatchNo (None, 512)               2048      
_________________________________________________________________
dense_1 (Dense)              (None, 256)               131328    
_________________________________________________________________
dropout_1 (Dropout)          (None, 256)               0         
_________________________________________________________________
batch_normalization_1 (Batch (None, 256)               1024      
_________________________________________________________________
dense_2 (Dense)              (None, 2)                 514       
=================================================================
Total params: 42,275,217
Trainable params: 1,313,538
Non-trainable params: 40,961,679
_________________________________________________________________
Fitting ISIC2016+ISIC2020_aug_EfficientNetB6_150h_150w_None model...
model_name: ISIC2016+ISIC2020_aug_EfficientNetB6_150h_150w_None
Epoch: 1 loss: 0.5036 accuracy: 0.7880 val_loss: 0.2462 val_accuracy: 0.9794
Epoch: 2 loss: 0.4673 accuracy: 0.8057 val_loss: 0.1826 val_accuracy: 0.9794
Epoch: 3 loss: 0.4655 accuracy: 0.8060 val_loss: 0.1845 val_accuracy: 0.9794
Epoch: 4 loss: 0.4631 accuracy: 0.8058 val_loss: 0.2226 val_accuracy: 0.9794
Epoch: 5 loss: 0.4614 accuracy: 0.8060 val_loss: 0.2533 val_accuracy: 0.9794
Epoch: 6 loss: 0.4594 accuracy: 0.8064 val_loss: 0.2881 val_accuracy: 0.9794
Epoch: 7 loss: 0.4588 accuracy: 0.8063 val_loss: 0.1486 val_accuracy: 0.9794
Epoch: 8 loss: 0.4584 accuracy: 0.8064 val_loss: 0.2247 val_accuracy: 0.9794
Epoch: 9 loss: 0.4549 accuracy: 0.8062 val_loss: 0.2126 val_accuracy: 0.9788
Epoch: 10 loss: 0.4560 accuracy: 0.8068 val_loss: 0.2505 val_accuracy: 0.9712
Epoch: 11 loss: 0.4525 accuracy: 0.8068 val_loss: 0.1992 val_accuracy: 0.9794
Epoch: 12 loss: 0.4553 accuracy: 0.8070 val_loss: 0.1255 val_accuracy: 0.9794
Epoch: 13 loss: 0.4587 accuracy: 0.8054 val_loss: 0.2217 val_accuracy: 0.9794
Epoch: 14 loss: 0.4570 accuracy: 0.8056 val_loss: 0.2262 val_accuracy: 0.9794
Epoch: 15 loss: 0.4563 accuracy: 0.8055 val_loss: 0.1611 val_accuracy: 0.9794
Epoch: 16 loss: 0.4527 accuracy: 0.8054 val_loss: 0.1329 val_accuracy: 0.9794
Epoch: 17 loss: 0.4512 accuracy: 0.8055 val_loss: 0.2674 val_accuracy: 0.9794
Epoch: 18 loss: 0.4477 accuracy: 0.8052 val_loss: 0.3148 val_accuracy: 0.9794
Epoch: 19 loss: 0.4443 accuracy: 0.8047 val_loss: 0.2059 val_accuracy: 0.9794
Epoch: 20 loss: 0.4444 accuracy: 0.8052 val_loss: 0.2066 val_accuracy: 0.9794
Job ended!
