Tue 27 Feb 2024 04:27:40 PM EST
Python 3.9.7
nvcc: NVIDIA (R) Cuda compiler driver
Copyright (c) 2005-2019 NVIDIA Corporation
Built on Sun_Jul_28_19:07:16_PDT_2019
Cuda compilation tools, release 10.1, V10.1.243
My SLURM_ARRAY_TASK_ID: 
DB: ['ISIC2016', 'ISIC2017', 'ISIC2018', 'PAD_UFES_20', 'MEDNODE']
IMG_SIZE: [150, 150]
CLASSIFIER: EfficientNetB6
SELF_AUG: 1
JOB_INDEX: None
Combining...
Combining 1 db out of 5 dbs
Combining 2 db out of 5 dbs
Combining 3 db out of 5 dbs
Combining 4 db out of 5 dbs
Combining 5 db out of 5 dbs
Stacking training images
Stacking training labels
Stacking validation images
Stacking validation labels
Model: "sequential"
_________________________________________________________________
Layer (type)                 Output Shape              Param #   
=================================================================
efficientnetb6 (Functional)  (None, 2304)              40960143  
_________________________________________________________________
dense (Dense)                (None, 512)               1180160   
_________________________________________________________________
dropout (Dropout)            (None, 512)               0         
_________________________________________________________________
batch_normalization (BatchNo (None, 512)               2048      
_________________________________________________________________
dense_1 (Dense)              (None, 256)               131328    
_________________________________________________________________
dropout_1 (Dropout)          (None, 256)               0         
_________________________________________________________________
batch_normalization_1 (Batch (None, 256)               1024      
_________________________________________________________________
dense_2 (Dense)              (None, 2)                 514       
=================================================================
Total params: 42,275,217
Trainable params: 1,313,538
Non-trainable params: 40,961,679
_________________________________________________________________
Fitting ISIC2016+ISIC2017+ISIC2018+PAD_UFES_20+MEDNODE_aug_EfficientNetB6_150h_150w_None model...
model_name: ISIC2016+ISIC2017+ISIC2018+PAD_UFES_20+MEDNODE_aug_EfficientNetB6_150h_150w_None
Epoch: 1 loss: 0.6169 accuracy: 0.6936 val_loss: 0.4413 val_accuracy: 0.8918
Epoch: 2 loss: 0.5896 accuracy: 0.7188 val_loss: 0.4273 val_accuracy: 0.8918
Epoch: 3 loss: 0.5868 accuracy: 0.7191 val_loss: 0.4071 val_accuracy: 0.8918
Epoch: 4 loss: 0.5834 accuracy: 0.7194 val_loss: 0.3959 val_accuracy: 0.8918
Epoch: 5 loss: 0.5830 accuracy: 0.7205 val_loss: 0.4301 val_accuracy: 0.8918
Epoch: 6 loss: 0.5812 accuracy: 0.7237 val_loss: 0.4594 val_accuracy: 0.8948
Epoch: 7 loss: 0.5794 accuracy: 0.7224 val_loss: 0.4095 val_accuracy: 0.8918
Epoch: 8 loss: 0.5770 accuracy: 0.7238 val_loss: 0.4079 val_accuracy: 0.8918
Epoch: 9 loss: 0.5773 accuracy: 0.7250 val_loss: 0.3990 val_accuracy: 0.8918
Epoch: 10 loss: 0.5758 accuracy: 0.7235 val_loss: 0.4706 val_accuracy: 0.8850
Epoch: 11 loss: 0.5742 accuracy: 0.7251 val_loss: 0.4327 val_accuracy: 0.8918
Epoch: 12 loss: 0.5740 accuracy: 0.7255 val_loss: 0.4357 val_accuracy: 0.8918
Epoch: 13 loss: 0.5731 accuracy: 0.7276 val_loss: 0.3590 val_accuracy: 0.8918
Epoch: 14 loss: 0.5727 accuracy: 0.7250 val_loss: 0.4141 val_accuracy: 0.8938
Epoch: 15 loss: 0.5743 accuracy: 0.7260 val_loss: 0.4509 val_accuracy: 0.8899
Epoch: 16 loss: 0.5725 accuracy: 0.7244 val_loss: 0.4334 val_accuracy: 0.8928
Epoch: 17 loss: 0.5718 accuracy: 0.7254 val_loss: 0.4179 val_accuracy: 0.8918
Epoch: 18 loss: 0.5706 accuracy: 0.7253 val_loss: 0.4981 val_accuracy: 0.8663
Epoch: 19 loss: 0.5702 accuracy: 0.7262 val_loss: 0.5001 val_accuracy: 0.8623
Epoch: 20 loss: 0.5692 accuracy: 0.7263 val_loss: 0.5609 val_accuracy: 0.7955
Job ended!
