Tue 27 Feb 2024 04:58:15 PM EST
Python 3.9.7
nvcc: NVIDIA (R) Cuda compiler driver
Copyright (c) 2005-2019 NVIDIA Corporation
Built on Sun_Jul_28_19:07:16_PDT_2019
Cuda compilation tools, release 10.1, V10.1.243
My SLURM_ARRAY_TASK_ID: 
DB: ['ISIC2016', 'MEDNODE', 'KaggleMB']
IMG_SIZE: [150, 150]
CLASSIFIER: EfficientNetB6
SELF_AUG: 1
JOB_INDEX: None
Combining...
Combining 1 db out of 3 dbs
Combining 2 db out of 3 dbs
Combining 3 db out of 3 dbs
Stacking training images
Stacking training labels
Stacking validation images
Stacking validation labels
Model: "sequential"
_________________________________________________________________
Layer (type)                 Output Shape              Param #   
=================================================================
efficientnetb6 (Functional)  (None, 2304)              40960143  
_________________________________________________________________
dense (Dense)                (None, 512)               1180160   
_________________________________________________________________
dropout (Dropout)            (None, 512)               0         
_________________________________________________________________
batch_normalization (BatchNo (None, 512)               2048      
_________________________________________________________________
dense_1 (Dense)              (None, 256)               131328    
_________________________________________________________________
dropout_1 (Dropout)          (None, 256)               0         
_________________________________________________________________
batch_normalization_1 (Batch (None, 256)               1024      
_________________________________________________________________
dense_2 (Dense)              (None, 2)                 514       
=================================================================
Total params: 42,275,217
Trainable params: 1,313,538
Non-trainable params: 40,961,679
_________________________________________________________________
Fitting ISIC2016+MEDNODE+KaggleMB_aug_EfficientNetB6_150h_150w_None model...
model_name: ISIC2016+MEDNODE+KaggleMB_aug_EfficientNetB6_150h_150w_None
Epoch: 1 loss: 0.6969 accuracy: 0.5214 val_loss: 0.7160 val_accuracy: 0.3760
Epoch: 2 loss: 0.6867 accuracy: 0.5507 val_loss: 0.7267 val_accuracy: 0.3760
Epoch: 3 loss: 0.6841 accuracy: 0.5509 val_loss: 0.7294 val_accuracy: 0.3760
Epoch: 4 loss: 0.6831 accuracy: 0.5658 val_loss: 0.7275 val_accuracy: 0.3760
Epoch: 5 loss: 0.6766 accuracy: 0.5790 val_loss: 0.6972 val_accuracy: 0.4137
Epoch: 6 loss: 0.6755 accuracy: 0.5835 val_loss: 0.7557 val_accuracy: 0.3760
Epoch: 7 loss: 0.6752 accuracy: 0.5820 val_loss: 0.6799 val_accuracy: 0.6065
Epoch: 8 loss: 0.6778 accuracy: 0.5747 val_loss: 0.7520 val_accuracy: 0.3760
Epoch: 9 loss: 0.6740 accuracy: 0.5886 val_loss: 0.6792 val_accuracy: 0.5984
Epoch: 10 loss: 0.6708 accuracy: 0.5861 val_loss: 0.7532 val_accuracy: 0.3760
Epoch: 11 loss: 0.6716 accuracy: 0.5945 val_loss: 0.7431 val_accuracy: 0.3760
Epoch: 12 loss: 0.6644 accuracy: 0.6000 val_loss: 0.7335 val_accuracy: 0.4016
Epoch: 13 loss: 0.6652 accuracy: 0.6069 val_loss: 0.7138 val_accuracy: 0.4690
Epoch: 14 loss: 0.6678 accuracy: 0.6069 val_loss: 0.6448 val_accuracy: 0.6456
Epoch: 15 loss: 0.6656 accuracy: 0.6085 val_loss: 0.6649 val_accuracy: 0.6361
Epoch: 16 loss: 0.6680 accuracy: 0.5977 val_loss: 0.7238 val_accuracy: 0.4124
Epoch: 17 loss: 0.6700 accuracy: 0.6020 val_loss: 0.7151 val_accuracy: 0.3774
Epoch: 18 loss: 0.6743 accuracy: 0.5936 val_loss: 0.6678 val_accuracy: 0.6348
Epoch: 19 loss: 0.6699 accuracy: 0.6042 val_loss: 0.7748 val_accuracy: 0.3760
Epoch: 20 loss: 0.6731 accuracy: 0.6048 val_loss: 0.7074 val_accuracy: 0.4730
Job ended!
