Tue 27 Feb 2024 04:39:35 PM EST
Python 3.9.7
nvcc: NVIDIA (R) Cuda compiler driver
Copyright (c) 2005-2019 NVIDIA Corporation
Built on Sun_Jul_28_19:07:16_PDT_2019
Cuda compilation tools, release 10.1, V10.1.243
My SLURM_ARRAY_TASK_ID: 
DB: ['ISIC2016', 'ISIC2019', 'ISIC2020']
IMG_SIZE: [150, 150]
CLASSIFIER: EfficientNetB6
SELF_AUG: 1
JOB_INDEX: None
Combining...
Combining 1 db out of 3 dbs
Combining 2 db out of 3 dbs
Combining 3 db out of 3 dbs
Stacking training images
Stacking training labels
Stacking validation images
Stacking validation labels
Model: "sequential"
_________________________________________________________________
Layer (type)                 Output Shape              Param #   
=================================================================
efficientnetb6 (Functional)  (None, 2304)              40960143  
_________________________________________________________________
dense (Dense)                (None, 512)               1180160   
_________________________________________________________________
dropout (Dropout)            (None, 512)               0         
_________________________________________________________________
batch_normalization (BatchNo (None, 512)               2048      
_________________________________________________________________
dense_1 (Dense)              (None, 256)               131328    
_________________________________________________________________
dropout_1 (Dropout)          (None, 256)               0         
_________________________________________________________________
batch_normalization_1 (Batch (None, 256)               1024      
_________________________________________________________________
dense_2 (Dense)              (None, 2)                 514       
=================================================================
Total params: 42,275,217
Trainable params: 1,313,538
Non-trainable params: 40,961,679
_________________________________________________________________
Fitting ISIC2016+ISIC2019+ISIC2020_aug_EfficientNetB6_150h_150w_None model...
model_name: ISIC2016+ISIC2019+ISIC2020_aug_EfficientNetB6_150h_150w_None
Epoch: 1 loss: 0.5783 accuracy: 0.7193 val_loss: 0.3703 val_accuracy: 0.9154
Epoch: 2 loss: 0.5660 accuracy: 0.7292 val_loss: 0.3468 val_accuracy: 0.9154
Epoch: 3 loss: 0.5637 accuracy: 0.7292 val_loss: 0.3492 val_accuracy: 0.9154
Epoch: 4 loss: 0.5615 accuracy: 0.7309 val_loss: 0.4529 val_accuracy: 0.9047
Epoch: 5 loss: 0.5579 accuracy: 0.7305 val_loss: 0.4103 val_accuracy: 0.9117
Epoch: 6 loss: 0.5543 accuracy: 0.7313 val_loss: 0.3766 val_accuracy: 0.9046
Epoch: 7 loss: 0.5516 accuracy: 0.7307 val_loss: 0.5201 val_accuracy: 0.9139
Epoch: 8 loss: 0.5477 accuracy: 0.7316 val_loss: 0.3325 val_accuracy: 0.9150
Epoch: 9 loss: 0.5472 accuracy: 0.7318 val_loss: 0.4397 val_accuracy: 0.9014
Epoch: 10 loss: 0.5461 accuracy: 0.7332 val_loss: 0.7080 val_accuracy: 0.4578
Epoch: 11 loss: 0.5444 accuracy: 0.7332 val_loss: 0.4688 val_accuracy: 0.9047
Epoch: 12 loss: 0.5434 accuracy: 0.7326 val_loss: 0.5260 val_accuracy: 0.8674
Epoch: 13 loss: 0.5426 accuracy: 0.7345 val_loss: 0.3930 val_accuracy: 0.8959
Epoch: 14 loss: 0.5398 accuracy: 0.7349 val_loss: 0.5158 val_accuracy: 0.9153
Epoch: 15 loss: 0.5377 accuracy: 0.7347 val_loss: 0.3378 val_accuracy: 0.9011
Epoch: 16 loss: 0.5390 accuracy: 0.7337 val_loss: 0.3773 val_accuracy: 0.9053
Epoch: 17 loss: 0.5381 accuracy: 0.7342 val_loss: 0.4761 val_accuracy: 0.9154
Epoch: 18 loss: 0.5381 accuracy: 0.7349 val_loss: 0.5442 val_accuracy: 0.9131
Epoch: 19 loss: 0.5347 accuracy: 0.7354 val_loss: 0.5647 val_accuracy: 0.8179
Epoch: 20 loss: 0.5361 accuracy: 0.7347 val_loss: 0.5433 val_accuracy: 0.9119
Job ended!
