Fri 01 Mar 2024 12:36:22 PM EST
Python 3.9.7
nvcc: NVIDIA (R) Cuda compiler driver
Copyright (c) 2005-2019 NVIDIA Corporation
Built on Sun_Jul_28_19:07:16_PDT_2019
Cuda compilation tools, release 10.1, V10.1.243
My SLURM_ARRAY_TASK_ID: 
DB: ['ISIC2016', 'ISIC2020', 'PH2']
IMG_SIZE: [150, 150]
CLASSIFIER: EfficientNetB6
SELF_AUG: 1
JOB_INDEX: None
Combining...
Combining 1 db out of 3 dbs
Combining 2 db out of 3 dbs
Combining 3 db out of 3 dbs
Stacking training images
Stacking training labels
Stacking validation images
Stacking validation labels
Model: "sequential"
_________________________________________________________________
Layer (type)                 Output Shape              Param #   
=================================================================
efficientnetb6 (Functional)  (None, 2304)              40960143  
_________________________________________________________________
dense (Dense)                (None, 512)               1180160   
_________________________________________________________________
dropout (Dropout)            (None, 512)               0         
_________________________________________________________________
batch_normalization (BatchNo (None, 512)               2048      
_________________________________________________________________
dense_1 (Dense)              (None, 256)               131328    
_________________________________________________________________
dropout_1 (Dropout)          (None, 256)               0         
_________________________________________________________________
batch_normalization_1 (Batch (None, 256)               1024      
_________________________________________________________________
dense_2 (Dense)              (None, 2)                 514       
=================================================================
Total params: 42,275,217
Trainable params: 1,313,538
Non-trainable params: 40,961,679
_________________________________________________________________
Fitting ISIC2016+ISIC2020+PH2_aug_EfficientNetB6_150h_150w_None model...
model_name: ISIC2016+ISIC2020+PH2_aug_EfficientNetB6_150h_150w_None
Epoch: 1 loss: 0.4702 accuracy: 0.7980 val_loss: 0.0991 val_accuracy: 0.9758
Epoch: 2 loss: 0.3378 accuracy: 0.8453 val_loss: 0.0856 val_accuracy: 0.9780
Epoch: 3 loss: 0.3115 accuracy: 0.8522 val_loss: 0.0849 val_accuracy: 0.9784
Epoch: 4 loss: 0.2956 accuracy: 0.8590 val_loss: 0.0820 val_accuracy: 0.9766
Epoch: 5 loss: 0.2855 accuracy: 0.8639 val_loss: 0.0852 val_accuracy: 0.9747
Epoch: 6 loss: 0.2753 accuracy: 0.8698 val_loss: 0.0817 val_accuracy: 0.9780
Epoch: 7 loss: 0.2730 accuracy: 0.8701 val_loss: 0.0806 val_accuracy: 0.9781
Epoch: 8 loss: 0.2677 accuracy: 0.8741 val_loss: 0.0760 val_accuracy: 0.9797
Epoch: 9 loss: 0.2644 accuracy: 0.8762 val_loss: 0.0788 val_accuracy: 0.9784
Epoch: 10 loss: 0.2624 accuracy: 0.8754 val_loss: 0.0797 val_accuracy: 0.9772
Epoch: 11 loss: 0.2579 accuracy: 0.8779 val_loss: 0.0793 val_accuracy: 0.9793
Epoch: 12 loss: 0.2606 accuracy: 0.8779 val_loss: 0.0801 val_accuracy: 0.9780
Epoch: 13 loss: 0.2550 accuracy: 0.8799 val_loss: 0.0798 val_accuracy: 0.9791
Epoch: 14 loss: 0.2529 accuracy: 0.8803 val_loss: 0.0781 val_accuracy: 0.9791
Epoch: 15 loss: 0.2517 accuracy: 0.8826 val_loss: 0.0781 val_accuracy: 0.9791
Epoch: 16 loss: 0.2500 accuracy: 0.8823 val_loss: 0.0829 val_accuracy: 0.9780
Epoch: 17 loss: 0.2476 accuracy: 0.8849 val_loss: 0.0787 val_accuracy: 0.9788
Epoch: 18 loss: 0.2469 accuracy: 0.8844 val_loss: 0.0787 val_accuracy: 0.9790
Epoch: 19 loss: 0.2441 accuracy: 0.8857 val_loss: 0.0799 val_accuracy: 0.9797
Epoch: 20 loss: 0.2434 accuracy: 0.8864 val_loss: 0.0829 val_accuracy: 0.9797
Job ended!
