Tue 27 Feb 2024 04:28:10 PM EST
Python 3.9.7
nvcc: NVIDIA (R) Cuda compiler driver
Copyright (c) 2005-2019 NVIDIA Corporation
Built on Sun_Jul_28_19:07:16_PDT_2019
Cuda compilation tools, release 10.1, V10.1.243
My SLURM_ARRAY_TASK_ID: 
DB: ['ISIC2016', 'ISIC2017', 'ISIC2018', 'PH2', '_7_point_criteria']
IMG_SIZE: [150, 150]
CLASSIFIER: EfficientNetB6
SELF_AUG: 1
JOB_INDEX: None
Combining...
Combining 1 db out of 5 dbs
Combining 2 db out of 5 dbs
Combining 3 db out of 5 dbs
Combining 4 db out of 5 dbs
Combining 5 db out of 5 dbs
Stacking training images
Stacking training labels
Stacking validation images
Stacking validation labels
Model: "sequential"
_________________________________________________________________
Layer (type)                 Output Shape              Param #   
=================================================================
efficientnetb6 (Functional)  (None, 2304)              40960143  
_________________________________________________________________
dense (Dense)                (None, 512)               1180160   
_________________________________________________________________
dropout (Dropout)            (None, 512)               0         
_________________________________________________________________
batch_normalization (BatchNo (None, 512)               2048      
_________________________________________________________________
dense_1 (Dense)              (None, 256)               131328    
_________________________________________________________________
dropout_1 (Dropout)          (None, 256)               0         
_________________________________________________________________
batch_normalization_1 (Batch (None, 256)               1024      
_________________________________________________________________
dense_2 (Dense)              (None, 2)                 514       
=================================================================
Total params: 42,275,217
Trainable params: 1,313,538
Non-trainable params: 40,961,679
_________________________________________________________________
Fitting ISIC2016+ISIC2017+ISIC2018+PH2+_7_point_criteria_aug_EfficientNetB6_150h_150w_None model...
model_name: ISIC2016+ISIC2017+ISIC2018+PH2+_7_point_criteria_aug_EfficientNetB6_150h_150w_None
Epoch: 1 loss: 0.6286 accuracy: 0.6771 val_loss: 0.5397 val_accuracy: 0.7961
Epoch: 2 loss: 0.6026 accuracy: 0.7028 val_loss: 0.4999 val_accuracy: 0.7961
Epoch: 3 loss: 0.5983 accuracy: 0.7034 val_loss: 0.5249 val_accuracy: 0.7961
Epoch: 4 loss: 0.5961 accuracy: 0.7041 val_loss: 0.5265 val_accuracy: 0.7961
Epoch: 5 loss: 0.5963 accuracy: 0.7045 val_loss: 0.5066 val_accuracy: 0.7961
Epoch: 6 loss: 0.5964 accuracy: 0.7044 val_loss: 0.4993 val_accuracy: 0.7961
Epoch: 7 loss: 0.5969 accuracy: 0.7049 val_loss: 0.5649 val_accuracy: 0.8017
Epoch: 8 loss: 0.5956 accuracy: 0.7053 val_loss: 0.5022 val_accuracy: 0.7961
Epoch: 9 loss: 0.5935 accuracy: 0.7058 val_loss: 0.5254 val_accuracy: 0.7975
Epoch: 10 loss: 0.5905 accuracy: 0.7080 val_loss: 0.5007 val_accuracy: 0.7961
Epoch: 11 loss: 0.5936 accuracy: 0.7078 val_loss: 0.5093 val_accuracy: 0.7961
Epoch: 12 loss: 0.5922 accuracy: 0.7069 val_loss: 0.5277 val_accuracy: 0.7975
Epoch: 13 loss: 0.5890 accuracy: 0.7083 val_loss: 0.4980 val_accuracy: 0.7975
Epoch: 14 loss: 0.5900 accuracy: 0.7095 val_loss: 0.5104 val_accuracy: 0.7989
Epoch: 15 loss: 0.5895 accuracy: 0.7096 val_loss: 0.4949 val_accuracy: 0.7961
Epoch: 16 loss: 0.5888 accuracy: 0.7071 val_loss: 0.5012 val_accuracy: 0.7975
Epoch: 17 loss: 0.5865 accuracy: 0.7107 val_loss: 0.4916 val_accuracy: 0.7975
Epoch: 18 loss: 0.5852 accuracy: 0.7072 val_loss: 0.4885 val_accuracy: 0.7975
Epoch: 19 loss: 0.5855 accuracy: 0.7084 val_loss: 0.4936 val_accuracy: 0.7961
Epoch: 20 loss: 0.5829 accuracy: 0.7109 val_loss: 0.5292 val_accuracy: 0.8017
Job ended!
