Fri 01 Mar 2024 11:22:07 AM EST
Python 3.9.7
nvcc: NVIDIA (R) Cuda compiler driver
Copyright (c) 2005-2019 NVIDIA Corporation
Built on Sun_Jul_28_19:07:16_PDT_2019
Cuda compilation tools, release 10.1, V10.1.243
My SLURM_ARRAY_TASK_ID: 
DB: ['ISIC2016', 'ISIC2017', 'ISIC2018', 'ISIC2019', 'ISIC2020', 'PH2', '_7_point_criteria', 'PAD_UFES_20', 'MEDNODE']
IMG_SIZE: [150, 150]
CLASSIFIER: EfficientNetB6
SELF_AUG: 1
JOB_INDEX: None
Combining...
Combining 1 db out of 9 dbs
Combining 2 db out of 9 dbs
Combining 3 db out of 9 dbs
Combining 4 db out of 9 dbs
Combining 5 db out of 9 dbs
Combining 6 db out of 9 dbs
Combining 7 db out of 9 dbs
Combining 8 db out of 9 dbs
Combining 9 db out of 9 dbs
Stacking training images
Stacking training labels
Stacking validation images
Stacking validation labels
Model: "sequential"
_________________________________________________________________
Layer (type)                 Output Shape              Param #   
=================================================================
efficientnetb6 (Functional)  (None, 2304)              40960143  
_________________________________________________________________
dense (Dense)                (None, 512)               1180160   
_________________________________________________________________
dropout (Dropout)            (None, 512)               0         
_________________________________________________________________
batch_normalization (BatchNo (None, 512)               2048      
_________________________________________________________________
dense_1 (Dense)              (None, 256)               131328    
_________________________________________________________________
dropout_1 (Dropout)          (None, 256)               0         
_________________________________________________________________
batch_normalization_1 (Batch (None, 256)               1024      
_________________________________________________________________
dense_2 (Dense)              (None, 2)                 514       
=================================================================
Total params: 42,275,217
Trainable params: 1,313,538
Non-trainable params: 40,961,679
_________________________________________________________________
Fitting ISIC2016+ISIC2017+ISIC2018+ISIC2019+ISIC2020+PH2+_7_point_criteria+PAD_UFES_20+MEDNODE_aug_EfficientNetB6_150h_150w_None model...
model_name: ISIC2016+ISIC2017+ISIC2018+ISIC2019+ISIC2020+PH2+_7_point_criteria+PAD_UFES_20+MEDNODE_aug_EfficientNetB6_150h_150w_None
Epoch: 1 loss: 0.4835 accuracy: 0.7767 val_loss: 0.2242 val_accuracy: 0.9174
Epoch: 2 loss: 0.4059 accuracy: 0.8078 val_loss: 0.2086 val_accuracy: 0.9246
Epoch: 3 loss: 0.3829 accuracy: 0.8178 val_loss: 0.2074 val_accuracy: 0.9259
Epoch: 4 loss: 0.3723 accuracy: 0.8257 val_loss: 0.2003 val_accuracy: 0.9276
Epoch: 5 loss: 0.3654 accuracy: 0.8285 val_loss: 0.1977 val_accuracy: 0.9272
Epoch: 6 loss: 0.3594 accuracy: 0.8321 val_loss: 0.1972 val_accuracy: 0.9291
Epoch: 7 loss: 0.3553 accuracy: 0.8332 val_loss: 0.1947 val_accuracy: 0.9283
Epoch: 8 loss: 0.3516 accuracy: 0.8365 val_loss: 0.1906 val_accuracy: 0.9295
Epoch: 9 loss: 0.3476 accuracy: 0.8382 val_loss: 0.1915 val_accuracy: 0.9310
Epoch: 10 loss: 0.3450 accuracy: 0.8394 val_loss: 0.1919 val_accuracy: 0.9295
Epoch: 11 loss: 0.3424 accuracy: 0.8406 val_loss: 0.1912 val_accuracy: 0.9305
Epoch: 12 loss: 0.3410 accuracy: 0.8405 val_loss: 0.1897 val_accuracy: 0.9317
Epoch: 13 loss: 0.3379 accuracy: 0.8419 val_loss: 0.1877 val_accuracy: 0.9324
Epoch: 14 loss: 0.3338 accuracy: 0.8441 val_loss: 0.1907 val_accuracy: 0.9308
Epoch: 15 loss: 0.3320 accuracy: 0.8451 val_loss: 0.1911 val_accuracy: 0.9309
Epoch: 16 loss: 0.3313 accuracy: 0.8458 val_loss: 0.1873 val_accuracy: 0.9332
Epoch: 17 loss: 0.3270 accuracy: 0.8472 val_loss: 0.1871 val_accuracy: 0.9326
Epoch: 18 loss: 0.3254 accuracy: 0.8494 val_loss: 0.1830 val_accuracy: 0.9336
Epoch: 19 loss: 0.3247 accuracy: 0.8498 val_loss: 0.1854 val_accuracy: 0.9342
Epoch: 20 loss: 0.3226 accuracy: 0.8504 val_loss: 0.1857 val_accuracy: 0.9284
Job ended!
