Fri 01 Mar 2024 12:32:41 PM EST
Python 3.9.7
nvcc: NVIDIA (R) Cuda compiler driver
Copyright (c) 2005-2019 NVIDIA Corporation
Built on Sun_Jul_28_19:07:16_PDT_2019
Cuda compilation tools, release 10.1, V10.1.243
My SLURM_ARRAY_TASK_ID: 
DB: ['ISIC2016', 'ISIC2020']
IMG_SIZE: [150, 150]
CLASSIFIER: EfficientNetB6
SELF_AUG: 1
JOB_INDEX: None
Combining...
Combining 1 db out of 2 dbs
Combining 2 db out of 2 dbs
Stacking training images
Stacking training labels
Stacking validation images
Stacking validation labels
Model: "sequential"
_________________________________________________________________
Layer (type)                 Output Shape              Param #   
=================================================================
efficientnetb6 (Functional)  (None, 2304)              40960143  
_________________________________________________________________
dense (Dense)                (None, 512)               1180160   
_________________________________________________________________
dropout (Dropout)            (None, 512)               0         
_________________________________________________________________
batch_normalization (BatchNo (None, 512)               2048      
_________________________________________________________________
dense_1 (Dense)              (None, 256)               131328    
_________________________________________________________________
dropout_1 (Dropout)          (None, 256)               0         
_________________________________________________________________
batch_normalization_1 (Batch (None, 256)               1024      
_________________________________________________________________
dense_2 (Dense)              (None, 2)                 514       
=================================================================
Total params: 42,275,217
Trainable params: 1,313,538
Non-trainable params: 40,961,679
_________________________________________________________________
Fitting ISIC2016+ISIC2020_aug_EfficientNetB6_150h_150w_None model...
model_name: ISIC2016+ISIC2020_aug_EfficientNetB6_150h_150w_None
Epoch: 1 loss: 0.4635 accuracy: 0.8009 val_loss: 0.1060 val_accuracy: 0.9772
Epoch: 2 loss: 0.3348 accuracy: 0.8433 val_loss: 0.0820 val_accuracy: 0.9793
Epoch: 3 loss: 0.3071 accuracy: 0.8539 val_loss: 0.0835 val_accuracy: 0.9775
Epoch: 4 loss: 0.2901 accuracy: 0.8594 val_loss: 0.0800 val_accuracy: 0.9784
Epoch: 5 loss: 0.2819 accuracy: 0.8656 val_loss: 0.0830 val_accuracy: 0.9780
Epoch: 6 loss: 0.2727 accuracy: 0.8701 val_loss: 0.0823 val_accuracy: 0.9775
Epoch: 7 loss: 0.2704 accuracy: 0.8701 val_loss: 0.0824 val_accuracy: 0.9774
Epoch: 8 loss: 0.2667 accuracy: 0.8739 val_loss: 0.0804 val_accuracy: 0.9778
Epoch: 9 loss: 0.2644 accuracy: 0.8767 val_loss: 0.0788 val_accuracy: 0.9799
Epoch: 10 loss: 0.2618 accuracy: 0.8754 val_loss: 0.0776 val_accuracy: 0.9788
Epoch: 11 loss: 0.2589 accuracy: 0.8766 val_loss: 0.0772 val_accuracy: 0.9794
Epoch: 12 loss: 0.2580 accuracy: 0.8778 val_loss: 0.0782 val_accuracy: 0.9777
Epoch: 13 loss: 0.2566 accuracy: 0.8785 val_loss: 0.0777 val_accuracy: 0.9796
Epoch: 14 loss: 0.2539 accuracy: 0.8791 val_loss: 0.0789 val_accuracy: 0.9785
Epoch: 15 loss: 0.2525 accuracy: 0.8805 val_loss: 0.0781 val_accuracy: 0.9787
Epoch: 16 loss: 0.2476 accuracy: 0.8828 val_loss: 0.0793 val_accuracy: 0.9781
Epoch: 17 loss: 0.2483 accuracy: 0.8829 val_loss: 0.0798 val_accuracy: 0.9785
Epoch: 18 loss: 0.2457 accuracy: 0.8850 val_loss: 0.0820 val_accuracy: 0.9759
Epoch: 19 loss: 0.2460 accuracy: 0.8852 val_loss: 0.0795 val_accuracy: 0.9780
Epoch: 20 loss: 0.2427 accuracy: 0.8845 val_loss: 0.0808 val_accuracy: 0.9774
Job ended!
