Tue 27 Feb 2024 02:57:51 PM EST
Python 3.9.7
nvcc: NVIDIA (R) Cuda compiler driver
Copyright (c) 2005-2019 NVIDIA Corporation
Built on Sun_Jul_28_19:07:16_PDT_2019
Cuda compilation tools, release 10.1, V10.1.243
My SLURM_ARRAY_TASK_ID: 
DB: ['ISIC2016', 'ISIC2017', 'ISIC2018', 'ISIC2019', 'ISIC2020', 'PAD_UFES_20', 'MEDNODE']
IMG_SIZE: [150, 150]
CLASSIFIER: EfficientNetB6
SELF_AUG: 1
JOB_INDEX: None
Combining...
Combining 1 db out of 7 dbs
Combining 2 db out of 7 dbs
Combining 3 db out of 7 dbs
Combining 4 db out of 7 dbs
Combining 5 db out of 7 dbs
Combining 6 db out of 7 dbs
Combining 7 db out of 7 dbs
Stacking training images
Stacking training labels
Stacking validation images
Stacking validation labels
Model: "sequential"
_________________________________________________________________
Layer (type)                 Output Shape              Param #   
=================================================================
efficientnetb6 (Functional)  (None, 2304)              40960143  
_________________________________________________________________
dense (Dense)                (None, 512)               1180160   
_________________________________________________________________
dropout (Dropout)            (None, 512)               0         
_________________________________________________________________
batch_normalization (BatchNo (None, 512)               2048      
_________________________________________________________________
dense_1 (Dense)              (None, 256)               131328    
_________________________________________________________________
dropout_1 (Dropout)          (None, 256)               0         
_________________________________________________________________
batch_normalization_1 (Batch (None, 256)               1024      
_________________________________________________________________
dense_2 (Dense)              (None, 2)                 514       
=================================================================
Total params: 42,275,217
Trainable params: 1,313,538
Non-trainable params: 40,961,679
_________________________________________________________________
Fitting ISIC2016+ISIC2017+ISIC2018+ISIC2019+ISIC2020+PAD_UFES_20+MEDNODE_aug_EfficientNetB6_150h_150w_None model...
model_name: ISIC2016+ISIC2017+ISIC2018+ISIC2019+ISIC2020+PAD_UFES_20+MEDNODE_aug_EfficientNetB6_150h_150w_None
Epoch: 1 loss: 0.5780 accuracy: 0.7196 val_loss: 0.4464 val_accuracy: 0.9146
Epoch: 2 loss: 0.5673 accuracy: 0.7266 val_loss: 0.3858 val_accuracy: 0.9152
Epoch: 3 loss: 0.5625 accuracy: 0.7272 val_loss: 0.3794 val_accuracy: 0.9152
Epoch: 4 loss: 0.5606 accuracy: 0.7277 val_loss: 0.4185 val_accuracy: 0.9127
Epoch: 5 loss: 0.5596 accuracy: 0.7276 val_loss: 0.4459 val_accuracy: 0.9152
Epoch: 6 loss: 0.5553 accuracy: 0.7264 val_loss: 0.4373 val_accuracy: 0.9026
Epoch: 7 loss: 0.5517 accuracy: 0.7282 val_loss: 0.5489 val_accuracy: 0.8725
Epoch: 8 loss: 0.5506 accuracy: 0.7262 val_loss: 0.4151 val_accuracy: 0.9050
Epoch: 9 loss: 0.5489 accuracy: 0.7269 val_loss: 0.5218 val_accuracy: 0.8779
Epoch: 10 loss: 0.5513 accuracy: 0.7271 val_loss: 0.5427 val_accuracy: 0.9152
Epoch: 11 loss: 0.5477 accuracy: 0.7260 val_loss: 0.4979 val_accuracy: 0.9152
Epoch: 12 loss: 0.5463 accuracy: 0.7270 val_loss: 0.5456 val_accuracy: 0.8050
Epoch: 13 loss: 0.5443 accuracy: 0.7264 val_loss: 0.4756 val_accuracy: 0.8851
Epoch: 14 loss: 0.5440 accuracy: 0.7278 val_loss: 0.6670 val_accuracy: 0.4895
Epoch: 15 loss: 0.5426 accuracy: 0.7272 val_loss: 0.2883 val_accuracy: 0.9097
Epoch: 16 loss: 0.5418 accuracy: 0.7252 val_loss: 0.2696 val_accuracy: 0.9152
Epoch: 17 loss: 0.5394 accuracy: 0.7268 val_loss: 0.4305 val_accuracy: 0.9152
Epoch: 18 loss: 0.5396 accuracy: 0.7267 val_loss: 0.5555 val_accuracy: 0.9033
Epoch: 19 loss: 0.5392 accuracy: 0.7267 val_loss: 0.6405 val_accuracy: 0.5560
Epoch: 20 loss: 0.5400 accuracy: 0.7267 val_loss: 0.4809 val_accuracy: 0.8467
Job ended!
