Wed 08 May 2024 12:46:23 AM EDT
Python 3.9.7
nvcc: NVIDIA (R) Cuda compiler driver
Copyright (c) 2005-2019 NVIDIA Corporation
Built on Sun_Jul_28_19:07:16_PDT_2019
Cuda compilation tools, release 10.1, V10.1.243
My SLURM_ARRAY_TASK_ID: 
DB: ['ISIC2016', 'ISIC2019', 'ISIC2020']
IMG_SIZE: [384, 384]
CLASSIFIER: EfficientNetB6
JOB_INDEX: None
Start training augmented images
Combining...
Combining 1th db out of 3 dbs
Combining 2th db out of 3 dbs
Combining 3th db out of 3 dbs
Stacking data
Combining complete
Model: "sequential"
_________________________________________________________________
Layer (type)                 Output Shape              Param #   
=================================================================
efficientnetb6 (Functional)  (None, 2304)              40960143  
_________________________________________________________________
dense (Dense)                (None, 512)               1180160   
_________________________________________________________________
dropout (Dropout)            (None, 512)               0         
_________________________________________________________________
batch_normalization (BatchNo (None, 512)               2048      
_________________________________________________________________
dense_1 (Dense)              (None, 256)               131328    
_________________________________________________________________
batch_normalization_1 (Batch (None, 256)               1024      
_________________________________________________________________
dense_2 (Dense)              (None, 2)                 514       
=================================================================
Total params: 42,275,217
Trainable params: 1,313,538
Non-trainable params: 40,961,679
_________________________________________________________________
Fitting ISIC2016+ISIC2019+ISIC2020_aug_EfficientNetB6_384h_384w_None model...
model_name: ISIC2016+ISIC2019+ISIC2020_aug_EfficientNetB6_384h_384w_None
Epoch: 1 loss: 1.1195 accuracy: 0.6667 val_loss: 0.7663 val_accuracy: 0.9108
Epoch: 2 loss: 0.9529 accuracy: 0.7250 val_loss: 0.7093 val_accuracy: 0.9108
Epoch: 3 loss: 0.8659 accuracy: 0.7234 val_loss: 0.6658 val_accuracy: 0.9108
Epoch: 4 loss: 0.7879 accuracy: 0.7240 val_loss: 0.5726 val_accuracy: 0.9108
Epoch: 5 loss: 0.7250 accuracy: 0.7258 val_loss: 0.5549 val_accuracy: 0.9108
Epoch: 6 loss: 0.6827 accuracy: 0.7245 val_loss: 0.5413 val_accuracy: 0.9108
Epoch: 7 loss: 0.6525 accuracy: 0.7274 val_loss: 0.4323 val_accuracy: 0.9108
Epoch: 8 loss: 0.6353 accuracy: 0.7281 val_loss: 0.5098 val_accuracy: 0.9108
Epoch: 9 loss: 0.6256 accuracy: 0.7267 val_loss: 0.3767 val_accuracy: 0.9108
Epoch: 10 loss: 0.6154 accuracy: 0.7293 val_loss: 0.4177 val_accuracy: 0.9108
Epoch: 11 loss: 0.6159 accuracy: 0.7228 val_loss: 0.4226 val_accuracy: 0.9108
Epoch: 12 loss: 0.6057 accuracy: 0.7295 val_loss: 0.4040 val_accuracy: 0.9108
Epoch: 13 loss: 0.6040 accuracy: 0.7279 val_loss: 0.4650 val_accuracy: 0.9108
Epoch: 14 loss: 0.6046 accuracy: 0.7250 val_loss: 0.4200 val_accuracy: 0.9108

Epoch 00014: ReduceLROnPlateau reducing learning rate to 7.999999797903001e-05.
Epoch: 15 loss: 0.5996 accuracy: 0.7274 val_loss: 0.4416 val_accuracy: 0.9108
Epoch: 16 loss: 0.6008 accuracy: 0.7246 val_loss: 0.4332 val_accuracy: 0.9108
Epoch: 17 loss: 0.5970 accuracy: 0.7273 val_loss: 0.3955 val_accuracy: 0.9108
Epoch: 18 loss: 0.5981 accuracy: 0.7247 val_loss: 0.3927 val_accuracy: 0.9108
Epoch: 19 loss: 0.5964 accuracy: 0.7258 val_loss: 0.4282 val_accuracy: 0.9108

Epoch 00019: ReduceLROnPlateau reducing learning rate to 6.399999838322402e-05.
End of augmented training
Finish
Job ended!
