Fri 01 Mar 2024 11:21:08 AM EST
Python 3.9.7
nvcc: NVIDIA (R) Cuda compiler driver
Copyright (c) 2005-2019 NVIDIA Corporation
Built on Sun_Jul_28_19:07:16_PDT_2019
Cuda compilation tools, release 10.1, V10.1.243
My SLURM_ARRAY_TASK_ID: 
DB: ['ISIC2016', 'ISIC2017', 'ISIC2018', 'ISIC2019', 'ISIC2020', 'PH2', '_7_point_criteria', 'PAD_UFES_20']
IMG_SIZE: [150, 150]
CLASSIFIER: EfficientNetB6
SELF_AUG: 1
JOB_INDEX: None
Combining...
Combining 1 db out of 8 dbs
Combining 2 db out of 8 dbs
Combining 3 db out of 8 dbs
Combining 4 db out of 8 dbs
Combining 5 db out of 8 dbs
Combining 6 db out of 8 dbs
Combining 7 db out of 8 dbs
Combining 8 db out of 8 dbs
Stacking training images
Stacking training labels
Stacking validation images
Stacking validation labels
Model: "sequential"
_________________________________________________________________
Layer (type)                 Output Shape              Param #   
=================================================================
efficientnetb6 (Functional)  (None, 2304)              40960143  
_________________________________________________________________
dense (Dense)                (None, 512)               1180160   
_________________________________________________________________
dropout (Dropout)            (None, 512)               0         
_________________________________________________________________
batch_normalization (BatchNo (None, 512)               2048      
_________________________________________________________________
dense_1 (Dense)              (None, 256)               131328    
_________________________________________________________________
dropout_1 (Dropout)          (None, 256)               0         
_________________________________________________________________
batch_normalization_1 (Batch (None, 256)               1024      
_________________________________________________________________
dense_2 (Dense)              (None, 2)                 514       
=================================================================
Total params: 42,275,217
Trainable params: 1,313,538
Non-trainable params: 40,961,679
_________________________________________________________________
Fitting ISIC2016+ISIC2017+ISIC2018+ISIC2019+ISIC2020+PH2+_7_point_criteria+PAD_UFES_20_aug_EfficientNetB6_150h_150w_None model...
model_name: ISIC2016+ISIC2017+ISIC2018+ISIC2019+ISIC2020+PH2+_7_point_criteria+PAD_UFES_20_aug_EfficientNetB6_150h_150w_None
Epoch: 1 loss: 0.4806 accuracy: 0.7770 val_loss: 0.2157 val_accuracy: 0.9221
Epoch: 2 loss: 0.4055 accuracy: 0.8070 val_loss: 0.2108 val_accuracy: 0.9216
Epoch: 3 loss: 0.3833 accuracy: 0.8179 val_loss: 0.2058 val_accuracy: 0.9245
Epoch: 4 loss: 0.3733 accuracy: 0.8242 val_loss: 0.2002 val_accuracy: 0.9286
Epoch: 5 loss: 0.3648 accuracy: 0.8284 val_loss: 0.2019 val_accuracy: 0.9284
Epoch: 6 loss: 0.3584 accuracy: 0.8323 val_loss: 0.1978 val_accuracy: 0.9276
Epoch: 7 loss: 0.3548 accuracy: 0.8331 val_loss: 0.1942 val_accuracy: 0.9296
Epoch: 8 loss: 0.3516 accuracy: 0.8366 val_loss: 0.1932 val_accuracy: 0.9300
Epoch: 9 loss: 0.3485 accuracy: 0.8378 val_loss: 0.1935 val_accuracy: 0.9273
Epoch: 10 loss: 0.3454 accuracy: 0.8393 val_loss: 0.1977 val_accuracy: 0.9286
Epoch: 11 loss: 0.3421 accuracy: 0.8406 val_loss: 0.1894 val_accuracy: 0.9316
Epoch: 12 loss: 0.3408 accuracy: 0.8414 val_loss: 0.1917 val_accuracy: 0.9300
Epoch: 13 loss: 0.3377 accuracy: 0.8428 val_loss: 0.1878 val_accuracy: 0.9325
Epoch: 14 loss: 0.3339 accuracy: 0.8445 val_loss: 0.1859 val_accuracy: 0.9342
Epoch: 15 loss: 0.3343 accuracy: 0.8437 val_loss: 0.1885 val_accuracy: 0.9302
Epoch: 16 loss: 0.3303 accuracy: 0.8458 val_loss: 0.1829 val_accuracy: 0.9342
Epoch: 17 loss: 0.3277 accuracy: 0.8469 val_loss: 0.1914 val_accuracy: 0.9323
Epoch: 18 loss: 0.3264 accuracy: 0.8472 val_loss: 0.1831 val_accuracy: 0.9317
Epoch: 19 loss: 0.3236 accuracy: 0.8490 val_loss: 0.1816 val_accuracy: 0.9354
Epoch: 20 loss: 0.3230 accuracy: 0.8498 val_loss: 0.1827 val_accuracy: 0.9320
Job ended!
