Tue 07 May 2024 11:09:47 PM EDT
Python 3.9.7
nvcc: NVIDIA (R) Cuda compiler driver
Copyright (c) 2005-2019 NVIDIA Corporation
Built on Sun_Jul_28_19:07:16_PDT_2019
Cuda compilation tools, release 10.1, V10.1.243
My SLURM_ARRAY_TASK_ID: 
DB: ['ISIC2016', 'ISIC2017', 'ISIC2018', 'PAD_UFES_20', 'MEDNODE']
IMG_SIZE: [384, 384]
CLASSIFIER: EfficientNetB6
JOB_INDEX: None
Start training augmented images
Combining...
Combining 1th db out of 5 dbs
Combining 2th db out of 5 dbs
Combining 3th db out of 5 dbs
Combining 4th db out of 5 dbs
Combining 5th db out of 5 dbs
Stacking data
Combining complete
Model: "sequential"
_________________________________________________________________
Layer (type)                 Output Shape              Param #   
=================================================================
efficientnetb6 (Functional)  (None, 2304)              40960143  
_________________________________________________________________
dense (Dense)                (None, 512)               1180160   
_________________________________________________________________
dropout (Dropout)            (None, 512)               0         
_________________________________________________________________
batch_normalization (BatchNo (None, 512)               2048      
_________________________________________________________________
dense_1 (Dense)              (None, 256)               131328    
_________________________________________________________________
batch_normalization_1 (Batch (None, 256)               1024      
_________________________________________________________________
dense_2 (Dense)              (None, 2)                 514       
=================================================================
Total params: 42,275,217
Trainable params: 1,313,538
Non-trainable params: 40,961,679
_________________________________________________________________
Fitting ISIC2016+ISIC2017+ISIC2018+PAD_UFES_20+MEDNODE_aug_EfficientNetB6_384h_384w_None model...
model_name: ISIC2016+ISIC2017+ISIC2018+PAD_UFES_20+MEDNODE_aug_EfficientNetB6_384h_384w_None
Epoch: 1 loss: 1.2731 accuracy: 0.5691 val_loss: 1.3061 val_accuracy: 0.1101
Epoch: 2 loss: 1.0842 accuracy: 0.6739 val_loss: 0.9474 val_accuracy: 0.8899
Epoch: 3 loss: 1.0375 accuracy: 0.6980 val_loss: 0.9730 val_accuracy: 0.8899
Epoch: 4 loss: 1.0005 accuracy: 0.7070 val_loss: 0.8056 val_accuracy: 0.8899
Epoch: 5 loss: 0.9692 accuracy: 0.7143 val_loss: 0.7807 val_accuracy: 0.8899
Epoch: 6 loss: 0.9481 accuracy: 0.7100 val_loss: 0.7413 val_accuracy: 0.8899
Epoch: 7 loss: 0.9181 accuracy: 0.7143 val_loss: 0.7284 val_accuracy: 0.8899
Epoch: 8 loss: 0.8896 accuracy: 0.7182 val_loss: 0.7331 val_accuracy: 0.8899
Epoch: 9 loss: 0.8728 accuracy: 0.7136 val_loss: 0.6786 val_accuracy: 0.8899
Epoch: 10 loss: 0.8547 accuracy: 0.7077 val_loss: 0.7004 val_accuracy: 0.8899
Epoch: 11 loss: 0.8248 accuracy: 0.7177 val_loss: 0.6201 val_accuracy: 0.8899
Epoch: 12 loss: 0.8064 accuracy: 0.7149 val_loss: 0.7483 val_accuracy: 0.8899
Epoch: 13 loss: 0.7811 accuracy: 0.7213 val_loss: 0.5996 val_accuracy: 0.8899
Epoch: 14 loss: 0.7667 accuracy: 0.7164 val_loss: 0.6920 val_accuracy: 0.8899
Epoch: 15 loss: 0.7473 accuracy: 0.7175 val_loss: 0.5551 val_accuracy: 0.8899
Epoch: 16 loss: 0.7383 accuracy: 0.7128 val_loss: 0.6178 val_accuracy: 0.8899
Epoch: 17 loss: 0.7158 accuracy: 0.7213 val_loss: 0.5494 val_accuracy: 0.8899
Epoch: 18 loss: 0.7072 accuracy: 0.7165 val_loss: 0.5149 val_accuracy: 0.8899
Epoch: 19 loss: 0.6921 accuracy: 0.7197 val_loss: 0.5471 val_accuracy: 0.8899
Epoch: 20 loss: 0.6780 accuracy: 0.7242 val_loss: 0.5028 val_accuracy: 0.8899
Epoch: 21 loss: 0.6724 accuracy: 0.7220 val_loss: 0.5255 val_accuracy: 0.8899
Epoch: 22 loss: 0.6636 accuracy: 0.7220 val_loss: 0.5547 val_accuracy: 0.8899
Epoch: 23 loss: 0.6596 accuracy: 0.7194 val_loss: 0.5579 val_accuracy: 0.8899
Epoch: 24 loss: 0.6586 accuracy: 0.7138 val_loss: 0.4632 val_accuracy: 0.8899
Epoch: 25 loss: 0.6462 accuracy: 0.7226 val_loss: 0.5205 val_accuracy: 0.8899
Epoch: 26 loss: 0.6451 accuracy: 0.7197 val_loss: 0.4256 val_accuracy: 0.8899
Epoch: 27 loss: 0.6432 accuracy: 0.7178 val_loss: 0.4508 val_accuracy: 0.8899
Epoch: 28 loss: 0.6386 accuracy: 0.7181 val_loss: 0.4694 val_accuracy: 0.8899
Epoch: 29 loss: 0.6361 accuracy: 0.7180 val_loss: 0.5051 val_accuracy: 0.8899
Epoch: 30 loss: 0.6341 accuracy: 0.7157 val_loss: 0.4899 val_accuracy: 0.8899
Epoch: 31 loss: 0.6316 accuracy: 0.7171 val_loss: 0.4574 val_accuracy: 0.8899

Epoch 00031: ReduceLROnPlateau reducing learning rate to 7.999999797903001e-05.
Epoch: 32 loss: 0.6303 accuracy: 0.7162 val_loss: 0.4581 val_accuracy: 0.8899
Epoch: 33 loss: 0.6274 accuracy: 0.7182 val_loss: 0.5286 val_accuracy: 0.8899
Epoch: 34 loss: 0.6259 accuracy: 0.7172 val_loss: 0.4346 val_accuracy: 0.8899
Epoch: 35 loss: 0.6238 accuracy: 0.7174 val_loss: 0.4540 val_accuracy: 0.8899
Epoch: 36 loss: 0.6242 accuracy: 0.7166 val_loss: 0.4858 val_accuracy: 0.8899

Epoch 00036: ReduceLROnPlateau reducing learning rate to 6.399999838322402e-05.
End of augmented training
Finish
Job ended!
