Fri 01 Mar 2024 09:49:36 PM EST
Python 3.9.7
nvcc: NVIDIA (R) Cuda compiler driver
Copyright (c) 2005-2019 NVIDIA Corporation
Built on Sun_Jul_28_19:07:16_PDT_2019
Cuda compilation tools, release 10.1, V10.1.243
My SLURM_ARRAY_TASK_ID: 
DB: ['HAM10000']
IMG_SIZE: [150, 150]
CLASSIFIER: ResNet50
SELF_AUG: 1
JOB_INDEX: None
Combining...
Combining 1 db out of 1 dbs
Stacking training images
Stacking training labels
Stacking validation images
Stacking validation labels
Model: "sequential"
_________________________________________________________________
Layer (type)                 Output Shape              Param #   
=================================================================
resnet50 (Functional)        (None, 2048)              23587712  
_________________________________________________________________
dense (Dense)                (None, 512)               1049088   
_________________________________________________________________
dropout (Dropout)            (None, 512)               0         
_________________________________________________________________
batch_normalization (BatchNo (None, 512)               2048      
_________________________________________________________________
dense_1 (Dense)              (None, 256)               131328    
_________________________________________________________________
dropout_1 (Dropout)          (None, 256)               0         
_________________________________________________________________
batch_normalization_1 (Batch (None, 256)               1024      
_________________________________________________________________
dense_2 (Dense)              (None, 2)                 514       
=================================================================
Total params: 24,771,714
Trainable params: 1,182,466
Non-trainable params: 23,589,248
_________________________________________________________________
Fitting HAM10000_aug_ResNet50_150h_150w_None model...
model_name: HAM10000_aug_ResNet50_150h_150w_None
Epoch: 1 loss: 0.5914 accuracy: 0.7467 val_loss: 0.2128 val_accuracy: 0.9185
Epoch: 2 loss: 0.4423 accuracy: 0.8099 val_loss: 0.1284 val_accuracy: 0.9558
Epoch: 3 loss: 0.3900 accuracy: 0.8351 val_loss: 0.1111 val_accuracy: 0.9672
Epoch: 4 loss: 0.3516 accuracy: 0.8498 val_loss: 0.1221 val_accuracy: 0.9536
Epoch: 5 loss: 0.3288 accuracy: 0.8605 val_loss: 0.1162 val_accuracy: 0.9615
Epoch: 6 loss: 0.3149 accuracy: 0.8672 val_loss: 0.1048 val_accuracy: 0.9615
Epoch: 7 loss: 0.3031 accuracy: 0.8708 val_loss: 0.0962 val_accuracy: 0.9638
Epoch: 8 loss: 0.2738 accuracy: 0.8802 val_loss: 0.1007 val_accuracy: 0.9638
Epoch: 9 loss: 0.2627 accuracy: 0.8891 val_loss: 0.1019 val_accuracy: 0.9638
Epoch: 10 loss: 0.2447 accuracy: 0.8972 val_loss: 0.0953 val_accuracy: 0.9649
Epoch: 11 loss: 0.2331 accuracy: 0.9052 val_loss: 0.1050 val_accuracy: 0.9558
Epoch: 12 loss: 0.2269 accuracy: 0.9045 val_loss: 0.1023 val_accuracy: 0.9615
Epoch: 13 loss: 0.2169 accuracy: 0.9092 val_loss: 0.1080 val_accuracy: 0.9660
Epoch: 14 loss: 0.2031 accuracy: 0.9151 val_loss: 0.1008 val_accuracy: 0.9581
Epoch: 15 loss: 0.1948 accuracy: 0.9205 val_loss: 0.1114 val_accuracy: 0.9649
Epoch: 16 loss: 0.1892 accuracy: 0.9217 val_loss: 0.1173 val_accuracy: 0.9638
Epoch: 17 loss: 0.1750 accuracy: 0.9291 val_loss: 0.1237 val_accuracy: 0.9490
Epoch: 18 loss: 0.1728 accuracy: 0.9292 val_loss: 0.1103 val_accuracy: 0.9649
Epoch: 19 loss: 0.1616 accuracy: 0.9338 val_loss: 0.1196 val_accuracy: 0.9570
Epoch: 20 loss: 0.1506 accuracy: 0.9370 val_loss: 0.1397 val_accuracy: 0.9524
Job ended!
