Wed 28 Feb 2024 08:18:04 AM EST
Python 3.9.7
nvcc: NVIDIA (R) Cuda compiler driver
Copyright (c) 2005-2019 NVIDIA Corporation
Built on Sun_Jul_28_19:07:16_PDT_2019
Cuda compilation tools, release 10.1, V10.1.243
My SLURM_ARRAY_TASK_ID: 
DB: ['ISIC2016', 'PAD_UFES_20', 'MEDNODE', 'KaggleMB']
IMG_SIZE: [150, 150]
CLASSIFIER: ResNet50
SELF_AUG: 1
JOB_INDEX: None
Combining...
Combining 1 db out of 4 dbs
Combining 2 db out of 4 dbs
Combining 3 db out of 4 dbs
Combining 4 db out of 4 dbs
Stacking training images
Stacking training labels
Stacking validation images
Stacking validation labels
Model: "sequential"
_________________________________________________________________
Layer (type)                 Output Shape              Param #   
=================================================================
resnet50 (Functional)        (None, 2048)              23587712  
_________________________________________________________________
dense (Dense)                (None, 512)               1049088   
_________________________________________________________________
dropout (Dropout)            (None, 512)               0         
_________________________________________________________________
batch_normalization (BatchNo (None, 512)               2048      
_________________________________________________________________
dense_1 (Dense)              (None, 256)               131328    
_________________________________________________________________
dropout_1 (Dropout)          (None, 256)               0         
_________________________________________________________________
batch_normalization_1 (Batch (None, 256)               1024      
_________________________________________________________________
dense_2 (Dense)              (None, 2)                 514       
=================================================================
Total params: 24,771,714
Trainable params: 1,182,466
Non-trainable params: 23,589,248
_________________________________________________________________
Fitting ISIC2016+PAD_UFES_20+MEDNODE+KaggleMB_aug_ResNet50_150h_150w_None model...
model_name: ISIC2016+PAD_UFES_20+MEDNODE+KaggleMB_aug_ResNet50_150h_150w_None
Epoch: 1 loss: 0.8568 accuracy: 0.5569 val_loss: 0.5428 val_accuracy: 0.7587
Epoch: 2 loss: 0.7985 accuracy: 0.5758 val_loss: 0.5370 val_accuracy: 0.7587
Epoch: 3 loss: 0.7757 accuracy: 0.5691 val_loss: 1.2859 val_accuracy: 0.3020
Epoch: 4 loss: 0.7839 accuracy: 0.5544 val_loss: 0.6557 val_accuracy: 0.6697
Epoch: 5 loss: 0.7621 accuracy: 0.5597 val_loss: 0.6722 val_accuracy: 0.6115
Epoch: 6 loss: 0.7708 accuracy: 0.5515 val_loss: 0.5707 val_accuracy: 0.7571
Epoch: 7 loss: 0.7520 accuracy: 0.5507 val_loss: 0.9309 val_accuracy: 0.2396
Epoch: 8 loss: 0.7350 accuracy: 0.5483 val_loss: 0.9948 val_accuracy: 0.2396
Epoch: 9 loss: 0.7252 accuracy: 0.5459 val_loss: 0.9387 val_accuracy: 0.2396
Epoch: 10 loss: 0.7028 accuracy: 0.5539 val_loss: 0.5664 val_accuracy: 0.7604
Epoch: 11 loss: 0.6947 accuracy: 0.5567 val_loss: 0.7314 val_accuracy: 0.2396
Epoch: 12 loss: 0.6851 accuracy: 0.5724 val_loss: 0.7040 val_accuracy: 0.2396
Epoch: 13 loss: 0.6830 accuracy: 0.5768 val_loss: 0.6231 val_accuracy: 0.7604
Epoch: 14 loss: 0.6821 accuracy: 0.5770 val_loss: 0.6002 val_accuracy: 0.7604
Epoch: 15 loss: 0.6813 accuracy: 0.5769 val_loss: 0.6260 val_accuracy: 0.7604
Epoch: 16 loss: 0.6814 accuracy: 0.5774 val_loss: 0.6209 val_accuracy: 0.7604
Epoch: 17 loss: 0.6816 accuracy: 0.5762 val_loss: 0.6257 val_accuracy: 0.7604
Epoch: 18 loss: 0.6821 accuracy: 0.5761 val_loss: 0.6224 val_accuracy: 0.7604
Epoch: 19 loss: 0.6811 accuracy: 0.5769 val_loss: 0.6236 val_accuracy: 0.7604
Epoch: 20 loss: 0.6813 accuracy: 0.5770 val_loss: 0.6267 val_accuracy: 0.7604
Job ended!
