Wed 28 Feb 2024 08:15:46 AM EST
Python 3.9.7
nvcc: NVIDIA (R) Cuda compiler driver
Copyright (c) 2005-2019 NVIDIA Corporation
Built on Sun_Jul_28_19:07:16_PDT_2019
Cuda compilation tools, release 10.1, V10.1.243
My SLURM_ARRAY_TASK_ID: 
DB: ['ISIC2016', 'MEDNODE']
IMG_SIZE: [150, 150]
CLASSIFIER: ResNet50
SELF_AUG: 1
JOB_INDEX: None
Combining...
Combining 1 db out of 2 dbs
Combining 2 db out of 2 dbs
Stacking training images
Stacking training labels
Stacking validation images
Stacking validation labels
Model: "sequential"
_________________________________________________________________
Layer (type)                 Output Shape              Param #   
=================================================================
resnet50 (Functional)        (None, 2048)              23587712  
_________________________________________________________________
dense (Dense)                (None, 512)               1049088   
_________________________________________________________________
dropout (Dropout)            (None, 512)               0         
_________________________________________________________________
batch_normalization (BatchNo (None, 512)               2048      
_________________________________________________________________
dense_1 (Dense)              (None, 256)               131328    
_________________________________________________________________
dropout_1 (Dropout)          (None, 256)               0         
_________________________________________________________________
batch_normalization_1 (Batch (None, 256)               1024      
_________________________________________________________________
dense_2 (Dense)              (None, 2)                 514       
=================================================================
Total params: 24,771,714
Trainable params: 1,182,466
Non-trainable params: 23,589,248
_________________________________________________________________
Fitting ISIC2016+MEDNODE_aug_ResNet50_150h_150w_None model...
model_name: ISIC2016+MEDNODE_aug_ResNet50_150h_150w_None
Epoch: 1 loss: 0.8944 accuracy: 0.5679 val_loss: 1.2143 val_accuracy: 0.2336
Epoch: 2 loss: 0.8887 accuracy: 0.5788 val_loss: 0.5174 val_accuracy: 0.7804
Epoch: 3 loss: 0.7967 accuracy: 0.5882 val_loss: 0.5288 val_accuracy: 0.7523
Epoch: 4 loss: 0.8240 accuracy: 0.5737 val_loss: 0.5627 val_accuracy: 0.7804
Epoch: 5 loss: 0.7775 accuracy: 0.5832 val_loss: 0.5165 val_accuracy: 0.7804
Epoch: 6 loss: 0.7491 accuracy: 0.6006 val_loss: 0.6167 val_accuracy: 0.7897
Epoch: 7 loss: 0.7514 accuracy: 0.5933 val_loss: 0.5728 val_accuracy: 0.7664
Epoch: 8 loss: 0.7497 accuracy: 0.6202 val_loss: 0.5098 val_accuracy: 0.7804
Epoch: 9 loss: 0.7877 accuracy: 0.5977 val_loss: 0.7845 val_accuracy: 0.5093
Epoch: 10 loss: 0.7528 accuracy: 0.5890 val_loss: 0.7693 val_accuracy: 0.4533
Epoch: 11 loss: 0.7182 accuracy: 0.6231 val_loss: 1.6771 val_accuracy: 0.2336
Epoch: 12 loss: 0.7361 accuracy: 0.5817 val_loss: 1.2887 val_accuracy: 0.2336
Epoch: 13 loss: 0.7389 accuracy: 0.6071 val_loss: 1.0136 val_accuracy: 0.2336
Epoch: 14 loss: 0.7340 accuracy: 0.6049 val_loss: 1.1808 val_accuracy: 0.2336
Epoch: 15 loss: 0.7493 accuracy: 0.5904 val_loss: 1.1710 val_accuracy: 0.2336
Epoch: 16 loss: 0.7580 accuracy: 0.5853 val_loss: 1.0142 val_accuracy: 0.2336
Epoch: 17 loss: 0.7271 accuracy: 0.6013 val_loss: 0.8103 val_accuracy: 0.2523
Epoch: 18 loss: 0.7716 accuracy: 0.5802 val_loss: 0.6202 val_accuracy: 0.7150
Epoch: 19 loss: 0.7415 accuracy: 0.5766 val_loss: 0.7243 val_accuracy: 0.5234
Epoch: 20 loss: 0.6902 accuracy: 0.6100 val_loss: 0.8904 val_accuracy: 0.3551
Job ended!
