Sun 05 May 2024 02:05:27 AM EDT
Python 3.9.7
nvcc: NVIDIA (R) Cuda compiler driver
Copyright (c) 2005-2019 NVIDIA Corporation
Built on Sun_Jul_28_19:07:16_PDT_2019
Cuda compilation tools, release 10.1, V10.1.243
My SLURM_ARRAY_TASK_ID: 
DB: ['ISIC2016', '_7_point_criteria', 'PAD_UFES_20', 'MEDNODE']
IMG_SIZE: [384, 384]
CLASSIFIER: ResNet50
JOB_INDEX: None
Start training augmented images
Combining...
Combining 1th db out of 4 dbs
Combining 2th db out of 4 dbs
Combining 3th db out of 4 dbs
Combining 4th db out of 4 dbs
Stacking data
Combining complete
Model: "sequential"
_________________________________________________________________
Layer (type)                 Output Shape              Param #   
=================================================================
resnet50 (Functional)        (None, 2048)              23587712  
_________________________________________________________________
dense (Dense)                (None, 512)               1049088   
_________________________________________________________________
dropout (Dropout)            (None, 512)               0         
_________________________________________________________________
batch_normalization (BatchNo (None, 512)               2048      
_________________________________________________________________
dense_1 (Dense)              (None, 256)               131328    
_________________________________________________________________
batch_normalization_1 (Batch (None, 256)               1024      
_________________________________________________________________
dense_2 (Dense)              (None, 2)                 514       
=================================================================
Total params: 24,771,714
Trainable params: 1,182,466
Non-trainable params: 23,589,248
_________________________________________________________________
Fitting ISIC2016+_7_point_criteria+PAD_UFES_20+MEDNODE_aug_ResNet50_384h_384w_None model...
model_name: ISIC2016+_7_point_criteria+PAD_UFES_20+MEDNODE_aug_ResNet50_384h_384w_None
Epoch: 1 loss: 1.4151 accuracy: 0.5241 val_loss: 1.1543 val_accuracy: 0.2281
Epoch: 2 loss: 1.1826 accuracy: 0.5610 val_loss: 1.0580 val_accuracy: 0.3101
Epoch: 3 loss: 1.0460 accuracy: 0.5842 val_loss: 0.8475 val_accuracy: 0.8575
Epoch: 4 loss: 0.9686 accuracy: 0.6042 val_loss: 1.0176 val_accuracy: 0.1836
Epoch: 5 loss: 0.9182 accuracy: 0.6191 val_loss: 0.6418 val_accuracy: 0.8609
Epoch: 6 loss: 0.8602 accuracy: 0.6478 val_loss: 0.7781 val_accuracy: 0.8597
Epoch: 7 loss: 0.8545 accuracy: 0.6554 val_loss: 0.6381 val_accuracy: 0.8575
Epoch: 8 loss: 0.8248 accuracy: 0.6712 val_loss: 0.6505 val_accuracy: 0.8609
Epoch: 9 loss: 0.8220 accuracy: 0.6632 val_loss: 0.5980 val_accuracy: 0.8609
Epoch: 10 loss: 0.8064 accuracy: 0.6840 val_loss: 0.9644 val_accuracy: 0.2064
Epoch: 11 loss: 0.8152 accuracy: 0.6693 val_loss: 0.6618 val_accuracy: 0.8620
Epoch: 12 loss: 0.7862 accuracy: 0.6895 val_loss: 0.5495 val_accuracy: 0.8609
Epoch: 13 loss: 0.7824 accuracy: 0.6816 val_loss: 0.5948 val_accuracy: 0.8609
Epoch: 14 loss: 0.7811 accuracy: 0.6942 val_loss: 0.5465 val_accuracy: 0.8609
Epoch: 15 loss: 0.7805 accuracy: 0.6892 val_loss: 0.5647 val_accuracy: 0.8609
Epoch: 16 loss: 0.7594 accuracy: 0.7077 val_loss: 0.9437 val_accuracy: 0.8609
Epoch: 17 loss: 0.7486 accuracy: 0.7151 val_loss: 0.5589 val_accuracy: 0.8609
Epoch: 18 loss: 0.7541 accuracy: 0.7140 val_loss: 0.5461 val_accuracy: 0.8609
Epoch: 19 loss: 0.7500 accuracy: 0.7203 val_loss: 0.5493 val_accuracy: 0.8609
Epoch: 20 loss: 0.7612 accuracy: 0.7020 val_loss: 0.6882 val_accuracy: 0.8609
Epoch: 21 loss: 0.7336 accuracy: 0.7209 val_loss: 0.5417 val_accuracy: 0.8609
Epoch: 22 loss: 0.7244 accuracy: 0.7272 val_loss: 0.6314 val_accuracy: 0.8609
Epoch: 23 loss: 0.7295 accuracy: 0.7142 val_loss: 0.5688 val_accuracy: 0.8609
Epoch: 24 loss: 0.7169 accuracy: 0.7257 val_loss: 0.5377 val_accuracy: 0.8609
Epoch: 25 loss: 0.7293 accuracy: 0.7218 val_loss: 0.5329 val_accuracy: 0.8609
Epoch: 26 loss: 0.7113 accuracy: 0.7296 val_loss: 0.5371 val_accuracy: 0.8609
Epoch: 27 loss: 0.7036 accuracy: 0.7318 val_loss: 0.5377 val_accuracy: 0.8609
Epoch: 28 loss: 0.6937 accuracy: 0.7318 val_loss: 0.7698 val_accuracy: 0.8609
Epoch: 29 loss: 0.6836 accuracy: 0.7240 val_loss: 0.5598 val_accuracy: 0.8609
Epoch: 30 loss: 0.6762 accuracy: 0.7346 val_loss: 0.5296 val_accuracy: 0.8609
Epoch: 31 loss: 0.6754 accuracy: 0.7292 val_loss: 0.8272 val_accuracy: 0.3124
Epoch: 32 loss: 0.6725 accuracy: 0.7198 val_loss: 0.6953 val_accuracy: 0.8609
Epoch: 33 loss: 0.6678 accuracy: 0.7387 val_loss: 0.5383 val_accuracy: 0.8609
Epoch: 34 loss: 0.6600 accuracy: 0.7361 val_loss: 0.7407 val_accuracy: 0.8609
Epoch: 35 loss: 0.6687 accuracy: 0.7344 val_loss: 0.6251 val_accuracy: 0.8415

Epoch 00035: ReduceLROnPlateau reducing learning rate to 7.999999797903001e-05.
Epoch: 36 loss: 0.6739 accuracy: 0.7355 val_loss: 0.5147 val_accuracy: 0.8609
Epoch: 37 loss: 0.6664 accuracy: 0.7368 val_loss: 0.5127 val_accuracy: 0.8609
Epoch: 38 loss: 0.6550 accuracy: 0.7444 val_loss: 0.5885 val_accuracy: 0.8586
Epoch: 39 loss: 0.6483 accuracy: 0.7498 val_loss: 0.5091 val_accuracy: 0.8609
Epoch: 40 loss: 0.6445 accuracy: 0.7496 val_loss: 0.5098 val_accuracy: 0.8609
Epoch: 41 loss: 0.6885 accuracy: 0.7300 val_loss: 0.5759 val_accuracy: 0.8609
Epoch: 42 loss: 0.7001 accuracy: 0.7214 val_loss: 0.5690 val_accuracy: 0.8609
Epoch: 43 loss: 0.6950 accuracy: 0.7244 val_loss: 0.5540 val_accuracy: 0.8609
Epoch: 44 loss: 0.7073 accuracy: 0.7138 val_loss: 0.6236 val_accuracy: 0.8609

Epoch 00044: ReduceLROnPlateau reducing learning rate to 6.399999838322402e-05.
Epoch: 45 loss: 0.6826 accuracy: 0.7316 val_loss: 0.5514 val_accuracy: 0.8609
Epoch: 46 loss: 0.6811 accuracy: 0.7259 val_loss: 0.5040 val_accuracy: 0.8609
Epoch: 47 loss: 0.6838 accuracy: 0.7289 val_loss: 0.5021 val_accuracy: 0.8609
Epoch: 48 loss: 0.6814 accuracy: 0.7300 val_loss: 0.5046 val_accuracy: 0.8609
Epoch: 49 loss: 0.6840 accuracy: 0.7268 val_loss: 0.5260 val_accuracy: 0.8609
Epoch: 50 loss: 0.6789 accuracy: 0.7307 val_loss: 0.5290 val_accuracy: 0.8609
Epoch: 51 loss: 0.6892 accuracy: 0.7216 val_loss: 0.5367 val_accuracy: 0.8609
Epoch: 52 loss: 0.6809 accuracy: 0.7279 val_loss: 0.5443 val_accuracy: 0.8609

Epoch 00052: ReduceLROnPlateau reducing learning rate to 5.119999987073243e-05.
Epoch: 53 loss: 0.6779 accuracy: 0.7279 val_loss: 0.5158 val_accuracy: 0.8609
Epoch: 54 loss: 0.6909 accuracy: 0.7144 val_loss: 0.5250 val_accuracy: 0.8609
Epoch: 55 loss: 0.6888 accuracy: 0.7151 val_loss: 0.5379 val_accuracy: 0.8609
Epoch: 56 loss: 0.6761 accuracy: 0.7281 val_loss: 0.5416 val_accuracy: 0.8609
Epoch: 57 loss: 0.6753 accuracy: 0.7276 val_loss: 0.5447 val_accuracy: 0.8609

Epoch 00057: ReduceLROnPlateau reducing learning rate to 4.0960000478662555e-05.
End of augmented training
Finish
Job ended!
