Sun 05 May 2024 08:06:39 AM EDT
Python 3.9.7
nvcc: NVIDIA (R) Cuda compiler driver
Copyright (c) 2005-2019 NVIDIA Corporation
Built on Sun_Jul_28_19:07:16_PDT_2019
Cuda compilation tools, release 10.1, V10.1.243
My SLURM_ARRAY_TASK_ID: 
DB: ['ISIC2016', 'ISIC2017', 'ISIC2018', 'PH2', '_7_point_criteria']
IMG_SIZE: [384, 384]
CLASSIFIER: ResNet50
JOB_INDEX: None
Start training augmented images
Combining...
Combining 1th db out of 5 dbs
Combining 2th db out of 5 dbs
Combining 3th db out of 5 dbs
Combining 4th db out of 5 dbs
Combining 5th db out of 5 dbs
Stacking data
Combining complete
Model: "sequential"
_________________________________________________________________
Layer (type)                 Output Shape              Param #   
=================================================================
resnet50 (Functional)        (None, 2048)              23587712  
_________________________________________________________________
dense (Dense)                (None, 512)               1049088   
_________________________________________________________________
dropout (Dropout)            (None, 512)               0         
_________________________________________________________________
batch_normalization (BatchNo (None, 512)               2048      
_________________________________________________________________
dense_1 (Dense)              (None, 256)               131328    
_________________________________________________________________
batch_normalization_1 (Batch (None, 256)               1024      
_________________________________________________________________
dense_2 (Dense)              (None, 2)                 514       
=================================================================
Total params: 24,771,714
Trainable params: 1,182,466
Non-trainable params: 23,589,248
_________________________________________________________________
Fitting ISIC2016+ISIC2017+ISIC2018+PH2+_7_point_criteria_aug_ResNet50_384h_384w_None model...
model_name: ISIC2016+ISIC2017+ISIC2018+PH2+_7_point_criteria_aug_ResNet50_384h_384w_None
Epoch: 1 loss: 1.1178 accuracy: 0.5960 val_loss: 0.7347 val_accuracy: 0.8017
Epoch: 2 loss: 0.8625 accuracy: 0.6433 val_loss: 1.1640 val_accuracy: 0.8017
Epoch: 3 loss: 0.7974 accuracy: 0.6823 val_loss: 1.0335 val_accuracy: 0.8017
Epoch: 4 loss: 0.7591 accuracy: 0.6992 val_loss: 1.3962 val_accuracy: 0.8017
Epoch: 5 loss: 0.7092 accuracy: 0.7250 val_loss: 0.8364 val_accuracy: 0.8017
Epoch: 6 loss: 0.6630 accuracy: 0.7513 val_loss: 0.6283 val_accuracy: 0.8017
Epoch: 7 loss: 0.6637 accuracy: 0.7496 val_loss: 0.6199 val_accuracy: 0.8030
Epoch: 8 loss: 0.6555 accuracy: 0.7475 val_loss: 0.6215 val_accuracy: 0.8072
Epoch: 9 loss: 0.6552 accuracy: 0.7476 val_loss: 0.6005 val_accuracy: 0.7879
Epoch: 10 loss: 0.6357 accuracy: 0.7549 val_loss: 0.6232 val_accuracy: 0.8044
Epoch: 11 loss: 0.6257 accuracy: 0.7626 val_loss: 0.6126 val_accuracy: 0.8044
Epoch: 12 loss: 0.6280 accuracy: 0.7556 val_loss: 0.5718 val_accuracy: 0.7934
Epoch: 13 loss: 0.6449 accuracy: 0.7414 val_loss: 0.6159 val_accuracy: 0.7755
Epoch: 14 loss: 0.6284 accuracy: 0.7474 val_loss: 0.7150 val_accuracy: 0.8072
Epoch: 15 loss: 0.6200 accuracy: 0.7481 val_loss: 0.6028 val_accuracy: 0.8058
Epoch: 16 loss: 0.6098 accuracy: 0.7523 val_loss: 0.6166 val_accuracy: 0.8072
Epoch: 17 loss: 0.5943 accuracy: 0.7557 val_loss: 0.6098 val_accuracy: 0.8058

Epoch 00017: ReduceLROnPlateau reducing learning rate to 7.999999797903001e-05.
Epoch: 18 loss: 0.5893 accuracy: 0.7566 val_loss: 0.5707 val_accuracy: 0.7906
Epoch: 19 loss: 0.6412 accuracy: 0.7162 val_loss: 0.6603 val_accuracy: 0.8017
Epoch: 20 loss: 0.6398 accuracy: 0.7115 val_loss: 0.6685 val_accuracy: 0.8017
Epoch: 21 loss: 0.6251 accuracy: 0.7243 val_loss: 0.7494 val_accuracy: 0.8017
Epoch: 22 loss: 0.6078 accuracy: 0.7298 val_loss: 0.6521 val_accuracy: 0.8017
Epoch: 23 loss: 0.6416 accuracy: 0.7105 val_loss: 0.5476 val_accuracy: 0.8017
Epoch: 24 loss: 0.6223 accuracy: 0.7116 val_loss: 0.5705 val_accuracy: 0.8017
Epoch: 25 loss: 0.5782 accuracy: 0.7398 val_loss: 0.7793 val_accuracy: 0.3595
Epoch: 26 loss: 0.5684 accuracy: 0.7481 val_loss: 1.0366 val_accuracy: 0.2672
Epoch: 27 loss: 0.5550 accuracy: 0.7609 val_loss: 1.2985 val_accuracy: 0.2383
Epoch: 28 loss: 0.5519 accuracy: 0.7573 val_loss: 0.5395 val_accuracy: 0.7989
Epoch: 29 loss: 0.5631 accuracy: 0.7485 val_loss: 0.5883 val_accuracy: 0.7410
Epoch: 30 loss: 0.5468 accuracy: 0.7562 val_loss: 0.5302 val_accuracy: 0.8044
Epoch: 31 loss: 0.5394 accuracy: 0.7580 val_loss: 0.5945 val_accuracy: 0.8044
Epoch: 32 loss: 0.5273 accuracy: 0.7641 val_loss: 0.5381 val_accuracy: 0.8017
Epoch: 33 loss: 0.5435 accuracy: 0.7536 val_loss: 0.5756 val_accuracy: 0.8058
Epoch: 34 loss: 0.5277 accuracy: 0.7600 val_loss: 0.5416 val_accuracy: 0.8030
Epoch: 35 loss: 0.5363 accuracy: 0.7577 val_loss: 6.5439 val_accuracy: 0.1983

Epoch 00035: ReduceLROnPlateau reducing learning rate to 6.399999838322402e-05.
Epoch: 36 loss: 0.5297 accuracy: 0.7659 val_loss: 0.5723 val_accuracy: 0.8058
Epoch: 37 loss: 0.5253 accuracy: 0.7650 val_loss: 0.5739 val_accuracy: 0.8017
Epoch: 38 loss: 0.5286 accuracy: 0.7636 val_loss: 0.5713 val_accuracy: 0.8044
Epoch: 39 loss: 0.5189 accuracy: 0.7685 val_loss: 1.2611 val_accuracy: 0.2576
Epoch: 40 loss: 0.5234 accuracy: 0.7662 val_loss: 0.5469 val_accuracy: 0.8072

Epoch 00040: ReduceLROnPlateau reducing learning rate to 5.119999987073243e-05.
End of augmented training
Finish
Job ended!
