Fri 01 Mar 2024 09:56:16 PM EST
Python 3.9.7
nvcc: NVIDIA (R) Cuda compiler driver
Copyright (c) 2005-2019 NVIDIA Corporation
Built on Sun_Jul_28_19:07:16_PDT_2019
Cuda compilation tools, release 10.1, V10.1.243
My SLURM_ARRAY_TASK_ID: 
DB: ['ISIC2016', 'ISIC2017', 'ISIC2018', 'ISIC2019', 'ISIC2020', 'PH2', '_7_point_criteria']
IMG_SIZE: [150, 150]
CLASSIFIER: ResNet50
SELF_AUG: 1
JOB_INDEX: None
Combining...
Combining 1 db out of 1 dbs
Stacking training images
Stacking training labels
Stacking validation images
Stacking validation labels
Model: "sequential"
_________________________________________________________________
Layer (type)                 Output Shape              Param #   
=================================================================
resnet50 (Functional)        (None, 2048)              23587712  
_________________________________________________________________
dense (Dense)                (None, 512)               1049088   
_________________________________________________________________
dropout (Dropout)            (None, 512)               0         
_________________________________________________________________
batch_normalization (BatchNo (None, 512)               2048      
_________________________________________________________________
dense_1 (Dense)              (None, 256)               131328    
_________________________________________________________________
dropout_1 (Dropout)          (None, 256)               0         
_________________________________________________________________
batch_normalization_1 (Batch (None, 256)               1024      
_________________________________________________________________
dense_2 (Dense)              (None, 2)                 514       
=================================================================
Total params: 24,771,714
Trainable params: 1,182,466
Non-trainable params: 23,589,248
_________________________________________________________________
Fitting ISIC2016+ISIC2017+ISIC2018+ISIC2019+ISIC2020+PH2+_7_point_criteria_aug_ResNet50_150h_150w_None model...
model_name: ISIC2016+ISIC2017+ISIC2018+ISIC2019+ISIC2020+PH2+_7_point_criteria_aug_ResNet50_150h_150w_None
Epoch: 1 loss: 0.7604 accuracy: 0.6670 val_loss: 0.4836 val_accuracy: 0.7944
Epoch: 2 loss: 0.6309 accuracy: 0.7216 val_loss: 0.4698 val_accuracy: 0.7778
Epoch: 3 loss: 0.5126 accuracy: 0.7667 val_loss: 0.4585 val_accuracy: 0.8056
Epoch: 4 loss: 0.4558 accuracy: 0.7849 val_loss: 0.4539 val_accuracy: 0.8056
Epoch: 5 loss: 0.3939 accuracy: 0.8144 val_loss: 0.4909 val_accuracy: 0.7611
Epoch: 6 loss: 0.3796 accuracy: 0.8395 val_loss: 0.5037 val_accuracy: 0.7556
Epoch: 7 loss: 0.3381 accuracy: 0.8526 val_loss: 0.5072 val_accuracy: 0.8000
Epoch: 8 loss: 0.3162 accuracy: 0.8664 val_loss: 0.4970 val_accuracy: 0.7667
Epoch: 9 loss: 0.2938 accuracy: 0.8725 val_loss: 0.4934 val_accuracy: 0.7889
Epoch: 10 loss: 0.2564 accuracy: 0.8925 val_loss: 0.4922 val_accuracy: 0.7889
Epoch: 11 loss: 0.2429 accuracy: 0.9020 val_loss: 0.5067 val_accuracy: 0.7944
Epoch: 12 loss: 0.2086 accuracy: 0.9228 val_loss: 0.5553 val_accuracy: 0.7500
Epoch: 13 loss: 0.2063 accuracy: 0.9271 val_loss: 0.5469 val_accuracy: 0.7722
Epoch: 14 loss: 0.2032 accuracy: 0.9167 val_loss: 0.5620 val_accuracy: 0.7667
Epoch: 15 loss: 0.1677 accuracy: 0.9393 val_loss: 0.5360 val_accuracy: 0.8111
Epoch: 16 loss: 0.1678 accuracy: 0.9436 val_loss: 0.5740 val_accuracy: 0.7944
Epoch: 17 loss: 0.1458 accuracy: 0.9462 val_loss: 0.5783 val_accuracy: 0.7778
Epoch: 18 loss: 0.1296 accuracy: 0.9592 val_loss: 0.6029 val_accuracy: 0.7833
Epoch: 19 loss: 0.1168 accuracy: 0.9618 val_loss: 0.5964 val_accuracy: 0.7889
Epoch: 20 loss: 0.1094 accuracy: 0.9653 val_loss: 0.6207 val_accuracy: 0.7833
Job ended!
