Sun 03 Mar 2024 12:30:44 AM EST
Python 3.9.7
nvcc: NVIDIA (R) Cuda compiler driver
Copyright (c) 2005-2019 NVIDIA Corporation
Built on Sun_Jul_28_19:07:16_PDT_2019
Cuda compilation tools, release 10.1, V10.1.243
My SLURM_ARRAY_TASK_ID: 
DB: ['ISIC2016', 'PAD_UFES_20']
IMG_SIZE: [150, 150]
CLASSIFIER: ResNet50
SELF_AUG: 1
JOB_INDEX: None
Combining...
Combining 1 db out of 2 dbs
Combining 2 db out of 2 dbs
Stacking training images
Stacking training labels
Stacking validation images
Stacking validation labels
Model: "sequential"
_________________________________________________________________
Layer (type)                 Output Shape              Param #   
=================================================================
resnet50 (Functional)        (None, 2048)              23587712  
_________________________________________________________________
dense (Dense)                (None, 512)               1049088   
_________________________________________________________________
dropout (Dropout)            (None, 512)               0         
_________________________________________________________________
batch_normalization (BatchNo (None, 512)               2048      
_________________________________________________________________
dense_1 (Dense)              (None, 256)               131328    
_________________________________________________________________
dropout_1 (Dropout)          (None, 256)               0         
_________________________________________________________________
batch_normalization_1 (Batch (None, 256)               1024      
_________________________________________________________________
dense_2 (Dense)              (None, 2)                 514       
=================================================================
Total params: 24,771,714
Trainable params: 1,182,466
Non-trainable params: 23,589,248
_________________________________________________________________
Fitting ISIC2016+PAD_UFES_20_aug_ResNet50_150h_150w_None model...
model_name: ISIC2016+PAD_UFES_20_aug_ResNet50_150h_150w_None
Epoch: 1 loss: 0.6913 accuracy: 0.6723 val_loss: 0.2237 val_accuracy: 0.9312
Epoch: 2 loss: 0.4885 accuracy: 0.7848 val_loss: 0.2478 val_accuracy: 0.9172
Epoch: 3 loss: 0.4137 accuracy: 0.8256 val_loss: 0.3164 val_accuracy: 0.8859
Epoch: 4 loss: 0.3305 accuracy: 0.8603 val_loss: 0.2985 val_accuracy: 0.8828
Epoch: 5 loss: 0.2832 accuracy: 0.8805 val_loss: 0.2158 val_accuracy: 0.9219
Epoch: 6 loss: 0.2547 accuracy: 0.8976 val_loss: 0.2420 val_accuracy: 0.9219
Epoch: 7 loss: 0.2230 accuracy: 0.9125 val_loss: 0.2415 val_accuracy: 0.9187
Epoch: 8 loss: 0.2009 accuracy: 0.9267 val_loss: 0.2172 val_accuracy: 0.9141
Epoch: 9 loss: 0.1846 accuracy: 0.9259 val_loss: 0.1914 val_accuracy: 0.9328
Epoch: 10 loss: 0.1570 accuracy: 0.9421 val_loss: 0.1964 val_accuracy: 0.9344
Epoch: 11 loss: 0.1351 accuracy: 0.9499 val_loss: 0.2192 val_accuracy: 0.9234
Epoch: 12 loss: 0.1270 accuracy: 0.9547 val_loss: 0.2187 val_accuracy: 0.9281
Epoch: 13 loss: 0.1242 accuracy: 0.9568 val_loss: 0.2163 val_accuracy: 0.9297
Epoch: 14 loss: 0.1171 accuracy: 0.9563 val_loss: 0.2115 val_accuracy: 0.9297
Epoch: 15 loss: 0.1078 accuracy: 0.9595 val_loss: 0.2160 val_accuracy: 0.9250
Epoch: 16 loss: 0.0923 accuracy: 0.9664 val_loss: 0.2231 val_accuracy: 0.9187
Epoch: 17 loss: 0.0871 accuracy: 0.9696 val_loss: 0.2254 val_accuracy: 0.9203
Epoch: 18 loss: 0.0739 accuracy: 0.9765 val_loss: 0.2241 val_accuracy: 0.9266
Epoch: 19 loss: 0.0730 accuracy: 0.9773 val_loss: 0.2574 val_accuracy: 0.9156
Epoch: 20 loss: 0.0616 accuracy: 0.9805 val_loss: 0.2375 val_accuracy: 0.9187
Job ended!
