Fri 01 Mar 2024 10:03:16 PM EST
Python 3.9.7
nvcc: NVIDIA (R) Cuda compiler driver
Copyright (c) 2005-2019 NVIDIA Corporation
Built on Sun_Jul_28_19:07:16_PDT_2019
Cuda compilation tools, release 10.1, V10.1.243
My SLURM_ARRAY_TASK_ID: 
DB: ['ISIC2016', 'PAD_UFES_20', 'MEDNODE', 'KaggleMB']
IMG_SIZE: [150, 150]
CLASSIFIER: ResNet50
SELF_AUG: 1
JOB_INDEX: None
Combining...
Combining 1 db out of 1 dbs
Stacking training images
Stacking training labels
Stacking validation images
Stacking validation labels
Model: "sequential"
_________________________________________________________________
Layer (type)                 Output Shape              Param #   
=================================================================
resnet50 (Functional)        (None, 2048)              23587712  
_________________________________________________________________
dense (Dense)                (None, 512)               1049088   
_________________________________________________________________
dropout (Dropout)            (None, 512)               0         
_________________________________________________________________
batch_normalization (BatchNo (None, 512)               2048      
_________________________________________________________________
dense_1 (Dense)              (None, 256)               131328    
_________________________________________________________________
dropout_1 (Dropout)          (None, 256)               0         
_________________________________________________________________
batch_normalization_1 (Batch (None, 256)               1024      
_________________________________________________________________
dense_2 (Dense)              (None, 2)                 514       
=================================================================
Total params: 24,771,714
Trainable params: 1,182,466
Non-trainable params: 23,589,248
_________________________________________________________________
Fitting ISIC2016+PAD_UFES_20+MEDNODE+KaggleMB_aug_ResNet50_150h_150w_None model...
model_name: ISIC2016+PAD_UFES_20+MEDNODE+KaggleMB_aug_ResNet50_150h_150w_None
Epoch: 1 loss: 0.8502 accuracy: 0.6401 val_loss: 0.4803 val_accuracy: 0.8056
Epoch: 2 loss: 0.5858 accuracy: 0.7216 val_loss: 0.4097 val_accuracy: 0.8056
Epoch: 3 loss: 0.5309 accuracy: 0.7650 val_loss: 0.4349 val_accuracy: 0.8333
Epoch: 4 loss: 0.4760 accuracy: 0.7771 val_loss: 0.4306 val_accuracy: 0.8222
Epoch: 5 loss: 0.4056 accuracy: 0.8239 val_loss: 0.4301 val_accuracy: 0.8222
Epoch: 6 loss: 0.3583 accuracy: 0.8474 val_loss: 0.4121 val_accuracy: 0.8167
Epoch: 7 loss: 0.3359 accuracy: 0.8569 val_loss: 0.4273 val_accuracy: 0.8222
Epoch: 8 loss: 0.3139 accuracy: 0.8604 val_loss: 0.4338 val_accuracy: 0.8000
Epoch: 9 loss: 0.2653 accuracy: 0.8916 val_loss: 0.4175 val_accuracy: 0.8222
Epoch: 10 loss: 0.2456 accuracy: 0.9107 val_loss: 0.4189 val_accuracy: 0.8222
Epoch: 11 loss: 0.2460 accuracy: 0.9011 val_loss: 0.4154 val_accuracy: 0.8167
Epoch: 12 loss: 0.2224 accuracy: 0.9063 val_loss: 0.4266 val_accuracy: 0.8222
Epoch: 13 loss: 0.1892 accuracy: 0.9341 val_loss: 0.4534 val_accuracy: 0.7833
Epoch: 14 loss: 0.1756 accuracy: 0.9350 val_loss: 0.4746 val_accuracy: 0.7722
Epoch: 15 loss: 0.1533 accuracy: 0.9436 val_loss: 0.4156 val_accuracy: 0.8056
Epoch: 16 loss: 0.1426 accuracy: 0.9506 val_loss: 0.4861 val_accuracy: 0.7722
Epoch: 17 loss: 0.1319 accuracy: 0.9575 val_loss: 0.4712 val_accuracy: 0.7944
Epoch: 18 loss: 0.1268 accuracy: 0.9506 val_loss: 0.4660 val_accuracy: 0.7778
Epoch: 19 loss: 0.1039 accuracy: 0.9696 val_loss: 0.4233 val_accuracy: 0.8167
Epoch: 20 loss: 0.1063 accuracy: 0.9688 val_loss: 0.4340 val_accuracy: 0.8444
Job ended!
