Sun 03 Mar 2024 12:23:21 AM EST
Python 3.9.7
nvcc: NVIDIA (R) Cuda compiler driver
Copyright (c) 2005-2019 NVIDIA Corporation
Built on Sun_Jul_28_19:07:16_PDT_2019
Cuda compilation tools, release 10.1, V10.1.243
My SLURM_ARRAY_TASK_ID: 
DB: ['ISIC2016', 'ISIC2017', 'ISIC2018', 'PH2', '_7_point_criteria']
IMG_SIZE: [150, 150]
CLASSIFIER: ResNet50
SELF_AUG: 1
JOB_INDEX: None
Combining...
Combining 1 db out of 5 dbs
Combining 2 db out of 5 dbs
Combining 3 db out of 5 dbs
Combining 4 db out of 5 dbs
Combining 5 db out of 5 dbs
Stacking training images
Stacking training labels
Stacking validation images
Stacking validation labels
Model: "sequential"
_________________________________________________________________
Layer (type)                 Output Shape              Param #   
=================================================================
resnet50 (Functional)        (None, 2048)              23587712  
_________________________________________________________________
dense (Dense)                (None, 512)               1049088   
_________________________________________________________________
dropout (Dropout)            (None, 512)               0         
_________________________________________________________________
batch_normalization (BatchNo (None, 512)               2048      
_________________________________________________________________
dense_1 (Dense)              (None, 256)               131328    
_________________________________________________________________
dropout_1 (Dropout)          (None, 256)               0         
_________________________________________________________________
batch_normalization_1 (Batch (None, 256)               1024      
_________________________________________________________________
dense_2 (Dense)              (None, 2)                 514       
=================================================================
Total params: 24,771,714
Trainable params: 1,182,466
Non-trainable params: 23,589,248
_________________________________________________________________
Fitting ISIC2016+ISIC2017+ISIC2018+PH2+_7_point_criteria_aug_ResNet50_150h_150w_None model...
model_name: ISIC2016+ISIC2017+ISIC2018+PH2+_7_point_criteria_aug_ResNet50_150h_150w_None
Epoch: 1 loss: 0.5969 accuracy: 0.7438 val_loss: 0.4186 val_accuracy: 0.8223
Epoch: 2 loss: 0.4508 accuracy: 0.8041 val_loss: 0.4115 val_accuracy: 0.8278
Epoch: 3 loss: 0.4051 accuracy: 0.8241 val_loss: 0.4112 val_accuracy: 0.8361
Epoch: 4 loss: 0.3701 accuracy: 0.8355 val_loss: 0.4211 val_accuracy: 0.8375
Epoch: 5 loss: 0.3514 accuracy: 0.8425 val_loss: 0.3914 val_accuracy: 0.8512
Epoch: 6 loss: 0.3341 accuracy: 0.8519 val_loss: 0.3950 val_accuracy: 0.8416
Epoch: 7 loss: 0.3179 accuracy: 0.8625 val_loss: 0.4098 val_accuracy: 0.8471
Epoch: 8 loss: 0.3030 accuracy: 0.8701 val_loss: 0.4193 val_accuracy: 0.8402
Epoch: 9 loss: 0.2861 accuracy: 0.8747 val_loss: 0.4526 val_accuracy: 0.8499
Epoch: 10 loss: 0.2759 accuracy: 0.8796 val_loss: 0.4373 val_accuracy: 0.8416
Epoch: 11 loss: 0.2666 accuracy: 0.8880 val_loss: 0.4514 val_accuracy: 0.8416
Epoch: 12 loss: 0.2585 accuracy: 0.8893 val_loss: 0.4487 val_accuracy: 0.8375
Epoch: 13 loss: 0.2451 accuracy: 0.8977 val_loss: 0.4546 val_accuracy: 0.8444
Epoch: 14 loss: 0.2305 accuracy: 0.9033 val_loss: 0.4513 val_accuracy: 0.8402
Epoch: 15 loss: 0.2220 accuracy: 0.9093 val_loss: 0.4534 val_accuracy: 0.8526
Epoch: 16 loss: 0.2144 accuracy: 0.9097 val_loss: 0.5047 val_accuracy: 0.8444
Epoch: 17 loss: 0.2063 accuracy: 0.9131 val_loss: 0.4480 val_accuracy: 0.8512
Epoch: 18 loss: 0.1961 accuracy: 0.9177 val_loss: 0.4629 val_accuracy: 0.8444
Epoch: 19 loss: 0.1826 accuracy: 0.9240 val_loss: 0.4845 val_accuracy: 0.8430
Epoch: 20 loss: 0.1804 accuracy: 0.9252 val_loss: 0.5223 val_accuracy: 0.8457
Job ended!
