Sun 05 May 2024 09:16:57 AM EDT
Python 3.9.7
nvcc: NVIDIA (R) Cuda compiler driver
Copyright (c) 2005-2019 NVIDIA Corporation
Built on Sun_Jul_28_19:07:16_PDT_2019
Cuda compilation tools, release 10.1, V10.1.243
My SLURM_ARRAY_TASK_ID: 
DB: ['ISIC2016', 'PAD_UFES_20', 'MEDNODE']
IMG_SIZE: [384, 384]
CLASSIFIER: ResNet50
JOB_INDEX: None
Start training augmented images
Combining...
Combining 1th db out of 3 dbs
Combining 2th db out of 3 dbs
Combining 3th db out of 3 dbs
Stacking data
Combining complete
Model: "sequential"
_________________________________________________________________
Layer (type)                 Output Shape              Param #   
=================================================================
resnet50 (Functional)        (None, 2048)              23587712  
_________________________________________________________________
dense (Dense)                (None, 512)               1049088   
_________________________________________________________________
dropout (Dropout)            (None, 512)               0         
_________________________________________________________________
batch_normalization (BatchNo (None, 512)               2048      
_________________________________________________________________
dense_1 (Dense)              (None, 256)               131328    
_________________________________________________________________
batch_normalization_1 (Batch (None, 256)               1024      
_________________________________________________________________
dense_2 (Dense)              (None, 2)                 514       
=================================================================
Total params: 24,771,714
Trainable params: 1,182,466
Non-trainable params: 23,589,248
_________________________________________________________________
Fitting ISIC2016+PAD_UFES_20+MEDNODE_aug_ResNet50_384h_384w_None model...
model_name: ISIC2016+PAD_UFES_20+MEDNODE_aug_ResNet50_384h_384w_None
Epoch: 1 loss: 1.4533 accuracy: 0.5300 val_loss: 0.9619 val_accuracy: 0.9095
Epoch: 2 loss: 1.2193 accuracy: 0.5577 val_loss: 1.0991 val_accuracy: 0.1632
Epoch: 3 loss: 1.0809 accuracy: 0.5814 val_loss: 0.9142 val_accuracy: 0.9110
Epoch: 4 loss: 0.9806 accuracy: 0.6096 val_loss: 0.6384 val_accuracy: 0.9095
Epoch: 5 loss: 0.9124 accuracy: 0.6184 val_loss: 0.9579 val_accuracy: 0.2819
Epoch: 6 loss: 0.8764 accuracy: 0.6454 val_loss: 0.9388 val_accuracy: 0.2715
Epoch: 7 loss: 0.8498 accuracy: 0.6474 val_loss: 0.6229 val_accuracy: 0.9095
Epoch: 8 loss: 0.8227 accuracy: 0.6636 val_loss: 0.4918 val_accuracy: 0.9095
Epoch: 9 loss: 0.7988 accuracy: 0.6812 val_loss: 0.5107 val_accuracy: 0.9095
Epoch: 10 loss: 0.8000 accuracy: 0.6799 val_loss: 0.7873 val_accuracy: 0.8947
Epoch: 11 loss: 0.7867 accuracy: 0.6988 val_loss: 0.5013 val_accuracy: 0.9095
Epoch: 12 loss: 0.7844 accuracy: 0.6908 val_loss: 0.4990 val_accuracy: 0.9095
Epoch: 13 loss: 0.7783 accuracy: 0.7054 val_loss: 0.5053 val_accuracy: 0.9095

Epoch 00013: ReduceLROnPlateau reducing learning rate to 7.999999797903001e-05.
Epoch: 14 loss: 0.7731 accuracy: 0.7072 val_loss: 0.8984 val_accuracy: 0.1840
Epoch: 15 loss: 0.7684 accuracy: 0.7067 val_loss: 0.6166 val_accuracy: 0.9006
Epoch: 16 loss: 0.7512 accuracy: 0.7145 val_loss: 0.5264 val_accuracy: 0.9095
Epoch: 17 loss: 0.7648 accuracy: 0.7099 val_loss: 0.5210 val_accuracy: 0.9095
Epoch: 18 loss: 0.7491 accuracy: 0.7210 val_loss: 0.4732 val_accuracy: 0.9095
Epoch: 19 loss: 0.7717 accuracy: 0.7079 val_loss: 0.4650 val_accuracy: 0.9095
Epoch: 20 loss: 0.7487 accuracy: 0.7198 val_loss: 0.6488 val_accuracy: 0.9095
Epoch: 21 loss: 0.7331 accuracy: 0.7235 val_loss: 0.4541 val_accuracy: 0.9095
Epoch: 22 loss: 0.7291 accuracy: 0.7311 val_loss: 0.4418 val_accuracy: 0.9095
Epoch: 23 loss: 0.7344 accuracy: 0.7243 val_loss: 0.5246 val_accuracy: 0.9095
Epoch: 24 loss: 0.7375 accuracy: 0.7205 val_loss: 0.4436 val_accuracy: 0.9095
Epoch: 25 loss: 0.7068 accuracy: 0.7407 val_loss: 0.4374 val_accuracy: 0.9095
Epoch: 26 loss: 0.7146 accuracy: 0.7369 val_loss: 0.7101 val_accuracy: 0.9095
Epoch: 27 loss: 0.7092 accuracy: 0.7361 val_loss: 0.5231 val_accuracy: 0.9095
Epoch: 28 loss: 0.7049 accuracy: 0.7422 val_loss: 0.5262 val_accuracy: 0.9095
Epoch: 29 loss: 0.7036 accuracy: 0.7470 val_loss: 0.7165 val_accuracy: 0.9095
Epoch: 30 loss: 0.7023 accuracy: 0.7445 val_loss: 0.7698 val_accuracy: 0.9095

Epoch 00030: ReduceLROnPlateau reducing learning rate to 6.399999838322402e-05.
Epoch: 31 loss: 0.7230 accuracy: 0.7245 val_loss: 0.9610 val_accuracy: 0.1320
Epoch: 32 loss: 0.7052 accuracy: 0.7407 val_loss: 0.8023 val_accuracy: 0.7582
Epoch: 33 loss: 0.7157 accuracy: 0.7288 val_loss: 1.6563 val_accuracy: 0.0994
Epoch: 34 loss: 0.6948 accuracy: 0.7432 val_loss: 1.2410 val_accuracy: 0.0994
Epoch: 35 loss: 0.6962 accuracy: 0.7409 val_loss: 1.0064 val_accuracy: 0.0994

Epoch 00035: ReduceLROnPlateau reducing learning rate to 5.119999987073243e-05.
End of augmented training
Finish
Job ended!
