Sun 05 May 2024 05:48:43 AM EDT
Python 3.9.7
nvcc: NVIDIA (R) Cuda compiler driver
Copyright (c) 2005-2019 NVIDIA Corporation
Built on Sun_Jul_28_19:07:16_PDT_2019
Cuda compilation tools, release 10.1, V10.1.243
My SLURM_ARRAY_TASK_ID: 
DB: ['ISIC2016', 'ISIC2017', 'ISIC2018', 'ISIC2019', 'ISIC2020', 'PH2', 'MEDNODE', 'KaggleMB']
IMG_SIZE: [384, 384]
CLASSIFIER: ResNet50
JOB_INDEX: None
Start training augmented images
Combining...
Combining 1th db out of 8 dbs
Combining 2th db out of 8 dbs
Combining 3th db out of 8 dbs
Combining 4th db out of 8 dbs
Combining 5th db out of 8 dbs
Combining 6th db out of 8 dbs
Combining 7th db out of 8 dbs
Combining 8th db out of 8 dbs
Stacking data
Combining complete
Model: "sequential"
_________________________________________________________________
Layer (type)                 Output Shape              Param #   
=================================================================
resnet50 (Functional)        (None, 2048)              23587712  
_________________________________________________________________
dense (Dense)                (None, 512)               1049088   
_________________________________________________________________
dropout (Dropout)            (None, 512)               0         
_________________________________________________________________
batch_normalization (BatchNo (None, 512)               2048      
_________________________________________________________________
dense_1 (Dense)              (None, 256)               131328    
_________________________________________________________________
batch_normalization_1 (Batch (None, 256)               1024      
_________________________________________________________________
dense_2 (Dense)              (None, 2)                 514       
=================================================================
Total params: 24,771,714
Trainable params: 1,182,466
Non-trainable params: 23,589,248
_________________________________________________________________
Fitting ISIC2016+ISIC2017+ISIC2018+ISIC2019+ISIC2020+PH2+MEDNODE+KaggleMB_aug_ResNet50_384h_384w_None model...
model_name: ISIC2016+ISIC2017+ISIC2018+ISIC2019+ISIC2020+PH2+MEDNODE+KaggleMB_aug_ResNet50_384h_384w_None
Epoch: 1 loss: 0.8595 accuracy: 0.6769 val_loss: 0.6160 val_accuracy: 0.8697
Epoch: 2 loss: 0.6883 accuracy: 0.7247 val_loss: 0.8118 val_accuracy: 0.4694
Epoch: 3 loss: 0.6086 accuracy: 0.7526 val_loss: 0.5004 val_accuracy: 0.8940
Epoch: 4 loss: 0.5761 accuracy: 0.7577 val_loss: 0.8426 val_accuracy: 0.2144
Epoch: 5 loss: 0.5416 accuracy: 0.7643 val_loss: 1.2622 val_accuracy: 0.1676
Epoch: 6 loss: 0.5627 accuracy: 0.7313 val_loss: 0.6938 val_accuracy: 0.5533
Epoch: 7 loss: 0.5169 accuracy: 0.7659 val_loss: 0.5462 val_accuracy: 0.7507
Epoch: 8 loss: 0.4972 accuracy: 0.7734 val_loss: 5.6151 val_accuracy: 0.1075

Epoch 00008: ReduceLROnPlateau reducing learning rate to 7.999999797903001e-05.
Epoch: 9 loss: 0.4920 accuracy: 0.7714 val_loss: 0.4213 val_accuracy: 0.8413
Epoch: 10 loss: 0.4880 accuracy: 0.7744 val_loss: 0.3323 val_accuracy: 0.8943
Epoch: 11 loss: 0.4790 accuracy: 0.7752 val_loss: 0.9706 val_accuracy: 0.1995
Epoch: 12 loss: 0.4660 accuracy: 0.7830 val_loss: 0.7052 val_accuracy: 0.5630
Epoch: 13 loss: 0.4624 accuracy: 0.7873 val_loss: 0.3774 val_accuracy: 0.8522
Epoch: 14 loss: 0.4675 accuracy: 0.7839 val_loss: 0.3253 val_accuracy: 0.8910
Epoch: 15 loss: 0.4662 accuracy: 0.7846 val_loss: 1.3782 val_accuracy: 0.1568
Epoch: 16 loss: 0.4520 accuracy: 0.7920 val_loss: 0.4565 val_accuracy: 0.8624
Epoch: 17 loss: 0.4507 accuracy: 0.7946 val_loss: 0.4635 val_accuracy: 0.8942
Epoch: 18 loss: 0.4397 accuracy: 0.7983 val_loss: 1.3281 val_accuracy: 0.2018
Epoch: 19 loss: 0.4372 accuracy: 0.8011 val_loss: 1.8609 val_accuracy: 0.1139

Epoch 00019: ReduceLROnPlateau reducing learning rate to 6.399999838322402e-05.
Epoch: 20 loss: 0.4438 accuracy: 0.7920 val_loss: 1.9172 val_accuracy: 0.1526
Epoch: 21 loss: 0.4460 accuracy: 0.7914 val_loss: 1.5749 val_accuracy: 0.1654
Epoch: 22 loss: 0.4406 accuracy: 0.7918 val_loss: 0.7031 val_accuracy: 0.5952
Epoch: 23 loss: 0.4438 accuracy: 0.7935 val_loss: 2.0515 val_accuracy: 0.1222
Epoch: 24 loss: 0.4400 accuracy: 0.7939 val_loss: 0.8218 val_accuracy: 0.5519

Epoch 00024: ReduceLROnPlateau reducing learning rate to 5.119999987073243e-05.
End of augmented training
Finish
Job ended!
