DB: ['ISIC2016', 'ISIC2017']
CLASSIFIER: ResNet50
JOB_INDEX: None
Start training ISIC2016+ISIC2017_ResNet50
Combining...
Combining 1th db out of 2 dbs
Combining 2th db out of 2 dbs
Stacking data
Combining complete
Epoch 0/33
----------
Train Loss: 0.6249 Acc: 0.6364
Val Loss: 0.4415 Acc: 0.8091

Epoch 1/33
----------
Train Loss: 0.5656 Acc: 0.7081
Val Loss: 0.4719 Acc: 0.7758

Epoch 2/33
----------
Train Loss: 0.5084 Acc: 0.7504
Val Loss: 0.3741 Acc: 0.8515

Epoch 3/33
----------
Train Loss: 0.5094 Acc: 0.7562
Val Loss: 0.3761 Acc: 0.8545

Epoch 4/33
----------
Train Loss: 0.4933 Acc: 0.7551
Val Loss: 0.4172 Acc: 0.8182

Epoch 5/33
----------
Train Loss: 0.4436 Acc: 0.7838
Val Loss: 0.3488 Acc: 0.8576

Epoch 6/33
----------
Train Loss: 0.4382 Acc: 0.7985
Val Loss: 0.3807 Acc: 0.8152

Epoch 7/33
----------
Train Loss: 0.4132 Acc: 0.8044
Val Loss: 0.4185 Acc: 0.8242

Epoch 8/33
----------
Train Loss: 0.4026 Acc: 0.8184
Val Loss: 0.3822 Acc: 0.8455

Epoch 9/33
----------
Train Loss: 0.3984 Acc: 0.8206
Val Loss: 0.3786 Acc: 0.8455

Epoch 10/33
----------
Train Loss: 0.3769 Acc: 0.8254
Val Loss: 0.3875 Acc: 0.8303

Epoch 11/33
----------
Train Loss: 0.3839 Acc: 0.8265
Val Loss: 0.3659 Acc: 0.8636

Epoch 12/33
----------
Train Loss: 0.3581 Acc: 0.8379
Val Loss: 0.3963 Acc: 0.8212

Epoch 13/33
----------
Train Loss: 0.3573 Acc: 0.8364
Val Loss: 0.3394 Acc: 0.8667

Epoch 14/33
----------
Train Loss: 0.3536 Acc: 0.8441
Val Loss: 0.3478 Acc: 0.8545

Epoch 15/33
----------
Train Loss: 0.3594 Acc: 0.8419
Val Loss: 0.3572 Acc: 0.8515

Epoch 16/33
----------
Train Loss: 0.3795 Acc: 0.8268
Val Loss: 0.3476 Acc: 0.8455

Epoch 17/33
----------
Train Loss: 0.3603 Acc: 0.8349
Val Loss: 0.3475 Acc: 0.8606

Epoch 18/33
----------
Train Loss: 0.3470 Acc: 0.8482
Val Loss: 0.3537 Acc: 0.8485

Epoch 19/33
----------
Train Loss: 0.3450 Acc: 0.8471
Val Loss: 0.3481 Acc: 0.8515

Epoch 20/33
----------
Train Loss: 0.3690 Acc: 0.8382
Val Loss: 0.3515 Acc: 0.8515

Epoch 21/33
----------
Train Loss: 0.3616 Acc: 0.8364
Val Loss: 0.3603 Acc: 0.8515

Epoch 22/33
----------
Train Loss: 0.3560 Acc: 0.8375
Val Loss: 0.3368 Acc: 0.8636

Epoch 23/33
----------
Train Loss: 0.3712 Acc: 0.8250
Val Loss: 0.3398 Acc: 0.8576

Epoch 24/33
----------
Train Loss: 0.3607 Acc: 0.8305
Val Loss: 0.3641 Acc: 0.8485

Epoch 25/33
----------
Train Loss: 0.3557 Acc: 0.8393
Val Loss: 0.3545 Acc: 0.8515

Epoch 26/33
----------
Train Loss: 0.3540 Acc: 0.8404
Val Loss: 0.3542 Acc: 0.8576

Epoch 27/33
----------
Train Loss: 0.3750 Acc: 0.8360
Val Loss: 0.3453 Acc: 0.8636

Epoch 28/33
----------
Train Loss: 0.3471 Acc: 0.8415
Val Loss: 0.3386 Acc: 0.8636

Epoch 29/33
----------
Train Loss: 0.3547 Acc: 0.8415
Val Loss: 0.3449 Acc: 0.8485

Epoch 30/33
----------
Train Loss: 0.3626 Acc: 0.8312
Val Loss: 0.3429 Acc: 0.8606

Epoch 31/33
----------
Train Loss: 0.3581 Acc: 0.8375
Val Loss: 0.3383 Acc: 0.8606

Epoch 32/33
----------
Train Loss: 0.3515 Acc: 0.8482
Val Loss: 0.3516 Acc: 0.8545

Epoch 33/33
----------
Train Loss: 0.3472 Acc: 0.8371
Val Loss: 0.3491 Acc: 0.8485

Training complete in 102m 5s
Best val Acc: 0.866667
Finished training ISIC2016+ISIC2017_ResNet50
