Sun 03 Mar 2024 12:04:53 AM EST
Python 3.9.7
nvcc: NVIDIA (R) Cuda compiler driver
Copyright (c) 2005-2019 NVIDIA Corporation
Built on Sun_Jul_28_19:07:16_PDT_2019
Cuda compilation tools, release 10.1, V10.1.243
My SLURM_ARRAY_TASK_ID: 
DB: ['ISIC2016', 'ISIC2017', 'ISIC2018', 'ISIC2019', 'ISIC2020', 'PH2']
IMG_SIZE: [150, 150]
CLASSIFIER: ResNet50
SELF_AUG: 1
JOB_INDEX: None
Combining...
Combining 1 db out of 6 dbs
Combining 2 db out of 6 dbs
Combining 3 db out of 6 dbs
Combining 4 db out of 6 dbs
Combining 5 db out of 6 dbs
Combining 6 db out of 6 dbs
Stacking training images
Stacking training labels
Stacking validation images
Stacking validation labels
Model: "sequential"
_________________________________________________________________
Layer (type)                 Output Shape              Param #   
=================================================================
resnet50 (Functional)        (None, 2048)              23587712  
_________________________________________________________________
dense (Dense)                (None, 512)               1049088   
_________________________________________________________________
dropout (Dropout)            (None, 512)               0         
_________________________________________________________________
batch_normalization (BatchNo (None, 512)               2048      
_________________________________________________________________
dense_1 (Dense)              (None, 256)               131328    
_________________________________________________________________
dropout_1 (Dropout)          (None, 256)               0         
_________________________________________________________________
batch_normalization_1 (Batch (None, 256)               1024      
_________________________________________________________________
dense_2 (Dense)              (None, 2)                 514       
=================================================================
Total params: 24,771,714
Trainable params: 1,182,466
Non-trainable params: 23,589,248
_________________________________________________________________
Fitting ISIC2016+ISIC2017+ISIC2018+ISIC2019+ISIC2020+PH2_aug_ResNet50_150h_150w_None model...
model_name: ISIC2016+ISIC2017+ISIC2018+ISIC2019+ISIC2020+PH2_aug_ResNet50_150h_150w_None
Epoch: 1 loss: 0.4517 accuracy: 0.8006 val_loss: 0.2031 val_accuracy: 0.9249
Epoch: 2 loss: 0.3594 accuracy: 0.8359 val_loss: 0.1842 val_accuracy: 0.9298
Epoch: 3 loss: 0.3366 accuracy: 0.8476 val_loss: 0.1884 val_accuracy: 0.9281
Epoch: 4 loss: 0.3202 accuracy: 0.8555 val_loss: 0.1759 val_accuracy: 0.9350
Epoch: 5 loss: 0.3092 accuracy: 0.8618 val_loss: 0.1728 val_accuracy: 0.9363
Epoch: 6 loss: 0.3018 accuracy: 0.8655 val_loss: 0.1732 val_accuracy: 0.9339
Epoch: 7 loss: 0.2906 accuracy: 0.8702 val_loss: 0.1704 val_accuracy: 0.9359
Epoch: 8 loss: 0.2832 accuracy: 0.8742 val_loss: 0.1705 val_accuracy: 0.9363
Epoch: 9 loss: 0.2763 accuracy: 0.8782 val_loss: 0.1668 val_accuracy: 0.9398
Epoch: 10 loss: 0.2691 accuracy: 0.8824 val_loss: 0.1688 val_accuracy: 0.9388
Epoch: 11 loss: 0.2624 accuracy: 0.8852 val_loss: 0.1671 val_accuracy: 0.9411
Epoch: 12 loss: 0.2559 accuracy: 0.8873 val_loss: 0.1643 val_accuracy: 0.9391
Epoch: 13 loss: 0.2486 accuracy: 0.8907 val_loss: 0.1640 val_accuracy: 0.9416
Epoch: 14 loss: 0.2448 accuracy: 0.8926 val_loss: 0.1673 val_accuracy: 0.9425
Epoch: 15 loss: 0.2368 accuracy: 0.8961 val_loss: 0.1653 val_accuracy: 0.9400
Epoch: 16 loss: 0.2301 accuracy: 0.9000 val_loss: 0.1670 val_accuracy: 0.9417
Epoch: 17 loss: 0.2256 accuracy: 0.9013 val_loss: 0.1720 val_accuracy: 0.9388
Epoch: 18 loss: 0.2216 accuracy: 0.9042 val_loss: 0.1704 val_accuracy: 0.9420
Epoch: 19 loss: 0.2182 accuracy: 0.9052 val_loss: 0.1704 val_accuracy: 0.9408
Epoch: 20 loss: 0.2128 accuracy: 0.9073 val_loss: 0.1677 val_accuracy: 0.9433
Job ended!
