DB: ['ISIC2017']
CLASSIFIER: ResNet50
JOB_INDEX: None
Start training ISIC2017_ResNet50
Combining...
Combining 1th db out of 1 dbs
Stacking data
Combining complete
Epoch 0/29
----------
Train Loss: 0.6492 Acc: 0.6010
Val Loss: 0.6430 Acc: 0.6733

Epoch 1/29
----------
Train Loss: 0.5692 Acc: 0.6940
Val Loss: 0.6095 Acc: 0.7000

Epoch 2/29
----------
Train Loss: 0.5546 Acc: 0.7110
Val Loss: 0.4609 Acc: 0.7867

Epoch 3/29
----------
Train Loss: 0.5040 Acc: 0.7410
Val Loss: 0.5243 Acc: 0.7533

Epoch 4/29
----------
Train Loss: 0.4811 Acc: 0.7535
Val Loss: 0.4932 Acc: 0.7733

Epoch 5/29
----------
Train Loss: 0.4554 Acc: 0.7800
Val Loss: 0.4324 Acc: 0.8267

Epoch 6/29
----------
Train Loss: 0.4601 Acc: 0.7735
Val Loss: 0.3962 Acc: 0.8400

Epoch 7/29
----------
Train Loss: 0.4202 Acc: 0.8040
Val Loss: 0.3929 Acc: 0.8133

Epoch 8/29
----------
Train Loss: 0.4292 Acc: 0.7950
Val Loss: 0.3680 Acc: 0.8400

Epoch 9/29
----------
Train Loss: 0.4083 Acc: 0.7995
Val Loss: 0.3492 Acc: 0.8533

Epoch 10/29
----------
Train Loss: 0.4225 Acc: 0.7925
Val Loss: 0.3549 Acc: 0.8400

Epoch 11/29
----------
Train Loss: 0.4069 Acc: 0.8005
Val Loss: 0.3541 Acc: 0.8600

Epoch 12/29
----------
Train Loss: 0.4104 Acc: 0.7955
Val Loss: 0.3508 Acc: 0.8467

Epoch 13/29
----------
Train Loss: 0.4107 Acc: 0.8100
Val Loss: 0.3567 Acc: 0.8467

Epoch 14/29
----------
Train Loss: 0.4181 Acc: 0.7900
Val Loss: 0.3729 Acc: 0.8133

Epoch 15/29
----------
Train Loss: 0.3909 Acc: 0.8145
Val Loss: 0.3625 Acc: 0.8333

Epoch 16/29
----------
Train Loss: 0.3884 Acc: 0.8070
Val Loss: 0.3596 Acc: 0.8333

Epoch 17/29
----------
Train Loss: 0.4076 Acc: 0.8005
Val Loss: 0.3498 Acc: 0.8533

Epoch 18/29
----------
Train Loss: 0.4031 Acc: 0.8075
Val Loss: 0.3619 Acc: 0.8333

Epoch 19/29
----------
Train Loss: 0.4078 Acc: 0.8045
Val Loss: 0.3523 Acc: 0.8400

Epoch 20/29
----------
Train Loss: 0.4139 Acc: 0.8010
Val Loss: 0.3508 Acc: 0.8333

Epoch 21/29
----------
Train Loss: 0.4085 Acc: 0.8075
Val Loss: 0.3484 Acc: 0.8400

Epoch 22/29
----------
Train Loss: 0.3903 Acc: 0.8100
Val Loss: 0.3567 Acc: 0.8200

Epoch 23/29
----------
Train Loss: 0.4140 Acc: 0.8025
Val Loss: 0.3398 Acc: 0.8667

Epoch 24/29
----------
Train Loss: 0.3961 Acc: 0.8160
Val Loss: 0.3572 Acc: 0.8400

Epoch 25/29
----------
Train Loss: 0.3968 Acc: 0.8030
Val Loss: 0.3528 Acc: 0.8533

Epoch 26/29
----------
Train Loss: 0.4075 Acc: 0.7965
Val Loss: 0.3442 Acc: 0.8400

Epoch 27/29
----------
Train Loss: 0.3978 Acc: 0.8085
Val Loss: 0.3678 Acc: 0.8267

Epoch 28/29
----------
Train Loss: 0.3978 Acc: 0.8090
Val Loss: 0.3522 Acc: 0.8400

Epoch 29/29
----------
Train Loss: 0.3962 Acc: 0.8120
Val Loss: 0.3473 Acc: 0.8400

Training complete in 68m 51s
Best val Acc: 0.866667
Finished training ISIC2017_ResNet50
