Wed 28 Feb 2024 08:17:14 AM EST
Python 3.9.7
nvcc: NVIDIA (R) Cuda compiler driver
Copyright (c) 2005-2019 NVIDIA Corporation
Built on Sun_Jul_28_19:07:16_PDT_2019
Cuda compilation tools, release 10.1, V10.1.243
My SLURM_ARRAY_TASK_ID: 
DB: ['ISIC2016', 'PAD_UFES_20', 'MEDNODE']
IMG_SIZE: [150, 150]
CLASSIFIER: ResNet50
SELF_AUG: 1
JOB_INDEX: None
Combining...
Combining 1 db out of 3 dbs
Combining 2 db out of 3 dbs
Combining 3 db out of 3 dbs
Stacking training images
Stacking training labels
Stacking validation images
Stacking validation labels
Model: "sequential"
_________________________________________________________________
Layer (type)                 Output Shape              Param #   
=================================================================
resnet50 (Functional)        (None, 2048)              23587712  
_________________________________________________________________
dense (Dense)                (None, 512)               1049088   
_________________________________________________________________
dropout (Dropout)            (None, 512)               0         
_________________________________________________________________
batch_normalization (BatchNo (None, 512)               2048      
_________________________________________________________________
dense_1 (Dense)              (None, 256)               131328    
_________________________________________________________________
dropout_1 (Dropout)          (None, 256)               0         
_________________________________________________________________
batch_normalization_1 (Batch (None, 256)               1024      
_________________________________________________________________
dense_2 (Dense)              (None, 2)                 514       
=================================================================
Total params: 24,771,714
Trainable params: 1,182,466
Non-trainable params: 23,589,248
_________________________________________________________________
Fitting ISIC2016+PAD_UFES_20+MEDNODE_aug_ResNet50_150h_150w_None model...
model_name: ISIC2016+PAD_UFES_20+MEDNODE_aug_ResNet50_150h_150w_None
Epoch: 1 loss: 0.8459 accuracy: 0.5795 val_loss: 0.3608 val_accuracy: 0.9021
Epoch: 2 loss: 0.7164 accuracy: 0.6404 val_loss: 0.4160 val_accuracy: 0.8976
Epoch: 3 loss: 0.6705 accuracy: 0.6759 val_loss: 0.3055 val_accuracy: 0.9080
Epoch: 4 loss: 0.6354 accuracy: 0.6865 val_loss: 0.3062 val_accuracy: 0.9139
Epoch: 5 loss: 0.6367 accuracy: 0.6968 val_loss: 0.4875 val_accuracy: 0.7819
Epoch: 6 loss: 0.5993 accuracy: 0.7131 val_loss: 0.5222 val_accuracy: 0.8086
Epoch: 7 loss: 0.6006 accuracy: 0.7157 val_loss: 0.4973 val_accuracy: 0.8131
Epoch: 8 loss: 0.5833 accuracy: 0.7265 val_loss: 0.7239 val_accuracy: 0.5297
Epoch: 9 loss: 0.6039 accuracy: 0.7219 val_loss: 0.6421 val_accuracy: 0.7047
Epoch: 10 loss: 0.6142 accuracy: 0.7199 val_loss: 0.6570 val_accuracy: 0.6261
Epoch: 11 loss: 0.6165 accuracy: 0.7237 val_loss: 0.3443 val_accuracy: 0.9125
Epoch: 12 loss: 0.6111 accuracy: 0.7184 val_loss: 0.4367 val_accuracy: 0.9095
Epoch: 13 loss: 0.6018 accuracy: 0.7333 val_loss: 0.6568 val_accuracy: 0.6780
Epoch: 14 loss: 0.5794 accuracy: 0.7406 val_loss: 0.5445 val_accuracy: 0.8071
Epoch: 15 loss: 0.5822 accuracy: 0.7290 val_loss: 0.5145 val_accuracy: 0.8220
Epoch: 16 loss: 0.5831 accuracy: 0.7388 val_loss: 0.4665 val_accuracy: 0.9065
Epoch: 17 loss: 0.5843 accuracy: 0.7328 val_loss: 0.6514 val_accuracy: 0.6231
Epoch: 18 loss: 0.5794 accuracy: 0.7466 val_loss: 0.5917 val_accuracy: 0.6409
Epoch: 19 loss: 0.5828 accuracy: 0.7302 val_loss: 0.5512 val_accuracy: 0.7685
Epoch: 20 loss: 0.5727 accuracy: 0.7323 val_loss: 0.4792 val_accuracy: 0.8605
Job ended!
