Sun 05 May 2024 09:41:01 AM EDT
Python 3.9.7
nvcc: NVIDIA (R) Cuda compiler driver
Copyright (c) 2005-2019 NVIDIA Corporation
Built on Sun_Jul_28_19:07:16_PDT_2019
Cuda compilation tools, release 10.1, V10.1.243
My SLURM_ARRAY_TASK_ID: 
DB: ['MEDNODE']
IMG_SIZE: [384, 384]
CLASSIFIER: ResNet50
JOB_INDEX: None
Start training augmented images
Combining...
Combining 1th db out of 1 dbs
Stacking data
Combining complete
Model: "sequential"
_________________________________________________________________
Layer (type)                 Output Shape              Param #   
=================================================================
resnet50 (Functional)        (None, 2048)              23587712  
_________________________________________________________________
dense (Dense)                (None, 512)               1049088   
_________________________________________________________________
dropout (Dropout)            (None, 512)               0         
_________________________________________________________________
batch_normalization (BatchNo (None, 512)               2048      
_________________________________________________________________
dense_1 (Dense)              (None, 256)               131328    
_________________________________________________________________
batch_normalization_1 (Batch (None, 256)               1024      
_________________________________________________________________
dense_2 (Dense)              (None, 2)                 514       
=================================================================
Total params: 24,771,714
Trainable params: 1,182,466
Non-trainable params: 23,589,248
_________________________________________________________________
Fitting MEDNODE_aug_ResNet50_384h_384w_None model...
model_name: MEDNODE_aug_ResNet50_384h_384w_None
Epoch: 1 loss: 1.5324 accuracy: 0.5312 val_loss: 1.4069 val_accuracy: 0.5294
Epoch: 2 loss: 1.6051 accuracy: 0.5521 val_loss: 1.3931 val_accuracy: 0.5294
Epoch: 3 loss: 1.6701 accuracy: 0.4792 val_loss: 1.3424 val_accuracy: 0.5294
Epoch: 4 loss: 1.5585 accuracy: 0.4948 val_loss: 1.3189 val_accuracy: 0.5294
Epoch: 5 loss: 1.4992 accuracy: 0.5365 val_loss: 1.3057 val_accuracy: 0.5294
Epoch: 6 loss: 1.4455 accuracy: 0.5781 val_loss: 1.2912 val_accuracy: 0.5294
Epoch: 7 loss: 1.5941 accuracy: 0.5052 val_loss: 1.2800 val_accuracy: 0.5294
Epoch: 8 loss: 1.4791 accuracy: 0.5104 val_loss: 1.2656 val_accuracy: 0.5294
Epoch: 9 loss: 1.5034 accuracy: 0.5521 val_loss: 1.2523 val_accuracy: 0.5294
Epoch: 10 loss: 1.3852 accuracy: 0.5729 val_loss: 1.2430 val_accuracy: 0.5294
Epoch: 11 loss: 1.3423 accuracy: 0.5885 val_loss: 1.2466 val_accuracy: 0.5294
Epoch: 12 loss: 1.3812 accuracy: 0.5573 val_loss: 1.2472 val_accuracy: 0.5294
Epoch: 13 loss: 1.4016 accuracy: 0.5990 val_loss: 1.2466 val_accuracy: 0.5294
Epoch: 14 loss: 1.4701 accuracy: 0.5104 val_loss: 1.2435 val_accuracy: 0.5294
Epoch: 15 loss: 1.4630 accuracy: 0.5000 val_loss: 1.2365 val_accuracy: 0.5294
Epoch: 16 loss: 1.4510 accuracy: 0.5104 val_loss: 1.2331 val_accuracy: 0.5294
Epoch: 17 loss: 1.2330 accuracy: 0.5781 val_loss: 1.2489 val_accuracy: 0.5294
Epoch: 18 loss: 1.3184 accuracy: 0.5417 val_loss: 1.2714 val_accuracy: 0.5294
Epoch: 19 loss: 1.2543 accuracy: 0.5521 val_loss: 1.2801 val_accuracy: 0.5294
Epoch: 20 loss: 1.2901 accuracy: 0.6094 val_loss: 1.2837 val_accuracy: 0.5294
Epoch: 21 loss: 1.3923 accuracy: 0.5260 val_loss: 1.2807 val_accuracy: 0.5294

Epoch 00021: ReduceLROnPlateau reducing learning rate to 7.999999797903001e-05.
Epoch: 22 loss: 1.1905 accuracy: 0.6042 val_loss: 1.2742 val_accuracy: 0.5294
Epoch: 23 loss: 1.3333 accuracy: 0.5052 val_loss: 1.2706 val_accuracy: 0.5294
Epoch: 24 loss: 1.3136 accuracy: 0.5677 val_loss: 1.2572 val_accuracy: 0.5294
Epoch: 25 loss: 1.2742 accuracy: 0.5677 val_loss: 1.2546 val_accuracy: 0.5294
Epoch: 26 loss: 1.4394 accuracy: 0.4688 val_loss: 1.2587 val_accuracy: 0.5294

Epoch 00026: ReduceLROnPlateau reducing learning rate to 6.399999838322402e-05.
End of augmented training
Finish
Job ended!
