Tue 27 Feb 2024 10:39:26 PM EST
Python 3.9.7
nvcc: NVIDIA (R) Cuda compiler driver
Copyright (c) 2005-2019 NVIDIA Corporation
Built on Sun_Jul_28_19:07:16_PDT_2019
Cuda compilation tools, release 10.1, V10.1.243
My SLURM_ARRAY_TASK_ID: 
DB: ['ISIC2016', 'ISIC2020', 'PH2']
IMG_SIZE: [150, 150]
CLASSIFIER: MobileNet
SELF_AUG: 1
JOB_INDEX: None
Combining...
Combining 1 db out of 3 dbs
Combining 2 db out of 3 dbs
Combining 3 db out of 3 dbs
Stacking training images
Stacking training labels
Stacking validation images
Stacking validation labels
Model: "sequential"
_________________________________________________________________
Layer (type)                 Output Shape              Param #   
=================================================================
mobilenet_1.00_150 (Function (None, 1024)              3228864   
_________________________________________________________________
dense (Dense)                (None, 512)               524800    
_________________________________________________________________
dropout (Dropout)            (None, 512)               0         
_________________________________________________________________
batch_normalization (BatchNo (None, 512)               2048      
_________________________________________________________________
dense_1 (Dense)              (None, 256)               131328    
_________________________________________________________________
dropout_1 (Dropout)          (None, 256)               0         
_________________________________________________________________
batch_normalization_1 (Batch (None, 256)               1024      
_________________________________________________________________
dense_2 (Dense)              (None, 2)                 514       
=================================================================
Total params: 3,888,578
Trainable params: 658,178
Non-trainable params: 3,230,400
_________________________________________________________________
Fitting ISIC2016+ISIC2020+PH2_aug_MobileNet_150h_150w_None model...
model_name: ISIC2016+ISIC2020+PH2_aug_MobileNet_150h_150w_None
Epoch: 1 loss: 0.5212 accuracy: 0.7909 val_loss: 0.2501 val_accuracy: 0.9794
Epoch: 2 loss: 0.4947 accuracy: 0.8043 val_loss: 0.2495 val_accuracy: 0.9794
Epoch: 3 loss: 0.4947 accuracy: 0.8042 val_loss: 0.2407 val_accuracy: 0.9794
Epoch: 4 loss: 0.4947 accuracy: 0.8042 val_loss: 0.2612 val_accuracy: 0.9794
Epoch: 5 loss: 0.4946 accuracy: 0.8043 val_loss: 0.2497 val_accuracy: 0.9794
Epoch: 6 loss: 0.4946 accuracy: 0.8042 val_loss: 0.2476 val_accuracy: 0.9794
Epoch: 7 loss: 0.4947 accuracy: 0.8042 val_loss: 0.2529 val_accuracy: 0.9794
Epoch: 8 loss: 0.4944 accuracy: 0.8043 val_loss: 0.2445 val_accuracy: 0.9794
Epoch: 9 loss: 0.4944 accuracy: 0.8043 val_loss: 0.2496 val_accuracy: 0.9794
Epoch: 10 loss: 0.4946 accuracy: 0.8043 val_loss: 0.2450 val_accuracy: 0.9794
Epoch: 11 loss: 0.4944 accuracy: 0.8043 val_loss: 0.2368 val_accuracy: 0.9794
Epoch: 12 loss: 0.4945 accuracy: 0.8043 val_loss: 0.2457 val_accuracy: 0.9794
Epoch: 13 loss: 0.4946 accuracy: 0.8043 val_loss: 0.2495 val_accuracy: 0.9794
Epoch: 14 loss: 0.4946 accuracy: 0.8042 val_loss: 0.2507 val_accuracy: 0.9794
Epoch: 15 loss: 0.4944 accuracy: 0.8043 val_loss: 0.2385 val_accuracy: 0.9794
Epoch: 16 loss: 0.4945 accuracy: 0.8043 val_loss: 0.2479 val_accuracy: 0.9794
Epoch: 17 loss: 0.4946 accuracy: 0.8042 val_loss: 0.2519 val_accuracy: 0.9794
Epoch: 18 loss: 0.4946 accuracy: 0.8043 val_loss: 0.2515 val_accuracy: 0.9794
Epoch: 19 loss: 0.4946 accuracy: 0.8042 val_loss: 0.2511 val_accuracy: 0.9794
Epoch: 20 loss: 0.4945 accuracy: 0.8043 val_loss: 0.2494 val_accuracy: 0.9794
Job ended!
