Fri 01 Mar 2024 05:27:39 PM EST
Python 3.9.7
nvcc: NVIDIA (R) Cuda compiler driver
Copyright (c) 2005-2019 NVIDIA Corporation
Built on Sun_Jul_28_19:07:16_PDT_2019
Cuda compilation tools, release 10.1, V10.1.243
My SLURM_ARRAY_TASK_ID: 
DB: ['ISIC2016', 'ISIC2017', 'ISIC2018', 'ISIC2019', 'ISIC2020', 'PH2', '_7_point_criteria', 'MEDNODE', 'KaggleMB']
IMG_SIZE: [150, 150]
CLASSIFIER: MobileNet
SELF_AUG: 1
JOB_INDEX: None
Combining...
Combining 1 db out of 9 dbs
Combining 2 db out of 9 dbs
Combining 3 db out of 9 dbs
Combining 4 db out of 9 dbs
Combining 5 db out of 9 dbs
Combining 6 db out of 9 dbs
Combining 7 db out of 9 dbs
Combining 8 db out of 9 dbs
Combining 9 db out of 9 dbs
Stacking training images
Stacking training labels
Stacking validation images
Stacking validation labels
Model: "sequential"
_________________________________________________________________
Layer (type)                 Output Shape              Param #   
=================================================================
mobilenet_1.00_224 (Function (None, 1024)              3228864   
_________________________________________________________________
dense (Dense)                (None, 512)               524800    
_________________________________________________________________
dropout (Dropout)            (None, 512)               0         
_________________________________________________________________
batch_normalization (BatchNo (None, 512)               2048      
_________________________________________________________________
dense_1 (Dense)              (None, 256)               131328    
_________________________________________________________________
dropout_1 (Dropout)          (None, 256)               0         
_________________________________________________________________
batch_normalization_1 (Batch (None, 256)               1024      
_________________________________________________________________
dense_2 (Dense)              (None, 2)                 514       
=================================================================
Total params: 3,888,578
Trainable params: 658,178
Non-trainable params: 3,230,400
_________________________________________________________________
Fitting ISIC2016+ISIC2017+ISIC2018+ISIC2019+ISIC2020+PH2+_7_point_criteria+MEDNODE+KaggleMB_aug_MobileNet_150h_150w_None model...
model_name: ISIC2016+ISIC2017+ISIC2018+ISIC2019+ISIC2020+PH2+_7_point_criteria+MEDNODE+KaggleMB_aug_MobileNet_150h_150w_None
Epoch: 1 loss: 0.4766 accuracy: 0.7776 val_loss: 0.2323 val_accuracy: 0.9107
Epoch: 2 loss: 0.3918 accuracy: 0.8168 val_loss: 0.2231 val_accuracy: 0.9160
Epoch: 3 loss: 0.3685 accuracy: 0.8284 val_loss: 0.2123 val_accuracy: 0.9210
Epoch: 4 loss: 0.3531 accuracy: 0.8379 val_loss: 0.2107 val_accuracy: 0.9194
Epoch: 5 loss: 0.3401 accuracy: 0.8441 val_loss: 0.2038 val_accuracy: 0.9233
Epoch: 6 loss: 0.3293 accuracy: 0.8505 val_loss: 0.2018 val_accuracy: 0.9243
Epoch: 7 loss: 0.3150 accuracy: 0.8582 val_loss: 0.1967 val_accuracy: 0.9255
Epoch: 8 loss: 0.3042 accuracy: 0.8629 val_loss: 0.2013 val_accuracy: 0.9266
Epoch: 9 loss: 0.2928 accuracy: 0.8681 val_loss: 0.2014 val_accuracy: 0.9250
Epoch: 10 loss: 0.2825 accuracy: 0.8750 val_loss: 0.1983 val_accuracy: 0.9289
Epoch: 11 loss: 0.2757 accuracy: 0.8770 val_loss: 0.1999 val_accuracy: 0.9293
Epoch: 12 loss: 0.2655 accuracy: 0.8817 val_loss: 0.1974 val_accuracy: 0.9295
Epoch: 13 loss: 0.2561 accuracy: 0.8868 val_loss: 0.1947 val_accuracy: 0.9337
Epoch: 14 loss: 0.2473 accuracy: 0.8912 val_loss: 0.1986 val_accuracy: 0.9359
Epoch: 15 loss: 0.2366 accuracy: 0.8971 val_loss: 0.2070 val_accuracy: 0.9285
Epoch: 16 loss: 0.2325 accuracy: 0.8981 val_loss: 0.1987 val_accuracy: 0.9383
Epoch: 17 loss: 0.2242 accuracy: 0.9017 val_loss: 0.2027 val_accuracy: 0.9363
Epoch: 18 loss: 0.2191 accuracy: 0.9050 val_loss: 0.2080 val_accuracy: 0.9349
Epoch: 19 loss: 0.2121 accuracy: 0.9083 val_loss: 0.2072 val_accuracy: 0.9355
Epoch: 20 loss: 0.2091 accuracy: 0.9101 val_loss: 0.2066 val_accuracy: 0.9369
Job ended!
