Tue 27 Feb 2024 10:26:47 PM EST
Python 3.9.7
nvcc: NVIDIA (R) Cuda compiler driver
Copyright (c) 2005-2019 NVIDIA Corporation
Built on Sun_Jul_28_19:07:16_PDT_2019
Cuda compilation tools, release 10.1, V10.1.243
My SLURM_ARRAY_TASK_ID: 
DB: ['ISIC2016', 'ISIC2017', 'ISIC2018', 'ISIC2019', 'ISIC2020', 'PH2', 'MEDNODE', 'KaggleMB']
IMG_SIZE: [150, 150]
CLASSIFIER: MobileNet
SELF_AUG: 1
JOB_INDEX: None
Combining...
Combining 1 db out of 8 dbs
Combining 2 db out of 8 dbs
Combining 3 db out of 8 dbs
Combining 4 db out of 8 dbs
Combining 5 db out of 8 dbs
Combining 6 db out of 8 dbs
Combining 7 db out of 8 dbs
Combining 8 db out of 8 dbs
Stacking training images
Stacking training labels
Stacking validation images
Stacking validation labels
Model: "sequential"
_________________________________________________________________
Layer (type)                 Output Shape              Param #   
=================================================================
mobilenet_1.00_150 (Function (None, 1024)              3228864   
_________________________________________________________________
dense (Dense)                (None, 512)               524800    
_________________________________________________________________
dropout (Dropout)            (None, 512)               0         
_________________________________________________________________
batch_normalization (BatchNo (None, 512)               2048      
_________________________________________________________________
dense_1 (Dense)              (None, 256)               131328    
_________________________________________________________________
dropout_1 (Dropout)          (None, 256)               0         
_________________________________________________________________
batch_normalization_1 (Batch (None, 256)               1024      
_________________________________________________________________
dense_2 (Dense)              (None, 2)                 514       
=================================================================
Total params: 3,888,578
Trainable params: 658,178
Non-trainable params: 3,230,400
_________________________________________________________________
Fitting ISIC2016+ISIC2017+ISIC2018+ISIC2019+ISIC2020+PH2+MEDNODE+KaggleMB_aug_MobileNet_150h_150w_None model...
model_name: ISIC2016+ISIC2017+ISIC2018+ISIC2019+ISIC2020+PH2+MEDNODE+KaggleMB_aug_MobileNet_150h_150w_None
Epoch: 1 loss: 0.6062 accuracy: 0.7063 val_loss: 0.4250 val_accuracy: 0.8984
Epoch: 2 loss: 0.6020 accuracy: 0.7103 val_loss: 0.4391 val_accuracy: 0.8984
Epoch: 3 loss: 0.6019 accuracy: 0.7104 val_loss: 0.4303 val_accuracy: 0.8984
Epoch: 4 loss: 0.6020 accuracy: 0.7103 val_loss: 0.4338 val_accuracy: 0.8984
Epoch: 5 loss: 0.6019 accuracy: 0.7104 val_loss: 0.4351 val_accuracy: 0.8984
Epoch: 6 loss: 0.6020 accuracy: 0.7103 val_loss: 0.4411 val_accuracy: 0.8984
Epoch: 7 loss: 0.6019 accuracy: 0.7103 val_loss: 0.4312 val_accuracy: 0.8984
Epoch: 8 loss: 0.6020 accuracy: 0.7103 val_loss: 0.4302 val_accuracy: 0.8984
Epoch: 9 loss: 0.6020 accuracy: 0.7103 val_loss: 0.4354 val_accuracy: 0.8984
Epoch: 10 loss: 0.6019 accuracy: 0.7104 val_loss: 0.4294 val_accuracy: 0.8984
Epoch: 11 loss: 0.6020 accuracy: 0.7103 val_loss: 0.4292 val_accuracy: 0.8984
Epoch: 12 loss: 0.6019 accuracy: 0.7103 val_loss: 0.4361 val_accuracy: 0.8984
Epoch: 13 loss: 0.6019 accuracy: 0.7104 val_loss: 0.4327 val_accuracy: 0.8984
Epoch: 14 loss: 0.6019 accuracy: 0.7104 val_loss: 0.4239 val_accuracy: 0.8984
Epoch: 15 loss: 0.6020 accuracy: 0.7103 val_loss: 0.4407 val_accuracy: 0.8984
Epoch: 16 loss: 0.6020 accuracy: 0.7103 val_loss: 0.4335 val_accuracy: 0.8984
Epoch: 17 loss: 0.6020 accuracy: 0.7103 val_loss: 0.4255 val_accuracy: 0.8984
Epoch: 18 loss: 0.6019 accuracy: 0.7104 val_loss: 0.4319 val_accuracy: 0.8984
Epoch: 19 loss: 0.6020 accuracy: 0.7103 val_loss: 0.4384 val_accuracy: 0.8984
Epoch: 20 loss: 0.6019 accuracy: 0.7104 val_loss: 0.4338 val_accuracy: 0.8984
Job ended!
