Fri 01 Mar 2024 05:20:44 PM EST
Python 3.9.7
nvcc: NVIDIA (R) Cuda compiler driver
Copyright (c) 2005-2019 NVIDIA Corporation
Built on Sun_Jul_28_19:07:16_PDT_2019
Cuda compilation tools, release 10.1, V10.1.243
My SLURM_ARRAY_TASK_ID: 
DB: ['ISIC2016', 'ISIC2017', 'ISIC2018']
IMG_SIZE: [150, 150]
CLASSIFIER: MobileNet
SELF_AUG: 1
JOB_INDEX: None
Combining...
Combining 1 db out of 3 dbs
Combining 2 db out of 3 dbs
Combining 3 db out of 3 dbs
Stacking training images
Stacking training labels
Stacking validation images
Stacking validation labels
Model: "sequential"
_________________________________________________________________
Layer (type)                 Output Shape              Param #   
=================================================================
mobilenet_1.00_224 (Function (None, 1024)              3228864   
_________________________________________________________________
dense (Dense)                (None, 512)               524800    
_________________________________________________________________
dropout (Dropout)            (None, 512)               0         
_________________________________________________________________
batch_normalization (BatchNo (None, 512)               2048      
_________________________________________________________________
dense_1 (Dense)              (None, 256)               131328    
_________________________________________________________________
dropout_1 (Dropout)          (None, 256)               0         
_________________________________________________________________
batch_normalization_1 (Batch (None, 256)               1024      
_________________________________________________________________
dense_2 (Dense)              (None, 2)                 514       
=================================================================
Total params: 3,888,578
Trainable params: 658,178
Non-trainable params: 3,230,400
_________________________________________________________________
Fitting ISIC2016+ISIC2017+ISIC2018_aug_MobileNet_150h_150w_None model...
model_name: ISIC2016+ISIC2017+ISIC2018_aug_MobileNet_150h_150w_None
Epoch: 1 loss: 0.6364 accuracy: 0.7057 val_loss: 0.4465 val_accuracy: 0.8069
Epoch: 2 loss: 0.4762 accuracy: 0.7879 val_loss: 0.4104 val_accuracy: 0.8451
Epoch: 3 loss: 0.4355 accuracy: 0.8021 val_loss: 0.3904 val_accuracy: 0.8528
Epoch: 4 loss: 0.4018 accuracy: 0.8177 val_loss: 0.3765 val_accuracy: 0.8547
Epoch: 5 loss: 0.3784 accuracy: 0.8299 val_loss: 0.3852 val_accuracy: 0.8566
Epoch: 6 loss: 0.3599 accuracy: 0.8413 val_loss: 0.3900 val_accuracy: 0.8566
Epoch: 7 loss: 0.3434 accuracy: 0.8465 val_loss: 0.3873 val_accuracy: 0.8394
Epoch: 8 loss: 0.3245 accuracy: 0.8559 val_loss: 0.3821 val_accuracy: 0.8470
Epoch: 9 loss: 0.3102 accuracy: 0.8625 val_loss: 0.3875 val_accuracy: 0.8681
Epoch: 10 loss: 0.2954 accuracy: 0.8713 val_loss: 0.3820 val_accuracy: 0.8642
Epoch: 11 loss: 0.2774 accuracy: 0.8812 val_loss: 0.3742 val_accuracy: 0.8489
Epoch: 12 loss: 0.2603 accuracy: 0.8890 val_loss: 0.3739 val_accuracy: 0.8662
Epoch: 13 loss: 0.2455 accuracy: 0.8941 val_loss: 0.3948 val_accuracy: 0.8662
Epoch: 14 loss: 0.2306 accuracy: 0.9047 val_loss: 0.4068 val_accuracy: 0.8719
Epoch: 15 loss: 0.2157 accuracy: 0.9114 val_loss: 0.4144 val_accuracy: 0.8642
Epoch: 16 loss: 0.2054 accuracy: 0.9139 val_loss: 0.4344 val_accuracy: 0.8662
Epoch: 17 loss: 0.1904 accuracy: 0.9195 val_loss: 0.4275 val_accuracy: 0.8489
Epoch: 18 loss: 0.1803 accuracy: 0.9261 val_loss: 0.4515 val_accuracy: 0.8738
Epoch: 19 loss: 0.1743 accuracy: 0.9257 val_loss: 0.4846 val_accuracy: 0.8662
Epoch: 20 loss: 0.1663 accuracy: 0.9326 val_loss: 0.4282 val_accuracy: 0.8700
Job ended!
