Tue 27 Feb 2024 10:45:32 PM EST
Python 3.9.7
nvcc: NVIDIA (R) Cuda compiler driver
Copyright (c) 2005-2019 NVIDIA Corporation
Built on Sun_Jul_28_19:07:16_PDT_2019
Cuda compilation tools, release 10.1, V10.1.243
My SLURM_ARRAY_TASK_ID: 
DB: ['ISIC2018']
IMG_SIZE: [150, 150]
CLASSIFIER: MobileNet
SELF_AUG: 1
JOB_INDEX: None
Combining...
Combining 1 db out of 1 dbs
Stacking training images
Stacking training labels
Stacking validation images
Stacking validation labels
Model: "sequential"
_________________________________________________________________
Layer (type)                 Output Shape              Param #   
=================================================================
mobilenet_1.00_150 (Function (None, 1024)              3228864   
_________________________________________________________________
dense (Dense)                (None, 512)               524800    
_________________________________________________________________
dropout (Dropout)            (None, 512)               0         
_________________________________________________________________
batch_normalization (BatchNo (None, 512)               2048      
_________________________________________________________________
dense_1 (Dense)              (None, 256)               131328    
_________________________________________________________________
dropout_1 (Dropout)          (None, 256)               0         
_________________________________________________________________
batch_normalization_1 (Batch (None, 256)               1024      
_________________________________________________________________
dense_2 (Dense)              (None, 2)                 514       
=================================================================
Total params: 3,888,578
Trainable params: 658,178
Non-trainable params: 3,230,400
_________________________________________________________________
Fitting ISIC2018_aug_MobileNet_150h_150w_None model...
model_name: ISIC2018_aug_MobileNet_150h_150w_None
Epoch: 1 loss: 0.6198 accuracy: 0.6989 val_loss: 0.4431 val_accuracy: 0.8912
Epoch: 2 loss: 0.5873 accuracy: 0.7270 val_loss: 0.4214 val_accuracy: 0.8912
Epoch: 3 loss: 0.5865 accuracy: 0.7272 val_loss: 0.4307 val_accuracy: 0.8912
Epoch: 4 loss: 0.5862 accuracy: 0.7277 val_loss: 0.4119 val_accuracy: 0.8912
Epoch: 5 loss: 0.5866 accuracy: 0.7270 val_loss: 0.4274 val_accuracy: 0.8912
Epoch: 6 loss: 0.5863 accuracy: 0.7270 val_loss: 0.4401 val_accuracy: 0.8912
Epoch: 7 loss: 0.5863 accuracy: 0.7272 val_loss: 0.4233 val_accuracy: 0.8912
Epoch: 8 loss: 0.5860 accuracy: 0.7272 val_loss: 0.4259 val_accuracy: 0.8912
Epoch: 9 loss: 0.5863 accuracy: 0.7273 val_loss: 0.4251 val_accuracy: 0.8912
Epoch: 10 loss: 0.5861 accuracy: 0.7272 val_loss: 0.4148 val_accuracy: 0.8912
Epoch: 11 loss: 0.5864 accuracy: 0.7270 val_loss: 0.4307 val_accuracy: 0.8912
Epoch: 12 loss: 0.5863 accuracy: 0.7270 val_loss: 0.4164 val_accuracy: 0.8912
Epoch: 13 loss: 0.5862 accuracy: 0.7272 val_loss: 0.4233 val_accuracy: 0.8912
Epoch: 14 loss: 0.5863 accuracy: 0.7270 val_loss: 0.4238 val_accuracy: 0.8912
Epoch: 15 loss: 0.5865 accuracy: 0.7272 val_loss: 0.4343 val_accuracy: 0.8912
Epoch: 16 loss: 0.5863 accuracy: 0.7272 val_loss: 0.4264 val_accuracy: 0.8912
Epoch: 17 loss: 0.5864 accuracy: 0.7271 val_loss: 0.4286 val_accuracy: 0.8912
Epoch: 18 loss: 0.5861 accuracy: 0.7272 val_loss: 0.4274 val_accuracy: 0.8912
Epoch: 19 loss: 0.5860 accuracy: 0.7273 val_loss: 0.4244 val_accuracy: 0.8912
Epoch: 20 loss: 0.5860 accuracy: 0.7273 val_loss: 0.4283 val_accuracy: 0.8912
Job ended!
