Sun 05 May 2024 09:51:30 PM EDT
Python 3.9.7
nvcc: NVIDIA (R) Cuda compiler driver
Copyright (c) 2005-2019 NVIDIA Corporation
Built on Sun_Jul_28_19:07:16_PDT_2019
Cuda compilation tools, release 10.1, V10.1.243
My SLURM_ARRAY_TASK_ID: 
DB: ['ISIC2016', 'ISIC2017', 'ISIC2018', 'ISIC2019', 'ISIC2020', 'PH2', '_7_point_criteria', 'PAD_UFES_20', 'MEDNODE', 'KaggleMB']
IMG_SIZE: [384, 384]
CLASSIFIER: ResNet101V2
JOB_INDEX: None
Start training augmented images
Combining...
Combining 1th db out of 10 dbs
Combining 2th db out of 10 dbs
Combining 3th db out of 10 dbs
Combining 4th db out of 10 dbs
Combining 5th db out of 10 dbs
Combining 6th db out of 10 dbs
Combining 7th db out of 10 dbs
Combining 8th db out of 10 dbs
Combining 9th db out of 10 dbs
Combining 10th db out of 10 dbs
Stacking data
Combining complete
Model: "sequential"
_________________________________________________________________
Layer (type)                 Output Shape              Param #   
=================================================================
resnet101v2 (Functional)     (None, 2048)              42626560  
_________________________________________________________________
dense (Dense)                (None, 512)               1049088   
_________________________________________________________________
dropout (Dropout)            (None, 512)               0         
_________________________________________________________________
batch_normalization (BatchNo (None, 512)               2048      
_________________________________________________________________
dense_1 (Dense)              (None, 256)               131328    
_________________________________________________________________
batch_normalization_1 (Batch (None, 256)               1024      
_________________________________________________________________
dense_2 (Dense)              (None, 2)                 514       
=================================================================
Total params: 43,810,562
Trainable params: 1,182,466
Non-trainable params: 42,628,096
_________________________________________________________________
Fitting ISIC2016+ISIC2017+ISIC2018+ISIC2019+ISIC2020+PH2+_7_point_criteria+PAD_UFES_20+MEDNODE+KaggleMB_aug_ResNet101V2_384h_384w_None model...
model_name: ISIC2016+ISIC2017+ISIC2018+ISIC2019+ISIC2020+PH2+_7_point_criteria+PAD_UFES_20+MEDNODE+KaggleMB_aug_ResNet101V2_384h_384w_None
Epoch: 1 loss: 0.8411 accuracy: 0.8363 val_loss: 0.7037 val_accuracy: 0.8788
Epoch: 2 loss: 0.6365 accuracy: 0.8858 val_loss: 0.5698 val_accuracy: 0.9072
Epoch: 3 loss: 0.5442 accuracy: 0.9012 val_loss: 0.5282 val_accuracy: 0.8969
Epoch: 4 loss: 0.4773 accuracy: 0.9118 val_loss: 0.5013 val_accuracy: 0.8959
Epoch: 5 loss: 0.4308 accuracy: 0.9187 val_loss: 0.4483 val_accuracy: 0.9092
Epoch: 6 loss: 0.3916 accuracy: 0.9245 val_loss: 0.4452 val_accuracy: 0.9016
Epoch: 7 loss: 0.3654 accuracy: 0.9280 val_loss: 0.3972 val_accuracy: 0.9111
Epoch: 8 loss: 0.3432 accuracy: 0.9300 val_loss: 0.4085 val_accuracy: 0.9055
Epoch: 9 loss: 0.3201 accuracy: 0.9343 val_loss: 0.3616 val_accuracy: 0.9171
Epoch: 10 loss: 0.3025 accuracy: 0.9368 val_loss: 0.3553 val_accuracy: 0.9179
Epoch: 11 loss: 0.2823 accuracy: 0.9413 val_loss: 0.3881 val_accuracy: 0.8966
Epoch: 12 loss: 0.2713 accuracy: 0.9424 val_loss: 0.3442 val_accuracy: 0.9153
Epoch: 13 loss: 0.2558 accuracy: 0.9460 val_loss: 0.3381 val_accuracy: 0.9146
Epoch: 14 loss: 0.2496 accuracy: 0.9462 val_loss: 0.3195 val_accuracy: 0.9215
Epoch: 15 loss: 0.2434 accuracy: 0.9467 val_loss: 0.3096 val_accuracy: 0.9250
Epoch: 16 loss: 0.2325 accuracy: 0.9502 val_loss: 0.3204 val_accuracy: 0.9199
Epoch: 17 loss: 0.2246 accuracy: 0.9506 val_loss: 0.3598 val_accuracy: 0.9002
Epoch: 18 loss: 0.2174 accuracy: 0.9534 val_loss: 0.3352 val_accuracy: 0.9118
Epoch: 19 loss: 0.2130 accuracy: 0.9529 val_loss: 0.3012 val_accuracy: 0.9287
Epoch: 20 loss: 0.2069 accuracy: 0.9548 val_loss: 0.3172 val_accuracy: 0.9138
Epoch: 21 loss: 0.2026 accuracy: 0.9545 val_loss: 0.2910 val_accuracy: 0.9292
Epoch: 22 loss: 0.1972 accuracy: 0.9564 val_loss: 0.3092 val_accuracy: 0.9235
Epoch: 23 loss: 0.1942 accuracy: 0.9569 val_loss: 0.2858 val_accuracy: 0.9295
Epoch: 24 loss: 0.1925 accuracy: 0.9558 val_loss: 0.3024 val_accuracy: 0.9259
Epoch: 25 loss: 0.1883 accuracy: 0.9575 val_loss: 0.3028 val_accuracy: 0.9210
Epoch: 26 loss: 0.1812 accuracy: 0.9599 val_loss: 0.3032 val_accuracy: 0.9232
Epoch: 27 loss: 0.1794 accuracy: 0.9601 val_loss: 0.2876 val_accuracy: 0.9263
Epoch: 28 loss: 0.1769 accuracy: 0.9605 val_loss: 0.2972 val_accuracy: 0.9278

Epoch 00028: ReduceLROnPlateau reducing learning rate to 7.999999797903001e-05.
Epoch: 29 loss: 0.1632 accuracy: 0.9653 val_loss: 0.2878 val_accuracy: 0.9322
Epoch: 30 loss: 0.1528 accuracy: 0.9688 val_loss: 0.2737 val_accuracy: 0.9348
Epoch: 31 loss: 0.1536 accuracy: 0.9681 val_loss: 0.2797 val_accuracy: 0.9317
Epoch: 32 loss: 0.1488 accuracy: 0.9696 val_loss: 0.2860 val_accuracy: 0.9347
Epoch: 33 loss: 0.1469 accuracy: 0.9700 val_loss: 0.2930 val_accuracy: 0.9257
Epoch: 34 loss: 0.1449 accuracy: 0.9704 val_loss: 0.3011 val_accuracy: 0.9257
Epoch: 35 loss: 0.1409 accuracy: 0.9719 val_loss: 0.2852 val_accuracy: 0.9329

Epoch 00035: ReduceLROnPlateau reducing learning rate to 6.399999838322402e-05.
Epoch: 36 loss: 0.1298 accuracy: 0.9763 val_loss: 0.2861 val_accuracy: 0.9327
Epoch: 37 loss: 0.1313 accuracy: 0.9746 val_loss: 0.2810 val_accuracy: 0.9321
Epoch: 38 loss: 0.1239 accuracy: 0.9777 val_loss: 0.2744 val_accuracy: 0.9350
Epoch: 39 loss: 0.1235 accuracy: 0.9765 val_loss: 0.2802 val_accuracy: 0.9371
Epoch: 40 loss: 0.1204 accuracy: 0.9777 val_loss: 0.2865 val_accuracy: 0.9361

Epoch 00040: ReduceLROnPlateau reducing learning rate to 5.119999987073243e-05.
End of augmented training
Finish
Job ended!
