Sun 05 May 2024 08:47:31 PM EDT
Python 3.9.7
nvcc: NVIDIA (R) Cuda compiler driver
Copyright (c) 2005-2019 NVIDIA Corporation
Built on Sun_Jul_28_19:07:16_PDT_2019
Cuda compilation tools, release 10.1, V10.1.243
My SLURM_ARRAY_TASK_ID: 
DB: ['ISIC2016', 'ISIC2017', 'ISIC2018', 'ISIC2019', '_7_point_criteria', 'PAD_UFES_20']
IMG_SIZE: [384, 384]
CLASSIFIER: ResNet101V2
JOB_INDEX: None
Start training augmented images
Combining...
Combining 1th db out of 6 dbs
Combining 2th db out of 6 dbs
Combining 3th db out of 6 dbs
Combining 4th db out of 6 dbs
Combining 5th db out of 6 dbs
Combining 6th db out of 6 dbs
Stacking data
Combining complete
Model: "sequential"
_________________________________________________________________
Layer (type)                 Output Shape              Param #   
=================================================================
resnet101v2 (Functional)     (None, 2048)              42626560  
_________________________________________________________________
dense (Dense)                (None, 512)               1049088   
_________________________________________________________________
dropout (Dropout)            (None, 512)               0         
_________________________________________________________________
batch_normalization (BatchNo (None, 512)               2048      
_________________________________________________________________
dense_1 (Dense)              (None, 256)               131328    
_________________________________________________________________
batch_normalization_1 (Batch (None, 256)               1024      
_________________________________________________________________
dense_2 (Dense)              (None, 2)                 514       
=================================================================
Total params: 43,810,562
Trainable params: 1,182,466
Non-trainable params: 42,628,096
_________________________________________________________________
Fitting ISIC2016+ISIC2017+ISIC2018+ISIC2019+_7_point_criteria+PAD_UFES_20_aug_ResNet101V2_384h_384w_None model...
model_name: ISIC2016+ISIC2017+ISIC2018+ISIC2019+_7_point_criteria+PAD_UFES_20_aug_ResNet101V2_384h_384w_None
Epoch: 1 loss: 0.9468 accuracy: 0.7956 val_loss: 0.8473 val_accuracy: 0.8286
Epoch: 2 loss: 0.7486 accuracy: 0.8614 val_loss: 0.7842 val_accuracy: 0.8335
Epoch: 3 loss: 0.6615 accuracy: 0.8830 val_loss: 0.7252 val_accuracy: 0.8458
Epoch: 4 loss: 0.6027 accuracy: 0.8940 val_loss: 0.6674 val_accuracy: 0.8599
Epoch: 5 loss: 0.5519 accuracy: 0.9065 val_loss: 0.6451 val_accuracy: 0.8589
Epoch: 6 loss: 0.5069 accuracy: 0.9154 val_loss: 0.5964 val_accuracy: 0.8743
Epoch: 7 loss: 0.4666 accuracy: 0.9237 val_loss: 0.5834 val_accuracy: 0.8701
Epoch: 8 loss: 0.4362 accuracy: 0.9289 val_loss: 0.5453 val_accuracy: 0.8829
Epoch: 9 loss: 0.4112 accuracy: 0.9341 val_loss: 0.5180 val_accuracy: 0.8917
Epoch: 10 loss: 0.3878 accuracy: 0.9381 val_loss: 0.5090 val_accuracy: 0.8874
Epoch: 11 loss: 0.3710 accuracy: 0.9398 val_loss: 0.5170 val_accuracy: 0.8801
Epoch: 12 loss: 0.3545 accuracy: 0.9414 val_loss: 0.4905 val_accuracy: 0.8847
Epoch: 13 loss: 0.3348 accuracy: 0.9471 val_loss: 0.4954 val_accuracy: 0.8865
Epoch: 14 loss: 0.3131 accuracy: 0.9526 val_loss: 0.4589 val_accuracy: 0.8988
Epoch: 15 loss: 0.3060 accuracy: 0.9516 val_loss: 0.4554 val_accuracy: 0.8943
Epoch: 16 loss: 0.2954 accuracy: 0.9527 val_loss: 0.4980 val_accuracy: 0.8802
Epoch: 17 loss: 0.2820 accuracy: 0.9547 val_loss: 0.4484 val_accuracy: 0.8991
Epoch: 18 loss: 0.2698 accuracy: 0.9575 val_loss: 0.4434 val_accuracy: 0.8986
Epoch: 19 loss: 0.2613 accuracy: 0.9586 val_loss: 0.4191 val_accuracy: 0.9036
Epoch: 20 loss: 0.2551 accuracy: 0.9578 val_loss: 0.4376 val_accuracy: 0.8956
Epoch: 21 loss: 0.2464 accuracy: 0.9600 val_loss: 0.4481 val_accuracy: 0.8941
Epoch: 22 loss: 0.2406 accuracy: 0.9624 val_loss: 0.4086 val_accuracy: 0.9095
Epoch: 23 loss: 0.2342 accuracy: 0.9620 val_loss: 0.3981 val_accuracy: 0.9143
Epoch: 24 loss: 0.2313 accuracy: 0.9626 val_loss: 0.3900 val_accuracy: 0.9160
Epoch: 25 loss: 0.2201 accuracy: 0.9642 val_loss: 0.4245 val_accuracy: 0.8975
Epoch: 26 loss: 0.2142 accuracy: 0.9657 val_loss: 0.4371 val_accuracy: 0.8976
Epoch: 27 loss: 0.2133 accuracy: 0.9649 val_loss: 0.4041 val_accuracy: 0.9050
Epoch: 28 loss: 0.2102 accuracy: 0.9644 val_loss: 0.3956 val_accuracy: 0.9093
Epoch: 29 loss: 0.1973 accuracy: 0.9689 val_loss: 0.4062 val_accuracy: 0.9101

Epoch 00029: ReduceLROnPlateau reducing learning rate to 7.999999797903001e-05.
Epoch: 30 loss: 0.1855 accuracy: 0.9724 val_loss: 0.3999 val_accuracy: 0.9114
Epoch: 31 loss: 0.1798 accuracy: 0.9732 val_loss: 0.3818 val_accuracy: 0.9205
Epoch: 32 loss: 0.1799 accuracy: 0.9733 val_loss: 0.3941 val_accuracy: 0.9170
Epoch: 33 loss: 0.1729 accuracy: 0.9754 val_loss: 0.3754 val_accuracy: 0.9224
Epoch: 34 loss: 0.1675 accuracy: 0.9760 val_loss: 0.3933 val_accuracy: 0.9188
Epoch: 35 loss: 0.1651 accuracy: 0.9763 val_loss: 0.3737 val_accuracy: 0.9186
Epoch: 36 loss: 0.1682 accuracy: 0.9742 val_loss: 0.3737 val_accuracy: 0.9141
Epoch: 37 loss: 0.1624 accuracy: 0.9754 val_loss: 0.3683 val_accuracy: 0.9204
Epoch: 38 loss: 0.1600 accuracy: 0.9758 val_loss: 0.3734 val_accuracy: 0.9208
Epoch: 39 loss: 0.1588 accuracy: 0.9753 val_loss: 0.3807 val_accuracy: 0.9152
Epoch: 40 loss: 0.1571 accuracy: 0.9760 val_loss: 0.3661 val_accuracy: 0.9189
Epoch: 41 loss: 0.1520 accuracy: 0.9768 val_loss: 0.3726 val_accuracy: 0.9143
Epoch: 42 loss: 0.1490 accuracy: 0.9779 val_loss: 0.3689 val_accuracy: 0.9164
Epoch: 43 loss: 0.1494 accuracy: 0.9779 val_loss: 0.3991 val_accuracy: 0.9122
Epoch: 44 loss: 0.1437 accuracy: 0.9793 val_loss: 0.3803 val_accuracy: 0.9125
Epoch: 45 loss: 0.1418 accuracy: 0.9789 val_loss: 0.3807 val_accuracy: 0.9186

Epoch 00045: ReduceLROnPlateau reducing learning rate to 6.399999838322402e-05.
Epoch: 46 loss: 0.1312 accuracy: 0.9835 val_loss: 0.3663 val_accuracy: 0.9284
Epoch: 47 loss: 0.1282 accuracy: 0.9834 val_loss: 0.3645 val_accuracy: 0.9260
Epoch: 48 loss: 0.1258 accuracy: 0.9849 val_loss: 0.3574 val_accuracy: 0.9282
Epoch: 49 loss: 0.1240 accuracy: 0.9847 val_loss: 0.3872 val_accuracy: 0.9184
Epoch: 50 loss: 0.1246 accuracy: 0.9840 val_loss: 0.3881 val_accuracy: 0.9159
Epoch: 51 loss: 0.1231 accuracy: 0.9840 val_loss: 0.3674 val_accuracy: 0.9200
Epoch: 52 loss: 0.1252 accuracy: 0.9826 val_loss: 0.3866 val_accuracy: 0.9176
Epoch: 53 loss: 0.1198 accuracy: 0.9849 val_loss: 0.3784 val_accuracy: 0.9168

Epoch 00053: ReduceLROnPlateau reducing learning rate to 5.119999987073243e-05.
Epoch: 54 loss: 0.1143 accuracy: 0.9867 val_loss: 0.3973 val_accuracy: 0.9231
Epoch: 55 loss: 0.1111 accuracy: 0.9877 val_loss: 0.3645 val_accuracy: 0.9296
Epoch: 56 loss: 0.1084 accuracy: 0.9881 val_loss: 0.3754 val_accuracy: 0.9258
Epoch: 57 loss: 0.1079 accuracy: 0.9880 val_loss: 0.3720 val_accuracy: 0.9276
Epoch: 58 loss: 0.1067 accuracy: 0.9878 val_loss: 0.3631 val_accuracy: 0.9244

Epoch 00058: ReduceLROnPlateau reducing learning rate to 4.0960000478662555e-05.
End of augmented training
Finish
Job ended!
