Sun 05 May 2024 09:57:05 PM EDT
Python 3.9.7
nvcc: NVIDIA (R) Cuda compiler driver
Copyright (c) 2005-2019 NVIDIA Corporation
Built on Sun_Jul_28_19:07:16_PDT_2019
Cuda compilation tools, release 10.1, V10.1.243
My SLURM_ARRAY_TASK_ID: 
DB: ['ISIC2016', 'ISIC2017', 'ISIC2018', 'ISIC2019', 'ISIC2020', 'PH2', '_7_point_criteria', 'PAD_UFES_20']
IMG_SIZE: [384, 384]
CLASSIFIER: ResNet101V2
JOB_INDEX: None
Start training augmented images
Combining...
Combining 1th db out of 8 dbs
Combining 2th db out of 8 dbs
Combining 3th db out of 8 dbs
Combining 4th db out of 8 dbs
Combining 5th db out of 8 dbs
Combining 6th db out of 8 dbs
Combining 7th db out of 8 dbs
Combining 8th db out of 8 dbs
Stacking data
Combining complete
Model: "sequential"
_________________________________________________________________
Layer (type)                 Output Shape              Param #   
=================================================================
resnet101v2 (Functional)     (None, 2048)              42626560  
_________________________________________________________________
dense (Dense)                (None, 512)               1049088   
_________________________________________________________________
dropout (Dropout)            (None, 512)               0         
_________________________________________________________________
batch_normalization (BatchNo (None, 512)               2048      
_________________________________________________________________
dense_1 (Dense)              (None, 256)               131328    
_________________________________________________________________
batch_normalization_1 (Batch (None, 256)               1024      
_________________________________________________________________
dense_2 (Dense)              (None, 2)                 514       
=================================================================
Total params: 43,810,562
Trainable params: 1,182,466
Non-trainable params: 42,628,096
_________________________________________________________________
Fitting ISIC2016+ISIC2017+ISIC2018+ISIC2019+ISIC2020+PH2+_7_point_criteria+PAD_UFES_20_aug_ResNet101V2_384h_384w_None model...
model_name: ISIC2016+ISIC2017+ISIC2018+ISIC2019+ISIC2020+PH2+_7_point_criteria+PAD_UFES_20_aug_ResNet101V2_384h_384w_None
Epoch: 1 loss: 0.8541 accuracy: 0.8345 val_loss: 0.7250 val_accuracy: 0.8707
Epoch: 2 loss: 0.6482 accuracy: 0.8858 val_loss: 0.5770 val_accuracy: 0.9092
Epoch: 3 loss: 0.5545 accuracy: 0.9022 val_loss: 0.5371 val_accuracy: 0.9015
Epoch: 4 loss: 0.4891 accuracy: 0.9122 val_loss: 0.4960 val_accuracy: 0.9015
Epoch: 5 loss: 0.4344 accuracy: 0.9222 val_loss: 0.4384 val_accuracy: 0.9172
Epoch: 6 loss: 0.4014 accuracy: 0.9250 val_loss: 0.4286 val_accuracy: 0.9090
Epoch: 7 loss: 0.3687 accuracy: 0.9306 val_loss: 0.4429 val_accuracy: 0.8990
Epoch: 8 loss: 0.3408 accuracy: 0.9344 val_loss: 0.3932 val_accuracy: 0.9126
Epoch: 9 loss: 0.3196 accuracy: 0.9384 val_loss: 0.3589 val_accuracy: 0.9248
Epoch: 10 loss: 0.3015 accuracy: 0.9404 val_loss: 0.3864 val_accuracy: 0.9101
Epoch: 11 loss: 0.2815 accuracy: 0.9447 val_loss: 0.3415 val_accuracy: 0.9275
Epoch: 12 loss: 0.2738 accuracy: 0.9453 val_loss: 0.3648 val_accuracy: 0.9116
Epoch: 13 loss: 0.2567 accuracy: 0.9489 val_loss: 0.3318 val_accuracy: 0.9255
Epoch: 14 loss: 0.2516 accuracy: 0.9485 val_loss: 0.3397 val_accuracy: 0.9130
Epoch: 15 loss: 0.2410 accuracy: 0.9495 val_loss: 0.3064 val_accuracy: 0.9321
Epoch: 16 loss: 0.2344 accuracy: 0.9509 val_loss: 0.3144 val_accuracy: 0.9279
Epoch: 17 loss: 0.2245 accuracy: 0.9533 val_loss: 0.3328 val_accuracy: 0.9168
Epoch: 18 loss: 0.2149 accuracy: 0.9554 val_loss: 0.3278 val_accuracy: 0.9188
Epoch: 19 loss: 0.2126 accuracy: 0.9555 val_loss: 0.3042 val_accuracy: 0.9226
Epoch: 20 loss: 0.2063 accuracy: 0.9555 val_loss: 0.2958 val_accuracy: 0.9300
Epoch: 21 loss: 0.2022 accuracy: 0.9564 val_loss: 0.2946 val_accuracy: 0.9316
Epoch: 22 loss: 0.1915 accuracy: 0.9598 val_loss: 0.3230 val_accuracy: 0.9161
Epoch: 23 loss: 0.1934 accuracy: 0.9581 val_loss: 0.2851 val_accuracy: 0.9276
Epoch: 24 loss: 0.1883 accuracy: 0.9598 val_loss: 0.2799 val_accuracy: 0.9299
Epoch: 25 loss: 0.1825 accuracy: 0.9613 val_loss: 0.2851 val_accuracy: 0.9286
Epoch: 26 loss: 0.1809 accuracy: 0.9611 val_loss: 0.2713 val_accuracy: 0.9338
Epoch: 27 loss: 0.1795 accuracy: 0.9616 val_loss: 0.2660 val_accuracy: 0.9362
Epoch: 28 loss: 0.1754 accuracy: 0.9624 val_loss: 0.2758 val_accuracy: 0.9320
Epoch: 29 loss: 0.1755 accuracy: 0.9616 val_loss: 0.2919 val_accuracy: 0.9220
Epoch: 30 loss: 0.1724 accuracy: 0.9619 val_loss: 0.2992 val_accuracy: 0.9227
Epoch: 31 loss: 0.1673 accuracy: 0.9643 val_loss: 0.3127 val_accuracy: 0.9097
Epoch: 32 loss: 0.1668 accuracy: 0.9625 val_loss: 0.2718 val_accuracy: 0.9276

Epoch 00032: ReduceLROnPlateau reducing learning rate to 7.999999797903001e-05.
Epoch: 33 loss: 0.1518 accuracy: 0.9692 val_loss: 0.2654 val_accuracy: 0.9331
Epoch: 34 loss: 0.1457 accuracy: 0.9710 val_loss: 0.2729 val_accuracy: 0.9339
Epoch: 35 loss: 0.1419 accuracy: 0.9711 val_loss: 0.2593 val_accuracy: 0.9381
Epoch: 36 loss: 0.1395 accuracy: 0.9719 val_loss: 0.2657 val_accuracy: 0.9352
Epoch: 37 loss: 0.1389 accuracy: 0.9720 val_loss: 0.2504 val_accuracy: 0.9389
Epoch: 38 loss: 0.1334 accuracy: 0.9743 val_loss: 0.2834 val_accuracy: 0.9274
Epoch: 39 loss: 0.1301 accuracy: 0.9749 val_loss: 0.2818 val_accuracy: 0.9254
Epoch: 40 loss: 0.1305 accuracy: 0.9741 val_loss: 0.2552 val_accuracy: 0.9404
Epoch: 41 loss: 0.1312 accuracy: 0.9737 val_loss: 0.2578 val_accuracy: 0.9398
Epoch: 42 loss: 0.1302 accuracy: 0.9735 val_loss: 0.2666 val_accuracy: 0.9378

Epoch 00042: ReduceLROnPlateau reducing learning rate to 6.399999838322402e-05.
Epoch: 43 loss: 0.1201 accuracy: 0.9782 val_loss: 0.2614 val_accuracy: 0.9359
Epoch: 44 loss: 0.1166 accuracy: 0.9790 val_loss: 0.2587 val_accuracy: 0.9393
Epoch: 45 loss: 0.1135 accuracy: 0.9793 val_loss: 0.2607 val_accuracy: 0.9390
Epoch: 46 loss: 0.1113 accuracy: 0.9797 val_loss: 0.2560 val_accuracy: 0.9452
Epoch: 47 loss: 0.1095 accuracy: 0.9813 val_loss: 0.2675 val_accuracy: 0.9423

Epoch 00047: ReduceLROnPlateau reducing learning rate to 5.119999987073243e-05.
End of augmented training
Finish
Job ended!
