Mon 06 May 2024 07:08:44 AM EDT
Python 3.9.7
nvcc: NVIDIA (R) Cuda compiler driver
Copyright (c) 2005-2019 NVIDIA Corporation
Built on Sun_Jul_28_19:07:16_PDT_2019
Cuda compilation tools, release 10.1, V10.1.243
My SLURM_ARRAY_TASK_ID: 
DB: ['ISIC2020']
IMG_SIZE: [384, 384]
CLASSIFIER: ResNet101V2
JOB_INDEX: None
Start training augmented images
Combining...
Combining 1th db out of 1 dbs
Stacking data
Combining complete
Model: "sequential"
_________________________________________________________________
Layer (type)                 Output Shape              Param #   
=================================================================
resnet101v2 (Functional)     (None, 2048)              42626560  
_________________________________________________________________
dense (Dense)                (None, 512)               1049088   
_________________________________________________________________
dropout (Dropout)            (None, 512)               0         
_________________________________________________________________
batch_normalization (BatchNo (None, 512)               2048      
_________________________________________________________________
dense_1 (Dense)              (None, 256)               131328    
_________________________________________________________________
batch_normalization_1 (Batch (None, 256)               1024      
_________________________________________________________________
dense_2 (Dense)              (None, 2)                 514       
=================================================================
Total params: 43,810,562
Trainable params: 1,182,466
Non-trainable params: 42,628,096
_________________________________________________________________
Fitting ISIC2020_aug_ResNet101V2_384h_384w_None model...
model_name: ISIC2020_aug_ResNet101V2_384h_384w_None
Epoch: 1 loss: 0.8956 accuracy: 0.8454 val_loss: 0.6611 val_accuracy: 0.9401
Epoch: 2 loss: 0.6190 accuracy: 0.9347 val_loss: 0.5592 val_accuracy: 0.9540
Epoch: 3 loss: 0.5288 accuracy: 0.9509 val_loss: 0.4919 val_accuracy: 0.9629
Epoch: 4 loss: 0.4646 accuracy: 0.9595 val_loss: 0.4389 val_accuracy: 0.9676
Epoch: 5 loss: 0.4180 accuracy: 0.9659 val_loss: 0.4284 val_accuracy: 0.9612
Epoch: 6 loss: 0.3801 accuracy: 0.9706 val_loss: 0.3912 val_accuracy: 0.9676
Epoch: 7 loss: 0.3506 accuracy: 0.9733 val_loss: 0.3560 val_accuracy: 0.9715
Epoch: 8 loss: 0.3287 accuracy: 0.9743 val_loss: 0.3855 val_accuracy: 0.9605
Epoch: 9 loss: 0.3088 accuracy: 0.9747 val_loss: 0.3511 val_accuracy: 0.9614
Epoch: 10 loss: 0.2865 accuracy: 0.9788 val_loss: 0.3137 val_accuracy: 0.9722
Epoch: 11 loss: 0.2691 accuracy: 0.9794 val_loss: 0.3383 val_accuracy: 0.9549
Epoch: 12 loss: 0.2532 accuracy: 0.9805 val_loss: 0.3258 val_accuracy: 0.9562
Epoch: 13 loss: 0.2421 accuracy: 0.9803 val_loss: 0.3046 val_accuracy: 0.9666
Epoch: 14 loss: 0.2296 accuracy: 0.9809 val_loss: 0.2797 val_accuracy: 0.9663
Epoch: 15 loss: 0.2152 accuracy: 0.9828 val_loss: 0.2844 val_accuracy: 0.9617
Epoch: 16 loss: 0.2063 accuracy: 0.9829 val_loss: 0.2799 val_accuracy: 0.9615
Epoch: 17 loss: 0.1995 accuracy: 0.9828 val_loss: 0.2828 val_accuracy: 0.9561
Epoch: 18 loss: 0.1921 accuracy: 0.9833 val_loss: 0.2537 val_accuracy: 0.9662
Epoch: 19 loss: 0.1798 accuracy: 0.9850 val_loss: 0.2539 val_accuracy: 0.9666
Epoch: 20 loss: 0.1745 accuracy: 0.9847 val_loss: 0.2360 val_accuracy: 0.9710
Epoch: 21 loss: 0.1685 accuracy: 0.9839 val_loss: 0.2260 val_accuracy: 0.9703
Epoch: 22 loss: 0.1608 accuracy: 0.9853 val_loss: 0.2299 val_accuracy: 0.9689
Epoch: 23 loss: 0.1509 accuracy: 0.9874 val_loss: 0.2283 val_accuracy: 0.9707
Epoch: 24 loss: 0.1499 accuracy: 0.9855 val_loss: 0.2286 val_accuracy: 0.9645
Epoch: 25 loss: 0.1456 accuracy: 0.9857 val_loss: 0.2392 val_accuracy: 0.9624
Epoch: 26 loss: 0.1414 accuracy: 0.9860 val_loss: 0.2089 val_accuracy: 0.9679
Epoch: 27 loss: 0.1362 accuracy: 0.9865 val_loss: 0.2034 val_accuracy: 0.9743
Epoch: 28 loss: 0.1263 accuracy: 0.9886 val_loss: 0.2224 val_accuracy: 0.9638
Epoch: 29 loss: 0.1280 accuracy: 0.9872 val_loss: 0.2252 val_accuracy: 0.9645
Epoch: 30 loss: 0.1193 accuracy: 0.9895 val_loss: 0.2061 val_accuracy: 0.9709
Epoch: 31 loss: 0.1206 accuracy: 0.9874 val_loss: 0.2015 val_accuracy: 0.9691
Epoch: 32 loss: 0.1180 accuracy: 0.9871 val_loss: 0.2422 val_accuracy: 0.9541
Epoch: 33 loss: 0.1186 accuracy: 0.9862 val_loss: 0.2210 val_accuracy: 0.9627
Epoch: 34 loss: 0.1121 accuracy: 0.9875 val_loss: 0.2147 val_accuracy: 0.9618
Epoch: 35 loss: 0.1093 accuracy: 0.9874 val_loss: 0.2131 val_accuracy: 0.9635
Epoch: 36 loss: 0.1039 accuracy: 0.9891 val_loss: 0.1956 val_accuracy: 0.9685
Epoch: 37 loss: 0.1018 accuracy: 0.9888 val_loss: 0.2583 val_accuracy: 0.9407
Epoch: 38 loss: 0.1012 accuracy: 0.9885 val_loss: 0.2088 val_accuracy: 0.9674
Epoch: 39 loss: 0.0997 accuracy: 0.9886 val_loss: 0.1901 val_accuracy: 0.9731
Epoch: 40 loss: 0.0946 accuracy: 0.9893 val_loss: 0.2083 val_accuracy: 0.9585
Epoch: 41 loss: 0.0963 accuracy: 0.9886 val_loss: 0.1756 val_accuracy: 0.9743
Epoch: 42 loss: 0.0944 accuracy: 0.9890 val_loss: 0.1844 val_accuracy: 0.9701
Epoch: 43 loss: 0.0935 accuracy: 0.9883 val_loss: 0.1862 val_accuracy: 0.9671
Epoch: 44 loss: 0.0931 accuracy: 0.9884 val_loss: 0.2122 val_accuracy: 0.9623
Epoch: 45 loss: 0.0914 accuracy: 0.9886 val_loss: 0.1890 val_accuracy: 0.9665
Epoch: 46 loss: 0.0863 accuracy: 0.9894 val_loss: 0.1733 val_accuracy: 0.9730
Epoch: 47 loss: 0.0879 accuracy: 0.9891 val_loss: 0.1887 val_accuracy: 0.9662
Epoch: 48 loss: 0.0823 accuracy: 0.9903 val_loss: 0.1804 val_accuracy: 0.9692
Epoch: 49 loss: 0.0836 accuracy: 0.9899 val_loss: 0.1772 val_accuracy: 0.9704
Epoch: 50 loss: 0.0808 accuracy: 0.9900 val_loss: 0.1766 val_accuracy: 0.9712
Epoch: 51 loss: 0.0803 accuracy: 0.9903 val_loss: 0.1825 val_accuracy: 0.9691

Epoch 00051: ReduceLROnPlateau reducing learning rate to 7.999999797903001e-05.
Epoch: 52 loss: 0.0747 accuracy: 0.9914 val_loss: 0.1727 val_accuracy: 0.9700
Epoch: 53 loss: 0.0695 accuracy: 0.9928 val_loss: 0.1732 val_accuracy: 0.9703
Epoch: 54 loss: 0.0712 accuracy: 0.9916 val_loss: 0.1719 val_accuracy: 0.9688
Epoch: 55 loss: 0.0672 accuracy: 0.9933 val_loss: 0.1770 val_accuracy: 0.9654
Epoch: 56 loss: 0.0679 accuracy: 0.9925 val_loss: 0.1682 val_accuracy: 0.9713
Epoch: 57 loss: 0.0646 accuracy: 0.9933 val_loss: 0.1743 val_accuracy: 0.9683
Epoch: 58 loss: 0.0674 accuracy: 0.9918 val_loss: 0.1577 val_accuracy: 0.9730
Epoch: 59 loss: 0.0690 accuracy: 0.9914 val_loss: 0.1684 val_accuracy: 0.9686
Epoch: 60 loss: 0.0647 accuracy: 0.9924 val_loss: 0.1750 val_accuracy: 0.9703
Epoch: 61 loss: 0.0603 accuracy: 0.9938 val_loss: 0.1678 val_accuracy: 0.9718
Epoch: 62 loss: 0.0623 accuracy: 0.9927 val_loss: 0.1719 val_accuracy: 0.9698
Epoch: 63 loss: 0.0602 accuracy: 0.9936 val_loss: 0.1750 val_accuracy: 0.9712

Epoch 00063: ReduceLROnPlateau reducing learning rate to 6.399999838322402e-05.
Epoch: 64 loss: 0.0569 accuracy: 0.9947 val_loss: 0.1648 val_accuracy: 0.9727
Epoch: 65 loss: 0.0555 accuracy: 0.9947 val_loss: 0.2250 val_accuracy: 0.9540
Epoch: 66 loss: 0.0580 accuracy: 0.9938 val_loss: 0.1804 val_accuracy: 0.9694
Epoch: 67 loss: 0.0546 accuracy: 0.9944 val_loss: 0.1737 val_accuracy: 0.9704
Epoch: 68 loss: 0.0549 accuracy: 0.9945 val_loss: 0.1880 val_accuracy: 0.9653

Epoch 00068: ReduceLROnPlateau reducing learning rate to 5.119999987073243e-05.
End of augmented training
Finish
Job ended!
