Sun 05 May 2024 08:43:41 PM EDT
Python 3.9.7
nvcc: NVIDIA (R) Cuda compiler driver
Copyright (c) 2005-2019 NVIDIA Corporation
Built on Sun_Jul_28_19:07:16_PDT_2019
Cuda compilation tools, release 10.1, V10.1.243
My SLURM_ARRAY_TASK_ID: 
DB: ['ISIC2016', '_7_point_criteria', 'PAD_UFES_20']
IMG_SIZE: [384, 384]
CLASSIFIER: ResNet101V2
JOB_INDEX: None
Start training augmented images
Combining...
Combining 1th db out of 3 dbs
Combining 2th db out of 3 dbs
Combining 3th db out of 3 dbs
Stacking data
Combining complete
Model: "sequential"
_________________________________________________________________
Layer (type)                 Output Shape              Param #   
=================================================================
resnet101v2 (Functional)     (None, 2048)              42626560  
_________________________________________________________________
dense (Dense)                (None, 512)               1049088   
_________________________________________________________________
dropout (Dropout)            (None, 512)               0         
_________________________________________________________________
batch_normalization (BatchNo (None, 512)               2048      
_________________________________________________________________
dense_1 (Dense)              (None, 256)               131328    
_________________________________________________________________
batch_normalization_1 (Batch (None, 256)               1024      
_________________________________________________________________
dense_2 (Dense)              (None, 2)                 514       
=================================================================
Total params: 43,810,562
Trainable params: 1,182,466
Non-trainable params: 42,628,096
_________________________________________________________________
Fitting ISIC2016+_7_point_criteria+PAD_UFES_20_aug_ResNet101V2_384h_384w_None model...
model_name: ISIC2016+_7_point_criteria+PAD_UFES_20_aug_ResNet101V2_384h_384w_None
Epoch: 1 loss: 1.1845 accuracy: 0.7027 val_loss: 0.9581 val_accuracy: 0.8422
Epoch: 2 loss: 0.9754 accuracy: 0.8034 val_loss: 1.0653 val_accuracy: 0.7687
Epoch: 3 loss: 0.8650 accuracy: 0.8616 val_loss: 1.0808 val_accuracy: 0.7390
Epoch: 4 loss: 0.7846 accuracy: 0.9010 val_loss: 1.0637 val_accuracy: 0.7651
Epoch: 5 loss: 0.7310 accuracy: 0.9214 val_loss: 1.0078 val_accuracy: 0.7960
Epoch: 6 loss: 0.6793 accuracy: 0.9386 val_loss: 0.9356 val_accuracy: 0.8185
Epoch: 7 loss: 0.6416 accuracy: 0.9534 val_loss: 0.9211 val_accuracy: 0.8316
Epoch: 8 loss: 0.6146 accuracy: 0.9590 val_loss: 0.9174 val_accuracy: 0.8280
Epoch: 9 loss: 0.5922 accuracy: 0.9624 val_loss: 0.8662 val_accuracy: 0.8588
Epoch: 10 loss: 0.5639 accuracy: 0.9737 val_loss: 0.8999 val_accuracy: 0.8387
Epoch: 11 loss: 0.5512 accuracy: 0.9721 val_loss: 0.8958 val_accuracy: 0.8434
Epoch: 12 loss: 0.5304 accuracy: 0.9803 val_loss: 0.8879 val_accuracy: 0.8458
Epoch: 13 loss: 0.5138 accuracy: 0.9812 val_loss: 0.8724 val_accuracy: 0.8636
Epoch: 14 loss: 0.5065 accuracy: 0.9801 val_loss: 0.7989 val_accuracy: 0.8802
Epoch: 15 loss: 0.4860 accuracy: 0.9869 val_loss: 0.8362 val_accuracy: 0.8731
Epoch: 16 loss: 0.4777 accuracy: 0.9869 val_loss: 0.8944 val_accuracy: 0.8517
Epoch: 17 loss: 0.4650 accuracy: 0.9873 val_loss: 0.8896 val_accuracy: 0.8553
Epoch: 18 loss: 0.4580 accuracy: 0.9880 val_loss: 0.8561 val_accuracy: 0.8648
Epoch: 19 loss: 0.4506 accuracy: 0.9887 val_loss: 0.8620 val_accuracy: 0.8660

Epoch 00019: ReduceLROnPlateau reducing learning rate to 7.999999797903001e-05.
Epoch: 20 loss: 0.4391 accuracy: 0.9916 val_loss: 0.8684 val_accuracy: 0.8683
Epoch: 21 loss: 0.4330 accuracy: 0.9905 val_loss: 0.8779 val_accuracy: 0.8731
Epoch: 22 loss: 0.4196 accuracy: 0.9957 val_loss: 0.8673 val_accuracy: 0.8814
Epoch: 23 loss: 0.4099 accuracy: 0.9966 val_loss: 0.8858 val_accuracy: 0.8683
Epoch: 24 loss: 0.4067 accuracy: 0.9950 val_loss: 0.8861 val_accuracy: 0.8612

Epoch 00024: ReduceLROnPlateau reducing learning rate to 6.399999838322402e-05.
End of augmented training
Finish
Job ended!
