Mon 06 May 2024 01:07:34 AM EDT
Python 3.9.7
nvcc: NVIDIA (R) Cuda compiler driver
Copyright (c) 2005-2019 NVIDIA Corporation
Built on Sun_Jul_28_19:07:16_PDT_2019
Cuda compilation tools, release 10.1, V10.1.243
My SLURM_ARRAY_TASK_ID: 
DB: ['ISIC2016', 'ISIC2017', 'ISIC2018', 'ISIC2019', 'ISIC2020', 'PH2']
IMG_SIZE: [384, 384]
CLASSIFIER: ResNet101V2
JOB_INDEX: None
Start training augmented images
Combining...
Combining 1th db out of 6 dbs
Combining 2th db out of 6 dbs
Combining 3th db out of 6 dbs
Combining 4th db out of 6 dbs
Combining 5th db out of 6 dbs
Combining 6th db out of 6 dbs
Stacking data
Combining complete
Model: "sequential"
_________________________________________________________________
Layer (type)                 Output Shape              Param #   
=================================================================
resnet101v2 (Functional)     (None, 2048)              42626560  
_________________________________________________________________
dense (Dense)                (None, 512)               1049088   
_________________________________________________________________
dropout (Dropout)            (None, 512)               0         
_________________________________________________________________
batch_normalization (BatchNo (None, 512)               2048      
_________________________________________________________________
dense_1 (Dense)              (None, 256)               131328    
_________________________________________________________________
batch_normalization_1 (Batch (None, 256)               1024      
_________________________________________________________________
dense_2 (Dense)              (None, 2)                 514       
=================================================================
Total params: 43,810,562
Trainable params: 1,182,466
Non-trainable params: 42,628,096
_________________________________________________________________
Fitting ISIC2016+ISIC2017+ISIC2018+ISIC2019+ISIC2020+PH2_aug_ResNet101V2_384h_384w_None model...
model_name: ISIC2016+ISIC2017+ISIC2018+ISIC2019+ISIC2020+PH2_aug_ResNet101V2_384h_384w_None
Epoch: 1 loss: 0.8470 accuracy: 0.8350 val_loss: 0.7111 val_accuracy: 0.8806
Epoch: 2 loss: 0.6396 accuracy: 0.8874 val_loss: 0.5928 val_accuracy: 0.9020
Epoch: 3 loss: 0.5484 accuracy: 0.9021 val_loss: 0.5356 val_accuracy: 0.9020
Epoch: 4 loss: 0.4804 accuracy: 0.9146 val_loss: 0.4874 val_accuracy: 0.9037
Epoch: 5 loss: 0.4317 accuracy: 0.9216 val_loss: 0.4595 val_accuracy: 0.9052
Epoch: 6 loss: 0.3905 accuracy: 0.9286 val_loss: 0.4040 val_accuracy: 0.9194
Epoch: 7 loss: 0.3628 accuracy: 0.9311 val_loss: 0.3947 val_accuracy: 0.9151
Epoch: 8 loss: 0.3374 accuracy: 0.9355 val_loss: 0.3892 val_accuracy: 0.9109
Epoch: 9 loss: 0.3189 accuracy: 0.9378 val_loss: 0.3624 val_accuracy: 0.9200
Epoch: 10 loss: 0.2993 accuracy: 0.9419 val_loss: 0.3421 val_accuracy: 0.9241
Epoch: 11 loss: 0.2827 accuracy: 0.9435 val_loss: 0.3375 val_accuracy: 0.9242
Epoch: 12 loss: 0.2732 accuracy: 0.9437 val_loss: 0.3315 val_accuracy: 0.9210
Epoch: 13 loss: 0.2589 accuracy: 0.9469 val_loss: 0.3169 val_accuracy: 0.9251
Epoch: 14 loss: 0.2459 accuracy: 0.9498 val_loss: 0.3091 val_accuracy: 0.9295
Epoch: 15 loss: 0.2373 accuracy: 0.9505 val_loss: 0.2927 val_accuracy: 0.9316
Epoch: 16 loss: 0.2285 accuracy: 0.9529 val_loss: 0.3381 val_accuracy: 0.9127
Epoch: 17 loss: 0.2183 accuracy: 0.9549 val_loss: 0.2941 val_accuracy: 0.9312
Epoch: 18 loss: 0.2146 accuracy: 0.9547 val_loss: 0.3250 val_accuracy: 0.9193
Epoch: 19 loss: 0.2101 accuracy: 0.9555 val_loss: 0.3146 val_accuracy: 0.9200
Epoch: 20 loss: 0.2058 accuracy: 0.9556 val_loss: 0.2838 val_accuracy: 0.9302
Epoch: 21 loss: 0.2009 accuracy: 0.9558 val_loss: 0.2873 val_accuracy: 0.9302
Epoch: 22 loss: 0.1920 accuracy: 0.9588 val_loss: 0.2848 val_accuracy: 0.9330
Epoch: 23 loss: 0.1931 accuracy: 0.9571 val_loss: 0.2891 val_accuracy: 0.9272
Epoch: 24 loss: 0.1892 accuracy: 0.9589 val_loss: 0.2742 val_accuracy: 0.9320
Epoch: 25 loss: 0.1854 accuracy: 0.9590 val_loss: 0.2845 val_accuracy: 0.9227
Epoch: 26 loss: 0.1797 accuracy: 0.9609 val_loss: 0.3131 val_accuracy: 0.9146
Epoch: 27 loss: 0.1752 accuracy: 0.9618 val_loss: 0.2835 val_accuracy: 0.9251
Epoch: 28 loss: 0.1735 accuracy: 0.9615 val_loss: 0.2708 val_accuracy: 0.9303
Epoch: 29 loss: 0.1719 accuracy: 0.9613 val_loss: 0.2717 val_accuracy: 0.9330
Epoch: 30 loss: 0.1674 accuracy: 0.9628 val_loss: 0.2635 val_accuracy: 0.9352
Epoch: 31 loss: 0.1670 accuracy: 0.9623 val_loss: 0.2628 val_accuracy: 0.9285
Epoch: 32 loss: 0.1632 accuracy: 0.9641 val_loss: 0.2603 val_accuracy: 0.9336
Epoch: 33 loss: 0.1608 accuracy: 0.9639 val_loss: 0.2556 val_accuracy: 0.9336
Epoch: 34 loss: 0.1587 accuracy: 0.9637 val_loss: 0.2749 val_accuracy: 0.9211
Epoch: 35 loss: 0.1543 accuracy: 0.9666 val_loss: 0.2789 val_accuracy: 0.9250
Epoch: 36 loss: 0.1509 accuracy: 0.9661 val_loss: 0.2672 val_accuracy: 0.9302
Epoch: 37 loss: 0.1480 accuracy: 0.9672 val_loss: 0.3337 val_accuracy: 0.9032
Epoch: 38 loss: 0.1479 accuracy: 0.9674 val_loss: 0.2501 val_accuracy: 0.9396
Epoch: 39 loss: 0.1453 accuracy: 0.9684 val_loss: 0.2703 val_accuracy: 0.9262
Epoch: 40 loss: 0.1446 accuracy: 0.9679 val_loss: 0.2537 val_accuracy: 0.9342
Epoch: 41 loss: 0.1410 accuracy: 0.9694 val_loss: 0.2646 val_accuracy: 0.9344
Epoch: 42 loss: 0.1459 accuracy: 0.9677 val_loss: 0.2588 val_accuracy: 0.9354
Epoch: 43 loss: 0.1405 accuracy: 0.9692 val_loss: 0.2586 val_accuracy: 0.9334

Epoch 00043: ReduceLROnPlateau reducing learning rate to 7.999999797903001e-05.
Epoch: 44 loss: 0.1315 accuracy: 0.9727 val_loss: 0.2441 val_accuracy: 0.9398
Epoch: 45 loss: 0.1292 accuracy: 0.9739 val_loss: 0.2471 val_accuracy: 0.9411
Epoch: 46 loss: 0.1251 accuracy: 0.9743 val_loss: 0.2599 val_accuracy: 0.9368
Epoch: 47 loss: 0.1238 accuracy: 0.9758 val_loss: 0.2380 val_accuracy: 0.9401
Epoch: 48 loss: 0.1216 accuracy: 0.9759 val_loss: 0.2376 val_accuracy: 0.9411
Epoch: 49 loss: 0.1197 accuracy: 0.9760 val_loss: 0.2459 val_accuracy: 0.9428
Epoch: 50 loss: 0.1202 accuracy: 0.9758 val_loss: 0.2407 val_accuracy: 0.9451
Epoch: 51 loss: 0.1168 accuracy: 0.9768 val_loss: 0.2561 val_accuracy: 0.9389
Epoch: 52 loss: 0.1160 accuracy: 0.9769 val_loss: 0.2601 val_accuracy: 0.9335
Epoch: 53 loss: 0.1154 accuracy: 0.9771 val_loss: 0.2502 val_accuracy: 0.9428

Epoch 00053: ReduceLROnPlateau reducing learning rate to 6.399999838322402e-05.
Epoch: 54 loss: 0.1085 accuracy: 0.9798 val_loss: 0.2466 val_accuracy: 0.9436
Epoch: 55 loss: 0.1015 accuracy: 0.9824 val_loss: 0.2407 val_accuracy: 0.9433
Epoch: 56 loss: 0.1034 accuracy: 0.9809 val_loss: 0.2660 val_accuracy: 0.9352
Epoch: 57 loss: 0.1009 accuracy: 0.9822 val_loss: 0.2298 val_accuracy: 0.9438
Epoch: 58 loss: 0.0974 accuracy: 0.9827 val_loss: 0.2663 val_accuracy: 0.9366
Epoch: 59 loss: 0.0978 accuracy: 0.9826 val_loss: 0.2494 val_accuracy: 0.9427
Epoch: 60 loss: 0.0981 accuracy: 0.9819 val_loss: 0.2501 val_accuracy: 0.9402
Epoch: 61 loss: 0.0971 accuracy: 0.9832 val_loss: 0.2490 val_accuracy: 0.9411
Epoch: 62 loss: 0.0950 accuracy: 0.9838 val_loss: 0.2570 val_accuracy: 0.9416

Epoch 00062: ReduceLROnPlateau reducing learning rate to 5.119999987073243e-05.
Epoch: 63 loss: 0.0891 accuracy: 0.9853 val_loss: 0.2492 val_accuracy: 0.9456
Epoch: 64 loss: 0.0868 accuracy: 0.9860 val_loss: 0.2404 val_accuracy: 0.9432
Epoch: 65 loss: 0.0878 accuracy: 0.9858 val_loss: 0.2679 val_accuracy: 0.9393
Epoch: 66 loss: 0.0845 accuracy: 0.9872 val_loss: 0.2588 val_accuracy: 0.9459
Epoch: 67 loss: 0.0859 accuracy: 0.9861 val_loss: 0.2570 val_accuracy: 0.9441

Epoch 00067: ReduceLROnPlateau reducing learning rate to 4.0960000478662555e-05.
End of augmented training
Finish
Job ended!
