Mon 06 May 2024 07:02:17 AM EDT
Python 3.9.7
nvcc: NVIDIA (R) Cuda compiler driver
Copyright (c) 2005-2019 NVIDIA Corporation
Built on Sun_Jul_28_19:07:16_PDT_2019
Cuda compilation tools, release 10.1, V10.1.243
My SLURM_ARRAY_TASK_ID: 
DB: ['ISIC2016', 'PH2']
IMG_SIZE: [384, 384]
CLASSIFIER: ResNet101V2
JOB_INDEX: None
Start training augmented images
Combining...
Combining 1th db out of 2 dbs
Combining 2th db out of 2 dbs
Stacking data
Combining complete
Model: "sequential"
_________________________________________________________________
Layer (type)                 Output Shape              Param #   
=================================================================
resnet101v2 (Functional)     (None, 2048)              42626560  
_________________________________________________________________
dense (Dense)                (None, 512)               1049088   
_________________________________________________________________
dropout (Dropout)            (None, 512)               0         
_________________________________________________________________
batch_normalization (BatchNo (None, 512)               2048      
_________________________________________________________________
dense_1 (Dense)              (None, 256)               131328    
_________________________________________________________________
batch_normalization_1 (Batch (None, 256)               1024      
_________________________________________________________________
dense_2 (Dense)              (None, 2)                 514       
=================================================================
Total params: 43,810,562
Trainable params: 1,182,466
Non-trainable params: 42,628,096
_________________________________________________________________
Fitting ISIC2016+PH2_aug_ResNet101V2_384h_384w_None model...
model_name: ISIC2016+PH2_aug_ResNet101V2_384h_384w_None
Epoch: 1 loss: 1.2426 accuracy: 0.6821 val_loss: 0.9922 val_accuracy: 0.8278
Epoch: 2 loss: 1.0654 accuracy: 0.7772 val_loss: 0.9792 val_accuracy: 0.8222
Epoch: 3 loss: 0.9609 accuracy: 0.8240 val_loss: 0.9581 val_accuracy: 0.8500
Epoch: 4 loss: 0.8211 accuracy: 0.8886 val_loss: 0.9272 val_accuracy: 0.8444
Epoch: 5 loss: 0.8023 accuracy: 0.8995 val_loss: 0.9279 val_accuracy: 0.8333
Epoch: 6 loss: 0.7780 accuracy: 0.9069 val_loss: 0.9161 val_accuracy: 0.8167
Epoch: 7 loss: 0.7596 accuracy: 0.9083 val_loss: 0.9417 val_accuracy: 0.8000
Epoch: 8 loss: 0.7200 accuracy: 0.9239 val_loss: 0.9366 val_accuracy: 0.7889
Epoch: 9 loss: 0.6721 accuracy: 0.9518 val_loss: 0.9263 val_accuracy: 0.8056
Epoch: 10 loss: 0.6578 accuracy: 0.9484 val_loss: 0.8805 val_accuracy: 0.8278
Epoch: 11 loss: 0.6444 accuracy: 0.9531 val_loss: 0.8795 val_accuracy: 0.8111
Epoch: 12 loss: 0.6231 accuracy: 0.9633 val_loss: 0.8816 val_accuracy: 0.8333
Epoch: 13 loss: 0.6057 accuracy: 0.9654 val_loss: 0.8816 val_accuracy: 0.8278
Epoch: 14 loss: 0.5939 accuracy: 0.9728 val_loss: 0.8746 val_accuracy: 0.8222
Epoch: 15 loss: 0.5680 accuracy: 0.9803 val_loss: 0.8626 val_accuracy: 0.8278
Epoch: 16 loss: 0.5531 accuracy: 0.9871 val_loss: 0.8657 val_accuracy: 0.8389
Epoch: 17 loss: 0.5564 accuracy: 0.9796 val_loss: 0.8371 val_accuracy: 0.8611
Epoch: 18 loss: 0.5513 accuracy: 0.9817 val_loss: 0.8077 val_accuracy: 0.8500
Epoch: 19 loss: 0.5437 accuracy: 0.9837 val_loss: 0.8215 val_accuracy: 0.8500
Epoch: 20 loss: 0.5220 accuracy: 0.9912 val_loss: 0.8357 val_accuracy: 0.8556
Epoch: 21 loss: 0.5119 accuracy: 0.9932 val_loss: 0.8212 val_accuracy: 0.8500
Epoch: 22 loss: 0.5172 accuracy: 0.9864 val_loss: 0.8014 val_accuracy: 0.8722
Epoch: 23 loss: 0.5098 accuracy: 0.9878 val_loss: 0.7966 val_accuracy: 0.8444
Epoch: 24 loss: 0.4998 accuracy: 0.9891 val_loss: 0.8369 val_accuracy: 0.8389
Epoch: 25 loss: 0.4979 accuracy: 0.9918 val_loss: 0.8190 val_accuracy: 0.8556
Epoch: 26 loss: 0.4844 accuracy: 0.9952 val_loss: 0.8063 val_accuracy: 0.8667
Epoch: 27 loss: 0.4846 accuracy: 0.9912 val_loss: 0.8571 val_accuracy: 0.8556
Epoch: 28 loss: 0.4732 accuracy: 0.9973 val_loss: 0.8432 val_accuracy: 0.8444

Epoch 00028: ReduceLROnPlateau reducing learning rate to 7.999999797903001e-05.
Epoch: 29 loss: 0.4787 accuracy: 0.9918 val_loss: 0.8297 val_accuracy: 0.8611
Epoch: 30 loss: 0.4712 accuracy: 0.9952 val_loss: 0.8217 val_accuracy: 0.8611
Epoch: 31 loss: 0.4637 accuracy: 0.9966 val_loss: 0.7979 val_accuracy: 0.8722
Epoch: 32 loss: 0.4562 accuracy: 0.9980 val_loss: 0.8188 val_accuracy: 0.8722
Epoch: 33 loss: 0.4554 accuracy: 0.9959 val_loss: 0.8449 val_accuracy: 0.8556

Epoch 00033: ReduceLROnPlateau reducing learning rate to 6.399999838322402e-05.
End of augmented training
Finish
Job ended!
