Sun 05 May 2024 08:42:06 PM EDT
Python 3.9.7
nvcc: NVIDIA (R) Cuda compiler driver
Copyright (c) 2005-2019 NVIDIA Corporation
Built on Sun_Jul_28_19:07:16_PDT_2019
Cuda compilation tools, release 10.1, V10.1.243
My SLURM_ARRAY_TASK_ID: 
DB: ['ISIC2016', '_7_point_criteria', 'PAD_UFES_20', 'MEDNODE']
IMG_SIZE: [384, 384]
CLASSIFIER: ResNet101V2
JOB_INDEX: None
Start training augmented images
Combining...
Combining 1th db out of 4 dbs
Combining 2th db out of 4 dbs
Combining 3th db out of 4 dbs
Combining 4th db out of 4 dbs
Stacking data
Combining complete
Model: "sequential"
_________________________________________________________________
Layer (type)                 Output Shape              Param #   
=================================================================
resnet101v2 (Functional)     (None, 2048)              42626560  
_________________________________________________________________
dense (Dense)                (None, 512)               1049088   
_________________________________________________________________
dropout (Dropout)            (None, 512)               0         
_________________________________________________________________
batch_normalization (BatchNo (None, 512)               2048      
_________________________________________________________________
dense_1 (Dense)              (None, 256)               131328    
_________________________________________________________________
batch_normalization_1 (Batch (None, 256)               1024      
_________________________________________________________________
dense_2 (Dense)              (None, 2)                 514       
=================================================================
Total params: 43,810,562
Trainable params: 1,182,466
Non-trainable params: 42,628,096
_________________________________________________________________
Fitting ISIC2016+_7_point_criteria+PAD_UFES_20+MEDNODE_aug_ResNet101V2_384h_384w_None model...
model_name: ISIC2016+_7_point_criteria+PAD_UFES_20+MEDNODE_aug_ResNet101V2_384h_384w_None
Epoch: 1 loss: 1.2013 accuracy: 0.7148 val_loss: 1.0058 val_accuracy: 0.8130
Epoch: 2 loss: 0.9755 accuracy: 0.8158 val_loss: 0.9097 val_accuracy: 0.8632
Epoch: 3 loss: 0.8482 accuracy: 0.8720 val_loss: 0.8573 val_accuracy: 0.8689
Epoch: 4 loss: 0.7779 accuracy: 0.9065 val_loss: 0.8708 val_accuracy: 0.8563
Epoch: 5 loss: 0.7096 accuracy: 0.9327 val_loss: 0.8438 val_accuracy: 0.8597
Epoch: 6 loss: 0.6895 accuracy: 0.9334 val_loss: 0.8263 val_accuracy: 0.8563
Epoch: 7 loss: 0.6538 accuracy: 0.9434 val_loss: 0.8514 val_accuracy: 0.8518
Epoch: 8 loss: 0.6172 accuracy: 0.9568 val_loss: 0.8223 val_accuracy: 0.8677
Epoch: 9 loss: 0.5875 accuracy: 0.9635 val_loss: 0.8206 val_accuracy: 0.8632
Epoch: 10 loss: 0.5662 accuracy: 0.9677 val_loss: 0.8183 val_accuracy: 0.8700
Epoch: 11 loss: 0.5437 accuracy: 0.9744 val_loss: 0.8107 val_accuracy: 0.8723
Epoch: 12 loss: 0.5306 accuracy: 0.9772 val_loss: 0.8113 val_accuracy: 0.8712
Epoch: 13 loss: 0.5177 accuracy: 0.9807 val_loss: 0.8349 val_accuracy: 0.8586
Epoch: 14 loss: 0.5001 accuracy: 0.9839 val_loss: 0.8233 val_accuracy: 0.8575
Epoch: 15 loss: 0.4948 accuracy: 0.9842 val_loss: 0.8355 val_accuracy: 0.8609
Epoch: 16 loss: 0.4751 accuracy: 0.9865 val_loss: 0.8593 val_accuracy: 0.8563

Epoch 00016: ReduceLROnPlateau reducing learning rate to 7.999999797903001e-05.
Epoch: 17 loss: 0.4648 accuracy: 0.9878 val_loss: 0.8635 val_accuracy: 0.8563
Epoch: 18 loss: 0.4554 accuracy: 0.9907 val_loss: 0.8391 val_accuracy: 0.8540
Epoch: 19 loss: 0.4506 accuracy: 0.9909 val_loss: 0.8160 val_accuracy: 0.8700
Epoch: 20 loss: 0.4405 accuracy: 0.9928 val_loss: 0.8289 val_accuracy: 0.8529
Epoch: 21 loss: 0.4306 accuracy: 0.9937 val_loss: 0.8333 val_accuracy: 0.8689

Epoch 00021: ReduceLROnPlateau reducing learning rate to 6.399999838322402e-05.
End of augmented training
Finish
Job ended!
