Tue 27 Feb 2024 10:08:18 AM EST
Python 3.9.7
nvcc: NVIDIA (R) Cuda compiler driver
Copyright (c) 2005-2019 NVIDIA Corporation
Built on Sun_Jul_28_19:07:16_PDT_2019
Cuda compilation tools, release 10.1, V10.1.243
My SLURM_ARRAY_TASK_ID: 
DB: ['ISIC2016', 'MEDNODE']
IMG_SIZE: [150, 150]
CLASSIFIER: EfficientNetB3
SELF_AUG: 1
JOB_INDEX: None
Combining...
Combining 1 db out of 2 dbs
Combining 2 db out of 2 dbs
Stacking training images
Stacking training labels
Stacking validation images
Stacking validation labels
Model: "sequential"
_________________________________________________________________
Layer (type)                 Output Shape              Param #   
=================================================================
efficientnetb3 (Functional)  (None, 1536)              10783535  
_________________________________________________________________
dense (Dense)                (None, 512)               786944    
_________________________________________________________________
dropout (Dropout)            (None, 512)               0         
_________________________________________________________________
batch_normalization (BatchNo (None, 512)               2048      
_________________________________________________________________
dense_1 (Dense)              (None, 256)               131328    
_________________________________________________________________
dropout_1 (Dropout)          (None, 256)               0         
_________________________________________________________________
batch_normalization_1 (Batch (None, 256)               1024      
_________________________________________________________________
dense_2 (Dense)              (None, 2)                 514       
=================================================================
Total params: 11,705,393
Trainable params: 920,322
Non-trainable params: 10,785,071
_________________________________________________________________
Fitting ISIC2016+MEDNODE_aug_EfficientNetB3_150h_150w_None model...
model_name: ISIC2016+MEDNODE_aug_EfficientNetB3_150h_150w_None
Epoch: 1 loss: 0.6978 accuracy: 0.5127 val_loss: 0.6685 val_accuracy: 0.7664
Epoch: 2 loss: 0.6850 accuracy: 0.5527 val_loss: 0.6522 val_accuracy: 0.7664
Epoch: 3 loss: 0.6816 accuracy: 0.5621 val_loss: 0.6449 val_accuracy: 0.7664
Epoch: 4 loss: 0.6899 accuracy: 0.5483 val_loss: 0.6433 val_accuracy: 0.7664
Epoch: 5 loss: 0.6805 accuracy: 0.5766 val_loss: 0.6354 val_accuracy: 0.7664
Epoch: 6 loss: 0.6763 accuracy: 0.5752 val_loss: 0.6325 val_accuracy: 0.7664
Epoch: 7 loss: 0.6754 accuracy: 0.5948 val_loss: 0.6265 val_accuracy: 0.7664
Epoch: 8 loss: 0.6782 accuracy: 0.5708 val_loss: 0.6272 val_accuracy: 0.7664
Epoch: 9 loss: 0.6768 accuracy: 0.5890 val_loss: 0.6303 val_accuracy: 0.7664
Epoch: 10 loss: 0.6734 accuracy: 0.5999 val_loss: 0.6307 val_accuracy: 0.7664
Epoch: 11 loss: 0.6768 accuracy: 0.5948 val_loss: 0.6258 val_accuracy: 0.7664
Epoch: 12 loss: 0.6730 accuracy: 0.5955 val_loss: 0.6282 val_accuracy: 0.7664
Epoch: 13 loss: 0.6755 accuracy: 0.5890 val_loss: 0.6233 val_accuracy: 0.7664
Epoch: 14 loss: 0.6707 accuracy: 0.5948 val_loss: 0.6188 val_accuracy: 0.7664
Epoch: 15 loss: 0.6759 accuracy: 0.5824 val_loss: 0.6345 val_accuracy: 0.7664
Epoch: 16 loss: 0.6760 accuracy: 0.5839 val_loss: 0.6051 val_accuracy: 0.7664
Epoch: 17 loss: 0.6720 accuracy: 0.5991 val_loss: 0.6079 val_accuracy: 0.7664
Epoch: 18 loss: 0.6732 accuracy: 0.5911 val_loss: 0.6271 val_accuracy: 0.7664
Epoch: 19 loss: 0.6715 accuracy: 0.5940 val_loss: 0.6423 val_accuracy: 0.7850
Epoch: 20 loss: 0.6717 accuracy: 0.5890 val_loss: 0.6195 val_accuracy: 0.7664
Job ended!
