Fri 01 Mar 2024 06:39:45 AM EST
Python 3.9.7
nvcc: NVIDIA (R) Cuda compiler driver
Copyright (c) 2005-2019 NVIDIA Corporation
Built on Sun_Jul_28_19:07:16_PDT_2019
Cuda compilation tools, release 10.1, V10.1.243
My SLURM_ARRAY_TASK_ID: 
DB: ['ISIC2016', 'ISIC2018', 'ISIC2019', 'ISIC2020']
IMG_SIZE: [150, 150]
CLASSIFIER: EfficientNetB3
SELF_AUG: 1
JOB_INDEX: None
Combining...
Combining 1 db out of 4 dbs
Combining 2 db out of 4 dbs
Combining 3 db out of 4 dbs
Combining 4 db out of 4 dbs
Stacking training images
Stacking training labels
Stacking validation images
Stacking validation labels
Model: "sequential"
_________________________________________________________________
Layer (type)                 Output Shape              Param #   
=================================================================
efficientnetb3 (Functional)  (None, 1536)              10783535  
_________________________________________________________________
dense (Dense)                (None, 512)               786944    
_________________________________________________________________
dropout (Dropout)            (None, 512)               0         
_________________________________________________________________
batch_normalization (BatchNo (None, 512)               2048      
_________________________________________________________________
dense_1 (Dense)              (None, 256)               131328    
_________________________________________________________________
dropout_1 (Dropout)          (None, 256)               0         
_________________________________________________________________
batch_normalization_1 (Batch (None, 256)               1024      
_________________________________________________________________
dense_2 (Dense)              (None, 2)                 514       
=================================================================
Total params: 11,705,393
Trainable params: 920,322
Non-trainable params: 10,785,071
_________________________________________________________________
Fitting ISIC2016+ISIC2018+ISIC2019+ISIC2020_aug_EfficientNetB3_150h_150w_None model...
model_name: ISIC2016+ISIC2018+ISIC2019+ISIC2020_aug_EfficientNetB3_150h_150w_None
Epoch: 1 loss: 0.4770 accuracy: 0.7839 val_loss: 0.2029 val_accuracy: 0.9272
Epoch: 2 loss: 0.3888 accuracy: 0.8180 val_loss: 0.1964 val_accuracy: 0.9312
Epoch: 3 loss: 0.3686 accuracy: 0.8299 val_loss: 0.1910 val_accuracy: 0.9329
Epoch: 4 loss: 0.3561 accuracy: 0.8356 val_loss: 0.1832 val_accuracy: 0.9337
Epoch: 5 loss: 0.3469 accuracy: 0.8408 val_loss: 0.1831 val_accuracy: 0.9348
Epoch: 6 loss: 0.3391 accuracy: 0.8444 val_loss: 0.1840 val_accuracy: 0.9344
Epoch: 7 loss: 0.3340 accuracy: 0.8469 val_loss: 0.1800 val_accuracy: 0.9354
Epoch: 8 loss: 0.3277 accuracy: 0.8501 val_loss: 0.1792 val_accuracy: 0.9347
Epoch: 9 loss: 0.3248 accuracy: 0.8517 val_loss: 0.1778 val_accuracy: 0.9375
Epoch: 10 loss: 0.3179 accuracy: 0.8557 val_loss: 0.1775 val_accuracy: 0.9375
Epoch: 11 loss: 0.3144 accuracy: 0.8566 val_loss: 0.1760 val_accuracy: 0.9382
Epoch: 12 loss: 0.3123 accuracy: 0.8584 val_loss: 0.1734 val_accuracy: 0.9378
Epoch: 13 loss: 0.3064 accuracy: 0.8604 val_loss: 0.1719 val_accuracy: 0.9378
Epoch: 14 loss: 0.3022 accuracy: 0.8622 val_loss: 0.1740 val_accuracy: 0.9393
Epoch: 15 loss: 0.2991 accuracy: 0.8652 val_loss: 0.1733 val_accuracy: 0.9381
Epoch: 16 loss: 0.2968 accuracy: 0.8661 val_loss: 0.1794 val_accuracy: 0.9337
Epoch: 17 loss: 0.2944 accuracy: 0.8668 val_loss: 0.1731 val_accuracy: 0.9385
Epoch: 18 loss: 0.2898 accuracy: 0.8681 val_loss: 0.1703 val_accuracy: 0.9399
Epoch: 19 loss: 0.2876 accuracy: 0.8705 val_loss: 0.1721 val_accuracy: 0.9388
Epoch: 20 loss: 0.2867 accuracy: 0.8699 val_loss: 0.1724 val_accuracy: 0.9392
Job ended!
