Tue 27 Feb 2024 08:45:30 AM EST
Python 3.9.7
nvcc: NVIDIA (R) Cuda compiler driver
Copyright (c) 2005-2019 NVIDIA Corporation
Built on Sun_Jul_28_19:07:16_PDT_2019
Cuda compilation tools, release 10.1, V10.1.243
My SLURM_ARRAY_TASK_ID: 
DB: ['ISIC2016', 'ISIC2017', 'ISIC2018', 'ISIC2019', 'ISIC2020', '_7_point_criteria', 'PAD_UFES_20']
IMG_SIZE: [150, 150]
CLASSIFIER: EfficientNetB3
SELF_AUG: 1
JOB_INDEX: None
Combining...
Combining 1 db out of 7 dbs
Combining 2 db out of 7 dbs
Combining 3 db out of 7 dbs
Combining 4 db out of 7 dbs
Combining 5 db out of 7 dbs
Combining 6 db out of 7 dbs
Combining 7 db out of 7 dbs
Stacking training images
Stacking training labels
Stacking validation images
Stacking validation labels
Model: "sequential"
_________________________________________________________________
Layer (type)                 Output Shape              Param #   
=================================================================
efficientnetb3 (Functional)  (None, 1536)              10783535  
_________________________________________________________________
dense (Dense)                (None, 512)               786944    
_________________________________________________________________
dropout (Dropout)            (None, 512)               0         
_________________________________________________________________
batch_normalization (BatchNo (None, 512)               2048      
_________________________________________________________________
dense_1 (Dense)              (None, 256)               131328    
_________________________________________________________________
dropout_1 (Dropout)          (None, 256)               0         
_________________________________________________________________
batch_normalization_1 (Batch (None, 256)               1024      
_________________________________________________________________
dense_2 (Dense)              (None, 2)                 514       
=================================================================
Total params: 11,705,393
Trainable params: 920,322
Non-trainable params: 10,785,071
_________________________________________________________________
Fitting ISIC2016+ISIC2017+ISIC2018+ISIC2019+ISIC2020+_7_point_criteria+PAD_UFES_20_aug_EfficientNetB3_150h_150w_None model...
model_name: ISIC2016+ISIC2017+ISIC2018+ISIC2019+ISIC2020+_7_point_criteria+PAD_UFES_20_aug_EfficientNetB3_150h_150w_None
Epoch: 1 loss: 0.5796 accuracy: 0.7212 val_loss: 0.5506 val_accuracy: 0.7904
Epoch: 2 loss: 0.5713 accuracy: 0.7299 val_loss: 0.4409 val_accuracy: 0.9116
Epoch: 3 loss: 0.5673 accuracy: 0.7308 val_loss: 0.4539 val_accuracy: 0.9031
Epoch: 4 loss: 0.5675 accuracy: 0.7311 val_loss: 0.3794 val_accuracy: 0.9109
Epoch: 5 loss: 0.5649 accuracy: 0.7323 val_loss: 0.3694 val_accuracy: 0.9116
Epoch: 6 loss: 0.5621 accuracy: 0.7333 val_loss: 0.3211 val_accuracy: 0.9126
Epoch: 7 loss: 0.5589 accuracy: 0.7333 val_loss: 0.3661 val_accuracy: 0.9120
Epoch: 8 loss: 0.5566 accuracy: 0.7328 val_loss: 0.3118 val_accuracy: 0.9126
Epoch: 9 loss: 0.5542 accuracy: 0.7337 val_loss: 0.3107 val_accuracy: 0.9126
Epoch: 10 loss: 0.5535 accuracy: 0.7334 val_loss: 0.3219 val_accuracy: 0.9126
Epoch: 11 loss: 0.5566 accuracy: 0.7315 val_loss: 0.3194 val_accuracy: 0.9126
Epoch: 12 loss: 0.5568 accuracy: 0.7314 val_loss: 0.5254 val_accuracy: 0.7901
Epoch: 13 loss: 0.5549 accuracy: 0.7313 val_loss: 0.3096 val_accuracy: 0.9126
Epoch: 14 loss: 0.5556 accuracy: 0.7308 val_loss: 0.3389 val_accuracy: 0.9126
Epoch: 15 loss: 0.5524 accuracy: 0.7314 val_loss: 0.3030 val_accuracy: 0.9126
Epoch: 16 loss: 0.5536 accuracy: 0.7306 val_loss: 0.3279 val_accuracy: 0.9126
Epoch: 17 loss: 0.5536 accuracy: 0.7298 val_loss: 0.3524 val_accuracy: 0.9121
Epoch: 18 loss: 0.5519 accuracy: 0.7310 val_loss: 0.3015 val_accuracy: 0.9126
Epoch: 19 loss: 0.5509 accuracy: 0.7306 val_loss: 0.3031 val_accuracy: 0.9126
Epoch: 20 loss: 0.5499 accuracy: 0.7308 val_loss: 0.3034 val_accuracy: 0.9126
Job ended!
