Fri 01 Mar 2024 06:32:09 AM EST
Python 3.9.7
nvcc: NVIDIA (R) Cuda compiler driver
Copyright (c) 2005-2019 NVIDIA Corporation
Built on Sun_Jul_28_19:07:16_PDT_2019
Cuda compilation tools, release 10.1, V10.1.243
My SLURM_ARRAY_TASK_ID: 
DB: ['ISIC2016', 'ISIC2017', 'ISIC2018', 'PAD_UFES_20', 'MEDNODE']
IMG_SIZE: [150, 150]
CLASSIFIER: EfficientNetB3
SELF_AUG: 1
JOB_INDEX: None
Combining...
Combining 1 db out of 5 dbs
Combining 2 db out of 5 dbs
Combining 3 db out of 5 dbs
Combining 4 db out of 5 dbs
Combining 5 db out of 5 dbs
Stacking training images
Stacking training labels
Stacking validation images
Stacking validation labels
Model: "sequential"
_________________________________________________________________
Layer (type)                 Output Shape              Param #   
=================================================================
efficientnetb3 (Functional)  (None, 1536)              10783535  
_________________________________________________________________
dense (Dense)                (None, 512)               786944    
_________________________________________________________________
dropout (Dropout)            (None, 512)               0         
_________________________________________________________________
batch_normalization (BatchNo (None, 512)               2048      
_________________________________________________________________
dense_1 (Dense)              (None, 256)               131328    
_________________________________________________________________
dropout_1 (Dropout)          (None, 256)               0         
_________________________________________________________________
batch_normalization_1 (Batch (None, 256)               1024      
_________________________________________________________________
dense_2 (Dense)              (None, 2)                 514       
=================================================================
Total params: 11,705,393
Trainable params: 920,322
Non-trainable params: 10,785,071
_________________________________________________________________
Fitting ISIC2016+ISIC2017+ISIC2018+PAD_UFES_20+MEDNODE_aug_EfficientNetB3_150h_150w_None model...
model_name: ISIC2016+ISIC2017+ISIC2018+PAD_UFES_20+MEDNODE_aug_EfficientNetB3_150h_150w_None
Epoch: 1 loss: 0.6204 accuracy: 0.7219 val_loss: 0.3145 val_accuracy: 0.8850
Epoch: 2 loss: 0.4798 accuracy: 0.7831 val_loss: 0.2767 val_accuracy: 0.8889
Epoch: 3 loss: 0.4372 accuracy: 0.8044 val_loss: 0.2628 val_accuracy: 0.8948
Epoch: 4 loss: 0.4137 accuracy: 0.8153 val_loss: 0.2650 val_accuracy: 0.8958
Epoch: 5 loss: 0.3888 accuracy: 0.8239 val_loss: 0.2495 val_accuracy: 0.8968
Epoch: 6 loss: 0.3805 accuracy: 0.8308 val_loss: 0.2517 val_accuracy: 0.8968
Epoch: 7 loss: 0.3720 accuracy: 0.8340 val_loss: 0.2448 val_accuracy: 0.9066
Epoch: 8 loss: 0.3547 accuracy: 0.8424 val_loss: 0.2435 val_accuracy: 0.9007
Epoch: 9 loss: 0.3512 accuracy: 0.8443 val_loss: 0.2486 val_accuracy: 0.8968
Epoch: 10 loss: 0.3428 accuracy: 0.8505 val_loss: 0.2428 val_accuracy: 0.8968
Epoch: 11 loss: 0.3352 accuracy: 0.8515 val_loss: 0.2480 val_accuracy: 0.8987
Epoch: 12 loss: 0.3220 accuracy: 0.8557 val_loss: 0.2529 val_accuracy: 0.9007
Epoch: 13 loss: 0.3229 accuracy: 0.8587 val_loss: 0.2407 val_accuracy: 0.9046
Epoch: 14 loss: 0.3095 accuracy: 0.8651 val_loss: 0.2461 val_accuracy: 0.9056
Epoch: 15 loss: 0.3078 accuracy: 0.8666 val_loss: 0.2432 val_accuracy: 0.9066
Epoch: 16 loss: 0.2984 accuracy: 0.8715 val_loss: 0.2563 val_accuracy: 0.9046
Epoch: 17 loss: 0.2957 accuracy: 0.8708 val_loss: 0.2509 val_accuracy: 0.9007
Epoch: 18 loss: 0.2844 accuracy: 0.8737 val_loss: 0.2594 val_accuracy: 0.9027
Epoch: 19 loss: 0.2791 accuracy: 0.8782 val_loss: 0.2539 val_accuracy: 0.9046
Epoch: 20 loss: 0.2748 accuracy: 0.8826 val_loss: 0.2505 val_accuracy: 0.9036
Job ended!
