Tue 27 Feb 2024 08:42:01 AM EST
Python 3.9.7
nvcc: NVIDIA (R) Cuda compiler driver
Copyright (c) 2005-2019 NVIDIA Corporation
Built on Sun_Jul_28_19:07:16_PDT_2019
Cuda compilation tools, release 10.1, V10.1.243
My SLURM_ARRAY_TASK_ID: 
DB: ['ISIC2016', 'ISIC2017']
IMG_SIZE: [150, 150]
CLASSIFIER: EfficientNetB3
SELF_AUG: 1
JOB_INDEX: None
Combining...
Combining 1 db out of 2 dbs
Combining 2 db out of 2 dbs
Stacking training images
Stacking training labels
Stacking validation images
Stacking validation labels
Model: "sequential"
_________________________________________________________________
Layer (type)                 Output Shape              Param #   
=================================================================
efficientnetb3 (Functional)  (None, 1536)              10783535  
_________________________________________________________________
dense (Dense)                (None, 512)               786944    
_________________________________________________________________
dropout (Dropout)            (None, 512)               0         
_________________________________________________________________
batch_normalization (BatchNo (None, 512)               2048      
_________________________________________________________________
dense_1 (Dense)              (None, 256)               131328    
_________________________________________________________________
dropout_1 (Dropout)          (None, 256)               0         
_________________________________________________________________
batch_normalization_1 (Batch (None, 256)               1024      
_________________________________________________________________
dense_2 (Dense)              (None, 2)                 514       
=================================================================
Total params: 11,705,393
Trainable params: 920,322
Non-trainable params: 10,785,071
_________________________________________________________________
Fitting ISIC2016+ISIC2017_aug_EfficientNetB3_150h_150w_None model...
model_name: ISIC2016+ISIC2017_aug_EfficientNetB3_150h_150w_None
Epoch: 1 loss: 0.6875 accuracy: 0.5513 val_loss: 0.6224 val_accuracy: 0.8000
Epoch: 2 loss: 0.6650 accuracy: 0.6289 val_loss: 0.5865 val_accuracy: 0.8000
Epoch: 3 loss: 0.6591 accuracy: 0.6380 val_loss: 0.5686 val_accuracy: 0.8000
Epoch: 4 loss: 0.6570 accuracy: 0.6365 val_loss: 0.5577 val_accuracy: 0.8000
Epoch: 5 loss: 0.6570 accuracy: 0.6370 val_loss: 0.5578 val_accuracy: 0.8000
Epoch: 6 loss: 0.6574 accuracy: 0.6363 val_loss: 0.5645 val_accuracy: 0.8000
Epoch: 7 loss: 0.6563 accuracy: 0.6365 val_loss: 0.5633 val_accuracy: 0.8000
Epoch: 8 loss: 0.6559 accuracy: 0.6363 val_loss: 0.5430 val_accuracy: 0.8000
Epoch: 9 loss: 0.6571 accuracy: 0.6353 val_loss: 0.5625 val_accuracy: 0.8000
Epoch: 10 loss: 0.6548 accuracy: 0.6368 val_loss: 0.5560 val_accuracy: 0.8000
Epoch: 11 loss: 0.6569 accuracy: 0.6370 val_loss: 0.5638 val_accuracy: 0.8000
Epoch: 12 loss: 0.6554 accuracy: 0.6365 val_loss: 0.5652 val_accuracy: 0.8000
Epoch: 13 loss: 0.6566 accuracy: 0.6358 val_loss: 0.5629 val_accuracy: 0.8000
Epoch: 14 loss: 0.6555 accuracy: 0.6360 val_loss: 0.5638 val_accuracy: 0.8000
Epoch: 15 loss: 0.6556 accuracy: 0.6368 val_loss: 0.5694 val_accuracy: 0.8000
Epoch: 16 loss: 0.6557 accuracy: 0.6363 val_loss: 0.5655 val_accuracy: 0.8000
Epoch: 17 loss: 0.6558 accuracy: 0.6367 val_loss: 0.5598 val_accuracy: 0.8000
Epoch: 18 loss: 0.6553 accuracy: 0.6370 val_loss: 0.5604 val_accuracy: 0.8000
Epoch: 19 loss: 0.6555 accuracy: 0.6365 val_loss: 0.5607 val_accuracy: 0.8000
Epoch: 20 loss: 0.6563 accuracy: 0.6360 val_loss: 0.5673 val_accuracy: 0.8000
Job ended!
