2024-03-01 20:02:05.768479: I tensorflow/stream_executor/platform/default/dso_loader.cc:53] Successfully opened dynamic library libcudart.so.11.0
2024-03-01 20:02:11.135668: I tensorflow/stream_executor/platform/default/dso_loader.cc:53] Successfully opened dynamic library libcuda.so.1
2024-03-01 20:02:11.298926: I tensorflow/core/common_runtime/gpu/gpu_device.cc:1733] Found device 0 with properties: 
pciBusID: 0000:47:00.0 name: A100-SXM4-40GB computeCapability: 8.0
coreClock: 1.41GHz coreCount: 108 deviceMemorySize: 39.59GiB deviceMemoryBandwidth: 1.41TiB/s
2024-03-01 20:02:11.299009: I tensorflow/stream_executor/platform/default/dso_loader.cc:53] Successfully opened dynamic library libcudart.so.11.0
2024-03-01 20:02:11.303024: I tensorflow/stream_executor/platform/default/dso_loader.cc:53] Successfully opened dynamic library libcublas.so.11
2024-03-01 20:02:11.303084: I tensorflow/stream_executor/platform/default/dso_loader.cc:53] Successfully opened dynamic library libcublasLt.so.11
2024-03-01 20:02:11.304285: I tensorflow/stream_executor/platform/default/dso_loader.cc:53] Successfully opened dynamic library libcufft.so.10
2024-03-01 20:02:11.304971: I tensorflow/stream_executor/platform/default/dso_loader.cc:53] Successfully opened dynamic library libcurand.so.10
2024-03-01 20:02:11.305769: I tensorflow/stream_executor/platform/default/dso_loader.cc:53] Successfully opened dynamic library libcusolver.so.11
2024-03-01 20:02:11.306566: I tensorflow/stream_executor/platform/default/dso_loader.cc:53] Successfully opened dynamic library libcusparse.so.11
2024-03-01 20:02:11.307050: I tensorflow/stream_executor/platform/default/dso_loader.cc:53] Successfully opened dynamic library libcudnn.so.8
2024-03-01 20:02:11.314175: I tensorflow/core/common_runtime/gpu/gpu_device.cc:1871] Adding visible gpu devices: 0
2024-03-01 20:02:11.314531: I tensorflow/core/platform/cpu_feature_guard.cc:142] This TensorFlow binary is optimized with oneAPI Deep Neural Network Library (oneDNN) to use the following CPU instructions in performance-critical operations:  AVX2 FMA
To enable them in other operations, rebuild TensorFlow with the appropriate compiler flags.
2024-03-01 20:02:11.317605: I tensorflow/core/common_runtime/gpu/gpu_device.cc:1733] Found device 0 with properties: 
pciBusID: 0000:47:00.0 name: A100-SXM4-40GB computeCapability: 8.0
coreClock: 1.41GHz coreCount: 108 deviceMemorySize: 39.59GiB deviceMemoryBandwidth: 1.41TiB/s
2024-03-01 20:02:11.323317: I tensorflow/core/common_runtime/gpu/gpu_device.cc:1871] Adding visible gpu devices: 0
2024-03-01 20:02:11.323357: I tensorflow/stream_executor/platform/default/dso_loader.cc:53] Successfully opened dynamic library libcudart.so.11.0
2024-03-01 20:02:11.829375: I tensorflow/core/common_runtime/gpu/gpu_device.cc:1258] Device interconnect StreamExecutor with strength 1 edge matrix:
2024-03-01 20:02:11.829445: I tensorflow/core/common_runtime/gpu/gpu_device.cc:1264]      0 
2024-03-01 20:02:11.829457: I tensorflow/core/common_runtime/gpu/gpu_device.cc:1277] 0:   N 
2024-03-01 20:02:11.836994: I tensorflow/core/common_runtime/gpu/gpu_device.cc:1418] Created TensorFlow device (/job:localhost/replica:0/task:0/device:GPU:0 with 38425 MB memory) -> physical GPU (device: 0, name: A100-SXM4-40GB, pci bus id: 0000:47:00.0, compute capability: 8.0)
2024-03-01 20:02:15.445031: I tensorflow/compiler/mlir/mlir_graph_optimization_pass.cc:176] None of the MLIR Optimization Passes are enabled (registered 2)
2024-03-01 20:02:15.463177: I tensorflow/core/platform/profile_utils/cpu_utils.cc:114] CPU Frequency: 2245720000 Hz
2024-03-01 20:02:21.006147: I tensorflow/stream_executor/platform/default/dso_loader.cc:53] Successfully opened dynamic library libcudnn.so.8
2024-03-01 20:02:21.713510: I tensorflow/stream_executor/cuda/cuda_dnn.cc:359] Loaded cuDNN version 8201
2024-03-01 20:02:22.385318: W tensorflow/stream_executor/gpu/asm_compiler.cc:191] Falling back to the CUDA driver for PTX compilation; ptxas does not support CC 8.0
2024-03-01 20:02:22.385352: W tensorflow/stream_executor/gpu/asm_compiler.cc:194] Used ptxas at ptxas
2024-03-01 20:02:22.385419: W tensorflow/stream_executor/gpu/redzone_allocator.cc:314] Unimplemented: ptxas ptxas too old. Falling back to the driver to compile.
Relying on driver to perform ptx compilation. 
Modify $PATH to customize ptxas location.
This message will be only logged once.
2024-03-01 20:02:22.409474: I tensorflow/stream_executor/platform/default/dso_loader.cc:53] Successfully opened dynamic library libcublas.so.11
2024-03-01 20:02:23.095933: I tensorflow/stream_executor/platform/default/dso_loader.cc:53] Successfully opened dynamic library libcublasLt.so.11
2024-03-01 20:02:23.874661: I tensorflow/stream_executor/cuda/cuda_blas.cc:1838] TensorFloat-32 will be used for the matrix multiplication. This will only be logged once.
/home/sanghyuk.kim001/anaconda3/envs/clean_chimera_env/lib/python3.9/site-packages/tensorflow/python/keras/utils/generic_utils.py:494: CustomMaskWarning: Custom mask layers require a config and must override get_config. When loading, the custom mask layer must be passed to the custom_objects argument.
  warnings.warn('Custom mask layers require a config and must override '
