Wed 28 Feb 2024 06:52:16 AM EST
Python 3.9.7
nvcc: NVIDIA (R) Cuda compiler driver
Copyright (c) 2005-2019 NVIDIA Corporation
Built on Sun_Jul_28_19:07:16_PDT_2019
Cuda compilation tools, release 10.1, V10.1.243
My SLURM_ARRAY_TASK_ID: 
DB: ['ISIC2016', 'ISIC2020', 'PH2', '_7_point_criteria']
IMG_SIZE: [150, 150]
CLASSIFIER: ResNet152V2
SELF_AUG: 1
JOB_INDEX: None
Combining...
Combining 1 db out of 4 dbs
Combining 2 db out of 4 dbs
Combining 3 db out of 4 dbs
Combining 4 db out of 4 dbs
Stacking training images
Stacking training labels
Stacking validation images
Stacking validation labels
Model: "sequential"
_________________________________________________________________
Layer (type)                 Output Shape              Param #   
=================================================================
resnet152v2 (Functional)     (None, 2048)              58331648  
_________________________________________________________________
dense (Dense)                (None, 512)               1049088   
_________________________________________________________________
dropout (Dropout)            (None, 512)               0         
_________________________________________________________________
batch_normalization (BatchNo (None, 512)               2048      
_________________________________________________________________
dense_1 (Dense)              (None, 256)               131328    
_________________________________________________________________
dropout_1 (Dropout)          (None, 256)               0         
_________________________________________________________________
batch_normalization_1 (Batch (None, 256)               1024      
_________________________________________________________________
dense_2 (Dense)              (None, 2)                 514       
=================================================================
Total params: 59,515,650
Trainable params: 1,182,466
Non-trainable params: 58,333,184
_________________________________________________________________
Fitting ISIC2016+ISIC2020+PH2+_7_point_criteria_aug_ResNet152V2_150h_150w_None model...
model_name: ISIC2016+ISIC2020+PH2+_7_point_criteria_aug_ResNet152V2_150h_150w_None
Epoch: 1 loss: 0.5224 accuracy: 0.7458 val_loss: 0.4239 val_accuracy: 0.8284
Epoch: 2 loss: 0.4056 accuracy: 0.8094 val_loss: 0.1470 val_accuracy: 0.9608
Epoch: 3 loss: 0.3536 accuracy: 0.8227 val_loss: 0.1391 val_accuracy: 0.9589
Epoch: 4 loss: 0.3343 accuracy: 0.8353 val_loss: 0.1243 val_accuracy: 0.9653
Epoch: 5 loss: 0.3240 accuracy: 0.8383 val_loss: 0.3996 val_accuracy: 0.8124
Epoch: 6 loss: 0.3191 accuracy: 0.8428 val_loss: 0.1849 val_accuracy: 0.9394
Epoch: 7 loss: 0.3152 accuracy: 0.8471 val_loss: 0.1409 val_accuracy: 0.9581
Epoch: 8 loss: 0.3113 accuracy: 0.8460 val_loss: 0.1177 val_accuracy: 0.9669
Epoch: 9 loss: 0.3090 accuracy: 0.8493 val_loss: 0.1212 val_accuracy: 0.9650
Epoch: 10 loss: 0.3080 accuracy: 0.8501 val_loss: 0.1183 val_accuracy: 0.9668
Epoch: 11 loss: 0.3070 accuracy: 0.8513 val_loss: 0.1343 val_accuracy: 0.9658
Epoch: 12 loss: 0.3040 accuracy: 0.8519 val_loss: 0.1884 val_accuracy: 0.9414
Epoch: 13 loss: 0.3025 accuracy: 0.8544 val_loss: 0.1277 val_accuracy: 0.9669
Epoch: 14 loss: 0.3022 accuracy: 0.8536 val_loss: 0.2130 val_accuracy: 0.9301
Epoch: 15 loss: 0.3010 accuracy: 0.8539 val_loss: 0.1904 val_accuracy: 0.9484
Epoch: 16 loss: 0.2986 accuracy: 0.8582 val_loss: 0.2093 val_accuracy: 0.9369
Epoch: 17 loss: 0.2988 accuracy: 0.8575 val_loss: 0.1168 val_accuracy: 0.9678
Epoch: 18 loss: 0.2995 accuracy: 0.8551 val_loss: 0.1214 val_accuracy: 0.9680
Epoch: 19 loss: 0.2971 accuracy: 0.8568 val_loss: 0.1194 val_accuracy: 0.9695
Epoch: 20 loss: 0.2953 accuracy: 0.8581 val_loss: 0.1390 val_accuracy: 0.9653
Job ended!
