Wed 28 Feb 2024 01:20:36 AM EST
Python 3.9.7
nvcc: NVIDIA (R) Cuda compiler driver
Copyright (c) 2005-2019 NVIDIA Corporation
Built on Sun_Jul_28_19:07:16_PDT_2019
Cuda compilation tools, release 10.1, V10.1.243
My SLURM_ARRAY_TASK_ID: 
DB: ['ISIC2016', 'ISIC2017', 'ISIC2018', 'ISIC2019', 'ISIC2020', 'MEDNODE', 'KaggleMB']
IMG_SIZE: [150, 150]
CLASSIFIER: ResNet101V2
SELF_AUG: 1
JOB_INDEX: None
Combining...
Combining 1 db out of 7 dbs
Combining 2 db out of 7 dbs
Combining 3 db out of 7 dbs
Combining 4 db out of 7 dbs
Combining 5 db out of 7 dbs
Combining 6 db out of 7 dbs
Combining 7 db out of 7 dbs
Stacking training images
Stacking training labels
Stacking validation images
Stacking validation labels
Model: "sequential"
_________________________________________________________________
Layer (type)                 Output Shape              Param #   
=================================================================
resnet101v2 (Functional)     (None, 2048)              42626560  
_________________________________________________________________
dense (Dense)                (None, 512)               1049088   
_________________________________________________________________
dropout (Dropout)            (None, 512)               0         
_________________________________________________________________
batch_normalization (BatchNo (None, 512)               2048      
_________________________________________________________________
dense_1 (Dense)              (None, 256)               131328    
_________________________________________________________________
dropout_1 (Dropout)          (None, 256)               0         
_________________________________________________________________
batch_normalization_1 (Batch (None, 256)               1024      
_________________________________________________________________
dense_2 (Dense)              (None, 2)                 514       
=================================================================
Total params: 43,810,562
Trainable params: 1,182,466
Non-trainable params: 42,628,096
_________________________________________________________________
Fitting ISIC2016+ISIC2017+ISIC2018+ISIC2019+ISIC2020+MEDNODE+KaggleMB_aug_ResNet101V2_150h_150w_None model...
model_name: ISIC2016+ISIC2017+ISIC2018+ISIC2019+ISIC2020+MEDNODE+KaggleMB_aug_ResNet101V2_150h_150w_None
Epoch: 1 loss: 0.6033 accuracy: 0.6972 val_loss: 0.4057 val_accuracy: 0.8922
Epoch: 2 loss: 0.4976 accuracy: 0.7436 val_loss: 0.3191 val_accuracy: 0.8929
Epoch: 3 loss: 0.4650 accuracy: 0.7668 val_loss: 0.2963 val_accuracy: 0.8954
Epoch: 4 loss: 0.4505 accuracy: 0.7800 val_loss: 0.3034 val_accuracy: 0.8953
Epoch: 5 loss: 0.4442 accuracy: 0.7829 val_loss: 0.2686 val_accuracy: 0.8983
Epoch: 6 loss: 0.4356 accuracy: 0.7890 val_loss: 0.2796 val_accuracy: 0.8857
Epoch: 7 loss: 0.4337 accuracy: 0.7908 val_loss: 0.2960 val_accuracy: 0.8814
Epoch: 8 loss: 0.4289 accuracy: 0.7930 val_loss: 0.3299 val_accuracy: 0.8828
Epoch: 9 loss: 0.4282 accuracy: 0.7916 val_loss: 0.3041 val_accuracy: 0.8976
Epoch: 10 loss: 0.4245 accuracy: 0.7953 val_loss: 0.2868 val_accuracy: 0.8796
Epoch: 11 loss: 0.4215 accuracy: 0.7971 val_loss: 0.3072 val_accuracy: 0.8978
Epoch: 12 loss: 0.4230 accuracy: 0.7963 val_loss: 0.3269 val_accuracy: 0.8993
Epoch: 13 loss: 0.4178 accuracy: 0.7984 val_loss: 0.3152 val_accuracy: 0.8990
Epoch: 14 loss: 0.4198 accuracy: 0.7982 val_loss: 0.3346 val_accuracy: 0.8482
Epoch: 15 loss: 0.4184 accuracy: 0.7973 val_loss: 0.2846 val_accuracy: 0.8992
Epoch: 16 loss: 0.4149 accuracy: 0.8019 val_loss: 0.3097 val_accuracy: 0.8987
Epoch: 17 loss: 0.4137 accuracy: 0.8002 val_loss: 0.3514 val_accuracy: 0.8998
Epoch: 18 loss: 0.4122 accuracy: 0.8029 val_loss: 0.3012 val_accuracy: 0.8968
Epoch: 19 loss: 0.4109 accuracy: 0.8021 val_loss: 0.2644 val_accuracy: 0.9023
Epoch: 20 loss: 0.4108 accuracy: 0.8026 val_loss: 0.2753 val_accuracy: 0.8840
Job ended!
