Wed 28 Feb 2024 02:41:58 AM EST
Python 3.9.7
nvcc: NVIDIA (R) Cuda compiler driver
Copyright (c) 2005-2019 NVIDIA Corporation
Built on Sun_Jul_28_19:07:16_PDT_2019
Cuda compilation tools, release 10.1, V10.1.243
My SLURM_ARRAY_TASK_ID: 
DB: ['ISIC2018']
IMG_SIZE: [150, 150]
CLASSIFIER: ResNet101V2
SELF_AUG: 1
JOB_INDEX: None
Combining...
Combining 1 db out of 1 dbs
Stacking training images
Stacking training labels
Stacking validation images
Stacking validation labels
Model: "sequential"
_________________________________________________________________
Layer (type)                 Output Shape              Param #   
=================================================================
resnet101v2 (Functional)     (None, 2048)              42626560  
_________________________________________________________________
dense (Dense)                (None, 512)               1049088   
_________________________________________________________________
dropout (Dropout)            (None, 512)               0         
_________________________________________________________________
batch_normalization (BatchNo (None, 512)               2048      
_________________________________________________________________
dense_1 (Dense)              (None, 256)               131328    
_________________________________________________________________
dropout_1 (Dropout)          (None, 256)               0         
_________________________________________________________________
batch_normalization_1 (Batch (None, 256)               1024      
_________________________________________________________________
dense_2 (Dense)              (None, 2)                 514       
=================================================================
Total params: 43,810,562
Trainable params: 1,182,466
Non-trainable params: 42,628,096
_________________________________________________________________
Fitting ISIC2018_aug_ResNet101V2_150h_150w_None model...
model_name: ISIC2018_aug_ResNet101V2_150h_150w_None
Epoch: 1 loss: 0.6889 accuracy: 0.6537 val_loss: 0.3906 val_accuracy: 0.8808
Epoch: 2 loss: 0.5603 accuracy: 0.7191 val_loss: 0.3520 val_accuracy: 0.8756
Epoch: 3 loss: 0.5184 accuracy: 0.7455 val_loss: 0.3400 val_accuracy: 0.8860
Epoch: 4 loss: 0.4959 accuracy: 0.7564 val_loss: 0.2973 val_accuracy: 0.8912
Epoch: 5 loss: 0.4815 accuracy: 0.7646 val_loss: 0.3486 val_accuracy: 0.8912
Epoch: 6 loss: 0.4674 accuracy: 0.7746 val_loss: 0.4190 val_accuracy: 0.7254
Epoch: 7 loss: 0.4492 accuracy: 0.7863 val_loss: 0.3548 val_accuracy: 0.8964
Epoch: 8 loss: 0.4313 accuracy: 0.8006 val_loss: 0.3272 val_accuracy: 0.8912
Epoch: 9 loss: 0.4205 accuracy: 0.8084 val_loss: 0.2955 val_accuracy: 0.8808
Epoch: 10 loss: 0.4159 accuracy: 0.8109 val_loss: 0.3268 val_accuracy: 0.8808
Epoch: 11 loss: 0.4128 accuracy: 0.8110 val_loss: 0.3250 val_accuracy: 0.8653
Epoch: 12 loss: 0.4114 accuracy: 0.8144 val_loss: 0.3490 val_accuracy: 0.8549
Epoch: 13 loss: 0.4114 accuracy: 0.8146 val_loss: 0.2905 val_accuracy: 0.8912
Epoch: 14 loss: 0.4035 accuracy: 0.8174 val_loss: 0.2934 val_accuracy: 0.8912
Epoch: 15 loss: 0.4005 accuracy: 0.8209 val_loss: 0.4104 val_accuracy: 0.8290
Epoch: 16 loss: 0.4006 accuracy: 0.8218 val_loss: 0.2861 val_accuracy: 0.8964
Epoch: 17 loss: 0.3953 accuracy: 0.8228 val_loss: 0.3014 val_accuracy: 0.8860
Epoch: 18 loss: 0.3934 accuracy: 0.8243 val_loss: 0.3280 val_accuracy: 0.8964
Epoch: 19 loss: 0.3934 accuracy: 0.8249 val_loss: 0.3051 val_accuracy: 0.8860
Epoch: 20 loss: 0.3903 accuracy: 0.8264 val_loss: 0.2894 val_accuracy: 0.8912
Job ended!
