Fri 01 Mar 2024 06:37:35 PM EST
Python 3.9.7
nvcc: NVIDIA (R) Cuda compiler driver
Copyright (c) 2005-2019 NVIDIA Corporation
Built on Sun_Jul_28_19:07:16_PDT_2019
Cuda compilation tools, release 10.1, V10.1.243
My SLURM_ARRAY_TASK_ID: 
DB: ['ISIC2016', 'ISIC2017', 'ISIC2018', 'ISIC2019', 'ISIC2020', 'MEDNODE', 'KaggleMB']
IMG_SIZE: [150, 150]
CLASSIFIER: ResNet101V2
SELF_AUG: 1
JOB_INDEX: None
Combining...
Combining 1 db out of 7 dbs
Combining 2 db out of 7 dbs
Combining 3 db out of 7 dbs
Combining 4 db out of 7 dbs
Combining 5 db out of 7 dbs
Combining 6 db out of 7 dbs
Combining 7 db out of 7 dbs
Stacking training images
Stacking training labels
Stacking validation images
Stacking validation labels
Model: "sequential"
_________________________________________________________________
Layer (type)                 Output Shape              Param #   
=================================================================
resnet101v2 (Functional)     (None, 2048)              42626560  
_________________________________________________________________
dense (Dense)                (None, 512)               1049088   
_________________________________________________________________
dropout (Dropout)            (None, 512)               0         
_________________________________________________________________
batch_normalization (BatchNo (None, 512)               2048      
_________________________________________________________________
dense_1 (Dense)              (None, 256)               131328    
_________________________________________________________________
dropout_1 (Dropout)          (None, 256)               0         
_________________________________________________________________
batch_normalization_1 (Batch (None, 256)               1024      
_________________________________________________________________
dense_2 (Dense)              (None, 2)                 514       
=================================================================
Total params: 43,810,562
Trainable params: 1,182,466
Non-trainable params: 42,628,096
_________________________________________________________________
Fitting ISIC2016+ISIC2017+ISIC2018+ISIC2019+ISIC2020+MEDNODE+KaggleMB_aug_ResNet101V2_150h_150w_None model...
model_name: ISIC2016+ISIC2017+ISIC2018+ISIC2019+ISIC2020+MEDNODE+KaggleMB_aug_ResNet101V2_150h_150w_None
Epoch: 1 loss: 0.4930 accuracy: 0.7729 val_loss: 0.2294 val_accuracy: 0.9115
Epoch: 2 loss: 0.3984 accuracy: 0.8111 val_loss: 0.2357 val_accuracy: 0.9058
Epoch: 3 loss: 0.3716 accuracy: 0.8260 val_loss: 0.2134 val_accuracy: 0.9171
Epoch: 4 loss: 0.3528 accuracy: 0.8365 val_loss: 0.2117 val_accuracy: 0.9150
Epoch: 5 loss: 0.3390 accuracy: 0.8429 val_loss: 0.1986 val_accuracy: 0.9233
Epoch: 6 loss: 0.3254 accuracy: 0.8495 val_loss: 0.1974 val_accuracy: 0.9239
Epoch: 7 loss: 0.3136 accuracy: 0.8561 val_loss: 0.2033 val_accuracy: 0.9234
Epoch: 8 loss: 0.3010 accuracy: 0.8611 val_loss: 0.1938 val_accuracy: 0.9273
Epoch: 9 loss: 0.2918 accuracy: 0.8675 val_loss: 0.2037 val_accuracy: 0.9285
Epoch: 10 loss: 0.2808 accuracy: 0.8722 val_loss: 0.1964 val_accuracy: 0.9269
Epoch: 11 loss: 0.2718 accuracy: 0.8775 val_loss: 0.1933 val_accuracy: 0.9309
Epoch: 12 loss: 0.2616 accuracy: 0.8816 val_loss: 0.1968 val_accuracy: 0.9303
Epoch: 13 loss: 0.2570 accuracy: 0.8855 val_loss: 0.2014 val_accuracy: 0.9307
Epoch: 14 loss: 0.2479 accuracy: 0.8880 val_loss: 0.2050 val_accuracy: 0.9289
Epoch: 15 loss: 0.2416 accuracy: 0.8919 val_loss: 0.2023 val_accuracy: 0.9334
Epoch: 16 loss: 0.2371 accuracy: 0.8938 val_loss: 0.2045 val_accuracy: 0.9354
Epoch: 17 loss: 0.2304 accuracy: 0.8971 val_loss: 0.2048 val_accuracy: 0.9347
Epoch: 18 loss: 0.2220 accuracy: 0.9013 val_loss: 0.2059 val_accuracy: 0.9314
Epoch: 19 loss: 0.2174 accuracy: 0.9025 val_loss: 0.2156 val_accuracy: 0.9323
Epoch: 20 loss: 0.2148 accuracy: 0.9047 val_loss: 0.2161 val_accuracy: 0.9350
Job ended!
