Fri 01 Mar 2024 06:41:36 PM EST
Python 3.9.7
nvcc: NVIDIA (R) Cuda compiler driver
Copyright (c) 2005-2019 NVIDIA Corporation
Built on Sun_Jul_28_19:07:16_PDT_2019
Cuda compilation tools, release 10.1, V10.1.243
My SLURM_ARRAY_TASK_ID: 
DB: ['ISIC2016', 'ISIC2017', 'ISIC2018', 'ISIC2019', 'ISIC2020', 'PH2', '_7_point_criteria']
IMG_SIZE: [150, 150]
CLASSIFIER: ResNet101V2
SELF_AUG: 1
JOB_INDEX: None
Combining...
Combining 1 db out of 7 dbs
Combining 2 db out of 7 dbs
Combining 3 db out of 7 dbs
Combining 4 db out of 7 dbs
Combining 5 db out of 7 dbs
Combining 6 db out of 7 dbs
Combining 7 db out of 7 dbs
Stacking training images
Stacking training labels
Stacking validation images
Stacking validation labels
Model: "sequential"
_________________________________________________________________
Layer (type)                 Output Shape              Param #   
=================================================================
resnet101v2 (Functional)     (None, 2048)              42626560  
_________________________________________________________________
dense (Dense)                (None, 512)               1049088   
_________________________________________________________________
dropout (Dropout)            (None, 512)               0         
_________________________________________________________________
batch_normalization (BatchNo (None, 512)               2048      
_________________________________________________________________
dense_1 (Dense)              (None, 256)               131328    
_________________________________________________________________
dropout_1 (Dropout)          (None, 256)               0         
_________________________________________________________________
batch_normalization_1 (Batch (None, 256)               1024      
_________________________________________________________________
dense_2 (Dense)              (None, 2)                 514       
=================================================================
Total params: 43,810,562
Trainable params: 1,182,466
Non-trainable params: 42,628,096
_________________________________________________________________
Fitting ISIC2016+ISIC2017+ISIC2018+ISIC2019+ISIC2020+PH2+_7_point_criteria_aug_ResNet101V2_150h_150w_None model...
model_name: ISIC2016+ISIC2017+ISIC2018+ISIC2019+ISIC2020+PH2+_7_point_criteria_aug_ResNet101V2_150h_150w_None
Epoch: 1 loss: 0.4771 accuracy: 0.7812 val_loss: 0.2184 val_accuracy: 0.9184
Epoch: 2 loss: 0.3860 accuracy: 0.8206 val_loss: 0.2084 val_accuracy: 0.9233
Epoch: 3 loss: 0.3596 accuracy: 0.8326 val_loss: 0.2041 val_accuracy: 0.9240
Epoch: 4 loss: 0.3432 accuracy: 0.8414 val_loss: 0.1996 val_accuracy: 0.9248
Epoch: 5 loss: 0.3300 accuracy: 0.8470 val_loss: 0.1954 val_accuracy: 0.9264
Epoch: 6 loss: 0.3180 accuracy: 0.8530 val_loss: 0.1972 val_accuracy: 0.9258
Epoch: 7 loss: 0.3073 accuracy: 0.8579 val_loss: 0.1908 val_accuracy: 0.9288
Epoch: 8 loss: 0.2980 accuracy: 0.8628 val_loss: 0.1910 val_accuracy: 0.9282
Epoch: 9 loss: 0.2876 accuracy: 0.8681 val_loss: 0.1903 val_accuracy: 0.9309
Epoch: 10 loss: 0.2788 accuracy: 0.8732 val_loss: 0.1952 val_accuracy: 0.9299
Epoch: 11 loss: 0.2711 accuracy: 0.8775 val_loss: 0.1941 val_accuracy: 0.9312
Epoch: 12 loss: 0.2612 accuracy: 0.8825 val_loss: 0.1955 val_accuracy: 0.9318
Epoch: 13 loss: 0.2548 accuracy: 0.8854 val_loss: 0.2020 val_accuracy: 0.9312
Epoch: 14 loss: 0.2483 accuracy: 0.8879 val_loss: 0.2002 val_accuracy: 0.9333
Epoch: 15 loss: 0.2425 accuracy: 0.8914 val_loss: 0.2044 val_accuracy: 0.9344
Epoch: 16 loss: 0.2355 accuracy: 0.8942 val_loss: 0.2066 val_accuracy: 0.9353
Epoch: 17 loss: 0.2278 accuracy: 0.8977 val_loss: 0.2093 val_accuracy: 0.9378
Epoch: 18 loss: 0.2213 accuracy: 0.9003 val_loss: 0.2139 val_accuracy: 0.9374
Epoch: 19 loss: 0.2179 accuracy: 0.9024 val_loss: 0.2112 val_accuracy: 0.9378
Epoch: 20 loss: 0.2104 accuracy: 0.9073 val_loss: 0.2223 val_accuracy: 0.9374
Job ended!
