Wed 28 Feb 2024 01:13:21 AM EST
Python 3.9.7
nvcc: NVIDIA (R) Cuda compiler driver
Copyright (c) 2005-2019 NVIDIA Corporation
Built on Sun_Jul_28_19:07:16_PDT_2019
Cuda compilation tools, release 10.1, V10.1.243
My SLURM_ARRAY_TASK_ID: 
DB: ['ISIC2016', '_7_point_criteria']
IMG_SIZE: [150, 150]
CLASSIFIER: ResNet101V2
SELF_AUG: 1
JOB_INDEX: None
Combining...
Combining 1 db out of 2 dbs
Combining 2 db out of 2 dbs
Stacking training images
Stacking training labels
Stacking validation images
Stacking validation labels
Model: "sequential"
_________________________________________________________________
Layer (type)                 Output Shape              Param #   
=================================================================
resnet101v2 (Functional)     (None, 2048)              42626560  
_________________________________________________________________
dense (Dense)                (None, 512)               1049088   
_________________________________________________________________
dropout (Dropout)            (None, 512)               0         
_________________________________________________________________
batch_normalization (BatchNo (None, 512)               2048      
_________________________________________________________________
dense_1 (Dense)              (None, 256)               131328    
_________________________________________________________________
dropout_1 (Dropout)          (None, 256)               0         
_________________________________________________________________
batch_normalization_1 (Batch (None, 256)               1024      
_________________________________________________________________
dense_2 (Dense)              (None, 2)                 514       
=================================================================
Total params: 43,810,562
Trainable params: 1,182,466
Non-trainable params: 42,628,096
_________________________________________________________________
Fitting ISIC2016+_7_point_criteria_aug_ResNet101V2_150h_150w_None model...
model_name: ISIC2016+_7_point_criteria_aug_ResNet101V2_150h_150w_None
Epoch: 1 loss: 0.8523 accuracy: 0.5616 val_loss: 0.6341 val_accuracy: 0.7467
Epoch: 2 loss: 0.8240 accuracy: 0.5728 val_loss: 0.6341 val_accuracy: 0.7467
Epoch: 3 loss: 0.8005 accuracy: 0.5862 val_loss: 0.6009 val_accuracy: 0.7467
Epoch: 4 loss: 0.7848 accuracy: 0.5829 val_loss: 0.5872 val_accuracy: 0.7467
Epoch: 5 loss: 0.7191 accuracy: 0.6181 val_loss: 0.5708 val_accuracy: 0.7467
Epoch: 6 loss: 0.7353 accuracy: 0.6081 val_loss: 0.5650 val_accuracy: 0.7493
Epoch: 7 loss: 0.7270 accuracy: 0.6176 val_loss: 0.5569 val_accuracy: 0.7467
Epoch: 8 loss: 0.7225 accuracy: 0.6125 val_loss: 0.5579 val_accuracy: 0.7441
Epoch: 9 loss: 0.7159 accuracy: 0.6193 val_loss: 0.5448 val_accuracy: 0.7520
Epoch: 10 loss: 0.7186 accuracy: 0.6221 val_loss: 0.5870 val_accuracy: 0.7493
Epoch: 11 loss: 0.7204 accuracy: 0.6254 val_loss: 0.5848 val_accuracy: 0.7467
Epoch: 12 loss: 0.7020 accuracy: 0.6272 val_loss: 0.5865 val_accuracy: 0.7493
Epoch: 13 loss: 0.6997 accuracy: 0.6405 val_loss: 0.5612 val_accuracy: 0.7546
Epoch: 14 loss: 0.6928 accuracy: 0.6260 val_loss: 0.6361 val_accuracy: 0.7337
Epoch: 15 loss: 0.6893 accuracy: 0.6389 val_loss: 0.6032 val_accuracy: 0.7285
Epoch: 16 loss: 0.6899 accuracy: 0.6411 val_loss: 0.5789 val_accuracy: 0.7102
Epoch: 17 loss: 0.6948 accuracy: 0.6417 val_loss: 0.6864 val_accuracy: 0.5692
Epoch: 18 loss: 0.6825 accuracy: 0.6293 val_loss: 0.5668 val_accuracy: 0.7363
Epoch: 19 loss: 0.7138 accuracy: 0.6361 val_loss: 0.5347 val_accuracy: 0.7624
Epoch: 20 loss: 0.6671 accuracy: 0.6445 val_loss: 0.5606 val_accuracy: 0.7441
Job ended!
