Fri 01 Mar 2024 07:38:36 PM EST
Python 3.9.7
nvcc: NVIDIA (R) Cuda compiler driver
Copyright (c) 2005-2019 NVIDIA Corporation
Built on Sun_Jul_28_19:07:16_PDT_2019
Cuda compilation tools, release 10.1, V10.1.243
My SLURM_ARRAY_TASK_ID: 
DB: ['ISIC2016', 'ISIC2020', 'PH2', '_7_point_criteria']
IMG_SIZE: [150, 150]
CLASSIFIER: ResNet101V2
SELF_AUG: 1
JOB_INDEX: None
Combining...
Combining 1 db out of 4 dbs
Combining 2 db out of 4 dbs
Combining 3 db out of 4 dbs
Combining 4 db out of 4 dbs
Stacking training images
Stacking training labels
Stacking validation images
Stacking validation labels
Model: "sequential"
_________________________________________________________________
Layer (type)                 Output Shape              Param #   
=================================================================
resnet101v2 (Functional)     (None, 2048)              42626560  
_________________________________________________________________
dense (Dense)                (None, 512)               1049088   
_________________________________________________________________
dropout (Dropout)            (None, 512)               0         
_________________________________________________________________
batch_normalization (BatchNo (None, 512)               2048      
_________________________________________________________________
dense_1 (Dense)              (None, 256)               131328    
_________________________________________________________________
dropout_1 (Dropout)          (None, 256)               0         
_________________________________________________________________
batch_normalization_1 (Batch (None, 256)               1024      
_________________________________________________________________
dense_2 (Dense)              (None, 2)                 514       
=================================================================
Total params: 43,810,562
Trainable params: 1,182,466
Non-trainable params: 42,628,096
_________________________________________________________________
Fitting ISIC2016+ISIC2020+PH2+_7_point_criteria_aug_ResNet101V2_150h_150w_None model...
model_name: ISIC2016+ISIC2020+PH2+_7_point_criteria_aug_ResNet101V2_150h_150w_None
Epoch: 1 loss: 0.4683 accuracy: 0.8011 val_loss: 0.1265 val_accuracy: 0.9705
Epoch: 2 loss: 0.3110 accuracy: 0.8622 val_loss: 0.1093 val_accuracy: 0.9720
Epoch: 3 loss: 0.2805 accuracy: 0.8724 val_loss: 0.1061 val_accuracy: 0.9715
Epoch: 4 loss: 0.2653 accuracy: 0.8797 val_loss: 0.1009 val_accuracy: 0.9700
Epoch: 5 loss: 0.2528 accuracy: 0.8865 val_loss: 0.1048 val_accuracy: 0.9696
Epoch: 6 loss: 0.2398 accuracy: 0.8903 val_loss: 0.1049 val_accuracy: 0.9719
Epoch: 7 loss: 0.2330 accuracy: 0.8954 val_loss: 0.1053 val_accuracy: 0.9727
Epoch: 8 loss: 0.2241 accuracy: 0.8990 val_loss: 0.1062 val_accuracy: 0.9688
Epoch: 9 loss: 0.2133 accuracy: 0.9042 val_loss: 0.1105 val_accuracy: 0.9698
Epoch: 10 loss: 0.2078 accuracy: 0.9074 val_loss: 0.1070 val_accuracy: 0.9702
Epoch: 11 loss: 0.2000 accuracy: 0.9121 val_loss: 0.1151 val_accuracy: 0.9706
Epoch: 12 loss: 0.1923 accuracy: 0.9142 val_loss: 0.1219 val_accuracy: 0.9710
Epoch: 13 loss: 0.1845 accuracy: 0.9171 val_loss: 0.1219 val_accuracy: 0.9686
Epoch: 14 loss: 0.1768 accuracy: 0.9208 val_loss: 0.1278 val_accuracy: 0.9686
Epoch: 15 loss: 0.1704 accuracy: 0.9253 val_loss: 0.1313 val_accuracy: 0.9710
Epoch: 16 loss: 0.1669 accuracy: 0.9266 val_loss: 0.1332 val_accuracy: 0.9675
Epoch: 17 loss: 0.1607 accuracy: 0.9299 val_loss: 0.1446 val_accuracy: 0.9678
Epoch: 18 loss: 0.1554 accuracy: 0.9315 val_loss: 0.1564 val_accuracy: 0.9685
Epoch: 19 loss: 0.1501 accuracy: 0.9346 val_loss: 0.1534 val_accuracy: 0.9663
Epoch: 20 loss: 0.1445 accuracy: 0.9375 val_loss: 0.1574 val_accuracy: 0.9675
Job ended!
