Fri 01 Mar 2024 06:39:18 PM EST
Python 3.9.7
nvcc: NVIDIA (R) Cuda compiler driver
Copyright (c) 2005-2019 NVIDIA Corporation
Built on Sun_Jul_28_19:07:16_PDT_2019
Cuda compilation tools, release 10.1, V10.1.243
My SLURM_ARRAY_TASK_ID: 
DB: ['ISIC2016', 'ISIC2017', 'ISIC2018', 'ISIC2019', 'ISIC2020', 'PAD_UFES_20', 'MEDNODE']
IMG_SIZE: [150, 150]
CLASSIFIER: ResNet101V2
SELF_AUG: 1
JOB_INDEX: None
Combining...
Combining 1 db out of 7 dbs
Combining 2 db out of 7 dbs
Combining 3 db out of 7 dbs
Combining 4 db out of 7 dbs
Combining 5 db out of 7 dbs
Combining 6 db out of 7 dbs
Combining 7 db out of 7 dbs
Stacking training images
Stacking training labels
Stacking validation images
Stacking validation labels
Model: "sequential"
_________________________________________________________________
Layer (type)                 Output Shape              Param #   
=================================================================
resnet101v2 (Functional)     (None, 2048)              42626560  
_________________________________________________________________
dense (Dense)                (None, 512)               1049088   
_________________________________________________________________
dropout (Dropout)            (None, 512)               0         
_________________________________________________________________
batch_normalization (BatchNo (None, 512)               2048      
_________________________________________________________________
dense_1 (Dense)              (None, 256)               131328    
_________________________________________________________________
dropout_1 (Dropout)          (None, 256)               0         
_________________________________________________________________
batch_normalization_1 (Batch (None, 256)               1024      
_________________________________________________________________
dense_2 (Dense)              (None, 2)                 514       
=================================================================
Total params: 43,810,562
Trainable params: 1,182,466
Non-trainable params: 42,628,096
_________________________________________________________________
Fitting ISIC2016+ISIC2017+ISIC2018+ISIC2019+ISIC2020+PAD_UFES_20+MEDNODE_aug_ResNet101V2_150h_150w_None model...
model_name: ISIC2016+ISIC2017+ISIC2018+ISIC2019+ISIC2020+PAD_UFES_20+MEDNODE_aug_ResNet101V2_150h_150w_None
Epoch: 1 loss: 0.4761 accuracy: 0.7823 val_loss: 0.2143 val_accuracy: 0.9211
Epoch: 2 loss: 0.3829 accuracy: 0.8204 val_loss: 0.2035 val_accuracy: 0.9251
Epoch: 3 loss: 0.3584 accuracy: 0.8325 val_loss: 0.1969 val_accuracy: 0.9266
Epoch: 4 loss: 0.3426 accuracy: 0.8411 val_loss: 0.1936 val_accuracy: 0.9267
Epoch: 5 loss: 0.3310 accuracy: 0.8470 val_loss: 0.1893 val_accuracy: 0.9302
Epoch: 6 loss: 0.3164 accuracy: 0.8529 val_loss: 0.1907 val_accuracy: 0.9312
Epoch: 7 loss: 0.3074 accuracy: 0.8596 val_loss: 0.1818 val_accuracy: 0.9338
Epoch: 8 loss: 0.2963 accuracy: 0.8639 val_loss: 0.1843 val_accuracy: 0.9319
Epoch: 9 loss: 0.2890 accuracy: 0.8676 val_loss: 0.1928 val_accuracy: 0.9295
Epoch: 10 loss: 0.2789 accuracy: 0.8721 val_loss: 0.1928 val_accuracy: 0.9304
Epoch: 11 loss: 0.2709 accuracy: 0.8765 val_loss: 0.1876 val_accuracy: 0.9339
Epoch: 12 loss: 0.2620 accuracy: 0.8813 val_loss: 0.1872 val_accuracy: 0.9340
Epoch: 13 loss: 0.2514 accuracy: 0.8860 val_loss: 0.1902 val_accuracy: 0.9349
Epoch: 14 loss: 0.2462 accuracy: 0.8883 val_loss: 0.1868 val_accuracy: 0.9357
Epoch: 15 loss: 0.2399 accuracy: 0.8917 val_loss: 0.1931 val_accuracy: 0.9400
Epoch: 16 loss: 0.2338 accuracy: 0.8952 val_loss: 0.1920 val_accuracy: 0.9389
Epoch: 17 loss: 0.2254 accuracy: 0.8990 val_loss: 0.2050 val_accuracy: 0.9383
Epoch: 18 loss: 0.2215 accuracy: 0.9005 val_loss: 0.2025 val_accuracy: 0.9354
Epoch: 19 loss: 0.2172 accuracy: 0.9031 val_loss: 0.1995 val_accuracy: 0.9408
Epoch: 20 loss: 0.2117 accuracy: 0.9052 val_loss: 0.2009 val_accuracy: 0.9409
Job ended!
