Wed 28 Feb 2024 02:41:51 AM EST
Python 3.9.7
nvcc: NVIDIA (R) Cuda compiler driver
Copyright (c) 2005-2019 NVIDIA Corporation
Built on Sun_Jul_28_19:07:16_PDT_2019
Cuda compilation tools, release 10.1, V10.1.243
My SLURM_ARRAY_TASK_ID: 
DB: ['ISIC2017']
IMG_SIZE: [150, 150]
CLASSIFIER: ResNet101V2
SELF_AUG: 1
JOB_INDEX: None
Combining...
Combining 1 db out of 1 dbs
Stacking training images
Stacking training labels
Stacking validation images
Stacking validation labels
Model: "sequential"
_________________________________________________________________
Layer (type)                 Output Shape              Param #   
=================================================================
resnet101v2 (Functional)     (None, 2048)              42626560  
_________________________________________________________________
dense (Dense)                (None, 512)               1049088   
_________________________________________________________________
dropout (Dropout)            (None, 512)               0         
_________________________________________________________________
batch_normalization (BatchNo (None, 512)               2048      
_________________________________________________________________
dense_1 (Dense)              (None, 256)               131328    
_________________________________________________________________
dropout_1 (Dropout)          (None, 256)               0         
_________________________________________________________________
batch_normalization_1 (Batch (None, 256)               1024      
_________________________________________________________________
dense_2 (Dense)              (None, 2)                 514       
=================================================================
Total params: 43,810,562
Trainable params: 1,182,466
Non-trainable params: 42,628,096
_________________________________________________________________
Fitting ISIC2017_aug_ResNet101V2_150h_150w_None model...
model_name: ISIC2017_aug_ResNet101V2_150h_150w_None
Epoch: 1 loss: 0.9160 accuracy: 0.5491 val_loss: 0.6592 val_accuracy: 0.8000
Epoch: 2 loss: 0.8044 accuracy: 0.5772 val_loss: 0.6592 val_accuracy: 0.7933
Epoch: 3 loss: 0.7683 accuracy: 0.6045 val_loss: 0.5991 val_accuracy: 0.8000
Epoch: 4 loss: 0.7619 accuracy: 0.6189 val_loss: 0.6277 val_accuracy: 0.8067
Epoch: 5 loss: 0.7593 accuracy: 0.6122 val_loss: 0.6105 val_accuracy: 0.7867
Epoch: 6 loss: 0.7234 accuracy: 0.6363 val_loss: 0.5460 val_accuracy: 0.8067
Epoch: 7 loss: 0.7147 accuracy: 0.6376 val_loss: 0.5022 val_accuracy: 0.8133
Epoch: 8 loss: 0.7279 accuracy: 0.6306 val_loss: 0.5548 val_accuracy: 0.7733
Epoch: 9 loss: 0.6925 accuracy: 0.6520 val_loss: 0.4992 val_accuracy: 0.8200
Epoch: 10 loss: 0.6972 accuracy: 0.6496 val_loss: 0.5084 val_accuracy: 0.8200
Epoch: 11 loss: 0.7112 accuracy: 0.6453 val_loss: 0.5596 val_accuracy: 0.7733
Epoch: 12 loss: 0.7023 accuracy: 0.6493 val_loss: 0.5189 val_accuracy: 0.7933
Epoch: 13 loss: 0.6956 accuracy: 0.6623 val_loss: 0.5889 val_accuracy: 0.6800
Epoch: 14 loss: 0.6749 accuracy: 0.6563 val_loss: 0.5372 val_accuracy: 0.7800
Epoch: 15 loss: 0.6861 accuracy: 0.6560 val_loss: 0.6129 val_accuracy: 0.6933
Epoch: 16 loss: 0.6913 accuracy: 0.6500 val_loss: 0.4875 val_accuracy: 0.8133
Epoch: 17 loss: 0.6769 accuracy: 0.6516 val_loss: 0.5068 val_accuracy: 0.8133
Epoch: 18 loss: 0.6605 accuracy: 0.6720 val_loss: 0.6195 val_accuracy: 0.5933
Epoch: 19 loss: 0.6715 accuracy: 0.6643 val_loss: 0.5032 val_accuracy: 0.8133
Epoch: 20 loss: 0.6355 accuracy: 0.6810 val_loss: 0.5530 val_accuracy: 0.7333
Job ended!
