Wed 28 Feb 2024 02:35:15 AM EST
Python 3.9.7
nvcc: NVIDIA (R) Cuda compiler driver
Copyright (c) 2005-2019 NVIDIA Corporation
Built on Sun_Jul_28_19:07:16_PDT_2019
Cuda compilation tools, release 10.1, V10.1.243
My SLURM_ARRAY_TASK_ID: 
DB: ['ISIC2016', 'MEDNODE']
IMG_SIZE: [150, 150]
CLASSIFIER: ResNet101V2
SELF_AUG: 1
JOB_INDEX: None
Combining...
Combining 1 db out of 2 dbs
Combining 2 db out of 2 dbs
Stacking training images
Stacking training labels
Stacking validation images
Stacking validation labels
Model: "sequential"
_________________________________________________________________
Layer (type)                 Output Shape              Param #   
=================================================================
resnet101v2 (Functional)     (None, 2048)              42626560  
_________________________________________________________________
dense (Dense)                (None, 512)               1049088   
_________________________________________________________________
dropout (Dropout)            (None, 512)               0         
_________________________________________________________________
batch_normalization (BatchNo (None, 512)               2048      
_________________________________________________________________
dense_1 (Dense)              (None, 256)               131328    
_________________________________________________________________
dropout_1 (Dropout)          (None, 256)               0         
_________________________________________________________________
batch_normalization_1 (Batch (None, 256)               1024      
_________________________________________________________________
dense_2 (Dense)              (None, 2)                 514       
=================================================================
Total params: 43,810,562
Trainable params: 1,182,466
Non-trainable params: 42,628,096
_________________________________________________________________
Fitting ISIC2016+MEDNODE_aug_ResNet101V2_150h_150w_None model...
model_name: ISIC2016+MEDNODE_aug_ResNet101V2_150h_150w_None
Epoch: 1 loss: 0.9323 accuracy: 0.5505 val_loss: 0.6965 val_accuracy: 0.2477
Epoch: 2 loss: 0.8886 accuracy: 0.5541 val_loss: 0.6961 val_accuracy: 0.3364
Epoch: 3 loss: 0.8170 accuracy: 0.5606 val_loss: 0.6604 val_accuracy: 0.7991
Epoch: 4 loss: 0.7743 accuracy: 0.5773 val_loss: 0.6932 val_accuracy: 0.3645
Epoch: 5 loss: 0.8059 accuracy: 0.5817 val_loss: 0.6684 val_accuracy: 0.7009
Epoch: 6 loss: 0.7435 accuracy: 0.5940 val_loss: 0.7194 val_accuracy: 0.2757
Epoch: 7 loss: 0.7622 accuracy: 0.6006 val_loss: 0.6903 val_accuracy: 0.4346
Epoch: 8 loss: 0.7606 accuracy: 0.5933 val_loss: 0.6602 val_accuracy: 0.7196
Epoch: 9 loss: 0.7224 accuracy: 0.6151 val_loss: 0.6253 val_accuracy: 0.7383
Epoch: 10 loss: 0.7300 accuracy: 0.6122 val_loss: 0.6021 val_accuracy: 0.7850
Epoch: 11 loss: 0.7626 accuracy: 0.5991 val_loss: 0.6048 val_accuracy: 0.7850
Epoch: 12 loss: 0.7482 accuracy: 0.6107 val_loss: 0.5995 val_accuracy: 0.7897
Epoch: 13 loss: 0.7247 accuracy: 0.6100 val_loss: 0.6082 val_accuracy: 0.7664
Epoch: 14 loss: 0.7180 accuracy: 0.6289 val_loss: 0.4932 val_accuracy: 0.8131
Epoch: 15 loss: 0.6948 accuracy: 0.6289 val_loss: 0.4970 val_accuracy: 0.8037
Epoch: 16 loss: 0.6684 accuracy: 0.6471 val_loss: 0.5016 val_accuracy: 0.8084
Epoch: 17 loss: 0.6944 accuracy: 0.6362 val_loss: 0.5224 val_accuracy: 0.7664
Epoch: 18 loss: 0.7201 accuracy: 0.6144 val_loss: 0.6688 val_accuracy: 0.5748
Epoch: 19 loss: 0.7190 accuracy: 0.6267 val_loss: 0.7618 val_accuracy: 0.3972
Epoch: 20 loss: 0.7146 accuracy: 0.6122 val_loss: 0.5622 val_accuracy: 0.7944
Job ended!
