Tue 27 Feb 2024 09:46:35 AM EST
Python 3.9.7
nvcc: NVIDIA (R) Cuda compiler driver
Copyright (c) 2005-2019 NVIDIA Corporation
Built on Sun_Jul_28_19:07:16_PDT_2019
Cuda compilation tools, release 10.1, V10.1.243
My SLURM_ARRAY_TASK_ID: 
DB: ['ISIC2016', 'ISIC2017', 'ISIC2018', 'MEDNODE', 'KaggleMB']
IMG_SIZE: [150, 150]
CLASSIFIER: EfficientNetB3
SELF_AUG: 1
JOB_INDEX: None
Combining...
Combining 1 db out of 5 dbs
Combining 2 db out of 5 dbs
Combining 3 db out of 5 dbs
Combining 4 db out of 5 dbs
Combining 5 db out of 5 dbs
Stacking training images
Stacking training labels
Stacking validation images
Stacking validation labels
Model: "sequential"
_________________________________________________________________
Layer (type)                 Output Shape              Param #   
=================================================================
efficientnetb3 (Functional)  (None, 1536)              10783535  
_________________________________________________________________
dense (Dense)                (None, 512)               786944    
_________________________________________________________________
dropout (Dropout)            (None, 512)               0         
_________________________________________________________________
batch_normalization (BatchNo (None, 512)               2048      
_________________________________________________________________
dense_1 (Dense)              (None, 256)               131328    
_________________________________________________________________
dropout_1 (Dropout)          (None, 256)               0         
_________________________________________________________________
batch_normalization_1 (Batch (None, 256)               1024      
_________________________________________________________________
dense_2 (Dense)              (None, 2)                 514       
=================================================================
Total params: 11,705,393
Trainable params: 920,322
Non-trainable params: 10,785,071
_________________________________________________________________
Fitting ISIC2016+ISIC2017+ISIC2018+MEDNODE+KaggleMB_aug_EfficientNetB3_150h_150w_None model...
model_name: ISIC2016+ISIC2017+ISIC2018+MEDNODE+KaggleMB_aug_EfficientNetB3_150h_150w_None
Epoch: 1 loss: 0.6521 accuracy: 0.6381 val_loss: 0.6232 val_accuracy: 0.6959
Epoch: 2 loss: 0.6410 accuracy: 0.6548 val_loss: 0.6069 val_accuracy: 0.6959
Epoch: 3 loss: 0.6382 accuracy: 0.6545 val_loss: 0.6193 val_accuracy: 0.6959
Epoch: 4 loss: 0.6387 accuracy: 0.6545 val_loss: 0.6154 val_accuracy: 0.6959
Epoch: 5 loss: 0.6354 accuracy: 0.6560 val_loss: 0.6020 val_accuracy: 0.6959
Epoch: 6 loss: 0.6324 accuracy: 0.6608 val_loss: 0.6116 val_accuracy: 0.7023
Epoch: 7 loss: 0.6310 accuracy: 0.6645 val_loss: 0.6016 val_accuracy: 0.7014
Epoch: 8 loss: 0.6317 accuracy: 0.6669 val_loss: 0.5961 val_accuracy: 0.7005
Epoch: 9 loss: 0.6300 accuracy: 0.6676 val_loss: 0.5975 val_accuracy: 0.7023
Epoch: 10 loss: 0.6277 accuracy: 0.6708 val_loss: 0.5945 val_accuracy: 0.7005
Epoch: 11 loss: 0.6283 accuracy: 0.6688 val_loss: 0.5975 val_accuracy: 0.7060
Epoch: 12 loss: 0.6271 accuracy: 0.6701 val_loss: 0.5900 val_accuracy: 0.7097
Epoch: 13 loss: 0.6255 accuracy: 0.6705 val_loss: 0.5849 val_accuracy: 0.7115
Epoch: 14 loss: 0.6264 accuracy: 0.6690 val_loss: 0.5944 val_accuracy: 0.7032
Epoch: 15 loss: 0.6261 accuracy: 0.6702 val_loss: 0.5856 val_accuracy: 0.7115
Epoch: 16 loss: 0.6229 accuracy: 0.6738 val_loss: 0.5943 val_accuracy: 0.7106
Epoch: 17 loss: 0.6242 accuracy: 0.6734 val_loss: 0.5869 val_accuracy: 0.7097
Epoch: 18 loss: 0.6230 accuracy: 0.6730 val_loss: 0.5842 val_accuracy: 0.7115
Epoch: 19 loss: 0.6242 accuracy: 0.6702 val_loss: 0.5939 val_accuracy: 0.7060
Epoch: 20 loss: 0.6227 accuracy: 0.6736 val_loss: 0.5887 val_accuracy: 0.7078
Job ended!
