Fri 01 Mar 2024 06:38:35 AM EST
Python 3.9.7
nvcc: NVIDIA (R) Cuda compiler driver
Copyright (c) 2005-2019 NVIDIA Corporation
Built on Sun_Jul_28_19:07:16_PDT_2019
Cuda compilation tools, release 10.1, V10.1.243
My SLURM_ARRAY_TASK_ID: 
DB: ['ISIC2016', 'ISIC2018', 'ISIC2019']
IMG_SIZE: [150, 150]
CLASSIFIER: EfficientNetB3
SELF_AUG: 1
JOB_INDEX: None
Combining...
Combining 1 db out of 3 dbs
Combining 2 db out of 3 dbs
Combining 3 db out of 3 dbs
Stacking training images
Stacking training labels
Stacking validation images
Stacking validation labels
Model: "sequential"
_________________________________________________________________
Layer (type)                 Output Shape              Param #   
=================================================================
efficientnetb3 (Functional)  (None, 1536)              10783535  
_________________________________________________________________
dense (Dense)                (None, 512)               786944    
_________________________________________________________________
dropout (Dropout)            (None, 512)               0         
_________________________________________________________________
batch_normalization (BatchNo (None, 512)               2048      
_________________________________________________________________
dense_1 (Dense)              (None, 256)               131328    
_________________________________________________________________
dropout_1 (Dropout)          (None, 256)               0         
_________________________________________________________________
batch_normalization_1 (Batch (None, 256)               1024      
_________________________________________________________________
dense_2 (Dense)              (None, 2)                 514       
=================================================================
Total params: 11,705,393
Trainable params: 920,322
Non-trainable params: 10,785,071
_________________________________________________________________
Fitting ISIC2016+ISIC2018+ISIC2019_aug_EfficientNetB3_150h_150w_None model...
model_name: ISIC2016+ISIC2018+ISIC2019_aug_EfficientNetB3_150h_150w_None
Epoch: 1 loss: 0.5774 accuracy: 0.7406 val_loss: 0.3490 val_accuracy: 0.8542
Epoch: 2 loss: 0.4797 accuracy: 0.7769 val_loss: 0.3386 val_accuracy: 0.8643
Epoch: 3 loss: 0.4484 accuracy: 0.7926 val_loss: 0.3281 val_accuracy: 0.8689
Epoch: 4 loss: 0.4275 accuracy: 0.8031 val_loss: 0.3260 val_accuracy: 0.8645
Epoch: 5 loss: 0.4119 accuracy: 0.8107 val_loss: 0.3206 val_accuracy: 0.8676
Epoch: 6 loss: 0.4016 accuracy: 0.8167 val_loss: 0.3057 val_accuracy: 0.8733
Epoch: 7 loss: 0.3924 accuracy: 0.8207 val_loss: 0.3047 val_accuracy: 0.8759
Epoch: 8 loss: 0.3852 accuracy: 0.8232 val_loss: 0.3019 val_accuracy: 0.8807
Epoch: 9 loss: 0.3762 accuracy: 0.8270 val_loss: 0.3034 val_accuracy: 0.8756
Epoch: 10 loss: 0.3676 accuracy: 0.8316 val_loss: 0.2998 val_accuracy: 0.8768
Epoch: 11 loss: 0.3627 accuracy: 0.8354 val_loss: 0.2916 val_accuracy: 0.8829
Epoch: 12 loss: 0.3579 accuracy: 0.8387 val_loss: 0.2971 val_accuracy: 0.8801
Epoch: 13 loss: 0.3523 accuracy: 0.8407 val_loss: 0.2951 val_accuracy: 0.8798
Epoch: 14 loss: 0.3453 accuracy: 0.8443 val_loss: 0.2870 val_accuracy: 0.8846
Epoch: 15 loss: 0.3396 accuracy: 0.8468 val_loss: 0.2912 val_accuracy: 0.8811
Epoch: 16 loss: 0.3314 accuracy: 0.8483 val_loss: 0.3010 val_accuracy: 0.8761
Epoch: 17 loss: 0.3299 accuracy: 0.8519 val_loss: 0.2823 val_accuracy: 0.8849
Epoch: 18 loss: 0.3237 accuracy: 0.8553 val_loss: 0.2792 val_accuracy: 0.8904
Epoch: 19 loss: 0.3201 accuracy: 0.8556 val_loss: 0.2795 val_accuracy: 0.8892
Epoch: 20 loss: 0.3139 accuracy: 0.8570 val_loss: 0.2784 val_accuracy: 0.8917
Job ended!
