Fri 01 Mar 2024 05:39:46 AM EST
Python 3.9.7
nvcc: NVIDIA (R) Cuda compiler driver
Copyright (c) 2005-2019 NVIDIA Corporation
Built on Sun_Jul_28_19:07:16_PDT_2019
Cuda compilation tools, release 10.1, V10.1.243
My SLURM_ARRAY_TASK_ID: 
DB: ['ISIC2016', 'ISIC2017', 'ISIC2018', 'ISIC2019', 'ISIC2020', 'MEDNODE', 'KaggleMB']
IMG_SIZE: [150, 150]
CLASSIFIER: EfficientNetB3
SELF_AUG: 1
JOB_INDEX: None
Combining...
Combining 1 db out of 7 dbs
Combining 2 db out of 7 dbs
Combining 3 db out of 7 dbs
Combining 4 db out of 7 dbs
Combining 5 db out of 7 dbs
Combining 6 db out of 7 dbs
Combining 7 db out of 7 dbs
Stacking training images
Stacking training labels
Stacking validation images
Stacking validation labels
Model: "sequential"
_________________________________________________________________
Layer (type)                 Output Shape              Param #   
=================================================================
efficientnetb3 (Functional)  (None, 1536)              10783535  
_________________________________________________________________
dense (Dense)                (None, 512)               786944    
_________________________________________________________________
dropout (Dropout)            (None, 512)               0         
_________________________________________________________________
batch_normalization (BatchNo (None, 512)               2048      
_________________________________________________________________
dense_1 (Dense)              (None, 256)               131328    
_________________________________________________________________
dropout_1 (Dropout)          (None, 256)               0         
_________________________________________________________________
batch_normalization_1 (Batch (None, 256)               1024      
_________________________________________________________________
dense_2 (Dense)              (None, 2)                 514       
=================================================================
Total params: 11,705,393
Trainable params: 920,322
Non-trainable params: 10,785,071
_________________________________________________________________
Fitting ISIC2016+ISIC2017+ISIC2018+ISIC2019+ISIC2020+MEDNODE+KaggleMB_aug_EfficientNetB3_150h_150w_None model...
model_name: ISIC2016+ISIC2017+ISIC2018+ISIC2019+ISIC2020+MEDNODE+KaggleMB_aug_EfficientNetB3_150h_150w_None
Epoch: 1 loss: 0.4864 accuracy: 0.7751 val_loss: 0.2271 val_accuracy: 0.9136
Epoch: 2 loss: 0.4041 accuracy: 0.8084 val_loss: 0.2167 val_accuracy: 0.9149
Epoch: 3 loss: 0.3820 accuracy: 0.8201 val_loss: 0.2123 val_accuracy: 0.9206
Epoch: 4 loss: 0.3702 accuracy: 0.8274 val_loss: 0.2029 val_accuracy: 0.9224
Epoch: 5 loss: 0.3593 accuracy: 0.8340 val_loss: 0.2010 val_accuracy: 0.9235
Epoch: 6 loss: 0.3534 accuracy: 0.8372 val_loss: 0.1960 val_accuracy: 0.9238
Epoch: 7 loss: 0.3477 accuracy: 0.8403 val_loss: 0.1957 val_accuracy: 0.9252
Epoch: 8 loss: 0.3389 accuracy: 0.8445 val_loss: 0.1936 val_accuracy: 0.9267
Epoch: 9 loss: 0.3341 accuracy: 0.8466 val_loss: 0.1933 val_accuracy: 0.9247
Epoch: 10 loss: 0.3301 accuracy: 0.8478 val_loss: 0.1899 val_accuracy: 0.9308
Epoch: 11 loss: 0.3276 accuracy: 0.8504 val_loss: 0.1852 val_accuracy: 0.9315
Epoch: 12 loss: 0.3231 accuracy: 0.8528 val_loss: 0.1845 val_accuracy: 0.9297
Epoch: 13 loss: 0.3175 accuracy: 0.8540 val_loss: 0.1847 val_accuracy: 0.9321
Epoch: 14 loss: 0.3159 accuracy: 0.8561 val_loss: 0.1818 val_accuracy: 0.9326
Epoch: 15 loss: 0.3091 accuracy: 0.8577 val_loss: 0.1816 val_accuracy: 0.9333
Epoch: 16 loss: 0.3072 accuracy: 0.8606 val_loss: 0.1809 val_accuracy: 0.9364
Epoch: 17 loss: 0.3038 accuracy: 0.8609 val_loss: 0.1789 val_accuracy: 0.9354
Epoch: 18 loss: 0.2979 accuracy: 0.8645 val_loss: 0.1766 val_accuracy: 0.9361
Epoch: 19 loss: 0.2961 accuracy: 0.8659 val_loss: 0.1776 val_accuracy: 0.9384
Epoch: 20 loss: 0.2948 accuracy: 0.8670 val_loss: 0.1801 val_accuracy: 0.9361
Job ended!
