Fri 03 May 2024 03:35:33 PM EDT
Python 3.9.7
nvcc: NVIDIA (R) Cuda compiler driver
Copyright (c) 2005-2019 NVIDIA Corporation
Built on Sun_Jul_28_19:07:16_PDT_2019
Cuda compilation tools, release 10.1, V10.1.243
My SLURM_ARRAY_TASK_ID: 
DB: ['ISIC2016', 'ISIC2017', 'ISIC2018', 'ISIC2019', 'MEDNODE', 'KaggleMB']
IMG_SIZE: [384, 384]
CLASSIFIER: EfficientNetB3
JOB_INDEX: None
Start training augmented images
Combining...
Combining 1th db out of 6 dbs
Combining 2th db out of 6 dbs
Combining 3th db out of 6 dbs
Combining 4th db out of 6 dbs
Combining 5th db out of 6 dbs
Combining 6th db out of 6 dbs
Stacking data
Combining complete
Model: "sequential"
_________________________________________________________________
Layer (type)                 Output Shape              Param #   
=================================================================
efficientnetb3 (Functional)  (None, 1536)              10783535  
_________________________________________________________________
dense (Dense)                (None, 512)               786944    
_________________________________________________________________
dropout (Dropout)            (None, 512)               0         
_________________________________________________________________
batch_normalization (BatchNo (None, 512)               2048      
_________________________________________________________________
dense_1 (Dense)              (None, 256)               131328    
_________________________________________________________________
batch_normalization_1 (Batch (None, 256)               1024      
_________________________________________________________________
dense_2 (Dense)              (None, 2)                 514       
=================================================================
Total params: 11,705,393
Trainable params: 920,322
Non-trainable params: 10,785,071
_________________________________________________________________
Fitting ISIC2016+ISIC2017+ISIC2018+ISIC2019+MEDNODE+KaggleMB_aug_EfficientNetB3_384h_384w_None model...
model_name: ISIC2016+ISIC2017+ISIC2018+ISIC2019+MEDNODE+KaggleMB_aug_EfficientNetB3_384h_384w_None
Epoch: 1 loss: 1.2110 accuracy: 0.5595 val_loss: 1.0019 val_accuracy: 0.7997
Epoch: 2 loss: 1.0648 accuracy: 0.5965 val_loss: 0.8781 val_accuracy: 0.7997
Epoch: 3 loss: 1.0049 accuracy: 0.6065 val_loss: 0.8302 val_accuracy: 0.7997
Epoch: 4 loss: 0.9487 accuracy: 0.6179 val_loss: 0.8540 val_accuracy: 0.7997
Epoch: 5 loss: 0.9002 accuracy: 0.6194 val_loss: 1.4524 val_accuracy: 0.2003
Epoch: 6 loss: 0.8479 accuracy: 0.6314 val_loss: 0.7452 val_accuracy: 0.7997
Epoch: 7 loss: 0.8048 accuracy: 0.6288 val_loss: 0.7163 val_accuracy: 0.7997
Epoch: 8 loss: 0.7678 accuracy: 0.6310 val_loss: 0.6020 val_accuracy: 0.7997
Epoch: 9 loss: 0.7372 accuracy: 0.6358 val_loss: 0.6290 val_accuracy: 0.7997
Epoch: 10 loss: 0.7186 accuracy: 0.6321 val_loss: 0.5968 val_accuracy: 0.7997
Epoch: 11 loss: 0.7048 accuracy: 0.6335 val_loss: 0.5987 val_accuracy: 0.7997
Epoch: 12 loss: 0.6921 accuracy: 0.6379 val_loss: 0.5973 val_accuracy: 0.7997
Epoch: 13 loss: 0.6862 accuracy: 0.6362 val_loss: 0.5279 val_accuracy: 0.7997
Epoch: 14 loss: 0.6830 accuracy: 0.6347 val_loss: 0.5507 val_accuracy: 0.7997
Epoch: 15 loss: 0.6787 accuracy: 0.6361 val_loss: 0.8229 val_accuracy: 0.2003
Epoch: 16 loss: 0.6751 accuracy: 0.6362 val_loss: 0.5533 val_accuracy: 0.7997
Epoch: 17 loss: 0.6723 accuracy: 0.6360 val_loss: 0.6226 val_accuracy: 0.7997
Epoch: 18 loss: 0.6693 accuracy: 0.6377 val_loss: 0.5301 val_accuracy: 0.7997

Epoch 00018: ReduceLROnPlateau reducing learning rate to 7.999999797903001e-05.
Epoch: 19 loss: 0.6679 accuracy: 0.6383 val_loss: 0.5486 val_accuracy: 0.7997
Epoch: 20 loss: 0.6650 accuracy: 0.6407 val_loss: 0.5980 val_accuracy: 0.7997
Epoch: 21 loss: 0.6650 accuracy: 0.6385 val_loss: 0.5762 val_accuracy: 0.7997
Epoch: 22 loss: 0.6623 accuracy: 0.6414 val_loss: 0.5715 val_accuracy: 0.7997
Epoch: 23 loss: 0.6620 accuracy: 0.6416 val_loss: 0.5371 val_accuracy: 0.7997

Epoch 00023: ReduceLROnPlateau reducing learning rate to 6.399999838322402e-05.
End of augmented training
Finish
Job ended!
