Tue 27 Feb 2024 09:55:51 AM EST
Python 3.9.7
nvcc: NVIDIA (R) Cuda compiler driver
Copyright (c) 2005-2019 NVIDIA Corporation
Built on Sun_Jul_28_19:07:16_PDT_2019
Cuda compilation tools, release 10.1, V10.1.243
My SLURM_ARRAY_TASK_ID: 
DB: ['ISIC2016', 'ISIC2019']
IMG_SIZE: [150, 150]
CLASSIFIER: EfficientNetB3
SELF_AUG: 1
JOB_INDEX: None
Combining...
Combining 1 db out of 2 dbs
Combining 2 db out of 2 dbs
Stacking training images
Stacking training labels
Stacking validation images
Stacking validation labels
Model: "sequential"
_________________________________________________________________
Layer (type)                 Output Shape              Param #   
=================================================================
efficientnetb3 (Functional)  (None, 1536)              10783535  
_________________________________________________________________
dense (Dense)                (None, 512)               786944    
_________________________________________________________________
dropout (Dropout)            (None, 512)               0         
_________________________________________________________________
batch_normalization (BatchNo (None, 512)               2048      
_________________________________________________________________
dense_1 (Dense)              (None, 256)               131328    
_________________________________________________________________
dropout_1 (Dropout)          (None, 256)               0         
_________________________________________________________________
batch_normalization_1 (Batch (None, 256)               1024      
_________________________________________________________________
dense_2 (Dense)              (None, 2)                 514       
=================================================================
Total params: 11,705,393
Trainable params: 920,322
Non-trainable params: 10,785,071
_________________________________________________________________
Fitting ISIC2016+ISIC2019_aug_EfficientNetB3_150h_150w_None model...
model_name: ISIC2016+ISIC2019_aug_EfficientNetB3_150h_150w_None
Epoch: 1 loss: 0.6654 accuracy: 0.6154 val_loss: 0.5672 val_accuracy: 0.8285
Epoch: 2 loss: 0.6598 accuracy: 0.6268 val_loss: 0.5494 val_accuracy: 0.8285
Epoch: 3 loss: 0.6572 accuracy: 0.6269 val_loss: 0.5366 val_accuracy: 0.8285
Epoch: 4 loss: 0.6572 accuracy: 0.6268 val_loss: 0.5317 val_accuracy: 0.8285
Epoch: 5 loss: 0.6563 accuracy: 0.6265 val_loss: 0.5887 val_accuracy: 0.8285
Epoch: 6 loss: 0.6569 accuracy: 0.6268 val_loss: 0.5698 val_accuracy: 0.8285
Epoch: 7 loss: 0.6560 accuracy: 0.6267 val_loss: 0.5310 val_accuracy: 0.8285
Epoch: 8 loss: 0.6560 accuracy: 0.6266 val_loss: 0.5492 val_accuracy: 0.8285
Epoch: 9 loss: 0.6559 accuracy: 0.6268 val_loss: 0.5315 val_accuracy: 0.8285
Epoch: 10 loss: 0.6554 accuracy: 0.6269 val_loss: 0.5363 val_accuracy: 0.8285
Epoch: 11 loss: 0.6564 accuracy: 0.6269 val_loss: 0.5592 val_accuracy: 0.8285
Epoch: 12 loss: 0.6548 accuracy: 0.6267 val_loss: 0.5551 val_accuracy: 0.8285
Epoch: 13 loss: 0.6556 accuracy: 0.6270 val_loss: 0.5534 val_accuracy: 0.8285
Epoch: 14 loss: 0.6544 accuracy: 0.6268 val_loss: 0.5294 val_accuracy: 0.8285
Epoch: 15 loss: 0.6535 accuracy: 0.6268 val_loss: 0.5680 val_accuracy: 0.8285
Epoch: 16 loss: 0.6538 accuracy: 0.6269 val_loss: 0.5138 val_accuracy: 0.8285
Epoch: 17 loss: 0.6523 accuracy: 0.6268 val_loss: 0.5295 val_accuracy: 0.8285
Epoch: 18 loss: 0.6505 accuracy: 0.6265 val_loss: 0.6004 val_accuracy: 0.8285
Epoch: 19 loss: 0.6506 accuracy: 0.6269 val_loss: 0.5812 val_accuracy: 0.8285
Epoch: 20 loss: 0.6496 accuracy: 0.6268 val_loss: 0.5162 val_accuracy: 0.8285
Job ended!
