Fri 01 Mar 2024 06:41:21 AM EST
Python 3.9.7
nvcc: NVIDIA (R) Cuda compiler driver
Copyright (c) 2005-2019 NVIDIA Corporation
Built on Sun_Jul_28_19:07:16_PDT_2019
Cuda compilation tools, release 10.1, V10.1.243
My SLURM_ARRAY_TASK_ID: 
DB: ['ISIC2016', 'ISIC2020']
IMG_SIZE: [150, 150]
CLASSIFIER: EfficientNetB3
SELF_AUG: 1
JOB_INDEX: None
Combining...
Combining 1 db out of 2 dbs
Combining 2 db out of 2 dbs
Stacking training images
Stacking training labels
Stacking validation images
Stacking validation labels
Model: "sequential"
_________________________________________________________________
Layer (type)                 Output Shape              Param #   
=================================================================
efficientnetb3 (Functional)  (None, 1536)              10783535  
_________________________________________________________________
dense (Dense)                (None, 512)               786944    
_________________________________________________________________
dropout (Dropout)            (None, 512)               0         
_________________________________________________________________
batch_normalization (BatchNo (None, 512)               2048      
_________________________________________________________________
dense_1 (Dense)              (None, 256)               131328    
_________________________________________________________________
dropout_1 (Dropout)          (None, 256)               0         
_________________________________________________________________
batch_normalization_1 (Batch (None, 256)               1024      
_________________________________________________________________
dense_2 (Dense)              (None, 2)                 514       
=================================================================
Total params: 11,705,393
Trainable params: 920,322
Non-trainable params: 10,785,071
_________________________________________________________________
Fitting ISIC2016+ISIC2020_aug_EfficientNetB3_150h_150w_None model...
model_name: ISIC2016+ISIC2020_aug_EfficientNetB3_150h_150w_None
Epoch: 1 loss: 0.4731 accuracy: 0.8011 val_loss: 0.1065 val_accuracy: 0.9787
Epoch: 2 loss: 0.3210 accuracy: 0.8578 val_loss: 0.0886 val_accuracy: 0.9785
Epoch: 3 loss: 0.2911 accuracy: 0.8686 val_loss: 0.0831 val_accuracy: 0.9785
Epoch: 4 loss: 0.2767 accuracy: 0.8721 val_loss: 0.0792 val_accuracy: 0.9785
Epoch: 5 loss: 0.2675 accuracy: 0.8775 val_loss: 0.0822 val_accuracy: 0.9777
Epoch: 6 loss: 0.2554 accuracy: 0.8828 val_loss: 0.0823 val_accuracy: 0.9791
Epoch: 7 loss: 0.2517 accuracy: 0.8850 val_loss: 0.0794 val_accuracy: 0.9787
Epoch: 8 loss: 0.2479 accuracy: 0.8863 val_loss: 0.0788 val_accuracy: 0.9794
Epoch: 9 loss: 0.2421 accuracy: 0.8909 val_loss: 0.0832 val_accuracy: 0.9780
Epoch: 10 loss: 0.2366 accuracy: 0.8932 val_loss: 0.0816 val_accuracy: 0.9774
Epoch: 11 loss: 0.2360 accuracy: 0.8936 val_loss: 0.0816 val_accuracy: 0.9783
Epoch: 12 loss: 0.2334 accuracy: 0.8945 val_loss: 0.0841 val_accuracy: 0.9768
Epoch: 13 loss: 0.2265 accuracy: 0.8982 val_loss: 0.0812 val_accuracy: 0.9788
Epoch: 14 loss: 0.2250 accuracy: 0.8993 val_loss: 0.0832 val_accuracy: 0.9772
Epoch: 15 loss: 0.2204 accuracy: 0.9019 val_loss: 0.0829 val_accuracy: 0.9768
Epoch: 16 loss: 0.2201 accuracy: 0.9012 val_loss: 0.0885 val_accuracy: 0.9768
Epoch: 17 loss: 0.2161 accuracy: 0.9037 val_loss: 0.0848 val_accuracy: 0.9781
Epoch: 18 loss: 0.2113 accuracy: 0.9051 val_loss: 0.0872 val_accuracy: 0.9765
Epoch: 19 loss: 0.2121 accuracy: 0.9048 val_loss: 0.0860 val_accuracy: 0.9783
Epoch: 20 loss: 0.2096 accuracy: 0.9043 val_loss: 0.0884 val_accuracy: 0.9775
Job ended!
