Tue 27 Feb 2024 10:11:11 AM EST
Python 3.9.7
nvcc: NVIDIA (R) Cuda compiler driver
Copyright (c) 2005-2019 NVIDIA Corporation
Built on Sun_Jul_28_19:07:16_PDT_2019
Cuda compilation tools, release 10.1, V10.1.243
My SLURM_ARRAY_TASK_ID: 
DB: ['ISIC2016', 'PAD_UFES_20']
IMG_SIZE: [150, 150]
CLASSIFIER: EfficientNetB3
SELF_AUG: 1
JOB_INDEX: None
Combining...
Combining 1 db out of 2 dbs
Combining 2 db out of 2 dbs
Stacking training images
Stacking training labels
Stacking validation images
Stacking validation labels
Model: "sequential"
_________________________________________________________________
Layer (type)                 Output Shape              Param #   
=================================================================
efficientnetb3 (Functional)  (None, 1536)              10783535  
_________________________________________________________________
dense (Dense)                (None, 512)               786944    
_________________________________________________________________
dropout (Dropout)            (None, 512)               0         
_________________________________________________________________
batch_normalization (BatchNo (None, 512)               2048      
_________________________________________________________________
dense_1 (Dense)              (None, 256)               131328    
_________________________________________________________________
dropout_1 (Dropout)          (None, 256)               0         
_________________________________________________________________
batch_normalization_1 (Batch (None, 256)               1024      
_________________________________________________________________
dense_2 (Dense)              (None, 2)                 514       
=================================================================
Total params: 11,705,393
Trainable params: 920,322
Non-trainable params: 10,785,071
_________________________________________________________________
Fitting ISIC2016+PAD_UFES_20_aug_EfficientNetB3_150h_150w_None model...
model_name: ISIC2016+PAD_UFES_20_aug_EfficientNetB3_150h_150w_None
Epoch: 1 loss: 0.6625 accuracy: 0.6211 val_loss: 0.5722 val_accuracy: 0.9297
Epoch: 2 loss: 0.6054 accuracy: 0.7523 val_loss: 0.4759 val_accuracy: 0.9297
Epoch: 3 loss: 0.5715 accuracy: 0.7619 val_loss: 0.4158 val_accuracy: 0.9297
Epoch: 4 loss: 0.5569 accuracy: 0.7611 val_loss: 0.3831 val_accuracy: 0.9297
Epoch: 5 loss: 0.5523 accuracy: 0.7627 val_loss: 0.3571 val_accuracy: 0.9297
Epoch: 6 loss: 0.5500 accuracy: 0.7619 val_loss: 0.3711 val_accuracy: 0.9297
Epoch: 7 loss: 0.5506 accuracy: 0.7613 val_loss: 0.3582 val_accuracy: 0.9297
Epoch: 8 loss: 0.5490 accuracy: 0.7619 val_loss: 0.3494 val_accuracy: 0.9297
Epoch: 9 loss: 0.5484 accuracy: 0.7621 val_loss: 0.3641 val_accuracy: 0.9297
Epoch: 10 loss: 0.5495 accuracy: 0.7613 val_loss: 0.3578 val_accuracy: 0.9297
Epoch: 11 loss: 0.5492 accuracy: 0.7616 val_loss: 0.3598 val_accuracy: 0.9297
Epoch: 12 loss: 0.5496 accuracy: 0.7619 val_loss: 0.3491 val_accuracy: 0.9297
Epoch: 13 loss: 0.5499 accuracy: 0.7619 val_loss: 0.3513 val_accuracy: 0.9297
Epoch: 14 loss: 0.5502 accuracy: 0.7616 val_loss: 0.3590 val_accuracy: 0.9297
Epoch: 15 loss: 0.5495 accuracy: 0.7616 val_loss: 0.3524 val_accuracy: 0.9297
Epoch: 16 loss: 0.5502 accuracy: 0.7611 val_loss: 0.3518 val_accuracy: 0.9297
Epoch: 17 loss: 0.5505 accuracy: 0.7611 val_loss: 0.3499 val_accuracy: 0.9297
Epoch: 18 loss: 0.5506 accuracy: 0.7605 val_loss: 0.3516 val_accuracy: 0.9297
Epoch: 19 loss: 0.5465 accuracy: 0.7640 val_loss: 0.3499 val_accuracy: 0.9297
Epoch: 20 loss: 0.5490 accuracy: 0.7616 val_loss: 0.3564 val_accuracy: 0.9297
Job ended!
