Fri 01 Mar 2024 05:37:48 AM EST
Python 3.9.7
nvcc: NVIDIA (R) Cuda compiler driver
Copyright (c) 2005-2019 NVIDIA Corporation
Built on Sun_Jul_28_19:07:16_PDT_2019
Cuda compilation tools, release 10.1, V10.1.243
My SLURM_ARRAY_TASK_ID: 
DB: ['ISIC2016', 'ISIC2017', 'ISIC2018', 'ISIC2019']
IMG_SIZE: [150, 150]
CLASSIFIER: EfficientNetB3
SELF_AUG: 1
JOB_INDEX: None
Combining...
Combining 1 db out of 4 dbs
Combining 2 db out of 4 dbs
Combining 3 db out of 4 dbs
Combining 4 db out of 4 dbs
Stacking training images
Stacking training labels
Stacking validation images
Stacking validation labels
Model: "sequential"
_________________________________________________________________
Layer (type)                 Output Shape              Param #   
=================================================================
efficientnetb3 (Functional)  (None, 1536)              10783535  
_________________________________________________________________
dense (Dense)                (None, 512)               786944    
_________________________________________________________________
dropout (Dropout)            (None, 512)               0         
_________________________________________________________________
batch_normalization (BatchNo (None, 512)               2048      
_________________________________________________________________
dense_1 (Dense)              (None, 256)               131328    
_________________________________________________________________
dropout_1 (Dropout)          (None, 256)               0         
_________________________________________________________________
batch_normalization_1 (Batch (None, 256)               1024      
_________________________________________________________________
dense_2 (Dense)              (None, 2)                 514       
=================================================================
Total params: 11,705,393
Trainable params: 920,322
Non-trainable params: 10,785,071
_________________________________________________________________
Fitting ISIC2016+ISIC2017+ISIC2018+ISIC2019_aug_EfficientNetB3_150h_150w_None model...
model_name: ISIC2016+ISIC2017+ISIC2018+ISIC2019_aug_EfficientNetB3_150h_150w_None
Epoch: 1 loss: 0.5765 accuracy: 0.7420 val_loss: 0.3480 val_accuracy: 0.8571
Epoch: 2 loss: 0.4829 accuracy: 0.7748 val_loss: 0.3337 val_accuracy: 0.8644
Epoch: 3 loss: 0.4505 accuracy: 0.7904 val_loss: 0.3305 val_accuracy: 0.8691
Epoch: 4 loss: 0.4283 accuracy: 0.8034 val_loss: 0.3171 val_accuracy: 0.8737
Epoch: 5 loss: 0.4165 accuracy: 0.8090 val_loss: 0.3108 val_accuracy: 0.8764
Epoch: 6 loss: 0.4024 accuracy: 0.8146 val_loss: 0.3094 val_accuracy: 0.8725
Epoch: 7 loss: 0.3969 accuracy: 0.8184 val_loss: 0.3039 val_accuracy: 0.8744
Epoch: 8 loss: 0.3891 accuracy: 0.8222 val_loss: 0.2989 val_accuracy: 0.8819
Epoch: 9 loss: 0.3787 accuracy: 0.8274 val_loss: 0.2992 val_accuracy: 0.8812
Epoch: 10 loss: 0.3737 accuracy: 0.8299 val_loss: 0.2978 val_accuracy: 0.8762
Epoch: 11 loss: 0.3639 accuracy: 0.8345 val_loss: 0.2848 val_accuracy: 0.8850
Epoch: 12 loss: 0.3575 accuracy: 0.8394 val_loss: 0.2866 val_accuracy: 0.8832
Epoch: 13 loss: 0.3525 accuracy: 0.8406 val_loss: 0.2820 val_accuracy: 0.8880
Epoch: 14 loss: 0.3499 accuracy: 0.8410 val_loss: 0.2823 val_accuracy: 0.8871
Epoch: 15 loss: 0.3440 accuracy: 0.8440 val_loss: 0.2795 val_accuracy: 0.8866
Epoch: 16 loss: 0.3381 accuracy: 0.8462 val_loss: 0.2717 val_accuracy: 0.8945
Epoch: 17 loss: 0.3330 accuracy: 0.8492 val_loss: 0.2744 val_accuracy: 0.8930
Epoch: 18 loss: 0.3281 accuracy: 0.8529 val_loss: 0.2728 val_accuracy: 0.8923
Epoch: 19 loss: 0.3204 accuracy: 0.8551 val_loss: 0.2706 val_accuracy: 0.8936
Epoch: 20 loss: 0.3171 accuracy: 0.8567 val_loss: 0.2613 val_accuracy: 0.8991
Job ended!
