Fri 03 May 2024 11:39:46 AM EDT
Python 3.9.7
nvcc: NVIDIA (R) Cuda compiler driver
Copyright (c) 2005-2019 NVIDIA Corporation
Built on Sun_Jul_28_19:07:16_PDT_2019
Cuda compilation tools, release 10.1, V10.1.243
My SLURM_ARRAY_TASK_ID: 
DB: ['ISIC2016', '_7_point_criteria', 'PAD_UFES_20']
IMG_SIZE: [384, 384]
CLASSIFIER: EfficientNetB3
JOB_INDEX: None
Start training augmented images
Combining...
Combining 1th db out of 3 dbs
Combining 2th db out of 3 dbs
Combining 3th db out of 3 dbs
Stacking data
Combining complete
Model: "sequential"
_________________________________________________________________
Layer (type)                 Output Shape              Param #   
=================================================================
efficientnetb3 (Functional)  (None, 1536)              10783535  
_________________________________________________________________
dense (Dense)                (None, 512)               786944    
_________________________________________________________________
dropout (Dropout)            (None, 512)               0         
_________________________________________________________________
batch_normalization (BatchNo (None, 512)               2048      
_________________________________________________________________
dense_1 (Dense)              (None, 256)               131328    
_________________________________________________________________
batch_normalization_1 (Batch (None, 256)               1024      
_________________________________________________________________
dense_2 (Dense)              (None, 2)                 514       
=================================================================
Total params: 11,705,393
Trainable params: 920,322
Non-trainable params: 10,785,071
_________________________________________________________________
Fitting ISIC2016+_7_point_criteria+PAD_UFES_20_aug_EfficientNetB3_384h_384w_None model...
model_name: ISIC2016+_7_point_criteria+PAD_UFES_20_aug_EfficientNetB3_384h_384w_None
Epoch: 1 loss: 1.4491 accuracy: 0.5172 val_loss: 1.1758 val_accuracy: 0.8766
Epoch: 2 loss: 1.2896 accuracy: 0.5476 val_loss: 1.2375 val_accuracy: 0.1234
Epoch: 3 loss: 1.2187 accuracy: 0.5618 val_loss: 1.3475 val_accuracy: 0.1234
Epoch: 4 loss: 1.1387 accuracy: 0.6180 val_loss: 1.2230 val_accuracy: 0.1234
Epoch: 5 loss: 1.1177 accuracy: 0.6141 val_loss: 1.4239 val_accuracy: 0.1234
Epoch: 6 loss: 1.0691 accuracy: 0.6544 val_loss: 1.3834 val_accuracy: 0.1234

Epoch 00006: ReduceLROnPlateau reducing learning rate to 7.999999797903001e-05.
Epoch: 7 loss: 1.0638 accuracy: 0.6635 val_loss: 1.3624 val_accuracy: 0.1234
Epoch: 8 loss: 1.0518 accuracy: 0.6784 val_loss: 1.1268 val_accuracy: 0.1234
Epoch: 9 loss: 1.0370 accuracy: 0.6800 val_loss: 0.7752 val_accuracy: 0.8766
Epoch: 10 loss: 1.0335 accuracy: 0.6832 val_loss: 0.9868 val_accuracy: 0.8766
Epoch: 11 loss: 1.0107 accuracy: 0.6945 val_loss: 1.2569 val_accuracy: 0.1234
Epoch: 12 loss: 1.0171 accuracy: 0.7006 val_loss: 0.9571 val_accuracy: 0.8766
Epoch: 13 loss: 1.0105 accuracy: 0.7011 val_loss: 0.8083 val_accuracy: 0.8766
Epoch: 14 loss: 1.0028 accuracy: 0.7009 val_loss: 0.9783 val_accuracy: 0.8766

Epoch 00014: ReduceLROnPlateau reducing learning rate to 6.399999838322402e-05.
Epoch: 15 loss: 0.9910 accuracy: 0.7131 val_loss: 1.2046 val_accuracy: 0.1234
Epoch: 16 loss: 0.9809 accuracy: 0.7104 val_loss: 0.8477 val_accuracy: 0.8766
Epoch: 17 loss: 0.9857 accuracy: 0.7129 val_loss: 1.0068 val_accuracy: 0.8636
Epoch: 18 loss: 0.9784 accuracy: 0.7215 val_loss: 0.9343 val_accuracy: 0.8766
Epoch: 19 loss: 0.9686 accuracy: 0.7192 val_loss: 0.9273 val_accuracy: 0.8766

Epoch 00019: ReduceLROnPlateau reducing learning rate to 5.119999987073243e-05.
End of augmented training
Finish
Job ended!
