Fri 03 May 2024 03:19:01 PM EDT
Python 3.9.7
nvcc: NVIDIA (R) Cuda compiler driver
Copyright (c) 2005-2019 NVIDIA Corporation
Built on Sun_Jul_28_19:07:16_PDT_2019
Cuda compilation tools, release 10.1, V10.1.243
My SLURM_ARRAY_TASK_ID: 
DB: ['ISIC2016', 'ISIC2017', 'ISIC2018', 'ISIC2019', 'ISIC2020', 'PH2', 'MEDNODE', 'KaggleMB']
IMG_SIZE: [384, 384]
CLASSIFIER: EfficientNetB3
JOB_INDEX: None
Start training augmented images
Combining...
Combining 1th db out of 8 dbs
Combining 2th db out of 8 dbs
Combining 3th db out of 8 dbs
Combining 4th db out of 8 dbs
Combining 5th db out of 8 dbs
Combining 6th db out of 8 dbs
Combining 7th db out of 8 dbs
Combining 8th db out of 8 dbs
Stacking data
Combining complete
Model: "sequential"
_________________________________________________________________
Layer (type)                 Output Shape              Param #   
=================================================================
efficientnetb3 (Functional)  (None, 1536)              10783535  
_________________________________________________________________
dense (Dense)                (None, 512)               786944    
_________________________________________________________________
dropout (Dropout)            (None, 512)               0         
_________________________________________________________________
batch_normalization (BatchNo (None, 512)               2048      
_________________________________________________________________
dense_1 (Dense)              (None, 256)               131328    
_________________________________________________________________
batch_normalization_1 (Batch (None, 256)               1024      
_________________________________________________________________
dense_2 (Dense)              (None, 2)                 514       
=================================================================
Total params: 11,705,393
Trainable params: 920,322
Non-trainable params: 10,785,071
_________________________________________________________________
Fitting ISIC2016+ISIC2017+ISIC2018+ISIC2019+ISIC2020+PH2+MEDNODE+KaggleMB_aug_EfficientNetB3_384h_384w_None model...
model_name: ISIC2016+ISIC2017+ISIC2018+ISIC2019+ISIC2020+PH2+MEDNODE+KaggleMB_aug_EfficientNetB3_384h_384w_None
Epoch: 1 loss: 1.0932 accuracy: 0.6426 val_loss: 0.7630 val_accuracy: 0.8941
Epoch: 2 loss: 0.9399 accuracy: 0.6980 val_loss: 0.6955 val_accuracy: 0.8941
Epoch: 3 loss: 0.8451 accuracy: 0.7066 val_loss: 0.5701 val_accuracy: 0.8941
Epoch: 4 loss: 0.7617 accuracy: 0.7086 val_loss: 0.5018 val_accuracy: 0.8941
Epoch: 5 loss: 0.7002 accuracy: 0.7100 val_loss: 0.7458 val_accuracy: 0.8941
Epoch: 6 loss: 0.6668 accuracy: 0.7079 val_loss: 0.4052 val_accuracy: 0.8941
Epoch: 7 loss: 0.6445 accuracy: 0.7108 val_loss: 0.4426 val_accuracy: 0.8941
Epoch: 8 loss: 0.6351 accuracy: 0.7094 val_loss: 0.4348 val_accuracy: 0.8941
Epoch: 9 loss: 0.6264 accuracy: 0.7098 val_loss: 0.3786 val_accuracy: 0.8941
Epoch: 10 loss: 0.6186 accuracy: 0.7134 val_loss: 0.4305 val_accuracy: 0.8941
Epoch: 11 loss: 0.6150 accuracy: 0.7127 val_loss: 0.4453 val_accuracy: 0.8941
Epoch: 12 loss: 0.6149 accuracy: 0.7093 val_loss: 0.3870 val_accuracy: 0.8941
Epoch: 13 loss: 0.6109 accuracy: 0.7126 val_loss: 0.4450 val_accuracy: 0.8941
Epoch: 14 loss: 0.6099 accuracy: 0.7122 val_loss: 0.4335 val_accuracy: 0.8941

Epoch 00014: ReduceLROnPlateau reducing learning rate to 7.999999797903001e-05.
Epoch: 15 loss: 0.6101 accuracy: 0.7099 val_loss: 0.4430 val_accuracy: 0.8941
Epoch: 16 loss: 0.6093 accuracy: 0.7096 val_loss: 0.4522 val_accuracy: 0.8941
Epoch: 17 loss: 0.6090 accuracy: 0.7094 val_loss: 0.4448 val_accuracy: 0.8941
Epoch: 18 loss: 0.6050 accuracy: 0.7129 val_loss: 0.4199 val_accuracy: 0.8941
Epoch: 19 loss: 0.6060 accuracy: 0.7108 val_loss: 0.4400 val_accuracy: 0.8941

Epoch 00019: ReduceLROnPlateau reducing learning rate to 6.399999838322402e-05.
End of augmented training
Finish
Job ended!
