Fri 03 May 2024 11:59:13 AM EDT
Python 3.9.7
nvcc: NVIDIA (R) Cuda compiler driver
Copyright (c) 2005-2019 NVIDIA Corporation
Built on Sun_Jul_28_19:07:16_PDT_2019
Cuda compilation tools, release 10.1, V10.1.243
My SLURM_ARRAY_TASK_ID: 
DB: ['ISIC2016', 'ISIC2017', 'ISIC2018']
IMG_SIZE: [384, 384]
CLASSIFIER: EfficientNetB3
JOB_INDEX: None
Start training augmented images
Combining...
Combining 1th db out of 3 dbs
Combining 2th db out of 3 dbs
Combining 3th db out of 3 dbs
Stacking data
Combining complete
Model: "sequential"
_________________________________________________________________
Layer (type)                 Output Shape              Param #   
=================================================================
efficientnetb3 (Functional)  (None, 1536)              10783535  
_________________________________________________________________
dense (Dense)                (None, 512)               786944    
_________________________________________________________________
dropout (Dropout)            (None, 512)               0         
_________________________________________________________________
batch_normalization (BatchNo (None, 512)               2048      
_________________________________________________________________
dense_1 (Dense)              (None, 256)               131328    
_________________________________________________________________
batch_normalization_1 (Batch (None, 256)               1024      
_________________________________________________________________
dense_2 (Dense)              (None, 2)                 514       
=================================================================
Total params: 11,705,393
Trainable params: 920,322
Non-trainable params: 10,785,071
_________________________________________________________________
Fitting ISIC2016+ISIC2017+ISIC2018_aug_EfficientNetB3_384h_384w_None model...
model_name: ISIC2016+ISIC2017+ISIC2018_aug_EfficientNetB3_384h_384w_None
Epoch: 1 loss: 1.2899 accuracy: 0.5505 val_loss: 1.2465 val_accuracy: 0.1587
Epoch: 2 loss: 1.1088 accuracy: 0.6258 val_loss: 1.1834 val_accuracy: 0.1587
Epoch: 3 loss: 1.0647 accuracy: 0.6516 val_loss: 1.0278 val_accuracy: 0.8413
Epoch: 4 loss: 1.0264 accuracy: 0.6718 val_loss: 1.0713 val_accuracy: 0.1587
Epoch: 5 loss: 1.0168 accuracy: 0.6689 val_loss: 1.0195 val_accuracy: 0.8413
Epoch: 6 loss: 0.9866 accuracy: 0.6782 val_loss: 0.7885 val_accuracy: 0.8413
Epoch: 7 loss: 0.9648 accuracy: 0.6842 val_loss: 0.9006 val_accuracy: 0.8413
Epoch: 8 loss: 0.9457 accuracy: 0.6906 val_loss: 1.0342 val_accuracy: 0.1587
Epoch: 9 loss: 0.9286 accuracy: 0.6904 val_loss: 0.8188 val_accuracy: 0.8413
Epoch: 10 loss: 0.9051 accuracy: 0.6978 val_loss: 0.7160 val_accuracy: 0.8413
Epoch: 11 loss: 0.8878 accuracy: 0.6979 val_loss: 0.7402 val_accuracy: 0.8413
Epoch: 12 loss: 0.8652 accuracy: 0.7065 val_loss: 0.7316 val_accuracy: 0.8413
Epoch: 13 loss: 0.8554 accuracy: 0.7012 val_loss: 0.7475 val_accuracy: 0.8413
Epoch: 14 loss: 0.8347 accuracy: 0.7042 val_loss: 0.6578 val_accuracy: 0.8413
Epoch: 15 loss: 0.8278 accuracy: 0.6941 val_loss: 0.6703 val_accuracy: 0.8413
Epoch: 16 loss: 0.8057 accuracy: 0.7005 val_loss: 0.6493 val_accuracy: 0.8413
Epoch: 17 loss: 0.7883 accuracy: 0.7025 val_loss: 0.6494 val_accuracy: 0.8413
Epoch: 18 loss: 0.7791 accuracy: 0.6979 val_loss: 0.6323 val_accuracy: 0.8413
Epoch: 19 loss: 0.7585 accuracy: 0.7055 val_loss: 0.7207 val_accuracy: 0.8413
Epoch: 20 loss: 0.7458 accuracy: 0.7036 val_loss: 0.5827 val_accuracy: 0.8413
Epoch: 21 loss: 0.7420 accuracy: 0.6951 val_loss: 0.5961 val_accuracy: 0.8413
Epoch: 22 loss: 0.7245 accuracy: 0.7001 val_loss: 0.5899 val_accuracy: 0.8413
Epoch: 23 loss: 0.7131 accuracy: 0.7021 val_loss: 0.5464 val_accuracy: 0.8413
Epoch: 24 loss: 0.6990 accuracy: 0.7083 val_loss: 0.5301 val_accuracy: 0.8413
Epoch: 25 loss: 0.6909 accuracy: 0.7083 val_loss: 0.5508 val_accuracy: 0.8413
Epoch: 26 loss: 0.6852 accuracy: 0.7058 val_loss: 0.5668 val_accuracy: 0.8413
Epoch: 27 loss: 0.6757 accuracy: 0.7067 val_loss: 0.5604 val_accuracy: 0.8413
Epoch: 28 loss: 0.6727 accuracy: 0.7069 val_loss: 0.5452 val_accuracy: 0.8413
Epoch: 29 loss: 0.6704 accuracy: 0.7044 val_loss: 0.5960 val_accuracy: 0.8413

Epoch 00029: ReduceLROnPlateau reducing learning rate to 7.999999797903001e-05.
Epoch: 30 loss: 0.6590 accuracy: 0.7090 val_loss: 0.5154 val_accuracy: 0.8413
Epoch: 31 loss: 0.6571 accuracy: 0.7083 val_loss: 0.5121 val_accuracy: 0.8413
Epoch: 32 loss: 0.6622 accuracy: 0.6990 val_loss: 0.5208 val_accuracy: 0.8413
Epoch: 33 loss: 0.6542 accuracy: 0.7042 val_loss: 0.5092 val_accuracy: 0.8413
Epoch: 34 loss: 0.6503 accuracy: 0.7056 val_loss: 0.5540 val_accuracy: 0.8413
Epoch: 35 loss: 0.6514 accuracy: 0.7013 val_loss: 0.5172 val_accuracy: 0.8413
Epoch: 36 loss: 0.6449 accuracy: 0.7075 val_loss: 0.4826 val_accuracy: 0.8413
Epoch: 37 loss: 0.6412 accuracy: 0.7073 val_loss: 0.4925 val_accuracy: 0.8413
Epoch: 38 loss: 0.6424 accuracy: 0.7050 val_loss: 0.4931 val_accuracy: 0.8413
Epoch: 39 loss: 0.6414 accuracy: 0.7052 val_loss: 0.5379 val_accuracy: 0.8413
Epoch: 40 loss: 0.6424 accuracy: 0.7020 val_loss: 0.4969 val_accuracy: 0.8413
Epoch: 41 loss: 0.6374 accuracy: 0.7063 val_loss: 0.5901 val_accuracy: 0.8413

Epoch 00041: ReduceLROnPlateau reducing learning rate to 6.399999838322402e-05.
Epoch: 42 loss: 0.6392 accuracy: 0.7034 val_loss: 0.5048 val_accuracy: 0.8413
Epoch: 43 loss: 0.6366 accuracy: 0.7036 val_loss: 0.4874 val_accuracy: 0.8413
Epoch: 44 loss: 0.6300 accuracy: 0.7093 val_loss: 0.4827 val_accuracy: 0.8413
Epoch: 45 loss: 0.6337 accuracy: 0.7055 val_loss: 0.4798 val_accuracy: 0.8413
Epoch: 46 loss: 0.6297 accuracy: 0.7083 val_loss: 0.4908 val_accuracy: 0.8413
Epoch: 47 loss: 0.6333 accuracy: 0.7022 val_loss: 0.5286 val_accuracy: 0.8413
Epoch: 48 loss: 0.6293 accuracy: 0.7078 val_loss: 0.4966 val_accuracy: 0.8413
Epoch: 49 loss: 0.6303 accuracy: 0.7034 val_loss: 0.5037 val_accuracy: 0.8413
Epoch: 50 loss: 0.6248 accuracy: 0.7101 val_loss: 0.4743 val_accuracy: 0.8413
Epoch: 51 loss: 0.6303 accuracy: 0.7037 val_loss: 0.5170 val_accuracy: 0.8413
Epoch: 52 loss: 0.6215 accuracy: 0.7136 val_loss: 0.4768 val_accuracy: 0.8413
Epoch: 53 loss: 0.6299 accuracy: 0.7034 val_loss: 0.4904 val_accuracy: 0.8413
Epoch: 54 loss: 0.6279 accuracy: 0.7035 val_loss: 0.5117 val_accuracy: 0.8413
Epoch: 55 loss: 0.6261 accuracy: 0.7055 val_loss: 0.4843 val_accuracy: 0.8413

Epoch 00055: ReduceLROnPlateau reducing learning rate to 5.119999987073243e-05.
Epoch: 56 loss: 0.6217 accuracy: 0.7092 val_loss: 0.4960 val_accuracy: 0.8413
Epoch: 57 loss: 0.6225 accuracy: 0.7078 val_loss: 0.4925 val_accuracy: 0.8413
Epoch: 58 loss: 0.6193 accuracy: 0.7106 val_loss: 0.4835 val_accuracy: 0.8413
Epoch: 59 loss: 0.6189 accuracy: 0.7113 val_loss: 0.5332 val_accuracy: 0.8413
Epoch: 60 loss: 0.6199 accuracy: 0.7092 val_loss: 0.5055 val_accuracy: 0.8413

Epoch 00060: ReduceLROnPlateau reducing learning rate to 4.0960000478662555e-05.
End of augmented training
Finish
Job ended!
