Tue 27 Feb 2024 08:43:10 AM EST
Python 3.9.7
nvcc: NVIDIA (R) Cuda compiler driver
Copyright (c) 2005-2019 NVIDIA Corporation
Built on Sun_Jul_28_19:07:16_PDT_2019
Cuda compilation tools, release 10.1, V10.1.243
My SLURM_ARRAY_TASK_ID: 
DB: ['ISIC2016', 'ISIC2017', 'ISIC2018', '_7_point_criteria', 'PAD_UFES_20']
IMG_SIZE: [150, 150]
CLASSIFIER: EfficientNetB3
SELF_AUG: 1
JOB_INDEX: None
Combining...
Combining 1 db out of 5 dbs
Combining 2 db out of 5 dbs
Combining 3 db out of 5 dbs
Combining 4 db out of 5 dbs
Combining 5 db out of 5 dbs
Stacking training images
Stacking training labels
Stacking validation images
Stacking validation labels
Model: "sequential"
_________________________________________________________________
Layer (type)                 Output Shape              Param #   
=================================================================
efficientnetb3 (Functional)  (None, 1536)              10783535  
_________________________________________________________________
dense (Dense)                (None, 512)               786944    
_________________________________________________________________
dropout (Dropout)            (None, 512)               0         
_________________________________________________________________
batch_normalization (BatchNo (None, 512)               2048      
_________________________________________________________________
dense_1 (Dense)              (None, 256)               131328    
_________________________________________________________________
dropout_1 (Dropout)          (None, 256)               0         
_________________________________________________________________
batch_normalization_1 (Batch (None, 256)               1024      
_________________________________________________________________
dense_2 (Dense)              (None, 2)                 514       
=================================================================
Total params: 11,705,393
Trainable params: 920,322
Non-trainable params: 10,785,071
_________________________________________________________________
Fitting ISIC2016+ISIC2017+ISIC2018+_7_point_criteria+PAD_UFES_20_aug_EfficientNetB3_150h_150w_None model...
model_name: ISIC2016+ISIC2017+ISIC2018+_7_point_criteria+PAD_UFES_20_aug_EfficientNetB3_150h_150w_None
Epoch: 1 loss: 0.6174 accuracy: 0.6952 val_loss: 0.4628 val_accuracy: 0.8676
Epoch: 2 loss: 0.5947 accuracy: 0.7187 val_loss: 0.4472 val_accuracy: 0.8676
Epoch: 3 loss: 0.5944 accuracy: 0.7186 val_loss: 0.4503 val_accuracy: 0.8676
Epoch: 4 loss: 0.5945 accuracy: 0.7185 val_loss: 0.4643 val_accuracy: 0.8676
Epoch: 5 loss: 0.5943 accuracy: 0.7187 val_loss: 0.4560 val_accuracy: 0.8676
Epoch: 6 loss: 0.5937 accuracy: 0.7187 val_loss: 0.4535 val_accuracy: 0.8676
Epoch: 7 loss: 0.5927 accuracy: 0.7186 val_loss: 0.4503 val_accuracy: 0.8676
Epoch: 8 loss: 0.5912 accuracy: 0.7187 val_loss: 0.4722 val_accuracy: 0.8676
Epoch: 9 loss: 0.5882 accuracy: 0.7188 val_loss: 0.4404 val_accuracy: 0.8676
Epoch: 10 loss: 0.5851 accuracy: 0.7199 val_loss: 0.4891 val_accuracy: 0.8676
Epoch: 11 loss: 0.5850 accuracy: 0.7197 val_loss: 0.4219 val_accuracy: 0.8676
Epoch: 12 loss: 0.5836 accuracy: 0.7209 val_loss: 0.4532 val_accuracy: 0.8676
Epoch: 13 loss: 0.5852 accuracy: 0.7215 val_loss: 0.4584 val_accuracy: 0.8676
Epoch: 14 loss: 0.5837 accuracy: 0.7228 val_loss: 0.4443 val_accuracy: 0.8676
Epoch: 15 loss: 0.5822 accuracy: 0.7232 val_loss: 0.4818 val_accuracy: 0.8676
Epoch: 16 loss: 0.5815 accuracy: 0.7242 val_loss: 0.4682 val_accuracy: 0.8676
Epoch: 17 loss: 0.5809 accuracy: 0.7236 val_loss: 0.4383 val_accuracy: 0.8676
Epoch: 18 loss: 0.5810 accuracy: 0.7244 val_loss: 0.4363 val_accuracy: 0.8676
Epoch: 19 loss: 0.5822 accuracy: 0.7241 val_loss: 0.4323 val_accuracy: 0.8676
Epoch: 20 loss: 0.5810 accuracy: 0.7243 val_loss: 0.4195 val_accuracy: 0.8676
Job ended!
