Fri 03 May 2024 12:24:34 PM EDT
Python 3.9.7
nvcc: NVIDIA (R) Cuda compiler driver
Copyright (c) 2005-2019 NVIDIA Corporation
Built on Sun_Jul_28_19:07:16_PDT_2019
Cuda compilation tools, release 10.1, V10.1.243
My SLURM_ARRAY_TASK_ID: 
DB: ['ISIC2016', 'ISIC2017', 'ISIC2018', 'ISIC2019', 'ISIC2020']
IMG_SIZE: [384, 384]
CLASSIFIER: EfficientNetB3
JOB_INDEX: None
Start training augmented images
Combining...
Combining 1th db out of 5 dbs
Combining 2th db out of 5 dbs
Combining 3th db out of 5 dbs
Combining 4th db out of 5 dbs
Combining 5th db out of 5 dbs
Stacking data
Combining complete
Model: "sequential"
_________________________________________________________________
Layer (type)                 Output Shape              Param #   
=================================================================
efficientnetb3 (Functional)  (None, 1536)              10783535  
_________________________________________________________________
dense (Dense)                (None, 512)               786944    
_________________________________________________________________
dropout (Dropout)            (None, 512)               0         
_________________________________________________________________
batch_normalization (BatchNo (None, 512)               2048      
_________________________________________________________________
dense_1 (Dense)              (None, 256)               131328    
_________________________________________________________________
batch_normalization_1 (Batch (None, 256)               1024      
_________________________________________________________________
dense_2 (Dense)              (None, 2)                 514       
=================================================================
Total params: 11,705,393
Trainable params: 920,322
Non-trainable params: 10,785,071
_________________________________________________________________
Fitting ISIC2016+ISIC2017+ISIC2018+ISIC2019+ISIC2020_aug_EfficientNetB3_384h_384w_None model...
model_name: ISIC2016+ISIC2017+ISIC2018+ISIC2019+ISIC2020_aug_EfficientNetB3_384h_384w_None
Epoch: 1 loss: 1.0776 accuracy: 0.6534 val_loss: 0.7159 val_accuracy: 0.9091
Epoch: 2 loss: 0.9161 accuracy: 0.7126 val_loss: 0.6573 val_accuracy: 0.9091
Epoch: 3 loss: 0.8258 accuracy: 0.7196 val_loss: 0.5754 val_accuracy: 0.9091
Epoch: 4 loss: 0.7435 accuracy: 0.7254 val_loss: 0.4972 val_accuracy: 0.9091
Epoch: 5 loss: 0.6887 accuracy: 0.7208 val_loss: 0.4549 val_accuracy: 0.9091
Epoch: 6 loss: 0.6461 accuracy: 0.7266 val_loss: 0.4489 val_accuracy: 0.9091
Epoch: 7 loss: 0.6330 accuracy: 0.7202 val_loss: 0.3998 val_accuracy: 0.9091
Epoch: 8 loss: 0.6173 accuracy: 0.7253 val_loss: 0.4339 val_accuracy: 0.9091
Epoch: 9 loss: 0.6132 accuracy: 0.7230 val_loss: 0.4264 val_accuracy: 0.9091
Epoch: 10 loss: 0.6097 accuracy: 0.7222 val_loss: 0.4130 val_accuracy: 0.9091
Epoch: 11 loss: 0.6067 accuracy: 0.7223 val_loss: 0.4215 val_accuracy: 0.9091
Epoch: 12 loss: 0.6028 accuracy: 0.7230 val_loss: 0.3864 val_accuracy: 0.9091
Epoch: 13 loss: 0.5984 accuracy: 0.7264 val_loss: 0.4186 val_accuracy: 0.9091
Epoch: 14 loss: 0.5990 accuracy: 0.7238 val_loss: 0.4009 val_accuracy: 0.9091
Epoch: 15 loss: 0.5979 accuracy: 0.7239 val_loss: 0.4070 val_accuracy: 0.9091
Epoch: 16 loss: 0.5987 accuracy: 0.7225 val_loss: 0.4009 val_accuracy: 0.9091
Epoch: 17 loss: 0.5944 accuracy: 0.7260 val_loss: 0.4067 val_accuracy: 0.9091

Epoch 00017: ReduceLROnPlateau reducing learning rate to 7.999999797903001e-05.
Epoch: 18 loss: 0.5943 accuracy: 0.7245 val_loss: 0.4455 val_accuracy: 0.9091
Epoch: 19 loss: 0.5924 accuracy: 0.7260 val_loss: 0.4195 val_accuracy: 0.9091
Epoch: 20 loss: 0.5936 accuracy: 0.7241 val_loss: 0.4114 val_accuracy: 0.9091
Epoch: 21 loss: 0.5915 accuracy: 0.7259 val_loss: 0.4104 val_accuracy: 0.9091
Epoch: 22 loss: 0.5910 accuracy: 0.7260 val_loss: 0.4304 val_accuracy: 0.9091

Epoch 00022: ReduceLROnPlateau reducing learning rate to 6.399999838322402e-05.
End of augmented training
Finish
Job ended!
