Fri 03 May 2024 05:52:46 AM EDT
Python 3.9.7
nvcc: NVIDIA (R) Cuda compiler driver
Copyright (c) 2005-2019 NVIDIA Corporation
Built on Sun_Jul_28_19:07:16_PDT_2019
Cuda compilation tools, release 10.1, V10.1.243
My SLURM_ARRAY_TASK_ID: 
DB: ['ISIC2016', 'ISIC2017', 'ISIC2018', '_7_point_criteria', 'PAD_UFES_20']
IMG_SIZE: [384, 384]
CLASSIFIER: EfficientNetB2
JOB_INDEX: None
Start training augmented images
Combining...
Combining 1th db out of 5 dbs
Combining 2th db out of 5 dbs
Combining 3th db out of 5 dbs
Combining 4th db out of 5 dbs
Combining 5th db out of 5 dbs
Stacking data
Combining complete
Model: "sequential"
_________________________________________________________________
Layer (type)                 Output Shape              Param #   
=================================================================
efficientnetb2 (Functional)  (None, 1408)              7768569   
_________________________________________________________________
dense (Dense)                (None, 512)               721408    
_________________________________________________________________
dropout (Dropout)            (None, 512)               0         
_________________________________________________________________
batch_normalization (BatchNo (None, 512)               2048      
_________________________________________________________________
dense_1 (Dense)              (None, 256)               131328    
_________________________________________________________________
batch_normalization_1 (Batch (None, 256)               1024      
_________________________________________________________________
dense_2 (Dense)              (None, 2)                 514       
=================================================================
Total params: 8,624,891
Trainable params: 854,786
Non-trainable params: 7,770,105
_________________________________________________________________
Fitting ISIC2016+ISIC2017+ISIC2018+_7_point_criteria+PAD_UFES_20_aug_EfficientNetB2_384h_384w_None model...
model_name: ISIC2016+ISIC2017+ISIC2018+_7_point_criteria+PAD_UFES_20_aug_EfficientNetB2_384h_384w_None
Epoch: 1 loss: 1.2571 accuracy: 0.5583 val_loss: 1.3208 val_accuracy: 0.1307
Epoch: 2 loss: 1.0755 accuracy: 0.6450 val_loss: 0.8161 val_accuracy: 0.8693
Epoch: 3 loss: 1.0223 accuracy: 0.6755 val_loss: 0.8033 val_accuracy: 0.8693
Epoch: 4 loss: 0.9996 accuracy: 0.6805 val_loss: 0.8442 val_accuracy: 0.8693
Epoch: 5 loss: 0.9669 accuracy: 0.6923 val_loss: 0.8758 val_accuracy: 0.8693
Epoch: 6 loss: 0.9394 accuracy: 0.7048 val_loss: 0.8950 val_accuracy: 0.8693
Epoch: 7 loss: 0.9241 accuracy: 0.7003 val_loss: 0.7832 val_accuracy: 0.8693
Epoch: 8 loss: 0.8954 accuracy: 0.7067 val_loss: 0.7938 val_accuracy: 0.8693
Epoch: 9 loss: 0.8726 accuracy: 0.7143 val_loss: 0.6635 val_accuracy: 0.8693
Epoch: 10 loss: 0.8559 accuracy: 0.7139 val_loss: 0.7167 val_accuracy: 0.8693
Epoch: 11 loss: 0.8432 accuracy: 0.7070 val_loss: 0.6836 val_accuracy: 0.8693
Epoch: 12 loss: 0.8199 accuracy: 0.7120 val_loss: 0.6495 val_accuracy: 0.8693
Epoch: 13 loss: 0.7942 accuracy: 0.7203 val_loss: 0.6053 val_accuracy: 0.8693
Epoch: 14 loss: 0.7788 accuracy: 0.7179 val_loss: 0.5964 val_accuracy: 0.8693
Epoch: 15 loss: 0.7564 accuracy: 0.7211 val_loss: 0.6029 val_accuracy: 0.8693
Epoch: 16 loss: 0.7455 accuracy: 0.7157 val_loss: 0.6005 val_accuracy: 0.8693
Epoch: 17 loss: 0.7294 accuracy: 0.7156 val_loss: 0.6267 val_accuracy: 0.8693
Epoch: 18 loss: 0.7121 accuracy: 0.7191 val_loss: 0.5325 val_accuracy: 0.8693
Epoch: 19 loss: 0.7015 accuracy: 0.7166 val_loss: 0.5432 val_accuracy: 0.8693
Epoch: 20 loss: 0.6943 accuracy: 0.7110 val_loss: 0.5522 val_accuracy: 0.8693
Epoch: 21 loss: 0.6729 accuracy: 0.7215 val_loss: 0.5300 val_accuracy: 0.8693
Epoch: 22 loss: 0.6680 accuracy: 0.7166 val_loss: 0.5344 val_accuracy: 0.8693
Epoch: 23 loss: 0.6604 accuracy: 0.7174 val_loss: 0.4982 val_accuracy: 0.8693
Epoch: 24 loss: 0.6535 accuracy: 0.7173 val_loss: 0.5404 val_accuracy: 0.8693
Epoch: 25 loss: 0.6457 accuracy: 0.7178 val_loss: 0.6089 val_accuracy: 0.8693
Epoch: 26 loss: 0.6449 accuracy: 0.7151 val_loss: 0.4602 val_accuracy: 0.8693
Epoch: 27 loss: 0.6403 accuracy: 0.7167 val_loss: 0.4930 val_accuracy: 0.8693
Epoch: 28 loss: 0.6325 accuracy: 0.7216 val_loss: 0.5067 val_accuracy: 0.8693
Epoch: 29 loss: 0.6324 accuracy: 0.7168 val_loss: 0.4825 val_accuracy: 0.8693
Epoch: 30 loss: 0.6313 accuracy: 0.7146 val_loss: 0.4476 val_accuracy: 0.8693
Epoch: 31 loss: 0.6173 accuracy: 0.7280 val_loss: 0.4754 val_accuracy: 0.8693
Epoch: 32 loss: 0.6248 accuracy: 0.7173 val_loss: 0.4542 val_accuracy: 0.8693
Epoch: 33 loss: 0.6220 accuracy: 0.7201 val_loss: 0.4348 val_accuracy: 0.8693
Epoch: 34 loss: 0.6226 accuracy: 0.7165 val_loss: 0.4877 val_accuracy: 0.8693
Epoch: 35 loss: 0.6230 accuracy: 0.7133 val_loss: 0.4492 val_accuracy: 0.8693
Epoch: 36 loss: 0.6202 accuracy: 0.7166 val_loss: 0.4286 val_accuracy: 0.8693
Epoch: 37 loss: 0.6176 accuracy: 0.7197 val_loss: 0.4570 val_accuracy: 0.8693
Epoch: 38 loss: 0.6144 accuracy: 0.7198 val_loss: 0.4487 val_accuracy: 0.8693
Epoch: 39 loss: 0.6138 accuracy: 0.7211 val_loss: 0.4394 val_accuracy: 0.8693
Epoch: 40 loss: 0.6094 accuracy: 0.7234 val_loss: 0.4667 val_accuracy: 0.8693
Epoch: 41 loss: 0.6175 accuracy: 0.7138 val_loss: 0.4918 val_accuracy: 0.8693

Epoch 00041: ReduceLROnPlateau reducing learning rate to 7.999999797903001e-05.
Epoch: 42 loss: 0.6143 accuracy: 0.7156 val_loss: 0.5008 val_accuracy: 0.8693
Epoch: 43 loss: 0.6134 accuracy: 0.7162 val_loss: 0.4579 val_accuracy: 0.8693
Epoch: 44 loss: 0.6063 accuracy: 0.7228 val_loss: 0.4566 val_accuracy: 0.8693
Epoch: 45 loss: 0.6134 accuracy: 0.7145 val_loss: 0.4830 val_accuracy: 0.8693
Epoch: 46 loss: 0.6054 accuracy: 0.7226 val_loss: 0.4295 val_accuracy: 0.8693

Epoch 00046: ReduceLROnPlateau reducing learning rate to 6.399999838322402e-05.
End of augmented training
Finish
Job ended!
