Fri 03 May 2024 11:20:17 AM EDT
Python 3.9.7
nvcc: NVIDIA (R) Cuda compiler driver
Copyright (c) 2005-2019 NVIDIA Corporation
Built on Sun_Jul_28_19:07:16_PDT_2019
Cuda compilation tools, release 10.1, V10.1.243
My SLURM_ARRAY_TASK_ID: 
DB: ['ISIC2016', 'PH2']
IMG_SIZE: [384, 384]
CLASSIFIER: EfficientNetB2
JOB_INDEX: None
Start training augmented images
Combining...
Combining 1th db out of 2 dbs
Combining 2th db out of 2 dbs
Stacking data
Combining complete
Model: "sequential"
_________________________________________________________________
Layer (type)                 Output Shape              Param #   
=================================================================
efficientnetb2 (Functional)  (None, 1408)              7768569   
_________________________________________________________________
dense (Dense)                (None, 512)               721408    
_________________________________________________________________
dropout (Dropout)            (None, 512)               0         
_________________________________________________________________
batch_normalization (BatchNo (None, 512)               2048      
_________________________________________________________________
dense_1 (Dense)              (None, 256)               131328    
_________________________________________________________________
batch_normalization_1 (Batch (None, 256)               1024      
_________________________________________________________________
dense_2 (Dense)              (None, 2)                 514       
=================================================================
Total params: 8,624,891
Trainable params: 854,786
Non-trainable params: 7,770,105
_________________________________________________________________
Fitting ISIC2016+PH2_aug_EfficientNetB2_384h_384w_None model...
model_name: ISIC2016+PH2_aug_EfficientNetB2_384h_384w_None
Epoch: 1 loss: 1.4675 accuracy: 0.5258 val_loss: 1.2206 val_accuracy: 0.8222
Epoch: 2 loss: 1.4345 accuracy: 0.4912 val_loss: 1.1283 val_accuracy: 0.8222
Epoch: 3 loss: 1.3664 accuracy: 0.5251 val_loss: 1.1046 val_accuracy: 0.8222
Epoch: 4 loss: 1.3053 accuracy: 0.5414 val_loss: 1.0868 val_accuracy: 0.8222
Epoch: 5 loss: 1.3200 accuracy: 0.5170 val_loss: 1.0697 val_accuracy: 0.8222
Epoch: 6 loss: 1.3026 accuracy: 0.5075 val_loss: 1.0631 val_accuracy: 0.8222
Epoch: 7 loss: 1.2373 accuracy: 0.5489 val_loss: 0.9924 val_accuracy: 0.8222
Epoch: 8 loss: 1.2725 accuracy: 0.5143 val_loss: 0.9510 val_accuracy: 0.8222
Epoch: 9 loss: 1.2427 accuracy: 0.5543 val_loss: 0.9289 val_accuracy: 0.8222
Epoch: 10 loss: 1.1930 accuracy: 0.5591 val_loss: 0.9291 val_accuracy: 0.8222
Epoch: 11 loss: 1.2214 accuracy: 0.5265 val_loss: 0.9192 val_accuracy: 0.8222
Epoch: 12 loss: 1.2156 accuracy: 0.5340 val_loss: 0.9293 val_accuracy: 0.8222
Epoch: 13 loss: 1.1948 accuracy: 0.5435 val_loss: 0.9121 val_accuracy: 0.8222
Epoch: 14 loss: 1.1832 accuracy: 0.5380 val_loss: 0.9217 val_accuracy: 0.8222
Epoch: 15 loss: 1.1680 accuracy: 0.5666 val_loss: 0.9093 val_accuracy: 0.8222
Epoch: 16 loss: 1.1490 accuracy: 0.5577 val_loss: 0.8992 val_accuracy: 0.8222
Epoch: 17 loss: 1.1713 accuracy: 0.5510 val_loss: 0.9156 val_accuracy: 0.8222
Epoch: 18 loss: 1.1500 accuracy: 0.5679 val_loss: 0.9043 val_accuracy: 0.8222
Epoch: 19 loss: 1.1517 accuracy: 0.5442 val_loss: 0.9145 val_accuracy: 0.8222
Epoch: 20 loss: 1.1591 accuracy: 0.5577 val_loss: 0.9074 val_accuracy: 0.8222
Epoch: 21 loss: 1.1387 accuracy: 0.5510 val_loss: 0.9252 val_accuracy: 0.8222

Epoch 00021: ReduceLROnPlateau reducing learning rate to 7.999999797903001e-05.
Epoch: 22 loss: 1.1597 accuracy: 0.5435 val_loss: 0.8709 val_accuracy: 0.8222
Epoch: 23 loss: 1.1291 accuracy: 0.5700 val_loss: 0.8735 val_accuracy: 0.8222
Epoch: 24 loss: 1.1315 accuracy: 0.5591 val_loss: 0.8658 val_accuracy: 0.8222
Epoch: 25 loss: 1.1356 accuracy: 0.5537 val_loss: 0.8974 val_accuracy: 0.8222
Epoch: 26 loss: 1.1243 accuracy: 0.5543 val_loss: 0.9387 val_accuracy: 0.8222
Epoch: 27 loss: 1.1267 accuracy: 0.5503 val_loss: 0.9673 val_accuracy: 0.8222
Epoch: 28 loss: 1.1100 accuracy: 0.5435 val_loss: 0.9620 val_accuracy: 0.8222
Epoch: 29 loss: 1.0897 accuracy: 0.5883 val_loss: 0.8574 val_accuracy: 0.8222
Epoch: 30 loss: 1.1178 accuracy: 0.5645 val_loss: 0.9356 val_accuracy: 0.8222
Epoch: 31 loss: 1.1312 accuracy: 0.5428 val_loss: 0.9100 val_accuracy: 0.8222
Epoch: 32 loss: 1.1115 accuracy: 0.5707 val_loss: 0.9763 val_accuracy: 0.8222
Epoch: 33 loss: 1.1166 accuracy: 0.5550 val_loss: 0.9193 val_accuracy: 0.8222
Epoch: 34 loss: 1.1060 accuracy: 0.5564 val_loss: 0.8450 val_accuracy: 0.8222
Epoch: 35 loss: 1.1072 accuracy: 0.5550 val_loss: 0.8539 val_accuracy: 0.8222
Epoch: 36 loss: 1.1275 accuracy: 0.5312 val_loss: 0.8803 val_accuracy: 0.8222
Epoch: 37 loss: 1.0746 accuracy: 0.5774 val_loss: 0.8443 val_accuracy: 0.8222
Epoch: 38 loss: 1.1006 accuracy: 0.5693 val_loss: 0.8459 val_accuracy: 0.8222
Epoch: 39 loss: 1.0975 accuracy: 0.5679 val_loss: 0.8389 val_accuracy: 0.8222
Epoch: 40 loss: 1.1051 accuracy: 0.5469 val_loss: 0.8502 val_accuracy: 0.8222
Epoch: 41 loss: 1.1046 accuracy: 0.5421 val_loss: 0.9564 val_accuracy: 0.8222
Epoch: 42 loss: 1.0876 accuracy: 0.5530 val_loss: 0.9251 val_accuracy: 0.8222
Epoch: 43 loss: 1.0875 accuracy: 0.5645 val_loss: 0.8360 val_accuracy: 0.8222
Epoch: 44 loss: 1.1015 accuracy: 0.5401 val_loss: 0.8340 val_accuracy: 0.8222
Epoch: 45 loss: 1.0798 accuracy: 0.5516 val_loss: 0.8415 val_accuracy: 0.8222
Epoch: 46 loss: 1.0571 accuracy: 0.5774 val_loss: 0.8513 val_accuracy: 0.8222
Epoch: 47 loss: 1.0581 accuracy: 0.5808 val_loss: 0.8777 val_accuracy: 0.8222
Epoch: 48 loss: 1.0840 accuracy: 0.5469 val_loss: 0.8508 val_accuracy: 0.8222
Epoch: 49 loss: 1.0591 accuracy: 0.5815 val_loss: 0.8696 val_accuracy: 0.8222

Epoch 00049: ReduceLROnPlateau reducing learning rate to 6.399999838322402e-05.
Epoch: 50 loss: 1.0607 accuracy: 0.5666 val_loss: 0.8507 val_accuracy: 0.8222
Epoch: 51 loss: 1.0914 accuracy: 0.5584 val_loss: 0.8355 val_accuracy: 0.8222
Epoch: 52 loss: 1.0622 accuracy: 0.5679 val_loss: 0.8300 val_accuracy: 0.8222
Epoch: 53 loss: 1.0719 accuracy: 0.5679 val_loss: 0.8620 val_accuracy: 0.8222
Epoch: 54 loss: 1.0866 accuracy: 0.5598 val_loss: 0.8467 val_accuracy: 0.8222
Epoch: 55 loss: 1.0520 accuracy: 0.5836 val_loss: 0.8368 val_accuracy: 0.8222
Epoch: 56 loss: 1.0627 accuracy: 0.5503 val_loss: 0.8476 val_accuracy: 0.8222
Epoch: 57 loss: 1.0723 accuracy: 0.5618 val_loss: 0.8381 val_accuracy: 0.8222

Epoch 00057: ReduceLROnPlateau reducing learning rate to 5.119999987073243e-05.
Epoch: 58 loss: 1.0650 accuracy: 0.5645 val_loss: 0.8247 val_accuracy: 0.8222
Epoch: 59 loss: 1.0705 accuracy: 0.5611 val_loss: 0.8435 val_accuracy: 0.8222
Epoch: 60 loss: 1.0634 accuracy: 0.5652 val_loss: 0.8372 val_accuracy: 0.8222
Epoch: 61 loss: 1.0583 accuracy: 0.5768 val_loss: 0.8485 val_accuracy: 0.8222
Epoch: 62 loss: 1.0616 accuracy: 0.5639 val_loss: 0.8204 val_accuracy: 0.8222
Epoch: 63 loss: 1.0523 accuracy: 0.5707 val_loss: 0.8494 val_accuracy: 0.8222
Epoch: 64 loss: 1.0545 accuracy: 0.5734 val_loss: 0.8935 val_accuracy: 0.8222
Epoch: 65 loss: 1.0661 accuracy: 0.5557 val_loss: 0.9194 val_accuracy: 0.8222
Epoch: 66 loss: 1.0531 accuracy: 0.5679 val_loss: 0.8811 val_accuracy: 0.8222
Epoch: 67 loss: 1.0358 accuracy: 0.5774 val_loss: 0.8978 val_accuracy: 0.8222

Epoch 00067: ReduceLROnPlateau reducing learning rate to 4.0960000478662555e-05.
Epoch: 68 loss: 1.0493 accuracy: 0.5761 val_loss: 0.8755 val_accuracy: 0.8222
Epoch: 69 loss: 1.0570 accuracy: 0.5700 val_loss: 0.8570 val_accuracy: 0.8222
Epoch: 70 loss: 1.0435 accuracy: 0.5788 val_loss: 0.8267 val_accuracy: 0.8222
Epoch: 71 loss: 1.0406 accuracy: 0.5747 val_loss: 0.8510 val_accuracy: 0.8222
Epoch: 72 loss: 1.0481 accuracy: 0.5625 val_loss: 0.8521 val_accuracy: 0.8222

Epoch 00072: ReduceLROnPlateau reducing learning rate to 3.2767999800853435e-05.
End of augmented training
Finish
Job ended!
