Fri 03 May 2024 10:13:35 AM EDT
Python 3.9.7
nvcc: NVIDIA (R) Cuda compiler driver
Copyright (c) 2005-2019 NVIDIA Corporation
Built on Sun_Jul_28_19:07:16_PDT_2019
Cuda compilation tools, release 10.1, V10.1.243
My SLURM_ARRAY_TASK_ID: 
DB: ['ISIC2016', 'ISIC2019', 'ISIC2020']
IMG_SIZE: [384, 384]
CLASSIFIER: EfficientNetB2
JOB_INDEX: None
Start training augmented images
Combining...
Combining 1th db out of 3 dbs
Combining 2th db out of 3 dbs
Combining 3th db out of 3 dbs
Stacking data
Combining complete
Model: "sequential"
_________________________________________________________________
Layer (type)                 Output Shape              Param #   
=================================================================
efficientnetb2 (Functional)  (None, 1408)              7768569   
_________________________________________________________________
dense (Dense)                (None, 512)               721408    
_________________________________________________________________
dropout (Dropout)            (None, 512)               0         
_________________________________________________________________
batch_normalization (BatchNo (None, 512)               2048      
_________________________________________________________________
dense_1 (Dense)              (None, 256)               131328    
_________________________________________________________________
batch_normalization_1 (Batch (None, 256)               1024      
_________________________________________________________________
dense_2 (Dense)              (None, 2)                 514       
=================================================================
Total params: 8,624,891
Trainable params: 854,786
Non-trainable params: 7,770,105
_________________________________________________________________
Fitting ISIC2016+ISIC2019+ISIC2020_aug_EfficientNetB2_384h_384w_None model...
model_name: ISIC2016+ISIC2019+ISIC2020_aug_EfficientNetB2_384h_384w_None
Epoch: 1 loss: 1.0950 accuracy: 0.6381 val_loss: 0.9116 val_accuracy: 0.9108
Epoch: 2 loss: 0.9478 accuracy: 0.6998 val_loss: 0.7012 val_accuracy: 0.9108
Epoch: 3 loss: 0.8688 accuracy: 0.7191 val_loss: 0.5921 val_accuracy: 0.9108
Epoch: 4 loss: 0.8059 accuracy: 0.7221 val_loss: 0.5383 val_accuracy: 0.9108
Epoch: 5 loss: 0.7390 accuracy: 0.7287 val_loss: 0.5057 val_accuracy: 0.9108
Epoch: 6 loss: 0.6895 accuracy: 0.7310 val_loss: 0.4760 val_accuracy: 0.9108
Epoch: 7 loss: 0.6603 accuracy: 0.7263 val_loss: 0.5084 val_accuracy: 0.9108
Epoch: 8 loss: 0.6363 accuracy: 0.7290 val_loss: 0.3655 val_accuracy: 0.9108
Epoch: 9 loss: 0.6257 accuracy: 0.7268 val_loss: 0.3822 val_accuracy: 0.9108
Epoch: 10 loss: 0.6173 accuracy: 0.7277 val_loss: 0.4073 val_accuracy: 0.9108
Epoch: 11 loss: 0.6100 accuracy: 0.7295 val_loss: 0.4179 val_accuracy: 0.9108
Epoch: 12 loss: 0.6101 accuracy: 0.7263 val_loss: 0.4402 val_accuracy: 0.9108
Epoch: 13 loss: 0.6051 accuracy: 0.7269 val_loss: 0.4148 val_accuracy: 0.9108

Epoch 00013: ReduceLROnPlateau reducing learning rate to 7.999999797903001e-05.
Epoch: 14 loss: 0.5997 accuracy: 0.7295 val_loss: 0.4201 val_accuracy: 0.9108
Epoch: 15 loss: 0.5978 accuracy: 0.7297 val_loss: 0.3886 val_accuracy: 0.9108
Epoch: 16 loss: 0.6011 accuracy: 0.7243 val_loss: 0.4054 val_accuracy: 0.9108
Epoch: 17 loss: 0.5960 accuracy: 0.7285 val_loss: 0.4110 val_accuracy: 0.9108
Epoch: 18 loss: 0.5963 accuracy: 0.7268 val_loss: 0.4123 val_accuracy: 0.9108

Epoch 00018: ReduceLROnPlateau reducing learning rate to 6.399999838322402e-05.
End of augmented training
Finish
Job ended!
