Tue 27 Feb 2024 07:09:44 AM EST
Python 3.9.7
nvcc: NVIDIA (R) Cuda compiler driver
Copyright (c) 2005-2019 NVIDIA Corporation
Built on Sun_Jul_28_19:07:16_PDT_2019
Cuda compilation tools, release 10.1, V10.1.243
My SLURM_ARRAY_TASK_ID: 
DB: ['ISIC2016', 'ISIC2017', 'ISIC2018', 'ISIC2019', '_7_point_criteria', 'PAD_UFES_20']
IMG_SIZE: [150, 150]
CLASSIFIER: EfficientNetB2
SELF_AUG: 1
JOB_INDEX: None
Combining...
Combining 1 db out of 6 dbs
Combining 2 db out of 6 dbs
Combining 3 db out of 6 dbs
Combining 4 db out of 6 dbs
Combining 5 db out of 6 dbs
Combining 6 db out of 6 dbs
Stacking training images
Stacking training labels
Stacking validation images
Stacking validation labels
Model: "sequential"
_________________________________________________________________
Layer (type)                 Output Shape              Param #   
=================================================================
efficientnetb2 (Functional)  (None, 1408)              7768569   
_________________________________________________________________
dense (Dense)                (None, 512)               721408    
_________________________________________________________________
dropout (Dropout)            (None, 512)               0         
_________________________________________________________________
batch_normalization (BatchNo (None, 512)               2048      
_________________________________________________________________
dense_1 (Dense)              (None, 256)               131328    
_________________________________________________________________
dropout_1 (Dropout)          (None, 256)               0         
_________________________________________________________________
batch_normalization_1 (Batch (None, 256)               1024      
_________________________________________________________________
dense_2 (Dense)              (None, 2)                 514       
=================================================================
Total params: 8,624,891
Trainable params: 854,786
Non-trainable params: 7,770,105
_________________________________________________________________
Fitting ISIC2016+ISIC2017+ISIC2018+ISIC2019+_7_point_criteria+PAD_UFES_20_aug_EfficientNetB2_150h_150w_None model...
model_name: ISIC2016+ISIC2017+ISIC2018+ISIC2019+_7_point_criteria+PAD_UFES_20_aug_EfficientNetB2_150h_150w_None
Epoch: 1 loss: 0.6400 accuracy: 0.6568 val_loss: 0.5972 val_accuracy: 0.8367
Epoch: 2 loss: 0.6245 accuracy: 0.6637 val_loss: 0.4653 val_accuracy: 0.8367
Epoch: 3 loss: 0.6197 accuracy: 0.6636 val_loss: 0.4882 val_accuracy: 0.8367
Epoch: 4 loss: 0.6170 accuracy: 0.6631 val_loss: 0.4963 val_accuracy: 0.8367
Epoch: 5 loss: 0.6154 accuracy: 0.6636 val_loss: 0.5216 val_accuracy: 0.8367
Epoch: 6 loss: 0.6166 accuracy: 0.6637 val_loss: 0.5208 val_accuracy: 0.8367
Epoch: 7 loss: 0.6143 accuracy: 0.6635 val_loss: 0.5209 val_accuracy: 0.8367
Epoch: 8 loss: 0.6138 accuracy: 0.6639 val_loss: 0.5336 val_accuracy: 0.8367
Epoch: 9 loss: 0.6132 accuracy: 0.6637 val_loss: 0.5548 val_accuracy: 0.8367
Epoch: 10 loss: 0.6130 accuracy: 0.6638 val_loss: 0.5522 val_accuracy: 0.8367
Epoch: 11 loss: 0.6120 accuracy: 0.6638 val_loss: 0.5369 val_accuracy: 0.8367
Epoch: 12 loss: 0.6127 accuracy: 0.6639 val_loss: 0.5633 val_accuracy: 0.8367
Epoch: 13 loss: 0.6117 accuracy: 0.6639 val_loss: 0.5235 val_accuracy: 0.8367
Epoch: 14 loss: 0.6114 accuracy: 0.6639 val_loss: 0.5192 val_accuracy: 0.8367
Epoch: 15 loss: 0.6113 accuracy: 0.6637 val_loss: 0.4964 val_accuracy: 0.8367
Epoch: 16 loss: 0.6098 accuracy: 0.6639 val_loss: 0.5220 val_accuracy: 0.8367
Epoch: 17 loss: 0.6112 accuracy: 0.6639 val_loss: 0.5080 val_accuracy: 0.8367
Epoch: 18 loss: 0.6113 accuracy: 0.6637 val_loss: 0.5435 val_accuracy: 0.8367
Epoch: 19 loss: 0.6112 accuracy: 0.6637 val_loss: 0.5393 val_accuracy: 0.8367
Epoch: 20 loss: 0.6105 accuracy: 0.6637 val_loss: 0.5332 val_accuracy: 0.8367
Job ended!
