Fri 01 Mar 2024 04:19:35 AM EST
Python 3.9.7
nvcc: NVIDIA (R) Cuda compiler driver
Copyright (c) 2005-2019 NVIDIA Corporation
Built on Sun_Jul_28_19:07:16_PDT_2019
Cuda compilation tools, release 10.1, V10.1.243
My SLURM_ARRAY_TASK_ID: 
DB: ['ISIC2016', 'ISIC2017', 'ISIC2018', 'ISIC2019', 'ISIC2020', 'PAD_UFES_20', 'MEDNODE']
IMG_SIZE: [150, 150]
CLASSIFIER: EfficientNetB2
SELF_AUG: 1
JOB_INDEX: None
Combining...
Combining 1 db out of 7 dbs
Combining 2 db out of 7 dbs
Combining 3 db out of 7 dbs
Combining 4 db out of 7 dbs
Combining 5 db out of 7 dbs
Combining 6 db out of 7 dbs
Combining 7 db out of 7 dbs
Stacking training images
Stacking training labels
Stacking validation images
Stacking validation labels
Model: "sequential"
_________________________________________________________________
Layer (type)                 Output Shape              Param #   
=================================================================
efficientnetb2 (Functional)  (None, 1408)              7768569   
_________________________________________________________________
dense (Dense)                (None, 512)               721408    
_________________________________________________________________
dropout (Dropout)            (None, 512)               0         
_________________________________________________________________
batch_normalization (BatchNo (None, 512)               2048      
_________________________________________________________________
dense_1 (Dense)              (None, 256)               131328    
_________________________________________________________________
dropout_1 (Dropout)          (None, 256)               0         
_________________________________________________________________
batch_normalization_1 (Batch (None, 256)               1024      
_________________________________________________________________
dense_2 (Dense)              (None, 2)                 514       
=================================================================
Total params: 8,624,891
Trainable params: 854,786
Non-trainable params: 7,770,105
_________________________________________________________________
Fitting ISIC2016+ISIC2017+ISIC2018+ISIC2019+ISIC2020+PAD_UFES_20+MEDNODE_aug_EfficientNetB2_150h_150w_None model...
model_name: ISIC2016+ISIC2017+ISIC2018+ISIC2019+ISIC2020+PAD_UFES_20+MEDNODE_aug_EfficientNetB2_150h_150w_None
Epoch: 1 loss: 0.4670 accuracy: 0.7877 val_loss: 0.2113 val_accuracy: 0.9208
Epoch: 2 loss: 0.3834 accuracy: 0.8214 val_loss: 0.2016 val_accuracy: 0.9249
Epoch: 3 loss: 0.3634 accuracy: 0.8322 val_loss: 0.1998 val_accuracy: 0.9283
Epoch: 4 loss: 0.3519 accuracy: 0.8381 val_loss: 0.1861 val_accuracy: 0.9312
Epoch: 5 loss: 0.3451 accuracy: 0.8416 val_loss: 0.1832 val_accuracy: 0.9332
Epoch: 6 loss: 0.3369 accuracy: 0.8462 val_loss: 0.1813 val_accuracy: 0.9326
Epoch: 7 loss: 0.3294 accuracy: 0.8500 val_loss: 0.1862 val_accuracy: 0.9322
Epoch: 8 loss: 0.3250 accuracy: 0.8514 val_loss: 0.1790 val_accuracy: 0.9338
Epoch: 9 loss: 0.3205 accuracy: 0.8536 val_loss: 0.1734 val_accuracy: 0.9360
Epoch: 10 loss: 0.3171 accuracy: 0.8556 val_loss: 0.1715 val_accuracy: 0.9378
Epoch: 11 loss: 0.3107 accuracy: 0.8578 val_loss: 0.1726 val_accuracy: 0.9376
Epoch: 12 loss: 0.3092 accuracy: 0.8586 val_loss: 0.1722 val_accuracy: 0.9368
Epoch: 13 loss: 0.3024 accuracy: 0.8619 val_loss: 0.1726 val_accuracy: 0.9371
Epoch: 14 loss: 0.2991 accuracy: 0.8643 val_loss: 0.1743 val_accuracy: 0.9382
Epoch: 15 loss: 0.2953 accuracy: 0.8663 val_loss: 0.1715 val_accuracy: 0.9389
Epoch: 16 loss: 0.2903 accuracy: 0.8690 val_loss: 0.1677 val_accuracy: 0.9389
Epoch: 17 loss: 0.2875 accuracy: 0.8704 val_loss: 0.1704 val_accuracy: 0.9396
Epoch: 18 loss: 0.2855 accuracy: 0.8709 val_loss: 0.1707 val_accuracy: 0.9371
Epoch: 19 loss: 0.2818 accuracy: 0.8721 val_loss: 0.1647 val_accuracy: 0.9411
Epoch: 20 loss: 0.2787 accuracy: 0.8748 val_loss: 0.1685 val_accuracy: 0.9400
Job ended!
