Fri 01 Mar 2024 05:14:02 AM EST
Python 3.9.7
nvcc: NVIDIA (R) Cuda compiler driver
Copyright (c) 2005-2019 NVIDIA Corporation
Built on Sun_Jul_28_19:07:16_PDT_2019
Cuda compilation tools, release 10.1, V10.1.243
My SLURM_ARRAY_TASK_ID: 
DB: ['ISIC2016', 'ISIC2020', 'PH2', '_7_point_criteria']
IMG_SIZE: [150, 150]
CLASSIFIER: EfficientNetB2
SELF_AUG: 1
JOB_INDEX: None
Combining...
Combining 1 db out of 4 dbs
Combining 2 db out of 4 dbs
Combining 3 db out of 4 dbs
Combining 4 db out of 4 dbs
Stacking training images
Stacking training labels
Stacking validation images
Stacking validation labels
Model: "sequential"
_________________________________________________________________
Layer (type)                 Output Shape              Param #   
=================================================================
efficientnetb2 (Functional)  (None, 1408)              7768569   
_________________________________________________________________
dense (Dense)                (None, 512)               721408    
_________________________________________________________________
dropout (Dropout)            (None, 512)               0         
_________________________________________________________________
batch_normalization (BatchNo (None, 512)               2048      
_________________________________________________________________
dense_1 (Dense)              (None, 256)               131328    
_________________________________________________________________
dropout_1 (Dropout)          (None, 256)               0         
_________________________________________________________________
batch_normalization_1 (Batch (None, 256)               1024      
_________________________________________________________________
dense_2 (Dense)              (None, 2)                 514       
=================================================================
Total params: 8,624,891
Trainable params: 854,786
Non-trainable params: 7,770,105
_________________________________________________________________
Fitting ISIC2016+ISIC2020+PH2+_7_point_criteria_aug_EfficientNetB2_150h_150w_None model...
model_name: ISIC2016+ISIC2020+PH2+_7_point_criteria_aug_EfficientNetB2_150h_150w_None
Epoch: 1 loss: 0.4646 accuracy: 0.8033 val_loss: 0.1083 val_accuracy: 0.9712
Epoch: 2 loss: 0.3216 accuracy: 0.8590 val_loss: 0.0987 val_accuracy: 0.9720
Epoch: 3 loss: 0.2891 accuracy: 0.8695 val_loss: 0.0941 val_accuracy: 0.9722
Epoch: 4 loss: 0.2732 accuracy: 0.8756 val_loss: 0.0964 val_accuracy: 0.9725
Epoch: 5 loss: 0.2654 accuracy: 0.8806 val_loss: 0.0947 val_accuracy: 0.9718
Epoch: 6 loss: 0.2554 accuracy: 0.8842 val_loss: 0.0928 val_accuracy: 0.9735
Epoch: 7 loss: 0.2504 accuracy: 0.8876 val_loss: 0.0949 val_accuracy: 0.9720
Epoch: 8 loss: 0.2454 accuracy: 0.8899 val_loss: 0.0929 val_accuracy: 0.9713
Epoch: 9 loss: 0.2378 accuracy: 0.8943 val_loss: 0.0939 val_accuracy: 0.9725
Epoch: 10 loss: 0.2356 accuracy: 0.8951 val_loss: 0.0967 val_accuracy: 0.9725
Epoch: 11 loss: 0.2329 accuracy: 0.8971 val_loss: 0.0969 val_accuracy: 0.9710
Epoch: 12 loss: 0.2273 accuracy: 0.8994 val_loss: 0.0993 val_accuracy: 0.9709
Epoch: 13 loss: 0.2255 accuracy: 0.8995 val_loss: 0.0973 val_accuracy: 0.9720
Epoch: 14 loss: 0.2201 accuracy: 0.9027 val_loss: 0.0999 val_accuracy: 0.9713
Epoch: 15 loss: 0.2176 accuracy: 0.9029 val_loss: 0.1012 val_accuracy: 0.9715
Epoch: 16 loss: 0.2146 accuracy: 0.9060 val_loss: 0.1034 val_accuracy: 0.9719
Epoch: 17 loss: 0.2112 accuracy: 0.9064 val_loss: 0.1043 val_accuracy: 0.9718
Epoch: 18 loss: 0.2090 accuracy: 0.9077 val_loss: 0.1051 val_accuracy: 0.9708
Epoch: 19 loss: 0.2058 accuracy: 0.9097 val_loss: 0.1045 val_accuracy: 0.9718
Epoch: 20 loss: 0.2026 accuracy: 0.9099 val_loss: 0.1092 val_accuracy: 0.9715
Job ended!
