Fri 03 May 2024 11:18:50 AM EDT
Python 3.9.7
nvcc: NVIDIA (R) Cuda compiler driver
Copyright (c) 2005-2019 NVIDIA Corporation
Built on Sun_Jul_28_19:07:16_PDT_2019
Cuda compilation tools, release 10.1, V10.1.243
My SLURM_ARRAY_TASK_ID: 
DB: ['ISIC2016', 'PH2', '_7_point_criteria', 'PAD_UFES_20']
IMG_SIZE: [384, 384]
CLASSIFIER: EfficientNetB2
JOB_INDEX: None
Start training augmented images
Combining...
Combining 1th db out of 4 dbs
Combining 2th db out of 4 dbs
Combining 3th db out of 4 dbs
Combining 4th db out of 4 dbs
Stacking data
Combining complete
Model: "sequential"
_________________________________________________________________
Layer (type)                 Output Shape              Param #   
=================================================================
efficientnetb2 (Functional)  (None, 1408)              7768569   
_________________________________________________________________
dense (Dense)                (None, 512)               721408    
_________________________________________________________________
dropout (Dropout)            (None, 512)               0         
_________________________________________________________________
batch_normalization (BatchNo (None, 512)               2048      
_________________________________________________________________
dense_1 (Dense)              (None, 256)               131328    
_________________________________________________________________
batch_normalization_1 (Batch (None, 256)               1024      
_________________________________________________________________
dense_2 (Dense)              (None, 2)                 514       
=================================================================
Total params: 8,624,891
Trainable params: 854,786
Non-trainable params: 7,770,105
_________________________________________________________________
Fitting ISIC2016+PH2+_7_point_criteria+PAD_UFES_20_aug_EfficientNetB2_384h_384w_None model...
model_name: ISIC2016+PH2+_7_point_criteria+PAD_UFES_20_aug_EfficientNetB2_384h_384w_None
Epoch: 1 loss: 1.4259 accuracy: 0.5244 val_loss: 1.1132 val_accuracy: 0.8766
Epoch: 2 loss: 1.2779 accuracy: 0.5426 val_loss: 1.0251 val_accuracy: 0.8766
Epoch: 3 loss: 1.1911 accuracy: 0.5743 val_loss: 0.9818 val_accuracy: 0.8766
Epoch: 4 loss: 1.1663 accuracy: 0.5869 val_loss: 0.9075 val_accuracy: 0.8766
Epoch: 5 loss: 1.1020 accuracy: 0.6169 val_loss: 0.8767 val_accuracy: 0.8766
Epoch: 6 loss: 1.0741 accuracy: 0.6494 val_loss: 0.8376 val_accuracy: 0.8766
Epoch: 7 loss: 1.0696 accuracy: 0.6533 val_loss: 0.8840 val_accuracy: 0.8766
Epoch: 8 loss: 1.0282 accuracy: 0.6751 val_loss: 0.8655 val_accuracy: 0.8766
Epoch: 9 loss: 1.0258 accuracy: 0.6804 val_loss: 0.8295 val_accuracy: 0.8766
Epoch: 10 loss: 1.0180 accuracy: 0.6866 val_loss: 1.0753 val_accuracy: 0.1269
Epoch: 11 loss: 1.0121 accuracy: 0.6903 val_loss: 0.8824 val_accuracy: 0.8766
Epoch: 12 loss: 1.0176 accuracy: 0.6862 val_loss: 0.8631 val_accuracy: 0.8766
Epoch: 13 loss: 1.0082 accuracy: 0.6924 val_loss: 0.7443 val_accuracy: 0.8766
Epoch: 14 loss: 0.9898 accuracy: 0.6943 val_loss: 0.7694 val_accuracy: 0.8766
Epoch: 15 loss: 0.9990 accuracy: 0.6884 val_loss: 0.7765 val_accuracy: 0.8766
Epoch: 16 loss: 0.9788 accuracy: 0.6956 val_loss: 0.8859 val_accuracy: 0.8766
Epoch: 17 loss: 0.9833 accuracy: 0.6924 val_loss: 0.7838 val_accuracy: 0.8766
Epoch: 18 loss: 0.9781 accuracy: 0.6965 val_loss: 0.7736 val_accuracy: 0.8766

Epoch 00018: ReduceLROnPlateau reducing learning rate to 7.999999797903001e-05.
Epoch: 19 loss: 0.9606 accuracy: 0.7040 val_loss: 0.7850 val_accuracy: 0.8766
Epoch: 20 loss: 0.9645 accuracy: 0.7001 val_loss: 0.7088 val_accuracy: 0.8766
Epoch: 21 loss: 0.9394 accuracy: 0.7183 val_loss: 0.7062 val_accuracy: 0.8766
Epoch: 22 loss: 0.9392 accuracy: 0.7207 val_loss: 0.7371 val_accuracy: 0.8766
Epoch: 23 loss: 0.9472 accuracy: 0.7143 val_loss: 0.7264 val_accuracy: 0.8766
Epoch: 24 loss: 0.9326 accuracy: 0.7215 val_loss: 0.7943 val_accuracy: 0.8766
Epoch: 25 loss: 0.9346 accuracy: 0.7190 val_loss: 0.7434 val_accuracy: 0.8766
Epoch: 26 loss: 0.9236 accuracy: 0.7202 val_loss: 0.6962 val_accuracy: 0.8766
Epoch: 27 loss: 0.9242 accuracy: 0.7160 val_loss: 0.7527 val_accuracy: 0.8766
Epoch: 28 loss: 0.9199 accuracy: 0.7198 val_loss: 0.7897 val_accuracy: 0.8766
Epoch: 29 loss: 0.9196 accuracy: 0.7166 val_loss: 0.8011 val_accuracy: 0.8766
Epoch: 30 loss: 0.9110 accuracy: 0.7247 val_loss: 0.7555 val_accuracy: 0.8766
Epoch: 31 loss: 0.9168 accuracy: 0.7110 val_loss: 0.6996 val_accuracy: 0.8766

Epoch 00031: ReduceLROnPlateau reducing learning rate to 6.399999838322402e-05.
Epoch: 32 loss: 0.9077 accuracy: 0.7247 val_loss: 0.7063 val_accuracy: 0.8766
Epoch: 33 loss: 0.8998 accuracy: 0.7196 val_loss: 0.7365 val_accuracy: 0.8766
Epoch: 34 loss: 0.9066 accuracy: 0.7177 val_loss: 0.7424 val_accuracy: 0.8766
Epoch: 35 loss: 0.8853 accuracy: 0.7277 val_loss: 0.7130 val_accuracy: 0.8766
Epoch: 36 loss: 0.8927 accuracy: 0.7226 val_loss: 0.7547 val_accuracy: 0.8766

Epoch 00036: ReduceLROnPlateau reducing learning rate to 5.119999987073243e-05.
End of augmented training
Finish
Job ended!
