Fri 01 Mar 2024 05:24:53 AM EST
Python 3.9.7
nvcc: NVIDIA (R) Cuda compiler driver
Copyright (c) 2005-2019 NVIDIA Corporation
Built on Sun_Jul_28_19:07:16_PDT_2019
Cuda compilation tools, release 10.1, V10.1.243
My SLURM_ARRAY_TASK_ID: 
DB: ['ISIC2016', 'PAD_UFES_20', 'MEDNODE', 'KaggleMB']
IMG_SIZE: [150, 150]
CLASSIFIER: EfficientNetB2
SELF_AUG: 1
JOB_INDEX: None
Combining...
Combining 1 db out of 4 dbs
Combining 2 db out of 4 dbs
Combining 3 db out of 4 dbs
Combining 4 db out of 4 dbs
Stacking training images
Stacking training labels
Stacking validation images
Stacking validation labels
Model: "sequential"
_________________________________________________________________
Layer (type)                 Output Shape              Param #   
=================================================================
efficientnetb2 (Functional)  (None, 1408)              7768569   
_________________________________________________________________
dense (Dense)                (None, 512)               721408    
_________________________________________________________________
dropout (Dropout)            (None, 512)               0         
_________________________________________________________________
batch_normalization (BatchNo (None, 512)               2048      
_________________________________________________________________
dense_1 (Dense)              (None, 256)               131328    
_________________________________________________________________
dropout_1 (Dropout)          (None, 256)               0         
_________________________________________________________________
batch_normalization_1 (Batch (None, 256)               1024      
_________________________________________________________________
dense_2 (Dense)              (None, 2)                 514       
=================================================================
Total params: 8,624,891
Trainable params: 854,786
Non-trainable params: 7,770,105
_________________________________________________________________
Fitting ISIC2016+PAD_UFES_20+MEDNODE+KaggleMB_aug_EfficientNetB2_150h_150w_None model...
model_name: ISIC2016+PAD_UFES_20+MEDNODE+KaggleMB_aug_EfficientNetB2_150h_150w_None
Epoch: 1 loss: 0.6791 accuracy: 0.6845 val_loss: 0.4077 val_accuracy: 0.8203
Epoch: 2 loss: 0.5214 accuracy: 0.7651 val_loss: 0.3938 val_accuracy: 0.8195
Epoch: 3 loss: 0.4652 accuracy: 0.7952 val_loss: 0.3516 val_accuracy: 0.8511
Epoch: 4 loss: 0.4223 accuracy: 0.8088 val_loss: 0.3546 val_accuracy: 0.8478
Epoch: 5 loss: 0.3924 accuracy: 0.8258 val_loss: 0.3511 val_accuracy: 0.8444
Epoch: 6 loss: 0.3775 accuracy: 0.8371 val_loss: 0.3443 val_accuracy: 0.8461
Epoch: 7 loss: 0.3614 accuracy: 0.8442 val_loss: 0.3395 val_accuracy: 0.8494
Epoch: 8 loss: 0.3548 accuracy: 0.8441 val_loss: 0.3527 val_accuracy: 0.8569
Epoch: 9 loss: 0.3281 accuracy: 0.8558 val_loss: 0.3440 val_accuracy: 0.8627
Epoch: 10 loss: 0.3160 accuracy: 0.8692 val_loss: 0.3466 val_accuracy: 0.8561
Epoch: 11 loss: 0.3103 accuracy: 0.8650 val_loss: 0.3446 val_accuracy: 0.8536
Epoch: 12 loss: 0.2983 accuracy: 0.8734 val_loss: 0.3358 val_accuracy: 0.8602
Epoch: 13 loss: 0.2820 accuracy: 0.8820 val_loss: 0.3402 val_accuracy: 0.8710
Epoch: 14 loss: 0.2765 accuracy: 0.8809 val_loss: 0.3493 val_accuracy: 0.8577
Epoch: 15 loss: 0.2651 accuracy: 0.8864 val_loss: 0.3489 val_accuracy: 0.8577
Epoch: 16 loss: 0.2546 accuracy: 0.8941 val_loss: 0.3549 val_accuracy: 0.8552
Epoch: 17 loss: 0.2454 accuracy: 0.8960 val_loss: 0.3572 val_accuracy: 0.8569
Epoch: 18 loss: 0.2374 accuracy: 0.8987 val_loss: 0.3455 val_accuracy: 0.8611
Epoch: 19 loss: 0.2264 accuracy: 0.9060 val_loss: 0.3657 val_accuracy: 0.8577
Epoch: 20 loss: 0.2227 accuracy: 0.9061 val_loss: 0.3608 val_accuracy: 0.8710
Job ended!
