Fri 01 Mar 2024 05:18:30 AM EST
Python 3.9.7
nvcc: NVIDIA (R) Cuda compiler driver
Copyright (c) 2005-2019 NVIDIA Corporation
Built on Sun_Jul_28_19:07:16_PDT_2019
Cuda compilation tools, release 10.1, V10.1.243
My SLURM_ARRAY_TASK_ID: 
DB: ['ISIC2016', 'MEDNODE']
IMG_SIZE: [150, 150]
CLASSIFIER: EfficientNetB2
SELF_AUG: 1
JOB_INDEX: None
Combining...
Combining 1 db out of 2 dbs
Combining 2 db out of 2 dbs
Stacking training images
Stacking training labels
Stacking validation images
Stacking validation labels
Model: "sequential"
_________________________________________________________________
Layer (type)                 Output Shape              Param #   
=================================================================
efficientnetb2 (Functional)  (None, 1408)              7768569   
_________________________________________________________________
dense (Dense)                (None, 512)               721408    
_________________________________________________________________
dropout (Dropout)            (None, 512)               0         
_________________________________________________________________
batch_normalization (BatchNo (None, 512)               2048      
_________________________________________________________________
dense_1 (Dense)              (None, 256)               131328    
_________________________________________________________________
dropout_1 (Dropout)          (None, 256)               0         
_________________________________________________________________
batch_normalization_1 (Batch (None, 256)               1024      
_________________________________________________________________
dense_2 (Dense)              (None, 2)                 514       
=================================================================
Total params: 8,624,891
Trainable params: 854,786
Non-trainable params: 7,770,105
_________________________________________________________________
Fitting ISIC2016+MEDNODE_aug_EfficientNetB2_150h_150w_None model...
model_name: ISIC2016+MEDNODE_aug_EfficientNetB2_150h_150w_None
Epoch: 1 loss: 0.7867 accuracy: 0.6601 val_loss: 0.5236 val_accuracy: 0.7710
Epoch: 2 loss: 0.6353 accuracy: 0.7197 val_loss: 0.4898 val_accuracy: 0.7710
Epoch: 3 loss: 0.5880 accuracy: 0.7291 val_loss: 0.4775 val_accuracy: 0.7804
Epoch: 4 loss: 0.5644 accuracy: 0.7436 val_loss: 0.4828 val_accuracy: 0.7804
Epoch: 5 loss: 0.4746 accuracy: 0.7901 val_loss: 0.4744 val_accuracy: 0.7664
Epoch: 6 loss: 0.4708 accuracy: 0.7821 val_loss: 0.4935 val_accuracy: 0.7664
Epoch: 7 loss: 0.4229 accuracy: 0.8076 val_loss: 0.4685 val_accuracy: 0.7710
Epoch: 8 loss: 0.4184 accuracy: 0.8155 val_loss: 0.4683 val_accuracy: 0.7850
Epoch: 9 loss: 0.4248 accuracy: 0.8004 val_loss: 0.4491 val_accuracy: 0.8131
Epoch: 10 loss: 0.3941 accuracy: 0.8134 val_loss: 0.4713 val_accuracy: 0.7710
Epoch: 11 loss: 0.3773 accuracy: 0.8286 val_loss: 0.4586 val_accuracy: 0.7897
Epoch: 12 loss: 0.3476 accuracy: 0.8410 val_loss: 0.4645 val_accuracy: 0.7991
Epoch: 13 loss: 0.3379 accuracy: 0.8511 val_loss: 0.4949 val_accuracy: 0.7991
Epoch: 14 loss: 0.3247 accuracy: 0.8598 val_loss: 0.4845 val_accuracy: 0.8084
Epoch: 15 loss: 0.3182 accuracy: 0.8693 val_loss: 0.4954 val_accuracy: 0.7991
Epoch: 16 loss: 0.3269 accuracy: 0.8671 val_loss: 0.4784 val_accuracy: 0.8037
Epoch: 17 loss: 0.2915 accuracy: 0.8802 val_loss: 0.4815 val_accuracy: 0.8084
Epoch: 18 loss: 0.2756 accuracy: 0.8824 val_loss: 0.4925 val_accuracy: 0.7897
Epoch: 19 loss: 0.2620 accuracy: 0.8940 val_loss: 0.4933 val_accuracy: 0.7991
Epoch: 20 loss: 0.2714 accuracy: 0.8867 val_loss: 0.4870 val_accuracy: 0.8224
Job ended!
