Fri 01 Mar 2024 05:12:11 AM EST
Python 3.9.7
nvcc: NVIDIA (R) Cuda compiler driver
Copyright (c) 2005-2019 NVIDIA Corporation
Built on Sun_Jul_28_19:07:16_PDT_2019
Cuda compilation tools, release 10.1, V10.1.243
My SLURM_ARRAY_TASK_ID: 
DB: ['ISIC2016', 'ISIC2019', 'ISIC2020']
IMG_SIZE: [150, 150]
CLASSIFIER: EfficientNetB2
SELF_AUG: 1
JOB_INDEX: None
Combining...
Combining 1 db out of 3 dbs
Combining 2 db out of 3 dbs
Combining 3 db out of 3 dbs
Stacking training images
Stacking training labels
Stacking validation images
Stacking validation labels
Model: "sequential"
_________________________________________________________________
Layer (type)                 Output Shape              Param #   
=================================================================
efficientnetb2 (Functional)  (None, 1408)              7768569   
_________________________________________________________________
dense (Dense)                (None, 512)               721408    
_________________________________________________________________
dropout (Dropout)            (None, 512)               0         
_________________________________________________________________
batch_normalization (BatchNo (None, 512)               2048      
_________________________________________________________________
dense_1 (Dense)              (None, 256)               131328    
_________________________________________________________________
dropout_1 (Dropout)          (None, 256)               0         
_________________________________________________________________
batch_normalization_1 (Batch (None, 256)               1024      
_________________________________________________________________
dense_2 (Dense)              (None, 2)                 514       
=================================================================
Total params: 8,624,891
Trainable params: 854,786
Non-trainable params: 7,770,105
_________________________________________________________________
Fitting ISIC2016+ISIC2019+ISIC2020_aug_EfficientNetB2_150h_150w_None model...
model_name: ISIC2016+ISIC2019+ISIC2020_aug_EfficientNetB2_150h_150w_None
Epoch: 1 loss: 0.4760 accuracy: 0.7866 val_loss: 0.2002 val_accuracy: 0.9293
Epoch: 2 loss: 0.3878 accuracy: 0.8206 val_loss: 0.1964 val_accuracy: 0.9287
Epoch: 3 loss: 0.3640 accuracy: 0.8308 val_loss: 0.1934 val_accuracy: 0.9305
Epoch: 4 loss: 0.3520 accuracy: 0.8377 val_loss: 0.1903 val_accuracy: 0.9302
Epoch: 5 loss: 0.3435 accuracy: 0.8424 val_loss: 0.1870 val_accuracy: 0.9307
Epoch: 6 loss: 0.3352 accuracy: 0.8449 val_loss: 0.1845 val_accuracy: 0.9339
Epoch: 7 loss: 0.3306 accuracy: 0.8487 val_loss: 0.1826 val_accuracy: 0.9339
Epoch: 8 loss: 0.3248 accuracy: 0.8530 val_loss: 0.1814 val_accuracy: 0.9346
Epoch: 9 loss: 0.3199 accuracy: 0.8534 val_loss: 0.1817 val_accuracy: 0.9337
Epoch: 10 loss: 0.3158 accuracy: 0.8544 val_loss: 0.1823 val_accuracy: 0.9345
Epoch: 11 loss: 0.3096 accuracy: 0.8594 val_loss: 0.1823 val_accuracy: 0.9333
Epoch: 12 loss: 0.3055 accuracy: 0.8612 val_loss: 0.1811 val_accuracy: 0.9362
Epoch: 13 loss: 0.3036 accuracy: 0.8642 val_loss: 0.1818 val_accuracy: 0.9370
Epoch: 14 loss: 0.2989 accuracy: 0.8649 val_loss: 0.1807 val_accuracy: 0.9351
Epoch: 15 loss: 0.2949 accuracy: 0.8658 val_loss: 0.1790 val_accuracy: 0.9354
Epoch: 16 loss: 0.2925 accuracy: 0.8684 val_loss: 0.1810 val_accuracy: 0.9355
Epoch: 17 loss: 0.2911 accuracy: 0.8670 val_loss: 0.1768 val_accuracy: 0.9374
Epoch: 18 loss: 0.2854 accuracy: 0.8726 val_loss: 0.1776 val_accuracy: 0.9360
Epoch: 19 loss: 0.2842 accuracy: 0.8724 val_loss: 0.1776 val_accuracy: 0.9367
Epoch: 20 loss: 0.2797 accuracy: 0.8744 val_loss: 0.1784 val_accuracy: 0.9374
Job ended!
