Fri 03 May 2024 06:40:13 AM EDT
Python 3.9.7
nvcc: NVIDIA (R) Cuda compiler driver
Copyright (c) 2005-2019 NVIDIA Corporation
Built on Sun_Jul_28_19:07:16_PDT_2019
Cuda compilation tools, release 10.1, V10.1.243
My SLURM_ARRAY_TASK_ID: 
DB: ['ISIC2016', 'ISIC2017', 'ISIC2018', 'ISIC2019', 'ISIC2020', 'PH2', '_7_point_criteria']
IMG_SIZE: [384, 384]
CLASSIFIER: EfficientNetB2
JOB_INDEX: None
Start training augmented images
Combining...
Combining 1th db out of 7 dbs
Combining 2th db out of 7 dbs
Combining 3th db out of 7 dbs
Combining 4th db out of 7 dbs
Combining 5th db out of 7 dbs
Combining 6th db out of 7 dbs
Combining 7th db out of 7 dbs
Stacking data
Combining complete
Model: "sequential"
_________________________________________________________________
Layer (type)                 Output Shape              Param #   
=================================================================
efficientnetb2 (Functional)  (None, 1408)              7768569   
_________________________________________________________________
dense (Dense)                (None, 512)               721408    
_________________________________________________________________
dropout (Dropout)            (None, 512)               0         
_________________________________________________________________
batch_normalization (BatchNo (None, 512)               2048      
_________________________________________________________________
dense_1 (Dense)              (None, 256)               131328    
_________________________________________________________________
batch_normalization_1 (Batch (None, 256)               1024      
_________________________________________________________________
dense_2 (Dense)              (None, 2)                 514       
=================================================================
Total params: 8,624,891
Trainable params: 854,786
Non-trainable params: 7,770,105
_________________________________________________________________
Fitting ISIC2016+ISIC2017+ISIC2018+ISIC2019+ISIC2020+PH2+_7_point_criteria_aug_EfficientNetB2_384h_384w_None model...
model_name: ISIC2016+ISIC2017+ISIC2018+ISIC2019+ISIC2020+PH2+_7_point_criteria_aug_EfficientNetB2_384h_384w_None
Epoch: 1 loss: 1.0812 accuracy: 0.6472 val_loss: 0.9119 val_accuracy: 0.9057
Epoch: 2 loss: 0.9256 accuracy: 0.7064 val_loss: 0.7710 val_accuracy: 0.9057
Epoch: 3 loss: 0.8391 accuracy: 0.7171 val_loss: 0.5072 val_accuracy: 0.9057
Epoch: 4 loss: 0.7585 accuracy: 0.7233 val_loss: 0.4812 val_accuracy: 0.9057
Epoch: 5 loss: 0.6972 accuracy: 0.7232 val_loss: 0.4930 val_accuracy: 0.9057
Epoch: 6 loss: 0.6573 accuracy: 0.7230 val_loss: 0.7188 val_accuracy: 0.9057
Epoch: 7 loss: 0.6346 accuracy: 0.7228 val_loss: 0.4506 val_accuracy: 0.9057
Epoch: 8 loss: 0.6220 accuracy: 0.7227 val_loss: 0.4214 val_accuracy: 0.9057
Epoch: 9 loss: 0.6152 accuracy: 0.7230 val_loss: 0.3743 val_accuracy: 0.9057
Epoch: 10 loss: 0.6084 accuracy: 0.7244 val_loss: 0.4854 val_accuracy: 0.9057
Epoch: 11 loss: 0.6098 accuracy: 0.7206 val_loss: 0.5111 val_accuracy: 0.9057
Epoch: 12 loss: 0.6064 accuracy: 0.7212 val_loss: 0.4112 val_accuracy: 0.9057
Epoch: 13 loss: 0.6011 accuracy: 0.7246 val_loss: 0.3714 val_accuracy: 0.9057
Epoch: 14 loss: 0.6002 accuracy: 0.7241 val_loss: 0.4427 val_accuracy: 0.9057
Epoch: 15 loss: 0.5982 accuracy: 0.7246 val_loss: 0.3765 val_accuracy: 0.9057
Epoch: 16 loss: 0.5959 accuracy: 0.7258 val_loss: 0.3902 val_accuracy: 0.9057
Epoch: 17 loss: 0.5969 accuracy: 0.7239 val_loss: 0.4172 val_accuracy: 0.9057
Epoch: 18 loss: 0.5966 accuracy: 0.7234 val_loss: 0.4369 val_accuracy: 0.9057

Epoch 00018: ReduceLROnPlateau reducing learning rate to 7.999999797903001e-05.
Epoch: 19 loss: 0.5932 accuracy: 0.7256 val_loss: 0.4820 val_accuracy: 0.9057
Epoch: 20 loss: 0.5972 accuracy: 0.7208 val_loss: 0.4856 val_accuracy: 0.9057
Epoch: 21 loss: 0.5941 accuracy: 0.7235 val_loss: 0.4782 val_accuracy: 0.9057
Epoch: 22 loss: 0.5964 accuracy: 0.7209 val_loss: 0.4249 val_accuracy: 0.9057
Epoch: 23 loss: 0.5938 accuracy: 0.7228 val_loss: 0.4065 val_accuracy: 0.9057

Epoch 00023: ReduceLROnPlateau reducing learning rate to 6.399999838322402e-05.
End of augmented training
Finish
Job ended!
