Fri 03 May 2024 04:30:28 AM EDT
Python 3.9.7
nvcc: NVIDIA (R) Cuda compiler driver
Copyright (c) 2005-2019 NVIDIA Corporation
Built on Sun_Jul_28_19:07:16_PDT_2019
Cuda compilation tools, release 10.1, V10.1.243
My SLURM_ARRAY_TASK_ID: 
DB: ['ISIC2016', 'ISIC2019', 'ISIC2020']
IMG_SIZE: [384, 384]
CLASSIFIER: EfficientNetB1
JOB_INDEX: None
Start training augmented images
Combining...
Combining 1th db out of 3 dbs
Combining 2th db out of 3 dbs
Combining 3th db out of 3 dbs
Stacking data
Combining complete
Model: "sequential"
_________________________________________________________________
Layer (type)                 Output Shape              Param #   
=================================================================
efficientnetb1 (Functional)  (None, 1280)              6575239   
_________________________________________________________________
dense (Dense)                (None, 512)               655872    
_________________________________________________________________
dropout (Dropout)            (None, 512)               0         
_________________________________________________________________
batch_normalization (BatchNo (None, 512)               2048      
_________________________________________________________________
dense_1 (Dense)              (None, 256)               131328    
_________________________________________________________________
batch_normalization_1 (Batch (None, 256)               1024      
_________________________________________________________________
dense_2 (Dense)              (None, 2)                 514       
=================================================================
Total params: 7,366,025
Trainable params: 789,250
Non-trainable params: 6,576,775
_________________________________________________________________
Fitting ISIC2016+ISIC2019+ISIC2020_aug_EfficientNetB1_384h_384w_None model...
model_name: ISIC2016+ISIC2019+ISIC2020_aug_EfficientNetB1_384h_384w_None
Epoch: 1 loss: 1.0876 accuracy: 0.6619 val_loss: 0.6882 val_accuracy: 0.9108
Epoch: 2 loss: 0.9392 accuracy: 0.7200 val_loss: 0.6611 val_accuracy: 0.9108
Epoch: 3 loss: 0.8682 accuracy: 0.7230 val_loss: 0.6427 val_accuracy: 0.9108
Epoch: 4 loss: 0.8001 accuracy: 0.7272 val_loss: 0.5704 val_accuracy: 0.9108
Epoch: 5 loss: 0.7437 accuracy: 0.7270 val_loss: 0.5018 val_accuracy: 0.9108
Epoch: 6 loss: 0.6987 accuracy: 0.7285 val_loss: 0.4782 val_accuracy: 0.9108
Epoch: 7 loss: 0.6663 accuracy: 0.7291 val_loss: 0.5092 val_accuracy: 0.9108
Epoch: 8 loss: 0.6489 accuracy: 0.7248 val_loss: 0.5084 val_accuracy: 0.9108
Epoch: 9 loss: 0.6341 accuracy: 0.7255 val_loss: 0.4695 val_accuracy: 0.9108
Epoch: 10 loss: 0.6244 accuracy: 0.7263 val_loss: 0.4031 val_accuracy: 0.9108
Epoch: 11 loss: 0.6172 accuracy: 0.7269 val_loss: 0.4148 val_accuracy: 0.9108
Epoch: 12 loss: 0.6121 accuracy: 0.7277 val_loss: 0.4098 val_accuracy: 0.9108
Epoch: 13 loss: 0.6086 accuracy: 0.7272 val_loss: 0.4302 val_accuracy: 0.9108
Epoch: 14 loss: 0.6046 accuracy: 0.7279 val_loss: 0.4462 val_accuracy: 0.9108
Epoch: 15 loss: 0.6045 accuracy: 0.7262 val_loss: 0.4358 val_accuracy: 0.9108

Epoch 00015: ReduceLROnPlateau reducing learning rate to 7.999999797903001e-05.
Epoch: 16 loss: 0.6012 accuracy: 0.7272 val_loss: 0.4032 val_accuracy: 0.9108
Epoch: 17 loss: 0.5995 accuracy: 0.7273 val_loss: 0.4572 val_accuracy: 0.9108
Epoch: 18 loss: 0.5984 accuracy: 0.7275 val_loss: 0.4236 val_accuracy: 0.9108
Epoch: 19 loss: 0.5977 accuracy: 0.7275 val_loss: 0.4721 val_accuracy: 0.9108
Epoch: 20 loss: 0.5979 accuracy: 0.7263 val_loss: 0.4406 val_accuracy: 0.9108

Epoch 00020: ReduceLROnPlateau reducing learning rate to 6.399999838322402e-05.
End of augmented training
Finish
Job ended!
