Wed 28 Feb 2024 09:35:12 AM EST
Python 3.9.7
nvcc: NVIDIA (R) Cuda compiler driver
Copyright (c) 2005-2019 NVIDIA Corporation
Built on Sun_Jul_28_19:07:16_PDT_2019
Cuda compilation tools, release 10.1, V10.1.243
My SLURM_ARRAY_TASK_ID: 
DB: ['ISIC2016', 'ISIC2017', 'ISIC2018', 'ISIC2019', 'ISIC2020', 'PAD_UFES_20', 'MEDNODE']
IMG_SIZE: [150, 150]
CLASSIFIER: VGG16
SELF_AUG: 1
JOB_INDEX: None
Combining...
Combining 1 db out of 7 dbs
Combining 2 db out of 7 dbs
Combining 3 db out of 7 dbs
Combining 4 db out of 7 dbs
Combining 5 db out of 7 dbs
Combining 6 db out of 7 dbs
Combining 7 db out of 7 dbs
Stacking training images
Stacking training labels
Stacking validation images
Stacking validation labels
Model: "sequential"
_________________________________________________________________
Layer (type)                 Output Shape              Param #   
=================================================================
vgg16 (Functional)           (None, 512)               14714688  
_________________________________________________________________
dense (Dense)                (None, 512)               262656    
_________________________________________________________________
dropout (Dropout)            (None, 512)               0         
_________________________________________________________________
batch_normalization (BatchNo (None, 512)               2048      
_________________________________________________________________
dense_1 (Dense)              (None, 256)               131328    
_________________________________________________________________
dropout_1 (Dropout)          (None, 256)               0         
_________________________________________________________________
batch_normalization_1 (Batch (None, 256)               1024      
_________________________________________________________________
dense_2 (Dense)              (None, 2)                 514       
=================================================================
Total params: 15,112,258
Trainable params: 396,034
Non-trainable params: 14,716,224
_________________________________________________________________
Fitting ISIC2016+ISIC2017+ISIC2018+ISIC2019+ISIC2020+PAD_UFES_20+MEDNODE_aug_VGG16_150h_150w_None model...
model_name: ISIC2016+ISIC2017+ISIC2018+ISIC2019+ISIC2020+PAD_UFES_20+MEDNODE_aug_VGG16_150h_150w_None
Epoch: 1 loss: 0.5907 accuracy: 0.7070 val_loss: 0.4781 val_accuracy: 0.7830
Epoch: 2 loss: 0.5029 accuracy: 0.7486 val_loss: 0.3010 val_accuracy: 0.9084
Epoch: 3 loss: 0.4737 accuracy: 0.7677 val_loss: 0.3783 val_accuracy: 0.8518
Epoch: 4 loss: 0.4550 accuracy: 0.7777 val_loss: 0.3308 val_accuracy: 0.9098
Epoch: 5 loss: 0.4537 accuracy: 0.7781 val_loss: 0.3462 val_accuracy: 0.8765
Epoch: 6 loss: 0.4470 accuracy: 0.7833 val_loss: 0.2981 val_accuracy: 0.9152
Epoch: 7 loss: 0.4425 accuracy: 0.7855 val_loss: 0.3444 val_accuracy: 0.9150
Epoch: 8 loss: 0.4374 accuracy: 0.7880 val_loss: 0.3319 val_accuracy: 0.8919
Epoch: 9 loss: 0.4354 accuracy: 0.7904 val_loss: 0.2757 val_accuracy: 0.9171
Epoch: 10 loss: 0.4307 accuracy: 0.7929 val_loss: 0.2396 val_accuracy: 0.9179
Epoch: 11 loss: 0.4291 accuracy: 0.7946 val_loss: 0.2581 val_accuracy: 0.9183
Epoch: 12 loss: 0.4280 accuracy: 0.7942 val_loss: 0.2724 val_accuracy: 0.9175
Epoch: 13 loss: 0.4248 accuracy: 0.7968 val_loss: 0.2582 val_accuracy: 0.9177
Epoch: 14 loss: 0.4231 accuracy: 0.7987 val_loss: 0.2708 val_accuracy: 0.9109
Epoch: 15 loss: 0.4222 accuracy: 0.7982 val_loss: 0.2655 val_accuracy: 0.9145
Epoch: 16 loss: 0.4197 accuracy: 0.7996 val_loss: 0.2371 val_accuracy: 0.9177
Epoch: 17 loss: 0.4192 accuracy: 0.8004 val_loss: 0.2433 val_accuracy: 0.9152
Epoch: 18 loss: 0.4190 accuracy: 0.8002 val_loss: 0.2703 val_accuracy: 0.9193
Epoch: 19 loss: 0.4184 accuracy: 0.8015 val_loss: 0.3268 val_accuracy: 0.9010
Epoch: 20 loss: 0.4161 accuracy: 0.8025 val_loss: 0.2921 val_accuracy: 0.9017
Job ended!
