Wed 28 Feb 2024 10:11:00 AM EST
Python 3.9.7
nvcc: NVIDIA (R) Cuda compiler driver
Copyright (c) 2005-2019 NVIDIA Corporation
Built on Sun_Jul_28_19:07:16_PDT_2019
Cuda compilation tools, release 10.1, V10.1.243
My SLURM_ARRAY_TASK_ID: 
DB: ['ISIC2016', 'PAD_UFES_20', 'MEDNODE', 'KaggleMB']
IMG_SIZE: [150, 150]
CLASSIFIER: VGG16
SELF_AUG: 1
JOB_INDEX: None
Combining...
Combining 1 db out of 4 dbs
Combining 2 db out of 4 dbs
Combining 3 db out of 4 dbs
Combining 4 db out of 4 dbs
Stacking training images
Stacking training labels
Stacking validation images
Stacking validation labels
Model: "sequential"
_________________________________________________________________
Layer (type)                 Output Shape              Param #   
=================================================================
vgg16 (Functional)           (None, 512)               14714688  
_________________________________________________________________
dense (Dense)                (None, 512)               262656    
_________________________________________________________________
dropout (Dropout)            (None, 512)               0         
_________________________________________________________________
batch_normalization (BatchNo (None, 512)               2048      
_________________________________________________________________
dense_1 (Dense)              (None, 256)               131328    
_________________________________________________________________
dropout_1 (Dropout)          (None, 256)               0         
_________________________________________________________________
batch_normalization_1 (Batch (None, 256)               1024      
_________________________________________________________________
dense_2 (Dense)              (None, 2)                 514       
=================================================================
Total params: 15,112,258
Trainable params: 396,034
Non-trainable params: 14,716,224
_________________________________________________________________
Fitting ISIC2016+PAD_UFES_20+MEDNODE+KaggleMB_aug_VGG16_150h_150w_None model...
model_name: ISIC2016+PAD_UFES_20+MEDNODE+KaggleMB_aug_VGG16_150h_150w_None
Epoch: 1 loss: 0.8609 accuracy: 0.5668 val_loss: 0.8256 val_accuracy: 0.2396
Epoch: 2 loss: 0.7761 accuracy: 0.5962 val_loss: 0.7002 val_accuracy: 0.5458
Epoch: 3 loss: 0.7427 accuracy: 0.6069 val_loss: 0.6031 val_accuracy: 0.6581
Epoch: 4 loss: 0.7239 accuracy: 0.6147 val_loss: 0.5240 val_accuracy: 0.7263
Epoch: 5 loss: 0.7109 accuracy: 0.6126 val_loss: 0.5119 val_accuracy: 0.7463
Epoch: 6 loss: 0.6995 accuracy: 0.6211 val_loss: 0.5855 val_accuracy: 0.6672
Epoch: 7 loss: 0.6772 accuracy: 0.6304 val_loss: 0.6011 val_accuracy: 0.6589
Epoch: 8 loss: 0.6679 accuracy: 0.6323 val_loss: 0.5414 val_accuracy: 0.7230
Epoch: 9 loss: 0.6658 accuracy: 0.6420 val_loss: 0.5321 val_accuracy: 0.7146
Epoch: 10 loss: 0.6577 accuracy: 0.6394 val_loss: 0.7351 val_accuracy: 0.5582
Epoch: 11 loss: 0.6467 accuracy: 0.6387 val_loss: 0.5368 val_accuracy: 0.6889
Epoch: 12 loss: 0.6330 accuracy: 0.6500 val_loss: 0.4791 val_accuracy: 0.7546
Epoch: 13 loss: 0.6260 accuracy: 0.6529 val_loss: 0.4988 val_accuracy: 0.7646
Epoch: 14 loss: 0.6262 accuracy: 0.6488 val_loss: 0.6154 val_accuracy: 0.6165
Epoch: 15 loss: 0.6192 accuracy: 0.6551 val_loss: 0.4970 val_accuracy: 0.7205
Epoch: 16 loss: 0.6079 accuracy: 0.6591 val_loss: 0.4949 val_accuracy: 0.7438
Epoch: 17 loss: 0.6042 accuracy: 0.6609 val_loss: 0.7037 val_accuracy: 0.5740
Epoch: 18 loss: 0.6111 accuracy: 0.6524 val_loss: 0.6247 val_accuracy: 0.6156
Epoch: 19 loss: 0.5973 accuracy: 0.6612 val_loss: 0.4978 val_accuracy: 0.7188
Epoch: 20 loss: 0.5864 accuracy: 0.6743 val_loss: 0.4538 val_accuracy: 0.7696
Job ended!
