Wed 28 Feb 2024 10:11:17 AM EST
Python 3.9.7
nvcc: NVIDIA (R) Cuda compiler driver
Copyright (c) 2005-2019 NVIDIA Corporation
Built on Sun_Jul_28_19:07:16_PDT_2019
Cuda compilation tools, release 10.1, V10.1.243
My SLURM_ARRAY_TASK_ID: 
DB: ['ISIC2016', 'PH2', '_7_point_criteria', 'PAD_UFES_20']
IMG_SIZE: [150, 150]
CLASSIFIER: VGG16
SELF_AUG: 1
JOB_INDEX: None
Combining...
Combining 1 db out of 4 dbs
Combining 2 db out of 4 dbs
Combining 3 db out of 4 dbs
Combining 4 db out of 4 dbs
Stacking training images
Stacking training labels
Stacking validation images
Stacking validation labels
Model: "sequential"
_________________________________________________________________
Layer (type)                 Output Shape              Param #   
=================================================================
vgg16 (Functional)           (None, 512)               14714688  
_________________________________________________________________
dense (Dense)                (None, 512)               262656    
_________________________________________________________________
dropout (Dropout)            (None, 512)               0         
_________________________________________________________________
batch_normalization (BatchNo (None, 512)               2048      
_________________________________________________________________
dense_1 (Dense)              (None, 256)               131328    
_________________________________________________________________
dropout_1 (Dropout)          (None, 256)               0         
_________________________________________________________________
batch_normalization_1 (Batch (None, 256)               1024      
_________________________________________________________________
dense_2 (Dense)              (None, 2)                 514       
=================================================================
Total params: 15,112,258
Trainable params: 396,034
Non-trainable params: 14,716,224
_________________________________________________________________
Fitting ISIC2016+PH2+_7_point_criteria+PAD_UFES_20_aug_VGG16_150h_150w_None model...
model_name: ISIC2016+PH2+_7_point_criteria+PAD_UFES_20_aug_VGG16_150h_150w_None
Epoch: 1 loss: 0.8232 accuracy: 0.5778 val_loss: 0.5106 val_accuracy: 0.8743
Epoch: 2 loss: 0.7087 accuracy: 0.6463 val_loss: 0.4759 val_accuracy: 0.8731
Epoch: 3 loss: 0.6376 accuracy: 0.6810 val_loss: 0.4252 val_accuracy: 0.8671
Epoch: 4 loss: 0.6173 accuracy: 0.6913 val_loss: 0.5375 val_accuracy: 0.7782
Epoch: 5 loss: 0.6037 accuracy: 0.7141 val_loss: 0.4002 val_accuracy: 0.8624
Epoch: 6 loss: 0.5968 accuracy: 0.7233 val_loss: 0.4316 val_accuracy: 0.8517
Epoch: 7 loss: 0.5715 accuracy: 0.7299 val_loss: 0.4937 val_accuracy: 0.7722
Epoch: 8 loss: 0.5733 accuracy: 0.7327 val_loss: 0.3923 val_accuracy: 0.8719
Epoch: 9 loss: 0.5605 accuracy: 0.7310 val_loss: 0.5917 val_accuracy: 0.6951
Epoch: 10 loss: 0.5670 accuracy: 0.7384 val_loss: 0.4554 val_accuracy: 0.8624
Epoch: 11 loss: 0.5494 accuracy: 0.7455 val_loss: 0.3900 val_accuracy: 0.8577
Epoch: 12 loss: 0.5442 accuracy: 0.7455 val_loss: 0.3828 val_accuracy: 0.8588
Epoch: 13 loss: 0.5313 accuracy: 0.7525 val_loss: 0.3938 val_accuracy: 0.8600
Epoch: 14 loss: 0.5288 accuracy: 0.7527 val_loss: 0.4243 val_accuracy: 0.8410
Epoch: 15 loss: 0.5303 accuracy: 0.7578 val_loss: 0.4157 val_accuracy: 0.8268
Epoch: 16 loss: 0.5409 accuracy: 0.7474 val_loss: 0.3766 val_accuracy: 0.8612
Epoch: 17 loss: 0.5374 accuracy: 0.7557 val_loss: 0.3872 val_accuracy: 0.8600
Epoch: 18 loss: 0.5166 accuracy: 0.7638 val_loss: 0.4359 val_accuracy: 0.8126
Epoch: 19 loss: 0.5243 accuracy: 0.7563 val_loss: 0.4262 val_accuracy: 0.8671
Epoch: 20 loss: 0.5193 accuracy: 0.7570 val_loss: 0.3823 val_accuracy: 0.8565
Job ended!
