Fri 01 Mar 2024 11:32:58 PM EST
Python 3.9.7
nvcc: NVIDIA (R) Cuda compiler driver
Copyright (c) 2005-2019 NVIDIA Corporation
Built on Sun_Jul_28_19:07:16_PDT_2019
Cuda compilation tools, release 10.1, V10.1.243
My SLURM_ARRAY_TASK_ID: 
DB: ['ISIC2016', 'ISIC2020', 'PH2']
IMG_SIZE: [150, 150]
CLASSIFIER: VGG16
SELF_AUG: 1
JOB_INDEX: None
Combining...
Combining 1 db out of 3 dbs
Combining 2 db out of 3 dbs
Combining 3 db out of 3 dbs
Stacking training images
Stacking training labels
Stacking validation images
Stacking validation labels
Model: "sequential"
_________________________________________________________________
Layer (type)                 Output Shape              Param #   
=================================================================
vgg16 (Functional)           (None, 512)               14714688  
_________________________________________________________________
dense (Dense)                (None, 512)               262656    
_________________________________________________________________
dropout (Dropout)            (None, 512)               0         
_________________________________________________________________
batch_normalization (BatchNo (None, 512)               2048      
_________________________________________________________________
dense_1 (Dense)              (None, 256)               131328    
_________________________________________________________________
dropout_1 (Dropout)          (None, 256)               0         
_________________________________________________________________
batch_normalization_1 (Batch (None, 256)               1024      
_________________________________________________________________
dense_2 (Dense)              (None, 2)                 514       
=================================================================
Total params: 15,112,258
Trainable params: 396,034
Non-trainable params: 14,716,224
_________________________________________________________________
Fitting ISIC2016+ISIC2020+PH2_aug_VGG16_150h_150w_None model...
model_name: ISIC2016+ISIC2020+PH2_aug_VGG16_150h_150w_None
Epoch: 1 loss: 0.4553 accuracy: 0.8021 val_loss: 0.1152 val_accuracy: 0.9755
Epoch: 2 loss: 0.2975 accuracy: 0.8719 val_loss: 0.0967 val_accuracy: 0.9771
Epoch: 3 loss: 0.2753 accuracy: 0.8783 val_loss: 0.0937 val_accuracy: 0.9771
Epoch: 4 loss: 0.2582 accuracy: 0.8867 val_loss: 0.0915 val_accuracy: 0.9784
Epoch: 5 loss: 0.2460 accuracy: 0.8912 val_loss: 0.0936 val_accuracy: 0.9775
Epoch: 6 loss: 0.2393 accuracy: 0.8940 val_loss: 0.0935 val_accuracy: 0.9777
Epoch: 7 loss: 0.2323 accuracy: 0.8979 val_loss: 0.0953 val_accuracy: 0.9763
Epoch: 8 loss: 0.2249 accuracy: 0.9012 val_loss: 0.0956 val_accuracy: 0.9780
Epoch: 9 loss: 0.2178 accuracy: 0.9025 val_loss: 0.0945 val_accuracy: 0.9781
Epoch: 10 loss: 0.2129 accuracy: 0.9071 val_loss: 0.0938 val_accuracy: 0.9771
Epoch: 11 loss: 0.2059 accuracy: 0.9100 val_loss: 0.0993 val_accuracy: 0.9774
Epoch: 12 loss: 0.1980 accuracy: 0.9130 val_loss: 0.1019 val_accuracy: 0.9752
Epoch: 13 loss: 0.1924 accuracy: 0.9149 val_loss: 0.1071 val_accuracy: 0.9774
Epoch: 14 loss: 0.1883 accuracy: 0.9174 val_loss: 0.1076 val_accuracy: 0.9758
Epoch: 15 loss: 0.1840 accuracy: 0.9204 val_loss: 0.1092 val_accuracy: 0.9755
Epoch: 16 loss: 0.1786 accuracy: 0.9223 val_loss: 0.1160 val_accuracy: 0.9738
Epoch: 17 loss: 0.1736 accuracy: 0.9250 val_loss: 0.1142 val_accuracy: 0.9761
Epoch: 18 loss: 0.1684 accuracy: 0.9280 val_loss: 0.1199 val_accuracy: 0.9734
Epoch: 19 loss: 0.1643 accuracy: 0.9276 val_loss: 0.1168 val_accuracy: 0.9761
Epoch: 20 loss: 0.1620 accuracy: 0.9309 val_loss: 0.1199 val_accuracy: 0.9743
Job ended!
