Mon 26 Feb 2024 09:50:06 AM EST
Python 3.9.7
nvcc: NVIDIA (R) Cuda compiler driver
Copyright (c) 2005-2019 NVIDIA Corporation
Built on Sun_Jul_28_19:07:16_PDT_2019
Cuda compilation tools, release 10.1, V10.1.243
My SLURM_ARRAY_TASK_ID:  1
DB: ['ISIC2016', 'ISIC2017', 'ISIC2018', 'ISIC2019', 'ISIC2020', '_7_point_criteria', 'PAD_UFES_20']
IMG_SIZE: [150, 150]
CLASSIFIER: ResNet152V2
JOB_INDEX: 1
Combining...
Combining 1 db out of 7 dbs
Combining 2 db out of 7 dbs
Combining 3 db out of 7 dbs
Combining 4 db out of 7 dbs
Combining 5 db out of 7 dbs
Combining 6 db out of 7 dbs
Combining 7 db out of 7 dbs
Stacking training images
Stacking training labels
Stacking validation images
Stacking validation labels
Combining...
Combining 1 db out of 7 dbs
Combining 2 db out of 7 dbs
Combining 3 db out of 7 dbs
Combining 4 db out of 7 dbs
Combining 5 db out of 7 dbs
Combining 6 db out of 7 dbs
Combining 7 db out of 7 dbs
Stacking training images
Stacking training labels
Stacking validation images
Stacking validation labels
Model: "sequential"
_________________________________________________________________
Layer (type)                 Output Shape              Param #   
=================================================================
resnet152v2 (Functional)     (None, 2048)              58331648  
_________________________________________________________________
dense (Dense)                (None, 512)               1049088   
_________________________________________________________________
dropout (Dropout)            (None, 512)               0         
_________________________________________________________________
batch_normalization (BatchNo (None, 512)               2048      
_________________________________________________________________
dense_1 (Dense)              (None, 256)               131328    
_________________________________________________________________
dropout_1 (Dropout)          (None, 256)               0         
_________________________________________________________________
batch_normalization_1 (Batch (None, 256)               1024      
_________________________________________________________________
dense_2 (Dense)              (None, 2)                 514       
=================================================================
Total params: 59,515,650
Trainable params: 1,182,466
Non-trainable params: 58,333,184
_________________________________________________________________
Fitting ISIC2016+ISIC2017+ISIC2018+ISIC2019+ISIC2020+_7_point_criteria+PAD_UFES_20_noaug_ResNet152V2_150h_150w_1 model...
Epoch: 1 loss: 0.4479 accuracy: 0.8122 val_loss: 0.2802 val_accuracy: 0.9126
Epoch: 2 loss: 0.3110 accuracy: 0.8965 val_loss: 0.2899 val_accuracy: 0.9126
Epoch: 3 loss: 0.2838 accuracy: 0.9042 val_loss: 0.2732 val_accuracy: 0.9126
Epoch: 4 loss: 0.2894 accuracy: 0.9045 val_loss: 0.2771 val_accuracy: 0.9126
Epoch: 5 loss: 0.2878 accuracy: 0.9045 val_loss: 0.3172 val_accuracy: 0.9126
Epoch: 6 loss: 0.2809 accuracy: 0.9045 val_loss: 0.2514 val_accuracy: 0.9126
Epoch: 7 loss: 0.2768 accuracy: 0.9045 val_loss: 0.3962 val_accuracy: 0.9126
Epoch: 8 loss: 0.2724 accuracy: 0.9045 val_loss: 0.2574 val_accuracy: 0.9126
Epoch: 9 loss: 0.2701 accuracy: 0.9045 val_loss: 0.2575 val_accuracy: 0.9126
Epoch: 10 loss: 0.2674 accuracy: 0.9046 val_loss: 0.2557 val_accuracy: 0.9126
Epoch: 11 loss: 0.2672 accuracy: 0.9046 val_loss: 0.3613 val_accuracy: 0.9126
Epoch: 12 loss: 0.2636 accuracy: 0.9047 val_loss: 0.2482 val_accuracy: 0.9126
Epoch: 13 loss: 0.2634 accuracy: 0.9048 val_loss: 0.3812 val_accuracy: 0.9126
Epoch: 14 loss: 0.2630 accuracy: 0.9050 val_loss: 0.4120 val_accuracy: 0.9126
Epoch: 15 loss: 0.2615 accuracy: 0.9049 val_loss: 0.3004 val_accuracy: 0.9126
Epoch: 16 loss: 0.2608 accuracy: 0.9055 val_loss: 0.2479 val_accuracy: 0.9126
Epoch: 17 loss: 0.2612 accuracy: 0.9051 val_loss: 0.3784 val_accuracy: 0.9022
Epoch: 18 loss: 0.2593 accuracy: 0.9052 val_loss: 0.3826 val_accuracy: 0.8932
Epoch: 19 loss: 0.2586 accuracy: 0.9054 val_loss: 0.2417 val_accuracy: 0.9130
Epoch: 20 loss: 0.2599 accuracy: 0.9053 val_loss: 0.4141 val_accuracy: 0.9126
Fitting ISIC2016+ISIC2017+ISIC2018+ISIC2019+ISIC2020+_7_point_criteria+PAD_UFES_20_aug_ResNet152V2_150h_150w_1 model...
Epoch: 1 loss: 0.5036 accuracy: 0.7383 val_loss: 0.5010 val_accuracy: 0.6990
Epoch: 2 loss: 0.4601 accuracy: 0.7613 val_loss: 0.5185 val_accuracy: 0.6780
Epoch: 3 loss: 0.4481 accuracy: 0.7693 val_loss: 0.3901 val_accuracy: 0.7914
Epoch: 4 loss: 0.4433 accuracy: 0.7760 val_loss: 0.3631 val_accuracy: 0.8137
Epoch: 5 loss: 0.4370 accuracy: 0.7821 val_loss: 0.6663 val_accuracy: 0.5721
Epoch: 6 loss: 0.4340 accuracy: 0.7860 val_loss: 0.7018 val_accuracy: 0.5449
Epoch: 7 loss: 0.4336 accuracy: 0.7851 val_loss: 0.5110 val_accuracy: 0.6952
Epoch: 8 loss: 0.4299 accuracy: 0.7893 val_loss: 0.5677 val_accuracy: 0.6508
Epoch: 9 loss: 0.4287 accuracy: 0.7897 val_loss: 0.3393 val_accuracy: 0.8397
Epoch: 10 loss: 0.4268 accuracy: 0.7905 val_loss: 0.3885 val_accuracy: 0.8044
Epoch: 11 loss: 0.4266 accuracy: 0.7918 val_loss: 0.6057 val_accuracy: 0.6348
Epoch: 12 loss: 0.4256 accuracy: 0.7914 val_loss: 0.4489 val_accuracy: 0.7598
Epoch: 13 loss: 0.4240 accuracy: 0.7921 val_loss: 0.6745 val_accuracy: 0.5722
Epoch: 14 loss: 0.4235 accuracy: 0.7939 val_loss: 0.3006 val_accuracy: 0.8621
Epoch: 15 loss: 0.4238 accuracy: 0.7921 val_loss: 0.4546 val_accuracy: 0.7508
Epoch: 16 loss: 0.4223 accuracy: 0.7939 val_loss: 0.4003 val_accuracy: 0.7841
Epoch: 17 loss: 0.4203 accuracy: 0.7953 val_loss: 0.4272 val_accuracy: 0.7759
Epoch: 18 loss: 0.4227 accuracy: 0.7936 val_loss: 0.5299 val_accuracy: 0.6948
Epoch: 19 loss: 0.4198 accuracy: 0.7948 val_loss: 0.4315 val_accuracy: 0.7719
Epoch: 20 loss: 0.4192 accuracy: 0.7971 val_loss: 0.2992 val_accuracy: 0.8642
Job ended!
