Fri 01 Mar 2024 02:37:50 AM EST
Python 3.9.7
nvcc: NVIDIA (R) Cuda compiler driver
Copyright (c) 2005-2019 NVIDIA Corporation
Built on Sun_Jul_28_19:07:16_PDT_2019
Cuda compilation tools, release 10.1, V10.1.243
My SLURM_ARRAY_TASK_ID: 
DB: ['ISIC2016', 'ISIC2017', 'ISIC2018']
IMG_SIZE: [150, 150]
CLASSIFIER: EfficientNetB1
SELF_AUG: 1
JOB_INDEX: None
Combining...
Combining 1 db out of 3 dbs
Combining 2 db out of 3 dbs
Combining 3 db out of 3 dbs
Stacking training images
Stacking training labels
Stacking validation images
Stacking validation labels
Model: "sequential"
_________________________________________________________________
Layer (type)                 Output Shape              Param #   
=================================================================
efficientnetb1 (Functional)  (None, 1280)              6575239   
_________________________________________________________________
dense (Dense)                (None, 512)               655872    
_________________________________________________________________
dropout (Dropout)            (None, 512)               0         
_________________________________________________________________
batch_normalization (BatchNo (None, 512)               2048      
_________________________________________________________________
dense_1 (Dense)              (None, 256)               131328    
_________________________________________________________________
dropout_1 (Dropout)          (None, 256)               0         
_________________________________________________________________
batch_normalization_1 (Batch (None, 256)               1024      
_________________________________________________________________
dense_2 (Dense)              (None, 2)                 514       
=================================================================
Total params: 7,366,025
Trainable params: 789,250
Non-trainable params: 6,576,775
_________________________________________________________________
Fitting ISIC2016+ISIC2017+ISIC2018_aug_EfficientNetB1_150h_150w_None model...
model_name: ISIC2016+ISIC2017+ISIC2018_aug_EfficientNetB1_150h_150w_None
Epoch: 1 loss: 0.6263 accuracy: 0.7142 val_loss: 0.3867 val_accuracy: 0.8317
Epoch: 2 loss: 0.4873 accuracy: 0.7823 val_loss: 0.3626 val_accuracy: 0.8432
Epoch: 3 loss: 0.4583 accuracy: 0.7937 val_loss: 0.3632 val_accuracy: 0.8509
Epoch: 4 loss: 0.4385 accuracy: 0.8025 val_loss: 0.3619 val_accuracy: 0.8489
Epoch: 5 loss: 0.4140 accuracy: 0.8141 val_loss: 0.3446 val_accuracy: 0.8547
Epoch: 6 loss: 0.4017 accuracy: 0.8198 val_loss: 0.3389 val_accuracy: 0.8547
Epoch: 7 loss: 0.4001 accuracy: 0.8194 val_loss: 0.3412 val_accuracy: 0.8528
Epoch: 8 loss: 0.3879 accuracy: 0.8255 val_loss: 0.3469 val_accuracy: 0.8509
Epoch: 9 loss: 0.3779 accuracy: 0.8301 val_loss: 0.3392 val_accuracy: 0.8547
Epoch: 10 loss: 0.3712 accuracy: 0.8339 val_loss: 0.3130 val_accuracy: 0.8681
Epoch: 11 loss: 0.3629 accuracy: 0.8355 val_loss: 0.3286 val_accuracy: 0.8604
Epoch: 12 loss: 0.3604 accuracy: 0.8351 val_loss: 0.3421 val_accuracy: 0.8528
Epoch: 13 loss: 0.3534 accuracy: 0.8416 val_loss: 0.3382 val_accuracy: 0.8604
Epoch: 14 loss: 0.3493 accuracy: 0.8434 val_loss: 0.3329 val_accuracy: 0.8509
Epoch: 15 loss: 0.3382 accuracy: 0.8501 val_loss: 0.3257 val_accuracy: 0.8662
Epoch: 16 loss: 0.3346 accuracy: 0.8524 val_loss: 0.3147 val_accuracy: 0.8681
Epoch: 17 loss: 0.3354 accuracy: 0.8473 val_loss: 0.3263 val_accuracy: 0.8509
Epoch: 18 loss: 0.3280 accuracy: 0.8533 val_loss: 0.3271 val_accuracy: 0.8585
Epoch: 19 loss: 0.3225 accuracy: 0.8561 val_loss: 0.3295 val_accuracy: 0.8776
Epoch: 20 loss: 0.3207 accuracy: 0.8591 val_loss: 0.3179 val_accuracy: 0.8604
Job ended!
