Fri 03 May 2024 12:42:04 AM EDT
Python 3.9.7
nvcc: NVIDIA (R) Cuda compiler driver
Copyright (c) 2005-2019 NVIDIA Corporation
Built on Sun_Jul_28_19:07:16_PDT_2019
Cuda compilation tools, release 10.1, V10.1.243
My SLURM_ARRAY_TASK_ID: 
DB: ['ISIC2016', 'ISIC2017', 'ISIC2018', 'ISIC2019', 'ISIC2020', 'PH2', '_7_point_criteria', 'MEDNODE', 'KaggleMB']
IMG_SIZE: [384, 384]
CLASSIFIER: EfficientNetB1
JOB_INDEX: None
Start training augmented images
Combining...
Combining 1th db out of 9 dbs
Combining 2th db out of 9 dbs
Combining 3th db out of 9 dbs
Combining 4th db out of 9 dbs
Combining 5th db out of 9 dbs
Combining 6th db out of 9 dbs
Combining 7th db out of 9 dbs
Combining 8th db out of 9 dbs
Combining 9th db out of 9 dbs
Stacking data
Combining complete
Model: "sequential"
_________________________________________________________________
Layer (type)                 Output Shape              Param #   
=================================================================
efficientnetb1 (Functional)  (None, 1280)              6575239   
_________________________________________________________________
dense (Dense)                (None, 512)               655872    
_________________________________________________________________
dropout (Dropout)            (None, 512)               0         
_________________________________________________________________
batch_normalization (BatchNo (None, 512)               2048      
_________________________________________________________________
dense_1 (Dense)              (None, 256)               131328    
_________________________________________________________________
batch_normalization_1 (Batch (None, 256)               1024      
_________________________________________________________________
dense_2 (Dense)              (None, 2)                 514       
=================================================================
Total params: 7,366,025
Trainable params: 789,250
Non-trainable params: 6,576,775
_________________________________________________________________
Fitting ISIC2016+ISIC2017+ISIC2018+ISIC2019+ISIC2020+PH2+_7_point_criteria+MEDNODE+KaggleMB_aug_EfficientNetB1_384h_384w_None model...
model_name: ISIC2016+ISIC2017+ISIC2018+ISIC2019+ISIC2020+PH2+_7_point_criteria+MEDNODE+KaggleMB_aug_EfficientNetB1_384h_384w_None
Epoch: 1 loss: 1.0665 accuracy: 0.6611 val_loss: 0.7107 val_accuracy: 0.8911
Epoch: 2 loss: 0.9124 accuracy: 0.7055 val_loss: 0.7068 val_accuracy: 0.8911
Epoch: 3 loss: 0.8247 accuracy: 0.7091 val_loss: 0.5614 val_accuracy: 0.8911
Epoch: 4 loss: 0.7496 accuracy: 0.7106 val_loss: 0.5776 val_accuracy: 0.8911
Epoch: 5 loss: 0.6979 accuracy: 0.7102 val_loss: 0.5063 val_accuracy: 0.8911
Epoch: 6 loss: 0.6650 accuracy: 0.7117 val_loss: 0.5517 val_accuracy: 0.8911
Epoch: 7 loss: 0.6484 accuracy: 0.7098 val_loss: 0.4425 val_accuracy: 0.8911
Epoch: 8 loss: 0.6372 accuracy: 0.7098 val_loss: 0.4690 val_accuracy: 0.8911
Epoch: 9 loss: 0.6278 accuracy: 0.7113 val_loss: 0.4651 val_accuracy: 0.8911
Epoch: 10 loss: 0.6233 accuracy: 0.7112 val_loss: 0.4718 val_accuracy: 0.8911
Epoch: 11 loss: 0.6193 accuracy: 0.7112 val_loss: 0.4362 val_accuracy: 0.8911
Epoch: 12 loss: 0.6165 accuracy: 0.7113 val_loss: 0.4540 val_accuracy: 0.8911
Epoch: 13 loss: 0.6154 accuracy: 0.7100 val_loss: 0.4794 val_accuracy: 0.8911
Epoch: 14 loss: 0.6137 accuracy: 0.7104 val_loss: 0.4314 val_accuracy: 0.8911
Epoch: 15 loss: 0.6127 accuracy: 0.7099 val_loss: 0.4712 val_accuracy: 0.8911
Epoch: 16 loss: 0.6114 accuracy: 0.7103 val_loss: 0.4829 val_accuracy: 0.8911
Epoch: 17 loss: 0.6088 accuracy: 0.7122 val_loss: 0.4298 val_accuracy: 0.8911
Epoch: 18 loss: 0.6113 accuracy: 0.7086 val_loss: 0.4655 val_accuracy: 0.8911
Epoch: 19 loss: 0.6073 accuracy: 0.7121 val_loss: 0.4236 val_accuracy: 0.8911
Epoch: 20 loss: 0.6080 accuracy: 0.7105 val_loss: 0.4411 val_accuracy: 0.8911
Epoch: 21 loss: 0.6065 accuracy: 0.7121 val_loss: 0.4531 val_accuracy: 0.8911
Epoch: 22 loss: 0.6078 accuracy: 0.7099 val_loss: 0.4260 val_accuracy: 0.8911
Epoch: 23 loss: 0.6079 accuracy: 0.7097 val_loss: 0.4241 val_accuracy: 0.8911
Epoch: 24 loss: 0.6071 accuracy: 0.7099 val_loss: 0.4469 val_accuracy: 0.8911

Epoch 00024: ReduceLROnPlateau reducing learning rate to 7.999999797903001e-05.
Epoch: 25 loss: 0.6059 accuracy: 0.7106 val_loss: 0.4395 val_accuracy: 0.8911
Epoch: 26 loss: 0.6060 accuracy: 0.7102 val_loss: 0.4403 val_accuracy: 0.8911
Epoch: 27 loss: 0.6065 accuracy: 0.7093 val_loss: 0.4626 val_accuracy: 0.8911
Epoch: 28 loss: 0.6042 accuracy: 0.7117 val_loss: 0.4499 val_accuracy: 0.8911
Epoch: 29 loss: 0.6054 accuracy: 0.7099 val_loss: 0.4271 val_accuracy: 0.8911

Epoch 00029: ReduceLROnPlateau reducing learning rate to 6.399999838322402e-05.
End of augmented training
Finish
Job ended!
