Fri 01 Mar 2024 02:44:30 AM EST
Python 3.9.7
nvcc: NVIDIA (R) Cuda compiler driver
Copyright (c) 2005-2019 NVIDIA Corporation
Built on Sun_Jul_28_19:07:16_PDT_2019
Cuda compilation tools, release 10.1, V10.1.243
My SLURM_ARRAY_TASK_ID: 
DB: ['ISIC2016', 'ISIC2017', 'ISIC2018', 'ISIC2019', 'ISIC2020', 'PH2', '_7_point_criteria', 'MEDNODE', 'KaggleMB']
IMG_SIZE: [150, 150]
CLASSIFIER: EfficientNetB1
SELF_AUG: 1
JOB_INDEX: None
Combining...
Combining 1 db out of 9 dbs
Combining 2 db out of 9 dbs
Combining 3 db out of 9 dbs
Combining 4 db out of 9 dbs
Combining 5 db out of 9 dbs
Combining 6 db out of 9 dbs
Combining 7 db out of 9 dbs
Combining 8 db out of 9 dbs
Combining 9 db out of 9 dbs
Stacking training images
Stacking training labels
Stacking validation images
Stacking validation labels
Model: "sequential"
_________________________________________________________________
Layer (type)                 Output Shape              Param #   
=================================================================
efficientnetb1 (Functional)  (None, 1280)              6575239   
_________________________________________________________________
dense (Dense)                (None, 512)               655872    
_________________________________________________________________
dropout (Dropout)            (None, 512)               0         
_________________________________________________________________
batch_normalization (BatchNo (None, 512)               2048      
_________________________________________________________________
dense_1 (Dense)              (None, 256)               131328    
_________________________________________________________________
dropout_1 (Dropout)          (None, 256)               0         
_________________________________________________________________
batch_normalization_1 (Batch (None, 256)               1024      
_________________________________________________________________
dense_2 (Dense)              (None, 2)                 514       
=================================================================
Total params: 7,366,025
Trainable params: 789,250
Non-trainable params: 6,576,775
_________________________________________________________________
Fitting ISIC2016+ISIC2017+ISIC2018+ISIC2019+ISIC2020+PH2+_7_point_criteria+MEDNODE+KaggleMB_aug_EfficientNetB1_150h_150w_None model...
model_name: ISIC2016+ISIC2017+ISIC2018+ISIC2019+ISIC2020+PH2+_7_point_criteria+MEDNODE+KaggleMB_aug_EfficientNetB1_150h_150w_None
Epoch: 1 loss: 0.4942 accuracy: 0.7725 val_loss: 0.2344 val_accuracy: 0.9096
Epoch: 2 loss: 0.4073 accuracy: 0.8077 val_loss: 0.2255 val_accuracy: 0.9117
Epoch: 3 loss: 0.3848 accuracy: 0.8182 val_loss: 0.2179 val_accuracy: 0.9143
Epoch: 4 loss: 0.3722 accuracy: 0.8240 val_loss: 0.2200 val_accuracy: 0.9149
Epoch: 5 loss: 0.3642 accuracy: 0.8300 val_loss: 0.2079 val_accuracy: 0.9193
Epoch: 6 loss: 0.3553 accuracy: 0.8337 val_loss: 0.2032 val_accuracy: 0.9202
Epoch: 7 loss: 0.3532 accuracy: 0.8351 val_loss: 0.2012 val_accuracy: 0.9221
Epoch: 8 loss: 0.3471 accuracy: 0.8390 val_loss: 0.2007 val_accuracy: 0.9223
Epoch: 9 loss: 0.3422 accuracy: 0.8421 val_loss: 0.1993 val_accuracy: 0.9252
Epoch: 10 loss: 0.3383 accuracy: 0.8422 val_loss: 0.1980 val_accuracy: 0.9249
Epoch: 11 loss: 0.3335 accuracy: 0.8458 val_loss: 0.1959 val_accuracy: 0.9267
Epoch: 12 loss: 0.3310 accuracy: 0.8463 val_loss: 0.1942 val_accuracy: 0.9254
Epoch: 13 loss: 0.3287 accuracy: 0.8486 val_loss: 0.1924 val_accuracy: 0.9257
Epoch: 14 loss: 0.3265 accuracy: 0.8492 val_loss: 0.1898 val_accuracy: 0.9291
Epoch: 15 loss: 0.3232 accuracy: 0.8507 val_loss: 0.1896 val_accuracy: 0.9291
Epoch: 16 loss: 0.3203 accuracy: 0.8523 val_loss: 0.1947 val_accuracy: 0.9263
Epoch: 17 loss: 0.3169 accuracy: 0.8537 val_loss: 0.1930 val_accuracy: 0.9297
Epoch: 18 loss: 0.3139 accuracy: 0.8562 val_loss: 0.1891 val_accuracy: 0.9288
Epoch: 19 loss: 0.3115 accuracy: 0.8560 val_loss: 0.1914 val_accuracy: 0.9291
Epoch: 20 loss: 0.3077 accuracy: 0.8593 val_loss: 0.1864 val_accuracy: 0.9321
Job ended!
