Tue 27 Feb 2024 06:06:12 AM EST
Python 3.9.7
nvcc: NVIDIA (R) Cuda compiler driver
Copyright (c) 2005-2019 NVIDIA Corporation
Built on Sun_Jul_28_19:07:16_PDT_2019
Cuda compilation tools, release 10.1, V10.1.243
My SLURM_ARRAY_TASK_ID: 
DB: ['ISIC2016', 'ISIC2017', 'ISIC2018', 'ISIC2019', 'ISIC2020', 'PH2', '_7_point_criteria', 'PAD_UFES_20', 'MEDNODE', 'KaggleMB']
IMG_SIZE: [150, 150]
CLASSIFIER: EfficientNetB1
SELF_AUG: 1
JOB_INDEX: None
Combining...
Combining 1 db out of 10 dbs
Combining 2 db out of 10 dbs
Combining 3 db out of 10 dbs
Combining 4 db out of 10 dbs
Combining 5 db out of 10 dbs
Combining 6 db out of 10 dbs
Combining 7 db out of 10 dbs
Combining 8 db out of 10 dbs
Combining 9 db out of 10 dbs
Combining 10 db out of 10 dbs
Stacking training images
Stacking training labels
Stacking validation images
Stacking validation labels
Model: "sequential"
_________________________________________________________________
Layer (type)                 Output Shape              Param #   
=================================================================
efficientnetb1 (Functional)  (None, 1280)              6575239   
_________________________________________________________________
dense (Dense)                (None, 512)               655872    
_________________________________________________________________
dropout (Dropout)            (None, 512)               0         
_________________________________________________________________
batch_normalization (BatchNo (None, 512)               2048      
_________________________________________________________________
dense_1 (Dense)              (None, 256)               131328    
_________________________________________________________________
dropout_1 (Dropout)          (None, 256)               0         
_________________________________________________________________
batch_normalization_1 (Batch (None, 256)               1024      
_________________________________________________________________
dense_2 (Dense)              (None, 2)                 514       
=================================================================
Total params: 7,366,025
Trainable params: 789,250
Non-trainable params: 6,576,775
_________________________________________________________________
Fitting ISIC2016+ISIC2017+ISIC2018+ISIC2019+ISIC2020+PH2+_7_point_criteria+PAD_UFES_20+MEDNODE+KaggleMB_aug_EfficientNetB1_150h_150w_None model...
model_name: ISIC2016+ISIC2017+ISIC2018+ISIC2019+ISIC2020+PH2+_7_point_criteria+PAD_UFES_20+MEDNODE+KaggleMB_aug_EfficientNetB1_150h_150w_None
Epoch: 1 loss: 0.5939 accuracy: 0.7089 val_loss: 0.3954 val_accuracy: 0.8981
Epoch: 2 loss: 0.5849 accuracy: 0.7163 val_loss: 0.3725 val_accuracy: 0.8982
Epoch: 3 loss: 0.5813 accuracy: 0.7171 val_loss: 0.4221 val_accuracy: 0.8918
Epoch: 4 loss: 0.5778 accuracy: 0.7186 val_loss: 0.3894 val_accuracy: 0.8974
Epoch: 5 loss: 0.5757 accuracy: 0.7193 val_loss: 0.4144 val_accuracy: 0.8970
Epoch: 6 loss: 0.5737 accuracy: 0.7187 val_loss: 0.3869 val_accuracy: 0.8974
Epoch: 7 loss: 0.5730 accuracy: 0.7187 val_loss: 0.4830 val_accuracy: 0.8810
Epoch: 8 loss: 0.5739 accuracy: 0.7184 val_loss: 0.3423 val_accuracy: 0.8982
Epoch: 9 loss: 0.5761 accuracy: 0.7177 val_loss: 0.3422 val_accuracy: 0.8982
Epoch: 10 loss: 0.5743 accuracy: 0.7188 val_loss: 0.3410 val_accuracy: 0.8982
Epoch: 11 loss: 0.5726 accuracy: 0.7182 val_loss: 0.4152 val_accuracy: 0.8905
Epoch: 12 loss: 0.5712 accuracy: 0.7187 val_loss: 0.3503 val_accuracy: 0.8981
Epoch: 13 loss: 0.5703 accuracy: 0.7177 val_loss: 0.3428 val_accuracy: 0.8982
Epoch: 14 loss: 0.5687 accuracy: 0.7181 val_loss: 0.3377 val_accuracy: 0.8982
Epoch: 15 loss: 0.5672 accuracy: 0.7194 val_loss: 0.3320 val_accuracy: 0.8982
Epoch: 16 loss: 0.5674 accuracy: 0.7193 val_loss: 0.3528 val_accuracy: 0.8982
Epoch: 17 loss: 0.5670 accuracy: 0.7193 val_loss: 0.3550 val_accuracy: 0.8976
Epoch: 18 loss: 0.5642 accuracy: 0.7197 val_loss: 0.3351 val_accuracy: 0.8982
Epoch: 19 loss: 0.5647 accuracy: 0.7206 val_loss: 0.3286 val_accuracy: 0.8982
Epoch: 20 loss: 0.5636 accuracy: 0.7208 val_loss: 0.3258 val_accuracy: 0.8982
Job ended!
