Fri 01 Mar 2024 03:05:16 AM EST
Python 3.9.7
nvcc: NVIDIA (R) Cuda compiler driver
Copyright (c) 2005-2019 NVIDIA Corporation
Built on Sun_Jul_28_19:07:16_PDT_2019
Cuda compilation tools, release 10.1, V10.1.243
My SLURM_ARRAY_TASK_ID: 
DB: ['ISIC2016', 'ISIC2017', 'ISIC2018', 'ISIC2019', 'ISIC2020', 'PH2', 'PAD_UFES_20', 'MEDNODE']
IMG_SIZE: [150, 150]
CLASSIFIER: EfficientNetB1
SELF_AUG: 1
JOB_INDEX: None
Combining...
Combining 1 db out of 8 dbs
Combining 2 db out of 8 dbs
Combining 3 db out of 8 dbs
Combining 4 db out of 8 dbs
Combining 5 db out of 8 dbs
Combining 6 db out of 8 dbs
Combining 7 db out of 8 dbs
Combining 8 db out of 8 dbs
Stacking training images
Stacking training labels
Stacking validation images
Stacking validation labels
Model: "sequential"
_________________________________________________________________
Layer (type)                 Output Shape              Param #   
=================================================================
efficientnetb1 (Functional)  (None, 1280)              6575239   
_________________________________________________________________
dense (Dense)                (None, 512)               655872    
_________________________________________________________________
dropout (Dropout)            (None, 512)               0         
_________________________________________________________________
batch_normalization (BatchNo (None, 512)               2048      
_________________________________________________________________
dense_1 (Dense)              (None, 256)               131328    
_________________________________________________________________
dropout_1 (Dropout)          (None, 256)               0         
_________________________________________________________________
batch_normalization_1 (Batch (None, 256)               1024      
_________________________________________________________________
dense_2 (Dense)              (None, 2)                 514       
=================================================================
Total params: 7,366,025
Trainable params: 789,250
Non-trainable params: 6,576,775
_________________________________________________________________
Fitting ISIC2016+ISIC2017+ISIC2018+ISIC2019+ISIC2020+PH2+PAD_UFES_20+MEDNODE_aug_EfficientNetB1_150h_150w_None model...
model_name: ISIC2016+ISIC2017+ISIC2018+ISIC2019+ISIC2020+PH2+PAD_UFES_20+MEDNODE_aug_EfficientNetB1_150h_150w_None
Epoch: 1 loss: 0.4853 accuracy: 0.7779 val_loss: 0.2059 val_accuracy: 0.9246
Epoch: 2 loss: 0.3938 accuracy: 0.8138 val_loss: 0.1983 val_accuracy: 0.9249
Epoch: 3 loss: 0.3739 accuracy: 0.8242 val_loss: 0.1986 val_accuracy: 0.9260
Epoch: 4 loss: 0.3606 accuracy: 0.8320 val_loss: 0.1860 val_accuracy: 0.9315
Epoch: 5 loss: 0.3530 accuracy: 0.8359 val_loss: 0.1921 val_accuracy: 0.9309
Epoch: 6 loss: 0.3479 accuracy: 0.8392 val_loss: 0.1835 val_accuracy: 0.9325
Epoch: 7 loss: 0.3430 accuracy: 0.8420 val_loss: 0.1809 val_accuracy: 0.9328
Epoch: 8 loss: 0.3376 accuracy: 0.8429 val_loss: 0.1773 val_accuracy: 0.9348
Epoch: 9 loss: 0.3343 accuracy: 0.8462 val_loss: 0.1752 val_accuracy: 0.9353
Epoch: 10 loss: 0.3306 accuracy: 0.8467 val_loss: 0.1810 val_accuracy: 0.9338
Epoch: 11 loss: 0.3273 accuracy: 0.8483 val_loss: 0.1771 val_accuracy: 0.9343
Epoch: 12 loss: 0.3252 accuracy: 0.8500 val_loss: 0.1718 val_accuracy: 0.9365
Epoch: 13 loss: 0.3201 accuracy: 0.8524 val_loss: 0.1705 val_accuracy: 0.9366
Epoch: 14 loss: 0.3181 accuracy: 0.8534 val_loss: 0.1723 val_accuracy: 0.9370
Epoch: 15 loss: 0.3155 accuracy: 0.8542 val_loss: 0.1699 val_accuracy: 0.9360
Epoch: 16 loss: 0.3132 accuracy: 0.8562 val_loss: 0.1664 val_accuracy: 0.9396
Epoch: 17 loss: 0.3109 accuracy: 0.8574 val_loss: 0.1686 val_accuracy: 0.9393
Epoch: 18 loss: 0.3084 accuracy: 0.8578 val_loss: 0.1656 val_accuracy: 0.9392
Epoch: 19 loss: 0.3053 accuracy: 0.8601 val_loss: 0.1699 val_accuracy: 0.9407
Epoch: 20 loss: 0.3045 accuracy: 0.8611 val_loss: 0.1688 val_accuracy: 0.9385
Job ended!
