Tue 27 Feb 2024 06:41:37 AM EST
Python 3.9.7
nvcc: NVIDIA (R) Cuda compiler driver
Copyright (c) 2005-2019 NVIDIA Corporation
Built on Sun_Jul_28_19:07:16_PDT_2019
Cuda compilation tools, release 10.1, V10.1.243
My SLURM_ARRAY_TASK_ID: 
DB: ['ISIC2016', 'ISIC2019', 'ISIC2020']
IMG_SIZE: [150, 150]
CLASSIFIER: EfficientNetB1
SELF_AUG: 1
JOB_INDEX: None
Combining...
Combining 1 db out of 3 dbs
Combining 2 db out of 3 dbs
Combining 3 db out of 3 dbs
Stacking training images
Stacking training labels
Stacking validation images
Stacking validation labels
Model: "sequential"
_________________________________________________________________
Layer (type)                 Output Shape              Param #   
=================================================================
efficientnetb1 (Functional)  (None, 1280)              6575239   
_________________________________________________________________
dense (Dense)                (None, 512)               655872    
_________________________________________________________________
dropout (Dropout)            (None, 512)               0         
_________________________________________________________________
batch_normalization (BatchNo (None, 512)               2048      
_________________________________________________________________
dense_1 (Dense)              (None, 256)               131328    
_________________________________________________________________
dropout_1 (Dropout)          (None, 256)               0         
_________________________________________________________________
batch_normalization_1 (Batch (None, 256)               1024      
_________________________________________________________________
dense_2 (Dense)              (None, 2)                 514       
=================================================================
Total params: 7,366,025
Trainable params: 789,250
Non-trainable params: 6,576,775
_________________________________________________________________
Fitting ISIC2016+ISIC2019+ISIC2020_aug_EfficientNetB1_150h_150w_None model...
model_name: ISIC2016+ISIC2019+ISIC2020_aug_EfficientNetB1_150h_150w_None
Epoch: 1 loss: 0.5706 accuracy: 0.7208 val_loss: 0.4039 val_accuracy: 0.9154
Epoch: 2 loss: 0.5562 accuracy: 0.7287 val_loss: 0.4083 val_accuracy: 0.9047
Epoch: 3 loss: 0.5536 accuracy: 0.7315 val_loss: 0.5042 val_accuracy: 0.8446
Epoch: 4 loss: 0.5508 accuracy: 0.7330 val_loss: 0.3584 val_accuracy: 0.9130
Epoch: 5 loss: 0.5494 accuracy: 0.7323 val_loss: 0.4592 val_accuracy: 0.9080
Epoch: 6 loss: 0.5485 accuracy: 0.7318 val_loss: 0.3895 val_accuracy: 0.9146
Epoch: 7 loss: 0.5468 accuracy: 0.7334 val_loss: 0.4636 val_accuracy: 0.8955
Epoch: 8 loss: 0.5458 accuracy: 0.7327 val_loss: 0.3784 val_accuracy: 0.9146
Epoch: 9 loss: 0.5444 accuracy: 0.7326 val_loss: 0.4445 val_accuracy: 0.9042
Epoch: 10 loss: 0.5434 accuracy: 0.7330 val_loss: 0.4573 val_accuracy: 0.9010
Epoch: 11 loss: 0.5435 accuracy: 0.7305 val_loss: 0.3555 val_accuracy: 0.9148
Epoch: 12 loss: 0.5413 accuracy: 0.7316 val_loss: 0.3293 val_accuracy: 0.9154
Epoch: 13 loss: 0.5390 accuracy: 0.7343 val_loss: 0.3531 val_accuracy: 0.9138
Epoch: 14 loss: 0.5376 accuracy: 0.7337 val_loss: 0.4975 val_accuracy: 0.8206
Epoch: 15 loss: 0.5371 accuracy: 0.7307 val_loss: 0.4425 val_accuracy: 0.9143
Epoch: 16 loss: 0.5362 accuracy: 0.7312 val_loss: 0.4363 val_accuracy: 0.9137
Epoch: 17 loss: 0.5331 accuracy: 0.7314 val_loss: 0.2910 val_accuracy: 0.9153
Epoch: 18 loss: 0.5299 accuracy: 0.7319 val_loss: 0.5109 val_accuracy: 0.8553
Epoch: 19 loss: 0.5264 accuracy: 0.7320 val_loss: 0.3589 val_accuracy: 0.9042
Epoch: 20 loss: 0.5249 accuracy: 0.7317 val_loss: 0.3864 val_accuracy: 0.9079
Job ended!
