Tue 27 Feb 2024 06:34:26 AM EST
Python 3.9.7
nvcc: NVIDIA (R) Cuda compiler driver
Copyright (c) 2005-2019 NVIDIA Corporation
Built on Sun_Jul_28_19:07:16_PDT_2019
Cuda compilation tools, release 10.1, V10.1.243
My SLURM_ARRAY_TASK_ID: 
DB: ['ISIC2016', 'ISIC2017', 'ISIC2018', 'PAD_UFES_20', 'MEDNODE']
IMG_SIZE: [150, 150]
CLASSIFIER: EfficientNetB1
SELF_AUG: 1
JOB_INDEX: None
Combining...
Combining 1 db out of 5 dbs
Combining 2 db out of 5 dbs
Combining 3 db out of 5 dbs
Combining 4 db out of 5 dbs
Combining 5 db out of 5 dbs
Stacking training images
Stacking training labels
Stacking validation images
Stacking validation labels
Model: "sequential"
_________________________________________________________________
Layer (type)                 Output Shape              Param #   
=================================================================
efficientnetb1 (Functional)  (None, 1280)              6575239   
_________________________________________________________________
dense (Dense)                (None, 512)               655872    
_________________________________________________________________
dropout (Dropout)            (None, 512)               0         
_________________________________________________________________
batch_normalization (BatchNo (None, 512)               2048      
_________________________________________________________________
dense_1 (Dense)              (None, 256)               131328    
_________________________________________________________________
dropout_1 (Dropout)          (None, 256)               0         
_________________________________________________________________
batch_normalization_1 (Batch (None, 256)               1024      
_________________________________________________________________
dense_2 (Dense)              (None, 2)                 514       
=================================================================
Total params: 7,366,025
Trainable params: 789,250
Non-trainable params: 6,576,775
_________________________________________________________________
Fitting ISIC2016+ISIC2017+ISIC2018+PAD_UFES_20+MEDNODE_aug_EfficientNetB1_150h_150w_None model...
model_name: ISIC2016+ISIC2017+ISIC2018+PAD_UFES_20+MEDNODE_aug_EfficientNetB1_150h_150w_None
Epoch: 1 loss: 0.6191 accuracy: 0.6938 val_loss: 0.4367 val_accuracy: 0.8918
Epoch: 2 loss: 0.5945 accuracy: 0.7186 val_loss: 0.4336 val_accuracy: 0.8918
Epoch: 3 loss: 0.5940 accuracy: 0.7190 val_loss: 0.4259 val_accuracy: 0.8918
Epoch: 4 loss: 0.5937 accuracy: 0.7187 val_loss: 0.4123 val_accuracy: 0.8918
Epoch: 5 loss: 0.5926 accuracy: 0.7188 val_loss: 0.4310 val_accuracy: 0.8918
Epoch: 6 loss: 0.5921 accuracy: 0.7189 val_loss: 0.4544 val_accuracy: 0.8918
Epoch: 7 loss: 0.5912 accuracy: 0.7188 val_loss: 0.4138 val_accuracy: 0.8918
Epoch: 8 loss: 0.5895 accuracy: 0.7188 val_loss: 0.4107 val_accuracy: 0.8918
Epoch: 9 loss: 0.5892 accuracy: 0.7192 val_loss: 0.4142 val_accuracy: 0.8918
Epoch: 10 loss: 0.5887 accuracy: 0.7201 val_loss: 0.4357 val_accuracy: 0.8918
Epoch: 11 loss: 0.5894 accuracy: 0.7202 val_loss: 0.3907 val_accuracy: 0.8918
Epoch: 12 loss: 0.5885 accuracy: 0.7206 val_loss: 0.4315 val_accuracy: 0.8909
Epoch: 13 loss: 0.5884 accuracy: 0.7203 val_loss: 0.4255 val_accuracy: 0.8918
Epoch: 14 loss: 0.5890 accuracy: 0.7198 val_loss: 0.4267 val_accuracy: 0.8918
Epoch: 15 loss: 0.5879 accuracy: 0.7198 val_loss: 0.4237 val_accuracy: 0.8918
Epoch: 16 loss: 0.5877 accuracy: 0.7203 val_loss: 0.4696 val_accuracy: 0.8810
Epoch: 17 loss: 0.5875 accuracy: 0.7203 val_loss: 0.4105 val_accuracy: 0.8918
Epoch: 18 loss: 0.5873 accuracy: 0.7211 val_loss: 0.4257 val_accuracy: 0.8918
Epoch: 19 loss: 0.5884 accuracy: 0.7210 val_loss: 0.4291 val_accuracy: 0.8918
Epoch: 20 loss: 0.5873 accuracy: 0.7208 val_loss: 0.4120 val_accuracy: 0.8918
Job ended!
