Tue 27 Feb 2024 06:06:03 AM EST
Python 3.9.7
nvcc: NVIDIA (R) Cuda compiler driver
Copyright (c) 2005-2019 NVIDIA Corporation
Built on Sun_Jul_28_19:07:16_PDT_2019
Cuda compilation tools, release 10.1, V10.1.243
My SLURM_ARRAY_TASK_ID: 
DB: ['ISIC2016', 'ISIC2017', 'ISIC2018', 'ISIC2019', 'ISIC2020', 'PH2', '_7_point_criteria', 'PAD_UFES_20', 'MEDNODE']
IMG_SIZE: [150, 150]
CLASSIFIER: EfficientNetB1
SELF_AUG: 1
JOB_INDEX: None
Combining...
Combining 1 db out of 9 dbs
Combining 2 db out of 9 dbs
Combining 3 db out of 9 dbs
Combining 4 db out of 9 dbs
Combining 5 db out of 9 dbs
Combining 6 db out of 9 dbs
Combining 7 db out of 9 dbs
Combining 8 db out of 9 dbs
Combining 9 db out of 9 dbs
Stacking training images
Stacking training labels
Stacking validation images
Stacking validation labels
Model: "sequential"
_________________________________________________________________
Layer (type)                 Output Shape              Param #   
=================================================================
efficientnetb1 (Functional)  (None, 1280)              6575239   
_________________________________________________________________
dense (Dense)                (None, 512)               655872    
_________________________________________________________________
dropout (Dropout)            (None, 512)               0         
_________________________________________________________________
batch_normalization (BatchNo (None, 512)               2048      
_________________________________________________________________
dense_1 (Dense)              (None, 256)               131328    
_________________________________________________________________
dropout_1 (Dropout)          (None, 256)               0         
_________________________________________________________________
batch_normalization_1 (Batch (None, 256)               1024      
_________________________________________________________________
dense_2 (Dense)              (None, 2)                 514       
=================================================================
Total params: 7,366,025
Trainable params: 789,250
Non-trainable params: 6,576,775
_________________________________________________________________
Fitting ISIC2016+ISIC2017+ISIC2018+ISIC2019+ISIC2020+PH2+_7_point_criteria+PAD_UFES_20+MEDNODE_aug_EfficientNetB1_150h_150w_None model...
model_name: ISIC2016+ISIC2017+ISIC2018+ISIC2019+ISIC2020+PH2+_7_point_criteria+PAD_UFES_20+MEDNODE_aug_EfficientNetB1_150h_150w_None
Epoch: 1 loss: 0.5819 accuracy: 0.7212 val_loss: 0.3876 val_accuracy: 0.9102
Epoch: 2 loss: 0.5678 accuracy: 0.7314 val_loss: 0.4097 val_accuracy: 0.9071
Epoch: 3 loss: 0.5650 accuracy: 0.7319 val_loss: 0.3772 val_accuracy: 0.9095
Epoch: 4 loss: 0.5623 accuracy: 0.7330 val_loss: 0.3489 val_accuracy: 0.9110
Epoch: 5 loss: 0.5595 accuracy: 0.7337 val_loss: 0.3159 val_accuracy: 0.9118
Epoch: 6 loss: 0.5589 accuracy: 0.7337 val_loss: 0.3497 val_accuracy: 0.9112
Epoch: 7 loss: 0.5569 accuracy: 0.7346 val_loss: 0.3868 val_accuracy: 0.9050
Epoch: 8 loss: 0.5577 accuracy: 0.7339 val_loss: 0.3151 val_accuracy: 0.9118
Epoch: 9 loss: 0.5568 accuracy: 0.7346 val_loss: 0.3278 val_accuracy: 0.9112
Epoch: 10 loss: 0.5560 accuracy: 0.7347 val_loss: 0.4277 val_accuracy: 0.8982
Epoch: 11 loss: 0.5549 accuracy: 0.7344 val_loss: 0.4907 val_accuracy: 0.8756
Epoch: 12 loss: 0.5549 accuracy: 0.7344 val_loss: 0.3255 val_accuracy: 0.9113
Epoch: 13 loss: 0.5553 accuracy: 0.7339 val_loss: 0.3739 val_accuracy: 0.9103
Epoch: 14 loss: 0.5544 accuracy: 0.7336 val_loss: 0.3517 val_accuracy: 0.9102
Epoch: 15 loss: 0.5536 accuracy: 0.7346 val_loss: 0.3496 val_accuracy: 0.9092
Epoch: 16 loss: 0.5532 accuracy: 0.7338 val_loss: 0.4498 val_accuracy: 0.8908
Epoch: 17 loss: 0.5519 accuracy: 0.7347 val_loss: 0.3557 val_accuracy: 0.9087
Epoch: 18 loss: 0.5518 accuracy: 0.7346 val_loss: 0.3159 val_accuracy: 0.9118
Epoch: 19 loss: 0.5515 accuracy: 0.7349 val_loss: 0.3689 val_accuracy: 0.9065
Epoch: 20 loss: 0.5505 accuracy: 0.7345 val_loss: 0.3362 val_accuracy: 0.9095
Job ended!
