Fri 01 Mar 2024 04:00:38 AM EST
Python 3.9.7
nvcc: NVIDIA (R) Cuda compiler driver
Copyright (c) 2005-2019 NVIDIA Corporation
Built on Sun_Jul_28_19:07:16_PDT_2019
Cuda compilation tools, release 10.1, V10.1.243
My SLURM_ARRAY_TASK_ID: 
DB: ['ISIC2016', 'PAD_UFES_20']
IMG_SIZE: [150, 150]
CLASSIFIER: EfficientNetB1
SELF_AUG: 1
JOB_INDEX: None
Combining...
Combining 1 db out of 2 dbs
Combining 2 db out of 2 dbs
Stacking training images
Stacking training labels
Stacking validation images
Stacking validation labels
Model: "sequential"
_________________________________________________________________
Layer (type)                 Output Shape              Param #   
=================================================================
efficientnetb1 (Functional)  (None, 1280)              6575239   
_________________________________________________________________
dense (Dense)                (None, 512)               655872    
_________________________________________________________________
dropout (Dropout)            (None, 512)               0         
_________________________________________________________________
batch_normalization (BatchNo (None, 512)               2048      
_________________________________________________________________
dense_1 (Dense)              (None, 256)               131328    
_________________________________________________________________
dropout_1 (Dropout)          (None, 256)               0         
_________________________________________________________________
batch_normalization_1 (Batch (None, 256)               1024      
_________________________________________________________________
dense_2 (Dense)              (None, 2)                 514       
=================================================================
Total params: 7,366,025
Trainable params: 789,250
Non-trainable params: 6,576,775
_________________________________________________________________
Fitting ISIC2016+PAD_UFES_20_aug_EfficientNetB1_150h_150w_None model...
model_name: ISIC2016+PAD_UFES_20_aug_EfficientNetB1_150h_150w_None
Epoch: 1 loss: 0.7307 accuracy: 0.6627 val_loss: 0.3750 val_accuracy: 0.9141
Epoch: 2 loss: 0.5885 accuracy: 0.7331 val_loss: 0.3096 val_accuracy: 0.9172
Epoch: 3 loss: 0.5054 accuracy: 0.7773 val_loss: 0.2688 val_accuracy: 0.9000
Epoch: 4 loss: 0.4670 accuracy: 0.7931 val_loss: 0.2760 val_accuracy: 0.9094
Epoch: 5 loss: 0.4109 accuracy: 0.8168 val_loss: 0.2171 val_accuracy: 0.9219
Epoch: 6 loss: 0.3856 accuracy: 0.8397 val_loss: 0.2475 val_accuracy: 0.9000
Epoch: 7 loss: 0.3505 accuracy: 0.8504 val_loss: 0.2120 val_accuracy: 0.9172
Epoch: 8 loss: 0.3370 accuracy: 0.8576 val_loss: 0.2132 val_accuracy: 0.9172
Epoch: 9 loss: 0.3181 accuracy: 0.8627 val_loss: 0.1944 val_accuracy: 0.9266
Epoch: 10 loss: 0.3132 accuracy: 0.8669 val_loss: 0.1958 val_accuracy: 0.9266
Epoch: 11 loss: 0.2991 accuracy: 0.8696 val_loss: 0.2133 val_accuracy: 0.9203
Epoch: 12 loss: 0.2808 accuracy: 0.8808 val_loss: 0.1966 val_accuracy: 0.9312
Epoch: 13 loss: 0.2698 accuracy: 0.8896 val_loss: 0.1786 val_accuracy: 0.9344
Epoch: 14 loss: 0.2767 accuracy: 0.8795 val_loss: 0.2010 val_accuracy: 0.9297
Epoch: 15 loss: 0.2635 accuracy: 0.8883 val_loss: 0.2068 val_accuracy: 0.9250
Epoch: 16 loss: 0.2439 accuracy: 0.8981 val_loss: 0.2025 val_accuracy: 0.9375
Epoch: 17 loss: 0.2413 accuracy: 0.8989 val_loss: 0.2085 val_accuracy: 0.9203
Epoch: 18 loss: 0.2434 accuracy: 0.8928 val_loss: 0.2166 val_accuracy: 0.9250
Epoch: 19 loss: 0.2216 accuracy: 0.9080 val_loss: 0.1961 val_accuracy: 0.9312
Epoch: 20 loss: 0.2181 accuracy: 0.9059 val_loss: 0.1967 val_accuracy: 0.9250
Job ended!
