Fri 03 May 2024 01:56:38 AM EDT
Python 3.9.7
nvcc: NVIDIA (R) Cuda compiler driver
Copyright (c) 2005-2019 NVIDIA Corporation
Built on Sun_Jul_28_19:07:16_PDT_2019
Cuda compilation tools, release 10.1, V10.1.243
My SLURM_ARRAY_TASK_ID: 
DB: ['ISIC2016', 'ISIC2017', 'ISIC2018', 'ISIC2019', 'ISIC2020', 'PH2', 'MEDNODE', 'KaggleMB']
IMG_SIZE: [384, 384]
CLASSIFIER: EfficientNetB1
JOB_INDEX: None
Start training augmented images
Combining...
Combining 1th db out of 8 dbs
Combining 2th db out of 8 dbs
Combining 3th db out of 8 dbs
Combining 4th db out of 8 dbs
Combining 5th db out of 8 dbs
Combining 6th db out of 8 dbs
Combining 7th db out of 8 dbs
Combining 8th db out of 8 dbs
Stacking data
Combining complete
Model: "sequential"
_________________________________________________________________
Layer (type)                 Output Shape              Param #   
=================================================================
efficientnetb1 (Functional)  (None, 1280)              6575239   
_________________________________________________________________
dense (Dense)                (None, 512)               655872    
_________________________________________________________________
dropout (Dropout)            (None, 512)               0         
_________________________________________________________________
batch_normalization (BatchNo (None, 512)               2048      
_________________________________________________________________
dense_1 (Dense)              (None, 256)               131328    
_________________________________________________________________
batch_normalization_1 (Batch (None, 256)               1024      
_________________________________________________________________
dense_2 (Dense)              (None, 2)                 514       
=================================================================
Total params: 7,366,025
Trainable params: 789,250
Non-trainable params: 6,576,775
_________________________________________________________________
Fitting ISIC2016+ISIC2017+ISIC2018+ISIC2019+ISIC2020+PH2+MEDNODE+KaggleMB_aug_EfficientNetB1_384h_384w_None model...
model_name: ISIC2016+ISIC2017+ISIC2018+ISIC2019+ISIC2020+PH2+MEDNODE+KaggleMB_aug_EfficientNetB1_384h_384w_None
Epoch: 1 loss: 1.0773 accuracy: 0.6591 val_loss: 0.8244 val_accuracy: 0.8941
Epoch: 2 loss: 0.9255 accuracy: 0.7074 val_loss: 0.7406 val_accuracy: 0.8941
Epoch: 3 loss: 0.8393 accuracy: 0.7087 val_loss: 0.5912 val_accuracy: 0.8941
Epoch: 4 loss: 0.7630 accuracy: 0.7115 val_loss: 0.5599 val_accuracy: 0.8941
Epoch: 5 loss: 0.7068 accuracy: 0.7109 val_loss: 0.5284 val_accuracy: 0.8941
Epoch: 6 loss: 0.6690 accuracy: 0.7124 val_loss: 0.4740 val_accuracy: 0.8941
Epoch: 7 loss: 0.6499 accuracy: 0.7095 val_loss: 0.4976 val_accuracy: 0.8941
Epoch: 8 loss: 0.6371 accuracy: 0.7108 val_loss: 0.5012 val_accuracy: 0.8941
Epoch: 9 loss: 0.6324 accuracy: 0.7070 val_loss: 0.5201 val_accuracy: 0.8941
Epoch: 10 loss: 0.6225 accuracy: 0.7122 val_loss: 0.3965 val_accuracy: 0.8941
Epoch: 11 loss: 0.6196 accuracy: 0.7115 val_loss: 0.4679 val_accuracy: 0.8941
Epoch: 12 loss: 0.6165 accuracy: 0.7111 val_loss: 0.4457 val_accuracy: 0.8941
Epoch: 13 loss: 0.6148 accuracy: 0.7104 val_loss: 0.4729 val_accuracy: 0.8941
Epoch: 14 loss: 0.6119 accuracy: 0.7126 val_loss: 0.4508 val_accuracy: 0.8941
Epoch: 15 loss: 0.6130 accuracy: 0.7095 val_loss: 0.4634 val_accuracy: 0.8941

Epoch 00015: ReduceLROnPlateau reducing learning rate to 7.999999797903001e-05.
Epoch: 16 loss: 0.6094 accuracy: 0.7115 val_loss: 0.4804 val_accuracy: 0.8941
Epoch: 17 loss: 0.6103 accuracy: 0.7100 val_loss: 0.4723 val_accuracy: 0.8941
Epoch: 18 loss: 0.6082 accuracy: 0.7115 val_loss: 0.4382 val_accuracy: 0.8941
Epoch: 19 loss: 0.6093 accuracy: 0.7098 val_loss: 0.4244 val_accuracy: 0.8941
Epoch: 20 loss: 0.6065 accuracy: 0.7121 val_loss: 0.4392 val_accuracy: 0.8941

Epoch 00020: ReduceLROnPlateau reducing learning rate to 6.399999838322402e-05.
End of augmented training
Finish
Job ended!
