Fri 01 Mar 2024 02:54:05 AM EST
Python 3.9.7
nvcc: NVIDIA (R) Cuda compiler driver
Copyright (c) 2005-2019 NVIDIA Corporation
Built on Sun_Jul_28_19:07:16_PDT_2019
Cuda compilation tools, release 10.1, V10.1.243
My SLURM_ARRAY_TASK_ID: 
DB: ['ISIC2016', 'ISIC2017', 'ISIC2018', 'ISIC2019', 'ISIC2020', 'PH2', '_7_point_criteria', 'PAD_UFES_20', 'MEDNODE']
IMG_SIZE: [150, 150]
CLASSIFIER: EfficientNetB1
SELF_AUG: 1
JOB_INDEX: None
Combining...
Combining 1 db out of 9 dbs
Combining 2 db out of 9 dbs
Combining 3 db out of 9 dbs
Combining 4 db out of 9 dbs
Combining 5 db out of 9 dbs
Combining 6 db out of 9 dbs
Combining 7 db out of 9 dbs
Combining 8 db out of 9 dbs
Combining 9 db out of 9 dbs
Stacking training images
Stacking training labels
Stacking validation images
Stacking validation labels
Model: "sequential"
_________________________________________________________________
Layer (type)                 Output Shape              Param #   
=================================================================
efficientnetb1 (Functional)  (None, 1280)              6575239   
_________________________________________________________________
dense (Dense)                (None, 512)               655872    
_________________________________________________________________
dropout (Dropout)            (None, 512)               0         
_________________________________________________________________
batch_normalization (BatchNo (None, 512)               2048      
_________________________________________________________________
dense_1 (Dense)              (None, 256)               131328    
_________________________________________________________________
dropout_1 (Dropout)          (None, 256)               0         
_________________________________________________________________
batch_normalization_1 (Batch (None, 256)               1024      
_________________________________________________________________
dense_2 (Dense)              (None, 2)                 514       
=================================================================
Total params: 7,366,025
Trainable params: 789,250
Non-trainable params: 6,576,775
_________________________________________________________________
Fitting ISIC2016+ISIC2017+ISIC2018+ISIC2019+ISIC2020+PH2+_7_point_criteria+PAD_UFES_20+MEDNODE_aug_EfficientNetB1_150h_150w_None model...
model_name: ISIC2016+ISIC2017+ISIC2018+ISIC2019+ISIC2020+PH2+_7_point_criteria+PAD_UFES_20+MEDNODE_aug_EfficientNetB1_150h_150w_None
Epoch: 1 loss: 0.4775 accuracy: 0.7778 val_loss: 0.2119 val_accuracy: 0.9224
Epoch: 2 loss: 0.3934 accuracy: 0.8136 val_loss: 0.2057 val_accuracy: 0.9245
Epoch: 3 loss: 0.3743 accuracy: 0.8231 val_loss: 0.2050 val_accuracy: 0.9266
Epoch: 4 loss: 0.3625 accuracy: 0.8314 val_loss: 0.1954 val_accuracy: 0.9269
Epoch: 5 loss: 0.3546 accuracy: 0.8345 val_loss: 0.1938 val_accuracy: 0.9281
Epoch: 6 loss: 0.3488 accuracy: 0.8370 val_loss: 0.1956 val_accuracy: 0.9274
Epoch: 7 loss: 0.3443 accuracy: 0.8408 val_loss: 0.1897 val_accuracy: 0.9298
Epoch: 8 loss: 0.3393 accuracy: 0.8441 val_loss: 0.1873 val_accuracy: 0.9306
Epoch: 9 loss: 0.3358 accuracy: 0.8441 val_loss: 0.1885 val_accuracy: 0.9288
Epoch: 10 loss: 0.3297 accuracy: 0.8480 val_loss: 0.1866 val_accuracy: 0.9309
Epoch: 11 loss: 0.3285 accuracy: 0.8476 val_loss: 0.1854 val_accuracy: 0.9322
Epoch: 12 loss: 0.3233 accuracy: 0.8501 val_loss: 0.1853 val_accuracy: 0.9322
Epoch: 13 loss: 0.3209 accuracy: 0.8520 val_loss: 0.1788 val_accuracy: 0.9352
Epoch: 14 loss: 0.3158 accuracy: 0.8544 val_loss: 0.1831 val_accuracy: 0.9293
Epoch: 15 loss: 0.3134 accuracy: 0.8556 val_loss: 0.1793 val_accuracy: 0.9332
Epoch: 16 loss: 0.3118 accuracy: 0.8570 val_loss: 0.1753 val_accuracy: 0.9353
Epoch: 17 loss: 0.3103 accuracy: 0.8576 val_loss: 0.1791 val_accuracy: 0.9369
Epoch: 18 loss: 0.3068 accuracy: 0.8585 val_loss: 0.1793 val_accuracy: 0.9370
Epoch: 19 loss: 0.3041 accuracy: 0.8611 val_loss: 0.1854 val_accuracy: 0.9341
Epoch: 20 loss: 0.3038 accuracy: 0.8610 val_loss: 0.1757 val_accuracy: 0.9368
Job ended!
