Fri 01 Mar 2024 02:34:14 AM EST
Python 3.9.7
nvcc: NVIDIA (R) Cuda compiler driver
Copyright (c) 2005-2019 NVIDIA Corporation
Built on Sun_Jul_28_19:07:16_PDT_2019
Cuda compilation tools, release 10.1, V10.1.243
My SLURM_ARRAY_TASK_ID: 
DB: ['ISIC2016', '_7_point_criteria', 'PAD_UFES_20']
IMG_SIZE: [150, 150]
CLASSIFIER: EfficientNetB1
SELF_AUG: 1
JOB_INDEX: None
Combining...
Combining 1 db out of 3 dbs
Combining 2 db out of 3 dbs
Combining 3 db out of 3 dbs
Stacking training images
Stacking training labels
Stacking validation images
Stacking validation labels
Model: "sequential"
_________________________________________________________________
Layer (type)                 Output Shape              Param #   
=================================================================
efficientnetb1 (Functional)  (None, 1280)              6575239   
_________________________________________________________________
dense (Dense)                (None, 512)               655872    
_________________________________________________________________
dropout (Dropout)            (None, 512)               0         
_________________________________________________________________
batch_normalization (BatchNo (None, 512)               2048      
_________________________________________________________________
dense_1 (Dense)              (None, 256)               131328    
_________________________________________________________________
dropout_1 (Dropout)          (None, 256)               0         
_________________________________________________________________
batch_normalization_1 (Batch (None, 256)               1024      
_________________________________________________________________
dense_2 (Dense)              (None, 2)                 514       
=================================================================
Total params: 7,366,025
Trainable params: 789,250
Non-trainable params: 6,576,775
_________________________________________________________________
Fitting ISIC2016+_7_point_criteria+PAD_UFES_20_aug_EfficientNetB1_150h_150w_None model...
model_name: ISIC2016+_7_point_criteria+PAD_UFES_20_aug_EfficientNetB1_150h_150w_None
Epoch: 1 loss: 0.7552 accuracy: 0.6546 val_loss: 0.4331 val_accuracy: 0.8624
Epoch: 2 loss: 0.5747 accuracy: 0.7367 val_loss: 0.3437 val_accuracy: 0.8766
Epoch: 3 loss: 0.5099 accuracy: 0.7739 val_loss: 0.3270 val_accuracy: 0.8802
Epoch: 4 loss: 0.4650 accuracy: 0.7901 val_loss: 0.3070 val_accuracy: 0.8873
Epoch: 5 loss: 0.4109 accuracy: 0.8154 val_loss: 0.2947 val_accuracy: 0.8944
Epoch: 6 loss: 0.3912 accuracy: 0.8211 val_loss: 0.2893 val_accuracy: 0.8956
Epoch: 7 loss: 0.3608 accuracy: 0.8423 val_loss: 0.2924 val_accuracy: 0.8932
Epoch: 8 loss: 0.3483 accuracy: 0.8444 val_loss: 0.2730 val_accuracy: 0.8992
Epoch: 9 loss: 0.3374 accuracy: 0.8531 val_loss: 0.2830 val_accuracy: 0.9027
Epoch: 10 loss: 0.3165 accuracy: 0.8617 val_loss: 0.2818 val_accuracy: 0.8968
Epoch: 11 loss: 0.2966 accuracy: 0.8731 val_loss: 0.2859 val_accuracy: 0.8932
Epoch: 12 loss: 0.2872 accuracy: 0.8722 val_loss: 0.2934 val_accuracy: 0.8921
Epoch: 13 loss: 0.2893 accuracy: 0.8768 val_loss: 0.2899 val_accuracy: 0.8956
Epoch: 14 loss: 0.2728 accuracy: 0.8857 val_loss: 0.3024 val_accuracy: 0.8873
Epoch: 15 loss: 0.2688 accuracy: 0.8862 val_loss: 0.2989 val_accuracy: 0.8932
Epoch: 16 loss: 0.2488 accuracy: 0.8916 val_loss: 0.2967 val_accuracy: 0.9004
Epoch: 17 loss: 0.2511 accuracy: 0.8877 val_loss: 0.2977 val_accuracy: 0.8956
Epoch: 18 loss: 0.2389 accuracy: 0.8935 val_loss: 0.3150 val_accuracy: 0.8932
Epoch: 19 loss: 0.2438 accuracy: 0.8950 val_loss: 0.3028 val_accuracy: 0.8897
Epoch: 20 loss: 0.2411 accuracy: 0.8914 val_loss: 0.3405 val_accuracy: 0.8873
Job ended!
