Mon 26 Feb 2024 01:38:25 AM EST
Python 3.9.7
nvcc: NVIDIA (R) Cuda compiler driver
Copyright (c) 2005-2019 NVIDIA Corporation
Built on Sun_Jul_28_19:07:16_PDT_2019
Cuda compilation tools, release 10.1, V10.1.243
My SLURM_ARRAY_TASK_ID:  1
DB: ['ISIC2016', '_7_point_criteria', 'PAD_UFES_20', 'MEDNODE']
IMG_SIZE: [150, 150]
CLASSIFIER: ResNet101
JOB_INDEX: 1
Combining...
Combining 1 db out of 4 dbs
Combining 2 db out of 4 dbs
Combining 3 db out of 4 dbs
Combining 4 db out of 4 dbs
Stacking training images
Stacking training labels
Stacking validation images
Stacking validation labels
Combining...
Combining 1 db out of 4 dbs
Combining 2 db out of 4 dbs
Combining 3 db out of 4 dbs
Combining 4 db out of 4 dbs
Stacking training images
Stacking training labels
Stacking validation images
Stacking validation labels
Model: "sequential"
_________________________________________________________________
Layer (type)                 Output Shape              Param #   
=================================================================
resnet101 (Functional)       (None, 2048)              42658176  
_________________________________________________________________
dense (Dense)                (None, 512)               1049088   
_________________________________________________________________
dropout (Dropout)            (None, 512)               0         
_________________________________________________________________
batch_normalization (BatchNo (None, 512)               2048      
_________________________________________________________________
dense_1 (Dense)              (None, 256)               131328    
_________________________________________________________________
dropout_1 (Dropout)          (None, 256)               0         
_________________________________________________________________
batch_normalization_1 (Batch (None, 256)               1024      
_________________________________________________________________
dense_2 (Dense)              (None, 2)                 514       
=================================================================
Total params: 43,842,178
Trainable params: 1,182,466
Non-trainable params: 42,659,712
_________________________________________________________________
Fitting ISIC2016+_7_point_criteria+PAD_UFES_20+MEDNODE_noaug_ResNet101_150h_150w_1 model...
Epoch: 1 loss: 0.8965 accuracy: 0.5613 val_loss: 0.5564 val_accuracy: 0.8130
Epoch: 2 loss: 0.7815 accuracy: 0.5951 val_loss: 0.3942 val_accuracy: 0.8666
Epoch: 3 loss: 0.6745 accuracy: 0.6618 val_loss: 0.4035 val_accuracy: 0.8666
Epoch: 4 loss: 0.6006 accuracy: 0.7047 val_loss: 0.4122 val_accuracy: 0.8632
Epoch: 5 loss: 0.5632 accuracy: 0.7366 val_loss: 0.3745 val_accuracy: 0.8632
Epoch: 6 loss: 0.5047 accuracy: 0.7782 val_loss: 0.3716 val_accuracy: 0.8632
Epoch: 7 loss: 0.4762 accuracy: 0.8068 val_loss: 0.3689 val_accuracy: 0.8632
Epoch: 8 loss: 0.4610 accuracy: 0.8254 val_loss: 0.3817 val_accuracy: 0.8632
Epoch: 9 loss: 0.4388 accuracy: 0.8276 val_loss: 0.3743 val_accuracy: 0.8620
Epoch: 10 loss: 0.4241 accuracy: 0.8468 val_loss: 0.3831 val_accuracy: 0.8620
Epoch: 11 loss: 0.4096 accuracy: 0.8559 val_loss: 0.3878 val_accuracy: 0.8620
Epoch: 12 loss: 0.3918 accuracy: 0.8582 val_loss: 0.3856 val_accuracy: 0.8620
Epoch: 13 loss: 0.4056 accuracy: 0.8654 val_loss: 0.4824 val_accuracy: 0.8620
Epoch: 14 loss: 0.4005 accuracy: 0.8660 val_loss: 0.4273 val_accuracy: 0.8620
Epoch: 15 loss: 0.3835 accuracy: 0.8728 val_loss: 0.3800 val_accuracy: 0.8620
Epoch: 16 loss: 0.3885 accuracy: 0.8719 val_loss: 0.3604 val_accuracy: 0.8700
Epoch: 17 loss: 0.3990 accuracy: 0.8702 val_loss: 0.3595 val_accuracy: 0.8712
Epoch: 18 loss: 0.3806 accuracy: 0.8790 val_loss: 0.3617 val_accuracy: 0.8677
Epoch: 19 loss: 0.3728 accuracy: 0.8748 val_loss: 0.3557 val_accuracy: 0.8689
Epoch: 20 loss: 0.3770 accuracy: 0.8741 val_loss: 0.4266 val_accuracy: 0.8620
Fitting ISIC2016+_7_point_criteria+PAD_UFES_20+MEDNODE_aug_ResNet101_150h_150w_1 model...
Epoch: 1 loss: 0.7367 accuracy: 0.7237 val_loss: 0.4522 val_accuracy: 0.8620
Epoch: 2 loss: 0.6809 accuracy: 0.7196 val_loss: 0.4106 val_accuracy: 0.8620
Epoch: 3 loss: 0.6648 accuracy: 0.7113 val_loss: 0.4024 val_accuracy: 0.8620
Epoch: 4 loss: 0.6368 accuracy: 0.7111 val_loss: 0.3994 val_accuracy: 0.8620
Epoch: 5 loss: 0.6190 accuracy: 0.7096 val_loss: 0.3974 val_accuracy: 0.8620
Epoch: 6 loss: 0.6297 accuracy: 0.7120 val_loss: 0.5413 val_accuracy: 0.8723
Epoch: 7 loss: 0.6262 accuracy: 0.7037 val_loss: 0.4635 val_accuracy: 0.8620
Epoch: 8 loss: 0.6327 accuracy: 0.7054 val_loss: 0.4978 val_accuracy: 0.8620
Epoch: 9 loss: 0.6093 accuracy: 0.7091 val_loss: 0.4186 val_accuracy: 0.8620
Epoch: 10 loss: 0.6147 accuracy: 0.7091 val_loss: 0.4511 val_accuracy: 0.8620
Epoch: 11 loss: 0.5912 accuracy: 0.7293 val_loss: 0.4112 val_accuracy: 0.8620
Epoch: 12 loss: 0.5960 accuracy: 0.7157 val_loss: 0.4781 val_accuracy: 0.8609
Epoch: 13 loss: 0.6013 accuracy: 0.7215 val_loss: 0.4528 val_accuracy: 0.8609
Epoch: 14 loss: 0.6043 accuracy: 0.7215 val_loss: 0.4570 val_accuracy: 0.8609
Epoch: 15 loss: 0.6012 accuracy: 0.7226 val_loss: 0.5325 val_accuracy: 0.8609
Epoch: 16 loss: 0.5921 accuracy: 0.7230 val_loss: 0.5101 val_accuracy: 0.8609
Epoch: 17 loss: 0.5865 accuracy: 0.7243 val_loss: 0.5943 val_accuracy: 0.8609
Epoch: 18 loss: 0.5905 accuracy: 0.7256 val_loss: 0.5412 val_accuracy: 0.8609
Epoch: 19 loss: 0.5888 accuracy: 0.7259 val_loss: 0.4934 val_accuracy: 0.8609
Epoch: 20 loss: 0.5883 accuracy: 0.7254 val_loss: 0.4869 val_accuracy: 0.8609
Job ended!
