Mon 26 Feb 2024 01:15:51 AM EST
Python 3.9.7
nvcc: NVIDIA (R) Cuda compiler driver
Copyright (c) 2005-2019 NVIDIA Corporation
Built on Sun_Jul_28_19:07:16_PDT_2019
Cuda compilation tools, release 10.1, V10.1.243
My SLURM_ARRAY_TASK_ID:  1
DB: ['HAM10000']
IMG_SIZE: [150, 150]
CLASSIFIER: Xception
JOB_INDEX: 1
Combining...
Combining 1 db out of 1 dbs
Stacking training images
Stacking training labels
Stacking validation images
Stacking validation labels
Combining...
Combining 1 db out of 1 dbs
Stacking training images
Stacking training labels
Stacking validation images
Stacking validation labels
Model: "sequential"
_________________________________________________________________
Layer (type)                 Output Shape              Param #   
=================================================================
xception (Functional)        (None, 2048)              20861480  
_________________________________________________________________
dense (Dense)                (None, 512)               1049088   
_________________________________________________________________
dropout (Dropout)            (None, 512)               0         
_________________________________________________________________
batch_normalization_4 (Batch (None, 512)               2048      
_________________________________________________________________
dense_1 (Dense)              (None, 256)               131328    
_________________________________________________________________
dropout_1 (Dropout)          (None, 256)               0         
_________________________________________________________________
batch_normalization_5 (Batch (None, 256)               1024      
_________________________________________________________________
dense_2 (Dense)              (None, 2)                 514       
=================================================================
Total params: 22,045,482
Trainable params: 1,182,466
Non-trainable params: 20,863,016
_________________________________________________________________
Fitting HAM10000_noaug_Xception_150h_150w_1 model...
Epoch: 1 loss: 0.5819 accuracy: 0.7853 val_loss: 0.4012 val_accuracy: 0.9694
Epoch: 2 loss: 0.4254 accuracy: 0.8710 val_loss: 0.2551 val_accuracy: 0.9694
Epoch: 3 loss: 0.3862 accuracy: 0.8711 val_loss: 0.2153 val_accuracy: 0.9694
Epoch: 4 loss: 0.3811 accuracy: 0.8710 val_loss: 0.1992 val_accuracy: 0.9694
Epoch: 5 loss: 0.3797 accuracy: 0.8710 val_loss: 0.1510 val_accuracy: 0.9694
Epoch: 6 loss: 0.3774 accuracy: 0.8708 val_loss: 0.1775 val_accuracy: 0.9694
Epoch: 7 loss: 0.3741 accuracy: 0.8712 val_loss: 0.2057 val_accuracy: 0.9694
Epoch: 8 loss: 0.3757 accuracy: 0.8708 val_loss: 0.1997 val_accuracy: 0.9694
Epoch: 9 loss: 0.3740 accuracy: 0.8713 val_loss: 0.1972 val_accuracy: 0.9694
Epoch: 10 loss: 0.3725 accuracy: 0.8712 val_loss: 0.1747 val_accuracy: 0.9694
Epoch: 11 loss: 0.3719 accuracy: 0.8711 val_loss: 0.1579 val_accuracy: 0.9694
Epoch: 12 loss: 0.3718 accuracy: 0.8711 val_loss: 0.1644 val_accuracy: 0.9694
Epoch: 13 loss: 0.3689 accuracy: 0.8715 val_loss: 0.1639 val_accuracy: 0.9694
Epoch: 14 loss: 0.3697 accuracy: 0.8710 val_loss: 0.1399 val_accuracy: 0.9694
Epoch: 15 loss: 0.3675 accuracy: 0.8710 val_loss: 0.1705 val_accuracy: 0.9694
Epoch: 16 loss: 0.3688 accuracy: 0.8712 val_loss: 0.1319 val_accuracy: 0.9694
Epoch: 17 loss: 0.3668 accuracy: 0.8710 val_loss: 0.1270 val_accuracy: 0.9694
Epoch: 18 loss: 0.3657 accuracy: 0.8710 val_loss: 0.1561 val_accuracy: 0.9694
Epoch: 19 loss: 0.3636 accuracy: 0.8711 val_loss: 0.1483 val_accuracy: 0.9694
Epoch: 20 loss: 0.3637 accuracy: 0.8713 val_loss: 0.1561 val_accuracy: 0.9694
Fitting HAM10000_aug_Xception_150h_150w_1 model...
Epoch: 1 loss: 0.5785 accuracy: 0.7067 val_loss: 0.3626 val_accuracy: 0.9694
Epoch: 2 loss: 0.5654 accuracy: 0.7076 val_loss: 0.2698 val_accuracy: 0.9694
Epoch: 3 loss: 0.5639 accuracy: 0.7050 val_loss: 0.2231 val_accuracy: 0.9694
Epoch: 4 loss: 0.5641 accuracy: 0.7074 val_loss: 0.2086 val_accuracy: 0.9694
Epoch: 5 loss: 0.5621 accuracy: 0.7081 val_loss: 0.3261 val_accuracy: 0.9694
Epoch: 6 loss: 0.5625 accuracy: 0.7073 val_loss: 0.2727 val_accuracy: 0.9694
Epoch: 7 loss: 0.5595 accuracy: 0.7074 val_loss: 0.2751 val_accuracy: 0.9694
Epoch: 8 loss: 0.5602 accuracy: 0.7069 val_loss: 0.2839 val_accuracy: 0.9694
Epoch: 9 loss: 0.5600 accuracy: 0.7073 val_loss: 0.2105 val_accuracy: 0.9694
Epoch: 10 loss: 0.5595 accuracy: 0.7070 val_loss: 0.3363 val_accuracy: 0.9694
Epoch: 11 loss: 0.5611 accuracy: 0.7076 val_loss: 0.2548 val_accuracy: 0.9694
Epoch: 12 loss: 0.5585 accuracy: 0.7079 val_loss: 0.2809 val_accuracy: 0.9694
Epoch: 13 loss: 0.5599 accuracy: 0.7078 val_loss: 0.2760 val_accuracy: 0.9694
Epoch: 14 loss: 0.5604 accuracy: 0.7068 val_loss: 0.2409 val_accuracy: 0.9694
Epoch: 15 loss: 0.5594 accuracy: 0.7065 val_loss: 0.3058 val_accuracy: 0.9694
Epoch: 16 loss: 0.5583 accuracy: 0.7076 val_loss: 0.2753 val_accuracy: 0.9694
Epoch: 17 loss: 0.5570 accuracy: 0.7073 val_loss: 0.2368 val_accuracy: 0.9694
Epoch: 18 loss: 0.5545 accuracy: 0.7081 val_loss: 0.2568 val_accuracy: 0.9694
Epoch: 19 loss: 0.5556 accuracy: 0.7076 val_loss: 0.2458 val_accuracy: 0.9694
Epoch: 20 loss: 0.5550 accuracy: 0.7079 val_loss: 0.3431 val_accuracy: 0.9694
Job ended!
