Mon 26 Feb 2024 02:23:54 PM EST
Python 3.9.7
nvcc: NVIDIA (R) Cuda compiler driver
Copyright (c) 2005-2019 NVIDIA Corporation
Built on Sun_Jul_28_19:07:16_PDT_2019
Cuda compilation tools, release 10.1, V10.1.243
My SLURM_ARRAY_TASK_ID:  1
DB: ['PAD_UFES_20']
IMG_SIZE: [150, 150]
CLASSIFIER: Xception
JOB_INDEX: 1
Combining...
Combining 1 db out of 1 dbs
Stacking training images
Stacking training labels
Stacking validation images
Stacking validation labels
Combining...
Combining 1 db out of 1 dbs
Stacking training images
Stacking training labels
Stacking validation images
Stacking validation labels
Model: "sequential"
_________________________________________________________________
Layer (type)                 Output Shape              Param #   
=================================================================
xception (Functional)        (None, 2048)              20861480  
_________________________________________________________________
dense (Dense)                (None, 512)               1049088   
_________________________________________________________________
dropout (Dropout)            (None, 512)               0         
_________________________________________________________________
batch_normalization_4 (Batch (None, 512)               2048      
_________________________________________________________________
dense_1 (Dense)              (None, 256)               131328    
_________________________________________________________________
dropout_1 (Dropout)          (None, 256)               0         
_________________________________________________________________
batch_normalization_5 (Batch (None, 256)               1024      
_________________________________________________________________
dense_2 (Dense)              (None, 2)                 514       
=================================================================
Total params: 22,045,482
Trainable params: 1,182,466
Non-trainable params: 20,863,016
_________________________________________________________________
Fitting PAD_UFES_20_noaug_Xception_150h_150w_1 model...
Epoch: 1 loss: 0.6581 accuracy: 0.6966 val_loss: 0.6172 val_accuracy: 0.9804
Epoch: 2 loss: 0.5780 accuracy: 0.9623 val_loss: 0.5304 val_accuracy: 0.9804
Epoch: 3 loss: 0.4897 accuracy: 0.9764 val_loss: 0.4414 val_accuracy: 0.9804
Epoch: 4 loss: 0.4009 accuracy: 0.9767 val_loss: 0.3567 val_accuracy: 0.9804
Epoch: 5 loss: 0.3225 accuracy: 0.9767 val_loss: 0.2830 val_accuracy: 0.9804
Epoch: 6 loss: 0.2594 accuracy: 0.9779 val_loss: 0.2303 val_accuracy: 0.9804
Epoch: 7 loss: 0.2143 accuracy: 0.9767 val_loss: 0.1917 val_accuracy: 0.9804
Epoch: 8 loss: 0.1815 accuracy: 0.9767 val_loss: 0.1596 val_accuracy: 0.9804
Epoch: 9 loss: 0.1601 accuracy: 0.9762 val_loss: 0.1412 val_accuracy: 0.9804
Epoch: 10 loss: 0.1436 accuracy: 0.9767 val_loss: 0.1298 val_accuracy: 0.9804
Epoch: 11 loss: 0.1320 accuracy: 0.9773 val_loss: 0.1157 val_accuracy: 0.9804
Epoch: 12 loss: 0.1268 accuracy: 0.9767 val_loss: 0.1105 val_accuracy: 0.9804
Epoch: 13 loss: 0.1227 accuracy: 0.9762 val_loss: 0.1082 val_accuracy: 0.9804
Epoch: 14 loss: 0.1183 accuracy: 0.9767 val_loss: 0.1064 val_accuracy: 0.9804
Epoch: 15 loss: 0.1158 accuracy: 0.9767 val_loss: 0.1029 val_accuracy: 0.9804
Epoch: 16 loss: 0.1153 accuracy: 0.9762 val_loss: 0.1032 val_accuracy: 0.9804
Epoch: 17 loss: 0.1109 accuracy: 0.9773 val_loss: 0.0987 val_accuracy: 0.9804
Epoch: 18 loss: 0.1129 accuracy: 0.9767 val_loss: 0.0984 val_accuracy: 0.9804
Epoch: 19 loss: 0.1137 accuracy: 0.9762 val_loss: 0.0984 val_accuracy: 0.9804
Epoch: 20 loss: 0.1132 accuracy: 0.9762 val_loss: 0.0982 val_accuracy: 0.9804
Model: "sequential"
_________________________________________________________________
Layer (type)                 Output Shape              Param #   
=================================================================
xception (Functional)        (None, 2048)              20861480  
_________________________________________________________________
dense (Dense)                (None, 512)               1049088   
_________________________________________________________________
dropout (Dropout)            (None, 512)               0         
_________________________________________________________________
batch_normalization_4 (Batch (None, 512)               2048      
_________________________________________________________________
dense_1 (Dense)              (None, 256)               131328    
_________________________________________________________________
dropout_1 (Dropout)          (None, 256)               0         
_________________________________________________________________
batch_normalization_5 (Batch (None, 256)               1024      
_________________________________________________________________
dense_2 (Dense)              (None, 2)                 514       
=================================================================
Total params: 22,045,482
Trainable params: 1,182,466
Non-trainable params: 20,863,016
_________________________________________________________________
Fitting PAD_UFES_20_aug_Xception_150h_150w_1 model...
Job ended!
