Fri 01 Mar 2024 05:52:16 PM EST
Python 3.9.7
nvcc: NVIDIA (R) Cuda compiler driver
Copyright (c) 2005-2019 NVIDIA Corporation
Built on Sun_Jul_28_19:07:16_PDT_2019
Cuda compilation tools, release 10.1, V10.1.243
My SLURM_ARRAY_TASK_ID: 
DB: ['HAM10000']
IMG_SIZE: [150, 150]
CLASSIFIER: MobileNetV2
SELF_AUG: 1
JOB_INDEX: None
Combining...
Combining 1 db out of 1 dbs
Stacking training images
Stacking training labels
Stacking validation images
Stacking validation labels
Model: "sequential"
_________________________________________________________________
Layer (type)                 Output Shape              Param #   
=================================================================
mobilenetv2_1.00_224 (Functi (None, 1280)              2257984   
_________________________________________________________________
dense (Dense)                (None, 512)               655872    
_________________________________________________________________
dropout (Dropout)            (None, 512)               0         
_________________________________________________________________
batch_normalization (BatchNo (None, 512)               2048      
_________________________________________________________________
dense_1 (Dense)              (None, 256)               131328    
_________________________________________________________________
dropout_1 (Dropout)          (None, 256)               0         
_________________________________________________________________
batch_normalization_1 (Batch (None, 256)               1024      
_________________________________________________________________
dense_2 (Dense)              (None, 2)                 514       
=================================================================
Total params: 3,048,770
Trainable params: 789,250
Non-trainable params: 2,259,520
_________________________________________________________________
Fitting HAM10000_aug_MobileNetV2_150h_150w_None model...
model_name: HAM10000_aug_MobileNetV2_150h_150w_None
Epoch: 1 loss: 0.6534 accuracy: 0.7036 val_loss: 0.2295 val_accuracy: 0.9275
Epoch: 2 loss: 0.4943 accuracy: 0.7801 val_loss: 0.1878 val_accuracy: 0.9354
Epoch: 3 loss: 0.4353 accuracy: 0.8083 val_loss: 0.1506 val_accuracy: 0.9536
Epoch: 4 loss: 0.4092 accuracy: 0.8199 val_loss: 0.1447 val_accuracy: 0.9524
Epoch: 5 loss: 0.3797 accuracy: 0.8356 val_loss: 0.1809 val_accuracy: 0.9377
Epoch: 6 loss: 0.3660 accuracy: 0.8391 val_loss: 0.1439 val_accuracy: 0.9536
Epoch: 7 loss: 0.3439 accuracy: 0.8498 val_loss: 0.1522 val_accuracy: 0.9479
Epoch: 8 loss: 0.3249 accuracy: 0.8570 val_loss: 0.1475 val_accuracy: 0.9502
Epoch: 9 loss: 0.3113 accuracy: 0.8658 val_loss: 0.1708 val_accuracy: 0.9388
Epoch: 10 loss: 0.2990 accuracy: 0.8704 val_loss: 0.1401 val_accuracy: 0.9490
Epoch: 11 loss: 0.2825 accuracy: 0.8767 val_loss: 0.1554 val_accuracy: 0.9479
Epoch: 12 loss: 0.2735 accuracy: 0.8861 val_loss: 0.1546 val_accuracy: 0.9468
Epoch: 13 loss: 0.2577 accuracy: 0.8897 val_loss: 0.1381 val_accuracy: 0.9524
Epoch: 14 loss: 0.2444 accuracy: 0.8985 val_loss: 0.1758 val_accuracy: 0.9343
Epoch: 15 loss: 0.2400 accuracy: 0.8989 val_loss: 0.1673 val_accuracy: 0.9354
Epoch: 16 loss: 0.2230 accuracy: 0.9059 val_loss: 0.1601 val_accuracy: 0.9479
Epoch: 17 loss: 0.2073 accuracy: 0.9143 val_loss: 0.1739 val_accuracy: 0.9388
Epoch: 18 loss: 0.1990 accuracy: 0.9168 val_loss: 0.1610 val_accuracy: 0.9456
Epoch: 19 loss: 0.1971 accuracy: 0.9201 val_loss: 0.1577 val_accuracy: 0.9547
Epoch: 20 loss: 0.1864 accuracy: 0.9229 val_loss: 0.1601 val_accuracy: 0.9490
Job ended!
