Fri 01 Mar 2024 05:54:14 PM EST
Python 3.9.7
nvcc: NVIDIA (R) Cuda compiler driver
Copyright (c) 2005-2019 NVIDIA Corporation
Built on Sun_Jul_28_19:07:16_PDT_2019
Cuda compilation tools, release 10.1, V10.1.243
My SLURM_ARRAY_TASK_ID: 
DB: ['ISIC2016', 'ISIC2017', 'ISIC2018', 'ISIC2019']
IMG_SIZE: [150, 150]
CLASSIFIER: MobileNetV2
SELF_AUG: 1
JOB_INDEX: None
Combining...
Combining 1 db out of 4 dbs
Combining 2 db out of 4 dbs
Combining 3 db out of 4 dbs
Combining 4 db out of 4 dbs
Stacking training images
Stacking training labels
Stacking validation images
Stacking validation labels
Model: "sequential"
_________________________________________________________________
Layer (type)                 Output Shape              Param #   
=================================================================
mobilenetv2_1.00_224 (Functi (None, 1280)              2257984   
_________________________________________________________________
dense (Dense)                (None, 512)               655872    
_________________________________________________________________
dropout (Dropout)            (None, 512)               0         
_________________________________________________________________
batch_normalization (BatchNo (None, 512)               2048      
_________________________________________________________________
dense_1 (Dense)              (None, 256)               131328    
_________________________________________________________________
dropout_1 (Dropout)          (None, 256)               0         
_________________________________________________________________
batch_normalization_1 (Batch (None, 256)               1024      
_________________________________________________________________
dense_2 (Dense)              (None, 2)                 514       
=================================================================
Total params: 3,048,770
Trainable params: 789,250
Non-trainable params: 2,259,520
_________________________________________________________________
Fitting ISIC2016+ISIC2017+ISIC2018+ISIC2019_aug_MobileNetV2_150h_150w_None model...
model_name: ISIC2016+ISIC2017+ISIC2018+ISIC2019_aug_MobileNetV2_150h_150w_None
Epoch: 1 loss: 0.5932 accuracy: 0.7346 val_loss: 0.3628 val_accuracy: 0.8521
Epoch: 2 loss: 0.4845 accuracy: 0.7751 val_loss: 0.3508 val_accuracy: 0.8547
Epoch: 3 loss: 0.4511 accuracy: 0.7912 val_loss: 0.3487 val_accuracy: 0.8567
Epoch: 4 loss: 0.4273 accuracy: 0.8008 val_loss: 0.3270 val_accuracy: 0.8717
Epoch: 5 loss: 0.4107 accuracy: 0.8077 val_loss: 0.3180 val_accuracy: 0.8762
Epoch: 6 loss: 0.3948 accuracy: 0.8165 val_loss: 0.3127 val_accuracy: 0.8742
Epoch: 7 loss: 0.3847 accuracy: 0.8219 val_loss: 0.3109 val_accuracy: 0.8708
Epoch: 8 loss: 0.3705 accuracy: 0.8285 val_loss: 0.3063 val_accuracy: 0.8773
Epoch: 9 loss: 0.3613 accuracy: 0.8337 val_loss: 0.3010 val_accuracy: 0.8780
Epoch: 10 loss: 0.3525 accuracy: 0.8385 val_loss: 0.3009 val_accuracy: 0.8780
Epoch: 11 loss: 0.3440 accuracy: 0.8431 val_loss: 0.2951 val_accuracy: 0.8839
Epoch: 12 loss: 0.3369 accuracy: 0.8458 val_loss: 0.2897 val_accuracy: 0.8850
Epoch: 13 loss: 0.3274 accuracy: 0.8505 val_loss: 0.2875 val_accuracy: 0.8823
Epoch: 14 loss: 0.3198 accuracy: 0.8525 val_loss: 0.2926 val_accuracy: 0.8852
Epoch: 15 loss: 0.3142 accuracy: 0.8568 val_loss: 0.2847 val_accuracy: 0.8898
Epoch: 16 loss: 0.3041 accuracy: 0.8617 val_loss: 0.2888 val_accuracy: 0.8907
Epoch: 17 loss: 0.2962 accuracy: 0.8640 val_loss: 0.2823 val_accuracy: 0.8959
Epoch: 18 loss: 0.2916 accuracy: 0.8676 val_loss: 0.2866 val_accuracy: 0.8873
Epoch: 19 loss: 0.2880 accuracy: 0.8688 val_loss: 0.2844 val_accuracy: 0.8970
Epoch: 20 loss: 0.2828 accuracy: 0.8717 val_loss: 0.2852 val_accuracy: 0.8905
Job ended!
