Fri 01 Mar 2024 06:27:08 PM EST
Python 3.9.7
nvcc: NVIDIA (R) Cuda compiler driver
Copyright (c) 2005-2019 NVIDIA Corporation
Built on Sun_Jul_28_19:07:16_PDT_2019
Cuda compilation tools, release 10.1, V10.1.243
My SLURM_ARRAY_TASK_ID: 
DB: ['ISIC2016', 'PH2', '_7_point_criteria', 'PAD_UFES_20']
IMG_SIZE: [150, 150]
CLASSIFIER: MobileNetV2
SELF_AUG: 1
JOB_INDEX: None
Combining...
Combining 1 db out of 4 dbs
Combining 2 db out of 4 dbs
Combining 3 db out of 4 dbs
Combining 4 db out of 4 dbs
Stacking training images
Stacking training labels
Stacking validation images
Stacking validation labels
Model: "sequential"
_________________________________________________________________
Layer (type)                 Output Shape              Param #   
=================================================================
mobilenetv2_1.00_224 (Functi (None, 1280)              2257984   
_________________________________________________________________
dense (Dense)                (None, 512)               655872    
_________________________________________________________________
dropout (Dropout)            (None, 512)               0         
_________________________________________________________________
batch_normalization (BatchNo (None, 512)               2048      
_________________________________________________________________
dense_1 (Dense)              (None, 256)               131328    
_________________________________________________________________
dropout_1 (Dropout)          (None, 256)               0         
_________________________________________________________________
batch_normalization_1 (Batch (None, 256)               1024      
_________________________________________________________________
dense_2 (Dense)              (None, 2)                 514       
=================================================================
Total params: 3,048,770
Trainable params: 789,250
Non-trainable params: 2,259,520
_________________________________________________________________
Fitting ISIC2016+PH2+_7_point_criteria+PAD_UFES_20_aug_MobileNetV2_150h_150w_None model...
model_name: ISIC2016+PH2+_7_point_criteria+PAD_UFES_20_aug_MobileNetV2_150h_150w_None
Epoch: 1 loss: 0.7252 accuracy: 0.6710 val_loss: 0.4142 val_accuracy: 0.8244
Epoch: 2 loss: 0.5469 accuracy: 0.7510 val_loss: 0.3733 val_accuracy: 0.8624
Epoch: 3 loss: 0.4455 accuracy: 0.8001 val_loss: 0.3290 val_accuracy: 0.8695
Epoch: 4 loss: 0.3789 accuracy: 0.8340 val_loss: 0.3444 val_accuracy: 0.8612
Epoch: 5 loss: 0.3445 accuracy: 0.8511 val_loss: 0.3241 val_accuracy: 0.8719
Epoch: 6 loss: 0.3071 accuracy: 0.8684 val_loss: 0.3258 val_accuracy: 0.8683
Epoch: 7 loss: 0.2702 accuracy: 0.8856 val_loss: 0.3388 val_accuracy: 0.8707
Epoch: 8 loss: 0.2547 accuracy: 0.8946 val_loss: 0.3472 val_accuracy: 0.8695
Epoch: 9 loss: 0.2366 accuracy: 0.8989 val_loss: 0.3538 val_accuracy: 0.8648
Epoch: 10 loss: 0.2302 accuracy: 0.9046 val_loss: 0.3554 val_accuracy: 0.8754
Epoch: 11 loss: 0.2112 accuracy: 0.9123 val_loss: 0.3589 val_accuracy: 0.8648
Epoch: 12 loss: 0.1831 accuracy: 0.9243 val_loss: 0.3699 val_accuracy: 0.8814
Epoch: 13 loss: 0.1686 accuracy: 0.9319 val_loss: 0.3789 val_accuracy: 0.8671
Epoch: 14 loss: 0.1549 accuracy: 0.9394 val_loss: 0.3851 val_accuracy: 0.8743
Epoch: 15 loss: 0.1434 accuracy: 0.9422 val_loss: 0.3972 val_accuracy: 0.8754
Epoch: 16 loss: 0.1378 accuracy: 0.9447 val_loss: 0.4619 val_accuracy: 0.8553
Epoch: 17 loss: 0.1297 accuracy: 0.9499 val_loss: 0.4322 val_accuracy: 0.8612
Epoch: 18 loss: 0.1260 accuracy: 0.9526 val_loss: 0.4396 val_accuracy: 0.8790
Epoch: 19 loss: 0.1026 accuracy: 0.9635 val_loss: 0.4272 val_accuracy: 0.8695
Epoch: 20 loss: 0.1079 accuracy: 0.9595 val_loss: 0.4483 val_accuracy: 0.8731
Job ended!
