Fri 01 Mar 2024 07:44:49 AM EST
Python 3.9.7
nvcc: NVIDIA (R) Cuda compiler driver
Copyright (c) 2005-2019 NVIDIA Corporation
Built on Sun_Jul_28_19:07:16_PDT_2019
Cuda compilation tools, release 10.1, V10.1.243
My SLURM_ARRAY_TASK_ID: 
DB: ['ISIC2016', 'ISIC2017', 'ISIC2018', 'ISIC2019', 'ISIC2020', 'PH2', 'MEDNODE', 'KaggleMB']
IMG_SIZE: [150, 150]
CLASSIFIER: EfficientNetB4
SELF_AUG: 1
JOB_INDEX: None
Combining...
Combining 1 db out of 8 dbs
Combining 2 db out of 8 dbs
Combining 3 db out of 8 dbs
Combining 4 db out of 8 dbs
Combining 5 db out of 8 dbs
Combining 6 db out of 8 dbs
Combining 7 db out of 8 dbs
Combining 8 db out of 8 dbs
Stacking training images
Stacking training labels
Stacking validation images
Stacking validation labels
Model: "sequential"
_________________________________________________________________
Layer (type)                 Output Shape              Param #   
=================================================================
efficientnetb4 (Functional)  (None, 1792)              17673823  
_________________________________________________________________
dense (Dense)                (None, 512)               918016    
_________________________________________________________________
dropout (Dropout)            (None, 512)               0         
_________________________________________________________________
batch_normalization (BatchNo (None, 512)               2048      
_________________________________________________________________
dense_1 (Dense)              (None, 256)               131328    
_________________________________________________________________
dropout_1 (Dropout)          (None, 256)               0         
_________________________________________________________________
batch_normalization_1 (Batch (None, 256)               1024      
_________________________________________________________________
dense_2 (Dense)              (None, 2)                 514       
=================================================================
Total params: 18,726,753
Trainable params: 1,051,394
Non-trainable params: 17,675,359
_________________________________________________________________
Fitting ISIC2016+ISIC2017+ISIC2018+ISIC2019+ISIC2020+PH2+MEDNODE+KaggleMB_aug_EfficientNetB4_150h_150w_None model...
model_name: ISIC2016+ISIC2017+ISIC2018+ISIC2019+ISIC2020+PH2+MEDNODE+KaggleMB_aug_EfficientNetB4_150h_150w_None
Epoch: 1 loss: 0.5084 accuracy: 0.7621 val_loss: 0.2349 val_accuracy: 0.9095
Epoch: 2 loss: 0.4179 accuracy: 0.8000 val_loss: 0.2284 val_accuracy: 0.9106
Epoch: 3 loss: 0.3967 accuracy: 0.8112 val_loss: 0.2203 val_accuracy: 0.9089
Epoch: 4 loss: 0.3859 accuracy: 0.8175 val_loss: 0.2219 val_accuracy: 0.9124
Epoch: 5 loss: 0.3789 accuracy: 0.8207 val_loss: 0.2151 val_accuracy: 0.9152
Epoch: 6 loss: 0.3710 accuracy: 0.8248 val_loss: 0.2119 val_accuracy: 0.9159
Epoch: 7 loss: 0.3657 accuracy: 0.8278 val_loss: 0.2155 val_accuracy: 0.9164
Epoch: 8 loss: 0.3614 accuracy: 0.8312 val_loss: 0.2098 val_accuracy: 0.9180
Epoch: 9 loss: 0.3580 accuracy: 0.8313 val_loss: 0.2137 val_accuracy: 0.9149
Epoch: 10 loss: 0.3539 accuracy: 0.8330 val_loss: 0.2079 val_accuracy: 0.9174
Epoch: 11 loss: 0.3468 accuracy: 0.8379 val_loss: 0.2035 val_accuracy: 0.9224
Epoch: 12 loss: 0.3466 accuracy: 0.8376 val_loss: 0.2026 val_accuracy: 0.9210
Epoch: 13 loss: 0.3434 accuracy: 0.8398 val_loss: 0.2001 val_accuracy: 0.9224
Epoch: 14 loss: 0.3405 accuracy: 0.8408 val_loss: 0.2000 val_accuracy: 0.9245
Epoch: 15 loss: 0.3368 accuracy: 0.8432 val_loss: 0.2013 val_accuracy: 0.9231
Epoch: 16 loss: 0.3336 accuracy: 0.8445 val_loss: 0.1988 val_accuracy: 0.9246
Epoch: 17 loss: 0.3305 accuracy: 0.8463 val_loss: 0.2003 val_accuracy: 0.9234
Epoch: 18 loss: 0.3284 accuracy: 0.8472 val_loss: 0.1978 val_accuracy: 0.9257
Epoch: 19 loss: 0.3262 accuracy: 0.8486 val_loss: 0.1913 val_accuracy: 0.9275
Epoch: 20 loss: 0.3220 accuracy: 0.8498 val_loss: 0.1941 val_accuracy: 0.9270
Job ended!
