Tue 27 Feb 2024 10:33:11 AM EST
Python 3.9.7
nvcc: NVIDIA (R) Cuda compiler driver
Copyright (c) 2005-2019 NVIDIA Corporation
Built on Sun_Jul_28_19:07:16_PDT_2019
Cuda compilation tools, release 10.1, V10.1.243
My SLURM_ARRAY_TASK_ID: 
DB: ['ISIC2016', 'ISIC2017', 'ISIC2018', 'ISIC2019', 'ISIC2020', 'MEDNODE', 'KaggleMB']
IMG_SIZE: [150, 150]
CLASSIFIER: EfficientNetB4
SELF_AUG: 1
JOB_INDEX: None
Combining...
Combining 1 db out of 7 dbs
Combining 2 db out of 7 dbs
Combining 3 db out of 7 dbs
Combining 4 db out of 7 dbs
Combining 5 db out of 7 dbs
Combining 6 db out of 7 dbs
Combining 7 db out of 7 dbs
Stacking training images
Stacking training labels
Stacking validation images
Stacking validation labels
Model: "sequential"
_________________________________________________________________
Layer (type)                 Output Shape              Param #   
=================================================================
efficientnetb4 (Functional)  (None, 1792)              17673823  
_________________________________________________________________
dense (Dense)                (None, 512)               918016    
_________________________________________________________________
dropout (Dropout)            (None, 512)               0         
_________________________________________________________________
batch_normalization (BatchNo (None, 512)               2048      
_________________________________________________________________
dense_1 (Dense)              (None, 256)               131328    
_________________________________________________________________
dropout_1 (Dropout)          (None, 256)               0         
_________________________________________________________________
batch_normalization_1 (Batch (None, 256)               1024      
_________________________________________________________________
dense_2 (Dense)              (None, 2)                 514       
=================================================================
Total params: 18,726,753
Trainable params: 1,051,394
Non-trainable params: 17,675,359
_________________________________________________________________
Fitting ISIC2016+ISIC2017+ISIC2018+ISIC2019+ISIC2020+MEDNODE+KaggleMB_aug_EfficientNetB4_150h_150w_None model...
model_name: ISIC2016+ISIC2017+ISIC2018+ISIC2019+ISIC2020+MEDNODE+KaggleMB_aug_EfficientNetB4_150h_150w_None
Epoch: 1 loss: 0.5925 accuracy: 0.7059 val_loss: 0.4310 val_accuracy: 0.8983
Epoch: 2 loss: 0.5789 accuracy: 0.7123 val_loss: 0.3571 val_accuracy: 0.8984
Epoch: 3 loss: 0.5745 accuracy: 0.7159 val_loss: 0.3607 val_accuracy: 0.8984
Epoch: 4 loss: 0.5697 accuracy: 0.7159 val_loss: 0.3543 val_accuracy: 0.8983
Epoch: 5 loss: 0.5679 accuracy: 0.7164 val_loss: 0.3385 val_accuracy: 0.8980
Epoch: 6 loss: 0.5643 accuracy: 0.7170 val_loss: 0.3975 val_accuracy: 0.8976
Epoch: 7 loss: 0.5616 accuracy: 0.7192 val_loss: 0.3363 val_accuracy: 0.8976
Epoch: 8 loss: 0.5582 accuracy: 0.7201 val_loss: 0.3595 val_accuracy: 0.8936
Epoch: 9 loss: 0.5589 accuracy: 0.7195 val_loss: 0.4240 val_accuracy: 0.8582
Epoch: 10 loss: 0.5554 accuracy: 0.7207 val_loss: 0.4414 val_accuracy: 0.8976
Epoch: 11 loss: 0.5548 accuracy: 0.7210 val_loss: 0.3330 val_accuracy: 0.8939
Epoch: 12 loss: 0.5523 accuracy: 0.7212 val_loss: 0.3540 val_accuracy: 0.8983
Epoch: 13 loss: 0.5510 accuracy: 0.7215 val_loss: 0.4228 val_accuracy: 0.8985
Epoch: 14 loss: 0.5506 accuracy: 0.7217 val_loss: 0.4352 val_accuracy: 0.8984
Epoch: 15 loss: 0.5489 accuracy: 0.7213 val_loss: 0.4745 val_accuracy: 0.8715
Epoch: 16 loss: 0.5494 accuracy: 0.7210 val_loss: 0.3961 val_accuracy: 0.8984
Epoch: 17 loss: 0.5476 accuracy: 0.7207 val_loss: 0.3707 val_accuracy: 0.8979
Epoch: 18 loss: 0.5568 accuracy: 0.7104 val_loss: 0.4048 val_accuracy: 0.8881
Epoch: 19 loss: 0.5554 accuracy: 0.7097 val_loss: 0.4893 val_accuracy: 0.8984
Epoch: 20 loss: 0.5542 accuracy: 0.7098 val_loss: 0.5136 val_accuracy: 0.7630
Job ended!
