Tue 27 Feb 2024 10:37:08 AM EST
Python 3.9.7
nvcc: NVIDIA (R) Cuda compiler driver
Copyright (c) 2005-2019 NVIDIA Corporation
Built on Sun_Jul_28_19:07:16_PDT_2019
Cuda compilation tools, release 10.1, V10.1.243
My SLURM_ARRAY_TASK_ID: 
DB: ['ISIC2016', 'ISIC2017', 'ISIC2018', 'ISIC2019', 'ISIC2020', 'PAD_UFES_20', 'MEDNODE']
IMG_SIZE: [150, 150]
CLASSIFIER: EfficientNetB4
SELF_AUG: 1
JOB_INDEX: None
Combining...
Combining 1 db out of 7 dbs
Combining 2 db out of 7 dbs
Combining 3 db out of 7 dbs
Combining 4 db out of 7 dbs
Combining 5 db out of 7 dbs
Combining 6 db out of 7 dbs
Combining 7 db out of 7 dbs
Stacking training images
Stacking training labels
Stacking validation images
Stacking validation labels
Model: "sequential"
_________________________________________________________________
Layer (type)                 Output Shape              Param #   
=================================================================
efficientnetb4 (Functional)  (None, 1792)              17673823  
_________________________________________________________________
dense (Dense)                (None, 512)               918016    
_________________________________________________________________
dropout (Dropout)            (None, 512)               0         
_________________________________________________________________
batch_normalization (BatchNo (None, 512)               2048      
_________________________________________________________________
dense_1 (Dense)              (None, 256)               131328    
_________________________________________________________________
dropout_1 (Dropout)          (None, 256)               0         
_________________________________________________________________
batch_normalization_1 (Batch (None, 256)               1024      
_________________________________________________________________
dense_2 (Dense)              (None, 2)                 514       
=================================================================
Total params: 18,726,753
Trainable params: 1,051,394
Non-trainable params: 17,675,359
_________________________________________________________________
Fitting ISIC2016+ISIC2017+ISIC2018+ISIC2019+ISIC2020+PAD_UFES_20+MEDNODE_aug_EfficientNetB4_150h_150w_None model...
model_name: ISIC2016+ISIC2017+ISIC2018+ISIC2019+ISIC2020+PAD_UFES_20+MEDNODE_aug_EfficientNetB4_150h_150w_None
Epoch: 1 loss: 0.5752 accuracy: 0.7223 val_loss: 0.3646 val_accuracy: 0.9148
Epoch: 2 loss: 0.5661 accuracy: 0.7304 val_loss: 0.3678 val_accuracy: 0.9134
Epoch: 3 loss: 0.5641 accuracy: 0.7311 val_loss: 0.3390 val_accuracy: 0.9151
Epoch: 4 loss: 0.5616 accuracy: 0.7323 val_loss: 0.3450 val_accuracy: 0.9148
Epoch: 5 loss: 0.5599 accuracy: 0.7327 val_loss: 0.4157 val_accuracy: 0.9134
Epoch: 6 loss: 0.5583 accuracy: 0.7322 val_loss: 0.3926 val_accuracy: 0.9107
Epoch: 7 loss: 0.5574 accuracy: 0.7325 val_loss: 0.3658 val_accuracy: 0.9138
Epoch: 8 loss: 0.5536 accuracy: 0.7330 val_loss: 0.3459 val_accuracy: 0.9152
Epoch: 9 loss: 0.5531 accuracy: 0.7332 val_loss: 0.3353 val_accuracy: 0.9149
Epoch: 10 loss: 0.5514 accuracy: 0.7331 val_loss: 0.4708 val_accuracy: 0.9149
Epoch: 11 loss: 0.5495 accuracy: 0.7325 val_loss: 0.4441 val_accuracy: 0.9152
Epoch: 12 loss: 0.5484 accuracy: 0.7342 val_loss: 0.4758 val_accuracy: 0.9138
Epoch: 13 loss: 0.5471 accuracy: 0.7335 val_loss: 0.4823 val_accuracy: 0.9149
Epoch: 14 loss: 0.5461 accuracy: 0.7348 val_loss: 0.4499 val_accuracy: 0.9150
Epoch: 15 loss: 0.5454 accuracy: 0.7353 val_loss: 0.4826 val_accuracy: 0.9114
Epoch: 16 loss: 0.5439 accuracy: 0.7345 val_loss: 0.4475 val_accuracy: 0.8973
Epoch: 17 loss: 0.5432 accuracy: 0.7343 val_loss: 0.4545 val_accuracy: 0.9116
Epoch: 18 loss: 0.5424 accuracy: 0.7351 val_loss: 0.4943 val_accuracy: 0.9042
Epoch: 19 loss: 0.5421 accuracy: 0.7347 val_loss: 0.5167 val_accuracy: 0.9115
Epoch: 20 loss: 0.5386 accuracy: 0.7355 val_loss: 0.3832 val_accuracy: 0.8604
Job ended!
