Tue 27 Feb 2024 10:24:27 AM EST
Python 3.9.7
nvcc: NVIDIA (R) Cuda compiler driver
Copyright (c) 2005-2019 NVIDIA Corporation
Built on Sun_Jul_28_19:07:16_PDT_2019
Cuda compilation tools, release 10.1, V10.1.243
My SLURM_ARRAY_TASK_ID: 
DB: ['ISIC2016', '_7_point_criteria', 'PAD_UFES_20', 'MEDNODE']
IMG_SIZE: [150, 150]
CLASSIFIER: EfficientNetB4
SELF_AUG: 1
JOB_INDEX: None
Combining...
Combining 1 db out of 4 dbs
Combining 2 db out of 4 dbs
Combining 3 db out of 4 dbs
Combining 4 db out of 4 dbs
Stacking training images
Stacking training labels
Stacking validation images
Stacking validation labels
Model: "sequential"
_________________________________________________________________
Layer (type)                 Output Shape              Param #   
=================================================================
efficientnetb4 (Functional)  (None, 1792)              17673823  
_________________________________________________________________
dense (Dense)                (None, 512)               918016    
_________________________________________________________________
dropout (Dropout)            (None, 512)               0         
_________________________________________________________________
batch_normalization (BatchNo (None, 512)               2048      
_________________________________________________________________
dense_1 (Dense)              (None, 256)               131328    
_________________________________________________________________
dropout_1 (Dropout)          (None, 256)               0         
_________________________________________________________________
batch_normalization_1 (Batch (None, 256)               1024      
_________________________________________________________________
dense_2 (Dense)              (None, 2)                 514       
=================================================================
Total params: 18,726,753
Trainable params: 1,051,394
Non-trainable params: 17,675,359
_________________________________________________________________
Fitting ISIC2016+_7_point_criteria+PAD_UFES_20+MEDNODE_aug_EfficientNetB4_150h_150w_None model...
model_name: ISIC2016+_7_point_criteria+PAD_UFES_20+MEDNODE_aug_EfficientNetB4_150h_150w_None
Epoch: 1 loss: 0.6677 accuracy: 0.6071 val_loss: 0.5876 val_accuracy: 0.8632
Epoch: 2 loss: 0.6191 accuracy: 0.7124 val_loss: 0.5175 val_accuracy: 0.8632
Epoch: 3 loss: 0.5990 accuracy: 0.7254 val_loss: 0.4827 val_accuracy: 0.8632
Epoch: 4 loss: 0.5902 accuracy: 0.7254 val_loss: 0.4678 val_accuracy: 0.8632
Epoch: 5 loss: 0.5890 accuracy: 0.7265 val_loss: 0.4515 val_accuracy: 0.8632
Epoch: 6 loss: 0.5878 accuracy: 0.7254 val_loss: 0.4520 val_accuracy: 0.8632
Epoch: 7 loss: 0.5893 accuracy: 0.7250 val_loss: 0.4746 val_accuracy: 0.8632
Epoch: 8 loss: 0.5885 accuracy: 0.7261 val_loss: 0.4621 val_accuracy: 0.8632
Epoch: 9 loss: 0.5867 accuracy: 0.7267 val_loss: 0.4477 val_accuracy: 0.8632
Epoch: 10 loss: 0.5884 accuracy: 0.7259 val_loss: 0.4624 val_accuracy: 0.8632
Epoch: 11 loss: 0.5871 accuracy: 0.7261 val_loss: 0.4508 val_accuracy: 0.8632
Epoch: 12 loss: 0.5883 accuracy: 0.7256 val_loss: 0.4581 val_accuracy: 0.8632
Epoch: 13 loss: 0.5880 accuracy: 0.7256 val_loss: 0.4548 val_accuracy: 0.8632
Epoch: 14 loss: 0.5878 accuracy: 0.7254 val_loss: 0.4511 val_accuracy: 0.8632
Epoch: 15 loss: 0.5876 accuracy: 0.7259 val_loss: 0.4543 val_accuracy: 0.8632
Epoch: 16 loss: 0.5889 accuracy: 0.7243 val_loss: 0.4545 val_accuracy: 0.8632
Epoch: 17 loss: 0.5874 accuracy: 0.7261 val_loss: 0.4534 val_accuracy: 0.8632
Epoch: 18 loss: 0.5883 accuracy: 0.7252 val_loss: 0.4534 val_accuracy: 0.8632
Epoch: 19 loss: 0.5874 accuracy: 0.7259 val_loss: 0.4533 val_accuracy: 0.8632
Epoch: 20 loss: 0.5874 accuracy: 0.7259 val_loss: 0.4540 val_accuracy: 0.8632
Job ended!
