Fri 01 Mar 2024 07:05:16 AM EST
Python 3.9.7
nvcc: NVIDIA (R) Cuda compiler driver
Copyright (c) 2005-2019 NVIDIA Corporation
Built on Sun_Jul_28_19:07:16_PDT_2019
Cuda compilation tools, release 10.1, V10.1.243
My SLURM_ARRAY_TASK_ID: 
DB: ['ISIC2016', '_7_point_criteria', 'PAD_UFES_20', 'MEDNODE']
IMG_SIZE: [150, 150]
CLASSIFIER: EfficientNetB4
SELF_AUG: 1
JOB_INDEX: None
Combining...
Combining 1 db out of 4 dbs
Combining 2 db out of 4 dbs
Combining 3 db out of 4 dbs
Combining 4 db out of 4 dbs
Stacking training images
Stacking training labels
Stacking validation images
Stacking validation labels
Model: "sequential"
_________________________________________________________________
Layer (type)                 Output Shape              Param #   
=================================================================
efficientnetb4 (Functional)  (None, 1792)              17673823  
_________________________________________________________________
dense (Dense)                (None, 512)               918016    
_________________________________________________________________
dropout (Dropout)            (None, 512)               0         
_________________________________________________________________
batch_normalization (BatchNo (None, 512)               2048      
_________________________________________________________________
dense_1 (Dense)              (None, 256)               131328    
_________________________________________________________________
dropout_1 (Dropout)          (None, 256)               0         
_________________________________________________________________
batch_normalization_1 (Batch (None, 256)               1024      
_________________________________________________________________
dense_2 (Dense)              (None, 2)                 514       
=================================================================
Total params: 18,726,753
Trainable params: 1,051,394
Non-trainable params: 17,675,359
_________________________________________________________________
Fitting ISIC2016+_7_point_criteria+PAD_UFES_20+MEDNODE_aug_EfficientNetB4_150h_150w_None model...
model_name: ISIC2016+_7_point_criteria+PAD_UFES_20+MEDNODE_aug_EfficientNetB4_150h_150w_None
Epoch: 1 loss: 0.7913 accuracy: 0.6464 val_loss: 0.5891 val_accuracy: 0.7115
Epoch: 2 loss: 0.5957 accuracy: 0.7289 val_loss: 0.4674 val_accuracy: 0.7891
Epoch: 3 loss: 0.5148 accuracy: 0.7732 val_loss: 0.4142 val_accuracy: 0.8244
Epoch: 4 loss: 0.4596 accuracy: 0.7927 val_loss: 0.3430 val_accuracy: 0.8563
Epoch: 5 loss: 0.4202 accuracy: 0.8148 val_loss: 0.3274 val_accuracy: 0.8575
Epoch: 6 loss: 0.3988 accuracy: 0.8175 val_loss: 0.3076 val_accuracy: 0.8666
Epoch: 7 loss: 0.3773 accuracy: 0.8339 val_loss: 0.3266 val_accuracy: 0.8563
Epoch: 8 loss: 0.3557 accuracy: 0.8402 val_loss: 0.2975 val_accuracy: 0.8734
Epoch: 9 loss: 0.3262 accuracy: 0.8537 val_loss: 0.3131 val_accuracy: 0.8666
Epoch: 10 loss: 0.3292 accuracy: 0.8563 val_loss: 0.2965 val_accuracy: 0.8757
Epoch: 11 loss: 0.3101 accuracy: 0.8682 val_loss: 0.2990 val_accuracy: 0.8677
Epoch: 12 loss: 0.2987 accuracy: 0.8689 val_loss: 0.3129 val_accuracy: 0.8757
Epoch: 13 loss: 0.2825 accuracy: 0.8748 val_loss: 0.2992 val_accuracy: 0.8734
Epoch: 14 loss: 0.2817 accuracy: 0.8776 val_loss: 0.3332 val_accuracy: 0.8643
Epoch: 15 loss: 0.2719 accuracy: 0.8813 val_loss: 0.3100 val_accuracy: 0.8666
Epoch: 16 loss: 0.2653 accuracy: 0.8854 val_loss: 0.3052 val_accuracy: 0.8791
Epoch: 17 loss: 0.2555 accuracy: 0.8856 val_loss: 0.3077 val_accuracy: 0.8734
Epoch: 18 loss: 0.2483 accuracy: 0.8930 val_loss: 0.3158 val_accuracy: 0.8746
Epoch: 19 loss: 0.2499 accuracy: 0.8947 val_loss: 0.3271 val_accuracy: 0.8746
Epoch: 20 loss: 0.2268 accuracy: 0.9069 val_loss: 0.3195 val_accuracy: 0.8757
Job ended!
