Fri 01 Mar 2024 07:09:30 AM EST
Python 3.9.7
nvcc: NVIDIA (R) Cuda compiler driver
Copyright (c) 2005-2019 NVIDIA Corporation
Built on Sun_Jul_28_19:07:16_PDT_2019
Cuda compilation tools, release 10.1, V10.1.243
My SLURM_ARRAY_TASK_ID: 
DB: ['ISIC2016', 'ISIC2017', 'ISIC2018', 'ISIC2019', 'ISIC2020', '_7_point_criteria', 'PAD_UFES_20']
IMG_SIZE: [150, 150]
CLASSIFIER: EfficientNetB4
SELF_AUG: 1
JOB_INDEX: None
Combining...
Combining 1 db out of 7 dbs
Combining 2 db out of 7 dbs
Combining 3 db out of 7 dbs
Combining 4 db out of 7 dbs
Combining 5 db out of 7 dbs
Combining 6 db out of 7 dbs
Combining 7 db out of 7 dbs
Stacking training images
Stacking training labels
Stacking validation images
Stacking validation labels
Model: "sequential"
_________________________________________________________________
Layer (type)                 Output Shape              Param #   
=================================================================
efficientnetb4 (Functional)  (None, 1792)              17673823  
_________________________________________________________________
dense (Dense)                (None, 512)               918016    
_________________________________________________________________
dropout (Dropout)            (None, 512)               0         
_________________________________________________________________
batch_normalization (BatchNo (None, 512)               2048      
_________________________________________________________________
dense_1 (Dense)              (None, 256)               131328    
_________________________________________________________________
dropout_1 (Dropout)          (None, 256)               0         
_________________________________________________________________
batch_normalization_1 (Batch (None, 256)               1024      
_________________________________________________________________
dense_2 (Dense)              (None, 2)                 514       
=================================================================
Total params: 18,726,753
Trainable params: 1,051,394
Non-trainable params: 17,675,359
_________________________________________________________________
Fitting ISIC2016+ISIC2017+ISIC2018+ISIC2019+ISIC2020+_7_point_criteria+PAD_UFES_20_aug_EfficientNetB4_150h_150w_None model...
model_name: ISIC2016+ISIC2017+ISIC2018+ISIC2019+ISIC2020+_7_point_criteria+PAD_UFES_20_aug_EfficientNetB4_150h_150w_None
Epoch: 1 loss: 0.4932 accuracy: 0.7702 val_loss: 0.2240 val_accuracy: 0.9147
Epoch: 2 loss: 0.4056 accuracy: 0.8062 val_loss: 0.2145 val_accuracy: 0.9177
Epoch: 3 loss: 0.3827 accuracy: 0.8197 val_loss: 0.2090 val_accuracy: 0.9217
Epoch: 4 loss: 0.3740 accuracy: 0.8241 val_loss: 0.2054 val_accuracy: 0.9234
Epoch: 5 loss: 0.3661 accuracy: 0.8280 val_loss: 0.1973 val_accuracy: 0.9262
Epoch: 6 loss: 0.3599 accuracy: 0.8302 val_loss: 0.1987 val_accuracy: 0.9258
Epoch: 7 loss: 0.3542 accuracy: 0.8346 val_loss: 0.1972 val_accuracy: 0.9265
Epoch: 8 loss: 0.3499 accuracy: 0.8359 val_loss: 0.1951 val_accuracy: 0.9269
Epoch: 9 loss: 0.3477 accuracy: 0.8371 val_loss: 0.1908 val_accuracy: 0.9293
Epoch: 10 loss: 0.3439 accuracy: 0.8405 val_loss: 0.1946 val_accuracy: 0.9274
Epoch: 11 loss: 0.3385 accuracy: 0.8420 val_loss: 0.1924 val_accuracy: 0.9293
Epoch: 12 loss: 0.3353 accuracy: 0.8439 val_loss: 0.1943 val_accuracy: 0.9285
Epoch: 13 loss: 0.3321 accuracy: 0.8457 val_loss: 0.1944 val_accuracy: 0.9304
Epoch: 14 loss: 0.3289 accuracy: 0.8465 val_loss: 0.1905 val_accuracy: 0.9321
Epoch: 15 loss: 0.3260 accuracy: 0.8487 val_loss: 0.1883 val_accuracy: 0.9329
Epoch: 16 loss: 0.3244 accuracy: 0.8496 val_loss: 0.1886 val_accuracy: 0.9320
Epoch: 17 loss: 0.3233 accuracy: 0.8503 val_loss: 0.1921 val_accuracy: 0.9307
Epoch: 18 loss: 0.3195 accuracy: 0.8511 val_loss: 0.1935 val_accuracy: 0.9290
Epoch: 19 loss: 0.3179 accuracy: 0.8534 val_loss: 0.1869 val_accuracy: 0.9328
Epoch: 20 loss: 0.3149 accuracy: 0.8540 val_loss: 0.1908 val_accuracy: 0.9307
Job ended!
