Fri 01 Mar 2024 12:08:36 PM EST
Python 3.9.7
nvcc: NVIDIA (R) Cuda compiler driver
Copyright (c) 2005-2019 NVIDIA Corporation
Built on Sun_Jul_28_19:07:16_PDT_2019
Cuda compilation tools, release 10.1, V10.1.243
My SLURM_ARRAY_TASK_ID: 
DB: ['ISIC2016', 'ISIC2017', 'ISIC2018', 'ISIC2020', 'PH2']
IMG_SIZE: [150, 150]
CLASSIFIER: EfficientNetB6
SELF_AUG: 1
JOB_INDEX: None
Combining...
Combining 1 db out of 5 dbs
Combining 2 db out of 5 dbs
Combining 3 db out of 5 dbs
Combining 4 db out of 5 dbs
Combining 5 db out of 5 dbs
Stacking training images
Stacking training labels
Stacking validation images
Stacking validation labels
Model: "sequential"
_________________________________________________________________
Layer (type)                 Output Shape              Param #   
=================================================================
efficientnetb6 (Functional)  (None, 2304)              40960143  
_________________________________________________________________
dense (Dense)                (None, 512)               1180160   
_________________________________________________________________
dropout (Dropout)            (None, 512)               0         
_________________________________________________________________
batch_normalization (BatchNo (None, 512)               2048      
_________________________________________________________________
dense_1 (Dense)              (None, 256)               131328    
_________________________________________________________________
dropout_1 (Dropout)          (None, 256)               0         
_________________________________________________________________
batch_normalization_1 (Batch (None, 256)               1024      
_________________________________________________________________
dense_2 (Dense)              (None, 2)                 514       
=================================================================
Total params: 42,275,217
Trainable params: 1,313,538
Non-trainable params: 40,961,679
_________________________________________________________________
Fitting ISIC2016+ISIC2017+ISIC2018+ISIC2020+PH2_aug_EfficientNetB6_150h_150w_None model...
model_name: ISIC2016+ISIC2017+ISIC2018+ISIC2020+PH2_aug_EfficientNetB6_150h_150w_None
Epoch: 1 loss: 0.4697 accuracy: 0.7898 val_loss: 0.1041 val_accuracy: 0.9723
Epoch: 2 loss: 0.3672 accuracy: 0.8285 val_loss: 0.1079 val_accuracy: 0.9712
Epoch: 3 loss: 0.3439 accuracy: 0.8382 val_loss: 0.1023 val_accuracy: 0.9701
Epoch: 4 loss: 0.3304 accuracy: 0.8441 val_loss: 0.1015 val_accuracy: 0.9723
Epoch: 5 loss: 0.3227 accuracy: 0.8477 val_loss: 0.0985 val_accuracy: 0.9727
Epoch: 6 loss: 0.3178 accuracy: 0.8519 val_loss: 0.1027 val_accuracy: 0.9727
Epoch: 7 loss: 0.3111 accuracy: 0.8555 val_loss: 0.1008 val_accuracy: 0.9722
Epoch: 8 loss: 0.3083 accuracy: 0.8566 val_loss: 0.0949 val_accuracy: 0.9720
Epoch: 9 loss: 0.3025 accuracy: 0.8585 val_loss: 0.1053 val_accuracy: 0.9677
Epoch: 10 loss: 0.3015 accuracy: 0.8610 val_loss: 0.0920 val_accuracy: 0.9740
Epoch: 11 loss: 0.2987 accuracy: 0.8604 val_loss: 0.0922 val_accuracy: 0.9730
Epoch: 12 loss: 0.2968 accuracy: 0.8622 val_loss: 0.0961 val_accuracy: 0.9713
Epoch: 13 loss: 0.2937 accuracy: 0.8650 val_loss: 0.0971 val_accuracy: 0.9730
Epoch: 14 loss: 0.2906 accuracy: 0.8664 val_loss: 0.0952 val_accuracy: 0.9736
Epoch: 15 loss: 0.2906 accuracy: 0.8654 val_loss: 0.0950 val_accuracy: 0.9731
Epoch: 16 loss: 0.2885 accuracy: 0.8670 val_loss: 0.1040 val_accuracy: 0.9685
Epoch: 17 loss: 0.2853 accuracy: 0.8684 val_loss: 0.1009 val_accuracy: 0.9720
Epoch: 18 loss: 0.2849 accuracy: 0.8682 val_loss: 0.0951 val_accuracy: 0.9733
Epoch: 19 loss: 0.2824 accuracy: 0.8701 val_loss: 0.0947 val_accuracy: 0.9740
Epoch: 20 loss: 0.2809 accuracy: 0.8699 val_loss: 0.0970 val_accuracy: 0.9736
Job ended!
