Fri 01 Mar 2024 10:48:07 AM EST
Python 3.9.7
nvcc: NVIDIA (R) Cuda compiler driver
Copyright (c) 2005-2019 NVIDIA Corporation
Built on Sun_Jul_28_19:07:16_PDT_2019
Cuda compilation tools, release 10.1, V10.1.243
My SLURM_ARRAY_TASK_ID: 
DB: ['ISIC2016', '_7_point_criteria']
IMG_SIZE: [150, 150]
CLASSIFIER: EfficientNetB6
SELF_AUG: 1
JOB_INDEX: None
Combining...
Combining 1 db out of 2 dbs
Combining 2 db out of 2 dbs
Stacking training images
Stacking training labels
Stacking validation images
Stacking validation labels
Model: "sequential"
_________________________________________________________________
Layer (type)                 Output Shape              Param #   
=================================================================
efficientnetb6 (Functional)  (None, 2304)              40960143  
_________________________________________________________________
dense (Dense)                (None, 512)               1180160   
_________________________________________________________________
dropout (Dropout)            (None, 512)               0         
_________________________________________________________________
batch_normalization (BatchNo (None, 512)               2048      
_________________________________________________________________
dense_1 (Dense)              (None, 256)               131328    
_________________________________________________________________
dropout_1 (Dropout)          (None, 256)               0         
_________________________________________________________________
batch_normalization_1 (Batch (None, 256)               1024      
_________________________________________________________________
dense_2 (Dense)              (None, 2)                 514       
=================================================================
Total params: 42,275,217
Trainable params: 1,313,538
Non-trainable params: 40,961,679
_________________________________________________________________
Fitting ISIC2016+_7_point_criteria_aug_EfficientNetB6_150h_150w_None model...
model_name: ISIC2016+_7_point_criteria_aug_EfficientNetB6_150h_150w_None
Epoch: 1 loss: 0.7779 accuracy: 0.6551 val_loss: 0.5694 val_accuracy: 0.7676
Epoch: 2 loss: 0.6377 accuracy: 0.7083 val_loss: 0.5408 val_accuracy: 0.7755
Epoch: 3 loss: 0.5755 accuracy: 0.7324 val_loss: 0.5169 val_accuracy: 0.7937
Epoch: 4 loss: 0.5792 accuracy: 0.7312 val_loss: 0.4971 val_accuracy: 0.7937
Epoch: 5 loss: 0.5325 accuracy: 0.7581 val_loss: 0.4822 val_accuracy: 0.7833
Epoch: 6 loss: 0.5251 accuracy: 0.7525 val_loss: 0.4938 val_accuracy: 0.7963
Epoch: 7 loss: 0.4918 accuracy: 0.7783 val_loss: 0.4857 val_accuracy: 0.7781
Epoch: 8 loss: 0.4633 accuracy: 0.7962 val_loss: 0.5086 val_accuracy: 0.7833
Epoch: 9 loss: 0.4796 accuracy: 0.7884 val_loss: 0.5095 val_accuracy: 0.7885
Epoch: 10 loss: 0.4421 accuracy: 0.8007 val_loss: 0.5017 val_accuracy: 0.8016
Epoch: 11 loss: 0.4288 accuracy: 0.8169 val_loss: 0.4972 val_accuracy: 0.7859
Epoch: 12 loss: 0.4319 accuracy: 0.8063 val_loss: 0.5085 val_accuracy: 0.7807
Epoch: 13 loss: 0.4053 accuracy: 0.8186 val_loss: 0.4937 val_accuracy: 0.8042
Epoch: 14 loss: 0.3906 accuracy: 0.8270 val_loss: 0.5260 val_accuracy: 0.7702
Epoch: 15 loss: 0.3683 accuracy: 0.8320 val_loss: 0.5228 val_accuracy: 0.7807
Epoch: 16 loss: 0.3852 accuracy: 0.8348 val_loss: 0.5620 val_accuracy: 0.7963
Epoch: 17 loss: 0.3595 accuracy: 0.8466 val_loss: 0.5378 val_accuracy: 0.7781
Epoch: 18 loss: 0.3732 accuracy: 0.8393 val_loss: 0.5607 val_accuracy: 0.7911
Epoch: 19 loss: 0.3664 accuracy: 0.8281 val_loss: 0.5451 val_accuracy: 0.7702
Epoch: 20 loss: 0.3535 accuracy: 0.8494 val_loss: 0.5319 val_accuracy: 0.7911
Job ended!
