Tue 27 Feb 2024 04:01:33 PM EST
Python 3.9.7
nvcc: NVIDIA (R) Cuda compiler driver
Copyright (c) 2005-2019 NVIDIA Corporation
Built on Sun_Jul_28_19:07:16_PDT_2019
Cuda compilation tools, release 10.1, V10.1.243
My SLURM_ARRAY_TASK_ID: 
DB: ['ISIC2016', 'ISIC2017', 'ISIC2018', 'ISIC2019', 'PAD_UFES_20', 'MEDNODE']
IMG_SIZE: [150, 150]
CLASSIFIER: EfficientNetB6
SELF_AUG: 1
JOB_INDEX: None
Combining...
Combining 1 db out of 6 dbs
Combining 2 db out of 6 dbs
Combining 3 db out of 6 dbs
Combining 4 db out of 6 dbs
Combining 5 db out of 6 dbs
Combining 6 db out of 6 dbs
Stacking training images
Stacking training labels
Stacking validation images
Stacking validation labels
Model: "sequential"
_________________________________________________________________
Layer (type)                 Output Shape              Param #   
=================================================================
efficientnetb6 (Functional)  (None, 2304)              40960143  
_________________________________________________________________
dense (Dense)                (None, 512)               1180160   
_________________________________________________________________
dropout (Dropout)            (None, 512)               0         
_________________________________________________________________
batch_normalization (BatchNo (None, 512)               2048      
_________________________________________________________________
dense_1 (Dense)              (None, 256)               131328    
_________________________________________________________________
dropout_1 (Dropout)          (None, 256)               0         
_________________________________________________________________
batch_normalization_1 (Batch (None, 256)               1024      
_________________________________________________________________
dense_2 (Dense)              (None, 2)                 514       
=================================================================
Total params: 42,275,217
Trainable params: 1,313,538
Non-trainable params: 40,961,679
_________________________________________________________________
Fitting ISIC2016+ISIC2017+ISIC2018+ISIC2019+PAD_UFES_20+MEDNODE_aug_EfficientNetB6_150h_150w_None model...
model_name: ISIC2016+ISIC2017+ISIC2018+ISIC2019+PAD_UFES_20+MEDNODE_aug_EfficientNetB6_150h_150w_None
Epoch: 1 loss: 0.6385 accuracy: 0.6563 val_loss: 0.5759 val_accuracy: 0.8296
Epoch: 2 loss: 0.6258 accuracy: 0.6717 val_loss: 0.5129 val_accuracy: 0.8355
Epoch: 3 loss: 0.6211 accuracy: 0.6747 val_loss: 0.5369 val_accuracy: 0.8189
Epoch: 4 loss: 0.6178 accuracy: 0.6766 val_loss: 0.5744 val_accuracy: 0.7751
Epoch: 5 loss: 0.6147 accuracy: 0.6764 val_loss: 0.4949 val_accuracy: 0.8342
Epoch: 6 loss: 0.6122 accuracy: 0.6776 val_loss: 0.5208 val_accuracy: 0.7995
Epoch: 7 loss: 0.6091 accuracy: 0.6788 val_loss: 0.5038 val_accuracy: 0.8254
Epoch: 8 loss: 0.6090 accuracy: 0.6802 val_loss: 0.4805 val_accuracy: 0.8399
Epoch: 9 loss: 0.6080 accuracy: 0.6801 val_loss: 0.4854 val_accuracy: 0.8325
Epoch: 10 loss: 0.6067 accuracy: 0.6821 val_loss: 0.5014 val_accuracy: 0.8092
Epoch: 11 loss: 0.6045 accuracy: 0.6826 val_loss: 0.4947 val_accuracy: 0.8376
Epoch: 12 loss: 0.6041 accuracy: 0.6823 val_loss: 0.4688 val_accuracy: 0.8328
Epoch: 13 loss: 0.6042 accuracy: 0.6828 val_loss: 0.4853 val_accuracy: 0.8343
Epoch: 14 loss: 0.6022 accuracy: 0.6826 val_loss: 0.5108 val_accuracy: 0.8266
Epoch: 15 loss: 0.6010 accuracy: 0.6840 val_loss: 0.5311 val_accuracy: 0.8302
Epoch: 16 loss: 0.6006 accuracy: 0.6835 val_loss: 0.5304 val_accuracy: 0.8340
Epoch: 17 loss: 0.5996 accuracy: 0.6841 val_loss: 0.5101 val_accuracy: 0.8368
Epoch: 18 loss: 0.5988 accuracy: 0.6854 val_loss: 0.4601 val_accuracy: 0.8404
Epoch: 19 loss: 0.5985 accuracy: 0.6856 val_loss: 0.5301 val_accuracy: 0.8401
Epoch: 20 loss: 0.5986 accuracy: 0.6848 val_loss: 0.4784 val_accuracy: 0.8401
Job ended!
