Tue 27 Feb 2024 04:57:26 PM EST
Python 3.9.7
nvcc: NVIDIA (R) Cuda compiler driver
Copyright (c) 2005-2019 NVIDIA Corporation
Built on Sun_Jul_28_19:07:16_PDT_2019
Cuda compilation tools, release 10.1, V10.1.243
My SLURM_ARRAY_TASK_ID: 
DB: ['ISIC2016', 'MEDNODE']
IMG_SIZE: [150, 150]
CLASSIFIER: EfficientNetB6
SELF_AUG: 1
JOB_INDEX: None
Combining...
Combining 1 db out of 2 dbs
Combining 2 db out of 2 dbs
Stacking training images
Stacking training labels
Stacking validation images
Stacking validation labels
Model: "sequential"
_________________________________________________________________
Layer (type)                 Output Shape              Param #   
=================================================================
efficientnetb6 (Functional)  (None, 2304)              40960143  
_________________________________________________________________
dense (Dense)                (None, 512)               1180160   
_________________________________________________________________
dropout (Dropout)            (None, 512)               0         
_________________________________________________________________
batch_normalization (BatchNo (None, 512)               2048      
_________________________________________________________________
dense_1 (Dense)              (None, 256)               131328    
_________________________________________________________________
dropout_1 (Dropout)          (None, 256)               0         
_________________________________________________________________
batch_normalization_1 (Batch (None, 256)               1024      
_________________________________________________________________
dense_2 (Dense)              (None, 2)                 514       
=================================================================
Total params: 42,275,217
Trainable params: 1,313,538
Non-trainable params: 40,961,679
_________________________________________________________________
Fitting ISIC2016+MEDNODE_aug_EfficientNetB6_150h_150w_None model...
model_name: ISIC2016+MEDNODE_aug_EfficientNetB6_150h_150w_None
Epoch: 1 loss: 0.6937 accuracy: 0.5207 val_loss: 0.6760 val_accuracy: 0.7664
Epoch: 2 loss: 0.6872 accuracy: 0.5519 val_loss: 0.6615 val_accuracy: 0.7664
Epoch: 3 loss: 0.6831 accuracy: 0.5621 val_loss: 0.6450 val_accuracy: 0.7664
Epoch: 4 loss: 0.6826 accuracy: 0.5606 val_loss: 0.6398 val_accuracy: 0.7664
Epoch: 5 loss: 0.6717 accuracy: 0.5861 val_loss: 0.6357 val_accuracy: 0.7664
Epoch: 6 loss: 0.6718 accuracy: 0.5875 val_loss: 0.6271 val_accuracy: 0.7664
Epoch: 7 loss: 0.6727 accuracy: 0.5853 val_loss: 0.6194 val_accuracy: 0.7664
Epoch: 8 loss: 0.6703 accuracy: 0.5933 val_loss: 0.6118 val_accuracy: 0.7664
Epoch: 9 loss: 0.6715 accuracy: 0.5824 val_loss: 0.6060 val_accuracy: 0.7664
Epoch: 10 loss: 0.6763 accuracy: 0.5846 val_loss: 0.6098 val_accuracy: 0.7664
Epoch: 11 loss: 0.6727 accuracy: 0.5890 val_loss: 0.6060 val_accuracy: 0.7664
Epoch: 12 loss: 0.6728 accuracy: 0.5962 val_loss: 0.6057 val_accuracy: 0.7664
Epoch: 13 loss: 0.6727 accuracy: 0.5773 val_loss: 0.5958 val_accuracy: 0.7664
Epoch: 14 loss: 0.6729 accuracy: 0.5933 val_loss: 0.6086 val_accuracy: 0.7664
Epoch: 15 loss: 0.6651 accuracy: 0.6144 val_loss: 0.5901 val_accuracy: 0.7664
Epoch: 16 loss: 0.6660 accuracy: 0.5984 val_loss: 0.5884 val_accuracy: 0.7664
Epoch: 17 loss: 0.6710 accuracy: 0.6013 val_loss: 0.6241 val_accuracy: 0.8037
Epoch: 18 loss: 0.6658 accuracy: 0.6064 val_loss: 0.6042 val_accuracy: 0.7710
Epoch: 19 loss: 0.6721 accuracy: 0.6057 val_loss: 0.6104 val_accuracy: 0.7991
Epoch: 20 loss: 0.6603 accuracy: 0.6224 val_loss: 0.5701 val_accuracy: 0.7664
Job ended!
