Tue 27 Feb 2024 04:48:16 PM EST
Python 3.9.7
nvcc: NVIDIA (R) Cuda compiler driver
Copyright (c) 2005-2019 NVIDIA Corporation
Built on Sun_Jul_28_19:07:16_PDT_2019
Cuda compilation tools, release 10.1, V10.1.243
My SLURM_ARRAY_TASK_ID: 
DB: ['ISIC2016', 'ISIC2020', 'PH2', '_7_point_criteria']
IMG_SIZE: [150, 150]
CLASSIFIER: EfficientNetB6
SELF_AUG: 1
JOB_INDEX: None
Combining...
Combining 1 db out of 4 dbs
Combining 2 db out of 4 dbs
Combining 3 db out of 4 dbs
Combining 4 db out of 4 dbs
Stacking training images
Stacking training labels
Stacking validation images
Stacking validation labels
Model: "sequential"
_________________________________________________________________
Layer (type)                 Output Shape              Param #   
=================================================================
efficientnetb6 (Functional)  (None, 2304)              40960143  
_________________________________________________________________
dense (Dense)                (None, 512)               1180160   
_________________________________________________________________
dropout (Dropout)            (None, 512)               0         
_________________________________________________________________
batch_normalization (BatchNo (None, 512)               2048      
_________________________________________________________________
dense_1 (Dense)              (None, 256)               131328    
_________________________________________________________________
dropout_1 (Dropout)          (None, 256)               0         
_________________________________________________________________
batch_normalization_1 (Batch (None, 256)               1024      
_________________________________________________________________
dense_2 (Dense)              (None, 2)                 514       
=================================================================
Total params: 42,275,217
Trainable params: 1,313,538
Non-trainable params: 40,961,679
_________________________________________________________________
Fitting ISIC2016+ISIC2020+PH2+_7_point_criteria_aug_EfficientNetB6_150h_150w_None model...
model_name: ISIC2016+ISIC2020+PH2+_7_point_criteria_aug_EfficientNetB6_150h_150w_None
Epoch: 1 loss: 0.5158 accuracy: 0.7857 val_loss: 0.2444 val_accuracy: 0.9713
Epoch: 2 loss: 0.4821 accuracy: 0.8021 val_loss: 0.2770 val_accuracy: 0.9713
Epoch: 3 loss: 0.4787 accuracy: 0.8020 val_loss: 0.2351 val_accuracy: 0.9713
Epoch: 4 loss: 0.4774 accuracy: 0.8021 val_loss: 0.2006 val_accuracy: 0.9713
Epoch: 5 loss: 0.4744 accuracy: 0.8022 val_loss: 0.2024 val_accuracy: 0.9713
Epoch: 6 loss: 0.4732 accuracy: 0.8022 val_loss: 0.1712 val_accuracy: 0.9713
Epoch: 7 loss: 0.4701 accuracy: 0.8032 val_loss: 0.1969 val_accuracy: 0.9710
Epoch: 8 loss: 0.4682 accuracy: 0.8035 val_loss: 0.2775 val_accuracy: 0.9708
Epoch: 9 loss: 0.4662 accuracy: 0.8033 val_loss: 0.2000 val_accuracy: 0.9703
Epoch: 10 loss: 0.4665 accuracy: 0.8034 val_loss: 0.1941 val_accuracy: 0.9713
Epoch: 11 loss: 0.4657 accuracy: 0.8029 val_loss: 0.2702 val_accuracy: 0.9695
Epoch: 12 loss: 0.4627 accuracy: 0.8036 val_loss: 0.3028 val_accuracy: 0.9670
Epoch: 13 loss: 0.4627 accuracy: 0.8033 val_loss: 0.1548 val_accuracy: 0.9713
Epoch: 14 loss: 0.4619 accuracy: 0.8032 val_loss: 0.2109 val_accuracy: 0.9713
Epoch: 15 loss: 0.4611 accuracy: 0.8030 val_loss: 0.1878 val_accuracy: 0.9712
Epoch: 16 loss: 0.4591 accuracy: 0.8041 val_loss: 0.2311 val_accuracy: 0.9708
Epoch: 17 loss: 0.4589 accuracy: 0.8042 val_loss: 0.2182 val_accuracy: 0.9713
Epoch: 18 loss: 0.4593 accuracy: 0.8033 val_loss: 0.2701 val_accuracy: 0.9703
Epoch: 19 loss: 0.4577 accuracy: 0.8043 val_loss: 0.2181 val_accuracy: 0.9713
Epoch: 20 loss: 0.4561 accuracy: 0.8042 val_loss: 0.2734 val_accuracy: 0.9695
Job ended!
