Tue 27 Feb 2024 11:36:30 PM EST
Python 3.9.7
nvcc: NVIDIA (R) Cuda compiler driver
Copyright (c) 2005-2019 NVIDIA Corporation
Built on Sun_Jul_28_19:07:16_PDT_2019
Cuda compilation tools, release 10.1, V10.1.243
My SLURM_ARRAY_TASK_ID: 
DB: ['_7_point_criteria']
IMG_SIZE: [150, 150]
CLASSIFIER: ResNet101
SELF_AUG: 1
JOB_INDEX: None
Combining...
Combining 1 db out of 1 dbs
Stacking training images
Stacking training labels
Stacking validation images
Stacking validation labels
Model: "sequential"
_________________________________________________________________
Layer (type)                 Output Shape              Param #   
=================================================================
resnet101 (Functional)       (None, 2048)              42658176  
_________________________________________________________________
dense (Dense)                (None, 512)               1049088   
_________________________________________________________________
dropout (Dropout)            (None, 512)               0         
_________________________________________________________________
batch_normalization (BatchNo (None, 512)               2048      
_________________________________________________________________
dense_1 (Dense)              (None, 256)               131328    
_________________________________________________________________
dropout_1 (Dropout)          (None, 256)               0         
_________________________________________________________________
batch_normalization_1 (Batch (None, 256)               1024      
_________________________________________________________________
dense_2 (Dense)              (None, 2)                 514       
=================================================================
Total params: 43,842,178
Trainable params: 1,182,466
Non-trainable params: 42,659,712
_________________________________________________________________
Fitting _7_point_criteria_aug_ResNet101_150h_150w_None model...
model_name: _7_point_criteria_aug_ResNet101_150h_150w_None
Epoch: 1 loss: 0.9009 accuracy: 0.5641 val_loss: 2.8860 val_accuracy: 0.6995
Epoch: 2 loss: 0.8750 accuracy: 0.5574 val_loss: 1.4225 val_accuracy: 0.6995
Epoch: 3 loss: 0.8385 accuracy: 0.5973 val_loss: 0.8640 val_accuracy: 0.6995
Epoch: 4 loss: 0.8123 accuracy: 0.6223 val_loss: 0.6585 val_accuracy: 0.6946
Epoch: 5 loss: 0.8023 accuracy: 0.6339 val_loss: 0.6633 val_accuracy: 0.6897
Epoch: 6 loss: 0.7733 accuracy: 0.5973 val_loss: 0.6117 val_accuracy: 0.6355
Epoch: 7 loss: 0.7748 accuracy: 0.5990 val_loss: 0.6178 val_accuracy: 0.6404
Epoch: 8 loss: 0.7402 accuracy: 0.6339 val_loss: 0.6375 val_accuracy: 0.6305
Epoch: 9 loss: 0.7630 accuracy: 0.6406 val_loss: 0.6840 val_accuracy: 0.5320
Epoch: 10 loss: 0.7180 accuracy: 0.6273 val_loss: 0.6605 val_accuracy: 0.6995
Epoch: 11 loss: 0.7138 accuracy: 0.6406 val_loss: 0.6150 val_accuracy: 0.7094
Epoch: 12 loss: 0.7243 accuracy: 0.6256 val_loss: 0.6689 val_accuracy: 0.5567
Epoch: 13 loss: 0.7498 accuracy: 0.6106 val_loss: 0.6205 val_accuracy: 0.6749
Epoch: 14 loss: 0.7383 accuracy: 0.6123 val_loss: 0.5768 val_accuracy: 0.7094
Epoch: 15 loss: 0.7596 accuracy: 0.6106 val_loss: 0.5749 val_accuracy: 0.7094
Epoch: 16 loss: 0.7369 accuracy: 0.6173 val_loss: 0.5935 val_accuracy: 0.7192
Epoch: 17 loss: 0.7103 accuracy: 0.6406 val_loss: 0.6690 val_accuracy: 0.5714
Epoch: 18 loss: 0.6716 accuracy: 0.6522 val_loss: 0.6014 val_accuracy: 0.7094
Epoch: 19 loss: 0.6814 accuracy: 0.6606 val_loss: 0.6087 val_accuracy: 0.7044
Epoch: 20 loss: 0.6756 accuracy: 0.6506 val_loss: 0.5901 val_accuracy: 0.6995
Job ended!
