Fri 01 Mar 2024 06:32:51 PM EST
Python 3.9.7
nvcc: NVIDIA (R) Cuda compiler driver
Copyright (c) 2005-2019 NVIDIA Corporation
Built on Sun_Jul_28_19:07:16_PDT_2019
Cuda compilation tools, release 10.1, V10.1.243
My SLURM_ARRAY_TASK_ID: 
DB: ['ISIC2016', 'ISIC2017', 'ISIC2018', 'ISIC2019', 'ISIC2020', 'PH2', 'MEDNODE', 'KaggleMB']
IMG_SIZE: [150, 150]
CLASSIFIER: ResNet101
SELF_AUG: 1
JOB_INDEX: None
Combining...
Combining 1 db out of 1 dbs
Stacking training images
Stacking training labels
Stacking validation images
Stacking validation labels
Model: "sequential"
_________________________________________________________________
Layer (type)                 Output Shape              Param #   
=================================================================
resnet101 (Functional)       (None, 2048)              42658176  
_________________________________________________________________
dense (Dense)                (None, 512)               1049088   
_________________________________________________________________
dropout (Dropout)            (None, 512)               0         
_________________________________________________________________
batch_normalization (BatchNo (None, 512)               2048      
_________________________________________________________________
dense_1 (Dense)              (None, 256)               131328    
_________________________________________________________________
dropout_1 (Dropout)          (None, 256)               0         
_________________________________________________________________
batch_normalization_1 (Batch (None, 256)               1024      
_________________________________________________________________
dense_2 (Dense)              (None, 2)                 514       
=================================================================
Total params: 43,842,178
Trainable params: 1,182,466
Non-trainable params: 42,659,712
_________________________________________________________________
Fitting ISIC2016+ISIC2017+ISIC2018+ISIC2019+ISIC2020+PH2+MEDNODE+KaggleMB_aug_ResNet101_150h_150w_None model...
model_name: ISIC2016+ISIC2017+ISIC2018+ISIC2019+ISIC2020+PH2+MEDNODE+KaggleMB_aug_ResNet101_150h_150w_None
Epoch: 1 loss: 0.8514 accuracy: 0.6418 val_loss: 0.5535 val_accuracy: 0.7944
Epoch: 2 loss: 0.5897 accuracy: 0.7415 val_loss: 0.4875 val_accuracy: 0.7944
Epoch: 3 loss: 0.5416 accuracy: 0.7598 val_loss: 0.5108 val_accuracy: 0.8000
Epoch: 4 loss: 0.4451 accuracy: 0.8118 val_loss: 0.4616 val_accuracy: 0.8222
Epoch: 5 loss: 0.4302 accuracy: 0.8057 val_loss: 0.4749 val_accuracy: 0.8222
Epoch: 6 loss: 0.3761 accuracy: 0.8260 val_loss: 0.4794 val_accuracy: 0.8111
Epoch: 7 loss: 0.3424 accuracy: 0.8760 val_loss: 0.4680 val_accuracy: 0.8222
Epoch: 8 loss: 0.2996 accuracy: 0.8803 val_loss: 0.5350 val_accuracy: 0.8000
Epoch: 9 loss: 0.2823 accuracy: 0.8855 val_loss: 0.5026 val_accuracy: 0.8056
Epoch: 10 loss: 0.2581 accuracy: 0.8916 val_loss: 0.5058 val_accuracy: 0.8056
Epoch: 11 loss: 0.2280 accuracy: 0.9107 val_loss: 0.5119 val_accuracy: 0.7889
Epoch: 12 loss: 0.2202 accuracy: 0.9072 val_loss: 0.5086 val_accuracy: 0.8056
Epoch: 13 loss: 0.1958 accuracy: 0.9280 val_loss: 0.5462 val_accuracy: 0.7778
Epoch: 14 loss: 0.1884 accuracy: 0.9245 val_loss: 0.5147 val_accuracy: 0.8111
Epoch: 15 loss: 0.1748 accuracy: 0.9332 val_loss: 0.5720 val_accuracy: 0.7833
Epoch: 16 loss: 0.1657 accuracy: 0.9410 val_loss: 0.5918 val_accuracy: 0.8111
Epoch: 17 loss: 0.1454 accuracy: 0.9488 val_loss: 0.5597 val_accuracy: 0.8111
Epoch: 18 loss: 0.1471 accuracy: 0.9454 val_loss: 0.5567 val_accuracy: 0.8111
Epoch: 19 loss: 0.1233 accuracy: 0.9566 val_loss: 0.5815 val_accuracy: 0.7944
Epoch: 20 loss: 0.1354 accuracy: 0.9454 val_loss: 0.6450 val_accuracy: 0.7778
Job ended!
