Fri 01 Mar 2024 06:29:44 PM EST
Python 3.9.7
nvcc: NVIDIA (R) Cuda compiler driver
Copyright (c) 2005-2019 NVIDIA Corporation
Built on Sun_Jul_28_19:07:16_PDT_2019
Cuda compilation tools, release 10.1, V10.1.243
My SLURM_ARRAY_TASK_ID: 
DB: ['ISIC2016']
IMG_SIZE: [150, 150]
CLASSIFIER: ResNet101
SELF_AUG: 1
JOB_INDEX: None
Combining...
Combining 1 db out of 1 dbs
Stacking training images
Stacking training labels
Stacking validation images
Stacking validation labels
Model: "sequential"
_________________________________________________________________
Layer (type)                 Output Shape              Param #   
=================================================================
resnet101 (Functional)       (None, 2048)              42658176  
_________________________________________________________________
dense (Dense)                (None, 512)               1049088   
_________________________________________________________________
dropout (Dropout)            (None, 512)               0         
_________________________________________________________________
batch_normalization (BatchNo (None, 512)               2048      
_________________________________________________________________
dense_1 (Dense)              (None, 256)               131328    
_________________________________________________________________
dropout_1 (Dropout)          (None, 256)               0         
_________________________________________________________________
batch_normalization_1 (Batch (None, 256)               1024      
_________________________________________________________________
dense_2 (Dense)              (None, 2)                 514       
=================================================================
Total params: 43,842,178
Trainable params: 1,182,466
Non-trainable params: 42,659,712
_________________________________________________________________
Fitting ISIC2016_aug_ResNet101_150h_150w_None model...
model_name: ISIC2016_aug_ResNet101_150h_150w_None
Epoch: 1 loss: 0.8132 accuracy: 0.6435 val_loss: 0.7194 val_accuracy: 0.8000
Epoch: 2 loss: 0.6079 accuracy: 0.7199 val_loss: 0.6107 val_accuracy: 0.8056
Epoch: 3 loss: 0.5170 accuracy: 0.7476 val_loss: 0.4885 val_accuracy: 0.8111
Epoch: 4 loss: 0.4485 accuracy: 0.7971 val_loss: 0.4774 val_accuracy: 0.8167
Epoch: 5 loss: 0.4366 accuracy: 0.8049 val_loss: 0.4983 val_accuracy: 0.8000
Epoch: 6 loss: 0.3782 accuracy: 0.8239 val_loss: 0.5011 val_accuracy: 0.8000
Epoch: 7 loss: 0.3308 accuracy: 0.8543 val_loss: 0.5206 val_accuracy: 0.8278
Epoch: 8 loss: 0.3379 accuracy: 0.8422 val_loss: 0.5075 val_accuracy: 0.8278
Epoch: 9 loss: 0.2727 accuracy: 0.8820 val_loss: 0.5014 val_accuracy: 0.8278
Epoch: 10 loss: 0.2681 accuracy: 0.8855 val_loss: 0.5390 val_accuracy: 0.7778
Epoch: 11 loss: 0.2524 accuracy: 0.8959 val_loss: 0.5040 val_accuracy: 0.8167
Epoch: 12 loss: 0.2170 accuracy: 0.9159 val_loss: 0.5173 val_accuracy: 0.8000
Epoch: 13 loss: 0.2059 accuracy: 0.9193 val_loss: 0.5387 val_accuracy: 0.8000
Epoch: 14 loss: 0.1924 accuracy: 0.9324 val_loss: 0.5319 val_accuracy: 0.8222
Epoch: 15 loss: 0.1714 accuracy: 0.9306 val_loss: 0.5861 val_accuracy: 0.7889
Epoch: 16 loss: 0.1792 accuracy: 0.9358 val_loss: 0.5899 val_accuracy: 0.7833
Epoch: 17 loss: 0.1402 accuracy: 0.9532 val_loss: 0.6031 val_accuracy: 0.7944
Epoch: 18 loss: 0.1491 accuracy: 0.9462 val_loss: 0.6013 val_accuracy: 0.7944
Epoch: 19 loss: 0.1340 accuracy: 0.9584 val_loss: 0.6196 val_accuracy: 0.8111
Epoch: 20 loss: 0.1190 accuracy: 0.9627 val_loss: 0.6528 val_accuracy: 0.7833
Job ended!
