Fri 01 Mar 2024 06:30:28 PM EST
Python 3.9.7
nvcc: NVIDIA (R) Cuda compiler driver
Copyright (c) 2005-2019 NVIDIA Corporation
Built on Sun_Jul_28_19:07:16_PDT_2019
Cuda compilation tools, release 10.1, V10.1.243
My SLURM_ARRAY_TASK_ID: 
DB: ['ISIC2016', 'ISIC2017', 'ISIC2018']
IMG_SIZE: [150, 150]
CLASSIFIER: ResNet101
SELF_AUG: 1
JOB_INDEX: None
Combining...
Combining 1 db out of 1 dbs
Stacking training images
Stacking training labels
Stacking validation images
Stacking validation labels
Model: "sequential"
_________________________________________________________________
Layer (type)                 Output Shape              Param #   
=================================================================
resnet101 (Functional)       (None, 2048)              42658176  
_________________________________________________________________
dense (Dense)                (None, 512)               1049088   
_________________________________________________________________
dropout (Dropout)            (None, 512)               0         
_________________________________________________________________
batch_normalization (BatchNo (None, 512)               2048      
_________________________________________________________________
dense_1 (Dense)              (None, 256)               131328    
_________________________________________________________________
dropout_1 (Dropout)          (None, 256)               0         
_________________________________________________________________
batch_normalization_1 (Batch (None, 256)               1024      
_________________________________________________________________
dense_2 (Dense)              (None, 2)                 514       
=================================================================
Total params: 43,842,178
Trainable params: 1,182,466
Non-trainable params: 42,659,712
_________________________________________________________________
Fitting ISIC2016+ISIC2017+ISIC2018_aug_ResNet101_150h_150w_None model...
model_name: ISIC2016+ISIC2017+ISIC2018_aug_ResNet101_150h_150w_None
Epoch: 1 loss: 0.8445 accuracy: 0.6279 val_loss: 0.6928 val_accuracy: 0.5722
Epoch: 2 loss: 0.5837 accuracy: 0.7381 val_loss: 0.5826 val_accuracy: 0.7111
Epoch: 3 loss: 0.5101 accuracy: 0.7736 val_loss: 0.5463 val_accuracy: 0.7000
Epoch: 4 loss: 0.4756 accuracy: 0.7832 val_loss: 0.5758 val_accuracy: 0.7278
Epoch: 5 loss: 0.4021 accuracy: 0.8300 val_loss: 0.5131 val_accuracy: 0.7611
Epoch: 6 loss: 0.3793 accuracy: 0.8309 val_loss: 0.4886 val_accuracy: 0.8111
Epoch: 7 loss: 0.3427 accuracy: 0.8465 val_loss: 0.4915 val_accuracy: 0.8056
Epoch: 8 loss: 0.3101 accuracy: 0.8742 val_loss: 0.5061 val_accuracy: 0.8333
Epoch: 9 loss: 0.2756 accuracy: 0.8925 val_loss: 0.5332 val_accuracy: 0.7556
Epoch: 10 loss: 0.2680 accuracy: 0.8864 val_loss: 0.5273 val_accuracy: 0.8056
Epoch: 11 loss: 0.2317 accuracy: 0.9063 val_loss: 0.5370 val_accuracy: 0.8167
Epoch: 12 loss: 0.2215 accuracy: 0.9124 val_loss: 0.5567 val_accuracy: 0.8167
Epoch: 13 loss: 0.2084 accuracy: 0.9185 val_loss: 0.5508 val_accuracy: 0.8000
Epoch: 14 loss: 0.1879 accuracy: 0.9280 val_loss: 0.5390 val_accuracy: 0.8222
Epoch: 15 loss: 0.1646 accuracy: 0.9393 val_loss: 0.5216 val_accuracy: 0.8167
Epoch: 16 loss: 0.1648 accuracy: 0.9410 val_loss: 0.5589 val_accuracy: 0.7833
Epoch: 17 loss: 0.1511 accuracy: 0.9445 val_loss: 0.5923 val_accuracy: 0.7889
Epoch: 18 loss: 0.1307 accuracy: 0.9549 val_loss: 0.5739 val_accuracy: 0.7944
Epoch: 19 loss: 0.1431 accuracy: 0.9367 val_loss: 0.5738 val_accuracy: 0.7833
Epoch: 20 loss: 0.1065 accuracy: 0.9653 val_loss: 0.5803 val_accuracy: 0.8167
Job ended!
