Sun 05 May 2024 03:12:30 PM EDT
Python 3.9.7
nvcc: NVIDIA (R) Cuda compiler driver
Copyright (c) 2005-2019 NVIDIA Corporation
Built on Sun_Jul_28_19:07:16_PDT_2019
Cuda compilation tools, release 10.1, V10.1.243
My SLURM_ARRAY_TASK_ID: 
DB: ['ISIC2016', 'ISIC2017', 'ISIC2018', 'ISIC2019', 'ISIC2020', 'PH2', 'PAD_UFES_20', 'MEDNODE']
IMG_SIZE: [384, 384]
CLASSIFIER: ResNet101
JOB_INDEX: None
Start training augmented images
Combining...
Combining 1th db out of 8 dbs
Combining 2th db out of 8 dbs
Combining 3th db out of 8 dbs
Combining 4th db out of 8 dbs
Combining 5th db out of 8 dbs
Combining 6th db out of 8 dbs
Combining 7th db out of 8 dbs
Combining 8th db out of 8 dbs
Stacking data
Combining complete
Model: "sequential"
_________________________________________________________________
Layer (type)                 Output Shape              Param #   
=================================================================
resnet101 (Functional)       (None, 2048)              42658176  
_________________________________________________________________
dense (Dense)                (None, 512)               1049088   
_________________________________________________________________
dropout (Dropout)            (None, 512)               0         
_________________________________________________________________
batch_normalization (BatchNo (None, 512)               2048      
_________________________________________________________________
dense_1 (Dense)              (None, 256)               131328    
_________________________________________________________________
batch_normalization_1 (Batch (None, 256)               1024      
_________________________________________________________________
dense_2 (Dense)              (None, 2)                 514       
=================================================================
Total params: 43,842,178
Trainable params: 1,182,466
Non-trainable params: 42,659,712
_________________________________________________________________
Fitting ISIC2016+ISIC2017+ISIC2018+ISIC2019+ISIC2020+PH2+PAD_UFES_20+MEDNODE_aug_ResNet101_384h_384w_None model...
model_name: ISIC2016+ISIC2017+ISIC2018+ISIC2019+ISIC2020+PH2+PAD_UFES_20+MEDNODE_aug_ResNet101_384h_384w_None
Epoch: 1 loss: 0.8402 accuracy: 0.7003 val_loss: 0.4385 val_accuracy: 0.9097
Epoch: 2 loss: 0.6513 accuracy: 0.7634 val_loss: 0.4265 val_accuracy: 0.8933
Epoch: 3 loss: 0.6280 accuracy: 0.7559 val_loss: 0.4191 val_accuracy: 0.9094
Epoch: 4 loss: 0.5896 accuracy: 0.7608 val_loss: 0.3465 val_accuracy: 0.9104
Epoch: 5 loss: 0.5650 accuracy: 0.7586 val_loss: 0.5199 val_accuracy: 0.8457
Epoch: 6 loss: 0.5478 accuracy: 0.7556 val_loss: 0.4550 val_accuracy: 0.8670
Epoch: 7 loss: 0.5190 accuracy: 0.7706 val_loss: 0.2919 val_accuracy: 0.9042
Epoch: 8 loss: 0.5007 accuracy: 0.7778 val_loss: 0.8157 val_accuracy: 0.5131
Epoch: 9 loss: 0.5155 accuracy: 0.7630 val_loss: 0.3196 val_accuracy: 0.9104
Epoch: 10 loss: 0.5090 accuracy: 0.7673 val_loss: 0.3077 val_accuracy: 0.9101
Epoch: 11 loss: 0.4829 accuracy: 0.7823 val_loss: 0.5522 val_accuracy: 0.7699
Epoch: 12 loss: 0.4892 accuracy: 0.7748 val_loss: 0.3416 val_accuracy: 0.8826

Epoch 00012: ReduceLROnPlateau reducing learning rate to 7.999999797903001e-05.
Epoch: 13 loss: 0.4977 accuracy: 0.7710 val_loss: 0.3520 val_accuracy: 0.8871
Epoch: 14 loss: 0.4886 accuracy: 0.7754 val_loss: 0.2956 val_accuracy: 0.9031
Epoch: 15 loss: 0.4857 accuracy: 0.7781 val_loss: 0.3046 val_accuracy: 0.9051
Epoch: 16 loss: 0.4753 accuracy: 0.7837 val_loss: 0.2900 val_accuracy: 0.9048
Epoch: 17 loss: 0.4770 accuracy: 0.7832 val_loss: 0.2832 val_accuracy: 0.9031
Epoch: 18 loss: 0.4723 accuracy: 0.7836 val_loss: 2.3091 val_accuracy: 0.0896
Epoch: 19 loss: 0.4678 accuracy: 0.7881 val_loss: 1.0030 val_accuracy: 0.1981
Epoch: 20 loss: 0.5029 accuracy: 0.7629 val_loss: 0.4448 val_accuracy: 0.8660
Epoch: 21 loss: 0.4868 accuracy: 0.7756 val_loss: 0.2881 val_accuracy: 0.9075
Epoch: 22 loss: 0.4992 accuracy: 0.7721 val_loss: 0.3557 val_accuracy: 0.9101

Epoch 00022: ReduceLROnPlateau reducing learning rate to 6.399999838322402e-05.
Epoch: 23 loss: 0.4905 accuracy: 0.7759 val_loss: 0.3113 val_accuracy: 0.9079
Epoch: 24 loss: 0.4975 accuracy: 0.7714 val_loss: 0.3662 val_accuracy: 0.9099
Epoch: 25 loss: 0.5628 accuracy: 0.7404 val_loss: 0.4032 val_accuracy: 0.9104
Epoch: 26 loss: 0.5850 accuracy: 0.7292 val_loss: 0.4129 val_accuracy: 0.9104
Epoch: 27 loss: 0.5848 accuracy: 0.7277 val_loss: 0.4118 val_accuracy: 0.9104

Epoch 00027: ReduceLROnPlateau reducing learning rate to 5.119999987073243e-05.
End of augmented training
Finish
Job ended!
