Wed 28 Feb 2024 12:43:32 AM EST
Python 3.9.7
nvcc: NVIDIA (R) Cuda compiler driver
Copyright (c) 2005-2019 NVIDIA Corporation
Built on Sun_Jul_28_19:07:16_PDT_2019
Cuda compilation tools, release 10.1, V10.1.243
My SLURM_ARRAY_TASK_ID: 
DB: ['ISIC2016', 'ISIC2017', 'ISIC2018', 'PAD_UFES_20', 'MEDNODE']
IMG_SIZE: [150, 150]
CLASSIFIER: ResNet101
SELF_AUG: 1
JOB_INDEX: None
Combining...
Combining 1 db out of 5 dbs
Combining 2 db out of 5 dbs
Combining 3 db out of 5 dbs
Combining 4 db out of 5 dbs
Combining 5 db out of 5 dbs
Stacking training images
Stacking training labels
Stacking validation images
Stacking validation labels
Model: "sequential"
_________________________________________________________________
Layer (type)                 Output Shape              Param #   
=================================================================
resnet101 (Functional)       (None, 2048)              42658176  
_________________________________________________________________
dense (Dense)                (None, 512)               1049088   
_________________________________________________________________
dropout (Dropout)            (None, 512)               0         
_________________________________________________________________
batch_normalization (BatchNo (None, 512)               2048      
_________________________________________________________________
dense_1 (Dense)              (None, 256)               131328    
_________________________________________________________________
dropout_1 (Dropout)          (None, 256)               0         
_________________________________________________________________
batch_normalization_1 (Batch (None, 256)               1024      
_________________________________________________________________
dense_2 (Dense)              (None, 2)                 514       
=================================================================
Total params: 43,842,178
Trainable params: 1,182,466
Non-trainable params: 42,659,712
_________________________________________________________________
Fitting ISIC2016+ISIC2017+ISIC2018+PAD_UFES_20+MEDNODE_aug_ResNet101_150h_150w_None model...
model_name: ISIC2016+ISIC2017+ISIC2018+PAD_UFES_20+MEDNODE_aug_ResNet101_150h_150w_None
Epoch: 1 loss: 0.7539 accuracy: 0.6133 val_loss: 0.5698 val_accuracy: 0.7906
Epoch: 2 loss: 0.6635 accuracy: 0.6651 val_loss: 0.9781 val_accuracy: 0.3225
Epoch: 3 loss: 0.6385 accuracy: 0.6826 val_loss: 0.7660 val_accuracy: 0.4189
Epoch: 4 loss: 0.6021 accuracy: 0.7055 val_loss: 0.3928 val_accuracy: 0.8879
Epoch: 5 loss: 0.5852 accuracy: 0.7161 val_loss: 0.5286 val_accuracy: 0.8918
Epoch: 6 loss: 0.5962 accuracy: 0.7189 val_loss: 0.3999 val_accuracy: 0.8918
Epoch: 7 loss: 0.5945 accuracy: 0.7189 val_loss: 0.4287 val_accuracy: 0.8918
Epoch: 8 loss: 0.5943 accuracy: 0.7189 val_loss: 0.4323 val_accuracy: 0.8918
Epoch: 9 loss: 0.5942 accuracy: 0.7185 val_loss: 0.4368 val_accuracy: 0.8918
Epoch: 10 loss: 0.5944 accuracy: 0.7186 val_loss: 0.4362 val_accuracy: 0.8918
Epoch: 11 loss: 0.5944 accuracy: 0.7186 val_loss: 0.4366 val_accuracy: 0.8918
Epoch: 12 loss: 0.5942 accuracy: 0.7187 val_loss: 0.4251 val_accuracy: 0.8918
Epoch: 13 loss: 0.5943 accuracy: 0.7188 val_loss: 0.4320 val_accuracy: 0.8918
Epoch: 14 loss: 0.5940 accuracy: 0.7190 val_loss: 0.4284 val_accuracy: 0.8918
Epoch: 15 loss: 0.5944 accuracy: 0.7186 val_loss: 0.4325 val_accuracy: 0.8918
Epoch: 16 loss: 0.5942 accuracy: 0.7188 val_loss: 0.4299 val_accuracy: 0.8918
Epoch: 17 loss: 0.5942 accuracy: 0.7187 val_loss: 0.4272 val_accuracy: 0.8918
Epoch: 18 loss: 0.5943 accuracy: 0.7189 val_loss: 0.4272 val_accuracy: 0.8918
Epoch: 19 loss: 0.5943 accuracy: 0.7187 val_loss: 0.4285 val_accuracy: 0.8918
Epoch: 20 loss: 0.5941 accuracy: 0.7189 val_loss: 0.4343 val_accuracy: 0.8918
Job ended!
