Sun 03 Mar 2024 01:50:04 AM EST
Python 3.9.7
nvcc: NVIDIA (R) Cuda compiler driver
Copyright (c) 2005-2019 NVIDIA Corporation
Built on Sun_Jul_28_19:07:16_PDT_2019
Cuda compilation tools, release 10.1, V10.1.243
My SLURM_ARRAY_TASK_ID: 
DB: ['ISIC2016', 'PAD_UFES_20', 'MEDNODE']
IMG_SIZE: [150, 150]
CLASSIFIER: ResNet101
SELF_AUG: 1
JOB_INDEX: None
Combining...
Combining 1 db out of 3 dbs
Combining 2 db out of 3 dbs
Combining 3 db out of 3 dbs
Stacking training images
Stacking training labels
Stacking validation images
Stacking validation labels
Model: "sequential"
_________________________________________________________________
Layer (type)                 Output Shape              Param #   
=================================================================
resnet101 (Functional)       (None, 2048)              42658176  
_________________________________________________________________
dense (Dense)                (None, 512)               1049088   
_________________________________________________________________
dropout (Dropout)            (None, 512)               0         
_________________________________________________________________
batch_normalization (BatchNo (None, 512)               2048      
_________________________________________________________________
dense_1 (Dense)              (None, 256)               131328    
_________________________________________________________________
dropout_1 (Dropout)          (None, 256)               0         
_________________________________________________________________
batch_normalization_1 (Batch (None, 256)               1024      
_________________________________________________________________
dense_2 (Dense)              (None, 2)                 514       
=================================================================
Total params: 43,842,178
Trainable params: 1,182,466
Non-trainable params: 42,659,712
_________________________________________________________________
Fitting ISIC2016+PAD_UFES_20+MEDNODE_aug_ResNet101_150h_150w_None model...
model_name: ISIC2016+PAD_UFES_20+MEDNODE_aug_ResNet101_150h_150w_None
Epoch: 1 loss: 0.7141 accuracy: 0.6766 val_loss: 0.3537 val_accuracy: 0.8724
Epoch: 2 loss: 0.5008 accuracy: 0.7693 val_loss: 0.2609 val_accuracy: 0.9199
Epoch: 3 loss: 0.4192 accuracy: 0.8211 val_loss: 0.2721 val_accuracy: 0.9021
Epoch: 4 loss: 0.3504 accuracy: 0.8538 val_loss: 0.2512 val_accuracy: 0.9154
Epoch: 5 loss: 0.3186 accuracy: 0.8671 val_loss: 0.2344 val_accuracy: 0.9288
Epoch: 6 loss: 0.2738 accuracy: 0.8910 val_loss: 0.2318 val_accuracy: 0.9303
Epoch: 7 loss: 0.2420 accuracy: 0.8993 val_loss: 0.2213 val_accuracy: 0.9318
Epoch: 8 loss: 0.2241 accuracy: 0.9142 val_loss: 0.2245 val_accuracy: 0.9332
Epoch: 9 loss: 0.2019 accuracy: 0.9210 val_loss: 0.2110 val_accuracy: 0.9332
Epoch: 10 loss: 0.1830 accuracy: 0.9273 val_loss: 0.2293 val_accuracy: 0.9288
Epoch: 11 loss: 0.1661 accuracy: 0.9343 val_loss: 0.2161 val_accuracy: 0.9332
Epoch: 12 loss: 0.1416 accuracy: 0.9474 val_loss: 0.2309 val_accuracy: 0.9332
Epoch: 13 loss: 0.1481 accuracy: 0.9431 val_loss: 0.2243 val_accuracy: 0.9392
Epoch: 14 loss: 0.1334 accuracy: 0.9524 val_loss: 0.2395 val_accuracy: 0.9273
Epoch: 15 loss: 0.1091 accuracy: 0.9615 val_loss: 0.2478 val_accuracy: 0.9273
Epoch: 16 loss: 0.1135 accuracy: 0.9580 val_loss: 0.2483 val_accuracy: 0.9392
Epoch: 17 loss: 0.0968 accuracy: 0.9663 val_loss: 0.2562 val_accuracy: 0.9303
Epoch: 18 loss: 0.0953 accuracy: 0.9648 val_loss: 0.2555 val_accuracy: 0.9303
Epoch: 19 loss: 0.0900 accuracy: 0.9713 val_loss: 0.2549 val_accuracy: 0.9303
Epoch: 20 loss: 0.0758 accuracy: 0.9753 val_loss: 0.2653 val_accuracy: 0.9332
Job ended!
