Wed 28 Feb 2024 01:02:52 AM EST
Python 3.9.7
nvcc: NVIDIA (R) Cuda compiler driver
Copyright (c) 2005-2019 NVIDIA Corporation
Built on Sun_Jul_28_19:07:16_PDT_2019
Cuda compilation tools, release 10.1, V10.1.243
My SLURM_ARRAY_TASK_ID: 
DB: ['ISIC2016', 'MEDNODE', 'KaggleMB']
IMG_SIZE: [150, 150]
CLASSIFIER: ResNet101
SELF_AUG: 1
JOB_INDEX: None
Combining...
Combining 1 db out of 3 dbs
Combining 2 db out of 3 dbs
Combining 3 db out of 3 dbs
Stacking training images
Stacking training labels
Stacking validation images
Stacking validation labels
Model: "sequential"
_________________________________________________________________
Layer (type)                 Output Shape              Param #   
=================================================================
resnet101 (Functional)       (None, 2048)              42658176  
_________________________________________________________________
dense (Dense)                (None, 512)               1049088   
_________________________________________________________________
dropout (Dropout)            (None, 512)               0         
_________________________________________________________________
batch_normalization (BatchNo (None, 512)               2048      
_________________________________________________________________
dense_1 (Dense)              (None, 256)               131328    
_________________________________________________________________
dropout_1 (Dropout)          (None, 256)               0         
_________________________________________________________________
batch_normalization_1 (Batch (None, 256)               1024      
_________________________________________________________________
dense_2 (Dense)              (None, 2)                 514       
=================================================================
Total params: 43,842,178
Trainable params: 1,182,466
Non-trainable params: 42,659,712
_________________________________________________________________
Fitting ISIC2016+MEDNODE+KaggleMB_aug_ResNet101_150h_150w_None model...
model_name: ISIC2016+MEDNODE+KaggleMB_aug_ResNet101_150h_150w_None
Epoch: 1 loss: 0.8421 accuracy: 0.5859 val_loss: 0.6941 val_accuracy: 0.6280
Epoch: 2 loss: 0.7999 accuracy: 0.5908 val_loss: 0.6276 val_accuracy: 0.6429
Epoch: 3 loss: 0.7663 accuracy: 0.5837 val_loss: 0.7025 val_accuracy: 0.5876
Epoch: 4 loss: 0.7633 accuracy: 0.5849 val_loss: 0.8676 val_accuracy: 0.4582
Epoch: 5 loss: 0.7594 accuracy: 0.5806 val_loss: 1.1370 val_accuracy: 0.3814
Epoch: 6 loss: 0.7565 accuracy: 0.5788 val_loss: 1.2254 val_accuracy: 0.3760
Epoch: 7 loss: 0.7575 accuracy: 0.5660 val_loss: 1.1986 val_accuracy: 0.3760
Epoch: 8 loss: 0.7631 accuracy: 0.5501 val_loss: 1.2437 val_accuracy: 0.3760
Epoch: 9 loss: 0.7662 accuracy: 0.5434 val_loss: 1.0568 val_accuracy: 0.3774
Epoch: 10 loss: 0.7571 accuracy: 0.5489 val_loss: 1.2764 val_accuracy: 0.3760
Epoch: 11 loss: 0.7360 accuracy: 0.5578 val_loss: 1.3202 val_accuracy: 0.3760
Epoch: 12 loss: 0.7116 accuracy: 0.5692 val_loss: 1.3154 val_accuracy: 0.3814
Epoch: 13 loss: 0.7167 accuracy: 0.5666 val_loss: 1.0815 val_accuracy: 0.3962
Epoch: 14 loss: 0.7014 accuracy: 0.5763 val_loss: 0.9825 val_accuracy: 0.3962
Epoch: 15 loss: 0.6999 accuracy: 0.5682 val_loss: 0.7691 val_accuracy: 0.5081
Epoch: 16 loss: 0.6698 accuracy: 0.6122 val_loss: 1.4156 val_accuracy: 0.3760
Epoch: 17 loss: 0.6626 accuracy: 0.6258 val_loss: 1.1082 val_accuracy: 0.3760
Epoch: 18 loss: 0.6413 accuracy: 0.6482 val_loss: 0.9945 val_accuracy: 0.3760
Epoch: 19 loss: 0.6371 accuracy: 0.6482 val_loss: 0.8800 val_accuracy: 0.3760
Epoch: 20 loss: 0.6405 accuracy: 0.6427 val_loss: 0.6416 val_accuracy: 0.6402
Job ended!
