Sun 05 May 2024 01:15:52 PM EDT
Python 3.9.7
nvcc: NVIDIA (R) Cuda compiler driver
Copyright (c) 2005-2019 NVIDIA Corporation
Built on Sun_Jul_28_19:07:16_PDT_2019
Cuda compilation tools, release 10.1, V10.1.243
My SLURM_ARRAY_TASK_ID: 
DB: ['ISIC2016', 'ISIC2017', 'ISIC2018', 'ISIC2019', 'ISIC2020', 'PH2', '_7_point_criteria', 'MEDNODE', 'KaggleMB']
IMG_SIZE: [384, 384]
CLASSIFIER: ResNet101
JOB_INDEX: None
Start training augmented images
Combining...
Combining 1th db out of 9 dbs
Combining 2th db out of 9 dbs
Combining 3th db out of 9 dbs
Combining 4th db out of 9 dbs
Combining 5th db out of 9 dbs
Combining 6th db out of 9 dbs
Combining 7th db out of 9 dbs
Combining 8th db out of 9 dbs
Combining 9th db out of 9 dbs
Stacking data
Combining complete
Model: "sequential"
_________________________________________________________________
Layer (type)                 Output Shape              Param #   
=================================================================
resnet101 (Functional)       (None, 2048)              42658176  
_________________________________________________________________
dense (Dense)                (None, 512)               1049088   
_________________________________________________________________
dropout (Dropout)            (None, 512)               0         
_________________________________________________________________
batch_normalization (BatchNo (None, 512)               2048      
_________________________________________________________________
dense_1 (Dense)              (None, 256)               131328    
_________________________________________________________________
batch_normalization_1 (Batch (None, 256)               1024      
_________________________________________________________________
dense_2 (Dense)              (None, 2)                 514       
=================================================================
Total params: 43,842,178
Trainable params: 1,182,466
Non-trainable params: 42,659,712
_________________________________________________________________
Fitting ISIC2016+ISIC2017+ISIC2018+ISIC2019+ISIC2020+PH2+_7_point_criteria+MEDNODE+KaggleMB_aug_ResNet101_384h_384w_None model...
model_name: ISIC2016+ISIC2017+ISIC2018+ISIC2019+ISIC2020+PH2+_7_point_criteria+MEDNODE+KaggleMB_aug_ResNet101_384h_384w_None
Epoch: 1 loss: 0.8433 accuracy: 0.6859 val_loss: 0.6394 val_accuracy: 0.8895
Epoch: 2 loss: 0.6286 accuracy: 0.7605 val_loss: 0.6258 val_accuracy: 0.8778
Epoch: 3 loss: 0.6095 accuracy: 0.7593 val_loss: 8.7249 val_accuracy: 0.1089
Epoch: 4 loss: 0.5628 accuracy: 0.7725 val_loss: 0.3729 val_accuracy: 0.8881
Epoch: 5 loss: 0.5363 accuracy: 0.7727 val_loss: 0.3857 val_accuracy: 0.8849
Epoch: 6 loss: 0.5159 accuracy: 0.7763 val_loss: 0.4024 val_accuracy: 0.8807
Epoch: 7 loss: 0.4986 accuracy: 0.7795 val_loss: 0.5432 val_accuracy: 0.8911
Epoch: 8 loss: 0.4940 accuracy: 0.7815 val_loss: 0.3750 val_accuracy: 0.8900
Epoch: 9 loss: 0.4855 accuracy: 0.7833 val_loss: 0.3614 val_accuracy: 0.8843
Epoch: 10 loss: 0.4791 accuracy: 0.7855 val_loss: 0.3851 val_accuracy: 0.8903
Epoch: 11 loss: 0.4807 accuracy: 0.7841 val_loss: 0.3948 val_accuracy: 0.8904
Epoch: 12 loss: 0.4755 accuracy: 0.7853 val_loss: 0.3628 val_accuracy: 0.8904
Epoch: 13 loss: 0.4694 accuracy: 0.7881 val_loss: 0.3761 val_accuracy: 0.8904
Epoch: 14 loss: 0.4671 accuracy: 0.7878 val_loss: 0.3079 val_accuracy: 0.8880
Epoch: 15 loss: 0.4737 accuracy: 0.7864 val_loss: 0.3907 val_accuracy: 0.8911
Epoch: 16 loss: 0.4734 accuracy: 0.7858 val_loss: 0.3613 val_accuracy: 0.8894
Epoch: 17 loss: 0.4599 accuracy: 0.7950 val_loss: 0.3603 val_accuracy: 0.8868
Epoch: 18 loss: 0.4629 accuracy: 0.7951 val_loss: 0.3434 val_accuracy: 0.8871
Epoch: 19 loss: 0.4544 accuracy: 0.7985 val_loss: 0.3533 val_accuracy: 0.8890

Epoch 00019: ReduceLROnPlateau reducing learning rate to 7.999999797903001e-05.
Epoch: 20 loss: 0.4573 accuracy: 0.7961 val_loss: 2.6542 val_accuracy: 0.1171
Epoch: 21 loss: 0.4498 accuracy: 0.7990 val_loss: 0.3847 val_accuracy: 0.8904
Epoch: 22 loss: 0.4462 accuracy: 0.8022 val_loss: 0.3367 val_accuracy: 0.8911
Epoch: 23 loss: 0.4765 accuracy: 0.7833 val_loss: 0.3388 val_accuracy: 0.8821
Epoch: 24 loss: 0.4989 accuracy: 0.7707 val_loss: 0.3321 val_accuracy: 0.8870

Epoch 00024: ReduceLROnPlateau reducing learning rate to 6.399999838322402e-05.
End of augmented training
Finish
Job ended!
