Sun 03 Mar 2024 01:54:12 AM EST
Python 3.9.7
nvcc: NVIDIA (R) Cuda compiler driver
Copyright (c) 2005-2019 NVIDIA Corporation
Built on Sun_Jul_28_19:07:16_PDT_2019
Cuda compilation tools, release 10.1, V10.1.243
My SLURM_ARRAY_TASK_ID: 
DB: ['ISIC2018']
IMG_SIZE: [150, 150]
CLASSIFIER: ResNet101
SELF_AUG: 1
JOB_INDEX: None
Combining...
Combining 1 db out of 1 dbs
Stacking training images
Stacking training labels
Stacking validation images
Stacking validation labels
Model: "sequential"
_________________________________________________________________
Layer (type)                 Output Shape              Param #   
=================================================================
resnet101 (Functional)       (None, 2048)              42658176  
_________________________________________________________________
dense (Dense)                (None, 512)               1049088   
_________________________________________________________________
dropout (Dropout)            (None, 512)               0         
_________________________________________________________________
batch_normalization (BatchNo (None, 512)               2048      
_________________________________________________________________
dense_1 (Dense)              (None, 256)               131328    
_________________________________________________________________
dropout_1 (Dropout)          (None, 256)               0         
_________________________________________________________________
batch_normalization_1 (Batch (None, 256)               1024      
_________________________________________________________________
dense_2 (Dense)              (None, 2)                 514       
=================================================================
Total params: 43,842,178
Trainable params: 1,182,466
Non-trainable params: 42,659,712
_________________________________________________________________
Fitting ISIC2018_aug_ResNet101_150h_150w_None model...
model_name: ISIC2018_aug_ResNet101_150h_150w_None
Epoch: 1 loss: 0.5802 accuracy: 0.7463 val_loss: 0.2942 val_accuracy: 0.8705
Epoch: 2 loss: 0.4170 accuracy: 0.8214 val_loss: 0.2417 val_accuracy: 0.8860
Epoch: 3 loss: 0.3672 accuracy: 0.8442 val_loss: 0.2206 val_accuracy: 0.9171
Epoch: 4 loss: 0.3348 accuracy: 0.8583 val_loss: 0.2150 val_accuracy: 0.9119
Epoch: 5 loss: 0.3058 accuracy: 0.8681 val_loss: 0.1909 val_accuracy: 0.9119
Epoch: 6 loss: 0.2947 accuracy: 0.8749 val_loss: 0.1809 val_accuracy: 0.9067
Epoch: 7 loss: 0.2801 accuracy: 0.8807 val_loss: 0.1904 val_accuracy: 0.9067
Epoch: 8 loss: 0.2578 accuracy: 0.8899 val_loss: 0.1966 val_accuracy: 0.9067
Epoch: 9 loss: 0.2490 accuracy: 0.8948 val_loss: 0.1961 val_accuracy: 0.9016
Epoch: 10 loss: 0.2382 accuracy: 0.8998 val_loss: 0.1801 val_accuracy: 0.9171
Epoch: 11 loss: 0.2303 accuracy: 0.9038 val_loss: 0.2053 val_accuracy: 0.9067
Epoch: 12 loss: 0.2226 accuracy: 0.9058 val_loss: 0.2273 val_accuracy: 0.8912
Epoch: 13 loss: 0.2143 accuracy: 0.9106 val_loss: 0.1953 val_accuracy: 0.9223
Epoch: 14 loss: 0.2011 accuracy: 0.9173 val_loss: 0.1929 val_accuracy: 0.9171
Epoch: 15 loss: 0.1899 accuracy: 0.9211 val_loss: 0.1810 val_accuracy: 0.9016
Epoch: 16 loss: 0.1880 accuracy: 0.9242 val_loss: 0.1962 val_accuracy: 0.9067
Epoch: 17 loss: 0.1797 accuracy: 0.9260 val_loss: 0.1846 val_accuracy: 0.9275
Epoch: 18 loss: 0.1702 accuracy: 0.9330 val_loss: 0.2047 val_accuracy: 0.9223
Epoch: 19 loss: 0.1613 accuracy: 0.9336 val_loss: 0.2026 val_accuracy: 0.9016
Epoch: 20 loss: 0.1573 accuracy: 0.9368 val_loss: 0.1804 val_accuracy: 0.9275
Job ended!
