Sun 03 Mar 2024 12:56:20 AM EST
Python 3.9.7
nvcc: NVIDIA (R) Cuda compiler driver
Copyright (c) 2005-2019 NVIDIA Corporation
Built on Sun_Jul_28_19:07:16_PDT_2019
Cuda compilation tools, release 10.1, V10.1.243
My SLURM_ARRAY_TASK_ID: 
DB: ['ISIC2016', 'ISIC2017', 'ISIC2018', 'ISIC2019', 'ISIC2020', 'PH2', '_7_point_criteria', 'PAD_UFES_20', 'MEDNODE']
IMG_SIZE: [150, 150]
CLASSIFIER: ResNet101
SELF_AUG: 1
JOB_INDEX: None
Combining...
Combining 1 db out of 9 dbs
Combining 2 db out of 9 dbs
Combining 3 db out of 9 dbs
Combining 4 db out of 9 dbs
Combining 5 db out of 9 dbs
Combining 6 db out of 9 dbs
Combining 7 db out of 9 dbs
Combining 8 db out of 9 dbs
Combining 9 db out of 9 dbs
Stacking training images
Stacking training labels
Stacking validation images
Stacking validation labels
Model: "sequential"
_________________________________________________________________
Layer (type)                 Output Shape              Param #   
=================================================================
resnet101 (Functional)       (None, 2048)              42658176  
_________________________________________________________________
dense (Dense)                (None, 512)               1049088   
_________________________________________________________________
dropout (Dropout)            (None, 512)               0         
_________________________________________________________________
batch_normalization (BatchNo (None, 512)               2048      
_________________________________________________________________
dense_1 (Dense)              (None, 256)               131328    
_________________________________________________________________
dropout_1 (Dropout)          (None, 256)               0         
_________________________________________________________________
batch_normalization_1 (Batch (None, 256)               1024      
_________________________________________________________________
dense_2 (Dense)              (None, 2)                 514       
=================================================================
Total params: 43,842,178
Trainable params: 1,182,466
Non-trainable params: 42,659,712
_________________________________________________________________
Fitting ISIC2016+ISIC2017+ISIC2018+ISIC2019+ISIC2020+PH2+_7_point_criteria+PAD_UFES_20+MEDNODE_aug_ResNet101_150h_150w_None model...
model_name: ISIC2016+ISIC2017+ISIC2018+ISIC2019+ISIC2020+PH2+_7_point_criteria+PAD_UFES_20+MEDNODE_aug_ResNet101_150h_150w_None
Epoch: 1 loss: 0.4447 accuracy: 0.7985 val_loss: 0.2098 val_accuracy: 0.9188
Epoch: 2 loss: 0.3596 accuracy: 0.8358 val_loss: 0.1965 val_accuracy: 0.9296
Epoch: 3 loss: 0.3379 accuracy: 0.8450 val_loss: 0.1900 val_accuracy: 0.9295
Epoch: 4 loss: 0.3233 accuracy: 0.8543 val_loss: 0.1856 val_accuracy: 0.9328
Epoch: 5 loss: 0.3117 accuracy: 0.8585 val_loss: 0.1830 val_accuracy: 0.9337
Epoch: 6 loss: 0.3015 accuracy: 0.8654 val_loss: 0.1780 val_accuracy: 0.9336
Epoch: 7 loss: 0.2921 accuracy: 0.8694 val_loss: 0.1784 val_accuracy: 0.9327
Epoch: 8 loss: 0.2823 accuracy: 0.8746 val_loss: 0.1760 val_accuracy: 0.9348
Epoch: 9 loss: 0.2762 accuracy: 0.8780 val_loss: 0.1753 val_accuracy: 0.9367
Epoch: 10 loss: 0.2674 accuracy: 0.8827 val_loss: 0.1842 val_accuracy: 0.9310
Epoch: 11 loss: 0.2629 accuracy: 0.8839 val_loss: 0.1760 val_accuracy: 0.9371
Epoch: 12 loss: 0.2538 accuracy: 0.8881 val_loss: 0.1806 val_accuracy: 0.9367
Epoch: 13 loss: 0.2500 accuracy: 0.8903 val_loss: 0.1731 val_accuracy: 0.9381
Epoch: 14 loss: 0.2453 accuracy: 0.8927 val_loss: 0.1746 val_accuracy: 0.9394
Epoch: 15 loss: 0.2383 accuracy: 0.8957 val_loss: 0.1770 val_accuracy: 0.9375
Epoch: 16 loss: 0.2315 accuracy: 0.8996 val_loss: 0.1808 val_accuracy: 0.9404
Epoch: 17 loss: 0.2274 accuracy: 0.9009 val_loss: 0.1768 val_accuracy: 0.9399
Epoch: 18 loss: 0.2226 accuracy: 0.9031 val_loss: 0.1811 val_accuracy: 0.9387
Epoch: 19 loss: 0.2153 accuracy: 0.9068 val_loss: 0.1749 val_accuracy: 0.9395
Epoch: 20 loss: 0.2129 accuracy: 0.9072 val_loss: 0.1806 val_accuracy: 0.9385
Job ended!
