Sun 03 Mar 2024 12:39:28 AM EST
Python 3.9.7
nvcc: NVIDIA (R) Cuda compiler driver
Copyright (c) 2005-2019 NVIDIA Corporation
Built on Sun_Jul_28_19:07:16_PDT_2019
Cuda compilation tools, release 10.1, V10.1.243
My SLURM_ARRAY_TASK_ID: 
DB: ['ISIC2016', 'ISIC2017', 'ISIC2018', 'ISIC2019', '_7_point_criteria', 'PAD_UFES_20']
IMG_SIZE: [150, 150]
CLASSIFIER: ResNet101
SELF_AUG: 1
JOB_INDEX: None
Combining...
Combining 1 db out of 6 dbs
Combining 2 db out of 6 dbs
Combining 3 db out of 6 dbs
Combining 4 db out of 6 dbs
Combining 5 db out of 6 dbs
Combining 6 db out of 6 dbs
Stacking training images
Stacking training labels
Stacking validation images
Stacking validation labels
Model: "sequential"
_________________________________________________________________
Layer (type)                 Output Shape              Param #   
=================================================================
resnet101 (Functional)       (None, 2048)              42658176  
_________________________________________________________________
dense (Dense)                (None, 512)               1049088   
_________________________________________________________________
dropout (Dropout)            (None, 512)               0         
_________________________________________________________________
batch_normalization (BatchNo (None, 512)               2048      
_________________________________________________________________
dense_1 (Dense)              (None, 256)               131328    
_________________________________________________________________
dropout_1 (Dropout)          (None, 256)               0         
_________________________________________________________________
batch_normalization_1 (Batch (None, 256)               1024      
_________________________________________________________________
dense_2 (Dense)              (None, 2)                 514       
=================================================================
Total params: 43,842,178
Trainable params: 1,182,466
Non-trainable params: 42,659,712
_________________________________________________________________
Fitting ISIC2016+ISIC2017+ISIC2018+ISIC2019+_7_point_criteria+PAD_UFES_20_aug_ResNet101_150h_150w_None model...
model_name: ISIC2016+ISIC2017+ISIC2018+ISIC2019+_7_point_criteria+PAD_UFES_20_aug_ResNet101_150h_150w_None
Epoch: 1 loss: 0.5278 accuracy: 0.7593 val_loss: 0.3269 val_accuracy: 0.8703
Epoch: 2 loss: 0.4346 accuracy: 0.8001 val_loss: 0.3068 val_accuracy: 0.8753
Epoch: 3 loss: 0.4007 accuracy: 0.8152 val_loss: 0.3082 val_accuracy: 0.8716
Epoch: 4 loss: 0.3809 accuracy: 0.8248 val_loss: 0.2968 val_accuracy: 0.8793
Epoch: 5 loss: 0.3627 accuracy: 0.8347 val_loss: 0.2841 val_accuracy: 0.8834
Epoch: 6 loss: 0.3514 accuracy: 0.8414 val_loss: 0.2867 val_accuracy: 0.8821
Epoch: 7 loss: 0.3354 accuracy: 0.8492 val_loss: 0.2767 val_accuracy: 0.8887
Epoch: 8 loss: 0.3262 accuracy: 0.8547 val_loss: 0.2760 val_accuracy: 0.8865
Epoch: 9 loss: 0.3144 accuracy: 0.8596 val_loss: 0.2761 val_accuracy: 0.8917
Epoch: 10 loss: 0.3064 accuracy: 0.8644 val_loss: 0.2685 val_accuracy: 0.8897
Epoch: 11 loss: 0.2951 accuracy: 0.8694 val_loss: 0.2560 val_accuracy: 0.8960
Epoch: 12 loss: 0.2911 accuracy: 0.8713 val_loss: 0.2589 val_accuracy: 0.9000
Epoch: 13 loss: 0.2781 accuracy: 0.8779 val_loss: 0.2500 val_accuracy: 0.9010
Epoch: 14 loss: 0.2672 accuracy: 0.8839 val_loss: 0.2470 val_accuracy: 0.9024
Epoch: 15 loss: 0.2614 accuracy: 0.8868 val_loss: 0.2549 val_accuracy: 0.9028
Epoch: 16 loss: 0.2529 accuracy: 0.8906 val_loss: 0.2605 val_accuracy: 0.8988
Epoch: 17 loss: 0.2430 accuracy: 0.8963 val_loss: 0.2601 val_accuracy: 0.8973
Epoch: 18 loss: 0.2358 accuracy: 0.8994 val_loss: 0.2570 val_accuracy: 0.9034
Epoch: 19 loss: 0.2353 accuracy: 0.8989 val_loss: 0.2553 val_accuracy: 0.9047
Epoch: 20 loss: 0.2276 accuracy: 0.9019 val_loss: 0.2657 val_accuracy: 0.9000
Job ended!
