Sun 03 Mar 2024 12:39:29 AM EST
Python 3.9.7
nvcc: NVIDIA (R) Cuda compiler driver
Copyright (c) 2005-2019 NVIDIA Corporation
Built on Sun_Jul_28_19:07:16_PDT_2019
Cuda compilation tools, release 10.1, V10.1.243
My SLURM_ARRAY_TASK_ID: 
DB: ['ISIC2016', 'ISIC2017', 'ISIC2018', 'ISIC2019']
IMG_SIZE: [150, 150]
CLASSIFIER: ResNet101
SELF_AUG: 1
JOB_INDEX: None
Combining...
Combining 1 db out of 4 dbs
Combining 2 db out of 4 dbs
Combining 3 db out of 4 dbs
Combining 4 db out of 4 dbs
Stacking training images
Stacking training labels
Stacking validation images
Stacking validation labels
Model: "sequential"
_________________________________________________________________
Layer (type)                 Output Shape              Param #   
=================================================================
resnet101 (Functional)       (None, 2048)              42658176  
_________________________________________________________________
dense (Dense)                (None, 512)               1049088   
_________________________________________________________________
dropout (Dropout)            (None, 512)               0         
_________________________________________________________________
batch_normalization (BatchNo (None, 512)               2048      
_________________________________________________________________
dense_1 (Dense)              (None, 256)               131328    
_________________________________________________________________
dropout_1 (Dropout)          (None, 256)               0         
_________________________________________________________________
batch_normalization_1 (Batch (None, 256)               1024      
_________________________________________________________________
dense_2 (Dense)              (None, 2)                 514       
=================================================================
Total params: 43,842,178
Trainable params: 1,182,466
Non-trainable params: 42,659,712
_________________________________________________________________
Fitting ISIC2016+ISIC2017+ISIC2018+ISIC2019_aug_ResNet101_150h_150w_None model...
model_name: ISIC2016+ISIC2017+ISIC2018+ISIC2019_aug_ResNet101_150h_150w_None
Epoch: 1 loss: 0.5306 accuracy: 0.7581 val_loss: 0.3307 val_accuracy: 0.8680
Epoch: 2 loss: 0.4348 accuracy: 0.7987 val_loss: 0.3177 val_accuracy: 0.8719
Epoch: 3 loss: 0.4046 accuracy: 0.8147 val_loss: 0.3006 val_accuracy: 0.8778
Epoch: 4 loss: 0.3799 accuracy: 0.8265 val_loss: 0.2868 val_accuracy: 0.8846
Epoch: 5 loss: 0.3677 accuracy: 0.8343 val_loss: 0.2849 val_accuracy: 0.8844
Epoch: 6 loss: 0.3536 accuracy: 0.8426 val_loss: 0.2817 val_accuracy: 0.8839
Epoch: 7 loss: 0.3390 accuracy: 0.8477 val_loss: 0.2775 val_accuracy: 0.8830
Epoch: 8 loss: 0.3278 accuracy: 0.8531 val_loss: 0.2696 val_accuracy: 0.8891
Epoch: 9 loss: 0.3170 accuracy: 0.8585 val_loss: 0.2693 val_accuracy: 0.8882
Epoch: 10 loss: 0.3054 accuracy: 0.8653 val_loss: 0.2565 val_accuracy: 0.8945
Epoch: 11 loss: 0.2956 accuracy: 0.8698 val_loss: 0.2573 val_accuracy: 0.8966
Epoch: 12 loss: 0.2880 accuracy: 0.8735 val_loss: 0.2534 val_accuracy: 0.8964
Epoch: 13 loss: 0.2780 accuracy: 0.8779 val_loss: 0.2599 val_accuracy: 0.8932
Epoch: 14 loss: 0.2723 accuracy: 0.8816 val_loss: 0.2451 val_accuracy: 0.8980
Epoch: 15 loss: 0.2638 accuracy: 0.8846 val_loss: 0.2454 val_accuracy: 0.8998
Epoch: 16 loss: 0.2561 accuracy: 0.8891 val_loss: 0.2465 val_accuracy: 0.9018
Epoch: 17 loss: 0.2484 accuracy: 0.8913 val_loss: 0.2602 val_accuracy: 0.8907
Epoch: 18 loss: 0.2429 accuracy: 0.8950 val_loss: 0.2531 val_accuracy: 0.9032
Epoch: 19 loss: 0.2332 accuracy: 0.8994 val_loss: 0.2464 val_accuracy: 0.8991
Epoch: 20 loss: 0.2260 accuracy: 0.9023 val_loss: 0.2413 val_accuracy: 0.9075
Job ended!
