Sun 03 Mar 2024 01:14:19 AM EST
Python 3.9.7
nvcc: NVIDIA (R) Cuda compiler driver
Copyright (c) 2005-2019 NVIDIA Corporation
Built on Sun_Jul_28_19:07:16_PDT_2019
Cuda compilation tools, release 10.1, V10.1.243
My SLURM_ARRAY_TASK_ID: 
DB: ['ISIC2016', 'ISIC2017', 'ISIC2018', 'ISIC2019', 'PAD_UFES_20', 'MEDNODE']
IMG_SIZE: [150, 150]
CLASSIFIER: ResNet101
SELF_AUG: 1
JOB_INDEX: None
Combining...
Combining 1 db out of 6 dbs
Combining 2 db out of 6 dbs
Combining 3 db out of 6 dbs
Combining 4 db out of 6 dbs
Combining 5 db out of 6 dbs
Combining 6 db out of 6 dbs
Stacking training images
Stacking training labels
Stacking validation images
Stacking validation labels
Model: "sequential"
_________________________________________________________________
Layer (type)                 Output Shape              Param #   
=================================================================
resnet101 (Functional)       (None, 2048)              42658176  
_________________________________________________________________
dense (Dense)                (None, 512)               1049088   
_________________________________________________________________
dropout (Dropout)            (None, 512)               0         
_________________________________________________________________
batch_normalization (BatchNo (None, 512)               2048      
_________________________________________________________________
dense_1 (Dense)              (None, 256)               131328    
_________________________________________________________________
dropout_1 (Dropout)          (None, 256)               0         
_________________________________________________________________
batch_normalization_1 (Batch (None, 256)               1024      
_________________________________________________________________
dense_2 (Dense)              (None, 2)                 514       
=================================================================
Total params: 43,842,178
Trainable params: 1,182,466
Non-trainable params: 42,659,712
_________________________________________________________________
Fitting ISIC2016+ISIC2017+ISIC2018+ISIC2019+PAD_UFES_20+MEDNODE_aug_ResNet101_150h_150w_None model...
model_name: ISIC2016+ISIC2017+ISIC2018+ISIC2019+PAD_UFES_20+MEDNODE_aug_ResNet101_150h_150w_None
Epoch: 1 loss: 0.5302 accuracy: 0.7595 val_loss: 0.3359 val_accuracy: 0.8629
Epoch: 2 loss: 0.4309 accuracy: 0.8011 val_loss: 0.3007 val_accuracy: 0.8767
Epoch: 3 loss: 0.3972 accuracy: 0.8176 val_loss: 0.2941 val_accuracy: 0.8835
Epoch: 4 loss: 0.3769 accuracy: 0.8275 val_loss: 0.2811 val_accuracy: 0.8877
Epoch: 5 loss: 0.3610 accuracy: 0.8365 val_loss: 0.2756 val_accuracy: 0.8882
Epoch: 6 loss: 0.3468 accuracy: 0.8443 val_loss: 0.2694 val_accuracy: 0.8894
Epoch: 7 loss: 0.3356 accuracy: 0.8488 val_loss: 0.2653 val_accuracy: 0.8904
Epoch: 8 loss: 0.3221 accuracy: 0.8570 val_loss: 0.2632 val_accuracy: 0.8915
Epoch: 9 loss: 0.3130 accuracy: 0.8606 val_loss: 0.2637 val_accuracy: 0.8935
Epoch: 10 loss: 0.3019 accuracy: 0.8666 val_loss: 0.2570 val_accuracy: 0.8963
Epoch: 11 loss: 0.2938 accuracy: 0.8701 val_loss: 0.2502 val_accuracy: 0.8941
Epoch: 12 loss: 0.2781 accuracy: 0.8776 val_loss: 0.2483 val_accuracy: 0.9017
Epoch: 13 loss: 0.2703 accuracy: 0.8826 val_loss: 0.2462 val_accuracy: 0.9047
Epoch: 14 loss: 0.2660 accuracy: 0.8835 val_loss: 0.2377 val_accuracy: 0.9048
Epoch: 15 loss: 0.2555 accuracy: 0.8903 val_loss: 0.2430 val_accuracy: 0.9058
Epoch: 16 loss: 0.2488 accuracy: 0.8922 val_loss: 0.2382 val_accuracy: 0.9052
Epoch: 17 loss: 0.2388 accuracy: 0.8956 val_loss: 0.2397 val_accuracy: 0.9066
Epoch: 18 loss: 0.2319 accuracy: 0.8999 val_loss: 0.2359 val_accuracy: 0.9053
Epoch: 19 loss: 0.2260 accuracy: 0.9034 val_loss: 0.2290 val_accuracy: 0.9139
Epoch: 20 loss: 0.2219 accuracy: 0.9046 val_loss: 0.2321 val_accuracy: 0.9131
Job ended!
