Wed 28 Feb 2024 12:47:18 AM EST
Python 3.9.7
nvcc: NVIDIA (R) Cuda compiler driver
Copyright (c) 2005-2019 NVIDIA Corporation
Built on Sun_Jul_28_19:07:16_PDT_2019
Cuda compilation tools, release 10.1, V10.1.243
My SLURM_ARRAY_TASK_ID: 
DB: ['ISIC2016', 'ISIC2018', 'ISIC2019']
IMG_SIZE: [150, 150]
CLASSIFIER: ResNet101
SELF_AUG: 1
JOB_INDEX: None
Combining...
Combining 1 db out of 3 dbs
Combining 2 db out of 3 dbs
Combining 3 db out of 3 dbs
Stacking training images
Stacking training labels
Stacking validation images
Stacking validation labels
Model: "sequential"
_________________________________________________________________
Layer (type)                 Output Shape              Param #   
=================================================================
resnet101 (Functional)       (None, 2048)              42658176  
_________________________________________________________________
dense (Dense)                (None, 512)               1049088   
_________________________________________________________________
dropout (Dropout)            (None, 512)               0         
_________________________________________________________________
batch_normalization (BatchNo (None, 512)               2048      
_________________________________________________________________
dense_1 (Dense)              (None, 256)               131328    
_________________________________________________________________
dropout_1 (Dropout)          (None, 256)               0         
_________________________________________________________________
batch_normalization_1 (Batch (None, 256)               1024      
_________________________________________________________________
dense_2 (Dense)              (None, 2)                 514       
=================================================================
Total params: 43,842,178
Trainable params: 1,182,466
Non-trainable params: 42,659,712
_________________________________________________________________
Fitting ISIC2016+ISIC2018+ISIC2019_aug_ResNet101_150h_150w_None model...
model_name: ISIC2016+ISIC2018+ISIC2019_aug_ResNet101_150h_150w_None
Epoch: 1 loss: 0.7590 accuracy: 0.5993 val_loss: 0.6465 val_accuracy: 0.6903
Epoch: 2 loss: 0.6687 accuracy: 0.6297 val_loss: 0.7295 val_accuracy: 0.3592
Epoch: 3 loss: 0.6024 accuracy: 0.6563 val_loss: 0.6880 val_accuracy: 0.5428
Epoch: 4 loss: 0.5941 accuracy: 0.6629 val_loss: 0.6152 val_accuracy: 0.6476
Epoch: 5 loss: 0.5940 accuracy: 0.6703 val_loss: 0.7506 val_accuracy: 0.1693
Epoch: 6 loss: 0.6433 accuracy: 0.6569 val_loss: 0.5319 val_accuracy: 0.8307
Epoch: 7 loss: 0.6431 accuracy: 0.6569 val_loss: 0.5354 val_accuracy: 0.8307
Epoch: 8 loss: 0.6432 accuracy: 0.6570 val_loss: 0.5319 val_accuracy: 0.8307
Epoch: 9 loss: 0.6432 accuracy: 0.6569 val_loss: 0.5299 val_accuracy: 0.8307
Epoch: 10 loss: 0.6432 accuracy: 0.6569 val_loss: 0.5335 val_accuracy: 0.8307
Epoch: 11 loss: 0.6431 accuracy: 0.6570 val_loss: 0.5392 val_accuracy: 0.8307
Epoch: 12 loss: 0.6432 accuracy: 0.6569 val_loss: 0.5310 val_accuracy: 0.8307
Epoch: 13 loss: 0.6431 accuracy: 0.6570 val_loss: 0.5315 val_accuracy: 0.8307
Epoch: 14 loss: 0.6431 accuracy: 0.6570 val_loss: 0.5329 val_accuracy: 0.8307
Epoch: 15 loss: 0.6432 accuracy: 0.6569 val_loss: 0.5319 val_accuracy: 0.8307
Epoch: 16 loss: 0.6432 accuracy: 0.6568 val_loss: 0.5317 val_accuracy: 0.8307
Epoch: 17 loss: 0.6431 accuracy: 0.6569 val_loss: 0.5366 val_accuracy: 0.8307
Epoch: 18 loss: 0.6431 accuracy: 0.6570 val_loss: 0.5340 val_accuracy: 0.8307
Epoch: 19 loss: 0.6431 accuracy: 0.6569 val_loss: 0.5317 val_accuracy: 0.8307
Epoch: 20 loss: 0.6431 accuracy: 0.6570 val_loss: 0.5394 val_accuracy: 0.8307
Job ended!
