Fri 01 Mar 2024 06:33:43 PM EST
Python 3.9.7
nvcc: NVIDIA (R) Cuda compiler driver
Copyright (c) 2005-2019 NVIDIA Corporation
Built on Sun_Jul_28_19:07:16_PDT_2019
Cuda compilation tools, release 10.1, V10.1.243
My SLURM_ARRAY_TASK_ID: 
DB: ['ISIC2016', 'ISIC2018', 'ISIC2019']
IMG_SIZE: [150, 150]
CLASSIFIER: ResNet101
SELF_AUG: 1
JOB_INDEX: None
Combining...
Combining 1 db out of 1 dbs
Stacking training images
Stacking training labels
Stacking validation images
Stacking validation labels
Model: "sequential"
_________________________________________________________________
Layer (type)                 Output Shape              Param #   
=================================================================
resnet101 (Functional)       (None, 2048)              42658176  
_________________________________________________________________
dense (Dense)                (None, 512)               1049088   
_________________________________________________________________
dropout (Dropout)            (None, 512)               0         
_________________________________________________________________
batch_normalization (BatchNo (None, 512)               2048      
_________________________________________________________________
dense_1 (Dense)              (None, 256)               131328    
_________________________________________________________________
dropout_1 (Dropout)          (None, 256)               0         
_________________________________________________________________
batch_normalization_1 (Batch (None, 256)               1024      
_________________________________________________________________
dense_2 (Dense)              (None, 2)                 514       
=================================================================
Total params: 43,842,178
Trainable params: 1,182,466
Non-trainable params: 42,659,712
_________________________________________________________________
Fitting ISIC2016+ISIC2018+ISIC2019_aug_ResNet101_150h_150w_None model...
model_name: ISIC2016+ISIC2018+ISIC2019_aug_ResNet101_150h_150w_None
Epoch: 1 loss: 0.8086 accuracy: 0.6548 val_loss: 0.5313 val_accuracy: 0.8056
Epoch: 2 loss: 0.6217 accuracy: 0.7225 val_loss: 0.4872 val_accuracy: 0.7944
Epoch: 3 loss: 0.5421 accuracy: 0.7502 val_loss: 0.4768 val_accuracy: 0.8167
Epoch: 4 loss: 0.4726 accuracy: 0.7814 val_loss: 0.4469 val_accuracy: 0.8167
Epoch: 5 loss: 0.4318 accuracy: 0.7971 val_loss: 0.4454 val_accuracy: 0.8056
Epoch: 6 loss: 0.3862 accuracy: 0.8395 val_loss: 0.4538 val_accuracy: 0.8111
Epoch: 7 loss: 0.3518 accuracy: 0.8465 val_loss: 0.4672 val_accuracy: 0.8111
Epoch: 8 loss: 0.3095 accuracy: 0.8647 val_loss: 0.4734 val_accuracy: 0.8111
Epoch: 9 loss: 0.2754 accuracy: 0.8812 val_loss: 0.4618 val_accuracy: 0.8111
Epoch: 10 loss: 0.2507 accuracy: 0.8899 val_loss: 0.4822 val_accuracy: 0.7944
Epoch: 11 loss: 0.2491 accuracy: 0.8959 val_loss: 0.5141 val_accuracy: 0.8000
Epoch: 12 loss: 0.2060 accuracy: 0.9219 val_loss: 0.4888 val_accuracy: 0.8222
Epoch: 13 loss: 0.1968 accuracy: 0.9228 val_loss: 0.5225 val_accuracy: 0.7944
Epoch: 14 loss: 0.1751 accuracy: 0.9393 val_loss: 0.5514 val_accuracy: 0.7667
Epoch: 15 loss: 0.1617 accuracy: 0.9358 val_loss: 0.5480 val_accuracy: 0.7944
Epoch: 16 loss: 0.1433 accuracy: 0.9462 val_loss: 0.5316 val_accuracy: 0.7722
Epoch: 17 loss: 0.1403 accuracy: 0.9497 val_loss: 0.5483 val_accuracy: 0.7889
Epoch: 18 loss: 0.1261 accuracy: 0.9566 val_loss: 0.5802 val_accuracy: 0.7944
Epoch: 19 loss: 0.1122 accuracy: 0.9653 val_loss: 0.5722 val_accuracy: 0.7722
Epoch: 20 loss: 0.1098 accuracy: 0.9601 val_loss: 0.5192 val_accuracy: 0.7778
Job ended!
