Fri 01 Mar 2024 06:34:36 PM EST
Python 3.9.7
nvcc: NVIDIA (R) Cuda compiler driver
Copyright (c) 2005-2019 NVIDIA Corporation
Built on Sun_Jul_28_19:07:16_PDT_2019
Cuda compilation tools, release 10.1, V10.1.243
My SLURM_ARRAY_TASK_ID: 
DB: ['ISIC2016', 'MEDNODE', 'KaggleMB']
IMG_SIZE: [150, 150]
CLASSIFIER: ResNet101
SELF_AUG: 1
JOB_INDEX: None
Combining...
Combining 1 db out of 1 dbs
Stacking training images
Stacking training labels
Stacking validation images
Stacking validation labels
Model: "sequential"
_________________________________________________________________
Layer (type)                 Output Shape              Param #   
=================================================================
resnet101 (Functional)       (None, 2048)              42658176  
_________________________________________________________________
dense (Dense)                (None, 512)               1049088   
_________________________________________________________________
dropout (Dropout)            (None, 512)               0         
_________________________________________________________________
batch_normalization (BatchNo (None, 512)               2048      
_________________________________________________________________
dense_1 (Dense)              (None, 256)               131328    
_________________________________________________________________
dropout_1 (Dropout)          (None, 256)               0         
_________________________________________________________________
batch_normalization_1 (Batch (None, 256)               1024      
_________________________________________________________________
dense_2 (Dense)              (None, 2)                 514       
=================================================================
Total params: 43,842,178
Trainable params: 1,182,466
Non-trainable params: 42,659,712
_________________________________________________________________
Fitting ISIC2016+MEDNODE+KaggleMB_aug_ResNet101_150h_150w_None model...
model_name: ISIC2016+MEDNODE+KaggleMB_aug_ResNet101_150h_150w_None
Epoch: 1 loss: 0.8434 accuracy: 0.6236 val_loss: 0.5149 val_accuracy: 0.8000
Epoch: 2 loss: 0.6271 accuracy: 0.7129 val_loss: 0.4577 val_accuracy: 0.8111
Epoch: 3 loss: 0.5260 accuracy: 0.7493 val_loss: 0.4289 val_accuracy: 0.8222
Epoch: 4 loss: 0.4636 accuracy: 0.7918 val_loss: 0.4343 val_accuracy: 0.8222
Epoch: 5 loss: 0.4496 accuracy: 0.8005 val_loss: 0.4521 val_accuracy: 0.8000
Epoch: 6 loss: 0.3805 accuracy: 0.8361 val_loss: 0.4539 val_accuracy: 0.8056
Epoch: 7 loss: 0.3432 accuracy: 0.8491 val_loss: 0.4606 val_accuracy: 0.7944
Epoch: 8 loss: 0.3288 accuracy: 0.8630 val_loss: 0.5130 val_accuracy: 0.7611
Epoch: 9 loss: 0.2990 accuracy: 0.8725 val_loss: 0.4639 val_accuracy: 0.7889
Epoch: 10 loss: 0.2545 accuracy: 0.8942 val_loss: 0.5030 val_accuracy: 0.7889
Epoch: 11 loss: 0.2398 accuracy: 0.8994 val_loss: 0.4883 val_accuracy: 0.7667
Epoch: 12 loss: 0.2123 accuracy: 0.9133 val_loss: 0.4985 val_accuracy: 0.8000
Epoch: 13 loss: 0.2005 accuracy: 0.9245 val_loss: 0.5203 val_accuracy: 0.7611
Epoch: 14 loss: 0.1980 accuracy: 0.9139 val_loss: 0.5665 val_accuracy: 0.7833
Epoch: 15 loss: 0.1794 accuracy: 0.9367 val_loss: 0.5465 val_accuracy: 0.7556
Epoch: 16 loss: 0.1535 accuracy: 0.9445 val_loss: 0.5426 val_accuracy: 0.7722
Epoch: 17 loss: 0.1463 accuracy: 0.9419 val_loss: 0.5475 val_accuracy: 0.7611
Epoch: 18 loss: 0.1735 accuracy: 0.9376 val_loss: 0.5502 val_accuracy: 0.8000
Epoch: 19 loss: 0.1311 accuracy: 0.9523 val_loss: 0.6077 val_accuracy: 0.7500
Epoch: 20 loss: 0.1172 accuracy: 0.9662 val_loss: 0.5330 val_accuracy: 0.7833
Job ended!
