Fri 01 Mar 2024 06:34:58 PM EST
Python 3.9.7
nvcc: NVIDIA (R) Cuda compiler driver
Copyright (c) 2005-2019 NVIDIA Corporation
Built on Sun_Jul_28_19:07:16_PDT_2019
Cuda compilation tools, release 10.1, V10.1.243
My SLURM_ARRAY_TASK_ID: 
DB: ['ISIC2016', 'PAD_UFES_20', 'MEDNODE', 'KaggleMB']
IMG_SIZE: [150, 150]
CLASSIFIER: ResNet101
SELF_AUG: 1
JOB_INDEX: None
Combining...
Combining 1 db out of 1 dbs
Stacking training images
Stacking training labels
Stacking validation images
Stacking validation labels
Model: "sequential"
_________________________________________________________________
Layer (type)                 Output Shape              Param #   
=================================================================
resnet101 (Functional)       (None, 2048)              42658176  
_________________________________________________________________
dense (Dense)                (None, 512)               1049088   
_________________________________________________________________
dropout (Dropout)            (None, 512)               0         
_________________________________________________________________
batch_normalization (BatchNo (None, 512)               2048      
_________________________________________________________________
dense_1 (Dense)              (None, 256)               131328    
_________________________________________________________________
dropout_1 (Dropout)          (None, 256)               0         
_________________________________________________________________
batch_normalization_1 (Batch (None, 256)               1024      
_________________________________________________________________
dense_2 (Dense)              (None, 2)                 514       
=================================================================
Total params: 43,842,178
Trainable params: 1,182,466
Non-trainable params: 42,659,712
_________________________________________________________________
Fitting ISIC2016+PAD_UFES_20+MEDNODE+KaggleMB_aug_ResNet101_150h_150w_None model...
model_name: ISIC2016+PAD_UFES_20+MEDNODE+KaggleMB_aug_ResNet101_150h_150w_None
Epoch: 1 loss: 0.8182 accuracy: 0.6435 val_loss: 0.6287 val_accuracy: 0.8000
Epoch: 2 loss: 0.6133 accuracy: 0.7164 val_loss: 0.5141 val_accuracy: 0.8056
Epoch: 3 loss: 0.5174 accuracy: 0.7572 val_loss: 0.4750 val_accuracy: 0.8000
Epoch: 4 loss: 0.4777 accuracy: 0.7806 val_loss: 0.4900 val_accuracy: 0.7944
Epoch: 5 loss: 0.4307 accuracy: 0.7997 val_loss: 0.4891 val_accuracy: 0.7944
Epoch: 6 loss: 0.3642 accuracy: 0.8448 val_loss: 0.5230 val_accuracy: 0.7278
Epoch: 7 loss: 0.3474 accuracy: 0.8508 val_loss: 0.5016 val_accuracy: 0.7611
Epoch: 8 loss: 0.3361 accuracy: 0.8482 val_loss: 0.5321 val_accuracy: 0.7778
Epoch: 9 loss: 0.2723 accuracy: 0.8777 val_loss: 0.4916 val_accuracy: 0.7833
Epoch: 10 loss: 0.2910 accuracy: 0.8725 val_loss: 0.5331 val_accuracy: 0.7722
Epoch: 11 loss: 0.2392 accuracy: 0.9046 val_loss: 0.5480 val_accuracy: 0.7722
Epoch: 12 loss: 0.2215 accuracy: 0.9072 val_loss: 0.5553 val_accuracy: 0.7722
Epoch: 13 loss: 0.1925 accuracy: 0.9245 val_loss: 0.5785 val_accuracy: 0.7667
Epoch: 14 loss: 0.1777 accuracy: 0.9315 val_loss: 0.5799 val_accuracy: 0.7500
Epoch: 15 loss: 0.1650 accuracy: 0.9428 val_loss: 0.5927 val_accuracy: 0.7667
Epoch: 16 loss: 0.1560 accuracy: 0.9393 val_loss: 0.6178 val_accuracy: 0.7556
Epoch: 17 loss: 0.1462 accuracy: 0.9462 val_loss: 0.6592 val_accuracy: 0.7444
Epoch: 18 loss: 0.1358 accuracy: 0.9566 val_loss: 0.6110 val_accuracy: 0.7667
Epoch: 19 loss: 0.1132 accuracy: 0.9662 val_loss: 0.6320 val_accuracy: 0.7611
Epoch: 20 loss: 0.1155 accuracy: 0.9618 val_loss: 0.6367 val_accuracy: 0.7556
Job ended!
