Sun 03 Mar 2024 12:42:29 AM EST
Python 3.9.7
nvcc: NVIDIA (R) Cuda compiler driver
Copyright (c) 2005-2019 NVIDIA Corporation
Built on Sun_Jul_28_19:07:16_PDT_2019
Cuda compilation tools, release 10.1, V10.1.243
My SLURM_ARRAY_TASK_ID: 
DB: ['ISIC2016', 'ISIC2017', 'ISIC2018', 'ISIC2019', 'ISIC2020', 'PAD_UFES_20', 'MEDNODE']
IMG_SIZE: [150, 150]
CLASSIFIER: ResNet101
SELF_AUG: 1
JOB_INDEX: None
Combining...
Combining 1 db out of 7 dbs
Combining 2 db out of 7 dbs
Combining 3 db out of 7 dbs
Combining 4 db out of 7 dbs
Combining 5 db out of 7 dbs
Combining 6 db out of 7 dbs
Combining 7 db out of 7 dbs
Stacking training images
Stacking training labels
Stacking validation images
Stacking validation labels
Model: "sequential"
_________________________________________________________________
Layer (type)                 Output Shape              Param #   
=================================================================
resnet101 (Functional)       (None, 2048)              42658176  
_________________________________________________________________
dense (Dense)                (None, 512)               1049088   
_________________________________________________________________
dropout (Dropout)            (None, 512)               0         
_________________________________________________________________
batch_normalization (BatchNo (None, 512)               2048      
_________________________________________________________________
dense_1 (Dense)              (None, 256)               131328    
_________________________________________________________________
dropout_1 (Dropout)          (None, 256)               0         
_________________________________________________________________
batch_normalization_1 (Batch (None, 256)               1024      
_________________________________________________________________
dense_2 (Dense)              (None, 2)                 514       
=================================================================
Total params: 43,842,178
Trainable params: 1,182,466
Non-trainable params: 42,659,712
_________________________________________________________________
Fitting ISIC2016+ISIC2017+ISIC2018+ISIC2019+ISIC2020+PAD_UFES_20+MEDNODE_aug_ResNet101_150h_150w_None model...
model_name: ISIC2016+ISIC2017+ISIC2018+ISIC2019+ISIC2020+PAD_UFES_20+MEDNODE_aug_ResNet101_150h_150w_None
Epoch: 1 loss: 0.4542 accuracy: 0.7977 val_loss: 0.1988 val_accuracy: 0.9265
Epoch: 2 loss: 0.3666 accuracy: 0.8314 val_loss: 0.1877 val_accuracy: 0.9313
Epoch: 3 loss: 0.3387 accuracy: 0.8458 val_loss: 0.1886 val_accuracy: 0.9286
Epoch: 4 loss: 0.3255 accuracy: 0.8516 val_loss: 0.1821 val_accuracy: 0.9323
Epoch: 5 loss: 0.3138 accuracy: 0.8587 val_loss: 0.1741 val_accuracy: 0.9354
Epoch: 6 loss: 0.3016 accuracy: 0.8644 val_loss: 0.1726 val_accuracy: 0.9360
Epoch: 7 loss: 0.2943 accuracy: 0.8689 val_loss: 0.1756 val_accuracy: 0.9338
Epoch: 8 loss: 0.2868 accuracy: 0.8731 val_loss: 0.1716 val_accuracy: 0.9366
Epoch: 9 loss: 0.2758 accuracy: 0.8758 val_loss: 0.1709 val_accuracy: 0.9362
Epoch: 10 loss: 0.2705 accuracy: 0.8801 val_loss: 0.1655 val_accuracy: 0.9391
Epoch: 11 loss: 0.2634 accuracy: 0.8829 val_loss: 0.1640 val_accuracy: 0.9411
Epoch: 12 loss: 0.2581 accuracy: 0.8863 val_loss: 0.1624 val_accuracy: 0.9425
Epoch: 13 loss: 0.2489 accuracy: 0.8898 val_loss: 0.1650 val_accuracy: 0.9392
Epoch: 14 loss: 0.2424 accuracy: 0.8941 val_loss: 0.1607 val_accuracy: 0.9426
Epoch: 15 loss: 0.2370 accuracy: 0.8961 val_loss: 0.1600 val_accuracy: 0.9415
Epoch: 16 loss: 0.2323 accuracy: 0.8985 val_loss: 0.1648 val_accuracy: 0.9426
Epoch: 17 loss: 0.2269 accuracy: 0.9007 val_loss: 0.1614 val_accuracy: 0.9449
Epoch: 18 loss: 0.2212 accuracy: 0.9034 val_loss: 0.1693 val_accuracy: 0.9440
Epoch: 19 loss: 0.2182 accuracy: 0.9053 val_loss: 0.1596 val_accuracy: 0.9467
Epoch: 20 loss: 0.2118 accuracy: 0.9084 val_loss: 0.1637 val_accuracy: 0.9441
Job ended!
