Sun 05 May 2024 07:52:58 PM EDT
Python 3.9.7
nvcc: NVIDIA (R) Cuda compiler driver
Copyright (c) 2005-2019 NVIDIA Corporation
Built on Sun_Jul_28_19:07:16_PDT_2019
Cuda compilation tools, release 10.1, V10.1.243
My SLURM_ARRAY_TASK_ID: 
DB: ['ISIC2016', 'MEDNODE', 'KaggleMB']
IMG_SIZE: [384, 384]
CLASSIFIER: ResNet101
JOB_INDEX: None
Start training augmented images
Combining...
Combining 1th db out of 3 dbs
Combining 2th db out of 3 dbs
Combining 3th db out of 3 dbs
Stacking data
Combining complete
Model: "sequential"
_________________________________________________________________
Layer (type)                 Output Shape              Param #   
=================================================================
resnet101 (Functional)       (None, 2048)              42658176  
_________________________________________________________________
dense (Dense)                (None, 512)               1049088   
_________________________________________________________________
dropout (Dropout)            (None, 512)               0         
_________________________________________________________________
batch_normalization (BatchNo (None, 512)               2048      
_________________________________________________________________
dense_1 (Dense)              (None, 256)               131328    
_________________________________________________________________
batch_normalization_1 (Batch (None, 256)               1024      
_________________________________________________________________
dense_2 (Dense)              (None, 2)                 514       
=================================================================
Total params: 43,842,178
Trainable params: 1,182,466
Non-trainable params: 42,659,712
_________________________________________________________________
Fitting ISIC2016+MEDNODE+KaggleMB_aug_ResNet101_384h_384w_None model...
model_name: ISIC2016+MEDNODE+KaggleMB_aug_ResNet101_384h_384w_None
Epoch: 1 loss: 1.3329 accuracy: 0.6019 val_loss: 1.0863 val_accuracy: 0.6280
Epoch: 2 loss: 1.0945 accuracy: 0.6380 val_loss: 0.9994 val_accuracy: 0.7237
Epoch: 3 loss: 0.9576 accuracy: 0.6654 val_loss: 1.0313 val_accuracy: 0.3706
Epoch: 4 loss: 0.9004 accuracy: 0.6741 val_loss: 1.7596 val_accuracy: 0.3706
Epoch: 5 loss: 0.8534 accuracy: 0.6796 val_loss: 1.7766 val_accuracy: 0.3706
Epoch: 6 loss: 0.8272 accuracy: 0.6855 val_loss: 1.8109 val_accuracy: 0.3706
Epoch: 7 loss: 0.8014 accuracy: 0.6836 val_loss: 0.9093 val_accuracy: 0.5768
Epoch: 8 loss: 0.7868 accuracy: 0.6849 val_loss: 0.8045 val_accuracy: 0.6644
Epoch: 9 loss: 0.7787 accuracy: 0.6946 val_loss: 0.8309 val_accuracy: 0.6900
Epoch: 10 loss: 0.7856 accuracy: 0.6838 val_loss: 2.3155 val_accuracy: 0.3706
Epoch: 11 loss: 0.7592 accuracy: 0.6972 val_loss: 1.9224 val_accuracy: 0.3706
Epoch: 12 loss: 0.7633 accuracy: 0.6893 val_loss: 1.9459 val_accuracy: 0.3706
Epoch: 13 loss: 0.7263 accuracy: 0.7151 val_loss: 0.7144 val_accuracy: 0.7210
Epoch: 14 loss: 0.7276 accuracy: 0.7090 val_loss: 1.3008 val_accuracy: 0.3706
Epoch: 15 loss: 0.7326 accuracy: 0.7033 val_loss: 0.7312 val_accuracy: 0.6968
Epoch: 16 loss: 0.7134 accuracy: 0.7185 val_loss: 0.7511 val_accuracy: 0.7210
Epoch: 17 loss: 0.7311 accuracy: 0.7005 val_loss: 1.9529 val_accuracy: 0.3706
Epoch: 18 loss: 0.7228 accuracy: 0.7007 val_loss: 0.8615 val_accuracy: 0.6590

Epoch 00018: ReduceLROnPlateau reducing learning rate to 7.999999797903001e-05.
Epoch: 19 loss: 0.7519 accuracy: 0.6686 val_loss: 0.7793 val_accuracy: 0.7116
Epoch: 20 loss: 0.7153 accuracy: 0.7090 val_loss: 0.9684 val_accuracy: 0.6577
Epoch: 21 loss: 0.7049 accuracy: 0.7236 val_loss: 0.7032 val_accuracy: 0.7224
Epoch: 22 loss: 0.6770 accuracy: 0.7352 val_loss: 1.2728 val_accuracy: 0.3706
Epoch: 23 loss: 0.6659 accuracy: 0.7427 val_loss: 0.7616 val_accuracy: 0.7129
Epoch: 24 loss: 0.6816 accuracy: 0.7297 val_loss: 0.7646 val_accuracy: 0.6792
Epoch: 25 loss: 0.6718 accuracy: 0.7309 val_loss: 1.1854 val_accuracy: 0.3976
Epoch: 26 loss: 0.6477 accuracy: 0.7490 val_loss: 0.6842 val_accuracy: 0.7251
Epoch: 27 loss: 0.6546 accuracy: 0.7433 val_loss: 0.6893 val_accuracy: 0.7278
Epoch: 28 loss: 0.6501 accuracy: 0.7407 val_loss: 0.6856 val_accuracy: 0.7305
Epoch: 29 loss: 0.6344 accuracy: 0.7502 val_loss: 0.7720 val_accuracy: 0.7237
Epoch: 30 loss: 0.6744 accuracy: 0.7305 val_loss: 0.7245 val_accuracy: 0.7116
Epoch: 31 loss: 0.6575 accuracy: 0.7417 val_loss: 0.6814 val_accuracy: 0.7305
Epoch: 32 loss: 0.6621 accuracy: 0.7370 val_loss: 0.7008 val_accuracy: 0.7197
Epoch: 33 loss: 0.6581 accuracy: 0.7378 val_loss: 0.8345 val_accuracy: 0.6523
Epoch: 34 loss: 0.6483 accuracy: 0.7431 val_loss: 0.7443 val_accuracy: 0.7237
Epoch: 35 loss: 0.6445 accuracy: 0.7417 val_loss: 0.7053 val_accuracy: 0.7197
Epoch: 36 loss: 0.6525 accuracy: 0.7459 val_loss: 1.0061 val_accuracy: 0.4461

Epoch 00036: ReduceLROnPlateau reducing learning rate to 6.399999838322402e-05.
Epoch: 37 loss: 0.6381 accuracy: 0.7405 val_loss: 0.6846 val_accuracy: 0.7251
Epoch: 38 loss: 0.6402 accuracy: 0.7441 val_loss: 0.7256 val_accuracy: 0.7224
Epoch: 39 loss: 0.6264 accuracy: 0.7470 val_loss: 0.7242 val_accuracy: 0.7210
Epoch: 40 loss: 0.6303 accuracy: 0.7490 val_loss: 0.7427 val_accuracy: 0.7251
Epoch: 41 loss: 0.6271 accuracy: 0.7494 val_loss: 0.7080 val_accuracy: 0.7210

Epoch 00041: ReduceLROnPlateau reducing learning rate to 5.119999987073243e-05.
End of augmented training
Finish
Job ended!
