Fri 01 Mar 2024 06:32:16 PM EST
Python 3.9.7
nvcc: NVIDIA (R) Cuda compiler driver
Copyright (c) 2005-2019 NVIDIA Corporation
Built on Sun_Jul_28_19:07:16_PDT_2019
Cuda compilation tools, release 10.1, V10.1.243
My SLURM_ARRAY_TASK_ID: 
DB: ['ISIC2016', 'ISIC2017', 'ISIC2018', 'ISIC2019', 'ISIC2020', 'PH2', '_7_point_criteria', 'MEDNODE', 'KaggleMB']
IMG_SIZE: [150, 150]
CLASSIFIER: ResNet101
SELF_AUG: 1
JOB_INDEX: None
Combining...
Combining 1 db out of 1 dbs
Stacking training images
Stacking training labels
Stacking validation images
Stacking validation labels
Model: "sequential"
_________________________________________________________________
Layer (type)                 Output Shape              Param #   
=================================================================
resnet101 (Functional)       (None, 2048)              42658176  
_________________________________________________________________
dense (Dense)                (None, 512)               1049088   
_________________________________________________________________
dropout (Dropout)            (None, 512)               0         
_________________________________________________________________
batch_normalization (BatchNo (None, 512)               2048      
_________________________________________________________________
dense_1 (Dense)              (None, 256)               131328    
_________________________________________________________________
dropout_1 (Dropout)          (None, 256)               0         
_________________________________________________________________
batch_normalization_1 (Batch (None, 256)               1024      
_________________________________________________________________
dense_2 (Dense)              (None, 2)                 514       
=================================================================
Total params: 43,842,178
Trainable params: 1,182,466
Non-trainable params: 42,659,712
_________________________________________________________________
Fitting ISIC2016+ISIC2017+ISIC2018+ISIC2019+ISIC2020+PH2+_7_point_criteria+MEDNODE+KaggleMB_aug_ResNet101_150h_150w_None model...
model_name: ISIC2016+ISIC2017+ISIC2018+ISIC2019+ISIC2020+PH2+_7_point_criteria+MEDNODE+KaggleMB_aug_ResNet101_150h_150w_None
Epoch: 1 loss: 0.8326 accuracy: 0.6349 val_loss: 0.6005 val_accuracy: 0.8056
Epoch: 2 loss: 0.6173 accuracy: 0.7346 val_loss: 0.4876 val_accuracy: 0.8167
Epoch: 3 loss: 0.5366 accuracy: 0.7771 val_loss: 0.4840 val_accuracy: 0.7944
Epoch: 4 loss: 0.4454 accuracy: 0.8014 val_loss: 0.4807 val_accuracy: 0.7889
Epoch: 5 loss: 0.4376 accuracy: 0.8005 val_loss: 0.4904 val_accuracy: 0.7944
Epoch: 6 loss: 0.3582 accuracy: 0.8378 val_loss: 0.4799 val_accuracy: 0.8000
Epoch: 7 loss: 0.3340 accuracy: 0.8656 val_loss: 0.4897 val_accuracy: 0.7889
Epoch: 8 loss: 0.3013 accuracy: 0.8673 val_loss: 0.4971 val_accuracy: 0.7944
Epoch: 9 loss: 0.2772 accuracy: 0.8846 val_loss: 0.4918 val_accuracy: 0.7611
Epoch: 10 loss: 0.2351 accuracy: 0.9037 val_loss: 0.5291 val_accuracy: 0.7944
Epoch: 11 loss: 0.2467 accuracy: 0.8899 val_loss: 0.5068 val_accuracy: 0.7889
Epoch: 12 loss: 0.2427 accuracy: 0.9072 val_loss: 0.5209 val_accuracy: 0.8111
Epoch: 13 loss: 0.2176 accuracy: 0.9133 val_loss: 0.4960 val_accuracy: 0.8167
Epoch: 14 loss: 0.2019 accuracy: 0.9219 val_loss: 0.4783 val_accuracy: 0.7944
Epoch: 15 loss: 0.1665 accuracy: 0.9358 val_loss: 0.5023 val_accuracy: 0.8111
Epoch: 16 loss: 0.1674 accuracy: 0.9358 val_loss: 0.5065 val_accuracy: 0.8111
Epoch: 17 loss: 0.1344 accuracy: 0.9532 val_loss: 0.5098 val_accuracy: 0.8278
Epoch: 18 loss: 0.1238 accuracy: 0.9610 val_loss: 0.5004 val_accuracy: 0.8222
Epoch: 19 loss: 0.1188 accuracy: 0.9610 val_loss: 0.5538 val_accuracy: 0.8000
Epoch: 20 loss: 0.1101 accuracy: 0.9618 val_loss: 0.5343 val_accuracy: 0.8333
Job ended!
