Wed 28 Feb 2024 01:06:47 AM EST
Python 3.9.7
nvcc: NVIDIA (R) Cuda compiler driver
Copyright (c) 2005-2019 NVIDIA Corporation
Built on Sun_Jul_28_19:07:16_PDT_2019
Cuda compilation tools, release 10.1, V10.1.243
My SLURM_ARRAY_TASK_ID: 
DB: ['ISIC2018']
IMG_SIZE: [150, 150]
CLASSIFIER: ResNet101
SELF_AUG: 1
JOB_INDEX: None
Combining...
Combining 1 db out of 1 dbs
Stacking training images
Stacking training labels
Stacking validation images
Stacking validation labels
Model: "sequential"
_________________________________________________________________
Layer (type)                 Output Shape              Param #   
=================================================================
resnet101 (Functional)       (None, 2048)              42658176  
_________________________________________________________________
dense (Dense)                (None, 512)               1049088   
_________________________________________________________________
dropout (Dropout)            (None, 512)               0         
_________________________________________________________________
batch_normalization (BatchNo (None, 512)               2048      
_________________________________________________________________
dense_1 (Dense)              (None, 256)               131328    
_________________________________________________________________
dropout_1 (Dropout)          (None, 256)               0         
_________________________________________________________________
batch_normalization_1 (Batch (None, 256)               1024      
_________________________________________________________________
dense_2 (Dense)              (None, 2)                 514       
=================================================================
Total params: 43,842,178
Trainable params: 1,182,466
Non-trainable params: 42,659,712
_________________________________________________________________
Fitting ISIC2018_aug_ResNet101_150h_150w_None model...
model_name: ISIC2018_aug_ResNet101_150h_150w_None
Epoch: 1 loss: 0.7468 accuracy: 0.6203 val_loss: 1.4661 val_accuracy: 0.1088
Epoch: 2 loss: 0.6482 accuracy: 0.6765 val_loss: 1.7332 val_accuracy: 0.1088
Epoch: 3 loss: 0.6302 accuracy: 0.6889 val_loss: 1.3662 val_accuracy: 0.1503
Epoch: 4 loss: 0.6208 accuracy: 0.6959 val_loss: 1.1227 val_accuracy: 0.1606
Epoch: 5 loss: 0.5970 accuracy: 0.7070 val_loss: 0.8183 val_accuracy: 0.4197
Epoch: 6 loss: 0.5820 accuracy: 0.7116 val_loss: 0.5818 val_accuracy: 0.6995
Epoch: 7 loss: 0.5627 accuracy: 0.7187 val_loss: 0.5832 val_accuracy: 0.7358
Epoch: 8 loss: 0.5423 accuracy: 0.7261 val_loss: 0.4225 val_accuracy: 0.8912
Epoch: 9 loss: 0.5894 accuracy: 0.7272 val_loss: 0.4118 val_accuracy: 0.8912
Epoch: 10 loss: 0.5872 accuracy: 0.7270 val_loss: 0.4015 val_accuracy: 0.8912
Epoch: 11 loss: 0.5870 accuracy: 0.7271 val_loss: 0.4254 val_accuracy: 0.8912
Epoch: 12 loss: 0.5860 accuracy: 0.7274 val_loss: 0.4231 val_accuracy: 0.8912
Epoch: 13 loss: 0.5863 accuracy: 0.7271 val_loss: 0.4263 val_accuracy: 0.8912
Epoch: 14 loss: 0.5861 accuracy: 0.7271 val_loss: 0.4237 val_accuracy: 0.8912
Epoch: 15 loss: 0.5867 accuracy: 0.7268 val_loss: 0.4182 val_accuracy: 0.8912
Epoch: 16 loss: 0.5863 accuracy: 0.7271 val_loss: 0.4268 val_accuracy: 0.8912
Epoch: 17 loss: 0.5860 accuracy: 0.7274 val_loss: 0.4209 val_accuracy: 0.8912
Epoch: 18 loss: 0.5862 accuracy: 0.7272 val_loss: 0.4243 val_accuracy: 0.8912
Epoch: 19 loss: 0.5859 accuracy: 0.7275 val_loss: 0.4281 val_accuracy: 0.8912
Epoch: 20 loss: 0.5861 accuracy: 0.7272 val_loss: 0.4282 val_accuracy: 0.8912
Job ended!
