Fri 01 Mar 2024 06:34:06 PM EST
Python 3.9.7
nvcc: NVIDIA (R) Cuda compiler driver
Copyright (c) 2005-2019 NVIDIA Corporation
Built on Sun_Jul_28_19:07:16_PDT_2019
Cuda compilation tools, release 10.1, V10.1.243
My SLURM_ARRAY_TASK_ID: 
DB: ['ISIC2016', 'ISIC2019', 'ISIC2020']
IMG_SIZE: [150, 150]
CLASSIFIER: ResNet101
SELF_AUG: 1
JOB_INDEX: None
Combining...
Combining 1 db out of 1 dbs
Stacking training images
Stacking training labels
Stacking validation images
Stacking validation labels
Model: "sequential"
_________________________________________________________________
Layer (type)                 Output Shape              Param #   
=================================================================
resnet101 (Functional)       (None, 2048)              42658176  
_________________________________________________________________
dense (Dense)                (None, 512)               1049088   
_________________________________________________________________
dropout (Dropout)            (None, 512)               0         
_________________________________________________________________
batch_normalization (BatchNo (None, 512)               2048      
_________________________________________________________________
dense_1 (Dense)              (None, 256)               131328    
_________________________________________________________________
dropout_1 (Dropout)          (None, 256)               0         
_________________________________________________________________
batch_normalization_1 (Batch (None, 256)               1024      
_________________________________________________________________
dense_2 (Dense)              (None, 2)                 514       
=================================================================
Total params: 43,842,178
Trainable params: 1,182,466
Non-trainable params: 42,659,712
_________________________________________________________________
Fitting ISIC2016+ISIC2019+ISIC2020_aug_ResNet101_150h_150w_None model...
model_name: ISIC2016+ISIC2019+ISIC2020_aug_ResNet101_150h_150w_None
Epoch: 1 loss: 0.8530 accuracy: 0.6288 val_loss: 0.4927 val_accuracy: 0.7556
Epoch: 2 loss: 0.6272 accuracy: 0.7188 val_loss: 0.4926 val_accuracy: 0.7944
Epoch: 3 loss: 0.5535 accuracy: 0.7511 val_loss: 0.5155 val_accuracy: 0.7944
Epoch: 4 loss: 0.4505 accuracy: 0.7997 val_loss: 0.4832 val_accuracy: 0.8111
Epoch: 5 loss: 0.4123 accuracy: 0.8179 val_loss: 0.4965 val_accuracy: 0.8000
Epoch: 6 loss: 0.3717 accuracy: 0.8387 val_loss: 0.5318 val_accuracy: 0.7833
Epoch: 7 loss: 0.3574 accuracy: 0.8413 val_loss: 0.5324 val_accuracy: 0.8056
Epoch: 8 loss: 0.3061 accuracy: 0.8699 val_loss: 0.4940 val_accuracy: 0.8278
Epoch: 9 loss: 0.2783 accuracy: 0.8812 val_loss: 0.5181 val_accuracy: 0.7944
Epoch: 10 loss: 0.2737 accuracy: 0.8925 val_loss: 0.5312 val_accuracy: 0.7889
Epoch: 11 loss: 0.2732 accuracy: 0.8803 val_loss: 0.5026 val_accuracy: 0.8222
Epoch: 12 loss: 0.2160 accuracy: 0.9167 val_loss: 0.5368 val_accuracy: 0.8056
Epoch: 13 loss: 0.2102 accuracy: 0.9237 val_loss: 0.5754 val_accuracy: 0.7833
Epoch: 14 loss: 0.2035 accuracy: 0.9159 val_loss: 0.5798 val_accuracy: 0.8056
Epoch: 15 loss: 0.1649 accuracy: 0.9480 val_loss: 0.6039 val_accuracy: 0.7778
Epoch: 16 loss: 0.1557 accuracy: 0.9428 val_loss: 0.6040 val_accuracy: 0.7889
Epoch: 17 loss: 0.1366 accuracy: 0.9497 val_loss: 0.5434 val_accuracy: 0.8222
Epoch: 18 loss: 0.1044 accuracy: 0.9705 val_loss: 0.5678 val_accuracy: 0.8000
Epoch: 19 loss: 0.1125 accuracy: 0.9644 val_loss: 0.5732 val_accuracy: 0.8056
Epoch: 20 loss: 0.1059 accuracy: 0.9644 val_loss: 0.6037 val_accuracy: 0.8056
Job ended!
