Wed 28 Feb 2024 12:43:23 AM EST
Python 3.9.7
nvcc: NVIDIA (R) Cuda compiler driver
Copyright (c) 2005-2019 NVIDIA Corporation
Built on Sun_Jul_28_19:07:16_PDT_2019
Cuda compilation tools, release 10.1, V10.1.243
My SLURM_ARRAY_TASK_ID: 
DB: ['ISIC2016', 'ISIC2017', 'ISIC2018', 'MEDNODE', 'KaggleMB']
IMG_SIZE: [150, 150]
CLASSIFIER: ResNet101
SELF_AUG: 1
JOB_INDEX: None
Combining...
Combining 1 db out of 5 dbs
Combining 2 db out of 5 dbs
Combining 3 db out of 5 dbs
Combining 4 db out of 5 dbs
Combining 5 db out of 5 dbs
Stacking training images
Stacking training labels
Stacking validation images
Stacking validation labels
Model: "sequential"
_________________________________________________________________
Layer (type)                 Output Shape              Param #   
=================================================================
resnet101 (Functional)       (None, 2048)              42658176  
_________________________________________________________________
dense (Dense)                (None, 512)               1049088   
_________________________________________________________________
dropout (Dropout)            (None, 512)               0         
_________________________________________________________________
batch_normalization (BatchNo (None, 512)               2048      
_________________________________________________________________
dense_1 (Dense)              (None, 256)               131328    
_________________________________________________________________
dropout_1 (Dropout)          (None, 256)               0         
_________________________________________________________________
batch_normalization_1 (Batch (None, 256)               1024      
_________________________________________________________________
dense_2 (Dense)              (None, 2)                 514       
=================================================================
Total params: 43,842,178
Trainable params: 1,182,466
Non-trainable params: 42,659,712
_________________________________________________________________
Fitting ISIC2016+ISIC2017+ISIC2018+MEDNODE+KaggleMB_aug_ResNet101_150h_150w_None model...
model_name: ISIC2016+ISIC2017+ISIC2018+MEDNODE+KaggleMB_aug_ResNet101_150h_150w_None
Epoch: 1 loss: 0.7901 accuracy: 0.5944 val_loss: 0.9013 val_accuracy: 0.4959
Epoch: 2 loss: 0.7306 accuracy: 0.6103 val_loss: 0.8638 val_accuracy: 0.3456
Epoch: 3 loss: 0.6906 accuracy: 0.6228 val_loss: 1.1904 val_accuracy: 0.3041
Epoch: 4 loss: 0.6328 accuracy: 0.6479 val_loss: 0.6073 val_accuracy: 0.6710
Epoch: 5 loss: 0.5923 accuracy: 0.6603 val_loss: 0.6198 val_accuracy: 0.6009
Epoch: 6 loss: 0.5813 accuracy: 0.6665 val_loss: 0.6841 val_accuracy: 0.5419
Epoch: 7 loss: 0.5981 accuracy: 0.6741 val_loss: 0.6260 val_accuracy: 0.6636
Epoch: 8 loss: 0.5953 accuracy: 0.6739 val_loss: 0.6749 val_accuracy: 0.5567
Epoch: 9 loss: 0.5779 accuracy: 0.6791 val_loss: 0.6620 val_accuracy: 0.5512
Epoch: 10 loss: 0.5727 accuracy: 0.6709 val_loss: 0.5655 val_accuracy: 0.6525
Epoch: 11 loss: 0.5713 accuracy: 0.6776 val_loss: 0.5669 val_accuracy: 0.6433
Epoch: 12 loss: 0.5950 accuracy: 0.6709 val_loss: 0.7003 val_accuracy: 0.3041
Epoch: 13 loss: 0.6449 accuracy: 0.6545 val_loss: 0.6176 val_accuracy: 0.6959
Epoch: 14 loss: 0.6448 accuracy: 0.6547 val_loss: 0.6189 val_accuracy: 0.6959
Epoch: 15 loss: 0.6449 accuracy: 0.6545 val_loss: 0.6191 val_accuracy: 0.6959
Epoch: 16 loss: 0.6448 accuracy: 0.6542 val_loss: 0.6173 val_accuracy: 0.6959
Epoch: 17 loss: 0.6449 accuracy: 0.6543 val_loss: 0.6189 val_accuracy: 0.6959
Epoch: 18 loss: 0.6447 accuracy: 0.6544 val_loss: 0.6178 val_accuracy: 0.6959
Epoch: 19 loss: 0.6449 accuracy: 0.6542 val_loss: 0.6168 val_accuracy: 0.6959
Epoch: 20 loss: 0.6449 accuracy: 0.6545 val_loss: 0.6186 val_accuracy: 0.6959
Job ended!
