Tue 27 Feb 2024 11:40:02 PM EST
Python 3.9.7
nvcc: NVIDIA (R) Cuda compiler driver
Copyright (c) 2005-2019 NVIDIA Corporation
Built on Sun_Jul_28_19:07:16_PDT_2019
Cuda compilation tools, release 10.1, V10.1.243
My SLURM_ARRAY_TASK_ID: 
DB: ['ISIC2016', 'ISIC2017', 'ISIC2018', 'ISIC2019', '_7_point_criteria', 'PAD_UFES_20']
IMG_SIZE: [150, 150]
CLASSIFIER: ResNet101
SELF_AUG: 1
JOB_INDEX: None
Combining...
Combining 1 db out of 6 dbs
Combining 2 db out of 6 dbs
Combining 3 db out of 6 dbs
Combining 4 db out of 6 dbs
Combining 5 db out of 6 dbs
Combining 6 db out of 6 dbs
Stacking training images
Stacking training labels
Stacking validation images
Stacking validation labels
Model: "sequential"
_________________________________________________________________
Layer (type)                 Output Shape              Param #   
=================================================================
resnet101 (Functional)       (None, 2048)              42658176  
_________________________________________________________________
dense (Dense)                (None, 512)               1049088   
_________________________________________________________________
dropout (Dropout)            (None, 512)               0         
_________________________________________________________________
batch_normalization (BatchNo (None, 512)               2048      
_________________________________________________________________
dense_1 (Dense)              (None, 256)               131328    
_________________________________________________________________
dropout_1 (Dropout)          (None, 256)               0         
_________________________________________________________________
batch_normalization_1 (Batch (None, 256)               1024      
_________________________________________________________________
dense_2 (Dense)              (None, 2)                 514       
=================================================================
Total params: 43,842,178
Trainable params: 1,182,466
Non-trainable params: 42,659,712
_________________________________________________________________
Fitting ISIC2016+ISIC2017+ISIC2018+ISIC2019+_7_point_criteria+PAD_UFES_20_aug_ResNet101_150h_150w_None model...
model_name: ISIC2016+ISIC2017+ISIC2018+ISIC2019+_7_point_criteria+PAD_UFES_20_aug_ResNet101_150h_150w_None
Epoch: 1 loss: 0.7265 accuracy: 0.6136 val_loss: 0.7914 val_accuracy: 0.3984
Epoch: 2 loss: 0.6659 accuracy: 0.6372 val_loss: 0.5878 val_accuracy: 0.8367
Epoch: 3 loss: 0.6321 accuracy: 0.6614 val_loss: 0.5775 val_accuracy: 0.7499
Epoch: 4 loss: 0.6325 accuracy: 0.6646 val_loss: 0.5245 val_accuracy: 0.8367
Epoch: 5 loss: 0.6386 accuracy: 0.6638 val_loss: 0.5199 val_accuracy: 0.8367
Epoch: 6 loss: 0.6386 accuracy: 0.6639 val_loss: 0.5201 val_accuracy: 0.8367
Epoch: 7 loss: 0.6385 accuracy: 0.6639 val_loss: 0.5243 val_accuracy: 0.8367
Epoch: 8 loss: 0.6386 accuracy: 0.6638 val_loss: 0.5166 val_accuracy: 0.8367
Epoch: 9 loss: 0.6385 accuracy: 0.6639 val_loss: 0.5191 val_accuracy: 0.8367
Epoch: 10 loss: 0.6385 accuracy: 0.6639 val_loss: 0.5180 val_accuracy: 0.8367
Epoch: 11 loss: 0.6386 accuracy: 0.6638 val_loss: 0.5205 val_accuracy: 0.8367
Epoch: 12 loss: 0.6385 accuracy: 0.6639 val_loss: 0.5213 val_accuracy: 0.8367
Epoch: 13 loss: 0.6385 accuracy: 0.6639 val_loss: 0.5198 val_accuracy: 0.8367
Epoch: 14 loss: 0.6385 accuracy: 0.6639 val_loss: 0.5167 val_accuracy: 0.8367
Epoch: 15 loss: 0.6385 accuracy: 0.6639 val_loss: 0.5182 val_accuracy: 0.8367
Epoch: 16 loss: 0.6385 accuracy: 0.6639 val_loss: 0.5210 val_accuracy: 0.8367
Epoch: 17 loss: 0.6385 accuracy: 0.6639 val_loss: 0.5232 val_accuracy: 0.8367
Epoch: 18 loss: 0.6385 accuracy: 0.6640 val_loss: 0.5269 val_accuracy: 0.8367
Epoch: 19 loss: 0.6386 accuracy: 0.6638 val_loss: 0.5217 val_accuracy: 0.8367
Epoch: 20 loss: 0.6385 accuracy: 0.6639 val_loss: 0.5175 val_accuracy: 0.8367
Job ended!
