Mon 26 Feb 2024 02:33:30 AM EST
Python 3.9.7
nvcc: NVIDIA (R) Cuda compiler driver
Copyright (c) 2005-2019 NVIDIA Corporation
Built on Sun_Jul_28_19:07:16_PDT_2019
Cuda compilation tools, release 10.1, V10.1.243
My SLURM_ARRAY_TASK_ID:  1
DB: ['ISIC2016', 'ISIC2017', 'ISIC2018', '_7_point_criteria', 'PAD_UFES_20']
IMG_SIZE: [150, 150]
CLASSIFIER: ResNet101V2
JOB_INDEX: 1
Combining...
Combining 1 db out of 5 dbs
Combining 2 db out of 5 dbs
Combining 3 db out of 5 dbs
Combining 4 db out of 5 dbs
Combining 5 db out of 5 dbs
Stacking training images
Stacking training labels
Stacking validation images
Stacking validation labels
Combining...
Combining 1 db out of 5 dbs
Combining 2 db out of 5 dbs
Combining 3 db out of 5 dbs
Combining 4 db out of 5 dbs
Combining 5 db out of 5 dbs
Stacking training images
Stacking training labels
Stacking validation images
Stacking validation labels
Model: "sequential"
_________________________________________________________________
Layer (type)                 Output Shape              Param #   
=================================================================
resnet101v2 (Functional)     (None, 2048)              42626560  
_________________________________________________________________
dense (Dense)                (None, 512)               1049088   
_________________________________________________________________
dropout (Dropout)            (None, 512)               0         
_________________________________________________________________
batch_normalization (BatchNo (None, 512)               2048      
_________________________________________________________________
dense_1 (Dense)              (None, 256)               131328    
_________________________________________________________________
dropout_1 (Dropout)          (None, 256)               0         
_________________________________________________________________
batch_normalization_1 (Batch (None, 256)               1024      
_________________________________________________________________
dense_2 (Dense)              (None, 2)                 514       
=================================================================
Total params: 43,810,562
Trainable params: 1,182,466
Non-trainable params: 42,628,096
_________________________________________________________________
Fitting ISIC2016+ISIC2017+ISIC2018+_7_point_criteria+PAD_UFES_20_noaug_ResNet101V2_150h_150w_1 model...
Epoch: 1 loss: 0.7156 accuracy: 0.6372 val_loss: 0.3909 val_accuracy: 0.8676
Epoch: 2 loss: 0.4878 accuracy: 0.7884 val_loss: 0.3657 val_accuracy: 0.8702
Epoch: 3 loss: 0.4170 accuracy: 0.8445 val_loss: 0.3629 val_accuracy: 0.8710
Epoch: 4 loss: 0.3950 accuracy: 0.8643 val_loss: 0.3661 val_accuracy: 0.8685
Epoch: 5 loss: 0.3831 accuracy: 0.8679 val_loss: 0.3667 val_accuracy: 0.8685
Epoch: 6 loss: 0.3751 accuracy: 0.8689 val_loss: 0.3787 val_accuracy: 0.8685
Epoch: 7 loss: 0.3620 accuracy: 0.8721 val_loss: 0.3568 val_accuracy: 0.8702
Epoch: 8 loss: 0.3606 accuracy: 0.8771 val_loss: 0.3763 val_accuracy: 0.8676
Epoch: 9 loss: 0.3438 accuracy: 0.8806 val_loss: 0.3683 val_accuracy: 0.8676
Epoch: 10 loss: 0.3350 accuracy: 0.8814 val_loss: 0.3559 val_accuracy: 0.8735
Epoch: 11 loss: 0.3282 accuracy: 0.8818 val_loss: 0.3937 val_accuracy: 0.8676
Epoch: 12 loss: 0.3337 accuracy: 0.8828 val_loss: 0.3838 val_accuracy: 0.8676
Epoch: 13 loss: 0.3343 accuracy: 0.8826 val_loss: 0.3816 val_accuracy: 0.8676
Epoch: 14 loss: 0.3321 accuracy: 0.8828 val_loss: 0.3789 val_accuracy: 0.8676
Epoch: 15 loss: 0.3300 accuracy: 0.8828 val_loss: 0.3811 val_accuracy: 0.8676
Epoch: 16 loss: 0.3306 accuracy: 0.8826 val_loss: 0.3790 val_accuracy: 0.8676
Epoch: 17 loss: 0.3276 accuracy: 0.8826 val_loss: 0.3747 val_accuracy: 0.8676
Epoch: 18 loss: 0.3249 accuracy: 0.8825 val_loss: 0.3637 val_accuracy: 0.8676
Epoch: 19 loss: 0.3252 accuracy: 0.8825 val_loss: 0.3620 val_accuracy: 0.8676
Epoch: 20 loss: 0.3225 accuracy: 0.8825 val_loss: 0.3737 val_accuracy: 0.8676
Fitting ISIC2016+ISIC2017+ISIC2018+_7_point_criteria+PAD_UFES_20_aug_ResNet101V2_150h_150w_1 model...
Epoch: 1 loss: 0.5415 accuracy: 0.7320 val_loss: 0.5080 val_accuracy: 0.8086
Epoch: 2 loss: 0.5027 accuracy: 0.7443 val_loss: 0.4458 val_accuracy: 0.8398
Epoch: 3 loss: 0.4854 accuracy: 0.7544 val_loss: 0.4264 val_accuracy: 0.8491
Epoch: 4 loss: 0.4754 accuracy: 0.7643 val_loss: 0.4734 val_accuracy: 0.8010
Epoch: 5 loss: 0.4759 accuracy: 0.7633 val_loss: 0.4666 val_accuracy: 0.8111
Epoch: 6 loss: 0.4654 accuracy: 0.7729 val_loss: 0.4403 val_accuracy: 0.8449
Epoch: 7 loss: 0.4626 accuracy: 0.7780 val_loss: 0.4153 val_accuracy: 0.8550
Epoch: 8 loss: 0.4571 accuracy: 0.7814 val_loss: 0.4621 val_accuracy: 0.8170
Epoch: 9 loss: 0.4663 accuracy: 0.7778 val_loss: 0.4413 val_accuracy: 0.8373
Epoch: 10 loss: 0.4643 accuracy: 0.7788 val_loss: 0.4068 val_accuracy: 0.8550
Epoch: 11 loss: 0.4649 accuracy: 0.7763 val_loss: 0.5344 val_accuracy: 0.7209
Epoch: 12 loss: 0.4601 accuracy: 0.7828 val_loss: 0.6560 val_accuracy: 0.5346
Epoch: 13 loss: 0.4550 accuracy: 0.7861 val_loss: 0.6355 val_accuracy: 0.5767
Epoch: 14 loss: 0.4530 accuracy: 0.7874 val_loss: 0.4445 val_accuracy: 0.8255
Epoch: 15 loss: 0.4511 accuracy: 0.7889 val_loss: 0.7274 val_accuracy: 0.4671
Epoch: 16 loss: 0.4505 accuracy: 0.7853 val_loss: 0.5755 val_accuracy: 0.6619
Epoch: 17 loss: 0.4498 accuracy: 0.7875 val_loss: 0.6638 val_accuracy: 0.5304
Epoch: 18 loss: 0.4477 accuracy: 0.7904 val_loss: 0.4336 val_accuracy: 0.8255
Epoch: 19 loss: 0.4455 accuracy: 0.7875 val_loss: 0.4286 val_accuracy: 0.8381
Epoch: 20 loss: 0.4430 accuracy: 0.7932 val_loss: 0.5331 val_accuracy: 0.7302
Job ended!
