Tue 07 May 2024 06:47:07 PM EDT
Python 3.9.7
nvcc: NVIDIA (R) Cuda compiler driver
Copyright (c) 2005-2019 NVIDIA Corporation
Built on Sun_Jul_28_19:07:16_PDT_2019
Cuda compilation tools, release 10.1, V10.1.243
My SLURM_ARRAY_TASK_ID: 
DB: ['ISIC2016', 'ISIC2017', 'ISIC2018', 'ISIC2019', 'ISIC2020', 'PH2', '_7_point_criteria', 'PAD_UFES_20', 'MEDNODE', 'KaggleMB']
IMG_SIZE: [384, 384]
CLASSIFIER: EfficientNetB6
JOB_INDEX: None
Start training augmented images
Combining...
Combining 1th db out of 10 dbs
Combining 2th db out of 10 dbs
Combining 3th db out of 10 dbs
Combining 4th db out of 10 dbs
Combining 5th db out of 10 dbs
Combining 6th db out of 10 dbs
Combining 7th db out of 10 dbs
Combining 8th db out of 10 dbs
Combining 9th db out of 10 dbs
Combining 10th db out of 10 dbs
Stacking data
Combining complete
Model: "sequential"
_________________________________________________________________
Layer (type)                 Output Shape              Param #   
=================================================================
efficientnetb6 (Functional)  (None, 2304)              40960143  
_________________________________________________________________
dense (Dense)                (None, 512)               1180160   
_________________________________________________________________
dropout (Dropout)            (None, 512)               0         
_________________________________________________________________
batch_normalization (BatchNo (None, 512)               2048      
_________________________________________________________________
dense_1 (Dense)              (None, 256)               131328    
_________________________________________________________________
batch_normalization_1 (Batch (None, 256)               1024      
_________________________________________________________________
dense_2 (Dense)              (None, 2)                 514       
=================================================================
Total params: 42,275,217
Trainable params: 1,313,538
Non-trainable params: 40,961,679
_________________________________________________________________
Fitting ISIC2016+ISIC2017+ISIC2018+ISIC2019+ISIC2020+PH2+_7_point_criteria+PAD_UFES_20+MEDNODE+KaggleMB_aug_EfficientNetB6_384h_384w_None model...
model_name: ISIC2016+ISIC2017+ISIC2018+ISIC2019+ISIC2020+PH2+_7_point_criteria+PAD_UFES_20+MEDNODE+KaggleMB_aug_EfficientNetB6_384h_384w_None
Epoch: 1 loss: 1.0991 accuracy: 0.6606 val_loss: 0.7099 val_accuracy: 0.8940
Epoch: 2 loss: 0.9265 accuracy: 0.7076 val_loss: 0.6156 val_accuracy: 0.8940
Epoch: 3 loss: 0.8186 accuracy: 0.7104 val_loss: 0.6183 val_accuracy: 0.8940
Epoch: 4 loss: 0.7343 accuracy: 0.7124 val_loss: 0.5542 val_accuracy: 0.8940
Epoch: 5 loss: 0.6842 accuracy: 0.7114 val_loss: 0.4893 val_accuracy: 0.8940
Epoch: 6 loss: 0.6548 accuracy: 0.7137 val_loss: 0.4911 val_accuracy: 0.8940
Epoch: 7 loss: 0.6418 accuracy: 0.7108 val_loss: 0.4281 val_accuracy: 0.8940
Epoch: 8 loss: 0.6308 accuracy: 0.7128 val_loss: 0.4777 val_accuracy: 0.8940
Epoch: 9 loss: 0.6239 accuracy: 0.7128 val_loss: 0.4619 val_accuracy: 0.8940
Epoch: 10 loss: 0.6203 accuracy: 0.7119 val_loss: 0.4530 val_accuracy: 0.8940
Epoch: 11 loss: 0.6160 accuracy: 0.7125 val_loss: 0.4516 val_accuracy: 0.8940
Epoch: 12 loss: 0.6134 accuracy: 0.7127 val_loss: 0.4341 val_accuracy: 0.8940

Epoch 00012: ReduceLROnPlateau reducing learning rate to 7.999999797903001e-05.
Epoch: 13 loss: 0.6108 accuracy: 0.7128 val_loss: 0.4384 val_accuracy: 0.8940
Epoch: 14 loss: 0.6084 accuracy: 0.7134 val_loss: 0.4636 val_accuracy: 0.8940
Epoch: 15 loss: 0.6077 accuracy: 0.7132 val_loss: 0.4526 val_accuracy: 0.8940
Epoch: 16 loss: 0.6074 accuracy: 0.7127 val_loss: 0.4506 val_accuracy: 0.8940
Epoch: 17 loss: 0.6059 accuracy: 0.7137 val_loss: 0.4544 val_accuracy: 0.8940

Epoch 00017: ReduceLROnPlateau reducing learning rate to 6.399999838322402e-05.
End of augmented training
Finish
Job ended!
