Fri 01 Mar 2024 04:41:35 AM EST
Python 3.9.7
nvcc: NVIDIA (R) Cuda compiler driver
Copyright (c) 2005-2019 NVIDIA Corporation
Built on Sun_Jul_28_19:07:16_PDT_2019
Cuda compilation tools, release 10.1, V10.1.243
My SLURM_ARRAY_TASK_ID: 
DB: ['ISIC2016', 'ISIC2017', 'ISIC2018', 'ISIC2019', 'ISIC2020', 'PH2']
IMG_SIZE: [150, 150]
CLASSIFIER: EfficientNetB2
SELF_AUG: 1
JOB_INDEX: None
Combining...
Combining 1 db out of 6 dbs
Combining 2 db out of 6 dbs
Combining 3 db out of 6 dbs
Combining 4 db out of 6 dbs
Combining 5 db out of 6 dbs
Combining 6 db out of 6 dbs
Stacking training images
Stacking training labels
Stacking validation images
Stacking validation labels
Model: "sequential"
_________________________________________________________________
Layer (type)                 Output Shape              Param #   
=================================================================
efficientnetb2 (Functional)  (None, 1408)              7768569   
_________________________________________________________________
dense (Dense)                (None, 512)               721408    
_________________________________________________________________
dropout (Dropout)            (None, 512)               0         
_________________________________________________________________
batch_normalization (BatchNo (None, 512)               2048      
_________________________________________________________________
dense_1 (Dense)              (None, 256)               131328    
_________________________________________________________________
dropout_1 (Dropout)          (None, 256)               0         
_________________________________________________________________
batch_normalization_1 (Batch (None, 256)               1024      
_________________________________________________________________
dense_2 (Dense)              (None, 2)                 514       
=================================================================
Total params: 8,624,891
Trainable params: 854,786
Non-trainable params: 7,770,105
_________________________________________________________________
Fitting ISIC2016+ISIC2017+ISIC2018+ISIC2019+ISIC2020+PH2_aug_EfficientNetB2_150h_150w_None model...
model_name: ISIC2016+ISIC2017+ISIC2018+ISIC2019+ISIC2020+PH2_aug_EfficientNetB2_150h_150w_None
Epoch: 1 loss: 0.4756 accuracy: 0.7869 val_loss: 0.2042 val_accuracy: 0.9264
Epoch: 2 loss: 0.3869 accuracy: 0.8202 val_loss: 0.1959 val_accuracy: 0.9280
Epoch: 3 loss: 0.3651 accuracy: 0.8312 val_loss: 0.1900 val_accuracy: 0.9300
Epoch: 4 loss: 0.3538 accuracy: 0.8372 val_loss: 0.1903 val_accuracy: 0.9301
Epoch: 5 loss: 0.3453 accuracy: 0.8413 val_loss: 0.1880 val_accuracy: 0.9295
Epoch: 6 loss: 0.3378 accuracy: 0.8453 val_loss: 0.1853 val_accuracy: 0.9309
Epoch: 7 loss: 0.3318 accuracy: 0.8497 val_loss: 0.1802 val_accuracy: 0.9338
Epoch: 8 loss: 0.3262 accuracy: 0.8529 val_loss: 0.1771 val_accuracy: 0.9361
Epoch: 9 loss: 0.3205 accuracy: 0.8544 val_loss: 0.1735 val_accuracy: 0.9347
Epoch: 10 loss: 0.3159 accuracy: 0.8563 val_loss: 0.1727 val_accuracy: 0.9351
Epoch: 11 loss: 0.3109 accuracy: 0.8597 val_loss: 0.1726 val_accuracy: 0.9370
Epoch: 12 loss: 0.3064 accuracy: 0.8609 val_loss: 0.1759 val_accuracy: 0.9333
Epoch: 13 loss: 0.3013 accuracy: 0.8635 val_loss: 0.1736 val_accuracy: 0.9331
Epoch: 14 loss: 0.3001 accuracy: 0.8642 val_loss: 0.1695 val_accuracy: 0.9386
Epoch: 15 loss: 0.2965 accuracy: 0.8659 val_loss: 0.1756 val_accuracy: 0.9362
Epoch: 16 loss: 0.2929 accuracy: 0.8678 val_loss: 0.1690 val_accuracy: 0.9365
Epoch: 17 loss: 0.2899 accuracy: 0.8693 val_loss: 0.1632 val_accuracy: 0.9411
Epoch: 18 loss: 0.2867 accuracy: 0.8716 val_loss: 0.1670 val_accuracy: 0.9386
Epoch: 19 loss: 0.2828 accuracy: 0.8725 val_loss: 0.1611 val_accuracy: 0.9422
Epoch: 20 loss: 0.2792 accuracy: 0.8749 val_loss: 0.1651 val_accuracy: 0.9393
Job ended!
