Fri 01 Mar 2024 04:12:32 AM EST
Python 3.9.7
nvcc: NVIDIA (R) Cuda compiler driver
Copyright (c) 2005-2019 NVIDIA Corporation
Built on Sun_Jul_28_19:07:16_PDT_2019
Cuda compilation tools, release 10.1, V10.1.243
My SLURM_ARRAY_TASK_ID: 
DB: ['ISIC2016', 'ISIC2017']
IMG_SIZE: [150, 150]
CLASSIFIER: EfficientNetB2
SELF_AUG: 1
JOB_INDEX: None
Combining...
Combining 1 db out of 2 dbs
Combining 2 db out of 2 dbs
Stacking training images
Stacking training labels
Stacking validation images
Stacking validation labels
Model: "sequential"
_________________________________________________________________
Layer (type)                 Output Shape              Param #   
=================================================================
efficientnetb2 (Functional)  (None, 1408)              7768569   
_________________________________________________________________
dense (Dense)                (None, 512)               721408    
_________________________________________________________________
dropout (Dropout)            (None, 512)               0         
_________________________________________________________________
batch_normalization (BatchNo (None, 512)               2048      
_________________________________________________________________
dense_1 (Dense)              (None, 256)               131328    
_________________________________________________________________
dropout_1 (Dropout)          (None, 256)               0         
_________________________________________________________________
batch_normalization_1 (Batch (None, 256)               1024      
_________________________________________________________________
dense_2 (Dense)              (None, 2)                 514       
=================================================================
Total params: 8,624,891
Trainable params: 854,786
Non-trainable params: 7,770,105
_________________________________________________________________
Fitting ISIC2016+ISIC2017_aug_EfficientNetB2_150h_150w_None model...
model_name: ISIC2016+ISIC2017_aug_EfficientNetB2_150h_150w_None
Epoch: 1 loss: 0.7475 accuracy: 0.6688 val_loss: 0.4499 val_accuracy: 0.8000
Epoch: 2 loss: 0.6195 accuracy: 0.7241 val_loss: 0.4179 val_accuracy: 0.8152
Epoch: 3 loss: 0.5428 accuracy: 0.7478 val_loss: 0.4058 val_accuracy: 0.8424
Epoch: 4 loss: 0.5019 accuracy: 0.7708 val_loss: 0.3985 val_accuracy: 0.8303
Epoch: 5 loss: 0.4865 accuracy: 0.7765 val_loss: 0.3916 val_accuracy: 0.8394
Epoch: 6 loss: 0.4597 accuracy: 0.7877 val_loss: 0.3797 val_accuracy: 0.8455
Epoch: 7 loss: 0.4414 accuracy: 0.7988 val_loss: 0.3661 val_accuracy: 0.8455
Epoch: 8 loss: 0.4189 accuracy: 0.8098 val_loss: 0.3463 val_accuracy: 0.8485
Epoch: 9 loss: 0.4030 accuracy: 0.8260 val_loss: 0.3488 val_accuracy: 0.8485
Epoch: 10 loss: 0.3860 accuracy: 0.8289 val_loss: 0.3862 val_accuracy: 0.8515
Epoch: 11 loss: 0.3874 accuracy: 0.8289 val_loss: 0.3430 val_accuracy: 0.8515
Epoch: 12 loss: 0.3638 accuracy: 0.8392 val_loss: 0.3543 val_accuracy: 0.8515
Epoch: 13 loss: 0.3319 accuracy: 0.8569 val_loss: 0.3637 val_accuracy: 0.8515
Epoch: 14 loss: 0.3460 accuracy: 0.8492 val_loss: 0.3628 val_accuracy: 0.8576
Epoch: 15 loss: 0.3366 accuracy: 0.8509 val_loss: 0.3587 val_accuracy: 0.8576
Epoch: 16 loss: 0.3169 accuracy: 0.8581 val_loss: 0.3525 val_accuracy: 0.8727
Epoch: 17 loss: 0.3113 accuracy: 0.8650 val_loss: 0.3640 val_accuracy: 0.8667
Epoch: 18 loss: 0.2947 accuracy: 0.8746 val_loss: 0.3670 val_accuracy: 0.8818
Epoch: 19 loss: 0.2971 accuracy: 0.8682 val_loss: 0.3515 val_accuracy: 0.8788
Epoch: 20 loss: 0.2707 accuracy: 0.8866 val_loss: 0.3718 val_accuracy: 0.8697
Job ended!
