Fri 01 Mar 2024 05:24:33 AM EST
Python 3.9.7
nvcc: NVIDIA (R) Cuda compiler driver
Copyright (c) 2005-2019 NVIDIA Corporation
Built on Sun_Jul_28_19:07:16_PDT_2019
Cuda compilation tools, release 10.1, V10.1.243
My SLURM_ARRAY_TASK_ID: 
DB: ['ISIC2016', 'PAD_UFES_20', 'MEDNODE']
IMG_SIZE: [150, 150]
CLASSIFIER: EfficientNetB2
SELF_AUG: 1
JOB_INDEX: None
Combining...
Combining 1 db out of 3 dbs
Combining 2 db out of 3 dbs
Combining 3 db out of 3 dbs
Stacking training images
Stacking training labels
Stacking validation images
Stacking validation labels
Model: "sequential"
_________________________________________________________________
Layer (type)                 Output Shape              Param #   
=================================================================
efficientnetb2 (Functional)  (None, 1408)              7768569   
_________________________________________________________________
dense (Dense)                (None, 512)               721408    
_________________________________________________________________
dropout (Dropout)            (None, 512)               0         
_________________________________________________________________
batch_normalization (BatchNo (None, 512)               2048      
_________________________________________________________________
dense_1 (Dense)              (None, 256)               131328    
_________________________________________________________________
dropout_1 (Dropout)          (None, 256)               0         
_________________________________________________________________
batch_normalization_1 (Batch (None, 256)               1024      
_________________________________________________________________
dense_2 (Dense)              (None, 2)                 514       
=================================================================
Total params: 8,624,891
Trainable params: 854,786
Non-trainable params: 7,770,105
_________________________________________________________________
Fitting ISIC2016+PAD_UFES_20+MEDNODE_aug_EfficientNetB2_150h_150w_None model...
model_name: ISIC2016+PAD_UFES_20+MEDNODE_aug_EfficientNetB2_150h_150w_None
Epoch: 1 loss: 0.7054 accuracy: 0.6782 val_loss: 0.4546 val_accuracy: 0.8650
Epoch: 2 loss: 0.5575 accuracy: 0.7542 val_loss: 0.3920 val_accuracy: 0.8635
Epoch: 3 loss: 0.4575 accuracy: 0.7997 val_loss: 0.3207 val_accuracy: 0.8739
Epoch: 4 loss: 0.4119 accuracy: 0.8221 val_loss: 0.2621 val_accuracy: 0.9006
Epoch: 5 loss: 0.3782 accuracy: 0.8349 val_loss: 0.2622 val_accuracy: 0.8991
Epoch: 6 loss: 0.3566 accuracy: 0.8432 val_loss: 0.2477 val_accuracy: 0.9110
Epoch: 7 loss: 0.3321 accuracy: 0.8538 val_loss: 0.2311 val_accuracy: 0.9154
Epoch: 8 loss: 0.3008 accuracy: 0.8762 val_loss: 0.2253 val_accuracy: 0.9095
Epoch: 9 loss: 0.2794 accuracy: 0.8837 val_loss: 0.2199 val_accuracy: 0.9139
Epoch: 10 loss: 0.2721 accuracy: 0.8842 val_loss: 0.2337 val_accuracy: 0.9095
Epoch: 11 loss: 0.2493 accuracy: 0.8976 val_loss: 0.2091 val_accuracy: 0.9184
Epoch: 12 loss: 0.2386 accuracy: 0.9019 val_loss: 0.2159 val_accuracy: 0.9110
Epoch: 13 loss: 0.2278 accuracy: 0.9049 val_loss: 0.2165 val_accuracy: 0.9169
Epoch: 14 loss: 0.2286 accuracy: 0.9039 val_loss: 0.2210 val_accuracy: 0.9065
Epoch: 15 loss: 0.2207 accuracy: 0.9059 val_loss: 0.2297 val_accuracy: 0.9095
Epoch: 16 loss: 0.2030 accuracy: 0.9180 val_loss: 0.2143 val_accuracy: 0.9169
Epoch: 17 loss: 0.1922 accuracy: 0.9220 val_loss: 0.2114 val_accuracy: 0.9154
Epoch: 18 loss: 0.1896 accuracy: 0.9185 val_loss: 0.2207 val_accuracy: 0.9065
Epoch: 19 loss: 0.1814 accuracy: 0.9285 val_loss: 0.2178 val_accuracy: 0.9080
Epoch: 20 loss: 0.1763 accuracy: 0.9293 val_loss: 0.2285 val_accuracy: 0.9110
Job ended!
