Fri 01 Mar 2024 04:16:00 AM EST
Python 3.9.7
nvcc: NVIDIA (R) Cuda compiler driver
Copyright (c) 2005-2019 NVIDIA Corporation
Built on Sun_Jul_28_19:07:16_PDT_2019
Cuda compilation tools, release 10.1, V10.1.243
My SLURM_ARRAY_TASK_ID: 
DB: ['ISIC2016', 'ISIC2017', 'ISIC2018', 'ISIC2019', 'ISIC2020']
IMG_SIZE: [150, 150]
CLASSIFIER: EfficientNetB2
SELF_AUG: 1
JOB_INDEX: None
Combining...
Combining 1 db out of 5 dbs
Combining 2 db out of 5 dbs
Combining 3 db out of 5 dbs
Combining 4 db out of 5 dbs
Combining 5 db out of 5 dbs
Stacking training images
Stacking training labels
Stacking validation images
Stacking validation labels
Model: "sequential"
_________________________________________________________________
Layer (type)                 Output Shape              Param #   
=================================================================
efficientnetb2 (Functional)  (None, 1408)              7768569   
_________________________________________________________________
dense (Dense)                (None, 512)               721408    
_________________________________________________________________
dropout (Dropout)            (None, 512)               0         
_________________________________________________________________
batch_normalization (BatchNo (None, 512)               2048      
_________________________________________________________________
dense_1 (Dense)              (None, 256)               131328    
_________________________________________________________________
dropout_1 (Dropout)          (None, 256)               0         
_________________________________________________________________
batch_normalization_1 (Batch (None, 256)               1024      
_________________________________________________________________
dense_2 (Dense)              (None, 2)                 514       
=================================================================
Total params: 8,624,891
Trainable params: 854,786
Non-trainable params: 7,770,105
_________________________________________________________________
Fitting ISIC2016+ISIC2017+ISIC2018+ISIC2019+ISIC2020_aug_EfficientNetB2_150h_150w_None model...
model_name: ISIC2016+ISIC2017+ISIC2018+ISIC2019+ISIC2020_aug_EfficientNetB2_150h_150w_None
Epoch: 1 loss: 0.4717 accuracy: 0.7859 val_loss: 0.2058 val_accuracy: 0.9252
Epoch: 2 loss: 0.3867 accuracy: 0.8211 val_loss: 0.1948 val_accuracy: 0.9273
Epoch: 3 loss: 0.3635 accuracy: 0.8327 val_loss: 0.1911 val_accuracy: 0.9294
Epoch: 4 loss: 0.3537 accuracy: 0.8371 val_loss: 0.1923 val_accuracy: 0.9290
Epoch: 5 loss: 0.3448 accuracy: 0.8419 val_loss: 0.1815 val_accuracy: 0.9321
Epoch: 6 loss: 0.3370 accuracy: 0.8465 val_loss: 0.1804 val_accuracy: 0.9314
Epoch: 7 loss: 0.3313 accuracy: 0.8483 val_loss: 0.1793 val_accuracy: 0.9330
Epoch: 8 loss: 0.3241 accuracy: 0.8530 val_loss: 0.1750 val_accuracy: 0.9351
Epoch: 9 loss: 0.3203 accuracy: 0.8550 val_loss: 0.1736 val_accuracy: 0.9343
Epoch: 10 loss: 0.3149 accuracy: 0.8564 val_loss: 0.1763 val_accuracy: 0.9368
Epoch: 11 loss: 0.3098 accuracy: 0.8595 val_loss: 0.1688 val_accuracy: 0.9370
Epoch: 12 loss: 0.3069 accuracy: 0.8610 val_loss: 0.1685 val_accuracy: 0.9380
Epoch: 13 loss: 0.3029 accuracy: 0.8621 val_loss: 0.1680 val_accuracy: 0.9399
Epoch: 14 loss: 0.2986 accuracy: 0.8650 val_loss: 0.1686 val_accuracy: 0.9376
Epoch: 15 loss: 0.2955 accuracy: 0.8665 val_loss: 0.1649 val_accuracy: 0.9389
Epoch: 16 loss: 0.2907 accuracy: 0.8700 val_loss: 0.1668 val_accuracy: 0.9384
Epoch: 17 loss: 0.2862 accuracy: 0.8712 val_loss: 0.1643 val_accuracy: 0.9401
Epoch: 18 loss: 0.2857 accuracy: 0.8707 val_loss: 0.1643 val_accuracy: 0.9422
Epoch: 19 loss: 0.2817 accuracy: 0.8733 val_loss: 0.1648 val_accuracy: 0.9409
Epoch: 20 loss: 0.2785 accuracy: 0.8747 val_loss: 0.1618 val_accuracy: 0.9411
Job ended!
