Tue 27 Feb 2024 07:11:24 AM EST
Python 3.9.7
nvcc: NVIDIA (R) Cuda compiler driver
Copyright (c) 2005-2019 NVIDIA Corporation
Built on Sun_Jul_28_19:07:16_PDT_2019
Cuda compilation tools, release 10.1, V10.1.243
My SLURM_ARRAY_TASK_ID: 
DB: ['ISIC2016', 'ISIC2017', 'ISIC2018', 'ISIC2019', 'ISIC2020', '_7_point_criteria', 'PAD_UFES_20']
IMG_SIZE: [150, 150]
CLASSIFIER: EfficientNetB2
SELF_AUG: 1
JOB_INDEX: None
Combining...
Combining 1 db out of 7 dbs
Combining 2 db out of 7 dbs
Combining 3 db out of 7 dbs
Combining 4 db out of 7 dbs
Combining 5 db out of 7 dbs
Combining 6 db out of 7 dbs
Combining 7 db out of 7 dbs
Stacking training images
Stacking training labels
Stacking validation images
Stacking validation labels
Model: "sequential"
_________________________________________________________________
Layer (type)                 Output Shape              Param #   
=================================================================
efficientnetb2 (Functional)  (None, 1408)              7768569   
_________________________________________________________________
dense (Dense)                (None, 512)               721408    
_________________________________________________________________
dropout (Dropout)            (None, 512)               0         
_________________________________________________________________
batch_normalization (BatchNo (None, 512)               2048      
_________________________________________________________________
dense_1 (Dense)              (None, 256)               131328    
_________________________________________________________________
dropout_1 (Dropout)          (None, 256)               0         
_________________________________________________________________
batch_normalization_1 (Batch (None, 256)               1024      
_________________________________________________________________
dense_2 (Dense)              (None, 2)                 514       
=================================================================
Total params: 8,624,891
Trainable params: 854,786
Non-trainable params: 7,770,105
_________________________________________________________________
Fitting ISIC2016+ISIC2017+ISIC2018+ISIC2019+ISIC2020+_7_point_criteria+PAD_UFES_20_aug_EfficientNetB2_150h_150w_None model...
model_name: ISIC2016+ISIC2017+ISIC2018+ISIC2019+ISIC2020+_7_point_criteria+PAD_UFES_20_aug_EfficientNetB2_150h_150w_None
Epoch: 1 loss: 0.5802 accuracy: 0.7208 val_loss: 0.3837 val_accuracy: 0.9099
Epoch: 2 loss: 0.5672 accuracy: 0.7303 val_loss: 0.4102 val_accuracy: 0.9119
Epoch: 3 loss: 0.5627 accuracy: 0.7327 val_loss: 0.3171 val_accuracy: 0.9126
Epoch: 4 loss: 0.5602 accuracy: 0.7324 val_loss: 0.3608 val_accuracy: 0.9123
Epoch: 5 loss: 0.5624 accuracy: 0.7319 val_loss: 0.4404 val_accuracy: 0.8570
Epoch: 6 loss: 0.5555 accuracy: 0.7332 val_loss: 0.3420 val_accuracy: 0.9115
Epoch: 7 loss: 0.5539 accuracy: 0.7331 val_loss: 0.3767 val_accuracy: 0.9116
Epoch: 8 loss: 0.5517 accuracy: 0.7341 val_loss: 0.3720 val_accuracy: 0.9112
Epoch: 9 loss: 0.5497 accuracy: 0.7334 val_loss: 0.3546 val_accuracy: 0.9111
Epoch: 10 loss: 0.5481 accuracy: 0.7341 val_loss: 0.3734 val_accuracy: 0.9126
Epoch: 11 loss: 0.5461 accuracy: 0.7333 val_loss: 0.4077 val_accuracy: 0.9087
Epoch: 12 loss: 0.5446 accuracy: 0.7330 val_loss: 0.4101 val_accuracy: 0.9126
Epoch: 13 loss: 0.5437 accuracy: 0.7332 val_loss: 0.3756 val_accuracy: 0.9126
Epoch: 14 loss: 0.5415 accuracy: 0.7342 val_loss: 0.3978 val_accuracy: 0.9125
Epoch: 15 loss: 0.5406 accuracy: 0.7337 val_loss: 0.4213 val_accuracy: 0.9119
Epoch: 16 loss: 0.5393 accuracy: 0.7331 val_loss: 0.3953 val_accuracy: 0.9126
Epoch: 17 loss: 0.5378 accuracy: 0.7341 val_loss: 0.3693 val_accuracy: 0.9126
Epoch: 18 loss: 0.5371 accuracy: 0.7332 val_loss: 0.3844 val_accuracy: 0.9126
Epoch: 19 loss: 0.5370 accuracy: 0.7334 val_loss: 0.4524 val_accuracy: 0.7902
Epoch: 20 loss: 0.5352 accuracy: 0.7332 val_loss: 0.3435 val_accuracy: 0.9126
Job ended!
