Mon 26 Feb 2024 01:17:18 AM EST
Python 3.9.7
nvcc: NVIDIA (R) Cuda compiler driver
Copyright (c) 2005-2019 NVIDIA Corporation
Built on Sun_Jul_28_19:07:16_PDT_2019
Cuda compilation tools, release 10.1, V10.1.243
My SLURM_ARRAY_TASK_ID:  1
DB: ['ISIC2016', '_7_point_criteria']
IMG_SIZE: [150, 150]
CLASSIFIER: DenseNet201
JOB_INDEX: 1
Combining...
Combining 1 db out of 2 dbs
Combining 2 db out of 2 dbs
Stacking training images
Stacking training labels
Stacking validation images
Stacking validation labels
Combining...
Combining 1 db out of 2 dbs
Combining 2 db out of 2 dbs
Stacking training images
Stacking training labels
Stacking validation images
Stacking validation labels
Model: "sequential"
_________________________________________________________________
Layer (type)                 Output Shape              Param #   
=================================================================
densenet201 (Functional)     (None, 1920)              18321984  
_________________________________________________________________
dense (Dense)                (None, 512)               983552    
_________________________________________________________________
dropout (Dropout)            (None, 512)               0         
_________________________________________________________________
batch_normalization (BatchNo (None, 512)               2048      
_________________________________________________________________
dense_1 (Dense)              (None, 256)               131328    
_________________________________________________________________
dropout_1 (Dropout)          (None, 256)               0         
_________________________________________________________________
batch_normalization_1 (Batch (None, 256)               1024      
_________________________________________________________________
dense_2 (Dense)              (None, 2)                 514       
=================================================================
Total params: 19,440,450
Trainable params: 1,116,930
Non-trainable params: 18,323,520
_________________________________________________________________
Fitting ISIC2016+_7_point_criteria_noaug_DenseNet201_150h_150w_1 model...
Epoch: 1 loss: 0.9842 accuracy: 0.5123 val_loss: 0.6995 val_accuracy: 0.4021
Epoch: 2 loss: 0.8708 accuracy: 0.5604 val_loss: 0.7430 val_accuracy: 0.2533
Epoch: 3 loss: 0.8506 accuracy: 0.5468 val_loss: 0.7380 val_accuracy: 0.2533
Epoch: 4 loss: 0.8090 accuracy: 0.5704 val_loss: 0.7781 val_accuracy: 0.2533
Epoch: 5 loss: 0.8070 accuracy: 0.5686 val_loss: 0.8247 val_accuracy: 0.2533
Epoch: 6 loss: 0.7279 accuracy: 0.6085 val_loss: 0.8117 val_accuracy: 0.2533
Epoch: 7 loss: 0.7379 accuracy: 0.6058 val_loss: 0.8183 val_accuracy: 0.2533
Epoch: 8 loss: 0.7100 accuracy: 0.6113 val_loss: 0.7741 val_accuracy: 0.2533
Epoch: 9 loss: 0.6862 accuracy: 0.6476 val_loss: 0.7558 val_accuracy: 0.3185
Epoch: 10 loss: 0.6478 accuracy: 0.6431 val_loss: 0.7338 val_accuracy: 0.4334
Epoch: 11 loss: 0.6273 accuracy: 0.6667 val_loss: 0.7554 val_accuracy: 0.3290
Epoch: 12 loss: 0.6177 accuracy: 0.6848 val_loss: 0.6631 val_accuracy: 0.5483
Epoch: 13 loss: 0.6065 accuracy: 0.6912 val_loss: 0.6563 val_accuracy: 0.6475
Epoch: 14 loss: 0.5972 accuracy: 0.6985 val_loss: 0.6089 val_accuracy: 0.7389
Epoch: 15 loss: 0.5972 accuracy: 0.7003 val_loss: 0.6841 val_accuracy: 0.5300
Epoch: 16 loss: 0.5853 accuracy: 0.7203 val_loss: 0.6691 val_accuracy: 0.5875
Epoch: 17 loss: 0.5898 accuracy: 0.7103 val_loss: 0.5197 val_accuracy: 0.7676
Epoch: 18 loss: 0.6061 accuracy: 0.7048 val_loss: 0.5498 val_accuracy: 0.7572
Epoch: 19 loss: 0.5791 accuracy: 0.7266 val_loss: 0.5258 val_accuracy: 0.7624
Epoch: 20 loss: 0.5821 accuracy: 0.7112 val_loss: 0.5289 val_accuracy: 0.7520
Fitting ISIC2016+_7_point_criteria_aug_DenseNet201_150h_150w_1 model...
Epoch: 1 loss: 0.8080 accuracy: 0.6193 val_loss: 0.5856 val_accuracy: 0.7520
Epoch: 2 loss: 0.7836 accuracy: 0.6131 val_loss: 0.5720 val_accuracy: 0.7624
Epoch: 3 loss: 0.7451 accuracy: 0.6170 val_loss: 0.5542 val_accuracy: 0.7676
Epoch: 4 loss: 0.7410 accuracy: 0.6232 val_loss: 0.5826 val_accuracy: 0.7493
Epoch: 5 loss: 0.7347 accuracy: 0.6243 val_loss: 0.6119 val_accuracy: 0.7050
Epoch: 6 loss: 0.6758 accuracy: 0.6484 val_loss: 0.6316 val_accuracy: 0.6710
Epoch: 7 loss: 0.7024 accuracy: 0.6517 val_loss: 0.5721 val_accuracy: 0.7467
Epoch: 8 loss: 0.6996 accuracy: 0.6411 val_loss: 0.7605 val_accuracy: 0.5483
Epoch: 9 loss: 0.6569 accuracy: 0.6562 val_loss: 0.5730 val_accuracy: 0.7546
Epoch: 10 loss: 0.6438 accuracy: 0.6803 val_loss: 0.5663 val_accuracy: 0.7598
Epoch: 11 loss: 0.6644 accuracy: 0.6557 val_loss: 0.6080 val_accuracy: 0.6815
Epoch: 12 loss: 0.6661 accuracy: 0.6495 val_loss: 0.5587 val_accuracy: 0.7624
Epoch: 13 loss: 0.6741 accuracy: 0.6489 val_loss: 0.5382 val_accuracy: 0.7676
Epoch: 14 loss: 0.6735 accuracy: 0.6568 val_loss: 0.5633 val_accuracy: 0.7546
Epoch: 15 loss: 0.6597 accuracy: 0.6596 val_loss: 0.5778 val_accuracy: 0.7467
Epoch: 16 loss: 0.6472 accuracy: 0.6685 val_loss: 0.5549 val_accuracy: 0.7598
Epoch: 17 loss: 0.6421 accuracy: 0.6764 val_loss: 0.5463 val_accuracy: 0.7650
Epoch: 18 loss: 0.6455 accuracy: 0.6618 val_loss: 0.5596 val_accuracy: 0.7572
Epoch: 19 loss: 0.6689 accuracy: 0.6501 val_loss: 0.5558 val_accuracy: 0.7493
Epoch: 20 loss: 0.6373 accuracy: 0.6545 val_loss: 0.5497 val_accuracy: 0.7493
Job ended!
