Sat 02 Mar 2024 12:14:08 AM EST
Python 3.9.7
nvcc: NVIDIA (R) Cuda compiler driver
Copyright (c) 2005-2019 NVIDIA Corporation
Built on Sun_Jul_28_19:07:16_PDT_2019
Cuda compilation tools, release 10.1, V10.1.243
My SLURM_ARRAY_TASK_ID: 
DB: ['ISIC2016', 'ISIC2020']
IMG_SIZE: [150, 150]
CLASSIFIER: VGG19
SELF_AUG: 1
JOB_INDEX: None
Combining...
Combining 1 db out of 2 dbs
Combining 2 db out of 2 dbs
Stacking training images
Stacking training labels
Stacking validation images
Stacking validation labels
Model: "sequential"
_________________________________________________________________
Layer (type)                 Output Shape              Param #   
=================================================================
vgg19 (Functional)           (None, 512)               20024384  
_________________________________________________________________
dense (Dense)                (None, 512)               262656    
_________________________________________________________________
dropout (Dropout)            (None, 512)               0         
_________________________________________________________________
batch_normalization (BatchNo (None, 512)               2048      
_________________________________________________________________
dense_1 (Dense)              (None, 256)               131328    
_________________________________________________________________
dropout_1 (Dropout)          (None, 256)               0         
_________________________________________________________________
batch_normalization_1 (Batch (None, 256)               1024      
_________________________________________________________________
dense_2 (Dense)              (None, 2)                 514       
=================================================================
Total params: 20,421,954
Trainable params: 396,034
Non-trainable params: 20,025,920
_________________________________________________________________
Fitting ISIC2016+ISIC2020_aug_VGG19_150h_150w_None model...
model_name: ISIC2016+ISIC2020_aug_VGG19_150h_150w_None
Epoch: 1 loss: 0.4620 accuracy: 0.7989 val_loss: 0.1070 val_accuracy: 0.9765
Epoch: 2 loss: 0.3077 accuracy: 0.8643 val_loss: 0.0945 val_accuracy: 0.9771
Epoch: 3 loss: 0.2807 accuracy: 0.8767 val_loss: 0.0927 val_accuracy: 0.9758
Epoch: 4 loss: 0.2679 accuracy: 0.8800 val_loss: 0.0875 val_accuracy: 0.9771
Epoch: 5 loss: 0.2566 accuracy: 0.8843 val_loss: 0.0887 val_accuracy: 0.9775
Epoch: 6 loss: 0.2519 accuracy: 0.8878 val_loss: 0.0899 val_accuracy: 0.9765
Epoch: 7 loss: 0.2431 accuracy: 0.8927 val_loss: 0.0881 val_accuracy: 0.9781
Epoch: 8 loss: 0.2310 accuracy: 0.8983 val_loss: 0.0979 val_accuracy: 0.9737
Epoch: 9 loss: 0.2281 accuracy: 0.8983 val_loss: 0.0887 val_accuracy: 0.9772
Epoch: 10 loss: 0.2203 accuracy: 0.9023 val_loss: 0.0945 val_accuracy: 0.9771
Epoch: 11 loss: 0.2152 accuracy: 0.9053 val_loss: 0.0939 val_accuracy: 0.9755
Epoch: 12 loss: 0.2100 accuracy: 0.9079 val_loss: 0.0921 val_accuracy: 0.9774
Epoch: 13 loss: 0.2043 accuracy: 0.9109 val_loss: 0.0969 val_accuracy: 0.9766
Epoch: 14 loss: 0.1968 accuracy: 0.9153 val_loss: 0.1014 val_accuracy: 0.9746
Epoch: 15 loss: 0.1912 accuracy: 0.9167 val_loss: 0.1046 val_accuracy: 0.9762
Epoch: 16 loss: 0.1881 accuracy: 0.9169 val_loss: 0.1058 val_accuracy: 0.9756
Epoch: 17 loss: 0.1832 accuracy: 0.9187 val_loss: 0.1141 val_accuracy: 0.9716
Epoch: 18 loss: 0.1791 accuracy: 0.9223 val_loss: 0.1125 val_accuracy: 0.9750
Epoch: 19 loss: 0.1733 accuracy: 0.9235 val_loss: 0.1161 val_accuracy: 0.9743
Epoch: 20 loss: 0.1711 accuracy: 0.9248 val_loss: 0.1148 val_accuracy: 0.9741
Job ended!
