Wed 28 Feb 2024 10:51:25 AM EST
Python 3.9.7
nvcc: NVIDIA (R) Cuda compiler driver
Copyright (c) 2005-2019 NVIDIA Corporation
Built on Sun_Jul_28_19:07:16_PDT_2019
Cuda compilation tools, release 10.1, V10.1.243
My SLURM_ARRAY_TASK_ID: 
DB: ['ISIC2016', 'ISIC2018', 'ISIC2019', 'ISIC2020']
IMG_SIZE: [150, 150]
CLASSIFIER: VGG19
SELF_AUG: 1
JOB_INDEX: None
Combining...
Combining 1 db out of 4 dbs
Combining 2 db out of 4 dbs
Combining 3 db out of 4 dbs
Combining 4 db out of 4 dbs
Stacking training images
Stacking training labels
Stacking validation images
Stacking validation labels
Model: "sequential"
_________________________________________________________________
Layer (type)                 Output Shape              Param #   
=================================================================
vgg19 (Functional)           (None, 512)               20024384  
_________________________________________________________________
dense (Dense)                (None, 512)               262656    
_________________________________________________________________
dropout (Dropout)            (None, 512)               0         
_________________________________________________________________
batch_normalization (BatchNo (None, 512)               2048      
_________________________________________________________________
dense_1 (Dense)              (None, 256)               131328    
_________________________________________________________________
dropout_1 (Dropout)          (None, 256)               0         
_________________________________________________________________
batch_normalization_1 (Batch (None, 256)               1024      
_________________________________________________________________
dense_2 (Dense)              (None, 2)                 514       
=================================================================
Total params: 20,421,954
Trainable params: 396,034
Non-trainable params: 20,025,920
_________________________________________________________________
Fitting ISIC2016+ISIC2018+ISIC2019+ISIC2020_aug_VGG19_150h_150w_None model...
model_name: ISIC2016+ISIC2018+ISIC2019+ISIC2020_aug_VGG19_150h_150w_None
Epoch: 1 loss: 0.5856 accuracy: 0.7119 val_loss: 0.3327 val_accuracy: 0.8567
Epoch: 2 loss: 0.4921 accuracy: 0.7578 val_loss: 0.3048 val_accuracy: 0.8889
Epoch: 3 loss: 0.4516 accuracy: 0.7763 val_loss: 0.2867 val_accuracy: 0.8914
Epoch: 4 loss: 0.4358 accuracy: 0.7847 val_loss: 0.3133 val_accuracy: 0.8768
Epoch: 5 loss: 0.4302 accuracy: 0.7919 val_loss: 0.3824 val_accuracy: 0.8117
Epoch: 6 loss: 0.4277 accuracy: 0.7908 val_loss: 0.2992 val_accuracy: 0.8923
Epoch: 7 loss: 0.4241 accuracy: 0.7941 val_loss: 0.2582 val_accuracy: 0.9079
Epoch: 8 loss: 0.4198 accuracy: 0.7971 val_loss: 0.2765 val_accuracy: 0.8950
Epoch: 9 loss: 0.4193 accuracy: 0.7954 val_loss: 0.3434 val_accuracy: 0.8402
Epoch: 10 loss: 0.4162 accuracy: 0.7982 val_loss: 0.2667 val_accuracy: 0.9000
Epoch: 11 loss: 0.4140 accuracy: 0.7990 val_loss: 0.3548 val_accuracy: 0.8525
Epoch: 12 loss: 0.4125 accuracy: 0.8011 val_loss: 0.2857 val_accuracy: 0.8830
Epoch: 13 loss: 0.4101 accuracy: 0.8020 val_loss: 0.2564 val_accuracy: 0.9051
Epoch: 14 loss: 0.4094 accuracy: 0.8016 val_loss: 0.2514 val_accuracy: 0.9097
Epoch: 15 loss: 0.4070 accuracy: 0.8039 val_loss: 0.2689 val_accuracy: 0.8990
Epoch: 16 loss: 0.4057 accuracy: 0.8040 val_loss: 0.2595 val_accuracy: 0.9076
Epoch: 17 loss: 0.4062 accuracy: 0.8054 val_loss: 0.2881 val_accuracy: 0.8980
Epoch: 18 loss: 0.4043 accuracy: 0.8057 val_loss: 0.3419 val_accuracy: 0.8470
Epoch: 19 loss: 0.4043 accuracy: 0.8053 val_loss: 0.2615 val_accuracy: 0.8985
Epoch: 20 loss: 0.4023 accuracy: 0.8069 val_loss: 0.2566 val_accuracy: 0.9090
Job ended!
