Sat 02 Mar 2024 12:12:15 AM EST
Python 3.9.7
nvcc: NVIDIA (R) Cuda compiler driver
Copyright (c) 2005-2019 NVIDIA Corporation
Built on Sun_Jul_28_19:07:16_PDT_2019
Cuda compilation tools, release 10.1, V10.1.243
My SLURM_ARRAY_TASK_ID: 
DB: ['ISIC2016', 'ISIC2017', 'ISIC2018', 'PH2', '_7_point_criteria']
IMG_SIZE: [150, 150]
CLASSIFIER: VGG19
SELF_AUG: 1
JOB_INDEX: None
Combining...
Combining 1 db out of 5 dbs
Combining 2 db out of 5 dbs
Combining 3 db out of 5 dbs
Combining 4 db out of 5 dbs
Combining 5 db out of 5 dbs
Stacking training images
Stacking training labels
Stacking validation images
Stacking validation labels
Model: "sequential"
_________________________________________________________________
Layer (type)                 Output Shape              Param #   
=================================================================
vgg19 (Functional)           (None, 512)               20024384  
_________________________________________________________________
dense (Dense)                (None, 512)               262656    
_________________________________________________________________
dropout (Dropout)            (None, 512)               0         
_________________________________________________________________
batch_normalization (BatchNo (None, 512)               2048      
_________________________________________________________________
dense_1 (Dense)              (None, 256)               131328    
_________________________________________________________________
dropout_1 (Dropout)          (None, 256)               0         
_________________________________________________________________
batch_normalization_1 (Batch (None, 256)               1024      
_________________________________________________________________
dense_2 (Dense)              (None, 2)                 514       
=================================================================
Total params: 20,421,954
Trainable params: 396,034
Non-trainable params: 20,025,920
_________________________________________________________________
Fitting ISIC2016+ISIC2017+ISIC2018+PH2+_7_point_criteria_aug_VGG19_150h_150w_None model...
model_name: ISIC2016+ISIC2017+ISIC2018+PH2+_7_point_criteria_aug_VGG19_150h_150w_None
Epoch: 1 loss: 0.6356 accuracy: 0.7046 val_loss: 0.5024 val_accuracy: 0.7934
Epoch: 2 loss: 0.4910 accuracy: 0.7749 val_loss: 0.4672 val_accuracy: 0.8140
Epoch: 3 loss: 0.4461 accuracy: 0.7951 val_loss: 0.4411 val_accuracy: 0.8154
Epoch: 4 loss: 0.4260 accuracy: 0.8018 val_loss: 0.4483 val_accuracy: 0.8196
Epoch: 5 loss: 0.4062 accuracy: 0.8137 val_loss: 0.4534 val_accuracy: 0.8209
Epoch: 6 loss: 0.3889 accuracy: 0.8235 val_loss: 0.4463 val_accuracy: 0.8264
Epoch: 7 loss: 0.3785 accuracy: 0.8262 val_loss: 0.4314 val_accuracy: 0.8361
Epoch: 8 loss: 0.3697 accuracy: 0.8333 val_loss: 0.4294 val_accuracy: 0.8375
Epoch: 9 loss: 0.3525 accuracy: 0.8386 val_loss: 0.4347 val_accuracy: 0.8375
Epoch: 10 loss: 0.3478 accuracy: 0.8442 val_loss: 0.4352 val_accuracy: 0.8402
Epoch: 11 loss: 0.3375 accuracy: 0.8486 val_loss: 0.4440 val_accuracy: 0.8444
Epoch: 12 loss: 0.3222 accuracy: 0.8561 val_loss: 0.4333 val_accuracy: 0.8444
Epoch: 13 loss: 0.3142 accuracy: 0.8624 val_loss: 0.4390 val_accuracy: 0.8402
Epoch: 14 loss: 0.3053 accuracy: 0.8640 val_loss: 0.4645 val_accuracy: 0.8430
Epoch: 15 loss: 0.2913 accuracy: 0.8729 val_loss: 0.4543 val_accuracy: 0.8457
Epoch: 16 loss: 0.2811 accuracy: 0.8762 val_loss: 0.4480 val_accuracy: 0.8402
Epoch: 17 loss: 0.2754 accuracy: 0.8787 val_loss: 0.5046 val_accuracy: 0.8388
Epoch: 18 loss: 0.2655 accuracy: 0.8858 val_loss: 0.4774 val_accuracy: 0.8333
Epoch: 19 loss: 0.2558 accuracy: 0.8888 val_loss: 0.4961 val_accuracy: 0.8457
Epoch: 20 loss: 0.2500 accuracy: 0.8936 val_loss: 0.5244 val_accuracy: 0.8499
Job ended!
