Wed 28 Feb 2024 10:57:30 AM EST
Python 3.9.7
nvcc: NVIDIA (R) Cuda compiler driver
Copyright (c) 2005-2019 NVIDIA Corporation
Built on Sun_Jul_28_19:07:16_PDT_2019
Cuda compilation tools, release 10.1, V10.1.243
My SLURM_ARRAY_TASK_ID: 
DB: ['ISIC2016', 'MEDNODE']
IMG_SIZE: [150, 150]
CLASSIFIER: VGG19
SELF_AUG: 1
JOB_INDEX: None
Combining...
Combining 1 db out of 2 dbs
Combining 2 db out of 2 dbs
Stacking training images
Stacking training labels
Stacking validation images
Stacking validation labels
Model: "sequential"
_________________________________________________________________
Layer (type)                 Output Shape              Param #   
=================================================================
vgg19 (Functional)           (None, 512)               20024384  
_________________________________________________________________
dense (Dense)                (None, 512)               262656    
_________________________________________________________________
dropout (Dropout)            (None, 512)               0         
_________________________________________________________________
batch_normalization (BatchNo (None, 512)               2048      
_________________________________________________________________
dense_1 (Dense)              (None, 256)               131328    
_________________________________________________________________
dropout_1 (Dropout)          (None, 256)               0         
_________________________________________________________________
batch_normalization_1 (Batch (None, 256)               1024      
_________________________________________________________________
dense_2 (Dense)              (None, 2)                 514       
=================================================================
Total params: 20,421,954
Trainable params: 396,034
Non-trainable params: 20,025,920
_________________________________________________________________
Fitting ISIC2016+MEDNODE_aug_VGG19_150h_150w_None model...
model_name: ISIC2016+MEDNODE_aug_VGG19_150h_150w_None
Epoch: 1 loss: 0.9494 accuracy: 0.5272 val_loss: 0.6974 val_accuracy: 0.2383
Epoch: 2 loss: 0.8961 accuracy: 0.5534 val_loss: 0.7002 val_accuracy: 0.2336
Epoch: 3 loss: 0.8558 accuracy: 0.5657 val_loss: 0.7005 val_accuracy: 0.2477
Epoch: 4 loss: 0.7789 accuracy: 0.5767 val_loss: 0.6864 val_accuracy: 0.6729
Epoch: 5 loss: 0.8069 accuracy: 0.5664 val_loss: 0.6679 val_accuracy: 0.7103
Epoch: 6 loss: 0.7646 accuracy: 0.5846 val_loss: 0.6986 val_accuracy: 0.4159
Epoch: 7 loss: 0.7831 accuracy: 0.5839 val_loss: 0.6838 val_accuracy: 0.5607
Epoch: 8 loss: 0.7544 accuracy: 0.5991 val_loss: 0.6944 val_accuracy: 0.4813
Epoch: 9 loss: 0.7350 accuracy: 0.6101 val_loss: 0.6766 val_accuracy: 0.5748
Epoch: 10 loss: 0.7662 accuracy: 0.5991 val_loss: 0.6358 val_accuracy: 0.6682
Epoch: 11 loss: 0.7595 accuracy: 0.5940 val_loss: 0.6117 val_accuracy: 0.6963
Epoch: 12 loss: 0.7423 accuracy: 0.5897 val_loss: 0.6193 val_accuracy: 0.7290
Epoch: 13 loss: 0.7127 accuracy: 0.6158 val_loss: 0.5793 val_accuracy: 0.7850
Epoch: 14 loss: 0.7418 accuracy: 0.6137 val_loss: 0.6036 val_accuracy: 0.7196
Epoch: 15 loss: 0.7117 accuracy: 0.6144 val_loss: 0.5437 val_accuracy: 0.7897
Epoch: 16 loss: 0.7156 accuracy: 0.6166 val_loss: 0.5523 val_accuracy: 0.7383
Epoch: 17 loss: 0.7115 accuracy: 0.6304 val_loss: 0.5882 val_accuracy: 0.7103
Epoch: 18 loss: 0.6948 accuracy: 0.6420 val_loss: 0.5185 val_accuracy: 0.8037
Epoch: 19 loss: 0.7318 accuracy: 0.6166 val_loss: 0.5485 val_accuracy: 0.7196
Epoch: 20 loss: 0.6943 accuracy: 0.6405 val_loss: 0.5599 val_accuracy: 0.7243
Job ended!
