Fri 01 Mar 2024 11:43:15 PM EST
Python 3.9.7
nvcc: NVIDIA (R) Cuda compiler driver
Copyright (c) 2005-2019 NVIDIA Corporation
Built on Sun_Jul_28_19:07:16_PDT_2019
Cuda compilation tools, release 10.1, V10.1.243
My SLURM_ARRAY_TASK_ID: 
DB: ['ISIC2016', 'ISIC2017', 'ISIC2018', '_7_point_criteria', 'PAD_UFES_20']
IMG_SIZE: [150, 150]
CLASSIFIER: VGG19
SELF_AUG: 1
JOB_INDEX: None
Combining...
Combining 1 db out of 5 dbs
Combining 2 db out of 5 dbs
Combining 3 db out of 5 dbs
Combining 4 db out of 5 dbs
Combining 5 db out of 5 dbs
Stacking training images
Stacking training labels
Stacking validation images
Stacking validation labels
Model: "sequential"
_________________________________________________________________
Layer (type)                 Output Shape              Param #   
=================================================================
vgg19 (Functional)           (None, 512)               20024384  
_________________________________________________________________
dense (Dense)                (None, 512)               262656    
_________________________________________________________________
dropout (Dropout)            (None, 512)               0         
_________________________________________________________________
batch_normalization (BatchNo (None, 512)               2048      
_________________________________________________________________
dense_1 (Dense)              (None, 256)               131328    
_________________________________________________________________
dropout_1 (Dropout)          (None, 256)               0         
_________________________________________________________________
batch_normalization_1 (Batch (None, 256)               1024      
_________________________________________________________________
dense_2 (Dense)              (None, 2)                 514       
=================================================================
Total params: 20,421,954
Trainable params: 396,034
Non-trainable params: 20,025,920
_________________________________________________________________
Fitting ISIC2016+ISIC2017+ISIC2018+_7_point_criteria+PAD_UFES_20_aug_VGG19_150h_150w_None model...
model_name: ISIC2016+ISIC2017+ISIC2018+_7_point_criteria+PAD_UFES_20_aug_VGG19_150h_150w_None
Epoch: 1 loss: 0.6124 accuracy: 0.7146 val_loss: 0.4149 val_accuracy: 0.8364
Epoch: 2 loss: 0.4835 accuracy: 0.7806 val_loss: 0.3744 val_accuracy: 0.8567
Epoch: 3 loss: 0.4430 accuracy: 0.7994 val_loss: 0.3497 val_accuracy: 0.8685
Epoch: 4 loss: 0.4176 accuracy: 0.8084 val_loss: 0.3573 val_accuracy: 0.8702
Epoch: 5 loss: 0.3980 accuracy: 0.8211 val_loss: 0.3456 val_accuracy: 0.8744
Epoch: 6 loss: 0.3816 accuracy: 0.8246 val_loss: 0.3474 val_accuracy: 0.8718
Epoch: 7 loss: 0.3707 accuracy: 0.8303 val_loss: 0.3349 val_accuracy: 0.8710
Epoch: 8 loss: 0.3530 accuracy: 0.8394 val_loss: 0.3335 val_accuracy: 0.8769
Epoch: 9 loss: 0.3424 accuracy: 0.8443 val_loss: 0.3209 val_accuracy: 0.8761
Epoch: 10 loss: 0.3338 accuracy: 0.8492 val_loss: 0.3493 val_accuracy: 0.8761
Epoch: 11 loss: 0.3237 accuracy: 0.8575 val_loss: 0.3615 val_accuracy: 0.8828
Epoch: 12 loss: 0.3099 accuracy: 0.8624 val_loss: 0.3530 val_accuracy: 0.8735
Epoch: 13 loss: 0.3002 accuracy: 0.8670 val_loss: 0.3607 val_accuracy: 0.8735
Epoch: 14 loss: 0.2952 accuracy: 0.8698 val_loss: 0.3673 val_accuracy: 0.8702
Epoch: 15 loss: 0.2817 accuracy: 0.8785 val_loss: 0.3695 val_accuracy: 0.8803
Epoch: 16 loss: 0.2750 accuracy: 0.8803 val_loss: 0.3741 val_accuracy: 0.8828
Epoch: 17 loss: 0.2650 accuracy: 0.8873 val_loss: 0.3908 val_accuracy: 0.8727
Epoch: 18 loss: 0.2569 accuracy: 0.8895 val_loss: 0.3885 val_accuracy: 0.8786
Epoch: 19 loss: 0.2538 accuracy: 0.8883 val_loss: 0.4187 val_accuracy: 0.8727
Epoch: 20 loss: 0.2428 accuracy: 0.8958 val_loss: 0.4025 val_accuracy: 0.8735
Job ended!
