DB: ['ISIC2020']
CLASSIFIER: ResNeXt10132x8d
JOB_INDEX: None
Start training ISIC2020_ResNeXt10132x8d
Combining...
Combining 1th db out of 1 dbs
Stacking data
Combining complete
Epoch 0/29
----------
Train Loss: 0.4192 Acc: 0.8071
Val Loss: 0.3324 Acc: 0.8470

Epoch 1/29
----------
Train Loss: 0.2817 Acc: 0.8819
Val Loss: 0.2553 Acc: 0.8968

Epoch 2/29
----------
Train Loss: 0.2171 Acc: 0.9157
Val Loss: 0.2943 Acc: 0.8945

Epoch 3/29
----------
Train Loss: 0.1702 Acc: 0.9344
Val Loss: 0.1773 Acc: 0.9316

Epoch 4/29
----------
Train Loss: 0.1388 Acc: 0.9483
Val Loss: 0.1916 Acc: 0.9372

Epoch 5/29
----------
Train Loss: 0.1252 Acc: 0.9533
Val Loss: 0.1229 Acc: 0.9623

Epoch 6/29
----------
Train Loss: 0.0967 Acc: 0.9651
Val Loss: 0.1371 Acc: 0.9608

Epoch 7/29
----------
Train Loss: 0.0669 Acc: 0.9752
Val Loss: 0.1235 Acc: 0.9644

Epoch 8/29
----------
Train Loss: 0.0514 Acc: 0.9820
Val Loss: 0.1235 Acc: 0.9671

Epoch 9/29
----------
Train Loss: 0.0503 Acc: 0.9823
Val Loss: 0.1162 Acc: 0.9689

Epoch 10/29
----------
Train Loss: 0.0458 Acc: 0.9847
Val Loss: 0.1149 Acc: 0.9713

Epoch 11/29
----------
Train Loss: 0.0425 Acc: 0.9852
Val Loss: 0.1235 Acc: 0.9718

Epoch 12/29
----------
