Sat 02 Mar 2024 12:21:44 AM EST
Python 3.9.7
nvcc: NVIDIA (R) Cuda compiler driver
Copyright (c) 2005-2019 NVIDIA Corporation
Built on Sun_Jul_28_19:07:16_PDT_2019
Cuda compilation tools, release 10.1, V10.1.243
My SLURM_ARRAY_TASK_ID: 
DB: ['_7_point_criteria']
IMG_SIZE: [150, 150]
CLASSIFIER: Xception
SELF_AUG: 1
JOB_INDEX: None
Combining...
Combining 1 db out of 1 dbs
Stacking training images
Stacking training labels
Stacking validation images
Stacking validation labels
Model: "sequential"
_________________________________________________________________
Layer (type)                 Output Shape              Param #   
=================================================================
xception (Functional)        (None, 2048)              20861480  
_________________________________________________________________
dense (Dense)                (None, 512)               1049088   
_________________________________________________________________
dropout (Dropout)            (None, 512)               0         
_________________________________________________________________
batch_normalization_4 (Batch (None, 512)               2048      
_________________________________________________________________
dense_1 (Dense)              (None, 256)               131328    
_________________________________________________________________
dropout_1 (Dropout)          (None, 256)               0         
_________________________________________________________________
batch_normalization_5 (Batch (None, 256)               1024      
_________________________________________________________________
dense_2 (Dense)              (None, 2)                 514       
=================================================================
Total params: 22,045,482
Trainable params: 1,182,466
Non-trainable params: 20,863,016
_________________________________________________________________
Fitting _7_point_criteria_aug_Xception_150h_150w_None model...
model_name: _7_point_criteria_aug_Xception_150h_150w_None
Epoch: 1 loss: 0.8822 accuracy: 0.5940 val_loss: 0.6277 val_accuracy: 0.7094
Epoch: 2 loss: 0.6011 accuracy: 0.7238 val_loss: 0.5891 val_accuracy: 0.7192
Epoch: 3 loss: 0.4788 accuracy: 0.7787 val_loss: 0.5922 val_accuracy: 0.7044
Epoch: 4 loss: 0.3800 accuracy: 0.8203 val_loss: 0.5944 val_accuracy: 0.6700
Epoch: 5 loss: 0.3319 accuracy: 0.8519 val_loss: 0.5982 val_accuracy: 0.6847
Epoch: 6 loss: 0.3372 accuracy: 0.8453 val_loss: 0.6054 val_accuracy: 0.6601
Epoch: 7 loss: 0.2518 accuracy: 0.9018 val_loss: 0.6135 val_accuracy: 0.6650
Epoch: 8 loss: 0.2598 accuracy: 0.8852 val_loss: 0.6133 val_accuracy: 0.6847
Epoch: 9 loss: 0.2125 accuracy: 0.9085 val_loss: 0.6252 val_accuracy: 0.6798
Epoch: 10 loss: 0.2102 accuracy: 0.9168 val_loss: 0.6322 val_accuracy: 0.6700
Epoch: 11 loss: 0.1892 accuracy: 0.9235 val_loss: 0.6325 val_accuracy: 0.6749
Epoch: 12 loss: 0.1527 accuracy: 0.9567 val_loss: 0.6348 val_accuracy: 0.6946
Epoch: 13 loss: 0.1421 accuracy: 0.9501 val_loss: 0.6552 val_accuracy: 0.7044
Epoch: 14 loss: 0.1344 accuracy: 0.9567 val_loss: 0.6754 val_accuracy: 0.6995
Epoch: 15 loss: 0.1013 accuracy: 0.9700 val_loss: 0.6471 val_accuracy: 0.7094
Epoch: 16 loss: 0.1013 accuracy: 0.9717 val_loss: 0.6660 val_accuracy: 0.7044
Epoch: 17 loss: 0.0931 accuracy: 0.9767 val_loss: 0.6943 val_accuracy: 0.6946
Epoch: 18 loss: 0.0954 accuracy: 0.9617 val_loss: 0.6907 val_accuracy: 0.6847
Epoch: 19 loss: 0.0783 accuracy: 0.9800 val_loss: 0.7126 val_accuracy: 0.7044
Epoch: 20 loss: 0.0760 accuracy: 0.9834 val_loss: 0.7427 val_accuracy: 0.6995
Job ended!
