Sat 02 Mar 2024 01:08:56 AM EST
Python 3.9.7
nvcc: NVIDIA (R) Cuda compiler driver
Copyright (c) 2005-2019 NVIDIA Corporation
Built on Sun_Jul_28_19:07:16_PDT_2019
Cuda compilation tools, release 10.1, V10.1.243
My SLURM_ARRAY_TASK_ID: 
DB: ['ISIC2016', 'PAD_UFES_20', 'MEDNODE']
IMG_SIZE: [150, 150]
CLASSIFIER: Xception
SELF_AUG: 1
JOB_INDEX: None
Combining...
Combining 1 db out of 3 dbs
Combining 2 db out of 3 dbs
Combining 3 db out of 3 dbs
Stacking training images
Stacking training labels
Stacking validation images
Stacking validation labels
Model: "sequential"
_________________________________________________________________
Layer (type)                 Output Shape              Param #   
=================================================================
xception (Functional)        (None, 2048)              20861480  
_________________________________________________________________
dense (Dense)                (None, 512)               1049088   
_________________________________________________________________
dropout (Dropout)            (None, 512)               0         
_________________________________________________________________
batch_normalization_4 (Batch (None, 512)               2048      
_________________________________________________________________
dense_1 (Dense)              (None, 256)               131328    
_________________________________________________________________
dropout_1 (Dropout)          (None, 256)               0         
_________________________________________________________________
batch_normalization_5 (Batch (None, 256)               1024      
_________________________________________________________________
dense_2 (Dense)              (None, 2)                 514       
=================================================================
Total params: 22,045,482
Trainable params: 1,182,466
Non-trainable params: 20,863,016
_________________________________________________________________
Fitting ISIC2016+PAD_UFES_20+MEDNODE_aug_Xception_150h_150w_None model...
model_name: ISIC2016+PAD_UFES_20+MEDNODE_aug_Xception_150h_150w_None
Epoch: 1 loss: 0.7723 accuracy: 0.6424 val_loss: 0.4246 val_accuracy: 0.8457
Epoch: 2 loss: 0.5333 accuracy: 0.7514 val_loss: 0.3660 val_accuracy: 0.8635
Epoch: 3 loss: 0.4349 accuracy: 0.7997 val_loss: 0.3995 val_accuracy: 0.8323
Epoch: 4 loss: 0.3780 accuracy: 0.8349 val_loss: 0.2604 val_accuracy: 0.9080
Epoch: 5 loss: 0.3323 accuracy: 0.8558 val_loss: 0.2644 val_accuracy: 0.8991
Epoch: 6 loss: 0.2868 accuracy: 0.8767 val_loss: 0.2797 val_accuracy: 0.9050
Epoch: 7 loss: 0.2610 accuracy: 0.8893 val_loss: 0.2840 val_accuracy: 0.8917
Epoch: 8 loss: 0.2217 accuracy: 0.9066 val_loss: 0.2461 val_accuracy: 0.9110
Epoch: 9 loss: 0.2023 accuracy: 0.9185 val_loss: 0.2400 val_accuracy: 0.9125
Epoch: 10 loss: 0.1848 accuracy: 0.9255 val_loss: 0.2653 val_accuracy: 0.9095
Epoch: 11 loss: 0.1593 accuracy: 0.9401 val_loss: 0.2563 val_accuracy: 0.9214
Epoch: 12 loss: 0.1511 accuracy: 0.9386 val_loss: 0.2556 val_accuracy: 0.9154
Epoch: 13 loss: 0.1438 accuracy: 0.9477 val_loss: 0.2740 val_accuracy: 0.9080
Epoch: 14 loss: 0.1183 accuracy: 0.9542 val_loss: 0.2730 val_accuracy: 0.9095
Epoch: 15 loss: 0.1079 accuracy: 0.9610 val_loss: 0.2966 val_accuracy: 0.9021
Epoch: 16 loss: 0.1073 accuracy: 0.9605 val_loss: 0.3083 val_accuracy: 0.8887
Epoch: 17 loss: 0.0867 accuracy: 0.9693 val_loss: 0.3095 val_accuracy: 0.9006
Epoch: 18 loss: 0.0791 accuracy: 0.9723 val_loss: 0.2936 val_accuracy: 0.9154
Epoch: 19 loss: 0.0872 accuracy: 0.9696 val_loss: 0.3157 val_accuracy: 0.9110
Epoch: 20 loss: 0.0757 accuracy: 0.9743 val_loss: 0.3188 val_accuracy: 0.9169
Job ended!
