Wed 28 Feb 2024 11:48:12 AM EST
Python 3.9.7
nvcc: NVIDIA (R) Cuda compiler driver
Copyright (c) 2005-2019 NVIDIA Corporation
Built on Sun_Jul_28_19:07:16_PDT_2019
Cuda compilation tools, release 10.1, V10.1.243
My SLURM_ARRAY_TASK_ID: 
DB: ['ISIC2016', 'ISIC2017', 'ISIC2018', 'PAD_UFES_20', 'MEDNODE']
IMG_SIZE: [150, 150]
CLASSIFIER: Xception
SELF_AUG: 1
JOB_INDEX: None
Combining...
Combining 1 db out of 5 dbs
Combining 2 db out of 5 dbs
Combining 3 db out of 5 dbs
Combining 4 db out of 5 dbs
Combining 5 db out of 5 dbs
Stacking training images
Stacking training labels
Stacking validation images
Stacking validation labels
Model: "sequential"
_________________________________________________________________
Layer (type)                 Output Shape              Param #   
=================================================================
xception (Functional)        (None, 2048)              20861480  
_________________________________________________________________
dense (Dense)                (None, 512)               1049088   
_________________________________________________________________
dropout (Dropout)            (None, 512)               0         
_________________________________________________________________
batch_normalization_4 (Batch (None, 512)               2048      
_________________________________________________________________
dense_1 (Dense)              (None, 256)               131328    
_________________________________________________________________
dropout_1 (Dropout)          (None, 256)               0         
_________________________________________________________________
batch_normalization_5 (Batch (None, 256)               1024      
_________________________________________________________________
dense_2 (Dense)              (None, 2)                 514       
=================================================================
Total params: 22,045,482
Trainable params: 1,182,466
Non-trainable params: 20,863,016
_________________________________________________________________
Fitting ISIC2016+ISIC2017+ISIC2018+PAD_UFES_20+MEDNODE_aug_Xception_150h_150w_None model...
model_name: ISIC2016+ISIC2017+ISIC2018+PAD_UFES_20+MEDNODE_aug_Xception_150h_150w_None
Epoch: 1 loss: 0.6143 accuracy: 0.6983 val_loss: 0.4578 val_accuracy: 0.8918
Epoch: 2 loss: 0.5837 accuracy: 0.7186 val_loss: 0.4202 val_accuracy: 0.8918
Epoch: 3 loss: 0.5778 accuracy: 0.7185 val_loss: 0.4306 val_accuracy: 0.8918
Epoch: 4 loss: 0.5753 accuracy: 0.7185 val_loss: 0.4318 val_accuracy: 0.8918
Epoch: 5 loss: 0.5741 accuracy: 0.7189 val_loss: 0.4341 val_accuracy: 0.8918
Epoch: 6 loss: 0.5772 accuracy: 0.7187 val_loss: 0.4844 val_accuracy: 0.8918
Epoch: 7 loss: 0.5755 accuracy: 0.7189 val_loss: 0.4393 val_accuracy: 0.8918
Epoch: 8 loss: 0.5729 accuracy: 0.7189 val_loss: 0.4116 val_accuracy: 0.8918
Epoch: 9 loss: 0.5728 accuracy: 0.7187 val_loss: 0.4413 val_accuracy: 0.8918
Epoch: 10 loss: 0.5712 accuracy: 0.7189 val_loss: 0.4575 val_accuracy: 0.8918
Epoch: 11 loss: 0.5686 accuracy: 0.7189 val_loss: 0.4797 val_accuracy: 0.8918
Epoch: 12 loss: 0.5685 accuracy: 0.7188 val_loss: 0.4464 val_accuracy: 0.8918
Epoch: 13 loss: 0.5682 accuracy: 0.7189 val_loss: 0.4165 val_accuracy: 0.8918
Epoch: 14 loss: 0.5675 accuracy: 0.7186 val_loss: 0.4657 val_accuracy: 0.8918
Epoch: 15 loss: 0.5643 accuracy: 0.7188 val_loss: 0.4142 val_accuracy: 0.8918
Epoch: 16 loss: 0.5639 accuracy: 0.7185 val_loss: 0.4413 val_accuracy: 0.8918
Epoch: 17 loss: 0.5625 accuracy: 0.7188 val_loss: 0.4680 val_accuracy: 0.8918
Epoch: 18 loss: 0.5628 accuracy: 0.7189 val_loss: 0.4855 val_accuracy: 0.8918
Epoch: 19 loss: 0.5631 accuracy: 0.7187 val_loss: 0.4381 val_accuracy: 0.8918
Epoch: 20 loss: 0.5615 accuracy: 0.7189 val_loss: 0.4868 val_accuracy: 0.8918
Job ended!
