Wed 28 Feb 2024 12:03:40 PM EST
Python 3.9.7
nvcc: NVIDIA (R) Cuda compiler driver
Copyright (c) 2005-2019 NVIDIA Corporation
Built on Sun_Jul_28_19:07:16_PDT_2019
Cuda compilation tools, release 10.1, V10.1.243
My SLURM_ARRAY_TASK_ID: 
DB: ['ISIC2016', 'PH2', '_7_point_criteria', 'PAD_UFES_20']
IMG_SIZE: [150, 150]
CLASSIFIER: Xception
SELF_AUG: 1
JOB_INDEX: None
Combining...
Combining 1 db out of 4 dbs
Combining 2 db out of 4 dbs
Combining 3 db out of 4 dbs
Combining 4 db out of 4 dbs
Stacking training images
Stacking training labels
Stacking validation images
Stacking validation labels
Model: "sequential"
_________________________________________________________________
Layer (type)                 Output Shape              Param #   
=================================================================
xception (Functional)        (None, 2048)              20861480  
_________________________________________________________________
dense (Dense)                (None, 512)               1049088   
_________________________________________________________________
dropout (Dropout)            (None, 512)               0         
_________________________________________________________________
batch_normalization_4 (Batch (None, 512)               2048      
_________________________________________________________________
dense_1 (Dense)              (None, 256)               131328    
_________________________________________________________________
dropout_1 (Dropout)          (None, 256)               0         
_________________________________________________________________
batch_normalization_5 (Batch (None, 256)               1024      
_________________________________________________________________
dense_2 (Dense)              (None, 2)                 514       
=================================================================
Total params: 22,045,482
Trainable params: 1,182,466
Non-trainable params: 20,863,016
_________________________________________________________________
Fitting ISIC2016+PH2+_7_point_criteria+PAD_UFES_20_aug_Xception_150h_150w_None model...
model_name: ISIC2016+PH2+_7_point_criteria+PAD_UFES_20_aug_Xception_150h_150w_None
Epoch: 1 loss: 0.6607 accuracy: 0.6185 val_loss: 0.5757 val_accuracy: 0.8743
Epoch: 2 loss: 0.6095 accuracy: 0.7325 val_loss: 0.5028 val_accuracy: 0.8743
Epoch: 3 loss: 0.5829 accuracy: 0.7337 val_loss: 0.4633 val_accuracy: 0.8743
Epoch: 4 loss: 0.5731 accuracy: 0.7331 val_loss: 0.4413 val_accuracy: 0.8743
Epoch: 5 loss: 0.5671 accuracy: 0.7369 val_loss: 0.4297 val_accuracy: 0.8743
Epoch: 6 loss: 0.5646 accuracy: 0.7391 val_loss: 0.4202 val_accuracy: 0.8743
Epoch: 7 loss: 0.5587 accuracy: 0.7450 val_loss: 0.4461 val_accuracy: 0.8766
Epoch: 8 loss: 0.5602 accuracy: 0.7459 val_loss: 0.4535 val_accuracy: 0.8695
Epoch: 9 loss: 0.5560 accuracy: 0.7485 val_loss: 0.4159 val_accuracy: 0.8778
Epoch: 10 loss: 0.5567 accuracy: 0.7497 val_loss: 0.4765 val_accuracy: 0.8577
Epoch: 11 loss: 0.5524 accuracy: 0.7549 val_loss: 0.4890 val_accuracy: 0.8482
Epoch: 12 loss: 0.5569 accuracy: 0.7489 val_loss: 0.3954 val_accuracy: 0.8778
Epoch: 13 loss: 0.5524 accuracy: 0.7527 val_loss: 0.4019 val_accuracy: 0.8790
Epoch: 14 loss: 0.5525 accuracy: 0.7521 val_loss: 0.4003 val_accuracy: 0.8790
Epoch: 15 loss: 0.5528 accuracy: 0.7531 val_loss: 0.4164 val_accuracy: 0.8671
Epoch: 16 loss: 0.5518 accuracy: 0.7546 val_loss: 0.4494 val_accuracy: 0.8517
Epoch: 17 loss: 0.5514 accuracy: 0.7549 val_loss: 0.4075 val_accuracy: 0.8790
Epoch: 18 loss: 0.5476 accuracy: 0.7559 val_loss: 0.4901 val_accuracy: 0.8517
Epoch: 19 loss: 0.5498 accuracy: 0.7559 val_loss: 0.4307 val_accuracy: 0.8553
Epoch: 20 loss: 0.5496 accuracy: 0.7566 val_loss: 0.5277 val_accuracy: 0.8375
Job ended!
