Tue 27 Feb 2024 08:29:06 PM EST
Python 3.9.7
nvcc: NVIDIA (R) Cuda compiler driver
Copyright (c) 2005-2019 NVIDIA Corporation
Built on Sun_Jul_28_19:07:16_PDT_2019
Cuda compilation tools, release 10.1, V10.1.243
My SLURM_ARRAY_TASK_ID: 
DB: ['_7_point_criteria']
IMG_SIZE: [150, 150]
CLASSIFIER: InceptionV3
SELF_AUG: 1
JOB_INDEX: None
Combining...
Combining 1 db out of 1 dbs
Stacking training images
Stacking training labels
Stacking validation images
Stacking validation labels
Model: "sequential"
_________________________________________________________________
Layer (type)                 Output Shape              Param #   
=================================================================
inception_v3 (Functional)    (None, 2048)              21802784  
_________________________________________________________________
dense (Dense)                (None, 512)               1049088   
_________________________________________________________________
dropout (Dropout)            (None, 512)               0         
_________________________________________________________________
batch_normalization_94 (Batc (None, 512)               2048      
_________________________________________________________________
dense_1 (Dense)              (None, 256)               131328    
_________________________________________________________________
dropout_1 (Dropout)          (None, 256)               0         
_________________________________________________________________
batch_normalization_95 (Batc (None, 256)               1024      
_________________________________________________________________
dense_2 (Dense)              (None, 2)                 514       
=================================================================
Total params: 22,986,786
Trainable params: 1,182,466
Non-trainable params: 21,804,320
_________________________________________________________________
Fitting _7_point_criteria_aug_InceptionV3_150h_150w_None model...
model_name: _7_point_criteria_aug_InceptionV3_150h_150w_None
Epoch: 1 loss: 0.6755 accuracy: 0.5740 val_loss: 0.6834 val_accuracy: 0.6995
Epoch: 2 loss: 0.6653 accuracy: 0.6140 val_loss: 0.6753 val_accuracy: 0.6995
Epoch: 3 loss: 0.6652 accuracy: 0.6223 val_loss: 0.6678 val_accuracy: 0.6995
Epoch: 4 loss: 0.6565 accuracy: 0.6156 val_loss: 0.6619 val_accuracy: 0.6995
Epoch: 5 loss: 0.6400 accuracy: 0.6240 val_loss: 0.6559 val_accuracy: 0.6995
Epoch: 6 loss: 0.6392 accuracy: 0.6339 val_loss: 0.6512 val_accuracy: 0.6995
Epoch: 7 loss: 0.6500 accuracy: 0.6190 val_loss: 0.6476 val_accuracy: 0.6995
Epoch: 8 loss: 0.6399 accuracy: 0.6473 val_loss: 0.6453 val_accuracy: 0.6995
Epoch: 9 loss: 0.6344 accuracy: 0.6606 val_loss: 0.6434 val_accuracy: 0.6995
Epoch: 10 loss: 0.6252 accuracy: 0.6522 val_loss: 0.6409 val_accuracy: 0.6995
Epoch: 11 loss: 0.6210 accuracy: 0.6589 val_loss: 0.6398 val_accuracy: 0.6995
Epoch: 12 loss: 0.6373 accuracy: 0.6406 val_loss: 0.6370 val_accuracy: 0.6995
Epoch: 13 loss: 0.6247 accuracy: 0.6473 val_loss: 0.6355 val_accuracy: 0.6995
Epoch: 14 loss: 0.6270 accuracy: 0.6522 val_loss: 0.6344 val_accuracy: 0.6995
Epoch: 15 loss: 0.6289 accuracy: 0.6473 val_loss: 0.6338 val_accuracy: 0.6995
Epoch: 16 loss: 0.6172 accuracy: 0.6589 val_loss: 0.6341 val_accuracy: 0.6995
Epoch: 17 loss: 0.6263 accuracy: 0.6589 val_loss: 0.6363 val_accuracy: 0.6995
Epoch: 18 loss: 0.6148 accuracy: 0.6755 val_loss: 0.6331 val_accuracy: 0.6995
Epoch: 19 loss: 0.6216 accuracy: 0.6656 val_loss: 0.6305 val_accuracy: 0.6995
Epoch: 20 loss: 0.6241 accuracy: 0.6705 val_loss: 0.6302 val_accuracy: 0.6995
Job ended!
