Tue 27 Feb 2024 09:43:33 PM EST
Python 3.9.7
nvcc: NVIDIA (R) Cuda compiler driver
Copyright (c) 2005-2019 NVIDIA Corporation
Built on Sun_Jul_28_19:07:16_PDT_2019
Cuda compilation tools, release 10.1, V10.1.243
My SLURM_ARRAY_TASK_ID: 
DB: ['ISIC2016', 'ISIC2020']
IMG_SIZE: [150, 150]
CLASSIFIER: InceptionV3
SELF_AUG: 1
JOB_INDEX: None
Combining...
Combining 1 db out of 2 dbs
Combining 2 db out of 2 dbs
Stacking training images
Stacking training labels
Stacking validation images
Stacking validation labels
Model: "sequential"
_________________________________________________________________
Layer (type)                 Output Shape              Param #   
=================================================================
inception_v3 (Functional)    (None, 2048)              21802784  
_________________________________________________________________
dense (Dense)                (None, 512)               1049088   
_________________________________________________________________
dropout (Dropout)            (None, 512)               0         
_________________________________________________________________
batch_normalization_94 (Batc (None, 512)               2048      
_________________________________________________________________
dense_1 (Dense)              (None, 256)               131328    
_________________________________________________________________
dropout_1 (Dropout)          (None, 256)               0         
_________________________________________________________________
batch_normalization_95 (Batc (None, 256)               1024      
_________________________________________________________________
dense_2 (Dense)              (None, 2)                 514       
=================================================================
Total params: 22,986,786
Trainable params: 1,182,466
Non-trainable params: 21,804,320
_________________________________________________________________
Fitting ISIC2016+ISIC2020_aug_InceptionV3_150h_150w_None model...
model_name: ISIC2016+ISIC2020_aug_InceptionV3_150h_150w_None
Epoch: 1 loss: 0.4246 accuracy: 0.8102 val_loss: 0.1138 val_accuracy: 0.9788
Epoch: 2 loss: 0.3675 accuracy: 0.8301 val_loss: 0.1976 val_accuracy: 0.9533
Epoch: 3 loss: 0.3556 accuracy: 0.8351 val_loss: 0.1996 val_accuracy: 0.9433
Epoch: 4 loss: 0.3491 accuracy: 0.8366 val_loss: 0.1407 val_accuracy: 0.9703
Epoch: 5 loss: 0.3466 accuracy: 0.8376 val_loss: 0.1517 val_accuracy: 0.9711
Epoch: 6 loss: 0.3390 accuracy: 0.8400 val_loss: 0.1546 val_accuracy: 0.9628
Epoch: 7 loss: 0.3354 accuracy: 0.8417 val_loss: 0.1148 val_accuracy: 0.9741
Epoch: 8 loss: 0.3356 accuracy: 0.8396 val_loss: 0.1748 val_accuracy: 0.9619
Epoch: 9 loss: 0.3458 accuracy: 0.8382 val_loss: 0.1341 val_accuracy: 0.9708
Epoch: 10 loss: 0.3387 accuracy: 0.8418 val_loss: 0.1196 val_accuracy: 0.9750
Epoch: 11 loss: 0.3330 accuracy: 0.8442 val_loss: 0.1498 val_accuracy: 0.9694
Epoch: 12 loss: 0.3302 accuracy: 0.8452 val_loss: 0.1749 val_accuracy: 0.9619
Epoch: 13 loss: 0.3285 accuracy: 0.8435 val_loss: 0.1537 val_accuracy: 0.9581
Epoch: 14 loss: 0.3268 accuracy: 0.8458 val_loss: 0.2289 val_accuracy: 0.9362
Epoch: 15 loss: 0.3239 accuracy: 0.8446 val_loss: 0.1495 val_accuracy: 0.9609
Epoch: 16 loss: 0.3241 accuracy: 0.8449 val_loss: 0.1718 val_accuracy: 0.9574
Epoch: 17 loss: 0.3225 accuracy: 0.8450 val_loss: 0.1391 val_accuracy: 0.9759
Epoch: 18 loss: 0.3218 accuracy: 0.8473 val_loss: 0.2482 val_accuracy: 0.9230
Epoch: 19 loss: 0.3208 accuracy: 0.8486 val_loss: 0.1522 val_accuracy: 0.9703
Epoch: 20 loss: 0.3192 accuracy: 0.8483 val_loss: 0.1410 val_accuracy: 0.9653
Job ended!
