Tue 27 Feb 2024 08:31:56 PM EST
Python 3.9.7
nvcc: NVIDIA (R) Cuda compiler driver
Copyright (c) 2005-2019 NVIDIA Corporation
Built on Sun_Jul_28_19:07:16_PDT_2019
Cuda compilation tools, release 10.1, V10.1.243
My SLURM_ARRAY_TASK_ID: 
DB: ['ISIC2016', '_7_point_criteria', 'PAD_UFES_20']
IMG_SIZE: [150, 150]
CLASSIFIER: InceptionV3
SELF_AUG: 1
JOB_INDEX: None
Combining...
Combining 1 db out of 3 dbs
Combining 2 db out of 3 dbs
Combining 3 db out of 3 dbs
Stacking training images
Stacking training labels
Stacking validation images
Stacking validation labels
Model: "sequential"
_________________________________________________________________
Layer (type)                 Output Shape              Param #   
=================================================================
inception_v3 (Functional)    (None, 2048)              21802784  
_________________________________________________________________
dense (Dense)                (None, 512)               1049088   
_________________________________________________________________
dropout (Dropout)            (None, 512)               0         
_________________________________________________________________
batch_normalization_94 (Batc (None, 512)               2048      
_________________________________________________________________
dense_1 (Dense)              (None, 256)               131328    
_________________________________________________________________
dropout_1 (Dropout)          (None, 256)               0         
_________________________________________________________________
batch_normalization_95 (Batc (None, 256)               1024      
_________________________________________________________________
dense_2 (Dense)              (None, 2)                 514       
=================================================================
Total params: 22,986,786
Trainable params: 1,182,466
Non-trainable params: 21,804,320
_________________________________________________________________
Fitting ISIC2016+_7_point_criteria+PAD_UFES_20_aug_InceptionV3_150h_150w_None model...
model_name: ISIC2016+_7_point_criteria+PAD_UFES_20_aug_InceptionV3_150h_150w_None
Epoch: 1 loss: 0.6567 accuracy: 0.6315 val_loss: 0.5798 val_accuracy: 0.8743
Epoch: 2 loss: 0.5892 accuracy: 0.7278 val_loss: 0.5024 val_accuracy: 0.8743
Epoch: 3 loss: 0.5579 accuracy: 0.7518 val_loss: 0.4491 val_accuracy: 0.8743
Epoch: 4 loss: 0.5442 accuracy: 0.7502 val_loss: 0.4199 val_accuracy: 0.8743
Epoch: 5 loss: 0.5304 accuracy: 0.7552 val_loss: 0.4352 val_accuracy: 0.8814
Epoch: 6 loss: 0.5303 accuracy: 0.7552 val_loss: 0.3984 val_accuracy: 0.8778
Epoch: 7 loss: 0.5187 accuracy: 0.7604 val_loss: 0.3685 val_accuracy: 0.8766
Epoch: 8 loss: 0.5113 accuracy: 0.7657 val_loss: 0.3840 val_accuracy: 0.8766
Epoch: 9 loss: 0.5090 accuracy: 0.7671 val_loss: 0.4069 val_accuracy: 0.8695
Epoch: 10 loss: 0.5048 accuracy: 0.7709 val_loss: 0.4126 val_accuracy: 0.8683
Epoch: 11 loss: 0.5023 accuracy: 0.7641 val_loss: 0.3709 val_accuracy: 0.8778
Epoch: 12 loss: 0.5015 accuracy: 0.7680 val_loss: 0.4168 val_accuracy: 0.8683
Epoch: 13 loss: 0.5007 accuracy: 0.7689 val_loss: 0.3892 val_accuracy: 0.8719
Epoch: 14 loss: 0.4975 accuracy: 0.7728 val_loss: 0.4241 val_accuracy: 0.8731
Epoch: 15 loss: 0.4979 accuracy: 0.7716 val_loss: 0.5857 val_accuracy: 0.7390
Epoch: 16 loss: 0.4942 accuracy: 0.7766 val_loss: 0.3844 val_accuracy: 0.8743
Epoch: 17 loss: 0.4953 accuracy: 0.7755 val_loss: 0.3821 val_accuracy: 0.8754
Epoch: 18 loss: 0.4952 accuracy: 0.7730 val_loss: 0.4149 val_accuracy: 0.8600
Epoch: 19 loss: 0.4917 accuracy: 0.7709 val_loss: 0.5848 val_accuracy: 0.7070
Epoch: 20 loss: 0.4928 accuracy: 0.7744 val_loss: 0.4739 val_accuracy: 0.8304
Job ended!
