Fri 01 Mar 2024 05:13:26 PM EST
Python 3.9.7
nvcc: NVIDIA (R) Cuda compiler driver
Copyright (c) 2005-2019 NVIDIA Corporation
Built on Sun_Jul_28_19:07:16_PDT_2019
Cuda compilation tools, release 10.1, V10.1.243
My SLURM_ARRAY_TASK_ID: 
DB: ['ISIC2016', 'PH2']
IMG_SIZE: [150, 150]
CLASSIFIER: InceptionV3
SELF_AUG: 1
JOB_INDEX: None
Combining...
Combining 1 db out of 2 dbs
Combining 2 db out of 2 dbs
Stacking training images
Stacking training labels
Stacking validation images
Stacking validation labels
Model: "sequential"
_________________________________________________________________
Layer (type)                 Output Shape              Param #   
=================================================================
inception_v3 (Functional)    (None, 2048)              21802784  
_________________________________________________________________
dense (Dense)                (None, 512)               1049088   
_________________________________________________________________
dropout (Dropout)            (None, 512)               0         
_________________________________________________________________
batch_normalization_94 (Batc (None, 512)               2048      
_________________________________________________________________
dense_1 (Dense)              (None, 256)               131328    
_________________________________________________________________
dropout_1 (Dropout)          (None, 256)               0         
_________________________________________________________________
batch_normalization_95 (Batc (None, 256)               1024      
_________________________________________________________________
dense_2 (Dense)              (None, 2)                 514       
=================================================================
Total params: 22,986,786
Trainable params: 1,182,466
Non-trainable params: 21,804,320
_________________________________________________________________
Fitting ISIC2016+PH2_aug_InceptionV3_150h_150w_None model...
model_name: ISIC2016+PH2_aug_InceptionV3_150h_150w_None
Epoch: 1 loss: 0.8258 accuracy: 0.6369 val_loss: 0.4885 val_accuracy: 0.7778
Epoch: 2 loss: 0.6051 accuracy: 0.7303 val_loss: 0.4677 val_accuracy: 0.8000
Epoch: 3 loss: 0.5204 accuracy: 0.7543 val_loss: 0.4263 val_accuracy: 0.8278
Epoch: 4 loss: 0.4632 accuracy: 0.7941 val_loss: 0.4389 val_accuracy: 0.8056
Epoch: 5 loss: 0.4136 accuracy: 0.8132 val_loss: 0.4757 val_accuracy: 0.8056
Epoch: 6 loss: 0.3483 accuracy: 0.8458 val_loss: 0.5107 val_accuracy: 0.8167
Epoch: 7 loss: 0.3176 accuracy: 0.8586 val_loss: 0.5019 val_accuracy: 0.8167
Epoch: 8 loss: 0.2670 accuracy: 0.8819 val_loss: 0.4991 val_accuracy: 0.8056
Epoch: 9 loss: 0.2442 accuracy: 0.8950 val_loss: 0.4969 val_accuracy: 0.8278
Epoch: 10 loss: 0.2529 accuracy: 0.8943 val_loss: 0.5532 val_accuracy: 0.8444
Epoch: 11 loss: 0.2182 accuracy: 0.8943 val_loss: 0.5301 val_accuracy: 0.8333
Epoch: 12 loss: 0.1865 accuracy: 0.9266 val_loss: 0.5215 val_accuracy: 0.8333
Epoch: 13 loss: 0.1694 accuracy: 0.9369 val_loss: 0.5354 val_accuracy: 0.8278
Epoch: 14 loss: 0.1804 accuracy: 0.9266 val_loss: 0.5483 val_accuracy: 0.8278
Epoch: 15 loss: 0.1576 accuracy: 0.9355 val_loss: 0.5543 val_accuracy: 0.8111
Epoch: 16 loss: 0.1235 accuracy: 0.9526 val_loss: 0.5911 val_accuracy: 0.8222
Epoch: 17 loss: 0.1146 accuracy: 0.9574 val_loss: 0.4994 val_accuracy: 0.8111
Epoch: 18 loss: 0.0926 accuracy: 0.9712 val_loss: 0.5363 val_accuracy: 0.8056
Epoch: 19 loss: 0.0991 accuracy: 0.9677 val_loss: 0.5727 val_accuracy: 0.7944
Epoch: 20 loss: 0.1098 accuracy: 0.9609 val_loss: 0.5656 val_accuracy: 0.8167
Job ended!
