Fri 01 Mar 2024 04:29:57 PM EST
Python 3.9.7
nvcc: NVIDIA (R) Cuda compiler driver
Copyright (c) 2005-2019 NVIDIA Corporation
Built on Sun_Jul_28_19:07:16_PDT_2019
Cuda compilation tools, release 10.1, V10.1.243
My SLURM_ARRAY_TASK_ID: 
DB: ['ISIC2016', 'ISIC2017', 'ISIC2018', 'ISIC2019', 'ISIC2020', 'PH2', 'MEDNODE', 'KaggleMB']
IMG_SIZE: [150, 150]
CLASSIFIER: InceptionV3
SELF_AUG: 1
JOB_INDEX: None
Combining...
Combining 1 db out of 8 dbs
Combining 2 db out of 8 dbs
Combining 3 db out of 8 dbs
Combining 4 db out of 8 dbs
Combining 5 db out of 8 dbs
Combining 6 db out of 8 dbs
Combining 7 db out of 8 dbs
Combining 8 db out of 8 dbs
Stacking training images
Stacking training labels
Stacking validation images
Stacking validation labels
Model: "sequential"
_________________________________________________________________
Layer (type)                 Output Shape              Param #   
=================================================================
inception_v3 (Functional)    (None, 2048)              21802784  
_________________________________________________________________
dense (Dense)                (None, 512)               1049088   
_________________________________________________________________
dropout (Dropout)            (None, 512)               0         
_________________________________________________________________
batch_normalization_94 (Batc (None, 512)               2048      
_________________________________________________________________
dense_1 (Dense)              (None, 256)               131328    
_________________________________________________________________
dropout_1 (Dropout)          (None, 256)               0         
_________________________________________________________________
batch_normalization_95 (Batc (None, 256)               1024      
_________________________________________________________________
dense_2 (Dense)              (None, 2)                 514       
=================================================================
Total params: 22,986,786
Trainable params: 1,182,466
Non-trainable params: 21,804,320
_________________________________________________________________
Fitting ISIC2016+ISIC2017+ISIC2018+ISIC2019+ISIC2020+PH2+MEDNODE+KaggleMB_aug_InceptionV3_150h_150w_None model...
model_name: ISIC2016+ISIC2017+ISIC2018+ISIC2019+ISIC2020+PH2+MEDNODE+KaggleMB_aug_InceptionV3_150h_150w_None
Epoch: 1 loss: 0.5292 accuracy: 0.7500 val_loss: 0.2665 val_accuracy: 0.8992
Epoch: 2 loss: 0.4398 accuracy: 0.7869 val_loss: 0.2521 val_accuracy: 0.9032
Epoch: 3 loss: 0.4122 accuracy: 0.8009 val_loss: 0.2470 val_accuracy: 0.9051
Epoch: 4 loss: 0.3991 accuracy: 0.8100 val_loss: 0.2476 val_accuracy: 0.9030
Epoch: 5 loss: 0.3857 accuracy: 0.8186 val_loss: 0.2433 val_accuracy: 0.9021
Epoch: 6 loss: 0.3737 accuracy: 0.8253 val_loss: 0.2363 val_accuracy: 0.9057
Epoch: 7 loss: 0.3639 accuracy: 0.8316 val_loss: 0.2273 val_accuracy: 0.9130
Epoch: 8 loss: 0.3531 accuracy: 0.8386 val_loss: 0.2389 val_accuracy: 0.9066
Epoch: 9 loss: 0.3425 accuracy: 0.8438 val_loss: 0.2392 val_accuracy: 0.9070
Epoch: 10 loss: 0.3320 accuracy: 0.8496 val_loss: 0.2250 val_accuracy: 0.9133
Epoch: 11 loss: 0.3184 accuracy: 0.8582 val_loss: 0.2307 val_accuracy: 0.9092
Epoch: 12 loss: 0.3072 accuracy: 0.8642 val_loss: 0.2289 val_accuracy: 0.9128
Epoch: 13 loss: 0.3004 accuracy: 0.8685 val_loss: 0.2215 val_accuracy: 0.9135
Epoch: 14 loss: 0.2915 accuracy: 0.8734 val_loss: 0.2304 val_accuracy: 0.9078
Epoch: 15 loss: 0.2799 accuracy: 0.8780 val_loss: 0.2330 val_accuracy: 0.9089
Epoch: 16 loss: 0.2722 accuracy: 0.8818 val_loss: 0.2301 val_accuracy: 0.9146
Epoch: 17 loss: 0.2647 accuracy: 0.8869 val_loss: 0.2377 val_accuracy: 0.9116
Epoch: 18 loss: 0.2581 accuracy: 0.8896 val_loss: 0.2424 val_accuracy: 0.9121
Epoch: 19 loss: 0.2510 accuracy: 0.8930 val_loss: 0.2344 val_accuracy: 0.9136
Epoch: 20 loss: 0.2476 accuracy: 0.8939 val_loss: 0.2340 val_accuracy: 0.9151
Job ended!
