Fri 01 Mar 2024 04:57:43 PM EST
Python 3.9.7
nvcc: NVIDIA (R) Cuda compiler driver
Copyright (c) 2005-2019 NVIDIA Corporation
Built on Sun_Jul_28_19:07:16_PDT_2019
Cuda compilation tools, release 10.1, V10.1.243
My SLURM_ARRAY_TASK_ID: 
DB: ['ISIC2016', 'ISIC2020']
IMG_SIZE: [150, 150]
CLASSIFIER: InceptionV3
SELF_AUG: 1
JOB_INDEX: None
Combining...
Combining 1 db out of 2 dbs
Combining 2 db out of 2 dbs
Stacking training images
Stacking training labels
Stacking validation images
Stacking validation labels
Model: "sequential"
_________________________________________________________________
Layer (type)                 Output Shape              Param #   
=================================================================
inception_v3 (Functional)    (None, 2048)              21802784  
_________________________________________________________________
dense (Dense)                (None, 512)               1049088   
_________________________________________________________________
dropout (Dropout)            (None, 512)               0         
_________________________________________________________________
batch_normalization_94 (Batc (None, 512)               2048      
_________________________________________________________________
dense_1 (Dense)              (None, 256)               131328    
_________________________________________________________________
dropout_1 (Dropout)          (None, 256)               0         
_________________________________________________________________
batch_normalization_95 (Batc (None, 256)               1024      
_________________________________________________________________
dense_2 (Dense)              (None, 2)                 514       
=================================================================
Total params: 22,986,786
Trainable params: 1,182,466
Non-trainable params: 21,804,320
_________________________________________________________________
Fitting ISIC2016+ISIC2020_aug_InceptionV3_150h_150w_None model...
model_name: ISIC2016+ISIC2020_aug_InceptionV3_150h_150w_None
Epoch: 1 loss: 0.4848 accuracy: 0.7829 val_loss: 0.1148 val_accuracy: 0.9746
Epoch: 2 loss: 0.3303 accuracy: 0.8506 val_loss: 0.1002 val_accuracy: 0.9769
Epoch: 3 loss: 0.3027 accuracy: 0.8602 val_loss: 0.1022 val_accuracy: 0.9756
Epoch: 4 loss: 0.2849 accuracy: 0.8679 val_loss: 0.0959 val_accuracy: 0.9763
Epoch: 5 loss: 0.2702 accuracy: 0.8772 val_loss: 0.0918 val_accuracy: 0.9780
Epoch: 6 loss: 0.2576 accuracy: 0.8839 val_loss: 0.0950 val_accuracy: 0.9769
Epoch: 7 loss: 0.2465 accuracy: 0.8905 val_loss: 0.0941 val_accuracy: 0.9783
Epoch: 8 loss: 0.2350 accuracy: 0.8964 val_loss: 0.0945 val_accuracy: 0.9771
Epoch: 9 loss: 0.2176 accuracy: 0.9069 val_loss: 0.0993 val_accuracy: 0.9750
Epoch: 10 loss: 0.2027 accuracy: 0.9158 val_loss: 0.0986 val_accuracy: 0.9746
Epoch: 11 loss: 0.1906 accuracy: 0.9214 val_loss: 0.0995 val_accuracy: 0.9756
Epoch: 12 loss: 0.1766 accuracy: 0.9284 val_loss: 0.0966 val_accuracy: 0.9766
Epoch: 13 loss: 0.1644 accuracy: 0.9335 val_loss: 0.1013 val_accuracy: 0.9737
Epoch: 14 loss: 0.1526 accuracy: 0.9393 val_loss: 0.1166 val_accuracy: 0.9686
Epoch: 15 loss: 0.1457 accuracy: 0.9444 val_loss: 0.1074 val_accuracy: 0.9721
Epoch: 16 loss: 0.1343 accuracy: 0.9476 val_loss: 0.1229 val_accuracy: 0.9650
Epoch: 17 loss: 0.1272 accuracy: 0.9510 val_loss: 0.1157 val_accuracy: 0.9715
Epoch: 18 loss: 0.1203 accuracy: 0.9538 val_loss: 0.1149 val_accuracy: 0.9691
Epoch: 19 loss: 0.1159 accuracy: 0.9556 val_loss: 0.1170 val_accuracy: 0.9736
Epoch: 20 loss: 0.1102 accuracy: 0.9586 val_loss: 0.1142 val_accuracy: 0.9730
Job ended!
