Fri 01 Mar 2024 05:08:15 PM EST
Python 3.9.7
nvcc: NVIDIA (R) Cuda compiler driver
Copyright (c) 2005-2019 NVIDIA Corporation
Built on Sun_Jul_28_19:07:16_PDT_2019
Cuda compilation tools, release 10.1, V10.1.243
My SLURM_ARRAY_TASK_ID: 
DB: ['ISIC2016', 'MEDNODE', 'KaggleMB']
IMG_SIZE: [150, 150]
CLASSIFIER: InceptionV3
SELF_AUG: 1
JOB_INDEX: None
Combining...
Combining 1 db out of 3 dbs
Combining 2 db out of 3 dbs
Combining 3 db out of 3 dbs
Stacking training images
Stacking training labels
Stacking validation images
Stacking validation labels
Model: "sequential"
_________________________________________________________________
Layer (type)                 Output Shape              Param #   
=================================================================
inception_v3 (Functional)    (None, 2048)              21802784  
_________________________________________________________________
dense (Dense)                (None, 512)               1049088   
_________________________________________________________________
dropout (Dropout)            (None, 512)               0         
_________________________________________________________________
batch_normalization_94 (Batc (None, 512)               2048      
_________________________________________________________________
dense_1 (Dense)              (None, 256)               131328    
_________________________________________________________________
dropout_1 (Dropout)          (None, 256)               0         
_________________________________________________________________
batch_normalization_95 (Batc (None, 256)               1024      
_________________________________________________________________
dense_2 (Dense)              (None, 2)                 514       
=================================================================
Total params: 22,986,786
Trainable params: 1,182,466
Non-trainable params: 21,804,320
_________________________________________________________________
Fitting ISIC2016+MEDNODE+KaggleMB_aug_InceptionV3_150h_150w_None model...
model_name: ISIC2016+MEDNODE+KaggleMB_aug_InceptionV3_150h_150w_None
Epoch: 1 loss: 0.7457 accuracy: 0.6712 val_loss: 0.5676 val_accuracy: 0.7655
Epoch: 2 loss: 0.5772 accuracy: 0.7408 val_loss: 0.5648 val_accuracy: 0.7655
Epoch: 3 loss: 0.5133 accuracy: 0.7716 val_loss: 0.5416 val_accuracy: 0.7615
Epoch: 4 loss: 0.4673 accuracy: 0.7903 val_loss: 0.5360 val_accuracy: 0.7722
Epoch: 5 loss: 0.4197 accuracy: 0.8117 val_loss: 0.5107 val_accuracy: 0.7978
Epoch: 6 loss: 0.4101 accuracy: 0.8196 val_loss: 0.5149 val_accuracy: 0.7871
Epoch: 7 loss: 0.3857 accuracy: 0.8331 val_loss: 0.5269 val_accuracy: 0.8019
Epoch: 8 loss: 0.3289 accuracy: 0.8493 val_loss: 0.5277 val_accuracy: 0.7722
Epoch: 9 loss: 0.3137 accuracy: 0.8673 val_loss: 0.5473 val_accuracy: 0.7749
Epoch: 10 loss: 0.2912 accuracy: 0.8719 val_loss: 0.5501 val_accuracy: 0.7776
Epoch: 11 loss: 0.2611 accuracy: 0.8903 val_loss: 0.5409 val_accuracy: 0.7803
Epoch: 12 loss: 0.2514 accuracy: 0.8899 val_loss: 0.5722 val_accuracy: 0.7803
Epoch: 13 loss: 0.2256 accuracy: 0.9025 val_loss: 0.6078 val_accuracy: 0.7830
Epoch: 14 loss: 0.2205 accuracy: 0.9027 val_loss: 0.6173 val_accuracy: 0.7884
Epoch: 15 loss: 0.2088 accuracy: 0.9141 val_loss: 0.5688 val_accuracy: 0.7938
Epoch: 16 loss: 0.1950 accuracy: 0.9204 val_loss: 0.6280 val_accuracy: 0.7871
Epoch: 17 loss: 0.1753 accuracy: 0.9289 val_loss: 0.6593 val_accuracy: 0.7763
Epoch: 18 loss: 0.1762 accuracy: 0.9316 val_loss: 0.6411 val_accuracy: 0.7776
Epoch: 19 loss: 0.1579 accuracy: 0.9365 val_loss: 0.6554 val_accuracy: 0.7749
Epoch: 20 loss: 0.1489 accuracy: 0.9412 val_loss: 0.7022 val_accuracy: 0.7655
Job ended!
