Tue 27 Feb 2024 09:37:11 PM EST
Python 3.9.7
nvcc: NVIDIA (R) Cuda compiler driver
Copyright (c) 2005-2019 NVIDIA Corporation
Built on Sun_Jul_28_19:07:16_PDT_2019
Cuda compilation tools, release 10.1, V10.1.243
My SLURM_ARRAY_TASK_ID: 
DB: ['ISIC2016', 'ISIC2018']
IMG_SIZE: [150, 150]
CLASSIFIER: InceptionV3
SELF_AUG: 1
JOB_INDEX: None
Combining...
Combining 1 db out of 2 dbs
Combining 2 db out of 2 dbs
Stacking training images
Stacking training labels
Stacking validation images
Stacking validation labels
Model: "sequential"
_________________________________________________________________
Layer (type)                 Output Shape              Param #   
=================================================================
inception_v3 (Functional)    (None, 2048)              21802784  
_________________________________________________________________
dense (Dense)                (None, 512)               1049088   
_________________________________________________________________
dropout (Dropout)            (None, 512)               0         
_________________________________________________________________
batch_normalization_94 (Batc (None, 512)               2048      
_________________________________________________________________
dense_1 (Dense)              (None, 256)               131328    
_________________________________________________________________
dropout_1 (Dropout)          (None, 256)               0         
_________________________________________________________________
batch_normalization_95 (Batc (None, 256)               1024      
_________________________________________________________________
dense_2 (Dense)              (None, 2)                 514       
=================================================================
Total params: 22,986,786
Trainable params: 1,182,466
Non-trainable params: 21,804,320
_________________________________________________________________
Fitting ISIC2016+ISIC2018_aug_InceptionV3_150h_150w_None model...
model_name: ISIC2016+ISIC2018_aug_InceptionV3_150h_150w_None
Epoch: 1 loss: 0.5988 accuracy: 0.6906 val_loss: 0.4926 val_accuracy: 0.8472
Epoch: 2 loss: 0.5438 accuracy: 0.7292 val_loss: 0.5247 val_accuracy: 0.8097
Epoch: 3 loss: 0.5288 accuracy: 0.7378 val_loss: 0.4924 val_accuracy: 0.8097
Epoch: 4 loss: 0.5259 accuracy: 0.7431 val_loss: 0.4486 val_accuracy: 0.8365
Epoch: 5 loss: 0.5230 accuracy: 0.7414 val_loss: 0.4869 val_accuracy: 0.8204
Epoch: 6 loss: 0.5229 accuracy: 0.7469 val_loss: 0.4486 val_accuracy: 0.8418
Epoch: 7 loss: 0.5204 accuracy: 0.7454 val_loss: 0.4594 val_accuracy: 0.8257
Epoch: 8 loss: 0.5161 accuracy: 0.7494 val_loss: 0.4588 val_accuracy: 0.8311
Epoch: 9 loss: 0.5158 accuracy: 0.7470 val_loss: 0.4575 val_accuracy: 0.8284
Epoch: 10 loss: 0.5111 accuracy: 0.7538 val_loss: 0.4323 val_accuracy: 0.8418
Epoch: 11 loss: 0.5117 accuracy: 0.7502 val_loss: 0.4647 val_accuracy: 0.8391
Epoch: 12 loss: 0.5084 accuracy: 0.7564 val_loss: 0.5810 val_accuracy: 0.7212
Epoch: 13 loss: 0.5189 accuracy: 0.7550 val_loss: 0.4474 val_accuracy: 0.8391
Epoch: 14 loss: 0.5191 accuracy: 0.7546 val_loss: 0.4410 val_accuracy: 0.8472
Epoch: 15 loss: 0.5164 accuracy: 0.7574 val_loss: 0.4389 val_accuracy: 0.8418
Epoch: 16 loss: 0.5132 accuracy: 0.7604 val_loss: 0.4554 val_accuracy: 0.8365
Epoch: 17 loss: 0.5130 accuracy: 0.7574 val_loss: 0.4244 val_accuracy: 0.8472
Epoch: 18 loss: 0.5112 accuracy: 0.7593 val_loss: 0.4271 val_accuracy: 0.8472
Epoch: 19 loss: 0.5096 accuracy: 0.7619 val_loss: 0.4529 val_accuracy: 0.8365
Epoch: 20 loss: 0.5041 accuracy: 0.7648 val_loss: 0.4404 val_accuracy: 0.8472
Job ended!
