Fri 01 Mar 2024 04:48:50 PM EST
Python 3.9.7
nvcc: NVIDIA (R) Cuda compiler driver
Copyright (c) 2005-2019 NVIDIA Corporation
Built on Sun_Jul_28_19:07:16_PDT_2019
Cuda compilation tools, release 10.1, V10.1.243
My SLURM_ARRAY_TASK_ID: 
DB: ['ISIC2016', 'ISIC2017', 'ISIC2018', 'MEDNODE', 'KaggleMB']
IMG_SIZE: [150, 150]
CLASSIFIER: InceptionV3
SELF_AUG: 1
JOB_INDEX: None
Combining...
Combining 1 db out of 5 dbs
Combining 2 db out of 5 dbs
Combining 3 db out of 5 dbs
Combining 4 db out of 5 dbs
Combining 5 db out of 5 dbs
Stacking training images
Stacking training labels
Stacking validation images
Stacking validation labels
Model: "sequential"
_________________________________________________________________
Layer (type)                 Output Shape              Param #   
=================================================================
inception_v3 (Functional)    (None, 2048)              21802784  
_________________________________________________________________
dense (Dense)                (None, 512)               1049088   
_________________________________________________________________
dropout (Dropout)            (None, 512)               0         
_________________________________________________________________
batch_normalization_94 (Batc (None, 512)               2048      
_________________________________________________________________
dense_1 (Dense)              (None, 256)               131328    
_________________________________________________________________
dropout_1 (Dropout)          (None, 256)               0         
_________________________________________________________________
batch_normalization_95 (Batc (None, 256)               1024      
_________________________________________________________________
dense_2 (Dense)              (None, 2)                 514       
=================================================================
Total params: 22,986,786
Trainable params: 1,182,466
Non-trainable params: 21,804,320
_________________________________________________________________
Fitting ISIC2016+ISIC2017+ISIC2018+MEDNODE+KaggleMB_aug_InceptionV3_150h_150w_None model...
model_name: ISIC2016+ISIC2017+ISIC2018+MEDNODE+KaggleMB_aug_InceptionV3_150h_150w_None
Epoch: 1 loss: 0.6644 accuracy: 0.6817 val_loss: 0.5157 val_accuracy: 0.7493
Epoch: 2 loss: 0.5528 accuracy: 0.7346 val_loss: 0.4463 val_accuracy: 0.7788
Epoch: 3 loss: 0.5041 accuracy: 0.7615 val_loss: 0.4612 val_accuracy: 0.7770
Epoch: 4 loss: 0.4764 accuracy: 0.7733 val_loss: 0.4280 val_accuracy: 0.8018
Epoch: 5 loss: 0.4543 accuracy: 0.7856 val_loss: 0.4318 val_accuracy: 0.8000
Epoch: 6 loss: 0.4363 accuracy: 0.7937 val_loss: 0.4389 val_accuracy: 0.7954
Epoch: 7 loss: 0.4234 accuracy: 0.8045 val_loss: 0.4248 val_accuracy: 0.8000
Epoch: 8 loss: 0.4042 accuracy: 0.8127 val_loss: 0.4133 val_accuracy: 0.8129
Epoch: 9 loss: 0.3905 accuracy: 0.8217 val_loss: 0.4211 val_accuracy: 0.8074
Epoch: 10 loss: 0.3769 accuracy: 0.8313 val_loss: 0.4210 val_accuracy: 0.8157
Epoch: 11 loss: 0.3559 accuracy: 0.8419 val_loss: 0.4333 val_accuracy: 0.8120
Epoch: 12 loss: 0.3385 accuracy: 0.8506 val_loss: 0.4240 val_accuracy: 0.8055
Epoch: 13 loss: 0.3284 accuracy: 0.8552 val_loss: 0.4180 val_accuracy: 0.8203
Epoch: 14 loss: 0.3127 accuracy: 0.8624 val_loss: 0.4283 val_accuracy: 0.8194
Epoch: 15 loss: 0.2967 accuracy: 0.8713 val_loss: 0.4716 val_accuracy: 0.8092
Epoch: 16 loss: 0.2800 accuracy: 0.8791 val_loss: 0.4292 val_accuracy: 0.8341
Epoch: 17 loss: 0.2679 accuracy: 0.8874 val_loss: 0.4214 val_accuracy: 0.8230
Epoch: 18 loss: 0.2630 accuracy: 0.8883 val_loss: 0.4276 val_accuracy: 0.8378
Epoch: 19 loss: 0.2549 accuracy: 0.8939 val_loss: 0.4192 val_accuracy: 0.8350
Epoch: 20 loss: 0.2443 accuracy: 0.8959 val_loss: 0.4704 val_accuracy: 0.8267
Job ended!
