Tue 27 Feb 2024 10:04:40 PM EST
Python 3.9.7
nvcc: NVIDIA (R) Cuda compiler driver
Copyright (c) 2005-2019 NVIDIA Corporation
Built on Sun_Jul_28_19:07:16_PDT_2019
Cuda compilation tools, release 10.1, V10.1.243
My SLURM_ARRAY_TASK_ID: 
DB: ['KaggleMB']
IMG_SIZE: [150, 150]
CLASSIFIER: InceptionV3
SELF_AUG: 1
JOB_INDEX: None
Combining...
Combining 1 db out of 1 dbs
Stacking training images
Stacking training labels
Stacking validation images
Stacking validation labels
Model: "sequential"
_________________________________________________________________
Layer (type)                 Output Shape              Param #   
=================================================================
inception_v3 (Functional)    (None, 2048)              21802784  
_________________________________________________________________
dense (Dense)                (None, 512)               1049088   
_________________________________________________________________
dropout (Dropout)            (None, 512)               0         
_________________________________________________________________
batch_normalization_94 (Batc (None, 512)               2048      
_________________________________________________________________
dense_1 (Dense)              (None, 256)               131328    
_________________________________________________________________
dropout_1 (Dropout)          (None, 256)               0         
_________________________________________________________________
batch_normalization_95 (Batc (None, 256)               1024      
_________________________________________________________________
dense_2 (Dense)              (None, 2)                 514       
=================================================================
Total params: 22,986,786
Trainable params: 1,182,466
Non-trainable params: 21,804,320
_________________________________________________________________
Fitting KaggleMB_aug_InceptionV3_150h_150w_None model...
model_name: KaggleMB_aug_InceptionV3_150h_150w_None
Epoch: 1 loss: 0.6477 accuracy: 0.6209 val_loss: 0.7124 val_accuracy: 0.4337
Epoch: 2 loss: 0.5781 accuracy: 0.7188 val_loss: 0.7321 val_accuracy: 0.4337
Epoch: 3 loss: 0.5646 accuracy: 0.7282 val_loss: 0.7349 val_accuracy: 0.4337
Epoch: 4 loss: 0.5564 accuracy: 0.7416 val_loss: 0.7225 val_accuracy: 0.4337
Epoch: 5 loss: 0.5475 accuracy: 0.7442 val_loss: 0.7229 val_accuracy: 0.4337
Epoch: 6 loss: 0.5356 accuracy: 0.7579 val_loss: 0.6168 val_accuracy: 0.7045
Epoch: 7 loss: 0.5249 accuracy: 0.7542 val_loss: 0.5648 val_accuracy: 0.7235
Epoch: 8 loss: 0.5249 accuracy: 0.7574 val_loss: 0.6329 val_accuracy: 0.6686
Epoch: 9 loss: 0.5356 accuracy: 0.7505 val_loss: 0.5576 val_accuracy: 0.7348
Epoch: 10 loss: 0.5254 accuracy: 0.7585 val_loss: 0.7585 val_accuracy: 0.5739
Epoch: 11 loss: 0.5117 accuracy: 0.7639 val_loss: 0.5189 val_accuracy: 0.7538
Epoch: 12 loss: 0.5145 accuracy: 0.7659 val_loss: 0.5697 val_accuracy: 0.7216
Epoch: 13 loss: 0.5265 accuracy: 0.7622 val_loss: 0.5113 val_accuracy: 0.7443
Epoch: 14 loss: 0.5138 accuracy: 0.7662 val_loss: 0.6010 val_accuracy: 0.7064
Epoch: 15 loss: 0.5154 accuracy: 0.7599 val_loss: 0.5308 val_accuracy: 0.7519
Epoch: 16 loss: 0.5169 accuracy: 0.7613 val_loss: 0.5259 val_accuracy: 0.7519
Epoch: 17 loss: 0.5069 accuracy: 0.7731 val_loss: 0.5064 val_accuracy: 0.7538
Epoch: 18 loss: 0.5048 accuracy: 0.7719 val_loss: 0.5398 val_accuracy: 0.7443
Epoch: 19 loss: 0.4941 accuracy: 0.7793 val_loss: 0.4972 val_accuracy: 0.7633
Epoch: 20 loss: 0.4999 accuracy: 0.7770 val_loss: 0.4776 val_accuracy: 0.7670
Job ended!
