Tue 27 Feb 2024 10:05:04 PM EST
Python 3.9.7
nvcc: NVIDIA (R) Cuda compiler driver
Copyright (c) 2005-2019 NVIDIA Corporation
Built on Sun_Jul_28_19:07:16_PDT_2019
Cuda compilation tools, release 10.1, V10.1.243
My SLURM_ARRAY_TASK_ID: 
DB: ['MEDNODE']
IMG_SIZE: [150, 150]
CLASSIFIER: InceptionV3
SELF_AUG: 1
JOB_INDEX: None
Combining...
Combining 1 db out of 1 dbs
Stacking training images
Stacking training labels
Stacking validation images
Stacking validation labels
Model: "sequential"
_________________________________________________________________
Layer (type)                 Output Shape              Param #   
=================================================================
inception_v3 (Functional)    (None, 2048)              21802784  
_________________________________________________________________
dense (Dense)                (None, 512)               1049088   
_________________________________________________________________
dropout (Dropout)            (None, 512)               0         
_________________________________________________________________
batch_normalization_94 (Batc (None, 512)               2048      
_________________________________________________________________
dense_1 (Dense)              (None, 256)               131328    
_________________________________________________________________
dropout_1 (Dropout)          (None, 256)               0         
_________________________________________________________________
batch_normalization_95 (Batc (None, 256)               1024      
_________________________________________________________________
dense_2 (Dense)              (None, 2)                 514       
=================================================================
Total params: 22,986,786
Trainable params: 1,182,466
Non-trainable params: 21,804,320
_________________________________________________________________
Fitting MEDNODE_aug_InceptionV3_150h_150w_None model...
model_name: MEDNODE_aug_InceptionV3_150h_150w_None
Epoch: 1 loss: 0.6918 accuracy: 0.5089 val_loss: 0.6943 val_accuracy: 0.4118
Epoch: 2 loss: 0.6863 accuracy: 0.5759 val_loss: 0.6956 val_accuracy: 0.4118
Epoch: 3 loss: 0.6898 accuracy: 0.5179 val_loss: 0.6966 val_accuracy: 0.4118
Epoch: 4 loss: 0.6774 accuracy: 0.5982 val_loss: 0.6977 val_accuracy: 0.4118
Epoch: 5 loss: 0.6646 accuracy: 0.6027 val_loss: 0.6987 val_accuracy: 0.4118
Epoch: 6 loss: 0.6751 accuracy: 0.6116 val_loss: 0.6997 val_accuracy: 0.4118
Epoch: 7 loss: 0.6610 accuracy: 0.6205 val_loss: 0.7006 val_accuracy: 0.4118
Epoch: 8 loss: 0.6629 accuracy: 0.5670 val_loss: 0.7016 val_accuracy: 0.4118
Epoch: 9 loss: 0.6614 accuracy: 0.6027 val_loss: 0.7026 val_accuracy: 0.4118
Epoch: 10 loss: 0.6674 accuracy: 0.6071 val_loss: 0.7034 val_accuracy: 0.4118
Epoch: 11 loss: 0.6578 accuracy: 0.6250 val_loss: 0.7046 val_accuracy: 0.4118
Epoch: 12 loss: 0.6663 accuracy: 0.5982 val_loss: 0.7055 val_accuracy: 0.4118
Epoch: 13 loss: 0.6409 accuracy: 0.6116 val_loss: 0.7064 val_accuracy: 0.4118
Epoch: 14 loss: 0.6316 accuracy: 0.6652 val_loss: 0.7072 val_accuracy: 0.4118
Epoch: 15 loss: 0.6330 accuracy: 0.6652 val_loss: 0.7079 val_accuracy: 0.4118
Epoch: 16 loss: 0.6302 accuracy: 0.6295 val_loss: 0.7085 val_accuracy: 0.4118
Epoch: 17 loss: 0.6249 accuracy: 0.5893 val_loss: 0.7095 val_accuracy: 0.4118
Epoch: 18 loss: 0.6521 accuracy: 0.6161 val_loss: 0.7100 val_accuracy: 0.4118
Epoch: 19 loss: 0.6699 accuracy: 0.5714 val_loss: 0.7107 val_accuracy: 0.4118
Epoch: 20 loss: 0.6249 accuracy: 0.6875 val_loss: 0.7118 val_accuracy: 0.4118
Job ended!
