Mon 26 Feb 2024 12:44:40 AM EST
Python 3.9.7
nvcc: NVIDIA (R) Cuda compiler driver
Copyright (c) 2005-2019 NVIDIA Corporation
Built on Sun_Jul_28_19:07:16_PDT_2019
Cuda compilation tools, release 10.1, V10.1.243
My SLURM_ARRAY_TASK_ID:  1
DB: ['_7_point_criteria']
IMG_SIZE: [150, 150]
CLASSIFIER: ResNet152V2
JOB_INDEX: 1
Combining...
Combining 1 db out of 1 dbs
Stacking training images
Stacking training labels
Stacking validation images
Stacking validation labels
Combining...
Combining 1 db out of 1 dbs
Stacking training images
Stacking training labels
Stacking validation images
Stacking validation labels
Model: "sequential"
_________________________________________________________________
Layer (type)                 Output Shape              Param #   
=================================================================
resnet152v2 (Functional)     (None, 2048)              58331648  
_________________________________________________________________
dense (Dense)                (None, 512)               1049088   
_________________________________________________________________
dropout (Dropout)            (None, 512)               0         
_________________________________________________________________
batch_normalization (BatchNo (None, 512)               2048      
_________________________________________________________________
dense_1 (Dense)              (None, 256)               131328    
_________________________________________________________________
dropout_1 (Dropout)          (None, 256)               0         
_________________________________________________________________
batch_normalization_1 (Batch (None, 256)               1024      
_________________________________________________________________
dense_2 (Dense)              (None, 2)                 514       
=================================================================
Total params: 59,515,650
Trainable params: 1,182,466
Non-trainable params: 58,333,184
_________________________________________________________________
Fitting _7_point_criteria_noaug_ResNet152V2_150h_150w_1 model...
Epoch: 1 loss: 0.9528 accuracy: 0.5407 val_loss: 0.6705 val_accuracy: 0.6995
Epoch: 2 loss: 0.9180 accuracy: 0.5669 val_loss: 0.6721 val_accuracy: 0.6995
Epoch: 3 loss: 0.9222 accuracy: 0.5932 val_loss: 0.6671 val_accuracy: 0.6995
Epoch: 4 loss: 0.9316 accuracy: 0.5669 val_loss: 0.6587 val_accuracy: 0.6995
Epoch: 5 loss: 0.7758 accuracy: 0.6037 val_loss: 0.6520 val_accuracy: 0.6995
Epoch: 6 loss: 0.8766 accuracy: 0.5643 val_loss: 0.6359 val_accuracy: 0.6995
Epoch: 7 loss: 0.8352 accuracy: 0.5958 val_loss: 0.6354 val_accuracy: 0.6995
Epoch: 8 loss: 0.7769 accuracy: 0.6115 val_loss: 0.6396 val_accuracy: 0.6995
Epoch: 9 loss: 0.8142 accuracy: 0.5984 val_loss: 0.6319 val_accuracy: 0.6995
Epoch: 10 loss: 0.7801 accuracy: 0.6115 val_loss: 0.6295 val_accuracy: 0.6995
Epoch: 11 loss: 0.8799 accuracy: 0.5906 val_loss: 0.6405 val_accuracy: 0.6995
Epoch: 12 loss: 0.7136 accuracy: 0.6325 val_loss: 0.6315 val_accuracy: 0.6995
Epoch: 13 loss: 0.7205 accuracy: 0.6194 val_loss: 0.6245 val_accuracy: 0.6995
Epoch: 14 loss: 0.6447 accuracy: 0.6903 val_loss: 0.6153 val_accuracy: 0.6995
Epoch: 15 loss: 0.7496 accuracy: 0.6063 val_loss: 0.6042 val_accuracy: 0.6995
Epoch: 16 loss: 0.7325 accuracy: 0.6220 val_loss: 0.6115 val_accuracy: 0.6995
Epoch: 17 loss: 0.6763 accuracy: 0.6614 val_loss: 0.6068 val_accuracy: 0.6995
Epoch: 18 loss: 0.6491 accuracy: 0.6535 val_loss: 0.6015 val_accuracy: 0.6995
Epoch: 19 loss: 0.7152 accuracy: 0.6509 val_loss: 0.6101 val_accuracy: 0.6995
Epoch: 20 loss: 0.6813 accuracy: 0.6404 val_loss: 0.5931 val_accuracy: 0.6995
Fitting _7_point_criteria_aug_ResNet152V2_150h_150w_1 model...
Epoch: 1 loss: 0.7391 accuracy: 0.6389 val_loss: 0.5838 val_accuracy: 0.6995
Epoch: 2 loss: 0.6747 accuracy: 0.6639 val_loss: 0.5809 val_accuracy: 0.7044
Epoch: 3 loss: 0.7192 accuracy: 0.6306 val_loss: 0.5801 val_accuracy: 0.7044
Epoch: 4 loss: 0.7053 accuracy: 0.6356 val_loss: 0.5711 val_accuracy: 0.7044
Epoch: 5 loss: 0.6779 accuracy: 0.6606 val_loss: 0.5692 val_accuracy: 0.7143
Epoch: 6 loss: 0.6882 accuracy: 0.6539 val_loss: 0.5733 val_accuracy: 0.7044
Epoch: 7 loss: 0.6382 accuracy: 0.6705 val_loss: 0.5700 val_accuracy: 0.7241
Epoch: 8 loss: 0.6141 accuracy: 0.6722 val_loss: 0.5870 val_accuracy: 0.7094
Epoch: 9 loss: 0.6235 accuracy: 0.6789 val_loss: 0.5752 val_accuracy: 0.7389
Epoch: 10 loss: 0.6306 accuracy: 0.6855 val_loss: 0.5706 val_accuracy: 0.7586
Epoch: 11 loss: 0.6586 accuracy: 0.6922 val_loss: 0.5913 val_accuracy: 0.7143
Epoch: 12 loss: 0.6656 accuracy: 0.6656 val_loss: 0.5880 val_accuracy: 0.7241
Epoch: 13 loss: 0.6642 accuracy: 0.6772 val_loss: 0.6512 val_accuracy: 0.6207
Epoch: 14 loss: 0.6268 accuracy: 0.6772 val_loss: 0.5608 val_accuracy: 0.7438
Epoch: 15 loss: 0.6942 accuracy: 0.6522 val_loss: 0.5914 val_accuracy: 0.7044
Epoch: 16 loss: 0.6607 accuracy: 0.6705 val_loss: 0.5792 val_accuracy: 0.7143
Epoch: 17 loss: 0.6623 accuracy: 0.6772 val_loss: 0.6037 val_accuracy: 0.6108
Epoch: 18 loss: 0.6712 accuracy: 0.6722 val_loss: 0.5891 val_accuracy: 0.6404
Epoch: 19 loss: 0.6459 accuracy: 0.6872 val_loss: 0.5457 val_accuracy: 0.7389
Epoch: 20 loss: 0.6214 accuracy: 0.6755 val_loss: 0.5744 val_accuracy: 0.7241
Job ended!
