Mon 26 Feb 2024 01:05:32 AM EST
Python 3.9.7
nvcc: NVIDIA (R) Cuda compiler driver
Copyright (c) 2005-2019 NVIDIA Corporation
Built on Sun_Jul_28_19:07:16_PDT_2019
Cuda compilation tools, release 10.1, V10.1.243
My SLURM_ARRAY_TASK_ID:  1
DB: ['HAM10000']
IMG_SIZE: [150, 150]
CLASSIFIER: ResNet152V2
JOB_INDEX: 1
Combining...
Combining 1 db out of 1 dbs
Stacking training images
Stacking training labels
Stacking validation images
Stacking validation labels
Combining...
Combining 1 db out of 1 dbs
Stacking training images
Stacking training labels
Stacking validation images
Stacking validation labels
Model: "sequential"
_________________________________________________________________
Layer (type)                 Output Shape              Param #   
=================================================================
resnet152v2 (Functional)     (None, 2048)              58331648  
_________________________________________________________________
dense (Dense)                (None, 512)               1049088   
_________________________________________________________________
dropout (Dropout)            (None, 512)               0         
_________________________________________________________________
batch_normalization (BatchNo (None, 512)               2048      
_________________________________________________________________
dense_1 (Dense)              (None, 256)               131328    
_________________________________________________________________
dropout_1 (Dropout)          (None, 256)               0         
_________________________________________________________________
batch_normalization_1 (Batch (None, 256)               1024      
_________________________________________________________________
dense_2 (Dense)              (None, 2)                 514       
=================================================================
Total params: 59,515,650
Trainable params: 1,182,466
Non-trainable params: 58,333,184
_________________________________________________________________
Fitting HAM10000_noaug_ResNet152V2_150h_150w_1 model...
Epoch: 1 loss: 0.7985 accuracy: 0.5803 val_loss: 0.6100 val_accuracy: 0.9694
Epoch: 2 loss: 0.5932 accuracy: 0.7070 val_loss: 0.3826 val_accuracy: 0.9649
Epoch: 3 loss: 0.5023 accuracy: 0.7765 val_loss: 0.3176 val_accuracy: 0.9343
Epoch: 4 loss: 0.4570 accuracy: 0.8093 val_loss: 0.1692 val_accuracy: 0.9694
Epoch: 5 loss: 0.4357 accuracy: 0.8329 val_loss: 0.1942 val_accuracy: 0.9638
Epoch: 6 loss: 0.4165 accuracy: 0.8426 val_loss: 0.1848 val_accuracy: 0.9694
Epoch: 7 loss: 0.4123 accuracy: 0.8429 val_loss: 0.1273 val_accuracy: 0.9649
Epoch: 8 loss: 0.3935 accuracy: 0.8554 val_loss: 0.2333 val_accuracy: 0.9434
Epoch: 9 loss: 0.3916 accuracy: 0.8552 val_loss: 0.1202 val_accuracy: 0.9672
Epoch: 10 loss: 0.3812 accuracy: 0.8583 val_loss: 0.1469 val_accuracy: 0.9694
Epoch: 11 loss: 0.3733 accuracy: 0.8582 val_loss: 0.1608 val_accuracy: 0.9694
Epoch: 12 loss: 0.3674 accuracy: 0.8639 val_loss: 0.1319 val_accuracy: 0.9694
Epoch: 13 loss: 0.3582 accuracy: 0.8661 val_loss: 0.1120 val_accuracy: 0.9694
Epoch: 14 loss: 0.3549 accuracy: 0.8682 val_loss: 0.1237 val_accuracy: 0.9694
Epoch: 15 loss: 0.3490 accuracy: 0.8695 val_loss: 0.1076 val_accuracy: 0.9694
Epoch: 16 loss: 0.3455 accuracy: 0.8697 val_loss: 0.1146 val_accuracy: 0.9694
Epoch: 17 loss: 0.3409 accuracy: 0.8682 val_loss: 0.1353 val_accuracy: 0.9694
Epoch: 18 loss: 0.3325 accuracy: 0.8693 val_loss: 0.1252 val_accuracy: 0.9694
Epoch: 19 loss: 0.3382 accuracy: 0.8702 val_loss: 0.1225 val_accuracy: 0.9694
Epoch: 20 loss: 0.3338 accuracy: 0.8687 val_loss: 0.1214 val_accuracy: 0.9694
Fitting HAM10000_aug_ResNet152V2_150h_150w_1 model...
Epoch: 1 loss: 0.5899 accuracy: 0.7183 val_loss: 0.3070 val_accuracy: 0.8890
Epoch: 2 loss: 0.5179 accuracy: 0.7381 val_loss: 0.3011 val_accuracy: 0.8131
Epoch: 3 loss: 0.5042 accuracy: 0.7477 val_loss: 0.1844 val_accuracy: 0.9660
Epoch: 4 loss: 0.4909 accuracy: 0.7564 val_loss: 0.3417 val_accuracy: 0.7565
Epoch: 5 loss: 0.4819 accuracy: 0.7684 val_loss: 0.1634 val_accuracy: 0.9377
Epoch: 6 loss: 0.4748 accuracy: 0.7713 val_loss: 0.2625 val_accuracy: 0.8471
Epoch: 7 loss: 0.4693 accuracy: 0.7746 val_loss: 0.1850 val_accuracy: 0.9649
Epoch: 8 loss: 0.4678 accuracy: 0.7795 val_loss: 0.2388 val_accuracy: 0.9513
Epoch: 9 loss: 0.4687 accuracy: 0.7740 val_loss: 0.2151 val_accuracy: 0.9513
Epoch: 10 loss: 0.4602 accuracy: 0.7823 val_loss: 0.1566 val_accuracy: 0.9626
Epoch: 11 loss: 0.4599 accuracy: 0.7842 val_loss: 0.1925 val_accuracy: 0.9547
Epoch: 12 loss: 0.4494 accuracy: 0.7899 val_loss: 0.3037 val_accuracy: 0.9026
Epoch: 13 loss: 0.4537 accuracy: 0.7844 val_loss: 0.1419 val_accuracy: 0.9604
Epoch: 14 loss: 0.4522 accuracy: 0.7876 val_loss: 0.2549 val_accuracy: 0.9626
Epoch: 15 loss: 0.4470 accuracy: 0.7890 val_loss: 0.2004 val_accuracy: 0.9649
Epoch: 16 loss: 0.4494 accuracy: 0.7890 val_loss: 0.2083 val_accuracy: 0.9638
Epoch: 17 loss: 0.4500 accuracy: 0.7887 val_loss: 0.2090 val_accuracy: 0.9615
Epoch: 18 loss: 0.4465 accuracy: 0.7891 val_loss: 0.1386 val_accuracy: 0.9694
Epoch: 19 loss: 0.4419 accuracy: 0.7932 val_loss: 0.2325 val_accuracy: 0.9536
Epoch: 20 loss: 0.4427 accuracy: 0.7916 val_loss: 0.1384 val_accuracy: 0.9592
Job ended!
