Mon 26 Feb 2024 05:01:44 AM EST
Python 3.9.7
nvcc: NVIDIA (R) Cuda compiler driver
Copyright (c) 2005-2019 NVIDIA Corporation
Built on Sun_Jul_28_19:07:16_PDT_2019
Cuda compilation tools, release 10.1, V10.1.243
My SLURM_ARRAY_TASK_ID:  1
DB: ['ISIC2016', 'ISIC2017', 'ISIC2018', 'ISIC2019', '_7_point_criteria', 'PAD_UFES_20']
IMG_SIZE: [150, 150]
CLASSIFIER: ResNet152V2
JOB_INDEX: 1
Combining...
Combining 1 db out of 6 dbs
Combining 2 db out of 6 dbs
Combining 3 db out of 6 dbs
Combining 4 db out of 6 dbs
Combining 5 db out of 6 dbs
Combining 6 db out of 6 dbs
Stacking training images
Stacking training labels
Stacking validation images
Stacking validation labels
Combining...
Combining 1 db out of 6 dbs
Combining 2 db out of 6 dbs
Combining 3 db out of 6 dbs
Combining 4 db out of 6 dbs
Combining 5 db out of 6 dbs
Combining 6 db out of 6 dbs
Stacking training images
Stacking training labels
Stacking validation images
Stacking validation labels
Model: "sequential"
_________________________________________________________________
Layer (type)                 Output Shape              Param #   
=================================================================
resnet152v2 (Functional)     (None, 2048)              58331648  
_________________________________________________________________
dense (Dense)                (None, 512)               1049088   
_________________________________________________________________
dropout (Dropout)            (None, 512)               0         
_________________________________________________________________
batch_normalization (BatchNo (None, 512)               2048      
_________________________________________________________________
dense_1 (Dense)              (None, 256)               131328    
_________________________________________________________________
dropout_1 (Dropout)          (None, 256)               0         
_________________________________________________________________
batch_normalization_1 (Batch (None, 256)               1024      
_________________________________________________________________
dense_2 (Dense)              (None, 2)                 514       
=================================================================
Total params: 59,515,650
Trainable params: 1,182,466
Non-trainable params: 58,333,184
_________________________________________________________________
Fitting ISIC2016+ISIC2017+ISIC2018+ISIC2019+_7_point_criteria+PAD_UFES_20_noaug_ResNet152V2_150h_150w_1 model...
Epoch: 1 loss: 0.6009 accuracy: 0.7178 val_loss: 0.4166 val_accuracy: 0.8364
Epoch: 2 loss: 0.4663 accuracy: 0.8195 val_loss: 0.4430 val_accuracy: 0.8367
Epoch: 3 loss: 0.4396 accuracy: 0.8330 val_loss: 0.4198 val_accuracy: 0.8367
Epoch: 4 loss: 0.4161 accuracy: 0.8416 val_loss: 0.4554 val_accuracy: 0.8367
Epoch: 5 loss: 0.3987 accuracy: 0.8446 val_loss: 0.4214 val_accuracy: 0.8367
Epoch: 6 loss: 0.3969 accuracy: 0.8467 val_loss: 0.4546 val_accuracy: 0.8367
Epoch: 7 loss: 0.3998 accuracy: 0.8464 val_loss: 0.4055 val_accuracy: 0.8367
Epoch: 8 loss: 0.3947 accuracy: 0.8465 val_loss: 0.4551 val_accuracy: 0.8367
Epoch: 9 loss: 0.3935 accuracy: 0.8463 val_loss: 0.4311 val_accuracy: 0.8367
Epoch: 10 loss: 0.3875 accuracy: 0.8465 val_loss: 0.4003 val_accuracy: 0.8367
Epoch: 11 loss: 0.3854 accuracy: 0.8463 val_loss: 0.4093 val_accuracy: 0.8367
Epoch: 12 loss: 0.3828 accuracy: 0.8466 val_loss: 0.5597 val_accuracy: 0.8367
Epoch: 13 loss: 0.3807 accuracy: 0.8478 val_loss: 0.4420 val_accuracy: 0.8367
Epoch: 14 loss: 0.3789 accuracy: 0.8485 val_loss: 0.4115 val_accuracy: 0.8439
Epoch: 15 loss: 0.3771 accuracy: 0.8485 val_loss: 0.5009 val_accuracy: 0.8076
Epoch: 16 loss: 0.3778 accuracy: 0.8485 val_loss: 0.3978 val_accuracy: 0.8417
Epoch: 17 loss: 0.3752 accuracy: 0.8487 val_loss: 0.4356 val_accuracy: 0.8447
Epoch: 18 loss: 0.3769 accuracy: 0.8495 val_loss: 0.5185 val_accuracy: 0.8007
Epoch: 19 loss: 0.3752 accuracy: 0.8497 val_loss: 0.5226 val_accuracy: 0.8027
Epoch: 20 loss: 0.3757 accuracy: 0.8497 val_loss: 0.4119 val_accuracy: 0.8442
Fitting ISIC2016+ISIC2017+ISIC2018+ISIC2019+_7_point_criteria+PAD_UFES_20_aug_ResNet152V2_150h_150w_1 model...
Epoch: 1 loss: 0.6079 accuracy: 0.6790 val_loss: 0.6428 val_accuracy: 0.5562
Epoch: 2 loss: 0.5615 accuracy: 0.7065 val_loss: 1.0204 val_accuracy: 0.1917
Epoch: 3 loss: 0.5397 accuracy: 0.7275 val_loss: 0.6930 val_accuracy: 0.5098
Epoch: 4 loss: 0.5295 accuracy: 0.7347 val_loss: 0.7396 val_accuracy: 0.4419
Epoch: 5 loss: 0.5227 accuracy: 0.7404 val_loss: 0.7348 val_accuracy: 0.4296
Epoch: 6 loss: 0.5152 accuracy: 0.7465 val_loss: 1.0147 val_accuracy: 0.1607
Epoch: 7 loss: 0.5149 accuracy: 0.7461 val_loss: 0.9283 val_accuracy: 0.2415
Epoch: 8 loss: 0.5104 accuracy: 0.7486 val_loss: 0.6958 val_accuracy: 0.4547
Epoch: 9 loss: 0.5060 accuracy: 0.7523 val_loss: 0.7952 val_accuracy: 0.4196
Epoch: 10 loss: 0.5040 accuracy: 0.7546 val_loss: 0.9111 val_accuracy: 0.3096
Epoch: 11 loss: 0.5037 accuracy: 0.7528 val_loss: 0.5339 val_accuracy: 0.7424
Epoch: 12 loss: 0.5035 accuracy: 0.7559 val_loss: 0.5175 val_accuracy: 0.7547
Epoch: 13 loss: 0.5030 accuracy: 0.7554 val_loss: 0.4937 val_accuracy: 0.8063
Epoch: 14 loss: 0.5003 accuracy: 0.7585 val_loss: 0.6433 val_accuracy: 0.5807
Epoch: 15 loss: 0.5020 accuracy: 0.7560 val_loss: 0.7514 val_accuracy: 0.3960
Epoch: 16 loss: 0.4956 accuracy: 0.7594 val_loss: 0.6894 val_accuracy: 0.5377
Epoch: 17 loss: 0.4951 accuracy: 0.7598 val_loss: 0.7651 val_accuracy: 0.3907
Epoch: 18 loss: 0.4951 accuracy: 0.7597 val_loss: 0.6003 val_accuracy: 0.6483
Epoch: 19 loss: 0.4952 accuracy: 0.7602 val_loss: 0.7267 val_accuracy: 0.4732
Epoch: 20 loss: 0.5149 accuracy: 0.7414 val_loss: 0.9406 val_accuracy: 0.3093
Job ended!
