Tue 07 May 2024 07:07:58 AM EDT
Python 3.9.7
nvcc: NVIDIA (R) Cuda compiler driver
Copyright (c) 2005-2019 NVIDIA Corporation
Built on Sun_Jul_28_19:07:16_PDT_2019
Cuda compilation tools, release 10.1, V10.1.243
My SLURM_ARRAY_TASK_ID: 
DB: ['ISIC2016', 'ISIC2017', 'ISIC2018', 'ISIC2019', 'ISIC2020', 'PH2', '_7_point_criteria', 'PAD_UFES_20', 'MEDNODE']
IMG_SIZE: [384, 384]
CLASSIFIER: EfficientNetB5
JOB_INDEX: None
Start training augmented images
Combining...
Combining 1th db out of 9 dbs
Combining 2th db out of 9 dbs
Combining 3th db out of 9 dbs
Combining 4th db out of 9 dbs
Combining 5th db out of 9 dbs
Combining 6th db out of 9 dbs
Combining 7th db out of 9 dbs
Combining 8th db out of 9 dbs
Combining 9th db out of 9 dbs
Stacking data
Combining complete
Model: "sequential"
_________________________________________________________________
Layer (type)                 Output Shape              Param #   
=================================================================
efficientnetb5 (Functional)  (None, 2048)              28513527  
_________________________________________________________________
dense (Dense)                (None, 512)               1049088   
_________________________________________________________________
dropout (Dropout)            (None, 512)               0         
_________________________________________________________________
batch_normalization (BatchNo (None, 512)               2048      
_________________________________________________________________
dense_1 (Dense)              (None, 256)               131328    
_________________________________________________________________
batch_normalization_1 (Batch (None, 256)               1024      
_________________________________________________________________
dense_2 (Dense)              (None, 2)                 514       
=================================================================
Total params: 29,697,529
Trainable params: 1,182,466
Non-trainable params: 28,515,063
_________________________________________________________________
Fitting ISIC2016+ISIC2017+ISIC2018+ISIC2019+ISIC2020+PH2+_7_point_criteria+PAD_UFES_20+MEDNODE_aug_EfficientNetB5_384h_384w_None model...
model_name: ISIC2016+ISIC2017+ISIC2018+ISIC2019+ISIC2020+PH2+_7_point_criteria+PAD_UFES_20+MEDNODE_aug_EfficientNetB5_384h_384w_None
Epoch: 1 loss: 1.0924 accuracy: 0.6726 val_loss: 0.7917 val_accuracy: 0.9071
Epoch: 2 loss: 0.9330 accuracy: 0.7213 val_loss: 0.7333 val_accuracy: 0.9071
Epoch: 3 loss: 0.8377 accuracy: 0.7232 val_loss: 0.6136 val_accuracy: 0.9071
Epoch: 4 loss: 0.7577 accuracy: 0.7225 val_loss: 0.5715 val_accuracy: 0.9071
Epoch: 5 loss: 0.6981 accuracy: 0.7229 val_loss: 0.4946 val_accuracy: 0.9071
Epoch: 6 loss: 0.6614 accuracy: 0.7239 val_loss: 0.3877 val_accuracy: 0.9071
Epoch: 7 loss: 0.6400 accuracy: 0.7250 val_loss: 0.4514 val_accuracy: 0.9071
Epoch: 8 loss: 0.6296 accuracy: 0.7231 val_loss: 0.4693 val_accuracy: 0.9071
Epoch: 9 loss: 0.6200 accuracy: 0.7243 val_loss: 0.4330 val_accuracy: 0.9071
Epoch: 10 loss: 0.6128 accuracy: 0.7258 val_loss: 0.4253 val_accuracy: 0.9071
Epoch: 11 loss: 0.6081 accuracy: 0.7262 val_loss: 0.3904 val_accuracy: 0.9071

Epoch 00011: ReduceLROnPlateau reducing learning rate to 7.999999797903001e-05.
Epoch: 12 loss: 0.6056 accuracy: 0.7252 val_loss: 0.4480 val_accuracy: 0.9071
Epoch: 13 loss: 0.6061 accuracy: 0.7224 val_loss: 0.4501 val_accuracy: 0.9071
Epoch: 14 loss: 0.6026 accuracy: 0.7245 val_loss: 0.4367 val_accuracy: 0.9071
Epoch: 15 loss: 0.6003 accuracy: 0.7251 val_loss: 0.3959 val_accuracy: 0.9071
Epoch: 16 loss: 0.5996 accuracy: 0.7251 val_loss: 0.4455 val_accuracy: 0.9071

Epoch 00016: ReduceLROnPlateau reducing learning rate to 6.399999838322402e-05.
End of augmented training
Finish
Job ended!
