Tue 07 May 2024 09:17:01 AM EDT
Python 3.9.7
nvcc: NVIDIA (R) Cuda compiler driver
Copyright (c) 2005-2019 NVIDIA Corporation
Built on Sun_Jul_28_19:07:16_PDT_2019
Cuda compilation tools, release 10.1, V10.1.243
My SLURM_ARRAY_TASK_ID: 
DB: ['ISIC2016', 'ISIC2017', 'ISIC2018', 'ISIC2019', 'PAD_UFES_20', 'MEDNODE']
IMG_SIZE: [384, 384]
CLASSIFIER: EfficientNetB5
JOB_INDEX: None
Start training augmented images
Combining...
Combining 1th db out of 6 dbs
Combining 2th db out of 6 dbs
Combining 3th db out of 6 dbs
Combining 4th db out of 6 dbs
Combining 5th db out of 6 dbs
Combining 6th db out of 6 dbs
Stacking data
Combining complete
Model: "sequential"
_________________________________________________________________
Layer (type)                 Output Shape              Param #   
=================================================================
efficientnetb5 (Functional)  (None, 2048)              28513527  
_________________________________________________________________
dense (Dense)                (None, 512)               1049088   
_________________________________________________________________
dropout (Dropout)            (None, 512)               0         
_________________________________________________________________
batch_normalization (BatchNo (None, 512)               2048      
_________________________________________________________________
dense_1 (Dense)              (None, 256)               131328    
_________________________________________________________________
batch_normalization_1 (Batch (None, 256)               1024      
_________________________________________________________________
dense_2 (Dense)              (None, 2)                 514       
=================================================================
Total params: 29,697,529
Trainable params: 1,182,466
Non-trainable params: 28,515,063
_________________________________________________________________
Fitting ISIC2016+ISIC2017+ISIC2018+ISIC2019+PAD_UFES_20+MEDNODE_aug_EfficientNetB5_384h_384w_None model...
model_name: ISIC2016+ISIC2017+ISIC2018+ISIC2019+PAD_UFES_20+MEDNODE_aug_EfficientNetB5_384h_384w_None
Epoch: 1 loss: 1.1934 accuracy: 0.5920 val_loss: 0.8703 val_accuracy: 0.8327
Epoch: 2 loss: 1.0549 accuracy: 0.6372 val_loss: 0.8366 val_accuracy: 0.8327
Epoch: 3 loss: 0.9854 accuracy: 0.6515 val_loss: 0.7966 val_accuracy: 0.8327
Epoch: 4 loss: 0.9279 accuracy: 0.6547 val_loss: 0.7783 val_accuracy: 0.8327
Epoch: 5 loss: 0.8755 accuracy: 0.6585 val_loss: 0.7332 val_accuracy: 0.8327
Epoch: 6 loss: 0.8282 accuracy: 0.6571 val_loss: 0.6901 val_accuracy: 0.8327
Epoch: 7 loss: 0.7892 accuracy: 0.6569 val_loss: 0.6587 val_accuracy: 0.8327
Epoch: 8 loss: 0.7537 accuracy: 0.6612 val_loss: 0.5788 val_accuracy: 0.8327
Epoch: 9 loss: 0.7322 accuracy: 0.6582 val_loss: 0.5858 val_accuracy: 0.8327
Epoch: 10 loss: 0.7103 accuracy: 0.6643 val_loss: 0.6204 val_accuracy: 0.8327
Epoch: 11 loss: 0.7006 accuracy: 0.6605 val_loss: 0.5295 val_accuracy: 0.8327
Epoch: 12 loss: 0.6934 accuracy: 0.6581 val_loss: 0.5993 val_accuracy: 0.8327
Epoch: 13 loss: 0.6822 accuracy: 0.6635 val_loss: 0.5065 val_accuracy: 0.8327
Epoch: 14 loss: 0.6773 accuracy: 0.6626 val_loss: 0.5275 val_accuracy: 0.8327
Epoch: 15 loss: 0.6730 accuracy: 0.6603 val_loss: 0.5479 val_accuracy: 0.8327
Epoch: 16 loss: 0.6684 accuracy: 0.6619 val_loss: 0.5382 val_accuracy: 0.8327
Epoch: 17 loss: 0.6664 accuracy: 0.6609 val_loss: 0.5271 val_accuracy: 0.8327
Epoch: 18 loss: 0.6597 accuracy: 0.6657 val_loss: 0.5240 val_accuracy: 0.8327

Epoch 00018: ReduceLROnPlateau reducing learning rate to 7.999999797903001e-05.
Epoch: 19 loss: 0.6610 accuracy: 0.6598 val_loss: 0.4981 val_accuracy: 0.8327
Epoch: 20 loss: 0.6569 accuracy: 0.6635 val_loss: 0.5548 val_accuracy: 0.8327
Epoch: 21 loss: 0.6563 accuracy: 0.6630 val_loss: 0.5115 val_accuracy: 0.8327
Epoch: 22 loss: 0.6550 accuracy: 0.6629 val_loss: 0.5486 val_accuracy: 0.8327
Epoch: 23 loss: 0.6518 accuracy: 0.6656 val_loss: 0.5708 val_accuracy: 0.8327
Epoch: 24 loss: 0.6515 accuracy: 0.6655 val_loss: 0.5373 val_accuracy: 0.8327

Epoch 00024: ReduceLROnPlateau reducing learning rate to 6.399999838322402e-05.
Epoch: 25 loss: 0.6495 accuracy: 0.6652 val_loss: 0.5242 val_accuracy: 0.8327
Epoch: 26 loss: 0.6515 accuracy: 0.6623 val_loss: 0.5385 val_accuracy: 0.8327
Epoch: 27 loss: 0.6489 accuracy: 0.6654 val_loss: 0.5232 val_accuracy: 0.8327
Epoch: 28 loss: 0.6513 accuracy: 0.6609 val_loss: 0.5301 val_accuracy: 0.8327
Epoch: 29 loss: 0.6467 accuracy: 0.6666 val_loss: 0.5596 val_accuracy: 0.8327

Epoch 00029: ReduceLROnPlateau reducing learning rate to 5.119999987073243e-05.
End of augmented training
Finish
Job ended!
