Tue 07 May 2024 04:39:52 AM EDT
Python 3.9.7
nvcc: NVIDIA (R) Cuda compiler driver
Copyright (c) 2005-2019 NVIDIA Corporation
Built on Sun_Jul_28_19:07:16_PDT_2019
Cuda compilation tools, release 10.1, V10.1.243
My SLURM_ARRAY_TASK_ID: 
DB: ['ISIC2016', '_7_point_criteria', 'PAD_UFES_20']
IMG_SIZE: [384, 384]
CLASSIFIER: EfficientNetB5
JOB_INDEX: None
Start training augmented images
Combining...
Combining 1th db out of 3 dbs
Combining 2th db out of 3 dbs
Combining 3th db out of 3 dbs
Stacking data
Combining complete
Model: "sequential"
_________________________________________________________________
Layer (type)                 Output Shape              Param #   
=================================================================
efficientnetb5 (Functional)  (None, 2048)              28513527  
_________________________________________________________________
dense (Dense)                (None, 512)               1049088   
_________________________________________________________________
dropout (Dropout)            (None, 512)               0         
_________________________________________________________________
batch_normalization (BatchNo (None, 512)               2048      
_________________________________________________________________
dense_1 (Dense)              (None, 256)               131328    
_________________________________________________________________
batch_normalization_1 (Batch (None, 256)               1024      
_________________________________________________________________
dense_2 (Dense)              (None, 2)                 514       
=================================================================
Total params: 29,697,529
Trainable params: 1,182,466
Non-trainable params: 28,515,063
_________________________________________________________________
Fitting ISIC2016+_7_point_criteria+PAD_UFES_20_aug_EfficientNetB5_384h_384w_None model...
model_name: ISIC2016+_7_point_criteria+PAD_UFES_20_aug_EfficientNetB5_384h_384w_None
Epoch: 1 loss: 1.4867 accuracy: 0.5149 val_loss: 1.1396 val_accuracy: 0.8766
Epoch: 2 loss: 1.3144 accuracy: 0.5396 val_loss: 1.0406 val_accuracy: 0.8766
Epoch: 3 loss: 1.2312 accuracy: 0.5790 val_loss: 0.9317 val_accuracy: 0.8766
Epoch: 4 loss: 1.1789 accuracy: 0.6216 val_loss: 0.9089 val_accuracy: 0.8766
Epoch: 5 loss: 1.1262 accuracy: 0.6504 val_loss: 0.8738 val_accuracy: 0.8766
Epoch: 6 loss: 1.1133 accuracy: 0.6621 val_loss: 0.8714 val_accuracy: 0.8766
Epoch: 7 loss: 1.0990 accuracy: 0.6707 val_loss: 0.8933 val_accuracy: 0.8766
Epoch: 8 loss: 1.0922 accuracy: 0.6846 val_loss: 0.8451 val_accuracy: 0.8766
Epoch: 9 loss: 1.0609 accuracy: 0.7079 val_loss: 0.8190 val_accuracy: 0.8766
Epoch: 10 loss: 1.0497 accuracy: 0.7122 val_loss: 0.8580 val_accuracy: 0.8766
Epoch: 11 loss: 1.0586 accuracy: 0.7034 val_loss: 0.8048 val_accuracy: 0.8766
Epoch: 12 loss: 1.0483 accuracy: 0.7067 val_loss: 0.8178 val_accuracy: 0.8766
Epoch: 13 loss: 1.0199 accuracy: 0.7351 val_loss: 0.7972 val_accuracy: 0.8766
Epoch: 14 loss: 1.0332 accuracy: 0.7149 val_loss: 0.7996 val_accuracy: 0.8766
Epoch: 15 loss: 1.0190 accuracy: 0.7246 val_loss: 0.8196 val_accuracy: 0.8766
Epoch: 16 loss: 1.0115 accuracy: 0.7280 val_loss: 0.8371 val_accuracy: 0.8766
Epoch: 17 loss: 1.0132 accuracy: 0.7167 val_loss: 0.8221 val_accuracy: 0.8766
Epoch: 18 loss: 0.9972 accuracy: 0.7323 val_loss: 0.8026 val_accuracy: 0.8766

Epoch 00018: ReduceLROnPlateau reducing learning rate to 7.999999797903001e-05.
Epoch: 19 loss: 0.9935 accuracy: 0.7262 val_loss: 0.7960 val_accuracy: 0.8766
Epoch: 20 loss: 1.0056 accuracy: 0.7160 val_loss: 0.8281 val_accuracy: 0.8766
Epoch: 21 loss: 0.9883 accuracy: 0.7201 val_loss: 0.7771 val_accuracy: 0.8766
Epoch: 22 loss: 0.9697 accuracy: 0.7346 val_loss: 0.8987 val_accuracy: 0.8766
Epoch: 23 loss: 0.9720 accuracy: 0.7351 val_loss: 0.7482 val_accuracy: 0.8766
Epoch: 24 loss: 0.9667 accuracy: 0.7308 val_loss: 0.7791 val_accuracy: 0.8766
Epoch: 25 loss: 0.9655 accuracy: 0.7323 val_loss: 0.7443 val_accuracy: 0.8766
Epoch: 26 loss: 0.9531 accuracy: 0.7339 val_loss: 0.7752 val_accuracy: 0.8766
Epoch: 27 loss: 0.9618 accuracy: 0.7292 val_loss: 0.7941 val_accuracy: 0.8766
Epoch: 28 loss: 0.9516 accuracy: 0.7341 val_loss: 0.7376 val_accuracy: 0.8766
Epoch: 29 loss: 0.9324 accuracy: 0.7425 val_loss: 0.7467 val_accuracy: 0.8766
Epoch: 30 loss: 0.9361 accuracy: 0.7407 val_loss: 0.7651 val_accuracy: 0.8766
Epoch: 31 loss: 0.9422 accuracy: 0.7314 val_loss: 0.7332 val_accuracy: 0.8766
Epoch: 32 loss: 0.9526 accuracy: 0.7172 val_loss: 0.7342 val_accuracy: 0.8766
Epoch: 33 loss: 0.9163 accuracy: 0.7428 val_loss: 0.7233 val_accuracy: 0.8766
Epoch: 34 loss: 0.9283 accuracy: 0.7355 val_loss: 0.7329 val_accuracy: 0.8766
Epoch: 35 loss: 0.9159 accuracy: 0.7351 val_loss: 0.7914 val_accuracy: 0.8766
Epoch: 36 loss: 0.9265 accuracy: 0.7280 val_loss: 0.7658 val_accuracy: 0.8766
Epoch: 37 loss: 0.9160 accuracy: 0.7303 val_loss: 0.7295 val_accuracy: 0.8766
Epoch: 38 loss: 0.9117 accuracy: 0.7355 val_loss: 0.7442 val_accuracy: 0.8766

Epoch 00038: ReduceLROnPlateau reducing learning rate to 6.399999838322402e-05.
Epoch: 39 loss: 0.9066 accuracy: 0.7321 val_loss: 0.6972 val_accuracy: 0.8766
Epoch: 40 loss: 0.9048 accuracy: 0.7285 val_loss: 0.7076 val_accuracy: 0.8766
Epoch: 41 loss: 0.9081 accuracy: 0.7278 val_loss: 0.7112 val_accuracy: 0.8766
Epoch: 42 loss: 0.8988 accuracy: 0.7283 val_loss: 0.7296 val_accuracy: 0.8766
Epoch: 43 loss: 0.8815 accuracy: 0.7418 val_loss: 0.7319 val_accuracy: 0.8766
Epoch: 44 loss: 0.8805 accuracy: 0.7432 val_loss: 0.6844 val_accuracy: 0.8766
Epoch: 45 loss: 0.8864 accuracy: 0.7319 val_loss: 0.7004 val_accuracy: 0.8766
Epoch: 46 loss: 0.8818 accuracy: 0.7337 val_loss: 0.7449 val_accuracy: 0.8766
Epoch: 47 loss: 0.8742 accuracy: 0.7357 val_loss: 0.7207 val_accuracy: 0.8766
Epoch: 48 loss: 0.8730 accuracy: 0.7364 val_loss: 0.7098 val_accuracy: 0.8766
Epoch: 49 loss: 0.8674 accuracy: 0.7387 val_loss: 0.6839 val_accuracy: 0.8766
Epoch: 50 loss: 0.8578 accuracy: 0.7416 val_loss: 0.6952 val_accuracy: 0.8766
Epoch: 51 loss: 0.8600 accuracy: 0.7357 val_loss: 0.6839 val_accuracy: 0.8766
Epoch: 52 loss: 0.8437 accuracy: 0.7500 val_loss: 0.6620 val_accuracy: 0.8766
Epoch: 53 loss: 0.8565 accuracy: 0.7373 val_loss: 0.6598 val_accuracy: 0.8766
Epoch: 54 loss: 0.8482 accuracy: 0.7391 val_loss: 0.7229 val_accuracy: 0.8766
Epoch: 55 loss: 0.8546 accuracy: 0.7314 val_loss: 0.6769 val_accuracy: 0.8766
Epoch: 56 loss: 0.8469 accuracy: 0.7357 val_loss: 0.6732 val_accuracy: 0.8766
Epoch: 57 loss: 0.8352 accuracy: 0.7439 val_loss: 0.6531 val_accuracy: 0.8766
Epoch: 58 loss: 0.8366 accuracy: 0.7385 val_loss: 0.6848 val_accuracy: 0.8766
Epoch: 59 loss: 0.8375 accuracy: 0.7353 val_loss: 0.7013 val_accuracy: 0.8766
Epoch: 60 loss: 0.8300 accuracy: 0.7389 val_loss: 0.6619 val_accuracy: 0.8766
Epoch: 61 loss: 0.8162 accuracy: 0.7475 val_loss: 0.6508 val_accuracy: 0.8766
Epoch: 62 loss: 0.8175 accuracy: 0.7439 val_loss: 0.6430 val_accuracy: 0.8766
Epoch: 63 loss: 0.8244 accuracy: 0.7369 val_loss: 0.6468 val_accuracy: 0.8766
Epoch: 64 loss: 0.8242 accuracy: 0.7289 val_loss: 0.6932 val_accuracy: 0.8766
Epoch: 65 loss: 0.8191 accuracy: 0.7323 val_loss: 0.6395 val_accuracy: 0.8766
Epoch: 66 loss: 0.8031 accuracy: 0.7428 val_loss: 0.6522 val_accuracy: 0.8766
Epoch: 67 loss: 0.8009 accuracy: 0.7423 val_loss: 0.6441 val_accuracy: 0.8766
Epoch: 68 loss: 0.8044 accuracy: 0.7369 val_loss: 0.6662 val_accuracy: 0.8766
Epoch: 69 loss: 0.8027 accuracy: 0.7321 val_loss: 0.6372 val_accuracy: 0.8766
Epoch: 70 loss: 0.8036 accuracy: 0.7319 val_loss: 0.6507 val_accuracy: 0.8766
Epoch: 71 loss: 0.7894 accuracy: 0.7428 val_loss: 0.5968 val_accuracy: 0.8766
Epoch: 72 loss: 0.7944 accuracy: 0.7373 val_loss: 0.6153 val_accuracy: 0.8766
Epoch: 73 loss: 0.7985 accuracy: 0.7276 val_loss: 0.6033 val_accuracy: 0.8766
Epoch: 74 loss: 0.7757 accuracy: 0.7464 val_loss: 0.5777 val_accuracy: 0.8766
Epoch: 75 loss: 0.7867 accuracy: 0.7321 val_loss: 0.5950 val_accuracy: 0.8766
Epoch: 76 loss: 0.7654 accuracy: 0.7489 val_loss: 0.6171 val_accuracy: 0.8766
Epoch: 77 loss: 0.7807 accuracy: 0.7317 val_loss: 0.5958 val_accuracy: 0.8766
Epoch: 78 loss: 0.7662 accuracy: 0.7418 val_loss: 0.6031 val_accuracy: 0.8766
Epoch: 79 loss: 0.7593 accuracy: 0.7471 val_loss: 0.6180 val_accuracy: 0.8766

Epoch 00079: ReduceLROnPlateau reducing learning rate to 5.119999987073243e-05.
Epoch: 80 loss: 0.7598 accuracy: 0.7473 val_loss: 0.5946 val_accuracy: 0.8766
Epoch: 81 loss: 0.7701 accuracy: 0.7348 val_loss: 0.5809 val_accuracy: 0.8766
Epoch: 82 loss: 0.7583 accuracy: 0.7398 val_loss: 0.6074 val_accuracy: 0.8766
Epoch: 83 loss: 0.7609 accuracy: 0.7391 val_loss: 0.5847 val_accuracy: 0.8766
Epoch: 84 loss: 0.7487 accuracy: 0.7443 val_loss: 0.5914 val_accuracy: 0.8766

Epoch 00084: ReduceLROnPlateau reducing learning rate to 4.0960000478662555e-05.
End of augmented training
Finish
Job ended!
