Tue 07 May 2024 06:48:41 AM EDT
Python 3.9.7
nvcc: NVIDIA (R) Cuda compiler driver
Copyright (c) 2005-2019 NVIDIA Corporation
Built on Sun_Jul_28_19:07:16_PDT_2019
Cuda compilation tools, release 10.1, V10.1.243
My SLURM_ARRAY_TASK_ID: 
DB: ['ISIC2016', 'ISIC2017', 'ISIC2018', 'ISIC2019', 'ISIC2020', 'PH2', '_7_point_criteria', 'PAD_UFES_20']
IMG_SIZE: [384, 384]
CLASSIFIER: EfficientNetB5
JOB_INDEX: None
Start training augmented images
Combining...
Combining 1th db out of 8 dbs
Combining 2th db out of 8 dbs
Combining 3th db out of 8 dbs
Combining 4th db out of 8 dbs
Combining 5th db out of 8 dbs
Combining 6th db out of 8 dbs
Combining 7th db out of 8 dbs
Combining 8th db out of 8 dbs
Stacking data
Combining complete
Model: "sequential"
_________________________________________________________________
Layer (type)                 Output Shape              Param #   
=================================================================
efficientnetb5 (Functional)  (None, 2048)              28513527  
_________________________________________________________________
dense (Dense)                (None, 512)               1049088   
_________________________________________________________________
dropout (Dropout)            (None, 512)               0         
_________________________________________________________________
batch_normalization (BatchNo (None, 512)               2048      
_________________________________________________________________
dense_1 (Dense)              (None, 256)               131328    
_________________________________________________________________
batch_normalization_1 (Batch (None, 256)               1024      
_________________________________________________________________
dense_2 (Dense)              (None, 2)                 514       
=================================================================
Total params: 29,697,529
Trainable params: 1,182,466
Non-trainable params: 28,515,063
_________________________________________________________________
Fitting ISIC2016+ISIC2017+ISIC2018+ISIC2019+ISIC2020+PH2+_7_point_criteria+PAD_UFES_20_aug_EfficientNetB5_384h_384w_None model...
model_name: ISIC2016+ISIC2017+ISIC2018+ISIC2019+ISIC2020+PH2+_7_point_criteria+PAD_UFES_20_aug_EfficientNetB5_384h_384w_None
Epoch: 1 loss: 1.0992 accuracy: 0.6709 val_loss: 0.9082 val_accuracy: 0.9082
Epoch: 2 loss: 0.9320 accuracy: 0.7224 val_loss: 0.7715 val_accuracy: 0.9082
Epoch: 3 loss: 0.8360 accuracy: 0.7221 val_loss: 0.6794 val_accuracy: 0.9082
Epoch: 4 loss: 0.7527 accuracy: 0.7238 val_loss: 0.5934 val_accuracy: 0.9082
Epoch: 5 loss: 0.6955 accuracy: 0.7260 val_loss: 0.5245 val_accuracy: 0.9082
Epoch: 6 loss: 0.6620 accuracy: 0.7237 val_loss: 0.4395 val_accuracy: 0.9082
Epoch: 7 loss: 0.6405 accuracy: 0.7249 val_loss: 0.4633 val_accuracy: 0.9082
Epoch: 8 loss: 0.6253 accuracy: 0.7275 val_loss: 0.4618 val_accuracy: 0.9082
Epoch: 9 loss: 0.6187 accuracy: 0.7256 val_loss: 0.4449 val_accuracy: 0.9082
Epoch: 10 loss: 0.6110 accuracy: 0.7272 val_loss: 0.5180 val_accuracy: 0.9082
Epoch: 11 loss: 0.6070 accuracy: 0.7268 val_loss: 0.4201 val_accuracy: 0.9082
Epoch: 12 loss: 0.6061 accuracy: 0.7249 val_loss: 0.4303 val_accuracy: 0.9082
Epoch: 13 loss: 0.6008 accuracy: 0.7274 val_loss: 0.4029 val_accuracy: 0.9082
Epoch: 14 loss: 0.6016 accuracy: 0.7245 val_loss: 0.4389 val_accuracy: 0.9082
Epoch: 15 loss: 0.5989 accuracy: 0.7257 val_loss: 0.4476 val_accuracy: 0.9082
Epoch: 16 loss: 0.5976 accuracy: 0.7251 val_loss: 0.4093 val_accuracy: 0.9082
Epoch: 17 loss: 0.5946 accuracy: 0.7277 val_loss: 0.3922 val_accuracy: 0.9082
Epoch: 18 loss: 0.5967 accuracy: 0.7247 val_loss: 0.4169 val_accuracy: 0.9082
Epoch: 19 loss: 0.5954 accuracy: 0.7248 val_loss: 0.4396 val_accuracy: 0.9082
Epoch: 20 loss: 0.5947 accuracy: 0.7247 val_loss: 0.4438 val_accuracy: 0.9082
Epoch: 21 loss: 0.5946 accuracy: 0.7248 val_loss: 0.3995 val_accuracy: 0.9082
Epoch: 22 loss: 0.5941 accuracy: 0.7250 val_loss: 0.4192 val_accuracy: 0.9082

Epoch 00022: ReduceLROnPlateau reducing learning rate to 7.999999797903001e-05.
Epoch: 23 loss: 0.5918 accuracy: 0.7265 val_loss: 0.4244 val_accuracy: 0.9082
Epoch: 24 loss: 0.5941 accuracy: 0.7237 val_loss: 0.4478 val_accuracy: 0.9082
Epoch: 25 loss: 0.5907 accuracy: 0.7267 val_loss: 0.4529 val_accuracy: 0.9082
Epoch: 26 loss: 0.5918 accuracy: 0.7255 val_loss: 0.4144 val_accuracy: 0.9082
Epoch: 27 loss: 0.5898 accuracy: 0.7275 val_loss: 0.4141 val_accuracy: 0.9082

Epoch 00027: ReduceLROnPlateau reducing learning rate to 6.399999838322402e-05.
End of augmented training
Finish
Job ended!
