Tue 07 May 2024 06:00:37 AM EDT
Python 3.9.7
nvcc: NVIDIA (R) Cuda compiler driver
Copyright (c) 2005-2019 NVIDIA Corporation
Built on Sun_Jul_28_19:07:16_PDT_2019
Cuda compilation tools, release 10.1, V10.1.243
My SLURM_ARRAY_TASK_ID: 
DB: ['ISIC2016', 'ISIC2017', 'ISIC2018', 'ISIC2019', 'ISIC2020', 'PH2', '_7_point_criteria', 'MEDNODE', 'KaggleMB']
IMG_SIZE: [384, 384]
CLASSIFIER: EfficientNetB5
JOB_INDEX: None
Start training augmented images
Combining...
Combining 1th db out of 9 dbs
Combining 2th db out of 9 dbs
Combining 3th db out of 9 dbs
Combining 4th db out of 9 dbs
Combining 5th db out of 9 dbs
Combining 6th db out of 9 dbs
Combining 7th db out of 9 dbs
Combining 8th db out of 9 dbs
Combining 9th db out of 9 dbs
Stacking data
Combining complete
Model: "sequential"
_________________________________________________________________
Layer (type)                 Output Shape              Param #   
=================================================================
efficientnetb5 (Functional)  (None, 2048)              28513527  
_________________________________________________________________
dense (Dense)                (None, 512)               1049088   
_________________________________________________________________
dropout (Dropout)            (None, 512)               0         
_________________________________________________________________
batch_normalization (BatchNo (None, 512)               2048      
_________________________________________________________________
dense_1 (Dense)              (None, 256)               131328    
_________________________________________________________________
batch_normalization_1 (Batch (None, 256)               1024      
_________________________________________________________________
dense_2 (Dense)              (None, 2)                 514       
=================================================================
Total params: 29,697,529
Trainable params: 1,182,466
Non-trainable params: 28,515,063
_________________________________________________________________
Fitting ISIC2016+ISIC2017+ISIC2018+ISIC2019+ISIC2020+PH2+_7_point_criteria+MEDNODE+KaggleMB_aug_EfficientNetB5_384h_384w_None model...
model_name: ISIC2016+ISIC2017+ISIC2018+ISIC2019+ISIC2020+PH2+_7_point_criteria+MEDNODE+KaggleMB_aug_EfficientNetB5_384h_384w_None
Epoch: 1 loss: 1.1173 accuracy: 0.6541 val_loss: 0.8134 val_accuracy: 0.8911
Epoch: 2 loss: 0.9515 accuracy: 0.7044 val_loss: 0.8308 val_accuracy: 0.8911
Epoch: 3 loss: 0.8520 accuracy: 0.7098 val_loss: 0.6701 val_accuracy: 0.8911
Epoch: 4 loss: 0.7719 accuracy: 0.7090 val_loss: 0.5899 val_accuracy: 0.8911
Epoch: 5 loss: 0.7127 accuracy: 0.7090 val_loss: 0.5377 val_accuracy: 0.8911
Epoch: 6 loss: 0.6766 accuracy: 0.7086 val_loss: 0.5275 val_accuracy: 0.8911
Epoch: 7 loss: 0.6534 accuracy: 0.7092 val_loss: 0.5141 val_accuracy: 0.8911
Epoch: 8 loss: 0.6408 accuracy: 0.7090 val_loss: 0.4492 val_accuracy: 0.8911
Epoch: 9 loss: 0.6308 accuracy: 0.7101 val_loss: 0.4557 val_accuracy: 0.8911
Epoch: 10 loss: 0.6253 accuracy: 0.7101 val_loss: 0.4618 val_accuracy: 0.8911
Epoch: 11 loss: 0.6218 accuracy: 0.7091 val_loss: 0.4609 val_accuracy: 0.8911
Epoch: 12 loss: 0.6178 accuracy: 0.7104 val_loss: 0.4480 val_accuracy: 0.8911
Epoch: 13 loss: 0.6143 accuracy: 0.7115 val_loss: 0.4984 val_accuracy: 0.8911
Epoch: 14 loss: 0.6131 accuracy: 0.7113 val_loss: 0.4735 val_accuracy: 0.8911
Epoch: 15 loss: 0.6142 accuracy: 0.7082 val_loss: 0.4484 val_accuracy: 0.8911
Epoch: 16 loss: 0.6110 accuracy: 0.7109 val_loss: 0.4390 val_accuracy: 0.8911
Epoch: 17 loss: 0.6098 accuracy: 0.7114 val_loss: 0.4926 val_accuracy: 0.8911
Epoch: 18 loss: 0.6107 accuracy: 0.7095 val_loss: 0.4429 val_accuracy: 0.8911
Epoch: 19 loss: 0.6076 accuracy: 0.7121 val_loss: 0.4593 val_accuracy: 0.8911
Epoch: 20 loss: 0.6099 accuracy: 0.7086 val_loss: 0.4543 val_accuracy: 0.8911
Epoch: 21 loss: 0.6072 accuracy: 0.7108 val_loss: 0.4431 val_accuracy: 0.8911

Epoch 00021: ReduceLROnPlateau reducing learning rate to 7.999999797903001e-05.
Epoch: 22 loss: 0.6058 accuracy: 0.7119 val_loss: 0.4206 val_accuracy: 0.8911
Epoch: 23 loss: 0.6054 accuracy: 0.7119 val_loss: 0.4421 val_accuracy: 0.8911
Epoch: 24 loss: 0.6082 accuracy: 0.7089 val_loss: 0.4403 val_accuracy: 0.8911
Epoch: 25 loss: 0.6063 accuracy: 0.7104 val_loss: 0.4563 val_accuracy: 0.8911
Epoch: 26 loss: 0.6074 accuracy: 0.7087 val_loss: 0.4398 val_accuracy: 0.8911
Epoch: 27 loss: 0.6054 accuracy: 0.7106 val_loss: 0.4480 val_accuracy: 0.8911

Epoch 00027: ReduceLROnPlateau reducing learning rate to 6.399999838322402e-05.
Epoch: 28 loss: 0.6053 accuracy: 0.7105 val_loss: 0.4448 val_accuracy: 0.8911
Epoch: 29 loss: 0.6055 accuracy: 0.7101 val_loss: 0.4514 val_accuracy: 0.8911
Epoch: 30 loss: 0.6045 accuracy: 0.7109 val_loss: 0.4481 val_accuracy: 0.8911
Epoch: 31 loss: 0.6042 accuracy: 0.7113 val_loss: 0.4445 val_accuracy: 0.8911
Epoch: 32 loss: 0.6063 accuracy: 0.7085 val_loss: 0.4447 val_accuracy: 0.8911

Epoch 00032: ReduceLROnPlateau reducing learning rate to 5.119999987073243e-05.
End of augmented training
Finish
Job ended!
