Tue 07 May 2024 12:06:04 PM EDT
Python 3.9.7
nvcc: NVIDIA (R) Cuda compiler driver
Copyright (c) 2005-2019 NVIDIA Corporation
Built on Sun_Jul_28_19:07:16_PDT_2019
Cuda compilation tools, release 10.1, V10.1.243
My SLURM_ARRAY_TASK_ID: 
DB: ['ISIC2016', 'MEDNODE']
IMG_SIZE: [384, 384]
CLASSIFIER: EfficientNetB5
JOB_INDEX: None
Start training augmented images
Combining...
Combining 1th db out of 2 dbs
Combining 2th db out of 2 dbs
Stacking data
Combining complete
Model: "sequential"
_________________________________________________________________
Layer (type)                 Output Shape              Param #   
=================================================================
efficientnetb5 (Functional)  (None, 2048)              28513527  
_________________________________________________________________
dense (Dense)                (None, 512)               1049088   
_________________________________________________________________
dropout (Dropout)            (None, 512)               0         
_________________________________________________________________
batch_normalization (BatchNo (None, 512)               2048      
_________________________________________________________________
dense_1 (Dense)              (None, 256)               131328    
_________________________________________________________________
batch_normalization_1 (Batch (None, 256)               1024      
_________________________________________________________________
dense_2 (Dense)              (None, 2)                 514       
=================================================================
Total params: 29,697,529
Trainable params: 1,182,466
Non-trainable params: 28,515,063
_________________________________________________________________
Fitting ISIC2016+MEDNODE_aug_EfficientNetB5_384h_384w_None model...
model_name: ISIC2016+MEDNODE_aug_EfficientNetB5_384h_384w_None
Epoch: 1 loss: 1.5638 accuracy: 0.4933 val_loss: 1.2482 val_accuracy: 0.7664
Epoch: 2 loss: 1.4988 accuracy: 0.5060 val_loss: 1.2234 val_accuracy: 0.7664
Epoch: 3 loss: 1.4581 accuracy: 0.5000 val_loss: 1.2038 val_accuracy: 0.7664
Epoch: 4 loss: 1.3824 accuracy: 0.5007 val_loss: 1.1907 val_accuracy: 0.7664
Epoch: 5 loss: 1.3635 accuracy: 0.5097 val_loss: 1.1593 val_accuracy: 0.7664
Epoch: 6 loss: 1.3199 accuracy: 0.5179 val_loss: 1.1486 val_accuracy: 0.7664
Epoch: 7 loss: 1.3044 accuracy: 0.5141 val_loss: 1.1483 val_accuracy: 0.7664
Epoch: 8 loss: 1.2910 accuracy: 0.5320 val_loss: 1.1342 val_accuracy: 0.7664
Epoch: 9 loss: 1.2908 accuracy: 0.5350 val_loss: 1.2045 val_accuracy: 0.2664
Epoch: 10 loss: 1.3046 accuracy: 0.4970 val_loss: 1.1995 val_accuracy: 0.2664
Epoch: 11 loss: 1.2573 accuracy: 0.5335 val_loss: 1.2732 val_accuracy: 0.2383
Epoch: 12 loss: 1.2376 accuracy: 0.5379 val_loss: 1.1840 val_accuracy: 0.2850
Epoch: 13 loss: 1.2676 accuracy: 0.4963 val_loss: 1.1826 val_accuracy: 0.2523

Epoch 00013: ReduceLROnPlateau reducing learning rate to 7.999999797903001e-05.
Epoch: 14 loss: 1.2351 accuracy: 0.5342 val_loss: 1.2540 val_accuracy: 0.2336
Epoch: 15 loss: 1.2296 accuracy: 0.5305 val_loss: 1.2789 val_accuracy: 0.2336
Epoch: 16 loss: 1.2065 accuracy: 0.5625 val_loss: 1.2234 val_accuracy: 0.2336
Epoch: 17 loss: 1.2430 accuracy: 0.5208 val_loss: 1.1755 val_accuracy: 0.2570
Epoch: 18 loss: 1.2373 accuracy: 0.5030 val_loss: 1.1180 val_accuracy: 0.7664
Epoch: 19 loss: 1.2091 accuracy: 0.5298 val_loss: 1.1814 val_accuracy: 0.2477
Epoch: 20 loss: 1.1873 accuracy: 0.5432 val_loss: 1.2215 val_accuracy: 0.2336
Epoch: 21 loss: 1.1866 accuracy: 0.5499 val_loss: 1.1864 val_accuracy: 0.2336
Epoch: 22 loss: 1.1895 accuracy: 0.5476 val_loss: 1.1686 val_accuracy: 0.2523
Epoch: 23 loss: 1.1930 accuracy: 0.5439 val_loss: 1.2163 val_accuracy: 0.2336

Epoch 00023: ReduceLROnPlateau reducing learning rate to 6.399999838322402e-05.
Epoch: 24 loss: 1.1837 accuracy: 0.5394 val_loss: 1.1148 val_accuracy: 0.7664
Epoch: 25 loss: 1.1951 accuracy: 0.5246 val_loss: 1.0902 val_accuracy: 0.7617
Epoch: 26 loss: 1.1924 accuracy: 0.5387 val_loss: 1.1659 val_accuracy: 0.2336
Epoch: 27 loss: 1.1795 accuracy: 0.5402 val_loss: 1.2029 val_accuracy: 0.2336
Epoch: 28 loss: 1.2013 accuracy: 0.5208 val_loss: 1.0817 val_accuracy: 0.7477
Epoch: 29 loss: 1.1834 accuracy: 0.5350 val_loss: 1.0828 val_accuracy: 0.7664
Epoch: 30 loss: 1.1536 accuracy: 0.5662 val_loss: 1.0536 val_accuracy: 0.7664
Epoch: 31 loss: 1.1877 accuracy: 0.5320 val_loss: 1.0326 val_accuracy: 0.7664
Epoch: 32 loss: 1.1592 accuracy: 0.5551 val_loss: 1.1129 val_accuracy: 0.7617
Epoch: 33 loss: 1.1773 accuracy: 0.5402 val_loss: 1.2151 val_accuracy: 0.2336
Epoch: 34 loss: 1.1636 accuracy: 0.5543 val_loss: 1.2100 val_accuracy: 0.2336
Epoch: 35 loss: 1.1477 accuracy: 0.5677 val_loss: 1.0912 val_accuracy: 0.7477
Epoch: 36 loss: 1.1638 accuracy: 0.5454 val_loss: 1.1177 val_accuracy: 0.7477

Epoch 00036: ReduceLROnPlateau reducing learning rate to 5.119999987073243e-05.
Epoch: 37 loss: 1.1505 accuracy: 0.5551 val_loss: 1.1930 val_accuracy: 0.2336
Epoch: 38 loss: 1.1551 accuracy: 0.5476 val_loss: 1.1648 val_accuracy: 0.2336
Epoch: 39 loss: 1.1538 accuracy: 0.5499 val_loss: 1.0855 val_accuracy: 0.7664
Epoch: 40 loss: 1.1522 accuracy: 0.5469 val_loss: 1.0452 val_accuracy: 0.7664
Epoch: 41 loss: 1.1716 accuracy: 0.5387 val_loss: 1.1133 val_accuracy: 0.7664

Epoch 00041: ReduceLROnPlateau reducing learning rate to 4.0960000478662555e-05.
End of augmented training
Finish
Job ended!
