Tue 07 May 2024 11:39:22 AM EDT
Python 3.9.7
nvcc: NVIDIA (R) Cuda compiler driver
Copyright (c) 2005-2019 NVIDIA Corporation
Built on Sun_Jul_28_19:07:16_PDT_2019
Cuda compilation tools, release 10.1, V10.1.243
My SLURM_ARRAY_TASK_ID: 
DB: ['ISIC2016', 'ISIC2020', 'PH2', '_7_point_criteria']
IMG_SIZE: [384, 384]
CLASSIFIER: EfficientNetB5
JOB_INDEX: None
Start training augmented images
Combining...
Combining 1th db out of 4 dbs
Combining 2th db out of 4 dbs
Combining 3th db out of 4 dbs
Combining 4th db out of 4 dbs
Stacking data
Combining complete
Model: "sequential"
_________________________________________________________________
Layer (type)                 Output Shape              Param #   
=================================================================
efficientnetb5 (Functional)  (None, 2048)              28513527  
_________________________________________________________________
dense (Dense)                (None, 512)               1049088   
_________________________________________________________________
dropout (Dropout)            (None, 512)               0         
_________________________________________________________________
batch_normalization (BatchNo (None, 512)               2048      
_________________________________________________________________
dense_1 (Dense)              (None, 256)               131328    
_________________________________________________________________
batch_normalization_1 (Batch (None, 256)               1024      
_________________________________________________________________
dense_2 (Dense)              (None, 2)                 514       
=================================================================
Total params: 29,697,529
Trainable params: 1,182,466
Non-trainable params: 28,515,063
_________________________________________________________________
Fitting ISIC2016+ISIC2020+PH2+_7_point_criteria_aug_EfficientNetB5_384h_384w_None model...
model_name: ISIC2016+ISIC2020+PH2+_7_point_criteria_aug_EfficientNetB5_384h_384w_None
Epoch: 1 loss: 1.1277 accuracy: 0.6763 val_loss: 1.2470 val_accuracy: 0.0444
Epoch: 2 loss: 0.9365 accuracy: 0.7943 val_loss: 0.7274 val_accuracy: 0.9695
Epoch: 3 loss: 0.8805 accuracy: 0.8002 val_loss: 0.6404 val_accuracy: 0.9695
Epoch: 4 loss: 0.8304 accuracy: 0.8014 val_loss: 0.6171 val_accuracy: 0.9695
Epoch: 5 loss: 0.7905 accuracy: 0.7977 val_loss: 0.5451 val_accuracy: 0.9695
Epoch: 6 loss: 0.7478 accuracy: 0.7985 val_loss: 0.5235 val_accuracy: 0.9695
Epoch: 7 loss: 0.7065 accuracy: 0.7993 val_loss: 0.3928 val_accuracy: 0.9695
Epoch: 8 loss: 0.6710 accuracy: 0.8002 val_loss: 0.3965 val_accuracy: 0.9695
Epoch: 9 loss: 0.6417 accuracy: 0.7993 val_loss: 0.3678 val_accuracy: 0.9695
Epoch: 10 loss: 0.6126 accuracy: 0.8025 val_loss: 0.3756 val_accuracy: 0.9695
Epoch: 11 loss: 0.5979 accuracy: 0.7996 val_loss: 0.2330 val_accuracy: 0.9695
Epoch: 12 loss: 0.5823 accuracy: 0.8002 val_loss: 0.3368 val_accuracy: 0.9695
Epoch: 13 loss: 0.5634 accuracy: 0.8046 val_loss: 0.3793 val_accuracy: 0.9695
Epoch: 14 loss: 0.5602 accuracy: 0.8006 val_loss: 0.3643 val_accuracy: 0.9695
Epoch: 15 loss: 0.5479 accuracy: 0.8041 val_loss: 0.2464 val_accuracy: 0.9695
Epoch: 16 loss: 0.5465 accuracy: 0.8009 val_loss: 0.3745 val_accuracy: 0.9695

Epoch 00016: ReduceLROnPlateau reducing learning rate to 7.999999797903001e-05.
Epoch: 17 loss: 0.5383 accuracy: 0.8021 val_loss: 0.3020 val_accuracy: 0.9695
Epoch: 18 loss: 0.5382 accuracy: 0.7996 val_loss: 0.3052 val_accuracy: 0.9695
Epoch: 19 loss: 0.5286 accuracy: 0.8035 val_loss: 0.2997 val_accuracy: 0.9695
Epoch: 20 loss: 0.5297 accuracy: 0.8012 val_loss: 0.2928 val_accuracy: 0.9695
Epoch: 21 loss: 0.5238 accuracy: 0.8034 val_loss: 0.3049 val_accuracy: 0.9695

Epoch 00021: ReduceLROnPlateau reducing learning rate to 6.399999838322402e-05.
End of augmented training
Finish
Job ended!
