Tue 05 Mar 2024 01:51:32 AM EST
Python 3.9.7
nvcc: NVIDIA (R) Cuda compiler driver
Copyright (c) 2005-2019 NVIDIA Corporation
Built on Sun_Jul_28_19:07:16_PDT_2019
Cuda compilation tools, release 10.1, V10.1.243
My SLURM_ARRAY_TASK_ID: 
DB: ['ISIC2016', 'ISIC2018']
IMG_SIZE: [150, 150]
CLASSIFIER: MeshNet
SELF_AUG: 1
JOB_INDEX: None
Combining...
Combining 1 db out of 2 dbs
Combining 2 db out of 2 dbs
Stacking training images
Stacking training labels
Stacking validation images
Stacking validation labels
Model: "sequential"
_________________________________________________________________
Layer (type)                 Output Shape              Param #   
=================================================================
conv2d (Conv2D)              (None, 150, 150, 256)     7168      
_________________________________________________________________
activation (Activation)      (None, 150, 150, 256)     0         
_________________________________________________________________
dropout (Dropout)            (None, 150, 150, 256)     0         
_________________________________________________________________
batch_normalization (BatchNo (None, 150, 150, 256)     1024      
_________________________________________________________________
conv2d_1 (Conv2D)            (None, 150, 150, 128)     295040    
_________________________________________________________________
activation_1 (Activation)    (None, 150, 150, 128)     0         
_________________________________________________________________
dropout_1 (Dropout)          (None, 150, 150, 128)     0         
_________________________________________________________________
batch_normalization_1 (Batch (None, 150, 150, 128)     512       
_________________________________________________________________
conv2d_2 (Conv2D)            (None, 150, 150, 128)     147584    
_________________________________________________________________
activation_2 (Activation)    (None, 150, 150, 128)     0         
_________________________________________________________________
dropout_2 (Dropout)          (None, 150, 150, 128)     0         
_________________________________________________________________
batch_normalization_2 (Batch (None, 150, 150, 128)     512       
_________________________________________________________________
conv2d_3 (Conv2D)            (None, 150, 150, 128)     147584    
_________________________________________________________________
activation_3 (Activation)    (None, 150, 150, 128)     0         
_________________________________________________________________
dropout_3 (Dropout)          (None, 150, 150, 128)     0         
_________________________________________________________________
batch_normalization_3 (Batch (None, 150, 150, 128)     512       
_________________________________________________________________
conv2d_4 (Conv2D)            (None, 150, 150, 128)     147584    
_________________________________________________________________
activation_4 (Activation)    (None, 150, 150, 128)     0         
_________________________________________________________________
dropout_4 (Dropout)          (None, 150, 150, 128)     0         
_________________________________________________________________
batch_normalization_4 (Batch (None, 150, 150, 128)     512       
_________________________________________________________________
conv2d_5 (Conv2D)            (None, 150, 150, 128)     147584    
_________________________________________________________________
activation_5 (Activation)    (None, 150, 150, 128)     0         
_________________________________________________________________
dropout_5 (Dropout)          (None, 150, 150, 128)     0         
_________________________________________________________________
batch_normalization_5 (Batch (None, 150, 150, 128)     512       
_________________________________________________________________
conv2d_6 (Conv2D)            (None, 150, 150, 64)      73792     
_________________________________________________________________
activation_6 (Activation)    (None, 150, 150, 64)      0         
_________________________________________________________________
dropout_6 (Dropout)          (None, 150, 150, 64)      0         
_________________________________________________________________
batch_normalization_6 (Batch (None, 150, 150, 64)      256       
_________________________________________________________________
conv2d_7 (Conv2D)            (None, 150, 150, 64)      36928     
_________________________________________________________________
global_max_pooling2d (Global (None, 64)                0         
_________________________________________________________________
dense (Dense)                (None, 2)                 130       
=================================================================
Total params: 1,007,234
Trainable params: 1,005,314
Non-trainable params: 1,920
_________________________________________________________________
Fitting ISIC2016+ISIC2018_aug_MeshNet_150h_150w_None model...
model_name: ISIC2016+ISIC2018_aug_MeshNet_150h_150w_None
Epoch: 1 loss: 0.5702 accuracy: 0.7073 val_loss: 1.7411 val_accuracy: 0.2493
Epoch: 2 loss: 0.4964 accuracy: 0.7535 val_loss: 0.8726 val_accuracy: 0.4853
Epoch: 3 loss: 0.4626 accuracy: 0.7778 val_loss: 0.6693 val_accuracy: 0.6354
Epoch: 4 loss: 0.4479 accuracy: 0.7864 val_loss: 0.7439 val_accuracy: 0.6059
Epoch: 5 loss: 0.4303 accuracy: 0.8021 val_loss: 0.7605 val_accuracy: 0.6220
Epoch: 6 loss: 0.4225 accuracy: 0.8028 val_loss: 0.5916 val_accuracy: 0.6971
Epoch: 7 loss: 0.4138 accuracy: 0.8101 val_loss: 0.6273 val_accuracy: 0.7051
Epoch: 8 loss: 0.3999 accuracy: 0.8175 val_loss: 0.6838 val_accuracy: 0.6193
Epoch: 9 loss: 0.3949 accuracy: 0.8191 val_loss: 0.6104 val_accuracy: 0.6702
Epoch: 10 loss: 0.3924 accuracy: 0.8198 val_loss: 0.5518 val_accuracy: 0.6863
Epoch: 11 loss: 0.3892 accuracy: 0.8224 val_loss: 0.5108 val_accuracy: 0.7319
Epoch: 12 loss: 0.3870 accuracy: 0.8236 val_loss: 0.5291 val_accuracy: 0.7185
Epoch: 13 loss: 0.3792 accuracy: 0.8271 val_loss: 0.5601 val_accuracy: 0.7078
Epoch: 14 loss: 0.3725 accuracy: 0.8347 val_loss: 0.5139 val_accuracy: 0.7507
Epoch: 15 loss: 0.3684 accuracy: 0.8341 val_loss: 0.6566 val_accuracy: 0.6595
Epoch: 16 loss: 0.3669 accuracy: 0.8316 val_loss: 0.4965 val_accuracy: 0.7694
Epoch: 17 loss: 0.3605 accuracy: 0.8355 val_loss: 0.4135 val_accuracy: 0.8177
Epoch: 18 loss: 0.3563 accuracy: 0.8382 val_loss: 0.5020 val_accuracy: 0.7668
Epoch: 19 loss: 0.3496 accuracy: 0.8421 val_loss: 0.5420 val_accuracy: 0.7185
Epoch: 20 loss: 0.3490 accuracy: 0.8410 val_loss: 0.4776 val_accuracy: 0.7560
Job ended!
