Tue 05 Mar 2024 03:35:20 AM EST
Python 3.9.7
nvcc: NVIDIA (R) Cuda compiler driver
Copyright (c) 2005-2019 NVIDIA Corporation
Built on Sun_Jul_28_19:07:16_PDT_2019
Cuda compilation tools, release 10.1, V10.1.243
My SLURM_ARRAY_TASK_ID: 
DB: ['ISIC2019']
IMG_SIZE: [150, 150]
CLASSIFIER: MeshNet
SELF_AUG: 1
JOB_INDEX: None
Combining...
Combining 1 db out of 1 dbs
Stacking training images
Stacking training labels
Stacking validation images
Stacking validation labels
Model: "sequential"
_________________________________________________________________
Layer (type)                 Output Shape              Param #   
=================================================================
conv2d (Conv2D)              (None, 150, 150, 256)     7168      
_________________________________________________________________
activation (Activation)      (None, 150, 150, 256)     0         
_________________________________________________________________
dropout (Dropout)            (None, 150, 150, 256)     0         
_________________________________________________________________
batch_normalization (BatchNo (None, 150, 150, 256)     1024      
_________________________________________________________________
conv2d_1 (Conv2D)            (None, 150, 150, 128)     295040    
_________________________________________________________________
activation_1 (Activation)    (None, 150, 150, 128)     0         
_________________________________________________________________
dropout_1 (Dropout)          (None, 150, 150, 128)     0         
_________________________________________________________________
batch_normalization_1 (Batch (None, 150, 150, 128)     512       
_________________________________________________________________
conv2d_2 (Conv2D)            (None, 150, 150, 128)     147584    
_________________________________________________________________
activation_2 (Activation)    (None, 150, 150, 128)     0         
_________________________________________________________________
dropout_2 (Dropout)          (None, 150, 150, 128)     0         
_________________________________________________________________
batch_normalization_2 (Batch (None, 150, 150, 128)     512       
_________________________________________________________________
conv2d_3 (Conv2D)            (None, 150, 150, 128)     147584    
_________________________________________________________________
activation_3 (Activation)    (None, 150, 150, 128)     0         
_________________________________________________________________
dropout_3 (Dropout)          (None, 150, 150, 128)     0         
_________________________________________________________________
batch_normalization_3 (Batch (None, 150, 150, 128)     512       
_________________________________________________________________
conv2d_4 (Conv2D)            (None, 150, 150, 128)     147584    
_________________________________________________________________
activation_4 (Activation)    (None, 150, 150, 128)     0         
_________________________________________________________________
dropout_4 (Dropout)          (None, 150, 150, 128)     0         
_________________________________________________________________
batch_normalization_4 (Batch (None, 150, 150, 128)     512       
_________________________________________________________________
conv2d_5 (Conv2D)            (None, 150, 150, 128)     147584    
_________________________________________________________________
activation_5 (Activation)    (None, 150, 150, 128)     0         
_________________________________________________________________
dropout_5 (Dropout)          (None, 150, 150, 128)     0         
_________________________________________________________________
batch_normalization_5 (Batch (None, 150, 150, 128)     512       
_________________________________________________________________
conv2d_6 (Conv2D)            (None, 150, 150, 64)      73792     
_________________________________________________________________
activation_6 (Activation)    (None, 150, 150, 64)      0         
_________________________________________________________________
dropout_6 (Dropout)          (None, 150, 150, 64)      0         
_________________________________________________________________
batch_normalization_6 (Batch (None, 150, 150, 64)      256       
_________________________________________________________________
conv2d_7 (Conv2D)            (None, 150, 150, 64)      36928     
_________________________________________________________________
global_max_pooling2d (Global (None, 64)                0         
_________________________________________________________________
dense (Dense)                (None, 2)                 130       
=================================================================
Total params: 1,007,234
Trainable params: 1,005,314
Non-trainable params: 1,920
_________________________________________________________________
Fitting ISIC2019_aug_MeshNet_150h_150w_None model...
model_name: ISIC2019_aug_MeshNet_150h_150w_None
Epoch: 1 loss: 0.6592 accuracy: 0.6473 val_loss: 0.8923 val_accuracy: 0.4831
Epoch: 2 loss: 0.5763 accuracy: 0.7055 val_loss: 0.6535 val_accuracy: 0.6142
Epoch: 3 loss: 0.5464 accuracy: 0.7283 val_loss: 0.5491 val_accuracy: 0.7119
Epoch: 4 loss: 0.5283 accuracy: 0.7423 val_loss: 0.5095 val_accuracy: 0.7503
Epoch: 5 loss: 0.5159 accuracy: 0.7489 val_loss: 0.4827 val_accuracy: 0.7626
Epoch: 6 loss: 0.5086 accuracy: 0.7557 val_loss: 0.5206 val_accuracy: 0.7407
Epoch: 7 loss: 0.5021 accuracy: 0.7555 val_loss: 0.4438 val_accuracy: 0.7916
Epoch: 8 loss: 0.4908 accuracy: 0.7661 val_loss: 0.4651 val_accuracy: 0.7786
Epoch: 9 loss: 0.4858 accuracy: 0.7658 val_loss: 0.4680 val_accuracy: 0.7782
Epoch: 10 loss: 0.4809 accuracy: 0.7709 val_loss: 0.4844 val_accuracy: 0.7661
Epoch: 11 loss: 0.4794 accuracy: 0.7686 val_loss: 0.4540 val_accuracy: 0.7845
Epoch: 12 loss: 0.4730 accuracy: 0.7753 val_loss: 0.4392 val_accuracy: 0.7983
Epoch: 13 loss: 0.4685 accuracy: 0.7787 val_loss: 0.4351 val_accuracy: 0.7983
Epoch: 14 loss: 0.4656 accuracy: 0.7806 val_loss: 0.4247 val_accuracy: 0.8017
Epoch: 15 loss: 0.4622 accuracy: 0.7808 val_loss: 0.4709 val_accuracy: 0.7711
Epoch: 16 loss: 0.4584 accuracy: 0.7849 val_loss: 0.4982 val_accuracy: 0.7533
Epoch: 17 loss: 0.4526 accuracy: 0.7871 val_loss: 0.4829 val_accuracy: 0.7630
Epoch: 18 loss: 0.4481 accuracy: 0.7890 val_loss: 0.5286 val_accuracy: 0.7326
Epoch: 19 loss: 0.4443 accuracy: 0.7925 val_loss: 0.4444 val_accuracy: 0.7902
Epoch: 20 loss: 0.4395 accuracy: 0.7949 val_loss: 0.4920 val_accuracy: 0.7541
Job ended!
