Thu 29 Feb 2024 11:46:24 AM EST
Python 3.9.7
nvcc: NVIDIA (R) Cuda compiler driver
Copyright (c) 2005-2019 NVIDIA Corporation
Built on Sun_Jul_28_19:07:16_PDT_2019
Cuda compilation tools, release 10.1, V10.1.243
My SLURM_ARRAY_TASK_ID: 
DB: ['ISIC2016', 'ISIC2017', 'ISIC2018', 'ISIC2019', 'ISIC2020', 'PAD_UFES_20', 'MEDNODE']
IMG_SIZE: [150, 150]
CLASSIFIER: DenseNet121
SELF_AUG: 1
JOB_INDEX: None
Combining...
Combining 1 db out of 7 dbs
Combining 2 db out of 7 dbs
Combining 3 db out of 7 dbs
Combining 4 db out of 7 dbs
Combining 5 db out of 7 dbs
Combining 6 db out of 7 dbs
Combining 7 db out of 7 dbs
Stacking training images
Stacking training labels
Stacking validation images
Stacking validation labels
Model: "sequential"
_________________________________________________________________
Layer (type)                 Output Shape              Param #   
=================================================================
densenet121 (Functional)     (None, 1024)              7037504   
_________________________________________________________________
dense (Dense)                (None, 512)               524800    
_________________________________________________________________
dropout (Dropout)            (None, 512)               0         
_________________________________________________________________
batch_normalization (BatchNo (None, 512)               2048      
_________________________________________________________________
dense_1 (Dense)              (None, 256)               131328    
_________________________________________________________________
dropout_1 (Dropout)          (None, 256)               0         
_________________________________________________________________
batch_normalization_1 (Batch (None, 256)               1024      
_________________________________________________________________
dense_2 (Dense)              (None, 2)                 514       
=================================================================
Total params: 7,697,218
Trainable params: 658,178
Non-trainable params: 7,039,040
_________________________________________________________________
Fitting ISIC2016+ISIC2017+ISIC2018+ISIC2019+ISIC2020+PAD_UFES_20+MEDNODE_aug_DenseNet121_150h_150w_None model...
model_name: ISIC2016+ISIC2017+ISIC2018+ISIC2019+ISIC2020+PAD_UFES_20+MEDNODE_aug_DenseNet121_150h_150w_None
Epoch: 1 loss: 0.4712 accuracy: 0.7842 val_loss: 0.2124 val_accuracy: 0.9253
Epoch: 2 loss: 0.3828 accuracy: 0.8236 val_loss: 0.1998 val_accuracy: 0.9268
Epoch: 3 loss: 0.3579 accuracy: 0.8352 val_loss: 0.1976 val_accuracy: 0.9281
Epoch: 4 loss: 0.3429 accuracy: 0.8429 val_loss: 0.1890 val_accuracy: 0.9312
Epoch: 5 loss: 0.3328 accuracy: 0.8477 val_loss: 0.1841 val_accuracy: 0.9324
Epoch: 6 loss: 0.3231 accuracy: 0.8531 val_loss: 0.1817 val_accuracy: 0.9321
Epoch: 7 loss: 0.3157 accuracy: 0.8565 val_loss: 0.1860 val_accuracy: 0.9327
Epoch: 8 loss: 0.3094 accuracy: 0.8603 val_loss: 0.1783 val_accuracy: 0.9353
Epoch: 9 loss: 0.3037 accuracy: 0.8623 val_loss: 0.1778 val_accuracy: 0.9337
Epoch: 10 loss: 0.2982 accuracy: 0.8654 val_loss: 0.1767 val_accuracy: 0.9358
Epoch: 11 loss: 0.2895 accuracy: 0.8698 val_loss: 0.1760 val_accuracy: 0.9356
Epoch: 12 loss: 0.2844 accuracy: 0.8713 val_loss: 0.1792 val_accuracy: 0.9356
Epoch: 13 loss: 0.2800 accuracy: 0.8747 val_loss: 0.1706 val_accuracy: 0.9386
Epoch: 14 loss: 0.2728 accuracy: 0.8776 val_loss: 0.1729 val_accuracy: 0.9363
Epoch: 15 loss: 0.2662 accuracy: 0.8816 val_loss: 0.1762 val_accuracy: 0.9387
Epoch: 16 loss: 0.2623 accuracy: 0.8832 val_loss: 0.1709 val_accuracy: 0.9381
Epoch: 17 loss: 0.2575 accuracy: 0.8859 val_loss: 0.1697 val_accuracy: 0.9415
Epoch: 18 loss: 0.2540 accuracy: 0.8872 val_loss: 0.1721 val_accuracy: 0.9395
Epoch: 19 loss: 0.2490 accuracy: 0.8899 val_loss: 0.1773 val_accuracy: 0.9377
Epoch: 20 loss: 0.2440 accuracy: 0.8925 val_loss: 0.1799 val_accuracy: 0.9346
Job ended!
