2024-02-27 01:23:37.161286: I tensorflow/stream_executor/platform/default/dso_loader.cc:53] Successfully opened dynamic library libcudart.so.11.0
2024-02-27 01:23:47.297194: I tensorflow/stream_executor/platform/default/dso_loader.cc:53] Successfully opened dynamic library libcuda.so.1
2024-02-27 01:23:47.422002: I tensorflow/core/common_runtime/gpu/gpu_device.cc:1733] Found device 0 with properties: 
pciBusID: 0000:07:00.0 name: A100-SXM4-40GB computeCapability: 8.0
coreClock: 1.41GHz coreCount: 108 deviceMemorySize: 39.59GiB deviceMemoryBandwidth: 1.41TiB/s
2024-02-27 01:23:47.422080: I tensorflow/stream_executor/platform/default/dso_loader.cc:53] Successfully opened dynamic library libcudart.so.11.0
2024-02-27 01:23:47.426887: I tensorflow/stream_executor/platform/default/dso_loader.cc:53] Successfully opened dynamic library libcublas.so.11
2024-02-27 01:23:47.426943: I tensorflow/stream_executor/platform/default/dso_loader.cc:53] Successfully opened dynamic library libcublasLt.so.11
2024-02-27 01:23:47.428444: I tensorflow/stream_executor/platform/default/dso_loader.cc:53] Successfully opened dynamic library libcufft.so.10
2024-02-27 01:23:47.429423: I tensorflow/stream_executor/platform/default/dso_loader.cc:53] Successfully opened dynamic library libcurand.so.10
2024-02-27 01:23:47.430462: I tensorflow/stream_executor/platform/default/dso_loader.cc:53] Successfully opened dynamic library libcusolver.so.11
2024-02-27 01:23:47.432041: I tensorflow/stream_executor/platform/default/dso_loader.cc:53] Successfully opened dynamic library libcusparse.so.11
2024-02-27 01:23:47.433072: I tensorflow/stream_executor/platform/default/dso_loader.cc:53] Successfully opened dynamic library libcudnn.so.8
2024-02-27 01:23:47.438376: I tensorflow/core/common_runtime/gpu/gpu_device.cc:1871] Adding visible gpu devices: 0
2024-02-27 01:23:47.438757: I tensorflow/core/platform/cpu_feature_guard.cc:142] This TensorFlow binary is optimized with oneAPI Deep Neural Network Library (oneDNN) to use the following CPU instructions in performance-critical operations:  AVX2 FMA
To enable them in other operations, rebuild TensorFlow with the appropriate compiler flags.
2024-02-27 01:23:47.441631: I tensorflow/core/common_runtime/gpu/gpu_device.cc:1733] Found device 0 with properties: 
pciBusID: 0000:07:00.0 name: A100-SXM4-40GB computeCapability: 8.0
coreClock: 1.41GHz coreCount: 108 deviceMemorySize: 39.59GiB deviceMemoryBandwidth: 1.41TiB/s
2024-02-27 01:23:47.446633: I tensorflow/core/common_runtime/gpu/gpu_device.cc:1871] Adding visible gpu devices: 0
2024-02-27 01:23:47.446677: I tensorflow/stream_executor/platform/default/dso_loader.cc:53] Successfully opened dynamic library libcudart.so.11.0
2024-02-27 01:23:47.949255: I tensorflow/core/common_runtime/gpu/gpu_device.cc:1258] Device interconnect StreamExecutor with strength 1 edge matrix:
2024-02-27 01:23:47.949313: I tensorflow/core/common_runtime/gpu/gpu_device.cc:1264]      0 
2024-02-27 01:23:47.949329: I tensorflow/core/common_runtime/gpu/gpu_device.cc:1277] 0:   N 
2024-02-27 01:23:47.956910: I tensorflow/core/common_runtime/gpu/gpu_device.cc:1418] Created TensorFlow device (/job:localhost/replica:0/task:0/device:GPU:0 with 38425 MB memory) -> physical GPU (device: 0, name: A100-SXM4-40GB, pci bus id: 0000:07:00.0, compute capability: 8.0)
2024-02-27 01:23:50.462163: I tensorflow/compiler/mlir/mlir_graph_optimization_pass.cc:176] None of the MLIR Optimization Passes are enabled (registered 2)
2024-02-27 01:23:50.483167: I tensorflow/core/platform/profile_utils/cpu_utils.cc:114] CPU Frequency: 2245720000 Hz
2024-02-27 01:23:54.867483: I tensorflow/stream_executor/platform/default/dso_loader.cc:53] Successfully opened dynamic library libcudnn.so.8
2024-02-27 01:23:55.506560: I tensorflow/stream_executor/cuda/cuda_dnn.cc:359] Loaded cuDNN version 8201
2024-02-27 01:23:56.170660: W tensorflow/stream_executor/gpu/asm_compiler.cc:191] Falling back to the CUDA driver for PTX compilation; ptxas does not support CC 8.0
2024-02-27 01:23:56.170693: W tensorflow/stream_executor/gpu/asm_compiler.cc:194] Used ptxas at ptxas
2024-02-27 01:23:56.170779: W tensorflow/stream_executor/gpu/redzone_allocator.cc:314] Unimplemented: ptxas ptxas too old. Falling back to the driver to compile.
Relying on driver to perform ptx compilation. 
Modify $PATH to customize ptxas location.
This message will be only logged once.
2024-02-27 01:23:56.196666: I tensorflow/stream_executor/platform/default/dso_loader.cc:53] Successfully opened dynamic library libcublas.so.11
2024-02-27 01:23:56.930695: I tensorflow/stream_executor/platform/default/dso_loader.cc:53] Successfully opened dynamic library libcublasLt.so.11
2024-02-27 01:23:58.802080: I tensorflow/stream_executor/cuda/cuda_blas.cc:1838] TensorFloat-32 will be used for the matrix multiplication. This will only be logged once.
