Mon 26 Feb 2024 07:15:33 PM EST
Python 3.9.7
nvcc: NVIDIA (R) Cuda compiler driver
Copyright (c) 2005-2019 NVIDIA Corporation
Built on Sun_Jul_28_19:07:16_PDT_2019
Cuda compilation tools, release 10.1, V10.1.243
My SLURM_ARRAY_TASK_ID:  1
DB: ['ISIC2016', 'ISIC2017', 'ISIC2018', 'ISIC2019', '_7_point_criteria', 'PAD_UFES_20']
IMG_SIZE: [150, 150]
CLASSIFIER: DenseNet121
SELF_AUG: 0
JOB_INDEX: 1
Combining...
Combining 1 db out of 6 dbs
Combining 2 db out of 6 dbs
Combining 3 db out of 6 dbs
Combining 4 db out of 6 dbs
Combining 5 db out of 6 dbs
Combining 6 db out of 6 dbs
Stacking training images
Stacking training labels
Stacking validation images
Stacking validation labels
Model: "sequential"
_________________________________________________________________
Layer (type)                 Output Shape              Param #   
=================================================================
densenet121 (Functional)     (None, 1024)              7037504   
_________________________________________________________________
dense (Dense)                (None, 512)               524800    
_________________________________________________________________
dropout (Dropout)            (None, 512)               0         
_________________________________________________________________
batch_normalization (BatchNo (None, 512)               2048      
_________________________________________________________________
dense_1 (Dense)              (None, 256)               131328    
_________________________________________________________________
dropout_1 (Dropout)          (None, 256)               0         
_________________________________________________________________
batch_normalization_1 (Batch (None, 256)               1024      
_________________________________________________________________
dense_2 (Dense)              (None, 2)                 514       
=================================================================
Total params: 7,697,218
Trainable params: 658,178
Non-trainable params: 7,039,040
_________________________________________________________________
Fitting ISIC2016+ISIC2017+ISIC2018+ISIC2019+_7_point_criteria+PAD_UFES_20_noaug_DenseNet121_150h_150w_1 model...
model_name: ISIC2016+ISIC2017+ISIC2018+ISIC2019+_7_point_criteria+PAD_UFES_20_noaug_DenseNet121_150h_150w_1
Epoch: 1 loss: 0.5817 accuracy: 0.7196 val_loss: 0.4007 val_accuracy: 0.8388
Epoch: 2 loss: 0.4343 accuracy: 0.8225 val_loss: 0.3903 val_accuracy: 0.8426
Epoch: 3 loss: 0.4117 accuracy: 0.8348 val_loss: 0.3991 val_accuracy: 0.8420
Epoch: 4 loss: 0.3985 accuracy: 0.8421 val_loss: 0.3860 val_accuracy: 0.8425
Epoch: 5 loss: 0.3815 accuracy: 0.8472 val_loss: 0.3910 val_accuracy: 0.8407
Epoch: 6 loss: 0.3758 accuracy: 0.8479 val_loss: 0.3733 val_accuracy: 0.8450
Epoch: 7 loss: 0.3711 accuracy: 0.8504 val_loss: 0.3745 val_accuracy: 0.8447
Epoch: 8 loss: 0.3661 accuracy: 0.8520 val_loss: 0.3782 val_accuracy: 0.8462
Epoch: 9 loss: 0.3642 accuracy: 0.8534 val_loss: 0.3681 val_accuracy: 0.8481
Epoch: 10 loss: 0.3617 accuracy: 0.8524 val_loss: 0.3749 val_accuracy: 0.8446
Epoch: 11 loss: 0.3579 accuracy: 0.8529 val_loss: 0.3715 val_accuracy: 0.8446
Epoch: 12 loss: 0.3580 accuracy: 0.8549 val_loss: 0.3644 val_accuracy: 0.8479
Epoch: 13 loss: 0.3562 accuracy: 0.8543 val_loss: 0.3612 val_accuracy: 0.8510
Epoch: 14 loss: 0.3531 accuracy: 0.8556 val_loss: 0.3668 val_accuracy: 0.8476
Epoch: 15 loss: 0.3552 accuracy: 0.8550 val_loss: 0.3663 val_accuracy: 0.8481
Epoch: 16 loss: 0.3536 accuracy: 0.8561 val_loss: 0.3635 val_accuracy: 0.8487
Epoch: 17 loss: 0.3480 accuracy: 0.8556 val_loss: 0.3626 val_accuracy: 0.8514
Epoch: 18 loss: 0.3492 accuracy: 0.8573 val_loss: 0.3574 val_accuracy: 0.8532
Epoch: 19 loss: 0.3480 accuracy: 0.8563 val_loss: 0.3588 val_accuracy: 0.8500
Epoch: 20 loss: 0.3467 accuracy: 0.8566 val_loss: 0.3622 val_accuracy: 0.8516
Job ended!
