Tue 27 Feb 2024 01:22:55 AM EST
Python 3.9.7
nvcc: NVIDIA (R) Cuda compiler driver
Copyright (c) 2005-2019 NVIDIA Corporation
Built on Sun_Jul_28_19:07:16_PDT_2019
Cuda compilation tools, release 10.1, V10.1.243
My SLURM_ARRAY_TASK_ID: 
DB: ['ISIC2018']
IMG_SIZE: [150, 150]
CLASSIFIER: DenseNet121
SELF_AUG: 1
JOB_INDEX: None
Combining...
Combining 1 db out of 1 dbs
Stacking training images
Stacking training labels
Stacking validation images
Stacking validation labels
Model: "sequential"
_________________________________________________________________
Layer (type)                 Output Shape              Param #   
=================================================================
densenet121 (Functional)     (None, 1024)              7037504   
_________________________________________________________________
dense (Dense)                (None, 512)               524800    
_________________________________________________________________
dropout (Dropout)            (None, 512)               0         
_________________________________________________________________
batch_normalization (BatchNo (None, 512)               2048      
_________________________________________________________________
dense_1 (Dense)              (None, 256)               131328    
_________________________________________________________________
dropout_1 (Dropout)          (None, 256)               0         
_________________________________________________________________
batch_normalization_1 (Batch (None, 256)               1024      
_________________________________________________________________
dense_2 (Dense)              (None, 2)                 514       
=================================================================
Total params: 7,697,218
Trainable params: 658,178
Non-trainable params: 7,039,040
_________________________________________________________________
Fitting ISIC2018_aug_DenseNet121_150h_150w_None model...
model_name: ISIC2018_aug_DenseNet121_150h_150w_None
Epoch: 1 loss: 0.6941 accuracy: 0.6576 val_loss: 0.5839 val_accuracy: 0.8238
Epoch: 2 loss: 0.5699 accuracy: 0.7236 val_loss: 0.3628 val_accuracy: 0.8446
Epoch: 3 loss: 0.5339 accuracy: 0.7421 val_loss: 0.3892 val_accuracy: 0.8290
Epoch: 4 loss: 0.5077 accuracy: 0.7545 val_loss: 0.3377 val_accuracy: 0.8653
Epoch: 5 loss: 0.4983 accuracy: 0.7579 val_loss: 0.3132 val_accuracy: 0.8860
Epoch: 6 loss: 0.4852 accuracy: 0.7645 val_loss: 0.3585 val_accuracy: 0.8497
Epoch: 7 loss: 0.4626 accuracy: 0.7789 val_loss: 0.3891 val_accuracy: 0.8342
Epoch: 8 loss: 0.4578 accuracy: 0.7803 val_loss: 0.3049 val_accuracy: 0.8497
Epoch: 9 loss: 0.4405 accuracy: 0.7860 val_loss: 0.2907 val_accuracy: 0.8860
Epoch: 10 loss: 0.4397 accuracy: 0.7868 val_loss: 0.3272 val_accuracy: 0.8756
Epoch: 11 loss: 0.4288 accuracy: 0.7944 val_loss: 0.3029 val_accuracy: 0.8964
Epoch: 12 loss: 0.4202 accuracy: 0.7992 val_loss: 0.3066 val_accuracy: 0.8912
Epoch: 13 loss: 0.4137 accuracy: 0.8043 val_loss: 0.2954 val_accuracy: 0.8912
Epoch: 14 loss: 0.4143 accuracy: 0.8065 val_loss: 0.3109 val_accuracy: 0.8756
Epoch: 15 loss: 0.4045 accuracy: 0.8118 val_loss: 0.2850 val_accuracy: 0.8964
Epoch: 16 loss: 0.4052 accuracy: 0.8120 val_loss: 0.3129 val_accuracy: 0.8549
Epoch: 17 loss: 0.3981 accuracy: 0.8182 val_loss: 0.2922 val_accuracy: 0.8964
Epoch: 18 loss: 0.3971 accuracy: 0.8174 val_loss: 0.3233 val_accuracy: 0.8808
Epoch: 19 loss: 0.3949 accuracy: 0.8170 val_loss: 0.3071 val_accuracy: 0.8912
Epoch: 20 loss: 0.3909 accuracy: 0.8202 val_loss: 0.3369 val_accuracy: 0.8653
Job ended!
