Tue 27 Feb 2024 01:21:45 AM EST
Python 3.9.7
nvcc: NVIDIA (R) Cuda compiler driver
Copyright (c) 2005-2019 NVIDIA Corporation
Built on Sun_Jul_28_19:07:16_PDT_2019
Cuda compilation tools, release 10.1, V10.1.243
My SLURM_ARRAY_TASK_ID: 
DB: ['ISIC2016', 'PH2', '_7_point_criteria', 'PAD_UFES_20']
IMG_SIZE: [150, 150]
CLASSIFIER: DenseNet121
SELF_AUG: 1
JOB_INDEX: None
Combining...
Combining 1 db out of 4 dbs
Combining 2 db out of 4 dbs
Combining 3 db out of 4 dbs
Combining 4 db out of 4 dbs
Stacking training images
Stacking training labels
Stacking validation images
Stacking validation labels
Model: "sequential"
_________________________________________________________________
Layer (type)                 Output Shape              Param #   
=================================================================
densenet121 (Functional)     (None, 1024)              7037504   
_________________________________________________________________
dense (Dense)                (None, 512)               524800    
_________________________________________________________________
dropout (Dropout)            (None, 512)               0         
_________________________________________________________________
batch_normalization (BatchNo (None, 512)               2048      
_________________________________________________________________
dense_1 (Dense)              (None, 256)               131328    
_________________________________________________________________
dropout_1 (Dropout)          (None, 256)               0         
_________________________________________________________________
batch_normalization_1 (Batch (None, 256)               1024      
_________________________________________________________________
dense_2 (Dense)              (None, 2)                 514       
=================================================================
Total params: 7,697,218
Trainable params: 658,178
Non-trainable params: 7,039,040
_________________________________________________________________
Fitting ISIC2016+PH2+_7_point_criteria+PAD_UFES_20_aug_DenseNet121_150h_150w_None model...
model_name: ISIC2016+PH2+_7_point_criteria+PAD_UFES_20_aug_DenseNet121_150h_150w_None
Epoch: 1 loss: 0.8188 accuracy: 0.5773 val_loss: 0.4947 val_accuracy: 0.8743
Epoch: 2 loss: 0.6866 accuracy: 0.6497 val_loss: 0.4038 val_accuracy: 0.8743
Epoch: 3 loss: 0.6342 accuracy: 0.6851 val_loss: 0.3841 val_accuracy: 0.8743
Epoch: 4 loss: 0.6007 accuracy: 0.7073 val_loss: 0.3999 val_accuracy: 0.8683
Epoch: 5 loss: 0.5810 accuracy: 0.7271 val_loss: 0.4195 val_accuracy: 0.8102
Epoch: 6 loss: 0.5677 accuracy: 0.7316 val_loss: 0.4104 val_accuracy: 0.8553
Epoch: 7 loss: 0.5654 accuracy: 0.7305 val_loss: 0.4063 val_accuracy: 0.8493
Epoch: 8 loss: 0.5487 accuracy: 0.7489 val_loss: 0.3869 val_accuracy: 0.8671
Epoch: 9 loss: 0.5494 accuracy: 0.7457 val_loss: 0.4024 val_accuracy: 0.8636
Epoch: 10 loss: 0.5361 accuracy: 0.7519 val_loss: 0.3403 val_accuracy: 0.8707
Epoch: 11 loss: 0.5432 accuracy: 0.7527 val_loss: 0.3796 val_accuracy: 0.8648
Epoch: 12 loss: 0.5338 accuracy: 0.7485 val_loss: 0.3751 val_accuracy: 0.8624
Epoch: 13 loss: 0.5219 accuracy: 0.7634 val_loss: 0.3797 val_accuracy: 0.8588
Epoch: 14 loss: 0.5251 accuracy: 0.7536 val_loss: 0.3352 val_accuracy: 0.8731
Epoch: 15 loss: 0.5098 accuracy: 0.7642 val_loss: 0.3849 val_accuracy: 0.8636
Epoch: 16 loss: 0.5107 accuracy: 0.7657 val_loss: 0.4013 val_accuracy: 0.8565
Epoch: 17 loss: 0.5044 accuracy: 0.7676 val_loss: 0.4028 val_accuracy: 0.8671
Epoch: 18 loss: 0.5056 accuracy: 0.7683 val_loss: 0.3437 val_accuracy: 0.8671
Epoch: 19 loss: 0.4980 accuracy: 0.7651 val_loss: 0.3602 val_accuracy: 0.8577
Epoch: 20 loss: 0.5038 accuracy: 0.7694 val_loss: 0.3343 val_accuracy: 0.8671
Job ended!
