Mon 26 Feb 2024 08:17:22 PM EST
Python 3.9.7
nvcc: NVIDIA (R) Cuda compiler driver
Copyright (c) 2005-2019 NVIDIA Corporation
Built on Sun_Jul_28_19:07:16_PDT_2019
Cuda compilation tools, release 10.1, V10.1.243
My SLURM_ARRAY_TASK_ID:  1
DB: ['ISIC2016', 'ISIC2017', 'ISIC2018', 'PAD_UFES_20', 'MEDNODE']
IMG_SIZE: [150, 150]
CLASSIFIER: DenseNet121
SELF_AUG: 0
JOB_INDEX: 1
Combining...
Combining 1 db out of 5 dbs
Combining 2 db out of 5 dbs
Combining 3 db out of 5 dbs
Combining 4 db out of 5 dbs
Combining 5 db out of 5 dbs
Stacking training images
Stacking training labels
Stacking validation images
Stacking validation labels
Model: "sequential"
_________________________________________________________________
Layer (type)                 Output Shape              Param #   
=================================================================
densenet121 (Functional)     (None, 1024)              7037504   
_________________________________________________________________
dense (Dense)                (None, 512)               524800    
_________________________________________________________________
dropout (Dropout)            (None, 512)               0         
_________________________________________________________________
batch_normalization (BatchNo (None, 512)               2048      
_________________________________________________________________
dense_1 (Dense)              (None, 256)               131328    
_________________________________________________________________
dropout_1 (Dropout)          (None, 256)               0         
_________________________________________________________________
batch_normalization_1 (Batch (None, 256)               1024      
_________________________________________________________________
dense_2 (Dense)              (None, 2)                 514       
=================================================================
Total params: 7,697,218
Trainable params: 658,178
Non-trainable params: 7,039,040
_________________________________________________________________
Fitting ISIC2016+ISIC2017+ISIC2018+PAD_UFES_20+MEDNODE_noaug_DenseNet121_150h_150w_1 model...
model_name: ISIC2016+ISIC2017+ISIC2018+PAD_UFES_20+MEDNODE_noaug_DenseNet121_150h_150w_1
Epoch: 1 loss: 0.6818 accuracy: 0.6468 val_loss: 0.3591 val_accuracy: 0.8948
Epoch: 2 loss: 0.4706 accuracy: 0.7994 val_loss: 0.3178 val_accuracy: 0.8968
Epoch: 3 loss: 0.4024 accuracy: 0.8488 val_loss: 0.3282 val_accuracy: 0.8869
Epoch: 4 loss: 0.3731 accuracy: 0.8643 val_loss: 0.3170 val_accuracy: 0.8928
Epoch: 5 loss: 0.3663 accuracy: 0.8685 val_loss: 0.3149 val_accuracy: 0.8948
Epoch: 6 loss: 0.3598 accuracy: 0.8697 val_loss: 0.3259 val_accuracy: 0.8958
Epoch: 7 loss: 0.3516 accuracy: 0.8702 val_loss: 0.3150 val_accuracy: 0.8899
Epoch: 8 loss: 0.3455 accuracy: 0.8720 val_loss: 0.3029 val_accuracy: 0.8948
Epoch: 9 loss: 0.3467 accuracy: 0.8711 val_loss: 0.3054 val_accuracy: 0.8938
Epoch: 10 loss: 0.3355 accuracy: 0.8740 val_loss: 0.3088 val_accuracy: 0.8948
Epoch: 11 loss: 0.3302 accuracy: 0.8764 val_loss: 0.3031 val_accuracy: 0.8918
Epoch: 12 loss: 0.3291 accuracy: 0.8784 val_loss: 0.2961 val_accuracy: 0.8938
Epoch: 13 loss: 0.3269 accuracy: 0.8795 val_loss: 0.2934 val_accuracy: 0.8938
Epoch: 14 loss: 0.3237 accuracy: 0.8789 val_loss: 0.2903 val_accuracy: 0.8928
Epoch: 15 loss: 0.3204 accuracy: 0.8787 val_loss: 0.2902 val_accuracy: 0.8948
Epoch: 16 loss: 0.3177 accuracy: 0.8775 val_loss: 0.3119 val_accuracy: 0.8948
Epoch: 17 loss: 0.3169 accuracy: 0.8799 val_loss: 0.2908 val_accuracy: 0.8918
Epoch: 18 loss: 0.3130 accuracy: 0.8791 val_loss: 0.2932 val_accuracy: 0.8928
Epoch: 19 loss: 0.3121 accuracy: 0.8791 val_loss: 0.2913 val_accuracy: 0.8938
Epoch: 20 loss: 0.3090 accuracy: 0.8806 val_loss: 0.2918 val_accuracy: 0.8928
Job ended!
