Mon 26 Feb 2024 08:03:50 PM EST
Python 3.9.7
nvcc: NVIDIA (R) Cuda compiler driver
Copyright (c) 2005-2019 NVIDIA Corporation
Built on Sun_Jul_28_19:07:16_PDT_2019
Cuda compilation tools, release 10.1, V10.1.243
My SLURM_ARRAY_TASK_ID:  1
DB: ['ISIC2016', 'ISIC2017', 'ISIC2018', 'ISIC2019', 'PH2', '_7_point_criteria']
IMG_SIZE: [150, 150]
CLASSIFIER: DenseNet121
SELF_AUG: 0
JOB_INDEX: 1
Combining...
Combining 1 db out of 6 dbs
Combining 2 db out of 6 dbs
Combining 3 db out of 6 dbs
Combining 4 db out of 6 dbs
Combining 5 db out of 6 dbs
Combining 6 db out of 6 dbs
Stacking training images
Stacking training labels
Stacking validation images
Stacking validation labels
Model: "sequential"
_________________________________________________________________
Layer (type)                 Output Shape              Param #   
=================================================================
densenet121 (Functional)     (None, 1024)              7037504   
_________________________________________________________________
dense (Dense)                (None, 512)               524800    
_________________________________________________________________
dropout (Dropout)            (None, 512)               0         
_________________________________________________________________
batch_normalization (BatchNo (None, 512)               2048      
_________________________________________________________________
dense_1 (Dense)              (None, 256)               131328    
_________________________________________________________________
dropout_1 (Dropout)          (None, 256)               0         
_________________________________________________________________
batch_normalization_1 (Batch (None, 256)               1024      
_________________________________________________________________
dense_2 (Dense)              (None, 2)                 514       
=================================================================
Total params: 7,697,218
Trainable params: 658,178
Non-trainable params: 7,039,040
_________________________________________________________________
Fitting ISIC2016+ISIC2017+ISIC2018+ISIC2019+PH2+_7_point_criteria_noaug_DenseNet121_150h_150w_1 model...
model_name: ISIC2016+ISIC2017+ISIC2018+ISIC2019+PH2+_7_point_criteria_noaug_DenseNet121_150h_150w_1
Epoch: 1 loss: 0.6001 accuracy: 0.7067 val_loss: 0.4097 val_accuracy: 0.8332
Epoch: 2 loss: 0.4521 accuracy: 0.8149 val_loss: 0.4181 val_accuracy: 0.8238
Epoch: 3 loss: 0.4303 accuracy: 0.8242 val_loss: 0.4057 val_accuracy: 0.8210
Epoch: 4 loss: 0.4191 accuracy: 0.8306 val_loss: 0.4002 val_accuracy: 0.8300
Epoch: 5 loss: 0.4075 accuracy: 0.8340 val_loss: 0.3921 val_accuracy: 0.8350
Epoch: 6 loss: 0.3984 accuracy: 0.8368 val_loss: 0.3948 val_accuracy: 0.8326
Epoch: 7 loss: 0.3930 accuracy: 0.8391 val_loss: 0.4041 val_accuracy: 0.8315
Epoch: 8 loss: 0.3867 accuracy: 0.8405 val_loss: 0.3899 val_accuracy: 0.8350
Epoch: 9 loss: 0.3841 accuracy: 0.8429 val_loss: 0.4304 val_accuracy: 0.8286
Epoch: 10 loss: 0.3783 accuracy: 0.8457 val_loss: 0.3859 val_accuracy: 0.8360
Epoch: 11 loss: 0.3749 accuracy: 0.8452 val_loss: 0.3997 val_accuracy: 0.8267
Epoch: 12 loss: 0.3734 accuracy: 0.8454 val_loss: 0.3841 val_accuracy: 0.8377
Epoch: 13 loss: 0.3715 accuracy: 0.8462 val_loss: 0.3867 val_accuracy: 0.8339
Epoch: 14 loss: 0.3692 accuracy: 0.8469 val_loss: 0.3911 val_accuracy: 0.8350
Epoch: 15 loss: 0.3664 accuracy: 0.8490 val_loss: 0.3891 val_accuracy: 0.8332
Epoch: 16 loss: 0.3653 accuracy: 0.8490 val_loss: 0.3868 val_accuracy: 0.8381
Epoch: 17 loss: 0.3637 accuracy: 0.8501 val_loss: 0.3811 val_accuracy: 0.8367
Epoch: 18 loss: 0.3625 accuracy: 0.8505 val_loss: 0.3817 val_accuracy: 0.8402
Epoch: 19 loss: 0.3614 accuracy: 0.8502 val_loss: 0.3914 val_accuracy: 0.8343
Epoch: 20 loss: 0.3604 accuracy: 0.8509 val_loss: 0.3883 val_accuracy: 0.8369
Job ended!
