Thu 29 Feb 2024 10:12:56 AM EST
Python 3.9.7
nvcc: NVIDIA (R) Cuda compiler driver
Copyright (c) 2005-2019 NVIDIA Corporation
Built on Sun_Jul_28_19:07:16_PDT_2019
Cuda compilation tools, release 10.1, V10.1.243
My SLURM_ARRAY_TASK_ID: 
DB: ['ISIC2016', 'ISIC2017', 'ISIC2018', 'ISIC2019', 'ISIC2020']
IMG_SIZE: [150, 150]
CLASSIFIER: DenseNet121
SELF_AUG: 1
JOB_INDEX: None
Combining...
Combining 1 db out of 5 dbs
Combining 2 db out of 5 dbs
Combining 3 db out of 5 dbs
Combining 4 db out of 5 dbs
Combining 5 db out of 5 dbs
Stacking training images
Stacking training labels
Stacking validation images
Stacking validation labels
Model: "sequential"
_________________________________________________________________
Layer (type)                 Output Shape              Param #   
=================================================================
densenet121 (Functional)     (None, 1024)              7037504   
_________________________________________________________________
dense (Dense)                (None, 512)               524800    
_________________________________________________________________
dropout (Dropout)            (None, 512)               0         
_________________________________________________________________
batch_normalization (BatchNo (None, 512)               2048      
_________________________________________________________________
dense_1 (Dense)              (None, 256)               131328    
_________________________________________________________________
dropout_1 (Dropout)          (None, 256)               0         
_________________________________________________________________
batch_normalization_1 (Batch (None, 256)               1024      
_________________________________________________________________
dense_2 (Dense)              (None, 2)                 514       
=================================================================
Total params: 7,697,218
Trainable params: 658,178
Non-trainable params: 7,039,040
_________________________________________________________________
Fitting ISIC2016+ISIC2017+ISIC2018+ISIC2019+ISIC2020_aug_DenseNet121_150h_150w_None model...
model_name: ISIC2016+ISIC2017+ISIC2018+ISIC2019+ISIC2020_aug_DenseNet121_150h_150w_None
Epoch: 1 loss: 0.4640 accuracy: 0.7849 val_loss: 0.2093 val_accuracy: 0.9250
Epoch: 2 loss: 0.3804 accuracy: 0.8241 val_loss: 0.1985 val_accuracy: 0.9291
Epoch: 3 loss: 0.3572 accuracy: 0.8357 val_loss: 0.1940 val_accuracy: 0.9284
Epoch: 4 loss: 0.3425 accuracy: 0.8429 val_loss: 0.1853 val_accuracy: 0.9323
Epoch: 5 loss: 0.3334 accuracy: 0.8484 val_loss: 0.1846 val_accuracy: 0.9318
Epoch: 6 loss: 0.3242 accuracy: 0.8528 val_loss: 0.1834 val_accuracy: 0.9325
Epoch: 7 loss: 0.3183 accuracy: 0.8566 val_loss: 0.1801 val_accuracy: 0.9356
Epoch: 8 loss: 0.3106 accuracy: 0.8594 val_loss: 0.1774 val_accuracy: 0.9348
Epoch: 9 loss: 0.3052 accuracy: 0.8616 val_loss: 0.1772 val_accuracy: 0.9357
Epoch: 10 loss: 0.2982 accuracy: 0.8666 val_loss: 0.1806 val_accuracy: 0.9333
Epoch: 11 loss: 0.2908 accuracy: 0.8689 val_loss: 0.1773 val_accuracy: 0.9343
Epoch: 12 loss: 0.2861 accuracy: 0.8719 val_loss: 0.1754 val_accuracy: 0.9372
Epoch: 13 loss: 0.2814 accuracy: 0.8734 val_loss: 0.1746 val_accuracy: 0.9388
Epoch: 14 loss: 0.2726 accuracy: 0.8787 val_loss: 0.1748 val_accuracy: 0.9370
Epoch: 15 loss: 0.2688 accuracy: 0.8802 val_loss: 0.1734 val_accuracy: 0.9371
Epoch: 16 loss: 0.2633 accuracy: 0.8831 val_loss: 0.1733 val_accuracy: 0.9403
Epoch: 17 loss: 0.2614 accuracy: 0.8837 val_loss: 0.1706 val_accuracy: 0.9405
Epoch: 18 loss: 0.2555 accuracy: 0.8867 val_loss: 0.1714 val_accuracy: 0.9413
Epoch: 19 loss: 0.2499 accuracy: 0.8905 val_loss: 0.1783 val_accuracy: 0.9405
Epoch: 20 loss: 0.2466 accuracy: 0.8917 val_loss: 0.1753 val_accuracy: 0.9394
Job ended!
