Mon 26 Feb 2024 07:15:33 PM EST
Python 3.9.7
nvcc: NVIDIA (R) Cuda compiler driver
Copyright (c) 2005-2019 NVIDIA Corporation
Built on Sun_Jul_28_19:07:16_PDT_2019
Cuda compilation tools, release 10.1, V10.1.243
My SLURM_ARRAY_TASK_ID:  1
DB: ['ISIC2016', '_7_point_criteria']
IMG_SIZE: [150, 150]
CLASSIFIER: DenseNet121
SELF_AUG: 0
JOB_INDEX: 1
Combining...
Combining 1 db out of 2 dbs
Combining 2 db out of 2 dbs
Stacking training images
Stacking training labels
Stacking validation images
Stacking validation labels
Model: "sequential"
_________________________________________________________________
Layer (type)                 Output Shape              Param #   
=================================================================
densenet121 (Functional)     (None, 1024)              7037504   
_________________________________________________________________
dense (Dense)                (None, 512)               524800    
_________________________________________________________________
dropout (Dropout)            (None, 512)               0         
_________________________________________________________________
batch_normalization (BatchNo (None, 512)               2048      
_________________________________________________________________
dense_1 (Dense)              (None, 256)               131328    
_________________________________________________________________
dropout_1 (Dropout)          (None, 256)               0         
_________________________________________________________________
batch_normalization_1 (Batch (None, 256)               1024      
_________________________________________________________________
dense_2 (Dense)              (None, 2)                 514       
=================================================================
Total params: 7,697,218
Trainable params: 658,178
Non-trainable params: 7,039,040
_________________________________________________________________
Fitting ISIC2016+_7_point_criteria_noaug_DenseNet121_150h_150w_1 model...
model_name: ISIC2016+_7_point_criteria_noaug_DenseNet121_150h_150w_1
Epoch: 1 loss: 1.0215 accuracy: 0.4841 val_loss: 0.7345 val_accuracy: 0.2533
Epoch: 2 loss: 0.8894 accuracy: 0.5622 val_loss: 0.7678 val_accuracy: 0.2533
Epoch: 3 loss: 0.8403 accuracy: 0.5749 val_loss: 0.8094 val_accuracy: 0.2533
Epoch: 4 loss: 0.8189 accuracy: 0.5677 val_loss: 0.8776 val_accuracy: 0.2533
Epoch: 5 loss: 0.7681 accuracy: 0.5976 val_loss: 0.9246 val_accuracy: 0.2533
Epoch: 6 loss: 0.7772 accuracy: 0.5686 val_loss: 0.9755 val_accuracy: 0.2533
Epoch: 7 loss: 0.7620 accuracy: 0.6058 val_loss: 1.0026 val_accuracy: 0.2533
Epoch: 8 loss: 0.6950 accuracy: 0.6285 val_loss: 1.0346 val_accuracy: 0.2533
Epoch: 9 loss: 0.6758 accuracy: 0.6476 val_loss: 0.9859 val_accuracy: 0.2533
Epoch: 10 loss: 0.6662 accuracy: 0.6440 val_loss: 1.0062 val_accuracy: 0.2533
Epoch: 11 loss: 0.6375 accuracy: 0.6685 val_loss: 1.0007 val_accuracy: 0.2533
Epoch: 12 loss: 0.6320 accuracy: 0.6830 val_loss: 1.0059 val_accuracy: 0.2533
Epoch: 13 loss: 0.6787 accuracy: 0.6676 val_loss: 0.9295 val_accuracy: 0.2559
Epoch: 14 loss: 0.6304 accuracy: 0.7039 val_loss: 0.9016 val_accuracy: 0.2559
Epoch: 15 loss: 0.6195 accuracy: 0.6939 val_loss: 0.7406 val_accuracy: 0.4360
Epoch: 16 loss: 0.5911 accuracy: 0.7103 val_loss: 0.7593 val_accuracy: 0.3916
Epoch: 17 loss: 0.5867 accuracy: 0.6885 val_loss: 0.6778 val_accuracy: 0.5196
Epoch: 18 loss: 0.5723 accuracy: 0.7302 val_loss: 0.6959 val_accuracy: 0.5379
Epoch: 19 loss: 0.5760 accuracy: 0.7475 val_loss: 0.7769 val_accuracy: 0.4752
Epoch: 20 loss: 0.5812 accuracy: 0.7330 val_loss: 0.7258 val_accuracy: 0.5326
Job ended!
