Mon 26 Feb 2024 08:21:24 PM EST
Python 3.9.7
nvcc: NVIDIA (R) Cuda compiler driver
Copyright (c) 2005-2019 NVIDIA Corporation
Built on Sun_Jul_28_19:07:16_PDT_2019
Cuda compilation tools, release 10.1, V10.1.243
My SLURM_ARRAY_TASK_ID:  1
DB: ['ISIC2016', 'ISIC2018']
IMG_SIZE: [150, 150]
CLASSIFIER: DenseNet121
SELF_AUG: 0
JOB_INDEX: 1
Combining...
Combining 1 db out of 2 dbs
Combining 2 db out of 2 dbs
Stacking training images
Stacking training labels
Stacking validation images
Stacking validation labels
Model: "sequential"
_________________________________________________________________
Layer (type)                 Output Shape              Param #   
=================================================================
densenet121 (Functional)     (None, 1024)              7037504   
_________________________________________________________________
dense (Dense)                (None, 512)               524800    
_________________________________________________________________
dropout (Dropout)            (None, 512)               0         
_________________________________________________________________
batch_normalization (BatchNo (None, 512)               2048      
_________________________________________________________________
dense_1 (Dense)              (None, 256)               131328    
_________________________________________________________________
dropout_1 (Dropout)          (None, 256)               0         
_________________________________________________________________
batch_normalization_1 (Batch (None, 256)               1024      
_________________________________________________________________
dense_2 (Dense)              (None, 2)                 514       
=================================================================
Total params: 7,697,218
Trainable params: 658,178
Non-trainable params: 7,039,040
_________________________________________________________________
Fitting ISIC2016+ISIC2018_noaug_DenseNet121_150h_150w_1 model...
model_name: ISIC2016+ISIC2018_noaug_DenseNet121_150h_150w_1
Epoch: 1 loss: 0.7655 accuracy: 0.5996 val_loss: 1.1525 val_accuracy: 0.1528
Epoch: 2 loss: 0.5222 accuracy: 0.7473 val_loss: 0.6897 val_accuracy: 0.5228
Epoch: 3 loss: 0.4276 accuracy: 0.8182 val_loss: 0.4358 val_accuracy: 0.8552
Epoch: 4 loss: 0.3947 accuracy: 0.8465 val_loss: 0.4770 val_accuracy: 0.8097
Epoch: 5 loss: 0.3667 accuracy: 0.8615 val_loss: 0.3917 val_accuracy: 0.8472
Epoch: 6 loss: 0.3634 accuracy: 0.8649 val_loss: 0.4308 val_accuracy: 0.8043
Epoch: 7 loss: 0.3553 accuracy: 0.8642 val_loss: 0.3949 val_accuracy: 0.8231
Epoch: 8 loss: 0.3448 accuracy: 0.8687 val_loss: 0.3893 val_accuracy: 0.8472
Epoch: 9 loss: 0.3336 accuracy: 0.8721 val_loss: 0.3655 val_accuracy: 0.8525
Epoch: 10 loss: 0.3380 accuracy: 0.8712 val_loss: 0.3672 val_accuracy: 0.8472
Epoch: 11 loss: 0.3245 accuracy: 0.8735 val_loss: 0.3541 val_accuracy: 0.8525
Epoch: 12 loss: 0.3286 accuracy: 0.8734 val_loss: 0.3450 val_accuracy: 0.8525
Epoch: 13 loss: 0.3204 accuracy: 0.8758 val_loss: 0.3678 val_accuracy: 0.8472
Epoch: 14 loss: 0.3143 accuracy: 0.8775 val_loss: 0.3562 val_accuracy: 0.8499
Epoch: 15 loss: 0.3120 accuracy: 0.8807 val_loss: 0.3576 val_accuracy: 0.8472
Epoch: 16 loss: 0.3095 accuracy: 0.8832 val_loss: 0.3489 val_accuracy: 0.8525
Epoch: 17 loss: 0.3079 accuracy: 0.8831 val_loss: 0.3620 val_accuracy: 0.8499
Epoch: 18 loss: 0.3072 accuracy: 0.8839 val_loss: 0.3539 val_accuracy: 0.8499
Epoch: 19 loss: 0.2980 accuracy: 0.8831 val_loss: 0.3775 val_accuracy: 0.8499
Epoch: 20 loss: 0.2968 accuracy: 0.8844 val_loss: 0.3731 val_accuracy: 0.8499
Job ended!
