Tue 27 Feb 2024 11:21:40 PM EST
Python 3.9.7
nvcc: NVIDIA (R) Cuda compiler driver
Copyright (c) 2005-2019 NVIDIA Corporation
Built on Sun_Jul_28_19:07:16_PDT_2019
Cuda compilation tools, release 10.1, V10.1.243
My SLURM_ARRAY_TASK_ID: 
DB: ['ISIC2016', 'ISIC2018']
IMG_SIZE: [150, 150]
CLASSIFIER: MobileNetV2
SELF_AUG: 1
JOB_INDEX: None
Combining...
Combining 1 db out of 2 dbs
Combining 2 db out of 2 dbs
Stacking training images
Stacking training labels
Stacking validation images
Stacking validation labels
Model: "sequential"
_________________________________________________________________
Layer (type)                 Output Shape              Param #   
=================================================================
mobilenetv2_1.00_150 (Functi (None, 1280)              2257984   
_________________________________________________________________
dense (Dense)                (None, 512)               655872    
_________________________________________________________________
dropout (Dropout)            (None, 512)               0         
_________________________________________________________________
batch_normalization (BatchNo (None, 512)               2048      
_________________________________________________________________
dense_1 (Dense)              (None, 256)               131328    
_________________________________________________________________
dropout_1 (Dropout)          (None, 256)               0         
_________________________________________________________________
batch_normalization_1 (Batch (None, 256)               1024      
_________________________________________________________________
dense_2 (Dense)              (None, 2)                 514       
=================================================================
Total params: 3,048,770
Trainable params: 789,250
Non-trainable params: 2,259,520
_________________________________________________________________
Fitting ISIC2016+ISIC2018_aug_MobileNetV2_150h_150w_None model...
model_name: ISIC2016+ISIC2018_aug_MobileNetV2_150h_150w_None
Epoch: 1 loss: 0.6229 accuracy: 0.6913 val_loss: 0.4767 val_accuracy: 0.8472
Epoch: 2 loss: 0.5953 accuracy: 0.7189 val_loss: 0.4791 val_accuracy: 0.8472
Epoch: 3 loss: 0.5943 accuracy: 0.7188 val_loss: 0.4762 val_accuracy: 0.8472
Epoch: 4 loss: 0.5947 accuracy: 0.7187 val_loss: 0.4754 val_accuracy: 0.8472
Epoch: 5 loss: 0.5943 accuracy: 0.7188 val_loss: 0.4708 val_accuracy: 0.8472
Epoch: 6 loss: 0.5941 accuracy: 0.7188 val_loss: 0.4716 val_accuracy: 0.8472
Epoch: 7 loss: 0.5944 accuracy: 0.7190 val_loss: 0.4734 val_accuracy: 0.8472
Epoch: 8 loss: 0.5943 accuracy: 0.7189 val_loss: 0.4735 val_accuracy: 0.8472
Epoch: 9 loss: 0.5943 accuracy: 0.7187 val_loss: 0.4721 val_accuracy: 0.8472
Epoch: 10 loss: 0.5940 accuracy: 0.7190 val_loss: 0.4736 val_accuracy: 0.8472
Epoch: 11 loss: 0.5941 accuracy: 0.7189 val_loss: 0.4810 val_accuracy: 0.8472
Epoch: 12 loss: 0.5943 accuracy: 0.7188 val_loss: 0.4714 val_accuracy: 0.8472
Epoch: 13 loss: 0.5942 accuracy: 0.7190 val_loss: 0.4741 val_accuracy: 0.8472
Epoch: 14 loss: 0.5941 accuracy: 0.7189 val_loss: 0.4731 val_accuracy: 0.8472
Epoch: 15 loss: 0.5941 accuracy: 0.7190 val_loss: 0.4751 val_accuracy: 0.8472
Epoch: 16 loss: 0.5941 accuracy: 0.7188 val_loss: 0.4676 val_accuracy: 0.8472
Epoch: 17 loss: 0.5942 accuracy: 0.7189 val_loss: 0.4710 val_accuracy: 0.8472
Epoch: 18 loss: 0.5941 accuracy: 0.7189 val_loss: 0.4745 val_accuracy: 0.8472
Epoch: 19 loss: 0.5939 accuracy: 0.7192 val_loss: 0.4737 val_accuracy: 0.8472
Epoch: 20 loss: 0.5942 accuracy: 0.7189 val_loss: 0.4740 val_accuracy: 0.8472
Job ended!
