Tue 27 Feb 2024 11:33:57 PM EST
Python 3.9.7
nvcc: NVIDIA (R) Cuda compiler driver
Copyright (c) 2005-2019 NVIDIA Corporation
Built on Sun_Jul_28_19:07:16_PDT_2019
Cuda compilation tools, release 10.1, V10.1.243
My SLURM_ARRAY_TASK_ID: 
DB: ['ISIC2017']
IMG_SIZE: [150, 150]
CLASSIFIER: MobileNetV2
SELF_AUG: 1
JOB_INDEX: None
Combining...
Combining 1 db out of 1 dbs
Stacking training images
Stacking training labels
Stacking validation images
Stacking validation labels
Model: "sequential"
_________________________________________________________________
Layer (type)                 Output Shape              Param #   
=================================================================
mobilenetv2_1.00_150 (Functi (None, 1280)              2257984   
_________________________________________________________________
dense (Dense)                (None, 512)               655872    
_________________________________________________________________
dropout (Dropout)            (None, 512)               0         
_________________________________________________________________
batch_normalization (BatchNo (None, 512)               2048      
_________________________________________________________________
dense_1 (Dense)              (None, 256)               131328    
_________________________________________________________________
dropout_1 (Dropout)          (None, 256)               0         
_________________________________________________________________
batch_normalization_1 (Batch (None, 256)               1024      
_________________________________________________________________
dense_2 (Dense)              (None, 2)                 514       
=================================================================
Total params: 3,048,770
Trainable params: 789,250
Non-trainable params: 2,259,520
_________________________________________________________________
Fitting ISIC2017_aug_MobileNetV2_150h_150w_None model...
model_name: ISIC2017_aug_MobileNetV2_150h_150w_None
Epoch: 1 loss: 0.6860 accuracy: 0.5531 val_loss: 0.6342 val_accuracy: 0.8000
Epoch: 2 loss: 0.6664 accuracy: 0.6249 val_loss: 0.6007 val_accuracy: 0.8000
Epoch: 3 loss: 0.6542 accuracy: 0.6420 val_loss: 0.5782 val_accuracy: 0.8000
Epoch: 4 loss: 0.6546 accuracy: 0.6423 val_loss: 0.5698 val_accuracy: 0.8000
Epoch: 5 loss: 0.6531 accuracy: 0.6446 val_loss: 0.5647 val_accuracy: 0.8000
Epoch: 6 loss: 0.6528 accuracy: 0.6450 val_loss: 0.5541 val_accuracy: 0.8000
Epoch: 7 loss: 0.6534 accuracy: 0.6433 val_loss: 0.5441 val_accuracy: 0.8000
Epoch: 8 loss: 0.6521 accuracy: 0.6450 val_loss: 0.5576 val_accuracy: 0.8000
Epoch: 9 loss: 0.6514 accuracy: 0.6453 val_loss: 0.5540 val_accuracy: 0.8000
Epoch: 10 loss: 0.6510 accuracy: 0.6446 val_loss: 0.5646 val_accuracy: 0.8000
Epoch: 11 loss: 0.6519 accuracy: 0.6460 val_loss: 0.5771 val_accuracy: 0.8000
Epoch: 12 loss: 0.6502 accuracy: 0.6460 val_loss: 0.5631 val_accuracy: 0.8000
Epoch: 13 loss: 0.6507 accuracy: 0.6453 val_loss: 0.5583 val_accuracy: 0.8000
Epoch: 14 loss: 0.6514 accuracy: 0.6446 val_loss: 0.5568 val_accuracy: 0.8000
Epoch: 15 loss: 0.6502 accuracy: 0.6456 val_loss: 0.5521 val_accuracy: 0.8000
Epoch: 16 loss: 0.6519 accuracy: 0.6433 val_loss: 0.5547 val_accuracy: 0.8000
Epoch: 17 loss: 0.6520 accuracy: 0.6430 val_loss: 0.5553 val_accuracy: 0.8000
Epoch: 18 loss: 0.6501 accuracy: 0.6463 val_loss: 0.5647 val_accuracy: 0.8000
Epoch: 19 loss: 0.6500 accuracy: 0.6463 val_loss: 0.5600 val_accuracy: 0.8000
Epoch: 20 loss: 0.6509 accuracy: 0.6446 val_loss: 0.5613 val_accuracy: 0.8000
Job ended!
