Tue 27 Feb 2024 10:49:05 PM EST
Python 3.9.7
nvcc: NVIDIA (R) Cuda compiler driver
Copyright (c) 2005-2019 NVIDIA Corporation
Built on Sun_Jul_28_19:07:16_PDT_2019
Cuda compilation tools, release 10.1, V10.1.243
My SLURM_ARRAY_TASK_ID: 
DB: ['ISIC2016', 'ISIC2017']
IMG_SIZE: [150, 150]
CLASSIFIER: MobileNetV2
SELF_AUG: 1
JOB_INDEX: None
Combining...
Combining 1 db out of 2 dbs
Combining 2 db out of 2 dbs
Stacking training images
Stacking training labels
Stacking validation images
Stacking validation labels
Model: "sequential"
_________________________________________________________________
Layer (type)                 Output Shape              Param #   
=================================================================
mobilenetv2_1.00_150 (Functi (None, 1280)              2257984   
_________________________________________________________________
dense (Dense)                (None, 512)               655872    
_________________________________________________________________
dropout (Dropout)            (None, 512)               0         
_________________________________________________________________
batch_normalization (BatchNo (None, 512)               2048      
_________________________________________________________________
dense_1 (Dense)              (None, 256)               131328    
_________________________________________________________________
dropout_1 (Dropout)          (None, 256)               0         
_________________________________________________________________
batch_normalization_1 (Batch (None, 256)               1024      
_________________________________________________________________
dense_2 (Dense)              (None, 2)                 514       
=================================================================
Total params: 3,048,770
Trainable params: 789,250
Non-trainable params: 2,259,520
_________________________________________________________________
Fitting ISIC2016+ISIC2017_aug_MobileNetV2_150h_150w_None model...
model_name: ISIC2016+ISIC2017_aug_MobileNetV2_150h_150w_None
Epoch: 1 loss: 0.6812 accuracy: 0.5635 val_loss: 0.6244 val_accuracy: 0.8000
Epoch: 2 loss: 0.6670 accuracy: 0.6198 val_loss: 0.5894 val_accuracy: 0.8000
Epoch: 3 loss: 0.6588 accuracy: 0.6365 val_loss: 0.5709 val_accuracy: 0.8000
Epoch: 4 loss: 0.6577 accuracy: 0.6360 val_loss: 0.5669 val_accuracy: 0.8000
Epoch: 5 loss: 0.6559 accuracy: 0.6365 val_loss: 0.5685 val_accuracy: 0.8000
Epoch: 6 loss: 0.6572 accuracy: 0.6365 val_loss: 0.5721 val_accuracy: 0.8000
Epoch: 7 loss: 0.6557 accuracy: 0.6363 val_loss: 0.5734 val_accuracy: 0.8000
Epoch: 8 loss: 0.6573 accuracy: 0.6351 val_loss: 0.5750 val_accuracy: 0.8000
Epoch: 9 loss: 0.6564 accuracy: 0.6356 val_loss: 0.5598 val_accuracy: 0.8000
Epoch: 10 loss: 0.6558 accuracy: 0.6372 val_loss: 0.5532 val_accuracy: 0.8000
Epoch: 11 loss: 0.6561 accuracy: 0.6370 val_loss: 0.5616 val_accuracy: 0.8000
Epoch: 12 loss: 0.6557 accuracy: 0.6365 val_loss: 0.5649 val_accuracy: 0.8000
Epoch: 13 loss: 0.6551 accuracy: 0.6375 val_loss: 0.5638 val_accuracy: 0.8000
Epoch: 14 loss: 0.6548 accuracy: 0.6377 val_loss: 0.5637 val_accuracy: 0.8000
Epoch: 15 loss: 0.6554 accuracy: 0.6368 val_loss: 0.5629 val_accuracy: 0.8000
Epoch: 16 loss: 0.6565 accuracy: 0.6348 val_loss: 0.5661 val_accuracy: 0.8000
Epoch: 17 loss: 0.6556 accuracy: 0.6365 val_loss: 0.5687 val_accuracy: 0.8000
Epoch: 18 loss: 0.6557 accuracy: 0.6370 val_loss: 0.5626 val_accuracy: 0.8000
Epoch: 19 loss: 0.6559 accuracy: 0.6360 val_loss: 0.5664 val_accuracy: 0.8000
Epoch: 20 loss: 0.6553 accuracy: 0.6368 val_loss: 0.5683 val_accuracy: 0.8000
Job ended!
