Fri 01 Mar 2024 05:52:35 PM EST
Python 3.9.7
nvcc: NVIDIA (R) Cuda compiler driver
Copyright (c) 2005-2019 NVIDIA Corporation
Built on Sun_Jul_28_19:07:16_PDT_2019
Cuda compilation tools, release 10.1, V10.1.243
My SLURM_ARRAY_TASK_ID: 
DB: ['ISIC2016', '_7_point_criteria', 'PAD_UFES_20']
IMG_SIZE: [150, 150]
CLASSIFIER: MobileNetV2
SELF_AUG: 1
JOB_INDEX: None
Combining...
Combining 1 db out of 3 dbs
Combining 2 db out of 3 dbs
Combining 3 db out of 3 dbs
Stacking training images
Stacking training labels
Stacking validation images
Stacking validation labels
Model: "sequential"
_________________________________________________________________
Layer (type)                 Output Shape              Param #   
=================================================================
mobilenetv2_1.00_224 (Functi (None, 1280)              2257984   
_________________________________________________________________
dense (Dense)                (None, 512)               655872    
_________________________________________________________________
dropout (Dropout)            (None, 512)               0         
_________________________________________________________________
batch_normalization (BatchNo (None, 512)               2048      
_________________________________________________________________
dense_1 (Dense)              (None, 256)               131328    
_________________________________________________________________
dropout_1 (Dropout)          (None, 256)               0         
_________________________________________________________________
batch_normalization_1 (Batch (None, 256)               1024      
_________________________________________________________________
dense_2 (Dense)              (None, 2)                 514       
=================================================================
Total params: 3,048,770
Trainable params: 789,250
Non-trainable params: 2,259,520
_________________________________________________________________
Fitting ISIC2016+_7_point_criteria+PAD_UFES_20_aug_MobileNetV2_150h_150w_None model...
model_name: ISIC2016+_7_point_criteria+PAD_UFES_20_aug_MobileNetV2_150h_150w_None
Epoch: 1 loss: 0.7677 accuracy: 0.6523 val_loss: 0.3563 val_accuracy: 0.8695
Epoch: 2 loss: 0.5628 accuracy: 0.7470 val_loss: 0.3561 val_accuracy: 0.8553
Epoch: 3 loss: 0.4809 accuracy: 0.7892 val_loss: 0.3436 val_accuracy: 0.8766
Epoch: 4 loss: 0.4074 accuracy: 0.8245 val_loss: 0.3413 val_accuracy: 0.8624
Epoch: 5 loss: 0.3562 accuracy: 0.8421 val_loss: 0.3444 val_accuracy: 0.8612
Epoch: 6 loss: 0.3324 accuracy: 0.8574 val_loss: 0.3373 val_accuracy: 0.8778
Epoch: 7 loss: 0.3004 accuracy: 0.8747 val_loss: 0.3541 val_accuracy: 0.8695
Epoch: 8 loss: 0.2646 accuracy: 0.8880 val_loss: 0.3526 val_accuracy: 0.8600
Epoch: 9 loss: 0.2517 accuracy: 0.8946 val_loss: 0.3469 val_accuracy: 0.8707
Epoch: 10 loss: 0.2318 accuracy: 0.9067 val_loss: 0.3420 val_accuracy: 0.8790
Epoch: 11 loss: 0.2166 accuracy: 0.9138 val_loss: 0.3466 val_accuracy: 0.8766
Epoch: 12 loss: 0.2036 accuracy: 0.9147 val_loss: 0.3717 val_accuracy: 0.8671
Epoch: 13 loss: 0.1738 accuracy: 0.9320 val_loss: 0.3619 val_accuracy: 0.8683
Epoch: 14 loss: 0.1731 accuracy: 0.9293 val_loss: 0.3503 val_accuracy: 0.8802
Epoch: 15 loss: 0.1497 accuracy: 0.9389 val_loss: 0.3699 val_accuracy: 0.8837
Epoch: 16 loss: 0.1538 accuracy: 0.9345 val_loss: 0.3818 val_accuracy: 0.8885
Epoch: 17 loss: 0.1416 accuracy: 0.9430 val_loss: 0.3848 val_accuracy: 0.8754
Epoch: 18 loss: 0.1351 accuracy: 0.9466 val_loss: 0.3991 val_accuracy: 0.8837
Epoch: 19 loss: 0.1225 accuracy: 0.9509 val_loss: 0.4278 val_accuracy: 0.8873
Epoch: 20 loss: 0.1226 accuracy: 0.9535 val_loss: 0.4341 val_accuracy: 0.8754
Job ended!
