Fri 01 Mar 2024 06:17:06 PM EST
Python 3.9.7
nvcc: NVIDIA (R) Cuda compiler driver
Copyright (c) 2005-2019 NVIDIA Corporation
Built on Sun_Jul_28_19:07:16_PDT_2019
Cuda compilation tools, release 10.1, V10.1.243
My SLURM_ARRAY_TASK_ID: 
DB: ['ISIC2016', 'ISIC2017', 'ISIC2018', 'PAD_UFES_20', 'MEDNODE']
IMG_SIZE: [150, 150]
CLASSIFIER: MobileNetV2
SELF_AUG: 1
JOB_INDEX: None
Combining...
Combining 1 db out of 5 dbs
Combining 2 db out of 5 dbs
Combining 3 db out of 5 dbs
Combining 4 db out of 5 dbs
Combining 5 db out of 5 dbs
Stacking training images
Stacking training labels
Stacking validation images
Stacking validation labels
Model: "sequential"
_________________________________________________________________
Layer (type)                 Output Shape              Param #   
=================================================================
mobilenetv2_1.00_224 (Functi (None, 1280)              2257984   
_________________________________________________________________
dense (Dense)                (None, 512)               655872    
_________________________________________________________________
dropout (Dropout)            (None, 512)               0         
_________________________________________________________________
batch_normalization (BatchNo (None, 512)               2048      
_________________________________________________________________
dense_1 (Dense)              (None, 256)               131328    
_________________________________________________________________
dropout_1 (Dropout)          (None, 256)               0         
_________________________________________________________________
batch_normalization_1 (Batch (None, 256)               1024      
_________________________________________________________________
dense_2 (Dense)              (None, 2)                 514       
=================================================================
Total params: 3,048,770
Trainable params: 789,250
Non-trainable params: 2,259,520
_________________________________________________________________
Fitting ISIC2016+ISIC2017+ISIC2018+PAD_UFES_20+MEDNODE_aug_MobileNetV2_150h_150w_None model...
model_name: ISIC2016+ISIC2017+ISIC2018+PAD_UFES_20+MEDNODE_aug_MobileNetV2_150h_150w_None
Epoch: 1 loss: 0.6389 accuracy: 0.7120 val_loss: 0.3141 val_accuracy: 0.8810
Epoch: 2 loss: 0.4774 accuracy: 0.7850 val_loss: 0.2757 val_accuracy: 0.8997
Epoch: 3 loss: 0.4358 accuracy: 0.8036 val_loss: 0.2619 val_accuracy: 0.9027
Epoch: 4 loss: 0.4045 accuracy: 0.8172 val_loss: 0.2545 val_accuracy: 0.9066
Epoch: 5 loss: 0.3840 accuracy: 0.8262 val_loss: 0.2535 val_accuracy: 0.9095
Epoch: 6 loss: 0.3660 accuracy: 0.8345 val_loss: 0.2476 val_accuracy: 0.9115
Epoch: 7 loss: 0.3500 accuracy: 0.8418 val_loss: 0.2573 val_accuracy: 0.9046
Epoch: 8 loss: 0.3373 accuracy: 0.8519 val_loss: 0.2558 val_accuracy: 0.9095
Epoch: 9 loss: 0.3266 accuracy: 0.8533 val_loss: 0.2460 val_accuracy: 0.9066
Epoch: 10 loss: 0.3138 accuracy: 0.8611 val_loss: 0.2501 val_accuracy: 0.9125
Epoch: 11 loss: 0.3033 accuracy: 0.8663 val_loss: 0.2612 val_accuracy: 0.9076
Epoch: 12 loss: 0.2915 accuracy: 0.8707 val_loss: 0.2666 val_accuracy: 0.9017
Epoch: 13 loss: 0.2774 accuracy: 0.8770 val_loss: 0.2561 val_accuracy: 0.9135
Epoch: 14 loss: 0.2726 accuracy: 0.8798 val_loss: 0.2744 val_accuracy: 0.9105
Epoch: 15 loss: 0.2607 accuracy: 0.8842 val_loss: 0.2724 val_accuracy: 0.9086
Epoch: 16 loss: 0.2496 accuracy: 0.8924 val_loss: 0.2947 val_accuracy: 0.9056
Epoch: 17 loss: 0.2400 accuracy: 0.8973 val_loss: 0.2800 val_accuracy: 0.9095
Epoch: 18 loss: 0.2364 accuracy: 0.8977 val_loss: 0.3053 val_accuracy: 0.9145
Epoch: 19 loss: 0.2218 accuracy: 0.9047 val_loss: 0.2996 val_accuracy: 0.9105
Epoch: 20 loss: 0.2220 accuracy: 0.9059 val_loss: 0.3394 val_accuracy: 0.9135
Job ended!
