Fri 01 Mar 2024 06:28:04 PM EST
Python 3.9.7
nvcc: NVIDIA (R) Cuda compiler driver
Copyright (c) 2005-2019 NVIDIA Corporation
Built on Sun_Jul_28_19:07:16_PDT_2019
Cuda compilation tools, release 10.1, V10.1.243
My SLURM_ARRAY_TASK_ID: 
DB: ['ISIC2020']
IMG_SIZE: [150, 150]
CLASSIFIER: MobileNetV2
SELF_AUG: 1
JOB_INDEX: None
Combining...
Combining 1 db out of 1 dbs
Stacking training images
Stacking training labels
Stacking validation images
Stacking validation labels
Model: "sequential"
_________________________________________________________________
Layer (type)                 Output Shape              Param #   
=================================================================
mobilenetv2_1.00_224 (Functi (None, 1280)              2257984   
_________________________________________________________________
dense (Dense)                (None, 512)               655872    
_________________________________________________________________
dropout (Dropout)            (None, 512)               0         
_________________________________________________________________
batch_normalization (BatchNo (None, 512)               2048      
_________________________________________________________________
dense_1 (Dense)              (None, 256)               131328    
_________________________________________________________________
dropout_1 (Dropout)          (None, 256)               0         
_________________________________________________________________
batch_normalization_1 (Batch (None, 256)               1024      
_________________________________________________________________
dense_2 (Dense)              (None, 2)                 514       
=================================================================
Total params: 3,048,770
Trainable params: 789,250
Non-trainable params: 2,259,520
_________________________________________________________________
Fitting ISIC2020_aug_MobileNetV2_150h_150w_None model...
model_name: ISIC2020_aug_MobileNetV2_150h_150w_None
Epoch: 1 loss: 0.4387 accuracy: 0.8183 val_loss: 0.0865 val_accuracy: 0.9832
Epoch: 2 loss: 0.2880 accuracy: 0.8758 val_loss: 0.0774 val_accuracy: 0.9843
Epoch: 3 loss: 0.2594 accuracy: 0.8860 val_loss: 0.0736 val_accuracy: 0.9828
Epoch: 4 loss: 0.2450 accuracy: 0.8917 val_loss: 0.0721 val_accuracy: 0.9839
Epoch: 5 loss: 0.2361 accuracy: 0.8954 val_loss: 0.0717 val_accuracy: 0.9839
Epoch: 6 loss: 0.2296 accuracy: 0.8987 val_loss: 0.0726 val_accuracy: 0.9834
Epoch: 7 loss: 0.2236 accuracy: 0.9021 val_loss: 0.0743 val_accuracy: 0.9828
Epoch: 8 loss: 0.2172 accuracy: 0.9032 val_loss: 0.0748 val_accuracy: 0.9835
Epoch: 9 loss: 0.2111 accuracy: 0.9081 val_loss: 0.0794 val_accuracy: 0.9829
Epoch: 10 loss: 0.2092 accuracy: 0.9077 val_loss: 0.0798 val_accuracy: 0.9831
Epoch: 11 loss: 0.2007 accuracy: 0.9118 val_loss: 0.0832 val_accuracy: 0.9825
Epoch: 12 loss: 0.1987 accuracy: 0.9133 val_loss: 0.0809 val_accuracy: 0.9817
Epoch: 13 loss: 0.1934 accuracy: 0.9145 val_loss: 0.0829 val_accuracy: 0.9822
Epoch: 14 loss: 0.1905 accuracy: 0.9164 val_loss: 0.0810 val_accuracy: 0.9832
Epoch: 15 loss: 0.1868 accuracy: 0.9178 val_loss: 0.0832 val_accuracy: 0.9810
Epoch: 16 loss: 0.1849 accuracy: 0.9175 val_loss: 0.0898 val_accuracy: 0.9829
Epoch: 17 loss: 0.1796 accuracy: 0.9204 val_loss: 0.0883 val_accuracy: 0.9799
Epoch: 18 loss: 0.1710 accuracy: 0.9250 val_loss: 0.0907 val_accuracy: 0.9814
Epoch: 19 loss: 0.1696 accuracy: 0.9259 val_loss: 0.0970 val_accuracy: 0.9819
Epoch: 20 loss: 0.1687 accuracy: 0.9267 val_loss: 0.0921 val_accuracy: 0.9796
Job ended!
