Tue 27 Feb 2024 11:32:01 PM EST
Python 3.9.7
nvcc: NVIDIA (R) Cuda compiler driver
Copyright (c) 2005-2019 NVIDIA Corporation
Built on Sun_Jul_28_19:07:16_PDT_2019
Cuda compilation tools, release 10.1, V10.1.243
My SLURM_ARRAY_TASK_ID: 
DB: ['ISIC2016', 'PAD_UFES_20']
IMG_SIZE: [150, 150]
CLASSIFIER: MobileNetV2
SELF_AUG: 1
JOB_INDEX: None
Combining...
Combining 1 db out of 2 dbs
Combining 2 db out of 2 dbs
Stacking training images
Stacking training labels
Stacking validation images
Stacking validation labels
Model: "sequential"
_________________________________________________________________
Layer (type)                 Output Shape              Param #   
=================================================================
mobilenetv2_1.00_150 (Functi (None, 1280)              2257984   
_________________________________________________________________
dense (Dense)                (None, 512)               655872    
_________________________________________________________________
dropout (Dropout)            (None, 512)               0         
_________________________________________________________________
batch_normalization (BatchNo (None, 512)               2048      
_________________________________________________________________
dense_1 (Dense)              (None, 256)               131328    
_________________________________________________________________
dropout_1 (Dropout)          (None, 256)               0         
_________________________________________________________________
batch_normalization_1 (Batch (None, 256)               1024      
_________________________________________________________________
dense_2 (Dense)              (None, 2)                 514       
=================================================================
Total params: 3,048,770
Trainable params: 789,250
Non-trainable params: 2,259,520
_________________________________________________________________
Fitting ISIC2016+PAD_UFES_20_aug_MobileNetV2_150h_150w_None model...
model_name: ISIC2016+PAD_UFES_20_aug_MobileNetV2_150h_150w_None
Epoch: 1 loss: 0.6630 accuracy: 0.6253 val_loss: 0.5720 val_accuracy: 0.9297
Epoch: 2 loss: 0.6046 accuracy: 0.7589 val_loss: 0.4772 val_accuracy: 0.9297
Epoch: 3 loss: 0.5692 accuracy: 0.7619 val_loss: 0.4175 val_accuracy: 0.9297
Epoch: 4 loss: 0.5558 accuracy: 0.7613 val_loss: 0.3845 val_accuracy: 0.9297
Epoch: 5 loss: 0.5505 accuracy: 0.7624 val_loss: 0.3620 val_accuracy: 0.9297
Epoch: 6 loss: 0.5497 accuracy: 0.7621 val_loss: 0.3544 val_accuracy: 0.9297
Epoch: 7 loss: 0.5494 accuracy: 0.7621 val_loss: 0.3520 val_accuracy: 0.9297
Epoch: 8 loss: 0.5483 accuracy: 0.7627 val_loss: 0.3401 val_accuracy: 0.9297
Epoch: 9 loss: 0.5493 accuracy: 0.7624 val_loss: 0.3461 val_accuracy: 0.9297
Epoch: 10 loss: 0.5490 accuracy: 0.7619 val_loss: 0.3518 val_accuracy: 0.9297
Epoch: 11 loss: 0.5496 accuracy: 0.7619 val_loss: 0.3599 val_accuracy: 0.9297
Epoch: 12 loss: 0.5487 accuracy: 0.7621 val_loss: 0.3527 val_accuracy: 0.9297
Epoch: 13 loss: 0.5491 accuracy: 0.7616 val_loss: 0.3516 val_accuracy: 0.9297
Epoch: 14 loss: 0.5498 accuracy: 0.7616 val_loss: 0.3519 val_accuracy: 0.9297
Epoch: 15 loss: 0.5496 accuracy: 0.7616 val_loss: 0.3577 val_accuracy: 0.9297
Epoch: 16 loss: 0.5505 accuracy: 0.7611 val_loss: 0.3655 val_accuracy: 0.9297
Epoch: 17 loss: 0.5486 accuracy: 0.7621 val_loss: 0.3487 val_accuracy: 0.9297
Epoch: 18 loss: 0.5511 accuracy: 0.7605 val_loss: 0.3531 val_accuracy: 0.9297
Epoch: 19 loss: 0.5486 accuracy: 0.7619 val_loss: 0.3602 val_accuracy: 0.9297
Epoch: 20 loss: 0.5497 accuracy: 0.7616 val_loss: 0.3615 val_accuracy: 0.9297
Job ended!
