Fri 01 Mar 2024 06:28:20 PM EST
Python 3.9.7
nvcc: NVIDIA (R) Cuda compiler driver
Copyright (c) 2005-2019 NVIDIA Corporation
Built on Sun_Jul_28_19:07:16_PDT_2019
Cuda compilation tools, release 10.1, V10.1.243
My SLURM_ARRAY_TASK_ID: 
DB: ['MEDNODE']
IMG_SIZE: [150, 150]
CLASSIFIER: MobileNetV2
SELF_AUG: 1
JOB_INDEX: None
Combining...
Combining 1 db out of 1 dbs
Stacking training images
Stacking training labels
Stacking validation images
Stacking validation labels
Model: "sequential"
_________________________________________________________________
Layer (type)                 Output Shape              Param #   
=================================================================
mobilenetv2_1.00_224 (Functi (None, 1280)              2257984   
_________________________________________________________________
dense (Dense)                (None, 512)               655872    
_________________________________________________________________
dropout (Dropout)            (None, 512)               0         
_________________________________________________________________
batch_normalization (BatchNo (None, 512)               2048      
_________________________________________________________________
dense_1 (Dense)              (None, 256)               131328    
_________________________________________________________________
dropout_1 (Dropout)          (None, 256)               0         
_________________________________________________________________
batch_normalization_1 (Batch (None, 256)               1024      
_________________________________________________________________
dense_2 (Dense)              (None, 2)                 514       
=================================================================
Total params: 3,048,770
Trainable params: 789,250
Non-trainable params: 2,259,520
_________________________________________________________________
Fitting MEDNODE_aug_MobileNetV2_150h_150w_None model...
model_name: MEDNODE_aug_MobileNetV2_150h_150w_None
Epoch: 1 loss: 0.9269 accuracy: 0.5670 val_loss: 0.9220 val_accuracy: 0.5882
Epoch: 2 loss: 0.5725 accuracy: 0.7188 val_loss: 0.8229 val_accuracy: 0.5882
Epoch: 3 loss: 0.4518 accuracy: 0.7991 val_loss: 0.7372 val_accuracy: 0.5882
Epoch: 4 loss: 0.4350 accuracy: 0.7768 val_loss: 0.7013 val_accuracy: 0.6176
Epoch: 5 loss: 0.3502 accuracy: 0.8259 val_loss: 0.6581 val_accuracy: 0.6176
Epoch: 6 loss: 0.2888 accuracy: 0.8571 val_loss: 0.6101 val_accuracy: 0.6176
Epoch: 7 loss: 0.3147 accuracy: 0.8571 val_loss: 0.5689 val_accuracy: 0.6765
Epoch: 8 loss: 0.1990 accuracy: 0.9375 val_loss: 0.5306 val_accuracy: 0.7059
Epoch: 9 loss: 0.1925 accuracy: 0.9330 val_loss: 0.5326 val_accuracy: 0.7059
Epoch: 10 loss: 0.1869 accuracy: 0.9330 val_loss: 0.5143 val_accuracy: 0.7059
Epoch: 11 loss: 0.1854 accuracy: 0.9420 val_loss: 0.4870 val_accuracy: 0.7059
Epoch: 12 loss: 0.1522 accuracy: 0.9554 val_loss: 0.4585 val_accuracy: 0.7647
Epoch: 13 loss: 0.1629 accuracy: 0.9330 val_loss: 0.4174 val_accuracy: 0.7941
Epoch: 14 loss: 0.1331 accuracy: 0.9554 val_loss: 0.3936 val_accuracy: 0.8235
Epoch: 15 loss: 0.1332 accuracy: 0.9554 val_loss: 0.3731 val_accuracy: 0.8235
Epoch: 16 loss: 0.1149 accuracy: 0.9554 val_loss: 0.3725 val_accuracy: 0.8235
Epoch: 17 loss: 0.1060 accuracy: 0.9554 val_loss: 0.3656 val_accuracy: 0.8529
Epoch: 18 loss: 0.0680 accuracy: 0.9866 val_loss: 0.3521 val_accuracy: 0.8529
Epoch: 19 loss: 0.0788 accuracy: 0.9777 val_loss: 0.3451 val_accuracy: 0.8824
Epoch: 20 loss: 0.0610 accuracy: 0.9911 val_loss: 0.3439 val_accuracy: 0.8824
Job ended!
