Mon 26 Feb 2024 12:40:54 AM EST
Python 3.9.7
nvcc: NVIDIA (R) Cuda compiler driver
Copyright (c) 2005-2019 NVIDIA Corporation
Built on Sun_Jul_28_19:07:16_PDT_2019
Cuda compilation tools, release 10.1, V10.1.243
My SLURM_ARRAY_TASK_ID:  1
DB: ['_7_point_criteria']
IMG_SIZE: [150, 150]
CLASSIFIER: EfficientNetB2
JOB_INDEX: 1
Combining...
Combining 1 db out of 1 dbs
Stacking training images
Stacking training labels
Stacking validation images
Stacking validation labels
Combining...
Combining 1 db out of 1 dbs
Stacking training images
Stacking training labels
Stacking validation images
Stacking validation labels
Model: "sequential"
_________________________________________________________________
Layer (type)                 Output Shape              Param #   
=================================================================
efficientnetb2 (Functional)  (None, 1408)              7768569   
_________________________________________________________________
dense (Dense)                (None, 512)               721408    
_________________________________________________________________
dropout (Dropout)            (None, 512)               0         
_________________________________________________________________
batch_normalization (BatchNo (None, 512)               2048      
_________________________________________________________________
dense_1 (Dense)              (None, 256)               131328    
_________________________________________________________________
dropout_1 (Dropout)          (None, 256)               0         
_________________________________________________________________
batch_normalization_1 (Batch (None, 256)               1024      
_________________________________________________________________
dense_2 (Dense)              (None, 2)                 514       
=================================================================
Total params: 8,624,891
Trainable params: 854,786
Non-trainable params: 7,770,105
_________________________________________________________________
Fitting _7_point_criteria_noaug_EfficientNetB2_150h_150w_1 model...
Epoch: 1 loss: 0.6836 accuracy: 0.5643 val_loss: 0.6868 val_accuracy: 0.6995
Epoch: 2 loss: 0.6879 accuracy: 0.5328 val_loss: 0.6803 val_accuracy: 0.6995
Epoch: 3 loss: 0.6748 accuracy: 0.5748 val_loss: 0.6743 val_accuracy: 0.6995
Epoch: 4 loss: 0.6680 accuracy: 0.6220 val_loss: 0.6694 val_accuracy: 0.6995
Epoch: 5 loss: 0.6628 accuracy: 0.5932 val_loss: 0.6647 val_accuracy: 0.6995
Epoch: 6 loss: 0.6553 accuracy: 0.6378 val_loss: 0.6601 val_accuracy: 0.6995
Epoch: 7 loss: 0.6488 accuracy: 0.6667 val_loss: 0.6557 val_accuracy: 0.6995
Epoch: 8 loss: 0.6349 accuracy: 0.7402 val_loss: 0.6512 val_accuracy: 0.6995
Epoch: 9 loss: 0.6278 accuracy: 0.7165 val_loss: 0.6470 val_accuracy: 0.6995
Epoch: 10 loss: 0.6231 accuracy: 0.7270 val_loss: 0.6432 val_accuracy: 0.6995
Epoch: 11 loss: 0.6118 accuracy: 0.7533 val_loss: 0.6397 val_accuracy: 0.6995
Epoch: 12 loss: 0.6164 accuracy: 0.7323 val_loss: 0.6365 val_accuracy: 0.6995
Epoch: 13 loss: 0.6016 accuracy: 0.7664 val_loss: 0.6335 val_accuracy: 0.6995
Epoch: 14 loss: 0.5990 accuracy: 0.7717 val_loss: 0.6305 val_accuracy: 0.6995
Epoch: 15 loss: 0.5928 accuracy: 0.7559 val_loss: 0.6277 val_accuracy: 0.6995
Epoch: 16 loss: 0.5802 accuracy: 0.7690 val_loss: 0.6253 val_accuracy: 0.6995
Epoch: 17 loss: 0.5876 accuracy: 0.7664 val_loss: 0.6230 val_accuracy: 0.6995
Epoch: 18 loss: 0.5742 accuracy: 0.7874 val_loss: 0.6212 val_accuracy: 0.6995
Epoch: 19 loss: 0.5748 accuracy: 0.7717 val_loss: 0.6190 val_accuracy: 0.6995
Epoch: 20 loss: 0.5703 accuracy: 0.7795 val_loss: 0.6174 val_accuracy: 0.6995
Fitting _7_point_criteria_aug_EfficientNetB2_150h_150w_1 model...
Epoch: 1 loss: 0.6675 accuracy: 0.6173 val_loss: 0.6172 val_accuracy: 0.6995
Epoch: 2 loss: 0.6687 accuracy: 0.6090 val_loss: 0.6180 val_accuracy: 0.6995
Epoch: 3 loss: 0.6694 accuracy: 0.6090 val_loss: 0.6185 val_accuracy: 0.6995
Epoch: 4 loss: 0.6584 accuracy: 0.6140 val_loss: 0.6187 val_accuracy: 0.6995
Epoch: 5 loss: 0.6590 accuracy: 0.6173 val_loss: 0.6190 val_accuracy: 0.6995
Epoch: 6 loss: 0.6605 accuracy: 0.6106 val_loss: 0.6175 val_accuracy: 0.6995
Epoch: 7 loss: 0.6513 accuracy: 0.6140 val_loss: 0.6174 val_accuracy: 0.6995
Epoch: 8 loss: 0.6526 accuracy: 0.6173 val_loss: 0.6201 val_accuracy: 0.6995
Epoch: 9 loss: 0.6594 accuracy: 0.6256 val_loss: 0.6219 val_accuracy: 0.6995
Epoch: 10 loss: 0.6527 accuracy: 0.6123 val_loss: 0.6207 val_accuracy: 0.6995
Epoch: 11 loss: 0.6464 accuracy: 0.6206 val_loss: 0.6218 val_accuracy: 0.6995
Epoch: 12 loss: 0.6477 accuracy: 0.6256 val_loss: 0.6229 val_accuracy: 0.6995
Epoch: 13 loss: 0.6466 accuracy: 0.6206 val_loss: 0.6261 val_accuracy: 0.6995
Epoch: 14 loss: 0.6503 accuracy: 0.6339 val_loss: 0.6204 val_accuracy: 0.6995
Epoch: 15 loss: 0.6377 accuracy: 0.6339 val_loss: 0.6191 val_accuracy: 0.6995
Epoch: 16 loss: 0.6385 accuracy: 0.6506 val_loss: 0.6158 val_accuracy: 0.6995
Epoch: 17 loss: 0.6341 accuracy: 0.6406 val_loss: 0.6157 val_accuracy: 0.6995
Epoch: 18 loss: 0.6347 accuracy: 0.6656 val_loss: 0.6078 val_accuracy: 0.6995
Epoch: 19 loss: 0.6312 accuracy: 0.6522 val_loss: 0.6054 val_accuracy: 0.6995
Epoch: 20 loss: 0.6388 accuracy: 0.6290 val_loss: 0.6016 val_accuracy: 0.6995
Job ended!
