Fri 03 May 2024 06:04:23 PM EDT
Python 3.9.7
nvcc: NVIDIA (R) Cuda compiler driver
Copyright (c) 2005-2019 NVIDIA Corporation
Built on Sun_Jul_28_19:07:16_PDT_2019
Cuda compilation tools, release 10.1, V10.1.243
My SLURM_ARRAY_TASK_ID: 
DB: ['ISIC2016', 'ISIC2020', 'PH2', '_7_point_criteria']
IMG_SIZE: [384, 384]
CLASSIFIER: EfficientNetB3
JOB_INDEX: None
Start training augmented images
Combining...
Combining 1th db out of 4 dbs
Combining 2th db out of 4 dbs
Combining 3th db out of 4 dbs
Combining 4th db out of 4 dbs
Stacking data
Combining complete
Model: "sequential"
_________________________________________________________________
Layer (type)                 Output Shape              Param #   
=================================================================
efficientnetb3 (Functional)  (None, 1536)              10783535  
_________________________________________________________________
dense (Dense)                (None, 512)               786944    
_________________________________________________________________
dropout (Dropout)            (None, 512)               0         
_________________________________________________________________
batch_normalization (BatchNo (None, 512)               2048      
_________________________________________________________________
dense_1 (Dense)              (None, 256)               131328    
_________________________________________________________________
batch_normalization_1 (Batch (None, 256)               1024      
_________________________________________________________________
dense_2 (Dense)              (None, 2)                 514       
=================================================================
Total params: 11,705,393
Trainable params: 920,322
Non-trainable params: 10,785,071
_________________________________________________________________
Fitting ISIC2016+ISIC2020+PH2+_7_point_criteria_aug_EfficientNetB3_384h_384w_None model...
model_name: ISIC2016+ISIC2020+PH2+_7_point_criteria_aug_EfficientNetB3_384h_384w_None
Epoch: 1 loss: 1.0981 accuracy: 0.6602 val_loss: 1.0834 val_accuracy: 0.1341
Epoch: 2 loss: 0.9097 accuracy: 0.7841 val_loss: 0.5395 val_accuracy: 0.9695
Epoch: 3 loss: 0.8626 accuracy: 0.7958 val_loss: 0.7333 val_accuracy: 0.9695
Epoch: 4 loss: 0.8125 accuracy: 0.8007 val_loss: 0.6193 val_accuracy: 0.9695
Epoch: 5 loss: 0.7787 accuracy: 0.7978 val_loss: 0.6188 val_accuracy: 0.9695
Epoch: 6 loss: 0.7372 accuracy: 0.8001 val_loss: 0.4331 val_accuracy: 0.9695
Epoch: 7 loss: 0.6968 accuracy: 0.8024 val_loss: 0.5056 val_accuracy: 0.9695
Epoch: 8 loss: 0.6626 accuracy: 0.8030 val_loss: 0.4546 val_accuracy: 0.9695
Epoch: 9 loss: 0.6361 accuracy: 0.8005 val_loss: 0.2981 val_accuracy: 0.9695
Epoch: 10 loss: 0.6094 accuracy: 0.8019 val_loss: 0.3710 val_accuracy: 0.9695
Epoch: 11 loss: 0.5950 accuracy: 0.7989 val_loss: 0.3165 val_accuracy: 0.9695
Epoch: 12 loss: 0.5773 accuracy: 0.7999 val_loss: 0.4153 val_accuracy: 0.9695
Epoch: 13 loss: 0.5618 accuracy: 0.8033 val_loss: 0.4228 val_accuracy: 0.9695
Epoch: 14 loss: 0.5520 accuracy: 0.8024 val_loss: 0.3567 val_accuracy: 0.9695

Epoch 00014: ReduceLROnPlateau reducing learning rate to 7.999999797903001e-05.
Epoch: 15 loss: 0.5423 accuracy: 0.8037 val_loss: 0.3252 val_accuracy: 0.9695
Epoch: 16 loss: 0.5356 accuracy: 0.8047 val_loss: 0.3482 val_accuracy: 0.9695
Epoch: 17 loss: 0.5340 accuracy: 0.8024 val_loss: 0.2510 val_accuracy: 0.9695
Epoch: 18 loss: 0.5287 accuracy: 0.8041 val_loss: 0.2642 val_accuracy: 0.9695
Epoch: 19 loss: 0.5312 accuracy: 0.7995 val_loss: 0.2396 val_accuracy: 0.9695
Epoch: 20 loss: 0.5247 accuracy: 0.8026 val_loss: 0.3360 val_accuracy: 0.9695
Epoch: 21 loss: 0.5254 accuracy: 0.8005 val_loss: 0.2887 val_accuracy: 0.9695
Epoch: 22 loss: 0.5217 accuracy: 0.8012 val_loss: 0.2811 val_accuracy: 0.9695
Epoch: 23 loss: 0.5188 accuracy: 0.8025 val_loss: 0.2332 val_accuracy: 0.9695
Epoch: 24 loss: 0.5180 accuracy: 0.8019 val_loss: 0.2522 val_accuracy: 0.9695
Epoch: 25 loss: 0.5199 accuracy: 0.7996 val_loss: 0.2835 val_accuracy: 0.9695
Epoch: 26 loss: 0.5092 accuracy: 0.8056 val_loss: 0.2593 val_accuracy: 0.9695
Epoch: 27 loss: 0.5112 accuracy: 0.8048 val_loss: 0.3065 val_accuracy: 0.9695
Epoch: 28 loss: 0.5153 accuracy: 0.8009 val_loss: 0.3110 val_accuracy: 0.9695

Epoch 00028: ReduceLROnPlateau reducing learning rate to 6.399999838322402e-05.
Epoch: 29 loss: 0.5101 accuracy: 0.8036 val_loss: 0.3357 val_accuracy: 0.9695
Epoch: 30 loss: 0.5112 accuracy: 0.8023 val_loss: 0.2811 val_accuracy: 0.9695
Epoch: 31 loss: 0.5101 accuracy: 0.8023 val_loss: 0.2496 val_accuracy: 0.9695
Epoch: 32 loss: 0.5136 accuracy: 0.7994 val_loss: 0.2608 val_accuracy: 0.9695
Epoch: 33 loss: 0.5059 accuracy: 0.8042 val_loss: 0.2904 val_accuracy: 0.9695

Epoch 00033: ReduceLROnPlateau reducing learning rate to 5.119999987073243e-05.
End of augmented training
Finish
Job ended!
