Fri 03 May 2024 07:17:13 PM EDT
Python 3.9.7
nvcc: NVIDIA (R) Cuda compiler driver
Copyright (c) 2005-2019 NVIDIA Corporation
Built on Sun_Jul_28_19:07:16_PDT_2019
Cuda compilation tools, release 10.1, V10.1.243
My SLURM_ARRAY_TASK_ID: 
DB: ['ISIC2017']
IMG_SIZE: [384, 384]
CLASSIFIER: EfficientNetB3
JOB_INDEX: None
Start training augmented images
Combining...
Combining 1th db out of 1 dbs
Stacking data
Combining complete
Model: "sequential"
_________________________________________________________________
Layer (type)                 Output Shape              Param #   
=================================================================
efficientnetb3 (Functional)  (None, 1536)              10783535  
_________________________________________________________________
dense (Dense)                (None, 512)               786944    
_________________________________________________________________
dropout (Dropout)            (None, 512)               0         
_________________________________________________________________
batch_normalization (BatchNo (None, 512)               2048      
_________________________________________________________________
dense_1 (Dense)              (None, 256)               131328    
_________________________________________________________________
batch_normalization_1 (Batch (None, 256)               1024      
_________________________________________________________________
dense_2 (Dense)              (None, 2)                 514       
=================================================================
Total params: 11,705,393
Trainable params: 920,322
Non-trainable params: 10,785,071
_________________________________________________________________
Fitting ISIC2017_aug_EfficientNetB3_384h_384w_None model...
model_name: ISIC2017_aug_EfficientNetB3_384h_384w_None
Epoch: 1 loss: 1.4715 accuracy: 0.5160 val_loss: 1.1714 val_accuracy: 0.8000
Epoch: 2 loss: 1.3730 accuracy: 0.5226 val_loss: 1.1281 val_accuracy: 0.8000
Epoch: 3 loss: 1.2996 accuracy: 0.5306 val_loss: 1.0878 val_accuracy: 0.8000
Epoch: 4 loss: 1.2655 accuracy: 0.5286 val_loss: 1.0600 val_accuracy: 0.8000
Epoch: 5 loss: 1.2185 accuracy: 0.5529 val_loss: 1.0279 val_accuracy: 0.8000
Epoch: 6 loss: 1.1949 accuracy: 0.5632 val_loss: 0.9568 val_accuracy: 0.8000
Epoch: 7 loss: 1.1812 accuracy: 0.5555 val_loss: 0.9924 val_accuracy: 0.8000
Epoch: 8 loss: 1.1671 accuracy: 0.5655 val_loss: 1.0578 val_accuracy: 0.8000
Epoch: 9 loss: 1.1565 accuracy: 0.5761 val_loss: 1.0855 val_accuracy: 0.8000
Epoch: 10 loss: 1.1460 accuracy: 0.5838 val_loss: 0.9798 val_accuracy: 0.8000
Epoch: 11 loss: 1.1423 accuracy: 0.5771 val_loss: 0.9548 val_accuracy: 0.8000
Epoch: 12 loss: 1.1602 accuracy: 0.5628 val_loss: 0.9313 val_accuracy: 0.8000
Epoch: 13 loss: 1.1180 accuracy: 0.5864 val_loss: 1.0541 val_accuracy: 0.8000
Epoch: 14 loss: 1.1296 accuracy: 0.5818 val_loss: 1.0331 val_accuracy: 0.8000
Epoch: 15 loss: 1.1245 accuracy: 0.5811 val_loss: 1.0881 val_accuracy: 0.7933
Epoch: 16 loss: 1.0955 accuracy: 0.6041 val_loss: 1.0948 val_accuracy: 0.2000
Epoch: 17 loss: 1.1068 accuracy: 0.5841 val_loss: 0.9342 val_accuracy: 0.8000

Epoch 00017: ReduceLROnPlateau reducing learning rate to 7.999999797903001e-05.
Epoch: 18 loss: 1.0886 accuracy: 0.6084 val_loss: 0.9906 val_accuracy: 0.8000
Epoch: 19 loss: 1.0963 accuracy: 0.5944 val_loss: 0.8902 val_accuracy: 0.8000
Epoch: 20 loss: 1.0885 accuracy: 0.5977 val_loss: 0.9021 val_accuracy: 0.8000
Epoch: 21 loss: 1.0755 accuracy: 0.6077 val_loss: 0.9132 val_accuracy: 0.8000
Epoch: 22 loss: 1.0958 accuracy: 0.5844 val_loss: 0.8907 val_accuracy: 0.8000
Epoch: 23 loss: 1.0841 accuracy: 0.5914 val_loss: 0.9361 val_accuracy: 0.8000
Epoch: 24 loss: 1.0728 accuracy: 0.6011 val_loss: 0.9142 val_accuracy: 0.8000

Epoch 00024: ReduceLROnPlateau reducing learning rate to 6.399999838322402e-05.
Epoch: 25 loss: 1.0686 accuracy: 0.6021 val_loss: 0.9518 val_accuracy: 0.8000
Epoch: 26 loss: 1.0761 accuracy: 0.5947 val_loss: 0.9426 val_accuracy: 0.8000
Epoch: 27 loss: 1.0728 accuracy: 0.5964 val_loss: 0.9401 val_accuracy: 0.8000
Epoch: 28 loss: 1.0638 accuracy: 0.5981 val_loss: 0.9217 val_accuracy: 0.8000
Epoch: 29 loss: 1.0635 accuracy: 0.6047 val_loss: 0.8806 val_accuracy: 0.8000
Epoch: 30 loss: 1.0440 accuracy: 0.6087 val_loss: 0.8750 val_accuracy: 0.8000
Epoch: 31 loss: 1.0372 accuracy: 0.6067 val_loss: 0.9268 val_accuracy: 0.8000
Epoch: 32 loss: 1.0530 accuracy: 0.5997 val_loss: 0.9311 val_accuracy: 0.8000
Epoch: 33 loss: 1.0447 accuracy: 0.6170 val_loss: 0.8839 val_accuracy: 0.8000
Epoch: 34 loss: 1.0542 accuracy: 0.5977 val_loss: 0.9555 val_accuracy: 0.8000
Epoch: 35 loss: 1.0363 accuracy: 0.6110 val_loss: 0.8977 val_accuracy: 0.8000

Epoch 00035: ReduceLROnPlateau reducing learning rate to 5.119999987073243e-05.
Epoch: 36 loss: 1.0273 accuracy: 0.6217 val_loss: 0.9274 val_accuracy: 0.8000
Epoch: 37 loss: 1.0320 accuracy: 0.6160 val_loss: 0.9146 val_accuracy: 0.8000
Epoch: 38 loss: 1.0411 accuracy: 0.6057 val_loss: 0.9464 val_accuracy: 0.8000
Epoch: 39 loss: 1.0217 accuracy: 0.6150 val_loss: 0.8907 val_accuracy: 0.8000
Epoch: 40 loss: 1.0410 accuracy: 0.5914 val_loss: 0.8793 val_accuracy: 0.8000

Epoch 00040: ReduceLROnPlateau reducing learning rate to 4.0960000478662555e-05.
End of augmented training
Finish
Job ended!
