Fri 01 Mar 2024 05:37:32 AM EST
Python 3.9.7
nvcc: NVIDIA (R) Cuda compiler driver
Copyright (c) 2005-2019 NVIDIA Corporation
Built on Sun_Jul_28_19:07:16_PDT_2019
Cuda compilation tools, release 10.1, V10.1.243
My SLURM_ARRAY_TASK_ID: 
DB: ['ISIC2016', 'ISIC2017', 'ISIC2018']
IMG_SIZE: [150, 150]
CLASSIFIER: EfficientNetB3
SELF_AUG: 1
JOB_INDEX: None
Combining...
Combining 1 db out of 3 dbs
Combining 2 db out of 3 dbs
Combining 3 db out of 3 dbs
Stacking training images
Stacking training labels
Stacking validation images
Stacking validation labels
Model: "sequential"
_________________________________________________________________
Layer (type)                 Output Shape              Param #   
=================================================================
efficientnetb3 (Functional)  (None, 1536)              10783535  
_________________________________________________________________
dense (Dense)                (None, 512)               786944    
_________________________________________________________________
dropout (Dropout)            (None, 512)               0         
_________________________________________________________________
batch_normalization (BatchNo (None, 512)               2048      
_________________________________________________________________
dense_1 (Dense)              (None, 256)               131328    
_________________________________________________________________
dropout_1 (Dropout)          (None, 256)               0         
_________________________________________________________________
batch_normalization_1 (Batch (None, 256)               1024      
_________________________________________________________________
dense_2 (Dense)              (None, 2)                 514       
=================================================================
Total params: 11,705,393
Trainable params: 920,322
Non-trainable params: 10,785,071
_________________________________________________________________
Fitting ISIC2016+ISIC2017+ISIC2018_aug_EfficientNetB3_150h_150w_None model...
model_name: ISIC2016+ISIC2017+ISIC2018_aug_EfficientNetB3_150h_150w_None
Epoch: 1 loss: 0.6383 accuracy: 0.7229 val_loss: 0.3908 val_accuracy: 0.8337
Epoch: 2 loss: 0.5012 accuracy: 0.7787 val_loss: 0.3659 val_accuracy: 0.8470
Epoch: 3 loss: 0.4599 accuracy: 0.7972 val_loss: 0.3511 val_accuracy: 0.8413
Epoch: 4 loss: 0.4315 accuracy: 0.8055 val_loss: 0.3449 val_accuracy: 0.8623
Epoch: 5 loss: 0.4176 accuracy: 0.8147 val_loss: 0.3448 val_accuracy: 0.8566
Epoch: 6 loss: 0.4026 accuracy: 0.8201 val_loss: 0.3276 val_accuracy: 0.8528
Epoch: 7 loss: 0.3867 accuracy: 0.8287 val_loss: 0.3368 val_accuracy: 0.8432
Epoch: 8 loss: 0.3793 accuracy: 0.8294 val_loss: 0.3372 val_accuracy: 0.8489
Epoch: 9 loss: 0.3630 accuracy: 0.8393 val_loss: 0.3264 val_accuracy: 0.8566
Epoch: 10 loss: 0.3548 accuracy: 0.8433 val_loss: 0.3339 val_accuracy: 0.8509
Epoch: 11 loss: 0.3449 accuracy: 0.8449 val_loss: 0.3251 val_accuracy: 0.8528
Epoch: 12 loss: 0.3413 accuracy: 0.8504 val_loss: 0.3366 val_accuracy: 0.8604
Epoch: 13 loss: 0.3368 accuracy: 0.8514 val_loss: 0.3338 val_accuracy: 0.8470
Epoch: 14 loss: 0.3301 accuracy: 0.8544 val_loss: 0.3322 val_accuracy: 0.8681
Epoch: 15 loss: 0.3236 accuracy: 0.8567 val_loss: 0.3351 val_accuracy: 0.8681
Epoch: 16 loss: 0.3142 accuracy: 0.8644 val_loss: 0.3303 val_accuracy: 0.8642
Epoch: 17 loss: 0.3087 accuracy: 0.8650 val_loss: 0.3303 val_accuracy: 0.8642
Epoch: 18 loss: 0.3082 accuracy: 0.8634 val_loss: 0.3190 val_accuracy: 0.8719
Epoch: 19 loss: 0.2946 accuracy: 0.8701 val_loss: 0.3344 val_accuracy: 0.8662
Epoch: 20 loss: 0.2987 accuracy: 0.8720 val_loss: 0.3302 val_accuracy: 0.8604
Job ended!
