Tue 27 Feb 2024 09:01:15 AM EST
Python 3.9.7
nvcc: NVIDIA (R) Cuda compiler driver
Copyright (c) 2005-2019 NVIDIA Corporation
Built on Sun_Jul_28_19:07:16_PDT_2019
Cuda compilation tools, release 10.1, V10.1.243
My SLURM_ARRAY_TASK_ID: 
DB: ['ISIC2016', 'ISIC2017', 'ISIC2018', 'ISIC2019', 'ISIC2020', 'PH2', '_7_point_criteria', 'MEDNODE', 'KaggleMB']
IMG_SIZE: [150, 150]
CLASSIFIER: EfficientNetB3
SELF_AUG: 1
JOB_INDEX: None
Combining...
Combining 1 db out of 9 dbs
Combining 2 db out of 9 dbs
Combining 3 db out of 9 dbs
Combining 4 db out of 9 dbs
Combining 5 db out of 9 dbs
Combining 6 db out of 9 dbs
Combining 7 db out of 9 dbs
Combining 8 db out of 9 dbs
Combining 9 db out of 9 dbs
Stacking training images
Stacking training labels
Stacking validation images
Stacking validation labels
Model: "sequential"
_________________________________________________________________
Layer (type)                 Output Shape              Param #   
=================================================================
efficientnetb3 (Functional)  (None, 1536)              10783535  
_________________________________________________________________
dense (Dense)                (None, 512)               786944    
_________________________________________________________________
dropout (Dropout)            (None, 512)               0         
_________________________________________________________________
batch_normalization (BatchNo (None, 512)               2048      
_________________________________________________________________
dense_1 (Dense)              (None, 256)               131328    
_________________________________________________________________
dropout_1 (Dropout)          (None, 256)               0         
_________________________________________________________________
batch_normalization_1 (Batch (None, 256)               1024      
_________________________________________________________________
dense_2 (Dense)              (None, 2)                 514       
=================================================================
Total params: 11,705,393
Trainable params: 920,322
Non-trainable params: 10,785,071
_________________________________________________________________
Fitting ISIC2016+ISIC2017+ISIC2018+ISIC2019+ISIC2020+PH2+_7_point_criteria+MEDNODE+KaggleMB_aug_EfficientNetB3_150h_150w_None model...
model_name: ISIC2016+ISIC2017+ISIC2018+ISIC2019+ISIC2020+PH2+_7_point_criteria+MEDNODE+KaggleMB_aug_EfficientNetB3_150h_150w_None
Epoch: 1 loss: 0.5860 accuracy: 0.7052 val_loss: 0.5111 val_accuracy: 0.8953
Epoch: 2 loss: 0.5753 accuracy: 0.7087 val_loss: 0.3256 val_accuracy: 0.8953
Epoch: 3 loss: 0.5697 accuracy: 0.7084 val_loss: 0.4296 val_accuracy: 0.8953
Epoch: 4 loss: 0.5676 accuracy: 0.7096 val_loss: 0.4527 val_accuracy: 0.8953
Epoch: 5 loss: 0.5651 accuracy: 0.7083 val_loss: 0.4912 val_accuracy: 0.8953
Epoch: 6 loss: 0.5642 accuracy: 0.7084 val_loss: 0.5483 val_accuracy: 0.8953
Epoch: 7 loss: 0.5637 accuracy: 0.7082 val_loss: 0.5296 val_accuracy: 0.8953
Epoch: 8 loss: 0.5602 accuracy: 0.7074 val_loss: 0.4446 val_accuracy: 0.8953
Epoch: 9 loss: 0.5599 accuracy: 0.7075 val_loss: 0.4703 val_accuracy: 0.8953
Epoch: 10 loss: 0.5574 accuracy: 0.7071 val_loss: 0.4514 val_accuracy: 0.8953
Epoch: 11 loss: 0.5562 accuracy: 0.7066 val_loss: 0.5102 val_accuracy: 0.8953
Epoch: 12 loss: 0.5563 accuracy: 0.7069 val_loss: 0.5464 val_accuracy: 0.8953
Epoch: 13 loss: 0.5548 accuracy: 0.7071 val_loss: 0.5009 val_accuracy: 0.8953
Epoch: 14 loss: 0.5536 accuracy: 0.7077 val_loss: 0.4072 val_accuracy: 0.8953
Epoch: 15 loss: 0.5532 accuracy: 0.7064 val_loss: 0.5175 val_accuracy: 0.8953
Epoch: 16 loss: 0.5528 accuracy: 0.7072 val_loss: 0.4347 val_accuracy: 0.8953
Epoch: 17 loss: 0.5518 accuracy: 0.7067 val_loss: 0.4349 val_accuracy: 0.8953
Epoch: 18 loss: 0.5505 accuracy: 0.7066 val_loss: 0.4703 val_accuracy: 0.8953
Epoch: 19 loss: 0.5505 accuracy: 0.7075 val_loss: 0.4450 val_accuracy: 0.8953
Epoch: 20 loss: 0.5510 accuracy: 0.7076 val_loss: 0.4612 val_accuracy: 0.8953
Job ended!
