Fri 01 Mar 2024 06:51:09 AM EST
Python 3.9.7
nvcc: NVIDIA (R) Cuda compiler driver
Copyright (c) 2005-2019 NVIDIA Corporation
Built on Sun_Jul_28_19:07:16_PDT_2019
Cuda compilation tools, release 10.1, V10.1.243
My SLURM_ARRAY_TASK_ID: 
DB: ['ISIC2016', 'MEDNODE', 'KaggleMB']
IMG_SIZE: [150, 150]
CLASSIFIER: EfficientNetB3
SELF_AUG: 1
JOB_INDEX: None
Combining...
Combining 1 db out of 3 dbs
Combining 2 db out of 3 dbs
Combining 3 db out of 3 dbs
Stacking training images
Stacking training labels
Stacking validation images
Stacking validation labels
Model: "sequential"
_________________________________________________________________
Layer (type)                 Output Shape              Param #   
=================================================================
efficientnetb3 (Functional)  (None, 1536)              10783535  
_________________________________________________________________
dense (Dense)                (None, 512)               786944    
_________________________________________________________________
dropout (Dropout)            (None, 512)               0         
_________________________________________________________________
batch_normalization (BatchNo (None, 512)               2048      
_________________________________________________________________
dense_1 (Dense)              (None, 256)               131328    
_________________________________________________________________
dropout_1 (Dropout)          (None, 256)               0         
_________________________________________________________________
batch_normalization_1 (Batch (None, 256)               1024      
_________________________________________________________________
dense_2 (Dense)              (None, 2)                 514       
=================================================================
Total params: 11,705,393
Trainable params: 920,322
Non-trainable params: 10,785,071
_________________________________________________________________
Fitting ISIC2016+MEDNODE+KaggleMB_aug_EfficientNetB3_150h_150w_None model...
model_name: ISIC2016+MEDNODE+KaggleMB_aug_EfficientNetB3_150h_150w_None
Epoch: 1 loss: 0.7121 accuracy: 0.6851 val_loss: 0.4690 val_accuracy: 0.7803
Epoch: 2 loss: 0.5459 accuracy: 0.7622 val_loss: 0.4323 val_accuracy: 0.8127
Epoch: 3 loss: 0.4965 accuracy: 0.7854 val_loss: 0.4231 val_accuracy: 0.8181
Epoch: 4 loss: 0.4599 accuracy: 0.7932 val_loss: 0.4212 val_accuracy: 0.8221
Epoch: 5 loss: 0.4223 accuracy: 0.8105 val_loss: 0.4128 val_accuracy: 0.8194
Epoch: 6 loss: 0.4025 accuracy: 0.8233 val_loss: 0.3977 val_accuracy: 0.8396
Epoch: 7 loss: 0.3951 accuracy: 0.8286 val_loss: 0.3890 val_accuracy: 0.8329
Epoch: 8 loss: 0.3800 accuracy: 0.8325 val_loss: 0.3963 val_accuracy: 0.8369
Epoch: 9 loss: 0.3526 accuracy: 0.8475 val_loss: 0.3998 val_accuracy: 0.8396
Epoch: 10 loss: 0.3349 accuracy: 0.8530 val_loss: 0.3981 val_accuracy: 0.8383
Epoch: 11 loss: 0.3275 accuracy: 0.8581 val_loss: 0.4016 val_accuracy: 0.8369
Epoch: 12 loss: 0.3139 accuracy: 0.8650 val_loss: 0.4077 val_accuracy: 0.8410
Epoch: 13 loss: 0.3311 accuracy: 0.8550 val_loss: 0.4092 val_accuracy: 0.8369
Epoch: 14 loss: 0.3002 accuracy: 0.8738 val_loss: 0.4001 val_accuracy: 0.8450
Epoch: 15 loss: 0.2996 accuracy: 0.8719 val_loss: 0.4086 val_accuracy: 0.8423
Epoch: 16 loss: 0.2834 accuracy: 0.8799 val_loss: 0.4341 val_accuracy: 0.8275
Epoch: 17 loss: 0.2705 accuracy: 0.8827 val_loss: 0.4155 val_accuracy: 0.8423
Epoch: 18 loss: 0.2660 accuracy: 0.8882 val_loss: 0.4231 val_accuracy: 0.8356
Epoch: 19 loss: 0.2712 accuracy: 0.8836 val_loss: 0.4476 val_accuracy: 0.8410
Epoch: 20 loss: 0.2669 accuracy: 0.8860 val_loss: 0.4381 val_accuracy: 0.8437
Job ended!
