Tue 27 Feb 2024 09:56:36 AM EST
Python 3.9.7
nvcc: NVIDIA (R) Cuda compiler driver
Copyright (c) 2005-2019 NVIDIA Corporation
Built on Sun_Jul_28_19:07:16_PDT_2019
Cuda compilation tools, release 10.1, V10.1.243
My SLURM_ARRAY_TASK_ID: 
DB: ['ISIC2016', 'ISIC2019', 'ISIC2020']
IMG_SIZE: [150, 150]
CLASSIFIER: EfficientNetB3
SELF_AUG: 1
JOB_INDEX: None
Combining...
Combining 1 db out of 3 dbs
Combining 2 db out of 3 dbs
Combining 3 db out of 3 dbs
Stacking training images
Stacking training labels
Stacking validation images
Stacking validation labels
Model: "sequential"
_________________________________________________________________
Layer (type)                 Output Shape              Param #   
=================================================================
efficientnetb3 (Functional)  (None, 1536)              10783535  
_________________________________________________________________
dense (Dense)                (None, 512)               786944    
_________________________________________________________________
dropout (Dropout)            (None, 512)               0         
_________________________________________________________________
batch_normalization (BatchNo (None, 512)               2048      
_________________________________________________________________
dense_1 (Dense)              (None, 256)               131328    
_________________________________________________________________
dropout_1 (Dropout)          (None, 256)               0         
_________________________________________________________________
batch_normalization_1 (Batch (None, 256)               1024      
_________________________________________________________________
dense_2 (Dense)              (None, 2)                 514       
=================================================================
Total params: 11,705,393
Trainable params: 920,322
Non-trainable params: 10,785,071
_________________________________________________________________
Fitting ISIC2016+ISIC2019+ISIC2020_aug_EfficientNetB3_150h_150w_None model...
model_name: ISIC2016+ISIC2019+ISIC2020_aug_EfficientNetB3_150h_150w_None
Epoch: 1 loss: 0.5805 accuracy: 0.7207 val_loss: 0.3950 val_accuracy: 0.9144
Epoch: 2 loss: 0.5659 accuracy: 0.7312 val_loss: 0.4101 val_accuracy: 0.9118
Epoch: 3 loss: 0.5614 accuracy: 0.7319 val_loss: 0.3292 val_accuracy: 0.9151
Epoch: 4 loss: 0.5565 accuracy: 0.7338 val_loss: 0.3489 val_accuracy: 0.9137
Epoch: 5 loss: 0.5524 accuracy: 0.7336 val_loss: 0.3041 val_accuracy: 0.9154
Epoch: 6 loss: 0.5499 accuracy: 0.7334 val_loss: 0.2966 val_accuracy: 0.9154
Epoch: 7 loss: 0.5485 accuracy: 0.7336 val_loss: 0.3311 val_accuracy: 0.9140
Epoch: 8 loss: 0.5470 accuracy: 0.7317 val_loss: 0.2989 val_accuracy: 0.9154
Epoch: 9 loss: 0.5452 accuracy: 0.7313 val_loss: 0.4103 val_accuracy: 0.9031
Epoch: 10 loss: 0.5444 accuracy: 0.7326 val_loss: 0.3216 val_accuracy: 0.9154
Epoch: 11 loss: 0.5459 accuracy: 0.7321 val_loss: 0.3412 val_accuracy: 0.9132
Epoch: 12 loss: 0.5430 accuracy: 0.7337 val_loss: 0.3688 val_accuracy: 0.9068
Epoch: 13 loss: 0.5430 accuracy: 0.7324 val_loss: 0.3774 val_accuracy: 0.9082
Epoch: 14 loss: 0.5409 accuracy: 0.7330 val_loss: 0.4014 val_accuracy: 0.9106
Epoch: 15 loss: 0.5409 accuracy: 0.7321 val_loss: 0.3092 val_accuracy: 0.9149
Epoch: 16 loss: 0.5413 accuracy: 0.7324 val_loss: 0.2808 val_accuracy: 0.9154
Epoch: 17 loss: 0.5406 accuracy: 0.7324 val_loss: 0.3353 val_accuracy: 0.9146
Epoch: 18 loss: 0.5393 accuracy: 0.7327 val_loss: 0.5174 val_accuracy: 0.7623
Epoch: 19 loss: 0.5403 accuracy: 0.7334 val_loss: 0.3364 val_accuracy: 0.9149
Epoch: 20 loss: 0.5387 accuracy: 0.7344 val_loss: 0.3144 val_accuracy: 0.9154
Job ended!
