Tue 27 Feb 2024 09:49:07 AM EST
Python 3.9.7
nvcc: NVIDIA (R) Cuda compiler driver
Copyright (c) 2005-2019 NVIDIA Corporation
Built on Sun_Jul_28_19:07:16_PDT_2019
Cuda compilation tools, release 10.1, V10.1.243
My SLURM_ARRAY_TASK_ID: 
DB: ['ISIC2016', 'ISIC2018']
IMG_SIZE: [150, 150]
CLASSIFIER: EfficientNetB3
SELF_AUG: 1
JOB_INDEX: None
Combining...
Combining 1 db out of 2 dbs
Combining 2 db out of 2 dbs
Stacking training images
Stacking training labels
Stacking validation images
Stacking validation labels
Model: "sequential"
_________________________________________________________________
Layer (type)                 Output Shape              Param #   
=================================================================
efficientnetb3 (Functional)  (None, 1536)              10783535  
_________________________________________________________________
dense (Dense)                (None, 512)               786944    
_________________________________________________________________
dropout (Dropout)            (None, 512)               0         
_________________________________________________________________
batch_normalization (BatchNo (None, 512)               2048      
_________________________________________________________________
dense_1 (Dense)              (None, 256)               131328    
_________________________________________________________________
dropout_1 (Dropout)          (None, 256)               0         
_________________________________________________________________
batch_normalization_1 (Batch (None, 256)               1024      
_________________________________________________________________
dense_2 (Dense)              (None, 2)                 514       
=================================================================
Total params: 11,705,393
Trainable params: 920,322
Non-trainable params: 10,785,071
_________________________________________________________________
Fitting ISIC2016+ISIC2018_aug_EfficientNetB3_150h_150w_None model...
model_name: ISIC2016+ISIC2018_aug_EfficientNetB3_150h_150w_None
Epoch: 1 loss: 0.6249 accuracy: 0.6854 val_loss: 0.4888 val_accuracy: 0.8472
Epoch: 2 loss: 0.5946 accuracy: 0.7189 val_loss: 0.4805 val_accuracy: 0.8472
Epoch: 3 loss: 0.5944 accuracy: 0.7187 val_loss: 0.4812 val_accuracy: 0.8472
Epoch: 4 loss: 0.5935 accuracy: 0.7189 val_loss: 0.4699 val_accuracy: 0.8472
Epoch: 5 loss: 0.5932 accuracy: 0.7187 val_loss: 0.4736 val_accuracy: 0.8472
Epoch: 6 loss: 0.5915 accuracy: 0.7187 val_loss: 0.4567 val_accuracy: 0.8472
Epoch: 7 loss: 0.5892 accuracy: 0.7187 val_loss: 0.4494 val_accuracy: 0.8472
Epoch: 8 loss: 0.5900 accuracy: 0.7187 val_loss: 0.4611 val_accuracy: 0.8472
Epoch: 9 loss: 0.5876 accuracy: 0.7191 val_loss: 0.4623 val_accuracy: 0.8472
Epoch: 10 loss: 0.5877 accuracy: 0.7189 val_loss: 0.4891 val_accuracy: 0.8472
Epoch: 11 loss: 0.5865 accuracy: 0.7189 val_loss: 0.4930 val_accuracy: 0.8472
Epoch: 12 loss: 0.5855 accuracy: 0.7188 val_loss: 0.4718 val_accuracy: 0.8472
Epoch: 13 loss: 0.5850 accuracy: 0.7187 val_loss: 0.4790 val_accuracy: 0.8472
Epoch: 14 loss: 0.5853 accuracy: 0.7189 val_loss: 0.4740 val_accuracy: 0.8472
Epoch: 15 loss: 0.5862 accuracy: 0.7190 val_loss: 0.4453 val_accuracy: 0.8472
Epoch: 16 loss: 0.5828 accuracy: 0.7189 val_loss: 0.4563 val_accuracy: 0.8472
Epoch: 17 loss: 0.5833 accuracy: 0.7189 val_loss: 0.4636 val_accuracy: 0.8472
Epoch: 18 loss: 0.5831 accuracy: 0.7189 val_loss: 0.4829 val_accuracy: 0.8472
Epoch: 19 loss: 0.5814 accuracy: 0.7190 val_loss: 0.4622 val_accuracy: 0.8472
Epoch: 20 loss: 0.5827 accuracy: 0.7186 val_loss: 0.4900 val_accuracy: 0.8472
Job ended!
