Fri 01 Mar 2024 05:44:50 AM EST
Python 3.9.7
nvcc: NVIDIA (R) Cuda compiler driver
Copyright (c) 2005-2019 NVIDIA Corporation
Built on Sun_Jul_28_19:07:16_PDT_2019
Cuda compilation tools, release 10.1, V10.1.243
My SLURM_ARRAY_TASK_ID: 
DB: ['ISIC2016', 'ISIC2017', 'ISIC2018', 'ISIC2019', 'ISIC2020', 'PH2', '_7_point_criteria']
IMG_SIZE: [150, 150]
CLASSIFIER: EfficientNetB3
SELF_AUG: 1
JOB_INDEX: None
Combining...
Combining 1 db out of 7 dbs
Combining 2 db out of 7 dbs
Combining 3 db out of 7 dbs
Combining 4 db out of 7 dbs
Combining 5 db out of 7 dbs
Combining 6 db out of 7 dbs
Combining 7 db out of 7 dbs
Stacking training images
Stacking training labels
Stacking validation images
Stacking validation labels
Model: "sequential"
_________________________________________________________________
Layer (type)                 Output Shape              Param #   
=================================================================
efficientnetb3 (Functional)  (None, 1536)              10783535  
_________________________________________________________________
dense (Dense)                (None, 512)               786944    
_________________________________________________________________
dropout (Dropout)            (None, 512)               0         
_________________________________________________________________
batch_normalization (BatchNo (None, 512)               2048      
_________________________________________________________________
dense_1 (Dense)              (None, 256)               131328    
_________________________________________________________________
dropout_1 (Dropout)          (None, 256)               0         
_________________________________________________________________
batch_normalization_1 (Batch (None, 256)               1024      
_________________________________________________________________
dense_2 (Dense)              (None, 2)                 514       
=================================================================
Total params: 11,705,393
Trainable params: 920,322
Non-trainable params: 10,785,071
_________________________________________________________________
Fitting ISIC2016+ISIC2017+ISIC2018+ISIC2019+ISIC2020+PH2+_7_point_criteria_aug_EfficientNetB3_150h_150w_None model...
model_name: ISIC2016+ISIC2017+ISIC2018+ISIC2019+ISIC2020+PH2+_7_point_criteria_aug_EfficientNetB3_150h_150w_None
Epoch: 1 loss: 0.4889 accuracy: 0.7778 val_loss: 0.2149 val_accuracy: 0.9197
Epoch: 2 loss: 0.3963 accuracy: 0.8144 val_loss: 0.2034 val_accuracy: 0.9249
Epoch: 3 loss: 0.3754 accuracy: 0.8268 val_loss: 0.1967 val_accuracy: 0.9264
Epoch: 4 loss: 0.3610 accuracy: 0.8342 val_loss: 0.1971 val_accuracy: 0.9258
Epoch: 5 loss: 0.3522 accuracy: 0.8380 val_loss: 0.1939 val_accuracy: 0.9278
Epoch: 6 loss: 0.3450 accuracy: 0.8418 val_loss: 0.1924 val_accuracy: 0.9277
Epoch: 7 loss: 0.3384 accuracy: 0.8443 val_loss: 0.1926 val_accuracy: 0.9295
Epoch: 8 loss: 0.3338 accuracy: 0.8468 val_loss: 0.1897 val_accuracy: 0.9305
Epoch: 9 loss: 0.3290 accuracy: 0.8488 val_loss: 0.1841 val_accuracy: 0.9321
Epoch: 10 loss: 0.3215 accuracy: 0.8530 val_loss: 0.1843 val_accuracy: 0.9322
Epoch: 11 loss: 0.3193 accuracy: 0.8534 val_loss: 0.1817 val_accuracy: 0.9321
Epoch: 12 loss: 0.3170 accuracy: 0.8555 val_loss: 0.1875 val_accuracy: 0.9318
Epoch: 13 loss: 0.3096 accuracy: 0.8583 val_loss: 0.1816 val_accuracy: 0.9339
Epoch: 14 loss: 0.3076 accuracy: 0.8584 val_loss: 0.1764 val_accuracy: 0.9362
Epoch: 15 loss: 0.3030 accuracy: 0.8625 val_loss: 0.1812 val_accuracy: 0.9312
Epoch: 16 loss: 0.3002 accuracy: 0.8627 val_loss: 0.1753 val_accuracy: 0.9358
Epoch: 17 loss: 0.2979 accuracy: 0.8643 val_loss: 0.1760 val_accuracy: 0.9367
Epoch: 18 loss: 0.2953 accuracy: 0.8667 val_loss: 0.1744 val_accuracy: 0.9345
Epoch: 19 loss: 0.2930 accuracy: 0.8681 val_loss: 0.1772 val_accuracy: 0.9359
Epoch: 20 loss: 0.2893 accuracy: 0.8689 val_loss: 0.1785 val_accuracy: 0.9362
Job ended!
