Fri 01 Mar 2024 06:58:58 AM EST
Python 3.9.7
nvcc: NVIDIA (R) Cuda compiler driver
Copyright (c) 2005-2019 NVIDIA Corporation
Built on Sun_Jul_28_19:07:16_PDT_2019
Cuda compilation tools, release 10.1, V10.1.243
My SLURM_ARRAY_TASK_ID: 
DB: ['ISIC2018']
IMG_SIZE: [150, 150]
CLASSIFIER: EfficientNetB3
SELF_AUG: 1
JOB_INDEX: None
Combining...
Combining 1 db out of 1 dbs
Stacking training images
Stacking training labels
Stacking validation images
Stacking validation labels
Model: "sequential"
_________________________________________________________________
Layer (type)                 Output Shape              Param #   
=================================================================
efficientnetb3 (Functional)  (None, 1536)              10783535  
_________________________________________________________________
dense (Dense)                (None, 512)               786944    
_________________________________________________________________
dropout (Dropout)            (None, 512)               0         
_________________________________________________________________
batch_normalization (BatchNo (None, 512)               2048      
_________________________________________________________________
dense_1 (Dense)              (None, 256)               131328    
_________________________________________________________________
dropout_1 (Dropout)          (None, 256)               0         
_________________________________________________________________
batch_normalization_1 (Batch (None, 256)               1024      
_________________________________________________________________
dense_2 (Dense)              (None, 2)                 514       
=================================================================
Total params: 11,705,393
Trainable params: 920,322
Non-trainable params: 10,785,071
_________________________________________________________________
Fitting ISIC2018_aug_EfficientNetB3_150h_150w_None model...
model_name: ISIC2018_aug_EfficientNetB3_150h_150w_None
Epoch: 1 loss: 0.6465 accuracy: 0.7117 val_loss: 0.3150 val_accuracy: 0.8549
Epoch: 2 loss: 0.4775 accuracy: 0.7917 val_loss: 0.3047 val_accuracy: 0.8860
Epoch: 3 loss: 0.4264 accuracy: 0.8157 val_loss: 0.2611 val_accuracy: 0.9016
Epoch: 4 loss: 0.4032 accuracy: 0.8246 val_loss: 0.2716 val_accuracy: 0.8808
Epoch: 5 loss: 0.3821 accuracy: 0.8321 val_loss: 0.2597 val_accuracy: 0.8756
Epoch: 6 loss: 0.3669 accuracy: 0.8378 val_loss: 0.2417 val_accuracy: 0.8653
Epoch: 7 loss: 0.3596 accuracy: 0.8415 val_loss: 0.2161 val_accuracy: 0.9171
Epoch: 8 loss: 0.3447 accuracy: 0.8483 val_loss: 0.2168 val_accuracy: 0.8964
Epoch: 9 loss: 0.3309 accuracy: 0.8546 val_loss: 0.2307 val_accuracy: 0.9067
Epoch: 10 loss: 0.3225 accuracy: 0.8628 val_loss: 0.2189 val_accuracy: 0.9067
Epoch: 11 loss: 0.3195 accuracy: 0.8612 val_loss: 0.2299 val_accuracy: 0.8964
Epoch: 12 loss: 0.3146 accuracy: 0.8657 val_loss: 0.2490 val_accuracy: 0.8964
Epoch: 13 loss: 0.3030 accuracy: 0.8681 val_loss: 0.2383 val_accuracy: 0.9119
Epoch: 14 loss: 0.2969 accuracy: 0.8725 val_loss: 0.2533 val_accuracy: 0.9067
Epoch: 15 loss: 0.2906 accuracy: 0.8758 val_loss: 0.2208 val_accuracy: 0.9067
Epoch: 16 loss: 0.2822 accuracy: 0.8765 val_loss: 0.2317 val_accuracy: 0.9067
Epoch: 17 loss: 0.2780 accuracy: 0.8815 val_loss: 0.2280 val_accuracy: 0.9171
Epoch: 18 loss: 0.2721 accuracy: 0.8833 val_loss: 0.2516 val_accuracy: 0.8808
Epoch: 19 loss: 0.2708 accuracy: 0.8849 val_loss: 0.2228 val_accuracy: 0.9119
Epoch: 20 loss: 0.2620 accuracy: 0.8878 val_loss: 0.2205 val_accuracy: 0.9223
Job ended!
