Fri 01 Mar 2024 02:12:05 AM EST
Python 3.9.7
nvcc: NVIDIA (R) Cuda compiler driver
Copyright (c) 2005-2019 NVIDIA Corporation
Built on Sun_Jul_28_19:07:16_PDT_2019
Cuda compilation tools, release 10.1, V10.1.243
My SLURM_ARRAY_TASK_ID: 
DB: ['ISIC2016', 'ISIC2020']
IMG_SIZE: [150, 150]
CLASSIFIER: EfficientNetB0
SELF_AUG: 1
JOB_INDEX: None
Combining...
Combining 1 db out of 2 dbs
Combining 2 db out of 2 dbs
Stacking training images
Stacking training labels
Stacking validation images
Stacking validation labels
Model: "sequential"
_________________________________________________________________
Layer (type)                 Output Shape              Param #   
=================================================================
efficientnetb0 (Functional)  (None, 1280)              4049571   
_________________________________________________________________
dense (Dense)                (None, 512)               655872    
_________________________________________________________________
dropout (Dropout)            (None, 512)               0         
_________________________________________________________________
batch_normalization (BatchNo (None, 512)               2048      
_________________________________________________________________
dense_1 (Dense)              (None, 256)               131328    
_________________________________________________________________
dropout_1 (Dropout)          (None, 256)               0         
_________________________________________________________________
batch_normalization_1 (Batch (None, 256)               1024      
_________________________________________________________________
dense_2 (Dense)              (None, 2)                 514       
=================================================================
Total params: 4,840,357
Trainable params: 789,250
Non-trainable params: 4,051,107
_________________________________________________________________
Fitting ISIC2016+ISIC2020_aug_EfficientNetB0_150h_150w_None model...
model_name: ISIC2016+ISIC2020_aug_EfficientNetB0_150h_150w_None
Epoch: 1 loss: 0.4570 accuracy: 0.7991 val_loss: 0.1070 val_accuracy: 0.9774
Epoch: 2 loss: 0.3079 accuracy: 0.8575 val_loss: 0.0853 val_accuracy: 0.9781
Epoch: 3 loss: 0.2857 accuracy: 0.8663 val_loss: 0.0790 val_accuracy: 0.9803
Epoch: 4 loss: 0.2720 accuracy: 0.8708 val_loss: 0.0832 val_accuracy: 0.9788
Epoch: 5 loss: 0.2604 accuracy: 0.8794 val_loss: 0.0808 val_accuracy: 0.9796
Epoch: 6 loss: 0.2551 accuracy: 0.8831 val_loss: 0.0790 val_accuracy: 0.9793
Epoch: 7 loss: 0.2512 accuracy: 0.8842 val_loss: 0.0816 val_accuracy: 0.9797
Epoch: 8 loss: 0.2445 accuracy: 0.8859 val_loss: 0.0806 val_accuracy: 0.9785
Epoch: 9 loss: 0.2404 accuracy: 0.8888 val_loss: 0.0836 val_accuracy: 0.9778
Epoch: 10 loss: 0.2377 accuracy: 0.8908 val_loss: 0.0829 val_accuracy: 0.9785
Epoch: 11 loss: 0.2350 accuracy: 0.8922 val_loss: 0.0848 val_accuracy: 0.9784
Epoch: 12 loss: 0.2322 accuracy: 0.8947 val_loss: 0.0901 val_accuracy: 0.9769
Epoch: 13 loss: 0.2289 accuracy: 0.8953 val_loss: 0.0849 val_accuracy: 0.9793
Epoch: 14 loss: 0.2248 accuracy: 0.8968 val_loss: 0.0908 val_accuracy: 0.9756
Epoch: 15 loss: 0.2245 accuracy: 0.8969 val_loss: 0.0851 val_accuracy: 0.9784
Epoch: 16 loss: 0.2214 accuracy: 0.8986 val_loss: 0.0877 val_accuracy: 0.9785
Epoch: 17 loss: 0.2180 accuracy: 0.9004 val_loss: 0.0872 val_accuracy: 0.9777
Epoch: 18 loss: 0.2165 accuracy: 0.9011 val_loss: 0.0901 val_accuracy: 0.9780
Epoch: 19 loss: 0.2150 accuracy: 0.9028 val_loss: 0.0883 val_accuracy: 0.9775
Epoch: 20 loss: 0.2122 accuracy: 0.9021 val_loss: 0.0880 val_accuracy: 0.9766
Job ended!
