Fri 01 Mar 2024 01:31:44 AM EST
Python 3.9.7
nvcc: NVIDIA (R) Cuda compiler driver
Copyright (c) 2005-2019 NVIDIA Corporation
Built on Sun_Jul_28_19:07:16_PDT_2019
Cuda compilation tools, release 10.1, V10.1.243
My SLURM_ARRAY_TASK_ID: 
DB: ['ISIC2016', 'ISIC2017', 'ISIC2018', 'ISIC2019', 'ISIC2020', 'PAD_UFES_20', 'MEDNODE']
IMG_SIZE: [150, 150]
CLASSIFIER: EfficientNetB0
SELF_AUG: 1
JOB_INDEX: None
Combining...
Combining 1 db out of 7 dbs
Combining 2 db out of 7 dbs
Combining 3 db out of 7 dbs
Combining 4 db out of 7 dbs
Combining 5 db out of 7 dbs
Combining 6 db out of 7 dbs
Combining 7 db out of 7 dbs
Stacking training images
Stacking training labels
Stacking validation images
Stacking validation labels
Model: "sequential"
_________________________________________________________________
Layer (type)                 Output Shape              Param #   
=================================================================
efficientnetb0 (Functional)  (None, 1280)              4049571   
_________________________________________________________________
dense (Dense)                (None, 512)               655872    
_________________________________________________________________
dropout (Dropout)            (None, 512)               0         
_________________________________________________________________
batch_normalization (BatchNo (None, 512)               2048      
_________________________________________________________________
dense_1 (Dense)              (None, 256)               131328    
_________________________________________________________________
dropout_1 (Dropout)          (None, 256)               0         
_________________________________________________________________
batch_normalization_1 (Batch (None, 256)               1024      
_________________________________________________________________
dense_2 (Dense)              (None, 2)                 514       
=================================================================
Total params: 4,840,357
Trainable params: 789,250
Non-trainable params: 4,051,107
_________________________________________________________________
Fitting ISIC2016+ISIC2017+ISIC2018+ISIC2019+ISIC2020+PAD_UFES_20+MEDNODE_aug_EfficientNetB0_150h_150w_None model...
model_name: ISIC2016+ISIC2017+ISIC2018+ISIC2019+ISIC2020+PAD_UFES_20+MEDNODE_aug_EfficientNetB0_150h_150w_None
Epoch: 1 loss: 0.4708 accuracy: 0.7833 val_loss: 0.1984 val_accuracy: 0.9285
Epoch: 2 loss: 0.3838 accuracy: 0.8202 val_loss: 0.1924 val_accuracy: 0.9295
Epoch: 3 loss: 0.3633 accuracy: 0.8312 val_loss: 0.1864 val_accuracy: 0.9308
Epoch: 4 loss: 0.3515 accuracy: 0.8371 val_loss: 0.1802 val_accuracy: 0.9329
Epoch: 5 loss: 0.3426 accuracy: 0.8416 val_loss: 0.1795 val_accuracy: 0.9330
Epoch: 6 loss: 0.3354 accuracy: 0.8450 val_loss: 0.1806 val_accuracy: 0.9334
Epoch: 7 loss: 0.3300 accuracy: 0.8471 val_loss: 0.1760 val_accuracy: 0.9355
Epoch: 8 loss: 0.3255 accuracy: 0.8503 val_loss: 0.1711 val_accuracy: 0.9369
Epoch: 9 loss: 0.3182 accuracy: 0.8538 val_loss: 0.1685 val_accuracy: 0.9372
Epoch: 10 loss: 0.3164 accuracy: 0.8548 val_loss: 0.1690 val_accuracy: 0.9388
Epoch: 11 loss: 0.3103 accuracy: 0.8583 val_loss: 0.1695 val_accuracy: 0.9373
Epoch: 12 loss: 0.3081 accuracy: 0.8580 val_loss: 0.1674 val_accuracy: 0.9376
Epoch: 13 loss: 0.3046 accuracy: 0.8603 val_loss: 0.1639 val_accuracy: 0.9401
Epoch: 14 loss: 0.3005 accuracy: 0.8610 val_loss: 0.1643 val_accuracy: 0.9399
Epoch: 15 loss: 0.2967 accuracy: 0.8639 val_loss: 0.1672 val_accuracy: 0.9387
Epoch: 16 loss: 0.2935 accuracy: 0.8650 val_loss: 0.1628 val_accuracy: 0.9407
Epoch: 17 loss: 0.2900 accuracy: 0.8682 val_loss: 0.1651 val_accuracy: 0.9398
Epoch: 18 loss: 0.2873 accuracy: 0.8687 val_loss: 0.1610 val_accuracy: 0.9427
Epoch: 19 loss: 0.2842 accuracy: 0.8688 val_loss: 0.1576 val_accuracy: 0.9430
Epoch: 20 loss: 0.2820 accuracy: 0.8711 val_loss: 0.1639 val_accuracy: 0.9430
Job ended!
