Thu 02 May 2024 08:51:00 AM EDT
Python 3.9.7
nvcc: NVIDIA (R) Cuda compiler driver
Copyright (c) 2005-2019 NVIDIA Corporation
Built on Sun_Jul_28_19:07:16_PDT_2019
Cuda compilation tools, release 10.1, V10.1.243
My SLURM_ARRAY_TASK_ID: 
DB: ['ISIC2016', 'ISIC2017', 'ISIC2018', 'ISIC2019', 'ISIC2020', 'PH2', '_7_point_criteria', 'MEDNODE', 'KaggleMB']
IMG_SIZE: [384, 384]
CLASSIFIER: ResNet152
JOB_INDEX: None
Start training augmented images
Combining...
Combining 1th db out of 9 dbs
Combining 2th db out of 9 dbs
Combining 3th db out of 9 dbs
Combining 4th db out of 9 dbs
Combining 5th db out of 9 dbs
Combining 6th db out of 9 dbs
Combining 7th db out of 9 dbs
Combining 8th db out of 9 dbs
Combining 9th db out of 9 dbs
Stacking data
Combining complete
Model: "sequential"
_________________________________________________________________
Layer (type)                 Output Shape              Param #   
=================================================================
resnet152 (Functional)       (None, 2048)              58370944  
_________________________________________________________________
dense (Dense)                (None, 512)               1049088   
_________________________________________________________________
dropout (Dropout)            (None, 512)               0         
_________________________________________________________________
batch_normalization (BatchNo (None, 512)               2048      
_________________________________________________________________
dense_1 (Dense)              (None, 256)               131328    
_________________________________________________________________
batch_normalization_1 (Batch (None, 256)               1024      
_________________________________________________________________
dense_2 (Dense)              (None, 2)                 514       
=================================================================
Total params: 59,554,946
Trainable params: 1,182,466
Non-trainable params: 58,372,480
_________________________________________________________________
Fitting ISIC2016+ISIC2017+ISIC2018+ISIC2019+ISIC2020+PH2+_7_point_criteria+MEDNODE+KaggleMB_aug_ResNet152_384h_384w_None model...
model_name: ISIC2016+ISIC2017+ISIC2018+ISIC2019+ISIC2020+PH2+_7_point_criteria+MEDNODE+KaggleMB_aug_ResNet152_384h_384w_None
Epoch: 1 loss: 0.8755 accuracy: 0.6589 val_loss: 0.7113 val_accuracy: 0.8911
Epoch: 2 loss: 0.6961 accuracy: 0.7219 val_loss: 1.0668 val_accuracy: 0.1095
Epoch: 3 loss: 0.6796 accuracy: 0.7151 val_loss: 0.4205 val_accuracy: 0.8909
Epoch: 4 loss: 0.6122 accuracy: 0.7435 val_loss: 0.9811 val_accuracy: 0.1091
Epoch: 5 loss: 0.6072 accuracy: 0.7300 val_loss: 3.8073 val_accuracy: 0.1125
Epoch: 6 loss: 0.6031 accuracy: 0.7260 val_loss: 0.3983 val_accuracy: 0.8911
Epoch: 7 loss: 0.5652 accuracy: 0.7370 val_loss: 1.1188 val_accuracy: 0.1196
Epoch: 8 loss: 0.5358 accuracy: 0.7545 val_loss: 2.1411 val_accuracy: 0.1184
Epoch: 9 loss: 0.5466 accuracy: 0.7459 val_loss: 0.4056 val_accuracy: 0.8911
Epoch: 10 loss: 0.5890 accuracy: 0.7199 val_loss: 2.6588 val_accuracy: 0.1174
Epoch: 11 loss: 0.5334 accuracy: 0.7548 val_loss: 0.3801 val_accuracy: 0.8911
Epoch: 12 loss: 0.5430 accuracy: 0.7431 val_loss: 0.4163 val_accuracy: 0.8645
Epoch: 13 loss: 0.5425 accuracy: 0.7413 val_loss: 0.3544 val_accuracy: 0.8910
Epoch: 14 loss: 0.5242 accuracy: 0.7592 val_loss: 0.5192 val_accuracy: 0.8911
Epoch: 15 loss: 0.5322 accuracy: 0.7547 val_loss: 0.3155 val_accuracy: 0.8891
Epoch: 16 loss: 0.5738 accuracy: 0.7281 val_loss: 0.4471 val_accuracy: 0.8911
Epoch: 17 loss: 0.5919 accuracy: 0.7159 val_loss: 0.3521 val_accuracy: 0.8909
Epoch: 18 loss: 0.5791 accuracy: 0.7228 val_loss: 0.3587 val_accuracy: 0.8911
Epoch: 19 loss: 0.5924 accuracy: 0.7166 val_loss: 0.4125 val_accuracy: 0.8911
Epoch: 20 loss: 0.6029 accuracy: 0.7106 val_loss: 0.4974 val_accuracy: 0.8911

Epoch 00020: ReduceLROnPlateau reducing learning rate to 7.999999797903001e-05.
Epoch: 21 loss: 0.5967 accuracy: 0.7139 val_loss: 0.4566 val_accuracy: 0.8911
Epoch: 22 loss: 0.6038 accuracy: 0.7086 val_loss: 0.4455 val_accuracy: 0.8911
Epoch: 23 loss: 0.5884 accuracy: 0.7148 val_loss: 0.4433 val_accuracy: 0.8911
Epoch: 24 loss: 0.5464 accuracy: 0.7444 val_loss: 1.0104 val_accuracy: 0.1773
Epoch: 25 loss: 0.5842 accuracy: 0.7214 val_loss: 0.4200 val_accuracy: 0.8911

Epoch 00025: ReduceLROnPlateau reducing learning rate to 6.399999838322402e-05.
End of augmented training
Finish
Job ended!
