Tue 30 Apr 2024 06:54:31 PM EDT
Python 3.9.7
nvcc: NVIDIA (R) Cuda compiler driver
Copyright (c) 2005-2019 NVIDIA Corporation
Built on Sun_Jul_28_19:07:16_PDT_2019
Cuda compilation tools, release 10.1, V10.1.243
My SLURM_ARRAY_TASK_ID: 
DB: ['ISIC2016', '_7_point_criteria', 'PAD_UFES_20']
IMG_SIZE: [640, 640]
CLASSIFIER: ResNet152
JOB_INDEX: None
Start training augmented images
Combining...
Combining 1th db out of 3 dbs
Combining 2th db out of 3 dbs
Combining 3th db out of 3 dbs
Stacking data
Combining complete
Model: "sequential"
_________________________________________________________________
Layer (type)                 Output Shape              Param #   
=================================================================
resnet152 (Functional)       (None, 2048)              58370944  
_________________________________________________________________
dense (Dense)                (None, 512)               1049088   
_________________________________________________________________
dropout (Dropout)            (None, 512)               0         
_________________________________________________________________
batch_normalization (BatchNo (None, 512)               2048      
_________________________________________________________________
dense_1 (Dense)              (None, 256)               131328    
_________________________________________________________________
dropout_1 (Dropout)          (None, 256)               0         
_________________________________________________________________
batch_normalization_1 (Batch (None, 256)               1024      
_________________________________________________________________
dense_2 (Dense)              (None, 2)                 514       
=================================================================
Total params: 59,554,946
Trainable params: 1,182,466
Non-trainable params: 58,372,480
_________________________________________________________________
Fitting ISIC2016+_7_point_criteria+PAD_UFES_20_aug_ResNet152_640h_640w_None model...
model_name: ISIC2016+_7_point_criteria+PAD_UFES_20_aug_ResNet152_640h_640w_None
Epoch: 1 loss: 0.9662 accuracy: 0.5174 val_loss: 0.4440 val_accuracy: 0.8790
Epoch: 2 loss: 0.8855 accuracy: 0.5283 val_loss: 0.7824 val_accuracy: 0.1222
Epoch: 3 loss: 0.8004 accuracy: 0.5614 val_loss: 0.6231 val_accuracy: 0.8790
Epoch: 4 loss: 0.7666 accuracy: 0.5790 val_loss: 0.9765 val_accuracy: 0.1210
Epoch: 5 loss: 0.7299 accuracy: 0.6044 val_loss: 0.5065 val_accuracy: 0.8790
Epoch: 6 loss: 0.7012 accuracy: 0.6182 val_loss: 0.6931 val_accuracy: 0.3689
Epoch: 7 loss: 0.7178 accuracy: 0.6212 val_loss: 0.5043 val_accuracy: 0.8790
Epoch: 8 loss: 0.6982 accuracy: 0.6332 val_loss: 0.6382 val_accuracy: 0.8790
Epoch: 9 loss: 0.6866 accuracy: 0.6513 val_loss: 0.5000 val_accuracy: 0.8790
Epoch: 10 loss: 0.6654 accuracy: 0.6583 val_loss: 0.4818 val_accuracy: 0.8790
Epoch: 11 loss: 0.7055 accuracy: 0.6447 val_loss: 0.4819 val_accuracy: 0.8790
Epoch: 12 loss: 0.6630 accuracy: 0.6721 val_loss: 0.6012 val_accuracy: 0.8790
Epoch: 13 loss: 0.6623 accuracy: 0.6780 val_loss: 0.5629 val_accuracy: 0.8790
Epoch: 14 loss: 0.6637 accuracy: 0.6710 val_loss: 0.6260 val_accuracy: 0.8790
Epoch: 15 loss: 0.6681 accuracy: 0.6780 val_loss: 0.6226 val_accuracy: 0.8790
Epoch: 16 loss: 0.6548 accuracy: 0.6923 val_loss: 0.5035 val_accuracy: 0.8790
Epoch: 17 loss: 0.6646 accuracy: 0.6812 val_loss: 0.6815 val_accuracy: 0.8209
Epoch: 18 loss: 0.6498 accuracy: 0.6918 val_loss: 0.6946 val_accuracy: 0.3369
Epoch: 19 loss: 0.6661 accuracy: 0.6837 val_loss: 0.5699 val_accuracy: 0.8790
Epoch: 20 loss: 0.6543 accuracy: 0.6771 val_loss: 0.5117 val_accuracy: 0.8790
Epoch: 21 loss: 0.6650 accuracy: 0.6803 val_loss: 0.6152 val_accuracy: 0.8790
Epoch: 22 loss: 0.6424 accuracy: 0.6959 val_loss: 0.5829 val_accuracy: 0.8790
Epoch: 23 loss: 0.6375 accuracy: 0.7004 val_loss: 0.6494 val_accuracy: 0.8790
Epoch: 24 loss: 0.6444 accuracy: 0.6920 val_loss: 0.5414 val_accuracy: 0.8790
Epoch: 25 loss: 0.6259 accuracy: 0.7133 val_loss: 0.5749 val_accuracy: 0.8790
Epoch: 26 loss: 0.6341 accuracy: 0.6995 val_loss: 0.6471 val_accuracy: 0.8814
Epoch: 27 loss: 0.6236 accuracy: 0.7104 val_loss: 0.6041 val_accuracy: 0.8790
Epoch: 28 loss: 0.6289 accuracy: 0.7063 val_loss: 0.6652 val_accuracy: 0.8588
Epoch: 29 loss: 0.6136 accuracy: 0.7120 val_loss: 0.5129 val_accuracy: 0.8790
Epoch: 30 loss: 0.6318 accuracy: 0.6972 val_loss: 0.5084 val_accuracy: 0.8790
Epoch: 31 loss: 0.6337 accuracy: 0.7079 val_loss: 0.5429 val_accuracy: 0.8790
Epoch: 32 loss: 0.6351 accuracy: 0.7013 val_loss: 0.6144 val_accuracy: 0.8790
Epoch: 33 loss: 0.6270 accuracy: 0.7015 val_loss: 0.5834 val_accuracy: 0.8790
Epoch: 34 loss: 0.6097 accuracy: 0.7181 val_loss: 0.6799 val_accuracy: 0.8327
Epoch: 35 loss: 0.6107 accuracy: 0.7217 val_loss: 0.5767 val_accuracy: 0.8790
Epoch: 36 loss: 0.6314 accuracy: 0.6995 val_loss: 0.6347 val_accuracy: 0.8790
Epoch: 37 loss: 0.6205 accuracy: 0.7086 val_loss: 0.6317 val_accuracy: 0.8790
Epoch: 38 loss: 0.6119 accuracy: 0.7208 val_loss: 0.5688 val_accuracy: 0.8790
Epoch: 39 loss: 0.6194 accuracy: 0.7131 val_loss: 0.5710 val_accuracy: 0.8790
Epoch: 40 loss: 0.6271 accuracy: 0.7018 val_loss: 0.5903 val_accuracy: 0.8790
Epoch: 41 loss: 0.5910 accuracy: 0.7298 val_loss: 0.5591 val_accuracy: 0.8790
Epoch: 42 loss: 0.6104 accuracy: 0.7192 val_loss: 0.6876 val_accuracy: 0.6346
Epoch: 43 loss: 0.6021 accuracy: 0.7251 val_loss: 0.6973 val_accuracy: 0.3167
Epoch: 44 loss: 0.6111 accuracy: 0.7129 val_loss: 0.5353 val_accuracy: 0.8790
Epoch: 45 loss: 0.6117 accuracy: 0.7199 val_loss: 0.5353 val_accuracy: 0.8790
Epoch: 46 loss: 0.5920 accuracy: 0.7278 val_loss: 0.5943 val_accuracy: 0.8790
Epoch: 47 loss: 0.6020 accuracy: 0.7221 val_loss: 0.5364 val_accuracy: 0.8790
Epoch: 48 loss: 0.5991 accuracy: 0.7298 val_loss: 0.5761 val_accuracy: 0.8790
Epoch: 49 loss: 0.6003 accuracy: 0.7228 val_loss: 0.5038 val_accuracy: 0.8790
Epoch: 50 loss: 0.5976 accuracy: 0.7262 val_loss: 0.5836 val_accuracy: 0.8790
Epoch: 51 loss: 0.5898 accuracy: 0.7335 val_loss: 0.5757 val_accuracy: 0.8790
Epoch: 52 loss: 0.5957 accuracy: 0.7280 val_loss: 0.6578 val_accuracy: 0.8790
Epoch: 53 loss: 0.5964 accuracy: 0.7228 val_loss: 0.6493 val_accuracy: 0.8814
Epoch: 54 loss: 0.5992 accuracy: 0.7264 val_loss: 0.5226 val_accuracy: 0.8790
Epoch: 55 loss: 0.5830 accuracy: 0.7416 val_loss: 0.6013 val_accuracy: 0.8790
Epoch: 56 loss: 0.5968 accuracy: 0.7323 val_loss: 0.6864 val_accuracy: 0.6714
Epoch: 57 loss: 0.5923 accuracy: 0.7264 val_loss: 0.6107 val_accuracy: 0.8790
Epoch: 58 loss: 0.5942 accuracy: 0.7337 val_loss: 0.6120 val_accuracy: 0.8790
Epoch: 59 loss: 0.5893 accuracy: 0.7405 val_loss: 0.5256 val_accuracy: 0.8790
Epoch: 60 loss: 0.5817 accuracy: 0.7385 val_loss: 0.5212 val_accuracy: 0.8790
Epoch: 61 loss: 0.5966 accuracy: 0.7246 val_loss: 0.5063 val_accuracy: 0.8790
Epoch: 62 loss: 0.5914 accuracy: 0.7360 val_loss: 0.5311 val_accuracy: 0.8790
Epoch: 63 loss: 0.5693 accuracy: 0.7446 val_loss: 0.4549 val_accuracy: 0.8790
Epoch: 64 loss: 0.5932 accuracy: 0.7271 val_loss: 0.4986 val_accuracy: 0.8790
Epoch: 65 loss: 0.5773 accuracy: 0.7364 val_loss: 0.3806 val_accuracy: 0.8790
Epoch: 66 loss: 0.5748 accuracy: 0.7434 val_loss: 0.4571 val_accuracy: 0.8790
Epoch: 67 loss: 0.5751 accuracy: 0.7430 val_loss: 0.5133 val_accuracy: 0.8790
Epoch: 68 loss: 0.5679 accuracy: 0.7439 val_loss: 0.4745 val_accuracy: 0.8790
Epoch: 69 loss: 0.5807 accuracy: 0.7391 val_loss: 0.4920 val_accuracy: 0.8790
Epoch: 70 loss: 0.5743 accuracy: 0.7403 val_loss: 0.4653 val_accuracy: 0.8790
Epoch: 71 loss: 0.5833 accuracy: 0.7335 val_loss: 0.4917 val_accuracy: 0.8790
Epoch: 72 loss: 0.5750 accuracy: 0.7400 val_loss: 0.4707 val_accuracy: 0.8790
Epoch: 73 loss: 0.5646 accuracy: 0.7482 val_loss: 0.4387 val_accuracy: 0.8790
Epoch: 74 loss: 0.5762 accuracy: 0.7337 val_loss: 0.4243 val_accuracy: 0.8790
Epoch: 75 loss: 0.5722 accuracy: 0.7389 val_loss: 0.4224 val_accuracy: 0.8790
Epoch: 76 loss: 0.5772 accuracy: 0.7375 val_loss: 0.4346 val_accuracy: 0.8790
Epoch: 77 loss: 0.5736 accuracy: 0.7389 val_loss: 0.4316 val_accuracy: 0.8790
Epoch: 78 loss: 0.5699 accuracy: 0.7428 val_loss: 0.4389 val_accuracy: 0.8790
Epoch: 79 loss: 0.5757 accuracy: 0.7337 val_loss: 0.4331 val_accuracy: 0.8790
Epoch: 80 loss: 0.5707 accuracy: 0.7407 val_loss: 0.4336 val_accuracy: 0.8790
Epoch: 81 loss: 0.5657 accuracy: 0.7455 val_loss: 0.4327 val_accuracy: 0.8790
Epoch: 82 loss: 0.5645 accuracy: 0.7425 val_loss: 0.4171 val_accuracy: 0.8790
Epoch: 83 loss: 0.5679 accuracy: 0.7364 val_loss: 0.3833 val_accuracy: 0.8790
Epoch: 84 loss: 0.5615 accuracy: 0.7425 val_loss: 0.4804 val_accuracy: 0.8790
Epoch: 85 loss: 0.5563 accuracy: 0.7400 val_loss: 0.5295 val_accuracy: 0.8790
Epoch: 86 loss: 0.5514 accuracy: 0.7434 val_loss: 0.5665 val_accuracy: 0.8790
Epoch: 87 loss: 0.5554 accuracy: 0.7369 val_loss: 0.3815 val_accuracy: 0.8790
Epoch: 88 loss: 0.5528 accuracy: 0.7416 val_loss: 0.5858 val_accuracy: 0.8790
Epoch: 89 loss: 0.5439 accuracy: 0.7351 val_loss: 0.6197 val_accuracy: 0.8790
Epoch: 90 loss: 0.5423 accuracy: 0.7298 val_loss: 0.5462 val_accuracy: 0.8790
Epoch: 91 loss: 0.5407 accuracy: 0.7344 val_loss: 0.5943 val_accuracy: 0.8790
Epoch: 92 loss: 0.5354 accuracy: 0.7378 val_loss: 0.6385 val_accuracy: 0.8790
Epoch: 93 loss: 0.5386 accuracy: 0.7369 val_loss: 0.3471 val_accuracy: 0.8790
Epoch: 94 loss: 0.5387 accuracy: 0.7314 val_loss: 0.5900 val_accuracy: 0.8790
Epoch: 95 loss: 0.5265 accuracy: 0.7400 val_loss: 0.4825 val_accuracy: 0.8790
Epoch: 96 loss: 0.5311 accuracy: 0.7303 val_loss: 0.5103 val_accuracy: 0.8790
Epoch: 97 loss: 0.5813 accuracy: 0.7337 val_loss: 0.4020 val_accuracy: 0.8790
Epoch: 98 loss: 0.5756 accuracy: 0.7391 val_loss: 0.4098 val_accuracy: 0.8790
Epoch: 99 loss: 0.5530 accuracy: 0.7586 val_loss: 0.4203 val_accuracy: 0.8790
Epoch: 100 loss: 0.5744 accuracy: 0.7389 val_loss: 0.4324 val_accuracy: 0.8790
End of augmented training
Finish
Job ended!
