Thu 02 May 2024 10:34:49 AM EDT
Python 3.9.7
nvcc: NVIDIA (R) Cuda compiler driver
Copyright (c) 2005-2019 NVIDIA Corporation
Built on Sun_Jul_28_19:07:16_PDT_2019
Cuda compilation tools, release 10.1, V10.1.243
My SLURM_ARRAY_TASK_ID: 
DB: ['ISIC2016', 'ISIC2017', 'ISIC2018', 'ISIC2019', 'ISIC2020', 'PH2', 'MEDNODE', 'KaggleMB']
IMG_SIZE: [384, 384]
CLASSIFIER: ResNet152
JOB_INDEX: None
Start training augmented images
Combining...
Combining 1th db out of 8 dbs
Combining 2th db out of 8 dbs
Combining 3th db out of 8 dbs
Combining 4th db out of 8 dbs
Combining 5th db out of 8 dbs
Combining 6th db out of 8 dbs
Combining 7th db out of 8 dbs
Combining 8th db out of 8 dbs
Stacking data
Combining complete
Model: "sequential"
_________________________________________________________________
Layer (type)                 Output Shape              Param #   
=================================================================
resnet152 (Functional)       (None, 2048)              58370944  
_________________________________________________________________
dense (Dense)                (None, 512)               1049088   
_________________________________________________________________
dropout (Dropout)            (None, 512)               0         
_________________________________________________________________
batch_normalization (BatchNo (None, 512)               2048      
_________________________________________________________________
dense_1 (Dense)              (None, 256)               131328    
_________________________________________________________________
batch_normalization_1 (Batch (None, 256)               1024      
_________________________________________________________________
dense_2 (Dense)              (None, 2)                 514       
=================================================================
Total params: 59,554,946
Trainable params: 1,182,466
Non-trainable params: 58,372,480
_________________________________________________________________
Fitting ISIC2016+ISIC2017+ISIC2018+ISIC2019+ISIC2020+PH2+MEDNODE+KaggleMB_aug_ResNet152_384h_384w_None model...
model_name: ISIC2016+ISIC2017+ISIC2018+ISIC2019+ISIC2020+PH2+MEDNODE+KaggleMB_aug_ResNet152_384h_384w_None
Epoch: 1 loss: 0.8691 accuracy: 0.6625 val_loss: 0.7484 val_accuracy: 0.8932
Epoch: 2 loss: 0.6931 accuracy: 0.7307 val_loss: 0.4221 val_accuracy: 0.8935
Epoch: 3 loss: 0.6433 accuracy: 0.7384 val_loss: 0.4605 val_accuracy: 0.8659
Epoch: 4 loss: 0.5996 accuracy: 0.7543 val_loss: 0.4742 val_accuracy: 0.8891
Epoch: 5 loss: 0.5652 accuracy: 0.7612 val_loss: 0.3440 val_accuracy: 0.8918
Epoch: 6 loss: 0.5451 accuracy: 0.7646 val_loss: 0.3473 val_accuracy: 0.8922
Epoch: 7 loss: 0.5260 accuracy: 0.7693 val_loss: 0.3355 val_accuracy: 0.8910
Epoch: 8 loss: 0.5471 accuracy: 0.7527 val_loss: 0.3846 val_accuracy: 0.8941
Epoch: 9 loss: 0.5708 accuracy: 0.7331 val_loss: 1.1420 val_accuracy: 0.8941
Epoch: 10 loss: 0.5299 accuracy: 0.7595 val_loss: 0.3789 val_accuracy: 0.8740
Epoch: 11 loss: 0.6021 accuracy: 0.7116 val_loss: 0.4816 val_accuracy: 0.8941
Epoch: 12 loss: 0.6033 accuracy: 0.7102 val_loss: 0.7319 val_accuracy: 0.8941

Epoch 00012: ReduceLROnPlateau reducing learning rate to 7.999999797903001e-05.
Epoch: 13 loss: 0.5438 accuracy: 0.7334 val_loss: 0.3607 val_accuracy: 0.8532
Epoch: 14 loss: 0.5192 accuracy: 0.7527 val_loss: 0.6582 val_accuracy: 0.5825
Epoch: 15 loss: 0.5093 accuracy: 0.7578 val_loss: 1.0401 val_accuracy: 0.1286
Epoch: 16 loss: 0.5053 accuracy: 0.7620 val_loss: 0.4819 val_accuracy: 0.8015
Epoch: 17 loss: 0.4950 accuracy: 0.7693 val_loss: 1.2122 val_accuracy: 0.1200

Epoch 00017: ReduceLROnPlateau reducing learning rate to 6.399999838322402e-05.
End of augmented training
Finish
Job ended!
