Tue 30 Apr 2024 07:04:08 PM EDT
Python 3.9.7
nvcc: NVIDIA (R) Cuda compiler driver
Copyright (c) 2005-2019 NVIDIA Corporation
Built on Sun_Jul_28_19:07:16_PDT_2019
Cuda compilation tools, release 10.1, V10.1.243
My SLURM_ARRAY_TASK_ID: 
DB: ['ISIC2016', '_7_point_criteria']
IMG_SIZE: [640, 640]
CLASSIFIER: ResNet152
JOB_INDEX: None
Start training augmented images
Combining...
Combining 1th db out of 2 dbs
Combining 2th db out of 2 dbs
Stacking data
Combining complete
Model: "sequential"
_________________________________________________________________
Layer (type)                 Output Shape              Param #   
=================================================================
resnet152 (Functional)       (None, 2048)              58370944  
_________________________________________________________________
dense (Dense)                (None, 512)               1049088   
_________________________________________________________________
dropout (Dropout)            (None, 512)               0         
_________________________________________________________________
batch_normalization (BatchNo (None, 512)               2048      
_________________________________________________________________
dense_1 (Dense)              (None, 256)               131328    
_________________________________________________________________
dropout_1 (Dropout)          (None, 256)               0         
_________________________________________________________________
batch_normalization_1 (Batch (None, 256)               1024      
_________________________________________________________________
dense_2 (Dense)              (None, 2)                 514       
=================================================================
Total params: 59,554,946
Trainable params: 1,182,466
Non-trainable params: 58,372,480
_________________________________________________________________
Fitting ISIC2016+_7_point_criteria_aug_ResNet152_640h_640w_None model...
model_name: ISIC2016+_7_point_criteria_aug_ResNet152_640h_640w_None
Epoch: 1 loss: 1.0566 accuracy: 0.4994 val_loss: 1.0117 val_accuracy: 0.2428
Epoch: 2 loss: 0.9757 accuracy: 0.5307 val_loss: 0.9307 val_accuracy: 0.2428
Epoch: 3 loss: 0.9534 accuracy: 0.5246 val_loss: 0.9297 val_accuracy: 0.2428
Epoch: 4 loss: 0.8999 accuracy: 0.5419 val_loss: 0.7984 val_accuracy: 0.2376
Epoch: 5 loss: 0.8950 accuracy: 0.5262 val_loss: 0.7422 val_accuracy: 0.2585
Epoch: 6 loss: 0.8677 accuracy: 0.5491 val_loss: 0.6184 val_accuracy: 0.7520
Epoch: 7 loss: 0.8505 accuracy: 0.5441 val_loss: 0.6866 val_accuracy: 0.6501
Epoch: 8 loss: 0.8775 accuracy: 0.5402 val_loss: 0.6131 val_accuracy: 0.7572
Epoch: 9 loss: 0.8719 accuracy: 0.5240 val_loss: 0.5521 val_accuracy: 0.7572
Epoch: 10 loss: 0.8473 accuracy: 0.5368 val_loss: 0.5849 val_accuracy: 0.7572
Epoch: 11 loss: 0.8501 accuracy: 0.5374 val_loss: 0.5734 val_accuracy: 0.7572
Epoch: 12 loss: 0.8265 accuracy: 0.5430 val_loss: 0.6089 val_accuracy: 0.7572
Epoch: 13 loss: 0.8213 accuracy: 0.5318 val_loss: 0.5597 val_accuracy: 0.7572
Epoch: 14 loss: 0.8242 accuracy: 0.5480 val_loss: 0.6379 val_accuracy: 0.7572
Epoch: 15 loss: 0.7962 accuracy: 0.5603 val_loss: 0.6466 val_accuracy: 0.7572
Epoch: 16 loss: 0.8263 accuracy: 0.5463 val_loss: 0.5754 val_accuracy: 0.7572
Epoch: 17 loss: 0.8085 accuracy: 0.5491 val_loss: 0.5583 val_accuracy: 0.7572
Epoch: 18 loss: 0.7946 accuracy: 0.5508 val_loss: 0.5614 val_accuracy: 0.7572
Epoch: 19 loss: 0.8011 accuracy: 0.5564 val_loss: 0.5807 val_accuracy: 0.7572
Epoch: 20 loss: 0.8178 accuracy: 0.5223 val_loss: 0.5575 val_accuracy: 0.7572
Epoch: 21 loss: 0.8216 accuracy: 0.5290 val_loss: 0.5739 val_accuracy: 0.7572
Epoch: 22 loss: 0.8248 accuracy: 0.5296 val_loss: 0.5673 val_accuracy: 0.7572
Epoch: 23 loss: 0.7703 accuracy: 0.5625 val_loss: 0.6059 val_accuracy: 0.7572
Epoch: 24 loss: 0.7777 accuracy: 0.5502 val_loss: 0.6178 val_accuracy: 0.7572
Epoch: 25 loss: 0.8040 accuracy: 0.5525 val_loss: 0.5688 val_accuracy: 0.7572
Epoch: 26 loss: 0.8046 accuracy: 0.5407 val_loss: 0.5658 val_accuracy: 0.7572
Epoch: 27 loss: 0.7773 accuracy: 0.5619 val_loss: 0.6648 val_accuracy: 0.7493
Epoch: 28 loss: 0.8040 accuracy: 0.5318 val_loss: 0.6289 val_accuracy: 0.7467
Epoch: 29 loss: 0.7900 accuracy: 0.5647 val_loss: 0.6669 val_accuracy: 0.6841
Epoch: 30 loss: 0.7890 accuracy: 0.5424 val_loss: 0.7990 val_accuracy: 0.2428
Epoch: 31 loss: 0.7917 accuracy: 0.5497 val_loss: 0.6131 val_accuracy: 0.7572
Epoch: 32 loss: 0.7924 accuracy: 0.5446 val_loss: 0.5679 val_accuracy: 0.7572
Epoch: 33 loss: 0.7757 accuracy: 0.5513 val_loss: 0.5681 val_accuracy: 0.7572
Epoch: 34 loss: 0.7933 accuracy: 0.5513 val_loss: 0.5908 val_accuracy: 0.7572
Epoch: 35 loss: 0.7969 accuracy: 0.5391 val_loss: 0.6312 val_accuracy: 0.7572
Epoch: 36 loss: 0.7605 accuracy: 0.5569 val_loss: 0.7276 val_accuracy: 0.2480
Epoch: 37 loss: 0.7908 accuracy: 0.5391 val_loss: 0.6174 val_accuracy: 0.7572
Epoch: 38 loss: 0.7474 accuracy: 0.5809 val_loss: 0.5642 val_accuracy: 0.7572
Epoch: 39 loss: 0.7866 accuracy: 0.5340 val_loss: 0.5939 val_accuracy: 0.7572
Epoch: 40 loss: 0.7872 accuracy: 0.5452 val_loss: 0.5943 val_accuracy: 0.7572
Epoch: 41 loss: 0.7506 accuracy: 0.5625 val_loss: 0.5719 val_accuracy: 0.7572
Epoch: 42 loss: 0.7601 accuracy: 0.5653 val_loss: 0.5745 val_accuracy: 0.7572
Epoch: 43 loss: 0.7458 accuracy: 0.5737 val_loss: 0.5758 val_accuracy: 0.7572
Epoch: 44 loss: 0.7570 accuracy: 0.5619 val_loss: 0.5797 val_accuracy: 0.7572
Epoch: 45 loss: 0.7630 accuracy: 0.5446 val_loss: 0.5646 val_accuracy: 0.7572
Epoch: 46 loss: 0.7595 accuracy: 0.5536 val_loss: 0.5642 val_accuracy: 0.7572
Epoch: 47 loss: 0.7477 accuracy: 0.5675 val_loss: 0.5590 val_accuracy: 0.7572
Epoch: 48 loss: 0.7438 accuracy: 0.5670 val_loss: 0.5696 val_accuracy: 0.7572
Epoch: 49 loss: 0.7548 accuracy: 0.5525 val_loss: 0.5604 val_accuracy: 0.7572
Epoch: 50 loss: 0.7748 accuracy: 0.5413 val_loss: 0.5552 val_accuracy: 0.7572
Epoch: 51 loss: 0.7399 accuracy: 0.5681 val_loss: 0.5959 val_accuracy: 0.7572
Epoch: 52 loss: 0.7517 accuracy: 0.5435 val_loss: 0.5822 val_accuracy: 0.7572
Epoch: 53 loss: 0.7612 accuracy: 0.5508 val_loss: 0.5807 val_accuracy: 0.7572
Epoch: 54 loss: 0.7315 accuracy: 0.5681 val_loss: 0.5690 val_accuracy: 0.7572
Epoch: 55 loss: 0.7085 accuracy: 0.5965 val_loss: 0.5807 val_accuracy: 0.7572
Epoch: 56 loss: 0.7471 accuracy: 0.5547 val_loss: 0.5858 val_accuracy: 0.7572
Epoch: 57 loss: 0.7388 accuracy: 0.5575 val_loss: 0.5602 val_accuracy: 0.7572
Epoch: 58 loss: 0.7266 accuracy: 0.5776 val_loss: 0.5566 val_accuracy: 0.7572
Epoch: 59 loss: 0.7435 accuracy: 0.5513 val_loss: 0.5774 val_accuracy: 0.7572
Epoch: 60 loss: 0.7273 accuracy: 0.5765 val_loss: 0.6001 val_accuracy: 0.7572
Epoch: 61 loss: 0.7203 accuracy: 0.5865 val_loss: 0.6762 val_accuracy: 0.6815
Epoch: 62 loss: 0.7370 accuracy: 0.5491 val_loss: 0.6742 val_accuracy: 0.7546
Epoch: 63 loss: 0.7383 accuracy: 0.5592 val_loss: 0.7262 val_accuracy: 0.2480
Epoch: 64 loss: 0.7236 accuracy: 0.5725 val_loss: 0.5953 val_accuracy: 0.7572
Epoch: 65 loss: 0.7554 accuracy: 0.5268 val_loss: 0.6507 val_accuracy: 0.7546
Epoch: 66 loss: 0.7270 accuracy: 0.5586 val_loss: 0.6686 val_accuracy: 0.7520
Epoch: 67 loss: 0.7138 accuracy: 0.5781 val_loss: 0.6447 val_accuracy: 0.7572
Epoch: 68 loss: 0.7342 accuracy: 0.5564 val_loss: 0.6660 val_accuracy: 0.7572
Epoch: 69 loss: 0.7397 accuracy: 0.5580 val_loss: 0.6508 val_accuracy: 0.7572
Epoch: 70 loss: 0.7347 accuracy: 0.5491 val_loss: 0.7632 val_accuracy: 0.2428
Epoch: 71 loss: 0.7254 accuracy: 0.5552 val_loss: 0.6882 val_accuracy: 0.6945
Epoch: 72 loss: 0.7164 accuracy: 0.5664 val_loss: 0.7247 val_accuracy: 0.2428
Epoch: 73 loss: 0.7355 accuracy: 0.5497 val_loss: 0.7295 val_accuracy: 0.2428
Epoch: 74 loss: 0.7288 accuracy: 0.5586 val_loss: 0.6445 val_accuracy: 0.7598
Epoch: 75 loss: 0.7327 accuracy: 0.5441 val_loss: 0.6016 val_accuracy: 0.7546
Epoch: 76 loss: 0.7422 accuracy: 0.5446 val_loss: 0.5785 val_accuracy: 0.7546
Epoch: 77 loss: 0.7222 accuracy: 0.5664 val_loss: 0.7274 val_accuracy: 0.2454
Epoch: 78 loss: 0.7177 accuracy: 0.5564 val_loss: 0.7362 val_accuracy: 0.2533
Epoch: 79 loss: 0.7176 accuracy: 0.5474 val_loss: 0.7025 val_accuracy: 0.4648
Epoch: 80 loss: 0.7110 accuracy: 0.5770 val_loss: 0.6927 val_accuracy: 0.3812
Epoch: 81 loss: 0.7020 accuracy: 0.5770 val_loss: 0.6433 val_accuracy: 0.7493
Epoch: 82 loss: 0.6967 accuracy: 0.5871 val_loss: 0.6896 val_accuracy: 0.5875
Epoch: 83 loss: 0.7052 accuracy: 0.5753 val_loss: 0.6017 val_accuracy: 0.7572
Epoch: 84 loss: 0.6941 accuracy: 0.5804 val_loss: 0.5680 val_accuracy: 0.7572
Epoch: 85 loss: 0.6891 accuracy: 0.5804 val_loss: 0.5697 val_accuracy: 0.7572
Epoch: 86 loss: 0.6933 accuracy: 0.5871 val_loss: 0.5754 val_accuracy: 0.7572
Epoch: 87 loss: 0.7211 accuracy: 0.5586 val_loss: 0.5669 val_accuracy: 0.7572
Epoch: 88 loss: 0.6989 accuracy: 0.5815 val_loss: 0.5616 val_accuracy: 0.7572
Epoch: 89 loss: 0.6900 accuracy: 0.5898 val_loss: 0.5965 val_accuracy: 0.7572
Epoch: 90 loss: 0.7009 accuracy: 0.5558 val_loss: 0.6339 val_accuracy: 0.7572
Epoch: 91 loss: 0.6913 accuracy: 0.5837 val_loss: 0.6292 val_accuracy: 0.7572
Epoch: 92 loss: 0.7131 accuracy: 0.5586 val_loss: 0.6158 val_accuracy: 0.7572
Epoch: 93 loss: 0.6940 accuracy: 0.5977 val_loss: 0.6110 val_accuracy: 0.7572
Epoch: 94 loss: 0.7038 accuracy: 0.5658 val_loss: 0.6378 val_accuracy: 0.7572
Epoch: 95 loss: 0.6927 accuracy: 0.5675 val_loss: 0.6571 val_accuracy: 0.7572
Epoch: 96 loss: 0.6886 accuracy: 0.5820 val_loss: 0.6659 val_accuracy: 0.7546
Epoch: 97 loss: 0.6870 accuracy: 0.5915 val_loss: 0.6863 val_accuracy: 0.4282
Epoch: 98 loss: 0.6861 accuracy: 0.5854 val_loss: 0.6882 val_accuracy: 0.4334
Epoch: 99 loss: 0.6824 accuracy: 0.5792 val_loss: 0.6673 val_accuracy: 0.7258
Epoch: 100 loss: 0.7030 accuracy: 0.5642 val_loss: 0.6036 val_accuracy: 0.7572
End of augmented training
Finish
Job ended!
