Thu 02 May 2024 12:53:38 PM EDT
Python 3.9.7
nvcc: NVIDIA (R) Cuda compiler driver
Copyright (c) 2005-2019 NVIDIA Corporation
Built on Sun_Jul_28_19:07:16_PDT_2019
Cuda compilation tools, release 10.1, V10.1.243
My SLURM_ARRAY_TASK_ID: 
DB: ['ISIC2016', 'ISIC2017', 'ISIC2018']
IMG_SIZE: [384, 384]
CLASSIFIER: ResNet152
JOB_INDEX: None
Start training augmented images
Combining...
Combining 1th db out of 3 dbs
Combining 2th db out of 3 dbs
Combining 3th db out of 3 dbs
Stacking data
Combining complete
Model: "sequential"
_________________________________________________________________
Layer (type)                 Output Shape              Param #   
=================================================================
resnet152 (Functional)       (None, 2048)              58370944  
_________________________________________________________________
dense (Dense)                (None, 512)               1049088   
_________________________________________________________________
dropout (Dropout)            (None, 512)               0         
_________________________________________________________________
batch_normalization (BatchNo (None, 512)               2048      
_________________________________________________________________
dense_1 (Dense)              (None, 256)               131328    
_________________________________________________________________
batch_normalization_1 (Batch (None, 256)               1024      
_________________________________________________________________
dense_2 (Dense)              (None, 2)                 514       
=================================================================
Total params: 59,554,946
Trainable params: 1,182,466
Non-trainable params: 58,372,480
_________________________________________________________________
Fitting ISIC2016+ISIC2017+ISIC2018_aug_ResNet152_384h_384w_None model...
model_name: ISIC2016+ISIC2017+ISIC2018_aug_ResNet152_384h_384w_None
Epoch: 1 loss: 1.1492 accuracy: 0.5822 val_loss: 0.6731 val_accuracy: 0.8413
Epoch: 2 loss: 0.8682 accuracy: 0.6460 val_loss: 0.7832 val_accuracy: 0.8413
Epoch: 3 loss: 0.8147 accuracy: 0.6662 val_loss: 0.6525 val_accuracy: 0.8413
Epoch: 4 loss: 0.7701 accuracy: 0.6887 val_loss: 1.0102 val_accuracy: 0.8413
Epoch: 5 loss: 0.7278 accuracy: 0.7097 val_loss: 0.9939 val_accuracy: 0.8413
Epoch: 6 loss: 0.7111 accuracy: 0.7135 val_loss: 0.6056 val_accuracy: 0.8413
Epoch: 7 loss: 0.6937 accuracy: 0.7238 val_loss: 1.0140 val_accuracy: 0.1587
Epoch: 8 loss: 0.6658 accuracy: 0.7411 val_loss: 0.6052 val_accuracy: 0.8413
Epoch: 9 loss: 0.6660 accuracy: 0.7307 val_loss: 0.5734 val_accuracy: 0.8337
Epoch: 10 loss: 0.6587 accuracy: 0.7281 val_loss: 0.5571 val_accuracy: 0.8413
Epoch: 11 loss: 0.6274 accuracy: 0.7490 val_loss: 0.5938 val_accuracy: 0.8413
Epoch: 12 loss: 0.6175 accuracy: 0.7526 val_loss: 0.6012 val_accuracy: 0.8356
Epoch: 13 loss: 0.6189 accuracy: 0.7486 val_loss: 3.1308 val_accuracy: 0.1587
Epoch: 14 loss: 0.6577 accuracy: 0.7297 val_loss: 0.5085 val_accuracy: 0.8241
Epoch: 15 loss: 0.6343 accuracy: 0.7389 val_loss: 0.5998 val_accuracy: 0.7935
Epoch: 16 loss: 0.6095 accuracy: 0.7489 val_loss: 0.5223 val_accuracy: 0.8164
Epoch: 17 loss: 0.5988 accuracy: 0.7551 val_loss: 0.6319 val_accuracy: 0.8375
Epoch: 18 loss: 0.5983 accuracy: 0.7520 val_loss: 0.5999 val_accuracy: 0.8375
Epoch: 19 loss: 0.5833 accuracy: 0.7582 val_loss: 0.6046 val_accuracy: 0.8413

Epoch 00019: ReduceLROnPlateau reducing learning rate to 7.999999797903001e-05.
Epoch: 20 loss: 0.5864 accuracy: 0.7543 val_loss: 0.5122 val_accuracy: 0.8413
Epoch: 21 loss: 0.5708 accuracy: 0.7602 val_loss: 0.5346 val_accuracy: 0.8394
Epoch: 22 loss: 0.5652 accuracy: 0.7612 val_loss: 0.5437 val_accuracy: 0.8394
Epoch: 23 loss: 0.6092 accuracy: 0.7301 val_loss: 0.6499 val_accuracy: 0.8413
Epoch: 24 loss: 0.6423 accuracy: 0.7085 val_loss: 0.5192 val_accuracy: 0.8413

Epoch 00024: ReduceLROnPlateau reducing learning rate to 6.399999838322402e-05.
End of augmented training
Finish
Job ended!
