Thu 02 May 2024 08:25:40 AM EDT
Python 3.9.7
nvcc: NVIDIA (R) Cuda compiler driver
Copyright (c) 2005-2019 NVIDIA Corporation
Built on Sun_Jul_28_19:07:16_PDT_2019
Cuda compilation tools, release 10.1, V10.1.243
My SLURM_ARRAY_TASK_ID: 
DB: ['ISIC2016', 'ISIC2017', 'ISIC2018', 'ISIC2019', 'ISIC2020', 'PAD_UFES_20', 'MEDNODE']
IMG_SIZE: [384, 384]
CLASSIFIER: ResNet152
JOB_INDEX: None
Start training augmented images
Combining...
Combining 1th db out of 7 dbs
Combining 2th db out of 7 dbs
Combining 3th db out of 7 dbs
Combining 4th db out of 7 dbs
Combining 5th db out of 7 dbs
Combining 6th db out of 7 dbs
Combining 7th db out of 7 dbs
Stacking data
Combining complete
Model: "sequential"
_________________________________________________________________
Layer (type)                 Output Shape              Param #   
=================================================================
resnet152 (Functional)       (None, 2048)              58370944  
_________________________________________________________________
dense (Dense)                (None, 512)               1049088   
_________________________________________________________________
dropout (Dropout)            (None, 512)               0         
_________________________________________________________________
batch_normalization (BatchNo (None, 512)               2048      
_________________________________________________________________
dense_1 (Dense)              (None, 256)               131328    
_________________________________________________________________
batch_normalization_1 (Batch (None, 256)               1024      
_________________________________________________________________
dense_2 (Dense)              (None, 2)                 514       
=================================================================
Total params: 59,554,946
Trainable params: 1,182,466
Non-trainable params: 58,372,480
_________________________________________________________________
Fitting ISIC2016+ISIC2017+ISIC2018+ISIC2019+ISIC2020+PAD_UFES_20+MEDNODE_aug_ResNet152_384h_384w_None model...
model_name: ISIC2016+ISIC2017+ISIC2018+ISIC2019+ISIC2020+PAD_UFES_20+MEDNODE_aug_ResNet152_384h_384w_None
Epoch: 1 loss: 0.8654 accuracy: 0.6695 val_loss: 0.5138 val_accuracy: 0.9075
Epoch: 2 loss: 0.6985 accuracy: 0.7260 val_loss: 0.4741 val_accuracy: 0.9101
Epoch: 3 loss: 0.6652 accuracy: 0.7236 val_loss: 0.6627 val_accuracy: 0.8736
Epoch: 4 loss: 0.6172 accuracy: 0.7336 val_loss: 1.7182 val_accuracy: 0.1146
Epoch: 5 loss: 0.5763 accuracy: 0.7472 val_loss: 0.4161 val_accuracy: 0.9104
Epoch: 6 loss: 0.5956 accuracy: 0.7302 val_loss: 0.3270 val_accuracy: 0.9104
Epoch: 7 loss: 0.5958 accuracy: 0.7302 val_loss: 0.3452 val_accuracy: 0.9103
Epoch: 8 loss: 0.5664 accuracy: 0.7396 val_loss: 2.3344 val_accuracy: 0.0899
Epoch: 9 loss: 0.5242 accuracy: 0.7547 val_loss: 2.4994 val_accuracy: 0.0910
Epoch: 10 loss: 0.5088 accuracy: 0.7654 val_loss: 2.3111 val_accuracy: 0.0921
Epoch: 11 loss: 0.4993 accuracy: 0.7702 val_loss: 1.3393 val_accuracy: 0.0983

Epoch 00011: ReduceLROnPlateau reducing learning rate to 7.999999797903001e-05.
Epoch: 12 loss: 0.4918 accuracy: 0.7749 val_loss: 0.2879 val_accuracy: 0.8954
Epoch: 13 loss: 0.4878 accuracy: 0.7756 val_loss: 2.3442 val_accuracy: 0.0902
Epoch: 14 loss: 0.4867 accuracy: 0.7758 val_loss: 0.4027 val_accuracy: 0.8479
Epoch: 15 loss: 0.4826 accuracy: 0.7796 val_loss: 0.3226 val_accuracy: 0.8817
Epoch: 16 loss: 0.4777 accuracy: 0.7816 val_loss: 0.6959 val_accuracy: 0.5907
Epoch: 17 loss: 0.5196 accuracy: 0.7613 val_loss: 0.3653 val_accuracy: 0.9104

Epoch 00017: ReduceLROnPlateau reducing learning rate to 6.399999838322402e-05.
Epoch: 18 loss: 0.5930 accuracy: 0.7228 val_loss: 0.4814 val_accuracy: 0.9104
Epoch: 19 loss: 0.5870 accuracy: 0.7279 val_loss: 0.3866 val_accuracy: 0.9104
Epoch: 20 loss: 0.5886 accuracy: 0.7268 val_loss: 0.4217 val_accuracy: 0.9104
Epoch: 21 loss: 0.5886 accuracy: 0.7256 val_loss: 0.4121 val_accuracy: 0.9104
Epoch: 22 loss: 0.5884 accuracy: 0.7263 val_loss: 0.4434 val_accuracy: 0.9104

Epoch 00022: ReduceLROnPlateau reducing learning rate to 5.119999987073243e-05.
End of augmented training
Finish
Job ended!
