Thu 02 May 2024 02:50:44 PM EDT
Python 3.9.7
nvcc: NVIDIA (R) Cuda compiler driver
Copyright (c) 2005-2019 NVIDIA Corporation
Built on Sun_Jul_28_19:07:16_PDT_2019
Cuda compilation tools, release 10.1, V10.1.243
My SLURM_ARRAY_TASK_ID: 
DB: ['ISIC2020']
IMG_SIZE: [384, 384]
CLASSIFIER: ResNet152
JOB_INDEX: None
Start training augmented images
Combining...
Combining 1th db out of 1 dbs
Stacking data
Combining complete
Model: "sequential"
_________________________________________________________________
Layer (type)                 Output Shape              Param #   
=================================================================
resnet152 (Functional)       (None, 2048)              58370944  
_________________________________________________________________
dense (Dense)                (None, 512)               1049088   
_________________________________________________________________
dropout (Dropout)            (None, 512)               0         
_________________________________________________________________
batch_normalization (BatchNo (None, 512)               2048      
_________________________________________________________________
dense_1 (Dense)              (None, 256)               131328    
_________________________________________________________________
batch_normalization_1 (Batch (None, 256)               1024      
_________________________________________________________________
dense_2 (Dense)              (None, 2)                 514       
=================================================================
Total params: 59,554,946
Trainable params: 1,182,466
Non-trainable params: 58,372,480
_________________________________________________________________
Fitting ISIC2020_aug_ResNet152_384h_384w_None model...
model_name: ISIC2020_aug_ResNet152_384h_384w_None
Epoch: 1 loss: 0.9449 accuracy: 0.6539 val_loss: 0.4081 val_accuracy: 0.9817
Epoch: 2 loss: 0.6807 accuracy: 0.7819 val_loss: 0.2455 val_accuracy: 0.9817
Epoch: 3 loss: 0.6446 accuracy: 0.8014 val_loss: 0.2874 val_accuracy: 0.9816
Epoch: 4 loss: 0.6084 accuracy: 0.8116 val_loss: 0.2032 val_accuracy: 0.9817
Epoch: 5 loss: 0.5961 accuracy: 0.8096 val_loss: 0.2182 val_accuracy: 0.9817
Epoch: 6 loss: 0.5765 accuracy: 0.8136 val_loss: 0.2729 val_accuracy: 0.9817
Epoch: 7 loss: 0.5689 accuracy: 0.8140 val_loss: 0.2990 val_accuracy: 0.9813
Epoch: 8 loss: 0.5591 accuracy: 0.8101 val_loss: 0.2747 val_accuracy: 0.9817
Epoch: 9 loss: 0.5507 accuracy: 0.8120 val_loss: 0.2715 val_accuracy: 0.9817

Epoch 00009: ReduceLROnPlateau reducing learning rate to 7.999999797903001e-05.
Epoch: 10 loss: 0.5431 accuracy: 0.8119 val_loss: 0.1763 val_accuracy: 0.9817
Epoch: 11 loss: 0.5366 accuracy: 0.8116 val_loss: 0.2985 val_accuracy: 0.9817
Epoch: 12 loss: 0.5237 accuracy: 0.8126 val_loss: 0.7019 val_accuracy: 0.9580
Epoch: 13 loss: 0.5208 accuracy: 0.8079 val_loss: 0.1802 val_accuracy: 0.9817
Epoch: 14 loss: 0.5038 accuracy: 0.8130 val_loss: 0.2249 val_accuracy: 0.9817
Epoch: 15 loss: 0.5011 accuracy: 0.8124 val_loss: 0.2042 val_accuracy: 0.9817

Epoch 00015: ReduceLROnPlateau reducing learning rate to 6.399999838322402e-05.
Epoch: 16 loss: 0.4974 accuracy: 0.8116 val_loss: 0.1283 val_accuracy: 0.9817
Epoch: 17 loss: 0.5025 accuracy: 0.8094 val_loss: 0.2042 val_accuracy: 0.9817
Epoch: 18 loss: 0.4999 accuracy: 0.8116 val_loss: 0.2481 val_accuracy: 0.9817
Epoch: 19 loss: 0.4995 accuracy: 0.8104 val_loss: 0.3383 val_accuracy: 0.9817
Epoch: 20 loss: 0.4953 accuracy: 0.8122 val_loss: 0.2651 val_accuracy: 0.9817
Epoch: 21 loss: 0.4923 accuracy: 0.8130 val_loss: 0.2209 val_accuracy: 0.9817

Epoch 00021: ReduceLROnPlateau reducing learning rate to 5.119999987073243e-05.
Epoch: 22 loss: 0.4910 accuracy: 0.8122 val_loss: 0.1773 val_accuracy: 0.9817
Epoch: 23 loss: 0.4719 accuracy: 0.8154 val_loss: 0.1988 val_accuracy: 0.9817
Epoch: 24 loss: 0.4488 accuracy: 0.8142 val_loss: 1.0656 val_accuracy: 0.0613
Epoch: 25 loss: 0.4221 accuracy: 0.8236 val_loss: 0.1720 val_accuracy: 0.9718
Epoch: 26 loss: 0.4269 accuracy: 0.8202 val_loss: 0.2035 val_accuracy: 0.9618

Epoch 00026: ReduceLROnPlateau reducing learning rate to 4.0960000478662555e-05.
End of augmented training
Finish
Job ended!
