Tue 07 May 2024 12:34:08 AM EDT
Python 3.9.7
nvcc: NVIDIA (R) Cuda compiler driver
Copyright (c) 2005-2019 NVIDIA Corporation
Built on Sun_Jul_28_19:07:16_PDT_2019
Cuda compilation tools, release 10.1, V10.1.243
My SLURM_ARRAY_TASK_ID: 
DB: ['ISIC2016', 'ISIC2017', 'ISIC2018', 'ISIC2019', 'ISIC2020', 'PH2']
IMG_SIZE: [384, 384]
CLASSIFIER: EfficientNetB4
JOB_INDEX: None
Start training augmented images
Combining...
Combining 1th db out of 6 dbs
Combining 2th db out of 6 dbs
Combining 3th db out of 6 dbs
Combining 4th db out of 6 dbs
Combining 5th db out of 6 dbs
Combining 6th db out of 6 dbs
Stacking data
Combining complete
Model: "sequential"
_________________________________________________________________
Layer (type)                 Output Shape              Param #   
=================================================================
efficientnetb4 (Functional)  (None, 1792)              17673823  
_________________________________________________________________
dense (Dense)                (None, 512)               918016    
_________________________________________________________________
dropout (Dropout)            (None, 512)               0         
_________________________________________________________________
batch_normalization (BatchNo (None, 512)               2048      
_________________________________________________________________
dense_1 (Dense)              (None, 256)               131328    
_________________________________________________________________
batch_normalization_1 (Batch (None, 256)               1024      
_________________________________________________________________
dense_2 (Dense)              (None, 2)                 514       
=================================================================
Total params: 18,726,753
Trainable params: 1,051,394
Non-trainable params: 17,675,359
_________________________________________________________________
Fitting ISIC2016+ISIC2017+ISIC2018+ISIC2019+ISIC2020+PH2_aug_EfficientNetB4_384h_384w_None model...
model_name: ISIC2016+ISIC2017+ISIC2018+ISIC2019+ISIC2020+PH2_aug_EfficientNetB4_384h_384w_None
Epoch: 1 loss: 1.0584 accuracy: 0.6480 val_loss: 0.6788 val_accuracy: 0.9091
Epoch: 2 loss: 0.8935 accuracy: 0.7050 val_loss: 0.5904 val_accuracy: 0.9091
Epoch: 3 loss: 0.7967 accuracy: 0.7177 val_loss: 0.5608 val_accuracy: 0.9091
Epoch: 4 loss: 0.7150 accuracy: 0.7261 val_loss: 0.5093 val_accuracy: 0.9091
Epoch: 5 loss: 0.6648 accuracy: 0.7264 val_loss: 0.5380 val_accuracy: 0.9091
Epoch: 6 loss: 0.6417 accuracy: 0.7223 val_loss: 0.4736 val_accuracy: 0.9091
Epoch: 7 loss: 0.6273 accuracy: 0.7212 val_loss: 0.4127 val_accuracy: 0.9091
Epoch: 8 loss: 0.6166 accuracy: 0.7248 val_loss: 0.5026 val_accuracy: 0.9091
Epoch: 9 loss: 0.6130 accuracy: 0.7223 val_loss: 0.4795 val_accuracy: 0.9091
Epoch: 10 loss: 0.6093 accuracy: 0.7221 val_loss: 0.4497 val_accuracy: 0.9091
Epoch: 11 loss: 0.6061 accuracy: 0.7230 val_loss: 0.4513 val_accuracy: 0.9091
Epoch: 12 loss: 0.6033 accuracy: 0.7237 val_loss: 0.4498 val_accuracy: 0.9091

Epoch 00012: ReduceLROnPlateau reducing learning rate to 7.999999797903001e-05.
Epoch: 13 loss: 0.6027 accuracy: 0.7223 val_loss: 0.4514 val_accuracy: 0.9091
Epoch: 14 loss: 0.5995 accuracy: 0.7239 val_loss: 0.4645 val_accuracy: 0.9091
Epoch: 15 loss: 0.6000 accuracy: 0.7225 val_loss: 0.4359 val_accuracy: 0.9091
Epoch: 16 loss: 0.5970 accuracy: 0.7244 val_loss: 0.4183 val_accuracy: 0.9091
Epoch: 17 loss: 0.5962 accuracy: 0.7244 val_loss: 0.4303 val_accuracy: 0.9091

Epoch 00017: ReduceLROnPlateau reducing learning rate to 6.399999838322402e-05.
End of augmented training
Finish
Job ended!
