Mon 06 May 2024 11:41:14 PM EDT
Python 3.9.7
nvcc: NVIDIA (R) Cuda compiler driver
Copyright (c) 2005-2019 NVIDIA Corporation
Built on Sun_Jul_28_19:07:16_PDT_2019
Cuda compilation tools, release 10.1, V10.1.243
My SLURM_ARRAY_TASK_ID: 
DB: ['ISIC2016', 'ISIC2017', 'ISIC2018', 'ISIC2019', 'ISIC2020', 'PH2', '_7_point_criteria', 'PAD_UFES_20']
IMG_SIZE: [384, 384]
CLASSIFIER: EfficientNetB4
JOB_INDEX: None
Start training augmented images
Combining...
Combining 1th db out of 8 dbs
Combining 2th db out of 8 dbs
Combining 3th db out of 8 dbs
Combining 4th db out of 8 dbs
Combining 5th db out of 8 dbs
Combining 6th db out of 8 dbs
Combining 7th db out of 8 dbs
Combining 8th db out of 8 dbs
Stacking data
Combining complete
Model: "sequential"
_________________________________________________________________
Layer (type)                 Output Shape              Param #   
=================================================================
efficientnetb4 (Functional)  (None, 1792)              17673823  
_________________________________________________________________
dense (Dense)                (None, 512)               918016    
_________________________________________________________________
dropout (Dropout)            (None, 512)               0         
_________________________________________________________________
batch_normalization (BatchNo (None, 512)               2048      
_________________________________________________________________
dense_1 (Dense)              (None, 256)               131328    
_________________________________________________________________
batch_normalization_1 (Batch (None, 256)               1024      
_________________________________________________________________
dense_2 (Dense)              (None, 2)                 514       
=================================================================
Total params: 18,726,753
Trainable params: 1,051,394
Non-trainable params: 17,675,359
_________________________________________________________________
Fitting ISIC2016+ISIC2017+ISIC2018+ISIC2019+ISIC2020+PH2+_7_point_criteria+PAD_UFES_20_aug_EfficientNetB4_384h_384w_None model...
model_name: ISIC2016+ISIC2017+ISIC2018+ISIC2019+ISIC2020+PH2+_7_point_criteria+PAD_UFES_20_aug_EfficientNetB4_384h_384w_None
Epoch: 1 loss: 1.0802 accuracy: 0.6500 val_loss: 0.7562 val_accuracy: 0.9082
Epoch: 2 loss: 0.9111 accuracy: 0.7077 val_loss: 0.6757 val_accuracy: 0.9082
Epoch: 3 loss: 0.8065 accuracy: 0.7231 val_loss: 0.5768 val_accuracy: 0.9082
Epoch: 4 loss: 0.7257 accuracy: 0.7271 val_loss: 0.4751 val_accuracy: 0.9082
Epoch: 5 loss: 0.6723 accuracy: 0.7274 val_loss: 0.4726 val_accuracy: 0.9082
Epoch: 6 loss: 0.6452 accuracy: 0.7255 val_loss: 0.4199 val_accuracy: 0.9082
Epoch: 7 loss: 0.6308 accuracy: 0.7235 val_loss: 0.4283 val_accuracy: 0.9082
Epoch: 8 loss: 0.6184 accuracy: 0.7266 val_loss: 0.4059 val_accuracy: 0.9082
Epoch: 9 loss: 0.6149 accuracy: 0.7238 val_loss: 0.4291 val_accuracy: 0.9082
Epoch: 10 loss: 0.6078 accuracy: 0.7265 val_loss: 0.3849 val_accuracy: 0.9082
Epoch: 11 loss: 0.6058 accuracy: 0.7250 val_loss: 0.4146 val_accuracy: 0.9082
Epoch: 12 loss: 0.6007 accuracy: 0.7276 val_loss: 0.3789 val_accuracy: 0.9082
Epoch: 13 loss: 0.5999 accuracy: 0.7261 val_loss: 0.3922 val_accuracy: 0.9082
Epoch: 14 loss: 0.5981 accuracy: 0.7261 val_loss: 0.4485 val_accuracy: 0.9082
Epoch: 15 loss: 0.5978 accuracy: 0.7252 val_loss: 0.4150 val_accuracy: 0.9082
Epoch: 16 loss: 0.5946 accuracy: 0.7271 val_loss: 0.4139 val_accuracy: 0.9082
Epoch: 17 loss: 0.5959 accuracy: 0.7246 val_loss: 0.4533 val_accuracy: 0.9082

Epoch 00017: ReduceLROnPlateau reducing learning rate to 7.999999797903001e-05.
Epoch: 18 loss: 0.5917 accuracy: 0.7277 val_loss: 0.4225 val_accuracy: 0.9082
Epoch: 19 loss: 0.5934 accuracy: 0.7256 val_loss: 0.4103 val_accuracy: 0.9082
Epoch: 20 loss: 0.5922 accuracy: 0.7259 val_loss: 0.3714 val_accuracy: 0.9082
Epoch: 21 loss: 0.5897 accuracy: 0.7284 val_loss: 0.4361 val_accuracy: 0.9082
Epoch: 22 loss: 0.5909 accuracy: 0.7266 val_loss: 0.4339 val_accuracy: 0.9082
Epoch: 23 loss: 0.5937 accuracy: 0.7233 val_loss: 0.4306 val_accuracy: 0.9082
Epoch: 24 loss: 0.5904 accuracy: 0.7264 val_loss: 0.4129 val_accuracy: 0.9082
Epoch: 25 loss: 0.5899 accuracy: 0.7265 val_loss: 0.4198 val_accuracy: 0.9082

Epoch 00025: ReduceLROnPlateau reducing learning rate to 6.399999838322402e-05.
Epoch: 26 loss: 0.5913 accuracy: 0.7245 val_loss: 0.4155 val_accuracy: 0.9082
Epoch: 27 loss: 0.5890 accuracy: 0.7268 val_loss: 0.4161 val_accuracy: 0.9082
Epoch: 28 loss: 0.5879 accuracy: 0.7274 val_loss: 0.3833 val_accuracy: 0.9082
Epoch: 29 loss: 0.5877 accuracy: 0.7278 val_loss: 0.4213 val_accuracy: 0.9082
Epoch: 30 loss: 0.5879 accuracy: 0.7273 val_loss: 0.4187 val_accuracy: 0.9082

Epoch 00030: ReduceLROnPlateau reducing learning rate to 5.119999987073243e-05.
End of augmented training
Finish
Job ended!
