Fri 01 Mar 2024 07:08:16 AM EST
Python 3.9.7
nvcc: NVIDIA (R) Cuda compiler driver
Copyright (c) 2005-2019 NVIDIA Corporation
Built on Sun_Jul_28_19:07:16_PDT_2019
Cuda compilation tools, release 10.1, V10.1.243
My SLURM_ARRAY_TASK_ID: 
DB: ['ISIC2016', 'ISIC2017', 'ISIC2018']
IMG_SIZE: [150, 150]
CLASSIFIER: EfficientNetB4
SELF_AUG: 1
JOB_INDEX: None
Combining...
Combining 1 db out of 3 dbs
Combining 2 db out of 3 dbs
Combining 3 db out of 3 dbs
Stacking training images
Stacking training labels
Stacking validation images
Stacking validation labels
Model: "sequential"
_________________________________________________________________
Layer (type)                 Output Shape              Param #   
=================================================================
efficientnetb4 (Functional)  (None, 1792)              17673823  
_________________________________________________________________
dense (Dense)                (None, 512)               918016    
_________________________________________________________________
dropout (Dropout)            (None, 512)               0         
_________________________________________________________________
batch_normalization (BatchNo (None, 512)               2048      
_________________________________________________________________
dense_1 (Dense)              (None, 256)               131328    
_________________________________________________________________
dropout_1 (Dropout)          (None, 256)               0         
_________________________________________________________________
batch_normalization_1 (Batch (None, 256)               1024      
_________________________________________________________________
dense_2 (Dense)              (None, 2)                 514       
=================================================================
Total params: 18,726,753
Trainable params: 1,051,394
Non-trainable params: 17,675,359
_________________________________________________________________
Fitting ISIC2016+ISIC2017+ISIC2018_aug_EfficientNetB4_150h_150w_None model...
model_name: ISIC2016+ISIC2017+ISIC2018_aug_EfficientNetB4_150h_150w_None
Epoch: 1 loss: 0.6479 accuracy: 0.7069 val_loss: 0.4077 val_accuracy: 0.8337
Epoch: 2 loss: 0.5067 accuracy: 0.7696 val_loss: 0.3677 val_accuracy: 0.8356
Epoch: 3 loss: 0.4694 accuracy: 0.7902 val_loss: 0.3578 val_accuracy: 0.8432
Epoch: 4 loss: 0.4462 accuracy: 0.8006 val_loss: 0.3502 val_accuracy: 0.8451
Epoch: 5 loss: 0.4294 accuracy: 0.8065 val_loss: 0.3596 val_accuracy: 0.8413
Epoch: 6 loss: 0.4117 accuracy: 0.8129 val_loss: 0.3672 val_accuracy: 0.8413
Epoch: 7 loss: 0.4064 accuracy: 0.8157 val_loss: 0.3516 val_accuracy: 0.8356
Epoch: 8 loss: 0.3936 accuracy: 0.8211 val_loss: 0.3542 val_accuracy: 0.8337
Epoch: 9 loss: 0.3872 accuracy: 0.8286 val_loss: 0.3509 val_accuracy: 0.8470
Epoch: 10 loss: 0.3738 accuracy: 0.8313 val_loss: 0.3641 val_accuracy: 0.8337
Epoch: 11 loss: 0.3688 accuracy: 0.8345 val_loss: 0.3607 val_accuracy: 0.8337
Epoch: 12 loss: 0.3688 accuracy: 0.8348 val_loss: 0.3470 val_accuracy: 0.8470
Epoch: 13 loss: 0.3580 accuracy: 0.8389 val_loss: 0.3410 val_accuracy: 0.8528
Epoch: 14 loss: 0.3536 accuracy: 0.8416 val_loss: 0.3363 val_accuracy: 0.8719
Epoch: 15 loss: 0.3488 accuracy: 0.8455 val_loss: 0.3518 val_accuracy: 0.8317
Epoch: 16 loss: 0.3464 accuracy: 0.8473 val_loss: 0.3525 val_accuracy: 0.8375
Epoch: 17 loss: 0.3395 accuracy: 0.8508 val_loss: 0.3587 val_accuracy: 0.8432
Epoch: 18 loss: 0.3349 accuracy: 0.8525 val_loss: 0.3207 val_accuracy: 0.8547
Epoch: 19 loss: 0.3305 accuracy: 0.8576 val_loss: 0.3327 val_accuracy: 0.8623
Epoch: 20 loss: 0.3260 accuracy: 0.8584 val_loss: 0.3203 val_accuracy: 0.8509
Job ended!
