Fri 01 Mar 2024 08:03:07 AM EST
Python 3.9.7
nvcc: NVIDIA (R) Cuda compiler driver
Copyright (c) 2005-2019 NVIDIA Corporation
Built on Sun_Jul_28_19:07:16_PDT_2019
Cuda compilation tools, release 10.1, V10.1.243
My SLURM_ARRAY_TASK_ID: 
DB: ['ISIC2016', 'ISIC2017', 'ISIC2018', 'ISIC2019', 'PH2', '_7_point_criteria']
IMG_SIZE: [150, 150]
CLASSIFIER: EfficientNetB4
SELF_AUG: 1
JOB_INDEX: None
Combining...
Combining 1 db out of 6 dbs
Combining 2 db out of 6 dbs
Combining 3 db out of 6 dbs
Combining 4 db out of 6 dbs
Combining 5 db out of 6 dbs
Combining 6 db out of 6 dbs
Stacking training images
Stacking training labels
Stacking validation images
Stacking validation labels
Model: "sequential"
_________________________________________________________________
Layer (type)                 Output Shape              Param #   
=================================================================
efficientnetb4 (Functional)  (None, 1792)              17673823  
_________________________________________________________________
dense (Dense)                (None, 512)               918016    
_________________________________________________________________
dropout (Dropout)            (None, 512)               0         
_________________________________________________________________
batch_normalization (BatchNo (None, 512)               2048      
_________________________________________________________________
dense_1 (Dense)              (None, 256)               131328    
_________________________________________________________________
dropout_1 (Dropout)          (None, 256)               0         
_________________________________________________________________
batch_normalization_1 (Batch (None, 256)               1024      
_________________________________________________________________
dense_2 (Dense)              (None, 2)                 514       
=================================================================
Total params: 18,726,753
Trainable params: 1,051,394
Non-trainable params: 17,675,359
_________________________________________________________________
Fitting ISIC2016+ISIC2017+ISIC2018+ISIC2019+PH2+_7_point_criteria_aug_EfficientNetB4_150h_150w_None model...
model_name: ISIC2016+ISIC2017+ISIC2018+ISIC2019+PH2+_7_point_criteria_aug_EfficientNetB4_150h_150w_None
Epoch: 1 loss: 0.5911 accuracy: 0.7290 val_loss: 0.3824 val_accuracy: 0.8419
Epoch: 2 loss: 0.4983 accuracy: 0.7660 val_loss: 0.3525 val_accuracy: 0.8522
Epoch: 3 loss: 0.4688 accuracy: 0.7778 val_loss: 0.3442 val_accuracy: 0.8593
Epoch: 4 loss: 0.4504 accuracy: 0.7890 val_loss: 0.3495 val_accuracy: 0.8553
Epoch: 5 loss: 0.4340 accuracy: 0.7982 val_loss: 0.3469 val_accuracy: 0.8581
Epoch: 6 loss: 0.4285 accuracy: 0.8018 val_loss: 0.3426 val_accuracy: 0.8564
Epoch: 7 loss: 0.4209 accuracy: 0.8050 val_loss: 0.3331 val_accuracy: 0.8607
Epoch: 8 loss: 0.4106 accuracy: 0.8098 val_loss: 0.3350 val_accuracy: 0.8621
Epoch: 9 loss: 0.4061 accuracy: 0.8141 val_loss: 0.3300 val_accuracy: 0.8617
Epoch: 10 loss: 0.4011 accuracy: 0.8158 val_loss: 0.3268 val_accuracy: 0.8638
Epoch: 11 loss: 0.3946 accuracy: 0.8181 val_loss: 0.3276 val_accuracy: 0.8688
Epoch: 12 loss: 0.3889 accuracy: 0.8213 val_loss: 0.3233 val_accuracy: 0.8652
Epoch: 13 loss: 0.3850 accuracy: 0.8238 val_loss: 0.3202 val_accuracy: 0.8638
Epoch: 14 loss: 0.3791 accuracy: 0.8249 val_loss: 0.3241 val_accuracy: 0.8631
Epoch: 15 loss: 0.3740 accuracy: 0.8293 val_loss: 0.3135 val_accuracy: 0.8726
Epoch: 16 loss: 0.3721 accuracy: 0.8303 val_loss: 0.3126 val_accuracy: 0.8730
Epoch: 17 loss: 0.3673 accuracy: 0.8324 val_loss: 0.3170 val_accuracy: 0.8698
Epoch: 18 loss: 0.3657 accuracy: 0.8329 val_loss: 0.3158 val_accuracy: 0.8697
Epoch: 19 loss: 0.3590 accuracy: 0.8371 val_loss: 0.3098 val_accuracy: 0.8742
Epoch: 20 loss: 0.3568 accuracy: 0.8372 val_loss: 0.3126 val_accuracy: 0.8764
Job ended!
