Tue 27 Feb 2024 11:03:45 AM EST
Python 3.9.7
nvcc: NVIDIA (R) Cuda compiler driver
Copyright (c) 2005-2019 NVIDIA Corporation
Built on Sun_Jul_28_19:07:16_PDT_2019
Cuda compilation tools, release 10.1, V10.1.243
My SLURM_ARRAY_TASK_ID: 
DB: ['ISIC2016', 'ISIC2017', 'ISIC2018', 'ISIC2019', 'ISIC2020', 'PH2', '_7_point_criteria', 'PAD_UFES_20', 'MEDNODE']
IMG_SIZE: [150, 150]
CLASSIFIER: EfficientNetB4
SELF_AUG: 1
JOB_INDEX: None
Combining...
Combining 1 db out of 9 dbs
Combining 2 db out of 9 dbs
Combining 3 db out of 9 dbs
Combining 4 db out of 9 dbs
Combining 5 db out of 9 dbs
Combining 6 db out of 9 dbs
Combining 7 db out of 9 dbs
Combining 8 db out of 9 dbs
Combining 9 db out of 9 dbs
Stacking training images
Stacking training labels
Stacking validation images
Stacking validation labels
Model: "sequential"
_________________________________________________________________
Layer (type)                 Output Shape              Param #   
=================================================================
efficientnetb4 (Functional)  (None, 1792)              17673823  
_________________________________________________________________
dense (Dense)                (None, 512)               918016    
_________________________________________________________________
dropout (Dropout)            (None, 512)               0         
_________________________________________________________________
batch_normalization (BatchNo (None, 512)               2048      
_________________________________________________________________
dense_1 (Dense)              (None, 256)               131328    
_________________________________________________________________
dropout_1 (Dropout)          (None, 256)               0         
_________________________________________________________________
batch_normalization_1 (Batch (None, 256)               1024      
_________________________________________________________________
dense_2 (Dense)              (None, 2)                 514       
=================================================================
Total params: 18,726,753
Trainable params: 1,051,394
Non-trainable params: 17,675,359
_________________________________________________________________
Fitting ISIC2016+ISIC2017+ISIC2018+ISIC2019+ISIC2020+PH2+_7_point_criteria+PAD_UFES_20+MEDNODE_aug_EfficientNetB4_150h_150w_None model...
model_name: ISIC2016+ISIC2017+ISIC2018+ISIC2019+ISIC2020+PH2+_7_point_criteria+PAD_UFES_20+MEDNODE_aug_EfficientNetB4_150h_150w_None
Epoch: 1 loss: 0.5866 accuracy: 0.7191 val_loss: 0.3981 val_accuracy: 0.9118
Epoch: 2 loss: 0.5764 accuracy: 0.7248 val_loss: 0.3767 val_accuracy: 0.9118
Epoch: 3 loss: 0.5743 accuracy: 0.7248 val_loss: 0.3838 val_accuracy: 0.9118
Epoch: 4 loss: 0.5721 accuracy: 0.7244 val_loss: 0.4220 val_accuracy: 0.9118
Epoch: 5 loss: 0.5710 accuracy: 0.7249 val_loss: 0.4756 val_accuracy: 0.9118
Epoch: 6 loss: 0.5703 accuracy: 0.7250 val_loss: 0.4616 val_accuracy: 0.9118
Epoch: 7 loss: 0.5679 accuracy: 0.7249 val_loss: 0.5623 val_accuracy: 0.8756
Epoch: 8 loss: 0.5680 accuracy: 0.7248 val_loss: 0.4126 val_accuracy: 0.9118
Epoch: 9 loss: 0.5665 accuracy: 0.7250 val_loss: 0.4323 val_accuracy: 0.9091
Epoch: 10 loss: 0.5666 accuracy: 0.7251 val_loss: 0.4122 val_accuracy: 0.9118
Epoch: 11 loss: 0.5646 accuracy: 0.7251 val_loss: 0.4833 val_accuracy: 0.9118
Epoch: 12 loss: 0.5638 accuracy: 0.7246 val_loss: 0.4852 val_accuracy: 0.9118
Epoch: 13 loss: 0.5613 accuracy: 0.7248 val_loss: 0.3816 val_accuracy: 0.9118
Epoch: 14 loss: 0.5601 accuracy: 0.7252 val_loss: 0.5528 val_accuracy: 0.9118
Epoch: 15 loss: 0.5664 accuracy: 0.7258 val_loss: 0.5438 val_accuracy: 0.9118
Epoch: 16 loss: 0.5672 accuracy: 0.7260 val_loss: 0.3340 val_accuracy: 0.9118
Epoch: 17 loss: 0.5667 accuracy: 0.7258 val_loss: 0.6057 val_accuracy: 0.9118
Epoch: 18 loss: 0.5647 accuracy: 0.7262 val_loss: 0.4104 val_accuracy: 0.9097
Epoch: 19 loss: 0.5640 accuracy: 0.7261 val_loss: 0.5043 val_accuracy: 0.9118
Epoch: 20 loss: 0.5628 accuracy: 0.7261 val_loss: 0.6504 val_accuracy: 0.9118
Job ended!
