Mon 06 May 2024 09:29:58 PM EDT
Python 3.9.7
nvcc: NVIDIA (R) Cuda compiler driver
Copyright (c) 2005-2019 NVIDIA Corporation
Built on Sun_Jul_28_19:07:16_PDT_2019
Cuda compilation tools, release 10.1, V10.1.243
My SLURM_ARRAY_TASK_ID: 
DB: ['ISIC2016', 'ISIC2017', 'ISIC2018', '_7_point_criteria', 'PAD_UFES_20']
IMG_SIZE: [384, 384]
CLASSIFIER: EfficientNetB4
JOB_INDEX: None
Start training augmented images
Combining...
Combining 1th db out of 5 dbs
Combining 2th db out of 5 dbs
Combining 3th db out of 5 dbs
Combining 4th db out of 5 dbs
Combining 5th db out of 5 dbs
Stacking data
Combining complete
Model: "sequential"
_________________________________________________________________
Layer (type)                 Output Shape              Param #   
=================================================================
efficientnetb4 (Functional)  (None, 1792)              17673823  
_________________________________________________________________
dense (Dense)                (None, 512)               918016    
_________________________________________________________________
dropout (Dropout)            (None, 512)               0         
_________________________________________________________________
batch_normalization (BatchNo (None, 512)               2048      
_________________________________________________________________
dense_1 (Dense)              (None, 256)               131328    
_________________________________________________________________
batch_normalization_1 (Batch (None, 256)               1024      
_________________________________________________________________
dense_2 (Dense)              (None, 2)                 514       
=================================================================
Total params: 18,726,753
Trainable params: 1,051,394
Non-trainable params: 17,675,359
_________________________________________________________________
Fitting ISIC2016+ISIC2017+ISIC2018+_7_point_criteria+PAD_UFES_20_aug_EfficientNetB4_384h_384w_None model...
model_name: ISIC2016+ISIC2017+ISIC2018+_7_point_criteria+PAD_UFES_20_aug_EfficientNetB4_384h_384w_None
Epoch: 1 loss: 1.2937 accuracy: 0.5616 val_loss: 1.2969 val_accuracy: 0.1307
Epoch: 2 loss: 1.1045 accuracy: 0.6415 val_loss: 1.2717 val_accuracy: 0.1307
Epoch: 3 loss: 1.0568 accuracy: 0.6642 val_loss: 1.0259 val_accuracy: 0.8693
Epoch: 4 loss: 1.0208 accuracy: 0.6754 val_loss: 0.9145 val_accuracy: 0.8693
Epoch: 5 loss: 0.9908 accuracy: 0.6881 val_loss: 0.7892 val_accuracy: 0.8693
Epoch: 6 loss: 0.9664 accuracy: 0.6928 val_loss: 0.8732 val_accuracy: 0.8693
Epoch: 7 loss: 0.9394 accuracy: 0.6962 val_loss: 0.7888 val_accuracy: 0.8693
Epoch: 8 loss: 0.9077 accuracy: 0.7040 val_loss: 0.6655 val_accuracy: 0.8693
Epoch: 9 loss: 0.8889 accuracy: 0.7054 val_loss: 0.6980 val_accuracy: 0.8693
Epoch: 10 loss: 0.8602 accuracy: 0.7143 val_loss: 0.6795 val_accuracy: 0.8693
Epoch: 11 loss: 0.8403 accuracy: 0.7126 val_loss: 0.7452 val_accuracy: 0.8693
Epoch: 12 loss: 0.8177 accuracy: 0.7180 val_loss: 0.6237 val_accuracy: 0.8693
Epoch: 13 loss: 0.7987 accuracy: 0.7158 val_loss: 0.6428 val_accuracy: 0.8693
Epoch: 14 loss: 0.7799 accuracy: 0.7141 val_loss: 0.6094 val_accuracy: 0.8693
Epoch: 15 loss: 0.7629 accuracy: 0.7124 val_loss: 0.6426 val_accuracy: 0.8693
Epoch: 16 loss: 0.7434 accuracy: 0.7157 val_loss: 0.5730 val_accuracy: 0.8693
Epoch: 17 loss: 0.7188 accuracy: 0.7243 val_loss: 0.5718 val_accuracy: 0.8693
Epoch: 18 loss: 0.7083 accuracy: 0.7187 val_loss: 0.6038 val_accuracy: 0.8693
Epoch: 19 loss: 0.7000 accuracy: 0.7137 val_loss: 0.5089 val_accuracy: 0.8693
Epoch: 20 loss: 0.6893 accuracy: 0.7150 val_loss: 0.5238 val_accuracy: 0.8693
Epoch: 21 loss: 0.6758 accuracy: 0.7188 val_loss: 0.5074 val_accuracy: 0.8693
Epoch: 22 loss: 0.6735 accuracy: 0.7135 val_loss: 0.5379 val_accuracy: 0.8693
Epoch: 23 loss: 0.6636 accuracy: 0.7152 val_loss: 0.6150 val_accuracy: 0.8693
Epoch: 24 loss: 0.6563 accuracy: 0.7176 val_loss: 0.4617 val_accuracy: 0.8693
Epoch: 25 loss: 0.6440 accuracy: 0.7261 val_loss: 0.4756 val_accuracy: 0.8693
Epoch: 26 loss: 0.6400 accuracy: 0.7246 val_loss: 0.4797 val_accuracy: 0.8693
Epoch: 27 loss: 0.6427 accuracy: 0.7186 val_loss: 0.5050 val_accuracy: 0.8693
Epoch: 28 loss: 0.6396 accuracy: 0.7178 val_loss: 0.5225 val_accuracy: 0.8693
Epoch: 29 loss: 0.6368 accuracy: 0.7189 val_loss: 0.5149 val_accuracy: 0.8693

Epoch 00029: ReduceLROnPlateau reducing learning rate to 7.999999797903001e-05.
Epoch: 30 loss: 0.6339 accuracy: 0.7175 val_loss: 0.5340 val_accuracy: 0.8693
Epoch: 31 loss: 0.6302 accuracy: 0.7195 val_loss: 0.4723 val_accuracy: 0.8693
Epoch: 32 loss: 0.6327 accuracy: 0.7153 val_loss: 0.5428 val_accuracy: 0.8693
Epoch: 33 loss: 0.6263 accuracy: 0.7186 val_loss: 0.4508 val_accuracy: 0.8693
Epoch: 34 loss: 0.6253 accuracy: 0.7197 val_loss: 0.4795 val_accuracy: 0.8693
Epoch: 35 loss: 0.6238 accuracy: 0.7189 val_loss: 0.4650 val_accuracy: 0.8693
Epoch: 36 loss: 0.6198 accuracy: 0.7220 val_loss: 0.4582 val_accuracy: 0.8693
Epoch: 37 loss: 0.6192 accuracy: 0.7209 val_loss: 0.4781 val_accuracy: 0.8693
Epoch: 38 loss: 0.6150 accuracy: 0.7236 val_loss: 0.4754 val_accuracy: 0.8693

Epoch 00038: ReduceLROnPlateau reducing learning rate to 6.399999838322402e-05.
Epoch: 39 loss: 0.6230 accuracy: 0.7140 val_loss: 0.5212 val_accuracy: 0.8693
Epoch: 40 loss: 0.6165 accuracy: 0.7196 val_loss: 0.4175 val_accuracy: 0.8693
Epoch: 41 loss: 0.6167 accuracy: 0.7203 val_loss: 0.4401 val_accuracy: 0.8693
Epoch: 42 loss: 0.6168 accuracy: 0.7172 val_loss: 0.5238 val_accuracy: 0.8693
Epoch: 43 loss: 0.6145 accuracy: 0.7197 val_loss: 0.4505 val_accuracy: 0.8693
Epoch: 44 loss: 0.6173 accuracy: 0.7166 val_loss: 0.4700 val_accuracy: 0.8693
Epoch: 45 loss: 0.6120 accuracy: 0.7204 val_loss: 0.4749 val_accuracy: 0.8693

Epoch 00045: ReduceLROnPlateau reducing learning rate to 5.119999987073243e-05.
Epoch: 46 loss: 0.6124 accuracy: 0.7197 val_loss: 0.4794 val_accuracy: 0.8693
Epoch: 47 loss: 0.6098 accuracy: 0.7212 val_loss: 0.4994 val_accuracy: 0.8693
Epoch: 48 loss: 0.6133 accuracy: 0.7172 val_loss: 0.4639 val_accuracy: 0.8693
Epoch: 49 loss: 0.6083 accuracy: 0.7216 val_loss: 0.4767 val_accuracy: 0.8693
Epoch: 50 loss: 0.6168 accuracy: 0.7130 val_loss: 0.4755 val_accuracy: 0.8693

Epoch 00050: ReduceLROnPlateau reducing learning rate to 4.0960000478662555e-05.
End of augmented training
Finish
Job ended!
