Tue 27 Feb 2024 10:28:47 AM EST
Python 3.9.7
nvcc: NVIDIA (R) Cuda compiler driver
Copyright (c) 2005-2019 NVIDIA Corporation
Built on Sun_Jul_28_19:07:16_PDT_2019
Cuda compilation tools, release 10.1, V10.1.243
My SLURM_ARRAY_TASK_ID: 
DB: ['ISIC2016', 'ISIC2017', 'ISIC2018']
IMG_SIZE: [150, 150]
CLASSIFIER: EfficientNetB4
SELF_AUG: 1
JOB_INDEX: None
Combining...
Combining 1 db out of 3 dbs
Combining 2 db out of 3 dbs
Combining 3 db out of 3 dbs
Stacking training images
Stacking training labels
Stacking validation images
Stacking validation labels
Model: "sequential"
_________________________________________________________________
Layer (type)                 Output Shape              Param #   
=================================================================
efficientnetb4 (Functional)  (None, 1792)              17673823  
_________________________________________________________________
dense (Dense)                (None, 512)               918016    
_________________________________________________________________
dropout (Dropout)            (None, 512)               0         
_________________________________________________________________
batch_normalization (BatchNo (None, 512)               2048      
_________________________________________________________________
dense_1 (Dense)              (None, 256)               131328    
_________________________________________________________________
dropout_1 (Dropout)          (None, 256)               0         
_________________________________________________________________
batch_normalization_1 (Batch (None, 256)               1024      
_________________________________________________________________
dense_2 (Dense)              (None, 2)                 514       
=================================================================
Total params: 18,726,753
Trainable params: 1,051,394
Non-trainable params: 17,675,359
_________________________________________________________________
Fitting ISIC2016+ISIC2017+ISIC2018_aug_EfficientNetB4_150h_150w_None model...
model_name: ISIC2016+ISIC2017+ISIC2018_aug_EfficientNetB4_150h_150w_None
Epoch: 1 loss: 0.6268 accuracy: 0.6787 val_loss: 0.4869 val_accuracy: 0.8337
Epoch: 2 loss: 0.6053 accuracy: 0.7070 val_loss: 0.4940 val_accuracy: 0.8337
Epoch: 3 loss: 0.6053 accuracy: 0.7070 val_loss: 0.4884 val_accuracy: 0.8337
Epoch: 4 loss: 0.6048 accuracy: 0.7071 val_loss: 0.4889 val_accuracy: 0.8337
Epoch: 5 loss: 0.6042 accuracy: 0.7070 val_loss: 0.5323 val_accuracy: 0.8337
Epoch: 6 loss: 0.6011 accuracy: 0.7069 val_loss: 0.5381 val_accuracy: 0.8337
Epoch: 7 loss: 0.6000 accuracy: 0.7070 val_loss: 0.5019 val_accuracy: 0.8337
Epoch: 8 loss: 0.5972 accuracy: 0.7071 val_loss: 0.5796 val_accuracy: 0.8337
Epoch: 9 loss: 0.5962 accuracy: 0.7070 val_loss: 0.5311 val_accuracy: 0.8337
Epoch: 10 loss: 0.5941 accuracy: 0.7072 val_loss: 0.6137 val_accuracy: 0.8337
Epoch: 11 loss: 0.5924 accuracy: 0.7071 val_loss: 0.6064 val_accuracy: 0.8337
Epoch: 12 loss: 0.5914 accuracy: 0.7072 val_loss: 0.6107 val_accuracy: 0.8337
Epoch: 13 loss: 0.5896 accuracy: 0.7074 val_loss: 0.4763 val_accuracy: 0.8337
Epoch: 14 loss: 0.5878 accuracy: 0.7072 val_loss: 0.5671 val_accuracy: 0.8337
Epoch: 15 loss: 0.5857 accuracy: 0.7076 val_loss: 0.5364 val_accuracy: 0.8337
Epoch: 16 loss: 0.5863 accuracy: 0.7077 val_loss: 0.6006 val_accuracy: 0.8337
Epoch: 17 loss: 0.5842 accuracy: 0.7088 val_loss: 0.6427 val_accuracy: 0.8337
Epoch: 18 loss: 0.5846 accuracy: 0.7079 val_loss: 0.5448 val_accuracy: 0.8337
Epoch: 19 loss: 0.5834 accuracy: 0.7082 val_loss: 0.5839 val_accuracy: 0.8337
Epoch: 20 loss: 0.5826 accuracy: 0.7074 val_loss: 0.5545 val_accuracy: 0.8337
Job ended!
