Fri 01 Mar 2024 07:51:18 AM EST
Python 3.9.7
nvcc: NVIDIA (R) Cuda compiler driver
Copyright (c) 2005-2019 NVIDIA Corporation
Built on Sun_Jul_28_19:07:16_PDT_2019
Cuda compilation tools, release 10.1, V10.1.243
My SLURM_ARRAY_TASK_ID: 
DB: ['ISIC2016', 'ISIC2017', 'ISIC2018', 'ISIC2019', 'PAD_UFES_20', 'MEDNODE']
IMG_SIZE: [150, 150]
CLASSIFIER: EfficientNetB4
SELF_AUG: 1
JOB_INDEX: None
Combining...
Combining 1 db out of 6 dbs
Combining 2 db out of 6 dbs
Combining 3 db out of 6 dbs
Combining 4 db out of 6 dbs
Combining 5 db out of 6 dbs
Combining 6 db out of 6 dbs
Stacking training images
Stacking training labels
Stacking validation images
Stacking validation labels
Model: "sequential"
_________________________________________________________________
Layer (type)                 Output Shape              Param #   
=================================================================
efficientnetb4 (Functional)  (None, 1792)              17673823  
_________________________________________________________________
dense (Dense)                (None, 512)               918016    
_________________________________________________________________
dropout (Dropout)            (None, 512)               0         
_________________________________________________________________
batch_normalization (BatchNo (None, 512)               2048      
_________________________________________________________________
dense_1 (Dense)              (None, 256)               131328    
_________________________________________________________________
dropout_1 (Dropout)          (None, 256)               0         
_________________________________________________________________
batch_normalization_1 (Batch (None, 256)               1024      
_________________________________________________________________
dense_2 (Dense)              (None, 2)                 514       
=================================================================
Total params: 18,726,753
Trainable params: 1,051,394
Non-trainable params: 17,675,359
_________________________________________________________________
Fitting ISIC2016+ISIC2017+ISIC2018+ISIC2019+PAD_UFES_20+MEDNODE_aug_EfficientNetB4_150h_150w_None model...
model_name: ISIC2016+ISIC2017+ISIC2018+ISIC2019+PAD_UFES_20+MEDNODE_aug_EfficientNetB4_150h_150w_None
Epoch: 1 loss: 0.5814 accuracy: 0.7301 val_loss: 0.3503 val_accuracy: 0.8549
Epoch: 2 loss: 0.4865 accuracy: 0.7716 val_loss: 0.3415 val_accuracy: 0.8616
Epoch: 3 loss: 0.4606 accuracy: 0.7822 val_loss: 0.3287 val_accuracy: 0.8603
Epoch: 4 loss: 0.4404 accuracy: 0.7918 val_loss: 0.3273 val_accuracy: 0.8654
Epoch: 5 loss: 0.4290 accuracy: 0.8005 val_loss: 0.3266 val_accuracy: 0.8634
Epoch: 6 loss: 0.4188 accuracy: 0.8050 val_loss: 0.3194 val_accuracy: 0.8659
Epoch: 7 loss: 0.4139 accuracy: 0.8075 val_loss: 0.3124 val_accuracy: 0.8702
Epoch: 8 loss: 0.4049 accuracy: 0.8118 val_loss: 0.3128 val_accuracy: 0.8713
Epoch: 9 loss: 0.4006 accuracy: 0.8165 val_loss: 0.3098 val_accuracy: 0.8729
Epoch: 10 loss: 0.3942 accuracy: 0.8181 val_loss: 0.3098 val_accuracy: 0.8741
Epoch: 11 loss: 0.3886 accuracy: 0.8205 val_loss: 0.3104 val_accuracy: 0.8741
Epoch: 12 loss: 0.3834 accuracy: 0.8239 val_loss: 0.3057 val_accuracy: 0.8785
Epoch: 13 loss: 0.3807 accuracy: 0.8252 val_loss: 0.2954 val_accuracy: 0.8774
Epoch: 14 loss: 0.3745 accuracy: 0.8270 val_loss: 0.2933 val_accuracy: 0.8851
Epoch: 15 loss: 0.3708 accuracy: 0.8299 val_loss: 0.2986 val_accuracy: 0.8805
Epoch: 16 loss: 0.3669 accuracy: 0.8321 val_loss: 0.2866 val_accuracy: 0.8863
Epoch: 17 loss: 0.3621 accuracy: 0.8337 val_loss: 0.2834 val_accuracy: 0.8851
Epoch: 18 loss: 0.3580 accuracy: 0.8358 val_loss: 0.2905 val_accuracy: 0.8828
Epoch: 19 loss: 0.3566 accuracy: 0.8385 val_loss: 0.2825 val_accuracy: 0.8856
Epoch: 20 loss: 0.3503 accuracy: 0.8404 val_loss: 0.2852 val_accuracy: 0.8830
Job ended!
