Tue 27 Feb 2024 11:06:36 AM EST
Python 3.9.7
nvcc: NVIDIA (R) Cuda compiler driver
Copyright (c) 2005-2019 NVIDIA Corporation
Built on Sun_Jul_28_19:07:16_PDT_2019
Cuda compilation tools, release 10.1, V10.1.243
My SLURM_ARRAY_TASK_ID: 
DB: ['ISIC2016', 'ISIC2017', 'ISIC2018', 'ISIC2019', 'ISIC2020', 'PH2']
IMG_SIZE: [150, 150]
CLASSIFIER: EfficientNetB4
SELF_AUG: 1
JOB_INDEX: None
Combining...
Combining 1 db out of 6 dbs
Combining 2 db out of 6 dbs
Combining 3 db out of 6 dbs
Combining 4 db out of 6 dbs
Combining 5 db out of 6 dbs
Combining 6 db out of 6 dbs
Stacking training images
Stacking training labels
Stacking validation images
Stacking validation labels
Model: "sequential"
_________________________________________________________________
Layer (type)                 Output Shape              Param #   
=================================================================
efficientnetb4 (Functional)  (None, 1792)              17673823  
_________________________________________________________________
dense (Dense)                (None, 512)               918016    
_________________________________________________________________
dropout (Dropout)            (None, 512)               0         
_________________________________________________________________
batch_normalization (BatchNo (None, 512)               2048      
_________________________________________________________________
dense_1 (Dense)              (None, 256)               131328    
_________________________________________________________________
dropout_1 (Dropout)          (None, 256)               0         
_________________________________________________________________
batch_normalization_1 (Batch (None, 256)               1024      
_________________________________________________________________
dense_2 (Dense)              (None, 2)                 514       
=================================================================
Total params: 18,726,753
Trainable params: 1,051,394
Non-trainable params: 17,675,359
_________________________________________________________________
Fitting ISIC2016+ISIC2017+ISIC2018+ISIC2019+ISIC2020+PH2_aug_EfficientNetB4_150h_150w_None model...
model_name: ISIC2016+ISIC2017+ISIC2018+ISIC2019+ISIC2020+PH2_aug_EfficientNetB4_150h_150w_None
Epoch: 1 loss: 0.5804 accuracy: 0.7178 val_loss: 0.3920 val_accuracy: 0.9136
Epoch: 2 loss: 0.5663 accuracy: 0.7231 val_loss: 0.3586 val_accuracy: 0.9136
Epoch: 3 loss: 0.5621 accuracy: 0.7229 val_loss: 0.3604 val_accuracy: 0.9136
Epoch: 4 loss: 0.5580 accuracy: 0.7221 val_loss: 0.4137 val_accuracy: 0.9136
Epoch: 5 loss: 0.5548 accuracy: 0.7225 val_loss: 0.3818 val_accuracy: 0.9136
Epoch: 6 loss: 0.5521 accuracy: 0.7223 val_loss: 0.5239 val_accuracy: 0.9136
Epoch: 7 loss: 0.5501 accuracy: 0.7222 val_loss: 0.5078 val_accuracy: 0.9136
Epoch: 8 loss: 0.5533 accuracy: 0.7229 val_loss: 0.4170 val_accuracy: 0.9075
Epoch: 9 loss: 0.5550 accuracy: 0.7246 val_loss: 0.6787 val_accuracy: 0.5480
Epoch: 10 loss: 0.5546 accuracy: 0.7252 val_loss: 0.5105 val_accuracy: 0.9136
Epoch: 11 loss: 0.5531 accuracy: 0.7255 val_loss: 0.5276 val_accuracy: 0.9136
Epoch: 12 loss: 0.5519 accuracy: 0.7249 val_loss: 0.4547 val_accuracy: 0.9136
Epoch: 13 loss: 0.5511 accuracy: 0.7243 val_loss: 0.6252 val_accuracy: 0.9136
Epoch: 14 loss: 0.5493 accuracy: 0.7240 val_loss: 0.3475 val_accuracy: 0.9136
Epoch: 15 loss: 0.5484 accuracy: 0.7246 val_loss: 0.4387 val_accuracy: 0.9136
Epoch: 16 loss: 0.5475 accuracy: 0.7260 val_loss: 0.4321 val_accuracy: 0.9136
Epoch: 17 loss: 0.5462 accuracy: 0.7250 val_loss: 0.4282 val_accuracy: 0.8895
Epoch: 18 loss: 0.5447 accuracy: 0.7255 val_loss: 0.6267 val_accuracy: 0.5945
Epoch: 19 loss: 0.5442 accuracy: 0.7252 val_loss: 0.5158 val_accuracy: 0.9136
Epoch: 20 loss: 0.5433 accuracy: 0.7256 val_loss: 0.6311 val_accuracy: 0.6799
Job ended!
