Tue 27 Feb 2024 12:14:05 PM EST
Python 3.9.7
nvcc: NVIDIA (R) Cuda compiler driver
Copyright (c) 2005-2019 NVIDIA Corporation
Built on Sun_Jul_28_19:07:16_PDT_2019
Cuda compilation tools, release 10.1, V10.1.243
My SLURM_ARRAY_TASK_ID: 
DB: ['ISIC2016', 'PH2', '_7_point_criteria', 'PAD_UFES_20']
IMG_SIZE: [150, 150]
CLASSIFIER: EfficientNetB4
SELF_AUG: 1
JOB_INDEX: None
Combining...
Combining 1 db out of 4 dbs
Combining 2 db out of 4 dbs
Combining 3 db out of 4 dbs
Combining 4 db out of 4 dbs
Stacking training images
Stacking training labels
Stacking validation images
Stacking validation labels
Model: "sequential"
_________________________________________________________________
Layer (type)                 Output Shape              Param #   
=================================================================
efficientnetb4 (Functional)  (None, 1792)              17673823  
_________________________________________________________________
dense (Dense)                (None, 512)               918016    
_________________________________________________________________
dropout (Dropout)            (None, 512)               0         
_________________________________________________________________
batch_normalization (BatchNo (None, 512)               2048      
_________________________________________________________________
dense_1 (Dense)              (None, 256)               131328    
_________________________________________________________________
dropout_1 (Dropout)          (None, 256)               0         
_________________________________________________________________
batch_normalization_1 (Batch (None, 256)               1024      
_________________________________________________________________
dense_2 (Dense)              (None, 2)                 514       
=================================================================
Total params: 18,726,753
Trainable params: 1,051,394
Non-trainable params: 17,675,359
_________________________________________________________________
Fitting ISIC2016+PH2+_7_point_criteria+PAD_UFES_20_aug_EfficientNetB4_150h_150w_None model...
model_name: ISIC2016+PH2+_7_point_criteria+PAD_UFES_20_aug_EfficientNetB4_150h_150w_None
Epoch: 1 loss: 0.6633 accuracy: 0.6121 val_loss: 0.5793 val_accuracy: 0.8743
Epoch: 2 loss: 0.6107 accuracy: 0.7290 val_loss: 0.5057 val_accuracy: 0.8743
Epoch: 3 loss: 0.5911 accuracy: 0.7327 val_loss: 0.4596 val_accuracy: 0.8743
Epoch: 4 loss: 0.5831 accuracy: 0.7339 val_loss: 0.4475 val_accuracy: 0.8743
Epoch: 5 loss: 0.5808 accuracy: 0.7335 val_loss: 0.4383 val_accuracy: 0.8743
Epoch: 6 loss: 0.5808 accuracy: 0.7335 val_loss: 0.4396 val_accuracy: 0.8743
Epoch: 7 loss: 0.5811 accuracy: 0.7335 val_loss: 0.4383 val_accuracy: 0.8743
Epoch: 8 loss: 0.5789 accuracy: 0.7348 val_loss: 0.4376 val_accuracy: 0.8743
Epoch: 9 loss: 0.5798 accuracy: 0.7337 val_loss: 0.4430 val_accuracy: 0.8743
Epoch: 10 loss: 0.5810 accuracy: 0.7329 val_loss: 0.4255 val_accuracy: 0.8743
Epoch: 11 loss: 0.5799 accuracy: 0.7339 val_loss: 0.4405 val_accuracy: 0.8743
Epoch: 12 loss: 0.5789 accuracy: 0.7346 val_loss: 0.4299 val_accuracy: 0.8743
Epoch: 13 loss: 0.5805 accuracy: 0.7331 val_loss: 0.4441 val_accuracy: 0.8743
Epoch: 14 loss: 0.5794 accuracy: 0.7339 val_loss: 0.4381 val_accuracy: 0.8743
Epoch: 15 loss: 0.5797 accuracy: 0.7339 val_loss: 0.4386 val_accuracy: 0.8743
Epoch: 16 loss: 0.5797 accuracy: 0.7333 val_loss: 0.4414 val_accuracy: 0.8743
Epoch: 17 loss: 0.5804 accuracy: 0.7329 val_loss: 0.4337 val_accuracy: 0.8743
Epoch: 18 loss: 0.5796 accuracy: 0.7342 val_loss: 0.4280 val_accuracy: 0.8743
Epoch: 19 loss: 0.5807 accuracy: 0.7328 val_loss: 0.4354 val_accuracy: 0.8743
Epoch: 20 loss: 0.5794 accuracy: 0.7344 val_loss: 0.4354 val_accuracy: 0.8743
Job ended!
