Tue 07 May 2024 02:59:24 AM EDT
Python 3.9.7
nvcc: NVIDIA (R) Cuda compiler driver
Copyright (c) 2005-2019 NVIDIA Corporation
Built on Sun_Jul_28_19:07:16_PDT_2019
Cuda compilation tools, release 10.1, V10.1.243
My SLURM_ARRAY_TASK_ID: 
DB: ['ISIC2016', 'ISIC2019', 'ISIC2020']
IMG_SIZE: [384, 384]
CLASSIFIER: EfficientNetB4
JOB_INDEX: None
Start training augmented images
Combining...
Combining 1th db out of 3 dbs
Combining 2th db out of 3 dbs
Combining 3th db out of 3 dbs
Stacking data
Combining complete
Model: "sequential"
_________________________________________________________________
Layer (type)                 Output Shape              Param #   
=================================================================
efficientnetb4 (Functional)  (None, 1792)              17673823  
_________________________________________________________________
dense (Dense)                (None, 512)               918016    
_________________________________________________________________
dropout (Dropout)            (None, 512)               0         
_________________________________________________________________
batch_normalization (BatchNo (None, 512)               2048      
_________________________________________________________________
dense_1 (Dense)              (None, 256)               131328    
_________________________________________________________________
batch_normalization_1 (Batch (None, 256)               1024      
_________________________________________________________________
dense_2 (Dense)              (None, 2)                 514       
=================================================================
Total params: 18,726,753
Trainable params: 1,051,394
Non-trainable params: 17,675,359
_________________________________________________________________
Fitting ISIC2016+ISIC2019+ISIC2020_aug_EfficientNetB4_384h_384w_None model...
model_name: ISIC2016+ISIC2019+ISIC2020_aug_EfficientNetB4_384h_384w_None
Epoch: 1 loss: 1.1155 accuracy: 0.6398 val_loss: 0.7464 val_accuracy: 0.9108
Epoch: 2 loss: 0.9547 accuracy: 0.6972 val_loss: 0.7052 val_accuracy: 0.9108
Epoch: 3 loss: 0.8667 accuracy: 0.7164 val_loss: 0.6723 val_accuracy: 0.9108
Epoch: 4 loss: 0.7963 accuracy: 0.7198 val_loss: 0.5643 val_accuracy: 0.9108
Epoch: 5 loss: 0.7316 accuracy: 0.7265 val_loss: 0.5063 val_accuracy: 0.9108
Epoch: 6 loss: 0.6877 accuracy: 0.7265 val_loss: 0.4633 val_accuracy: 0.9108
Epoch: 7 loss: 0.6598 accuracy: 0.7253 val_loss: 0.4236 val_accuracy: 0.9108
Epoch: 8 loss: 0.6391 accuracy: 0.7276 val_loss: 0.4383 val_accuracy: 0.9108
Epoch: 9 loss: 0.6285 accuracy: 0.7266 val_loss: 0.4620 val_accuracy: 0.9108
Epoch: 10 loss: 0.6192 accuracy: 0.7276 val_loss: 0.5962 val_accuracy: 0.9108
Epoch: 11 loss: 0.6148 accuracy: 0.7265 val_loss: 0.4434 val_accuracy: 0.9108
Epoch: 12 loss: 0.6120 accuracy: 0.7249 val_loss: 0.4093 val_accuracy: 0.9108
Epoch: 13 loss: 0.6048 accuracy: 0.7288 val_loss: 0.4528 val_accuracy: 0.9108
Epoch: 14 loss: 0.6057 accuracy: 0.7261 val_loss: 0.4612 val_accuracy: 0.9108
Epoch: 15 loss: 0.6043 accuracy: 0.7254 val_loss: 0.3960 val_accuracy: 0.9108
Epoch: 16 loss: 0.6014 accuracy: 0.7266 val_loss: 0.3287 val_accuracy: 0.9108
Epoch: 17 loss: 0.5994 accuracy: 0.7270 val_loss: 0.4006 val_accuracy: 0.9108
Epoch: 18 loss: 0.5970 accuracy: 0.7280 val_loss: 0.4161 val_accuracy: 0.9108
Epoch: 19 loss: 0.5976 accuracy: 0.7257 val_loss: 0.4457 val_accuracy: 0.9108
Epoch: 20 loss: 0.5954 accuracy: 0.7274 val_loss: 0.4508 val_accuracy: 0.9108
Epoch: 21 loss: 0.5917 accuracy: 0.7301 val_loss: 0.4617 val_accuracy: 0.9108

Epoch 00021: ReduceLROnPlateau reducing learning rate to 7.999999797903001e-05.
Epoch: 22 loss: 0.5944 accuracy: 0.7262 val_loss: 0.4041 val_accuracy: 0.9108
Epoch: 23 loss: 0.5925 accuracy: 0.7275 val_loss: 0.4033 val_accuracy: 0.9108
Epoch: 24 loss: 0.5938 accuracy: 0.7258 val_loss: 0.4014 val_accuracy: 0.9108
Epoch: 25 loss: 0.5915 accuracy: 0.7278 val_loss: 0.4033 val_accuracy: 0.9108
Epoch: 26 loss: 0.5929 accuracy: 0.7259 val_loss: 0.4006 val_accuracy: 0.9108

Epoch 00026: ReduceLROnPlateau reducing learning rate to 6.399999838322402e-05.
End of augmented training
Finish
Job ended!
