Fri 01 Mar 2024 07:42:47 AM EST
Python 3.9.7
nvcc: NVIDIA (R) Cuda compiler driver
Copyright (c) 2005-2019 NVIDIA Corporation
Built on Sun_Jul_28_19:07:16_PDT_2019
Cuda compilation tools, release 10.1, V10.1.243
My SLURM_ARRAY_TASK_ID: 
DB: ['ISIC2016', 'ISIC2017', 'ISIC2018', 'ISIC2019', 'ISIC2020', 'PH2', '_7_point_criteria', 'PAD_UFES_20', 'MEDNODE', 'KaggleMB']
IMG_SIZE: [150, 150]
CLASSIFIER: EfficientNetB4
SELF_AUG: 1
JOB_INDEX: None
Combining...
Combining 1 db out of 10 dbs
Combining 2 db out of 10 dbs
Combining 3 db out of 10 dbs
Combining 4 db out of 10 dbs
Combining 5 db out of 10 dbs
Combining 6 db out of 10 dbs
Combining 7 db out of 10 dbs
Combining 8 db out of 10 dbs
Combining 9 db out of 10 dbs
Combining 10 db out of 10 dbs
Stacking training images
Stacking training labels
Stacking validation images
Stacking validation labels
Model: "sequential"
_________________________________________________________________
Layer (type)                 Output Shape              Param #   
=================================================================
efficientnetb4 (Functional)  (None, 1792)              17673823  
_________________________________________________________________
dense (Dense)                (None, 512)               918016    
_________________________________________________________________
dropout (Dropout)            (None, 512)               0         
_________________________________________________________________
batch_normalization (BatchNo (None, 512)               2048      
_________________________________________________________________
dense_1 (Dense)              (None, 256)               131328    
_________________________________________________________________
dropout_1 (Dropout)          (None, 256)               0         
_________________________________________________________________
batch_normalization_1 (Batch (None, 256)               1024      
_________________________________________________________________
dense_2 (Dense)              (None, 2)                 514       
=================================================================
Total params: 18,726,753
Trainable params: 1,051,394
Non-trainable params: 17,675,359
_________________________________________________________________
Fitting ISIC2016+ISIC2017+ISIC2018+ISIC2019+ISIC2020+PH2+_7_point_criteria+PAD_UFES_20+MEDNODE+KaggleMB_aug_EfficientNetB4_150h_150w_None model...
model_name: ISIC2016+ISIC2017+ISIC2018+ISIC2019+ISIC2020+PH2+_7_point_criteria+PAD_UFES_20+MEDNODE+KaggleMB_aug_EfficientNetB4_150h_150w_None
Epoch: 1 loss: 0.4984 accuracy: 0.7660 val_loss: 0.2380 val_accuracy: 0.9077
Epoch: 2 loss: 0.4159 accuracy: 0.8003 val_loss: 0.2315 val_accuracy: 0.9109
Epoch: 3 loss: 0.3968 accuracy: 0.8104 val_loss: 0.2288 val_accuracy: 0.9114
Epoch: 4 loss: 0.3853 accuracy: 0.8167 val_loss: 0.2257 val_accuracy: 0.9114
Epoch: 5 loss: 0.3784 accuracy: 0.8214 val_loss: 0.2199 val_accuracy: 0.9132
Epoch: 6 loss: 0.3707 accuracy: 0.8245 val_loss: 0.2165 val_accuracy: 0.9141
Epoch: 7 loss: 0.3662 accuracy: 0.8270 val_loss: 0.2151 val_accuracy: 0.9167
Epoch: 8 loss: 0.3626 accuracy: 0.8293 val_loss: 0.2136 val_accuracy: 0.9167
Epoch: 9 loss: 0.3589 accuracy: 0.8308 val_loss: 0.2128 val_accuracy: 0.9185
Epoch: 10 loss: 0.3557 accuracy: 0.8353 val_loss: 0.2086 val_accuracy: 0.9197
Epoch: 11 loss: 0.3510 accuracy: 0.8361 val_loss: 0.2127 val_accuracy: 0.9183
Epoch: 12 loss: 0.3481 accuracy: 0.8357 val_loss: 0.2086 val_accuracy: 0.9209
Epoch: 13 loss: 0.3433 accuracy: 0.8403 val_loss: 0.2072 val_accuracy: 0.9204
Epoch: 14 loss: 0.3414 accuracy: 0.8391 val_loss: 0.2046 val_accuracy: 0.9208
Epoch: 15 loss: 0.3389 accuracy: 0.8418 val_loss: 0.2042 val_accuracy: 0.9231
Epoch: 16 loss: 0.3349 accuracy: 0.8440 val_loss: 0.2047 val_accuracy: 0.9205
Epoch: 17 loss: 0.3322 accuracy: 0.8445 val_loss: 0.2008 val_accuracy: 0.9243
Epoch: 18 loss: 0.3283 accuracy: 0.8466 val_loss: 0.2047 val_accuracy: 0.9232
Epoch: 19 loss: 0.3278 accuracy: 0.8477 val_loss: 0.2032 val_accuracy: 0.9220
Epoch: 20 loss: 0.3244 accuracy: 0.8492 val_loss: 0.2016 val_accuracy: 0.9243
Job ended!
