Fri 01 Mar 2024 08:16:19 AM EST
Python 3.9.7
nvcc: NVIDIA (R) Cuda compiler driver
Copyright (c) 2005-2019 NVIDIA Corporation
Built on Sun_Jul_28_19:07:16_PDT_2019
Cuda compilation tools, release 10.1, V10.1.243
My SLURM_ARRAY_TASK_ID: 
DB: ['ISIC2016', 'ISIC2017', 'ISIC2018', 'PH2', '_7_point_criteria']
IMG_SIZE: [150, 150]
CLASSIFIER: EfficientNetB4
SELF_AUG: 1
JOB_INDEX: None
Combining...
Combining 1 db out of 5 dbs
Combining 2 db out of 5 dbs
Combining 3 db out of 5 dbs
Combining 4 db out of 5 dbs
Combining 5 db out of 5 dbs
Stacking training images
Stacking training labels
Stacking validation images
Stacking validation labels
Model: "sequential"
_________________________________________________________________
Layer (type)                 Output Shape              Param #   
=================================================================
efficientnetb4 (Functional)  (None, 1792)              17673823  
_________________________________________________________________
dense (Dense)                (None, 512)               918016    
_________________________________________________________________
dropout (Dropout)            (None, 512)               0         
_________________________________________________________________
batch_normalization (BatchNo (None, 512)               2048      
_________________________________________________________________
dense_1 (Dense)              (None, 256)               131328    
_________________________________________________________________
dropout_1 (Dropout)          (None, 256)               0         
_________________________________________________________________
batch_normalization_1 (Batch (None, 256)               1024      
_________________________________________________________________
dense_2 (Dense)              (None, 2)                 514       
=================================================================
Total params: 18,726,753
Trainable params: 1,051,394
Non-trainable params: 17,675,359
_________________________________________________________________
Fitting ISIC2016+ISIC2017+ISIC2018+PH2+_7_point_criteria_aug_EfficientNetB4_150h_150w_None model...
model_name: ISIC2016+ISIC2017+ISIC2018+PH2+_7_point_criteria_aug_EfficientNetB4_150h_150w_None
Epoch: 1 loss: 0.6361 accuracy: 0.7127 val_loss: 0.4435 val_accuracy: 0.7906
Epoch: 2 loss: 0.5020 accuracy: 0.7717 val_loss: 0.4571 val_accuracy: 0.8030
Epoch: 3 loss: 0.4674 accuracy: 0.7895 val_loss: 0.4267 val_accuracy: 0.8085
Epoch: 4 loss: 0.4437 accuracy: 0.8021 val_loss: 0.4209 val_accuracy: 0.8154
Epoch: 5 loss: 0.4332 accuracy: 0.8028 val_loss: 0.4517 val_accuracy: 0.8030
Epoch: 6 loss: 0.4123 accuracy: 0.8133 val_loss: 0.4410 val_accuracy: 0.8072
Epoch: 7 loss: 0.4030 accuracy: 0.8188 val_loss: 0.4481 val_accuracy: 0.8058
Epoch: 8 loss: 0.3934 accuracy: 0.8230 val_loss: 0.4332 val_accuracy: 0.8209
Epoch: 9 loss: 0.3883 accuracy: 0.8243 val_loss: 0.4312 val_accuracy: 0.8251
Epoch: 10 loss: 0.3798 accuracy: 0.8322 val_loss: 0.4250 val_accuracy: 0.8099
Epoch: 11 loss: 0.3708 accuracy: 0.8346 val_loss: 0.4405 val_accuracy: 0.8168
Epoch: 12 loss: 0.3662 accuracy: 0.8358 val_loss: 0.4607 val_accuracy: 0.8140
Epoch: 13 loss: 0.3654 accuracy: 0.8368 val_loss: 0.4262 val_accuracy: 0.8251
Epoch: 14 loss: 0.3555 accuracy: 0.8440 val_loss: 0.4300 val_accuracy: 0.8237
Epoch: 15 loss: 0.3455 accuracy: 0.8466 val_loss: 0.4467 val_accuracy: 0.8182
Epoch: 16 loss: 0.3433 accuracy: 0.8485 val_loss: 0.4289 val_accuracy: 0.8264
Epoch: 17 loss: 0.3395 accuracy: 0.8502 val_loss: 0.4375 val_accuracy: 0.8264
Epoch: 18 loss: 0.3344 accuracy: 0.8488 val_loss: 0.4294 val_accuracy: 0.8306
Epoch: 19 loss: 0.3265 accuracy: 0.8551 val_loss: 0.4507 val_accuracy: 0.8196
Epoch: 20 loss: 0.3241 accuracy: 0.8554 val_loss: 0.4283 val_accuracy: 0.8182
Job ended!
