DB: ['ISIC2016', 'ISIC2017']
CLASSIFIER: MNASNet10
JOB_INDEX: None
Start training ISIC2016+ISIC2017_MNASNet10
Combining...
Combining 1th db out of 2 dbs
Combining 2th db out of 2 dbs
Stacking data
Combining complete
Epoch 0/33
----------
Train Loss: 0.6508 Acc: 0.6176
Val Loss: 0.5376 Acc: 0.8000

Epoch 1/33
----------
Train Loss: 0.6082 Acc: 0.6647
Val Loss: 0.4603 Acc: 0.8152

Epoch 2/33
----------
Train Loss: 0.5947 Acc: 0.6809
Val Loss: 0.4285 Acc: 0.8121

Epoch 3/33
----------
Train Loss: 0.5620 Acc: 0.7088
Val Loss: 0.4242 Acc: 0.8212

Epoch 4/33
----------
Train Loss: 0.5616 Acc: 0.7110
Val Loss: 0.4227 Acc: 0.8242

Epoch 5/33
----------
Train Loss: 0.5526 Acc: 0.7154
Val Loss: 0.4183 Acc: 0.8182

Epoch 6/33
----------
Train Loss: 0.5421 Acc: 0.7202
Val Loss: 0.4255 Acc: 0.8182

Epoch 7/33
----------
Train Loss: 0.5481 Acc: 0.7165
Val Loss: 0.4083 Acc: 0.8364

Epoch 8/33
----------
Train Loss: 0.5509 Acc: 0.7147
Val Loss: 0.4080 Acc: 0.8333

Epoch 9/33
----------
Train Loss: 0.5514 Acc: 0.7210
Val Loss: 0.4043 Acc: 0.8424

Epoch 10/33
----------
Train Loss: 0.5415 Acc: 0.7151
Val Loss: 0.4014 Acc: 0.8455

Epoch 11/33
----------
Train Loss: 0.5278 Acc: 0.7316
Val Loss: 0.3997 Acc: 0.8394

Epoch 12/33
----------
Train Loss: 0.5383 Acc: 0.7294
Val Loss: 0.3952 Acc: 0.8455

Epoch 13/33
----------
Train Loss: 0.5242 Acc: 0.7360
Val Loss: 0.3936 Acc: 0.8424

Epoch 14/33
----------
Train Loss: 0.5344 Acc: 0.7206
Val Loss: 0.3926 Acc: 0.8455

Epoch 15/33
----------
Train Loss: 0.5415 Acc: 0.7221
Val Loss: 0.3917 Acc: 0.8455

Epoch 16/33
----------
Train Loss: 0.5267 Acc: 0.7309
Val Loss: 0.3907 Acc: 0.8455

Epoch 17/33
----------
Train Loss: 0.5423 Acc: 0.7210
Val Loss: 0.3898 Acc: 0.8455

Epoch 18/33
----------
Train Loss: 0.5221 Acc: 0.7412
Val Loss: 0.3889 Acc: 0.8455

Epoch 19/33
----------
Train Loss: 0.5312 Acc: 0.7250
Val Loss: 0.3880 Acc: 0.8455

Epoch 20/33
----------
Train Loss: 0.5279 Acc: 0.7305
Val Loss: 0.3871 Acc: 0.8455

Epoch 21/33
----------
Train Loss: 0.5356 Acc: 0.7290
Val Loss: 0.3865 Acc: 0.8455

Epoch 22/33
----------
Train Loss: 0.5206 Acc: 0.7353
Val Loss: 0.3856 Acc: 0.8455

Epoch 23/33
----------
Train Loss: 0.5266 Acc: 0.7335
Val Loss: 0.3850 Acc: 0.8455

Epoch 24/33
----------
Train Loss: 0.5202 Acc: 0.7386
Val Loss: 0.3846 Acc: 0.8455

Epoch 25/33
----------
Train Loss: 0.5221 Acc: 0.7368
Val Loss: 0.3842 Acc: 0.8455

Epoch 26/33
----------
Train Loss: 0.5148 Acc: 0.7452
Val Loss: 0.3840 Acc: 0.8424

Epoch 27/33
----------
Train Loss: 0.5205 Acc: 0.7353
Val Loss: 0.3838 Acc: 0.8455

Epoch 28/33
----------
Train Loss: 0.5358 Acc: 0.7283
Val Loss: 0.3837 Acc: 0.8455

Epoch 29/33
----------
Train Loss: 0.5372 Acc: 0.7254
Val Loss: 0.3834 Acc: 0.8455

Epoch 30/33
----------
Train Loss: 0.5303 Acc: 0.7327
Val Loss: 0.3833 Acc: 0.8455

Epoch 31/33
----------
Train Loss: 0.5518 Acc: 0.7176
Val Loss: 0.3834 Acc: 0.8485

Epoch 32/33
----------
Train Loss: 0.5363 Acc: 0.7257
Val Loss: 0.3835 Acc: 0.8485

Epoch 33/33
----------
Train Loss: 0.5346 Acc: 0.7243
Val Loss: 0.3837 Acc: 0.8515

Training complete in 27m 30s
Best val Acc: 0.851515
Finished training ISIC2016+ISIC2017_MNASNet10
