DB: ['ISIC2020', 'PH2']
CLASSIFIER: MNASNet10
JOB_INDEX: None
Start training ISIC2020+PH2_MNASNet10
Combining...
Combining 1th db out of 2 dbs
Combining 2th db out of 2 dbs
Stacking data
Combining complete
Epoch 0/33
----------
Train Loss: 0.5275 Acc: 0.7319
Val Loss: 0.0789 Acc: 0.9813

Epoch 1/33
----------
Train Loss: 0.4719 Acc: 0.7693
Val Loss: 0.0970 Acc: 0.9772

Epoch 2/33
----------
Train Loss: 0.4444 Acc: 0.7894
Val Loss: 0.0875 Acc: 0.9759

Epoch 3/33
----------
Train Loss: 0.4283 Acc: 0.8001
Val Loss: 0.1196 Acc: 0.9588

Epoch 4/33
----------
Train Loss: 0.4139 Acc: 0.8078
Val Loss: 0.1696 Acc: 0.9286

Epoch 5/33
----------
Train Loss: 0.4028 Acc: 0.8139
Val Loss: 0.1948 Acc: 0.9164

Epoch 6/33
----------
Train Loss: 0.3849 Acc: 0.8263
Val Loss: 0.3415 Acc: 0.8317

Epoch 7/33
----------
Train Loss: 0.3714 Acc: 0.8319
Val Loss: 0.3374 Acc: 0.8373

Epoch 8/33
----------
Train Loss: 0.3685 Acc: 0.8345
Val Loss: 0.3336 Acc: 0.8427

Epoch 9/33
----------
Train Loss: 0.3669 Acc: 0.8338
Val Loss: 0.3331 Acc: 0.8412

Epoch 10/33
----------
Train Loss: 0.3632 Acc: 0.8390
Val Loss: 0.3252 Acc: 0.8462

Epoch 11/33
----------
Train Loss: 0.3641 Acc: 0.8373
Val Loss: 0.3031 Acc: 0.8583

Epoch 12/33
----------
Train Loss: 0.3604 Acc: 0.8368
Val Loss: 0.3386 Acc: 0.8388

Epoch 13/33
----------
Train Loss: 0.3609 Acc: 0.8391
Val Loss: 0.3417 Acc: 0.8367

Epoch 14/33
----------
Train Loss: 0.3597 Acc: 0.8391
Val Loss: 0.3261 Acc: 0.8467

Epoch 15/33
----------
Train Loss: 0.3589 Acc: 0.8424
Val Loss: 0.3288 Acc: 0.8438

Epoch 16/33
----------
Train Loss: 0.3557 Acc: 0.8423
Val Loss: 0.3301 Acc: 0.8421

Epoch 17/33
----------
Train Loss: 0.3586 Acc: 0.8412
Val Loss: 0.3330 Acc: 0.8409

Epoch 18/33
----------
Train Loss: 0.3625 Acc: 0.8359
Val Loss: 0.3327 Acc: 0.8414

Epoch 19/33
----------
Train Loss: 0.3567 Acc: 0.8411
Val Loss: 0.3366 Acc: 0.8390

Epoch 20/33
----------
Train Loss: 0.3585 Acc: 0.8391
Val Loss: 0.3304 Acc: 0.8418

Epoch 21/33
----------
Train Loss: 0.3592 Acc: 0.8403
Val Loss: 0.3312 Acc: 0.8408

Epoch 22/33
----------
Train Loss: 0.3578 Acc: 0.8409
Val Loss: 0.3319 Acc: 0.8399

Epoch 23/33
----------
Train Loss: 0.3563 Acc: 0.8425
Val Loss: 0.3326 Acc: 0.8393

Epoch 24/33
----------
Train Loss: 0.3598 Acc: 0.8392
Val Loss: 0.3329 Acc: 0.8391

Epoch 25/33
----------
Train Loss: 0.3564 Acc: 0.8405
Val Loss: 0.3340 Acc: 0.8382

Epoch 26/33
----------
Train Loss: 0.3581 Acc: 0.8401
Val Loss: 0.3340 Acc: 0.8385

Epoch 27/33
----------
Train Loss: 0.3611 Acc: 0.8376
Val Loss: 0.3334 Acc: 0.8388

Epoch 28/33
----------
Train Loss: 0.3568 Acc: 0.8437
Val Loss: 0.3337 Acc: 0.8388

Epoch 29/33
----------
Train Loss: 0.3558 Acc: 0.8431
Val Loss: 0.3340 Acc: 0.8387

Epoch 30/33
----------
Train Loss: 0.3578 Acc: 0.8410
Val Loss: 0.3348 Acc: 0.8379

Epoch 31/33
----------
Train Loss: 0.3566 Acc: 0.8416
Val Loss: 0.3342 Acc: 0.8385

Epoch 32/33
----------
Train Loss: 0.3576 Acc: 0.8413
Val Loss: 0.3350 Acc: 0.8381

Epoch 33/33
----------
Train Loss: 0.3580 Acc: 0.8403
Val Loss: 0.3347 Acc: 0.8379

Training complete in 526m 25s
Best val Acc: 0.981286
Finished training ISIC2020+PH2_MNASNet10
