DB: ['PAD_UFES_20']
CLASSIFIER: MNASNet10
JOB_INDEX: None
Start training PAD_UFES_20_MNASNet10
Combining...
Combining 1th db out of 1 dbs
Stacking data
Combining complete
Epoch 0/29
----------
Train Loss: 0.6126 Acc: 0.6491
Val Loss: 0.5129 Acc: 0.8065

Epoch 1/29
----------
Train Loss: 0.4546 Acc: 0.7965
Val Loss: 0.4590 Acc: 0.8304

Epoch 2/29
----------
Train Loss: 0.3686 Acc: 0.8449
Val Loss: 0.4363 Acc: 0.8370

Epoch 3/29
----------
Train Loss: 0.3286 Acc: 0.8634
Val Loss: 0.4408 Acc: 0.8391

Epoch 4/29
----------
Train Loss: 0.2904 Acc: 0.8776
Val Loss: 0.4520 Acc: 0.8370

Epoch 5/29
----------
Train Loss: 0.2318 Acc: 0.9113
Val Loss: 0.4261 Acc: 0.8457

Epoch 6/29
----------
Train Loss: 0.2288 Acc: 0.9010
Val Loss: 0.3471 Acc: 0.8804

Epoch 7/29
----------
Train Loss: 0.2201 Acc: 0.9102
Val Loss: 0.4060 Acc: 0.8609

Epoch 8/29
----------
Train Loss: 0.2332 Acc: 0.9037
Val Loss: 0.3818 Acc: 0.8717

Epoch 9/29
----------
Train Loss: 0.2024 Acc: 0.9146
Val Loss: 0.3553 Acc: 0.8804

Epoch 10/29
----------
Train Loss: 0.2120 Acc: 0.9151
Val Loss: 0.3680 Acc: 0.8761

Epoch 11/29
----------
Train Loss: 0.2080 Acc: 0.9113
Val Loss: 0.3728 Acc: 0.8761

Epoch 12/29
----------
Train Loss: 0.2071 Acc: 0.9119
Val Loss: 0.3770 Acc: 0.8739

Epoch 13/29
----------
Train Loss: 0.1969 Acc: 0.9217
Val Loss: 0.4119 Acc: 0.8630

Epoch 14/29
----------
Train Loss: 0.2236 Acc: 0.8988
Val Loss: 0.4057 Acc: 0.8630

Epoch 15/29
----------
Train Loss: 0.2091 Acc: 0.9184
Val Loss: 0.3977 Acc: 0.8652

Epoch 16/29
----------
Train Loss: 0.1925 Acc: 0.9244
Val Loss: 0.3924 Acc: 0.8696

Epoch 17/29
----------
Train Loss: 0.1999 Acc: 0.9271
Val Loss: 0.3880 Acc: 0.8696

Epoch 18/29
----------
Train Loss: 0.2033 Acc: 0.9211
Val Loss: 0.3828 Acc: 0.8717

Epoch 19/29
----------
Train Loss: 0.2022 Acc: 0.9195
Val Loss: 0.3775 Acc: 0.8739

Epoch 20/29
----------
Train Loss: 0.2096 Acc: 0.9135
Val Loss: 0.3737 Acc: 0.8739

Epoch 21/29
----------
Train Loss: 0.1998 Acc: 0.9217
Val Loss: 0.3696 Acc: 0.8739

Epoch 22/29
----------
Train Loss: 0.1872 Acc: 0.9227
Val Loss: 0.3659 Acc: 0.8739

Epoch 23/29
----------
Train Loss: 0.1989 Acc: 0.9249
Val Loss: 0.3615 Acc: 0.8739

Epoch 24/29
----------
Train Loss: 0.2037 Acc: 0.9173
Val Loss: 0.3578 Acc: 0.8739

Epoch 25/29
----------
Train Loss: 0.2120 Acc: 0.9162
Val Loss: 0.3543 Acc: 0.8761

Epoch 26/29
----------
Train Loss: 0.2012 Acc: 0.9206
Val Loss: 0.3510 Acc: 0.8761

Epoch 27/29
----------
Train Loss: 0.2004 Acc: 0.9189
Val Loss: 0.3473 Acc: 0.8761

Epoch 28/29
----------
Train Loss: 0.2020 Acc: 0.9238
Val Loss: 0.3438 Acc: 0.8783

Epoch 29/29
----------
Train Loss: 0.1920 Acc: 0.9211
Val Loss: 0.3403 Acc: 0.8761

Training complete in 5m 5s
Best val Acc: 0.880435
Finished training PAD_UFES_20_MNASNet10
