Mon 06 May 2024 12:33:20 PM EDT
Python 3.9.7
nvcc: NVIDIA (R) Cuda compiler driver
Copyright (c) 2005-2019 NVIDIA Corporation
Built on Sun_Jul_28_19:07:16_PDT_2019
Cuda compilation tools, release 10.1, V10.1.243
My SLURM_ARRAY_TASK_ID: 
DB: ['ISIC2016', 'ISIC2017', 'ISIC2018', 'ISIC2019', 'ISIC2020', 'PH2', 'PAD_UFES_20', 'MEDNODE']
IMG_SIZE: [384, 384]
CLASSIFIER: ResNet152V2
JOB_INDEX: None
Start training augmented images
Combining...
Combining 1th db out of 8 dbs
Combining 2th db out of 8 dbs
Combining 3th db out of 8 dbs
Combining 4th db out of 8 dbs
Combining 5th db out of 8 dbs
Combining 6th db out of 8 dbs
Combining 7th db out of 8 dbs
Combining 8th db out of 8 dbs
Stacking data
Combining complete
Model: "sequential"
_________________________________________________________________
Layer (type)                 Output Shape              Param #   
=================================================================
resnet152v2 (Functional)     (None, 2048)              58331648  
_________________________________________________________________
dense (Dense)                (None, 512)               1049088   
_________________________________________________________________
dropout (Dropout)            (None, 512)               0         
_________________________________________________________________
batch_normalization (BatchNo (None, 512)               2048      
_________________________________________________________________
dense_1 (Dense)              (None, 256)               131328    
_________________________________________________________________
batch_normalization_1 (Batch (None, 256)               1024      
_________________________________________________________________
dense_2 (Dense)              (None, 2)                 514       
=================================================================
Total params: 59,515,650
Trainable params: 1,182,466
Non-trainable params: 58,333,184
_________________________________________________________________
Fitting ISIC2016+ISIC2017+ISIC2018+ISIC2019+ISIC2020+PH2+PAD_UFES_20+MEDNODE_aug_ResNet152V2_384h_384w_None model...
model_name: ISIC2016+ISIC2017+ISIC2018+ISIC2019+ISIC2020+PH2+PAD_UFES_20+MEDNODE_aug_ResNet152V2_384h_384w_None
Epoch: 1 loss: 0.8543 accuracy: 0.8360 val_loss: 0.6769 val_accuracy: 0.8991
Epoch: 2 loss: 0.6446 accuracy: 0.8874 val_loss: 0.5959 val_accuracy: 0.9018
Epoch: 3 loss: 0.5449 accuracy: 0.9054 val_loss: 0.5199 val_accuracy: 0.9117
Epoch: 4 loss: 0.4772 accuracy: 0.9176 val_loss: 0.4915 val_accuracy: 0.9095
Epoch: 5 loss: 0.4299 accuracy: 0.9245 val_loss: 0.4759 val_accuracy: 0.9017
Epoch: 6 loss: 0.3907 accuracy: 0.9315 val_loss: 0.4339 val_accuracy: 0.9123
Epoch: 7 loss: 0.3583 accuracy: 0.9365 val_loss: 0.3945 val_accuracy: 0.9218
Epoch: 8 loss: 0.3328 accuracy: 0.9412 val_loss: 0.3800 val_accuracy: 0.9252
Epoch: 9 loss: 0.3103 accuracy: 0.9458 val_loss: 0.3693 val_accuracy: 0.9243
Epoch: 10 loss: 0.2917 accuracy: 0.9483 val_loss: 0.3599 val_accuracy: 0.9244
Epoch: 11 loss: 0.2764 accuracy: 0.9505 val_loss: 0.3486 val_accuracy: 0.9297
Epoch: 12 loss: 0.2643 accuracy: 0.9524 val_loss: 0.3401 val_accuracy: 0.9266
Epoch: 13 loss: 0.2507 accuracy: 0.9553 val_loss: 0.3466 val_accuracy: 0.9215
Epoch: 14 loss: 0.2423 accuracy: 0.9564 val_loss: 0.3249 val_accuracy: 0.9279
Epoch: 15 loss: 0.2306 accuracy: 0.9589 val_loss: 0.3251 val_accuracy: 0.9318
Epoch: 16 loss: 0.2220 accuracy: 0.9611 val_loss: 0.3241 val_accuracy: 0.9286
Epoch: 17 loss: 0.2150 accuracy: 0.9612 val_loss: 0.3136 val_accuracy: 0.9325
Epoch: 18 loss: 0.2081 accuracy: 0.9628 val_loss: 0.3167 val_accuracy: 0.9252
Epoch: 19 loss: 0.2027 accuracy: 0.9637 val_loss: 0.3557 val_accuracy: 0.9124
Epoch: 20 loss: 0.1973 accuracy: 0.9648 val_loss: 0.3057 val_accuracy: 0.9329
Epoch: 21 loss: 0.1905 accuracy: 0.9665 val_loss: 0.3207 val_accuracy: 0.9271
Epoch: 22 loss: 0.1886 accuracy: 0.9656 val_loss: 0.3107 val_accuracy: 0.9260
Epoch: 23 loss: 0.1837 accuracy: 0.9666 val_loss: 0.2901 val_accuracy: 0.9404
Epoch: 24 loss: 0.1805 accuracy: 0.9673 val_loss: 0.2901 val_accuracy: 0.9386
Epoch: 25 loss: 0.1734 accuracy: 0.9691 val_loss: 0.3084 val_accuracy: 0.9305
Epoch: 26 loss: 0.1732 accuracy: 0.9687 val_loss: 0.3338 val_accuracy: 0.9163
Epoch: 27 loss: 0.1695 accuracy: 0.9695 val_loss: 0.2906 val_accuracy: 0.9350
Epoch: 28 loss: 0.1654 accuracy: 0.9704 val_loss: 0.3061 val_accuracy: 0.9315

Epoch 00028: ReduceLROnPlateau reducing learning rate to 7.999999797903001e-05.
Epoch: 29 loss: 0.1548 accuracy: 0.9742 val_loss: 0.3020 val_accuracy: 0.9334
Epoch: 30 loss: 0.1467 accuracy: 0.9765 val_loss: 0.2705 val_accuracy: 0.9431
Epoch: 31 loss: 0.1433 accuracy: 0.9768 val_loss: 0.2760 val_accuracy: 0.9399
Epoch: 32 loss: 0.1417 accuracy: 0.9769 val_loss: 0.3013 val_accuracy: 0.9332
Epoch: 33 loss: 0.1405 accuracy: 0.9769 val_loss: 0.2837 val_accuracy: 0.9369
Epoch: 34 loss: 0.1366 accuracy: 0.9782 val_loss: 0.2779 val_accuracy: 0.9423
Epoch: 35 loss: 0.1329 accuracy: 0.9788 val_loss: 0.2804 val_accuracy: 0.9369

Epoch 00035: ReduceLROnPlateau reducing learning rate to 6.399999838322402e-05.
Epoch: 36 loss: 0.1261 accuracy: 0.9808 val_loss: 0.2621 val_accuracy: 0.9468
Epoch: 37 loss: 0.1208 accuracy: 0.9828 val_loss: 0.2799 val_accuracy: 0.9409
Epoch: 38 loss: 0.1178 accuracy: 0.9828 val_loss: 0.2661 val_accuracy: 0.9459
Epoch: 39 loss: 0.1155 accuracy: 0.9839 val_loss: 0.2726 val_accuracy: 0.9468
Epoch: 40 loss: 0.1143 accuracy: 0.9836 val_loss: 0.2676 val_accuracy: 0.9472
Epoch: 41 loss: 0.1140 accuracy: 0.9835 val_loss: 0.2718 val_accuracy: 0.9469

Epoch 00041: ReduceLROnPlateau reducing learning rate to 5.119999987073243e-05.
Epoch: 42 loss: 0.1073 accuracy: 0.9857 val_loss: 0.2689 val_accuracy: 0.9470
Epoch: 43 loss: 0.1026 accuracy: 0.9873 val_loss: 0.2605 val_accuracy: 0.9499
Epoch: 44 loss: 0.1017 accuracy: 0.9873 val_loss: 0.2762 val_accuracy: 0.9447
Epoch: 45 loss: 0.1008 accuracy: 0.9871 val_loss: 0.2888 val_accuracy: 0.9388
Epoch: 46 loss: 0.0986 accuracy: 0.9873 val_loss: 0.2788 val_accuracy: 0.9462
Epoch: 47 loss: 0.0972 accuracy: 0.9877 val_loss: 0.2749 val_accuracy: 0.9459
Epoch: 48 loss: 0.0957 accuracy: 0.9882 val_loss: 0.2782 val_accuracy: 0.9450

Epoch 00048: ReduceLROnPlateau reducing learning rate to 4.0960000478662555e-05.
Epoch: 49 loss: 0.0899 accuracy: 0.9900 val_loss: 0.2769 val_accuracy: 0.9491
Epoch: 50 loss: 0.0877 accuracy: 0.9904 val_loss: 0.2731 val_accuracy: 0.9502
Epoch: 51 loss: 0.0874 accuracy: 0.9900 val_loss: 0.2752 val_accuracy: 0.9466
Epoch: 52 loss: 0.0855 accuracy: 0.9905 val_loss: 0.2719 val_accuracy: 0.9519
Epoch: 53 loss: 0.0841 accuracy: 0.9913 val_loss: 0.2811 val_accuracy: 0.9458

Epoch 00053: ReduceLROnPlateau reducing learning rate to 3.2767999800853435e-05.
End of augmented training
Finish
Job ended!
