Mon 06 May 2024 10:20:19 AM EDT
Python 3.9.7
nvcc: NVIDIA (R) Cuda compiler driver
Copyright (c) 2005-2019 NVIDIA Corporation
Built on Sun_Jul_28_19:07:16_PDT_2019
Cuda compilation tools, release 10.1, V10.1.243
My SLURM_ARRAY_TASK_ID: 
DB: ['ISIC2016', 'ISIC2017', 'ISIC2018', 'ISIC2019', 'ISIC2020', 'PH2', '_7_point_criteria']
IMG_SIZE: [384, 384]
CLASSIFIER: ResNet152V2
JOB_INDEX: None
Start training augmented images
Combining...
Combining 1th db out of 7 dbs
Combining 2th db out of 7 dbs
Combining 3th db out of 7 dbs
Combining 4th db out of 7 dbs
Combining 5th db out of 7 dbs
Combining 6th db out of 7 dbs
Combining 7th db out of 7 dbs
Stacking data
Combining complete
Model: "sequential"
_________________________________________________________________
Layer (type)                 Output Shape              Param #   
=================================================================
resnet152v2 (Functional)     (None, 2048)              58331648  
_________________________________________________________________
dense (Dense)                (None, 512)               1049088   
_________________________________________________________________
dropout (Dropout)            (None, 512)               0         
_________________________________________________________________
batch_normalization (BatchNo (None, 512)               2048      
_________________________________________________________________
dense_1 (Dense)              (None, 256)               131328    
_________________________________________________________________
batch_normalization_1 (Batch (None, 256)               1024      
_________________________________________________________________
dense_2 (Dense)              (None, 2)                 514       
=================================================================
Total params: 59,515,650
Trainable params: 1,182,466
Non-trainable params: 58,333,184
_________________________________________________________________
Fitting ISIC2016+ISIC2017+ISIC2018+ISIC2019+ISIC2020+PH2+_7_point_criteria_aug_ResNet152V2_384h_384w_None model...
model_name: ISIC2016+ISIC2017+ISIC2018+ISIC2019+ISIC2020+PH2+_7_point_criteria_aug_ResNet152V2_384h_384w_None
Epoch: 1 loss: 0.8607 accuracy: 0.8336 val_loss: 0.7388 val_accuracy: 0.8706
Epoch: 2 loss: 0.6548 accuracy: 0.8856 val_loss: 0.6018 val_accuracy: 0.9010
Epoch: 3 loss: 0.5594 accuracy: 0.9019 val_loss: 0.5619 val_accuracy: 0.8962
Epoch: 4 loss: 0.4929 accuracy: 0.9126 val_loss: 0.5071 val_accuracy: 0.9033
Epoch: 5 loss: 0.4384 accuracy: 0.9240 val_loss: 0.4811 val_accuracy: 0.9018
Epoch: 6 loss: 0.4023 accuracy: 0.9291 val_loss: 0.4424 val_accuracy: 0.9112
Epoch: 7 loss: 0.3678 accuracy: 0.9352 val_loss: 0.4246 val_accuracy: 0.9151
Epoch: 8 loss: 0.3392 accuracy: 0.9406 val_loss: 0.4042 val_accuracy: 0.9163
Epoch: 9 loss: 0.3210 accuracy: 0.9431 val_loss: 0.3747 val_accuracy: 0.9231
Epoch: 10 loss: 0.2990 accuracy: 0.9475 val_loss: 0.3707 val_accuracy: 0.9219
Epoch: 11 loss: 0.2808 accuracy: 0.9503 val_loss: 0.3697 val_accuracy: 0.9198
Epoch: 12 loss: 0.2674 accuracy: 0.9528 val_loss: 0.3541 val_accuracy: 0.9223
Epoch: 13 loss: 0.2582 accuracy: 0.9532 val_loss: 0.4110 val_accuracy: 0.8973
Epoch: 14 loss: 0.2471 accuracy: 0.9554 val_loss: 0.3471 val_accuracy: 0.9208
Epoch: 15 loss: 0.2372 accuracy: 0.9568 val_loss: 0.3401 val_accuracy: 0.9264
Epoch: 16 loss: 0.2273 accuracy: 0.9599 val_loss: 0.3192 val_accuracy: 0.9308
Epoch: 17 loss: 0.2206 accuracy: 0.9610 val_loss: 0.3537 val_accuracy: 0.9161
Epoch: 18 loss: 0.2127 accuracy: 0.9619 val_loss: 0.3272 val_accuracy: 0.9241
Epoch: 19 loss: 0.2048 accuracy: 0.9632 val_loss: 0.3238 val_accuracy: 0.9250
Epoch: 20 loss: 0.2007 accuracy: 0.9638 val_loss: 0.2999 val_accuracy: 0.9337
Epoch: 21 loss: 0.1933 accuracy: 0.9657 val_loss: 0.3178 val_accuracy: 0.9287
Epoch: 22 loss: 0.1934 accuracy: 0.9651 val_loss: 0.3076 val_accuracy: 0.9345
Epoch: 23 loss: 0.1859 accuracy: 0.9667 val_loss: 0.2911 val_accuracy: 0.9339
Epoch: 24 loss: 0.1825 accuracy: 0.9671 val_loss: 0.3139 val_accuracy: 0.9275
Epoch: 25 loss: 0.1823 accuracy: 0.9664 val_loss: 0.3044 val_accuracy: 0.9311
Epoch: 26 loss: 0.1726 accuracy: 0.9697 val_loss: 0.2951 val_accuracy: 0.9361
Epoch: 27 loss: 0.1724 accuracy: 0.9692 val_loss: 0.3099 val_accuracy: 0.9284
Epoch: 28 loss: 0.1705 accuracy: 0.9688 val_loss: 0.2844 val_accuracy: 0.9374
Epoch: 29 loss: 0.1667 accuracy: 0.9696 val_loss: 0.3346 val_accuracy: 0.9197
Epoch: 30 loss: 0.1621 accuracy: 0.9712 val_loss: 0.2890 val_accuracy: 0.9359
Epoch: 31 loss: 0.1624 accuracy: 0.9702 val_loss: 0.3223 val_accuracy: 0.9220
Epoch: 32 loss: 0.1573 accuracy: 0.9716 val_loss: 0.2843 val_accuracy: 0.9389
Epoch: 33 loss: 0.1564 accuracy: 0.9717 val_loss: 0.3004 val_accuracy: 0.9338

Epoch 00033: ReduceLROnPlateau reducing learning rate to 7.999999797903001e-05.
Epoch: 34 loss: 0.1444 accuracy: 0.9756 val_loss: 0.2864 val_accuracy: 0.9388
Epoch: 35 loss: 0.1403 accuracy: 0.9770 val_loss: 0.2817 val_accuracy: 0.9435
Epoch: 36 loss: 0.1360 accuracy: 0.9773 val_loss: 0.2779 val_accuracy: 0.9440
Epoch: 37 loss: 0.1316 accuracy: 0.9789 val_loss: 0.2855 val_accuracy: 0.9432
Epoch: 38 loss: 0.1311 accuracy: 0.9789 val_loss: 0.2950 val_accuracy: 0.9391
Epoch: 39 loss: 0.1296 accuracy: 0.9791 val_loss: 0.2929 val_accuracy: 0.9379
Epoch: 40 loss: 0.1293 accuracy: 0.9784 val_loss: 0.2993 val_accuracy: 0.9314
Epoch: 41 loss: 0.1266 accuracy: 0.9798 val_loss: 0.2870 val_accuracy: 0.9415

Epoch 00041: ReduceLROnPlateau reducing learning rate to 6.399999838322402e-05.
Epoch: 42 loss: 0.1182 accuracy: 0.9827 val_loss: 0.2883 val_accuracy: 0.9405
Epoch: 43 loss: 0.1124 accuracy: 0.9844 val_loss: 0.2961 val_accuracy: 0.9402
Epoch: 44 loss: 0.1116 accuracy: 0.9834 val_loss: 0.2891 val_accuracy: 0.9410
Epoch: 45 loss: 0.1096 accuracy: 0.9845 val_loss: 0.2737 val_accuracy: 0.9461
Epoch: 46 loss: 0.1086 accuracy: 0.9844 val_loss: 0.3034 val_accuracy: 0.9415
Epoch: 47 loss: 0.1081 accuracy: 0.9840 val_loss: 0.3158 val_accuracy: 0.9310
Epoch: 48 loss: 0.1072 accuracy: 0.9845 val_loss: 0.2836 val_accuracy: 0.9454
Epoch: 49 loss: 0.1057 accuracy: 0.9845 val_loss: 0.2773 val_accuracy: 0.9459
Epoch: 50 loss: 0.1031 accuracy: 0.9858 val_loss: 0.2852 val_accuracy: 0.9419

Epoch 00050: ReduceLROnPlateau reducing learning rate to 5.119999987073243e-05.
Epoch: 51 loss: 0.0963 accuracy: 0.9878 val_loss: 0.2728 val_accuracy: 0.9514
Epoch: 52 loss: 0.0953 accuracy: 0.9875 val_loss: 0.3011 val_accuracy: 0.9395
Epoch: 53 loss: 0.0934 accuracy: 0.9881 val_loss: 0.2795 val_accuracy: 0.9489
Epoch: 54 loss: 0.0929 accuracy: 0.9880 val_loss: 0.2887 val_accuracy: 0.9445
Epoch: 55 loss: 0.0888 accuracy: 0.9890 val_loss: 0.3014 val_accuracy: 0.9427
Epoch: 56 loss: 0.0901 accuracy: 0.9884 val_loss: 0.2902 val_accuracy: 0.9477

Epoch 00056: ReduceLROnPlateau reducing learning rate to 4.0960000478662555e-05.
Epoch: 57 loss: 0.0835 accuracy: 0.9908 val_loss: 0.2869 val_accuracy: 0.9473
Epoch: 58 loss: 0.0826 accuracy: 0.9906 val_loss: 0.2910 val_accuracy: 0.9451
Epoch: 59 loss: 0.0816 accuracy: 0.9910 val_loss: 0.2894 val_accuracy: 0.9485
Epoch: 60 loss: 0.0790 accuracy: 0.9914 val_loss: 0.2933 val_accuracy: 0.9456
Epoch: 61 loss: 0.0808 accuracy: 0.9906 val_loss: 0.2925 val_accuracy: 0.9465

Epoch 00061: ReduceLROnPlateau reducing learning rate to 3.2767999800853435e-05.
End of augmented training
Finish
Job ended!
