Tue 27 Feb 2024 12:49:23 AM EST
Python 3.9.7
nvcc: NVIDIA (R) Cuda compiler driver
Copyright (c) 2005-2019 NVIDIA Corporation
Built on Sun_Jul_28_19:07:16_PDT_2019
Cuda compilation tools, release 10.1, V10.1.243
My SLURM_ARRAY_TASK_ID: 
DB: ['ISIC2016', 'ISIC2017', 'ISIC2018', 'ISIC2020', 'PH2']
IMG_SIZE: [150, 150]
CLASSIFIER: DenseNet121
SELF_AUG: 1
JOB_INDEX: None
Combining...
Combining 1 db out of 5 dbs
Combining 2 db out of 5 dbs
Combining 3 db out of 5 dbs
Combining 4 db out of 5 dbs
Combining 5 db out of 5 dbs
Stacking training images
Stacking training labels
Stacking validation images
Stacking validation labels
Model: "sequential"
_________________________________________________________________
Layer (type)                 Output Shape              Param #   
=================================================================
densenet121 (Functional)     (None, 1024)              7037504   
_________________________________________________________________
dense (Dense)                (None, 512)               524800    
_________________________________________________________________
dropout (Dropout)            (None, 512)               0         
_________________________________________________________________
batch_normalization (BatchNo (None, 512)               2048      
_________________________________________________________________
dense_1 (Dense)              (None, 256)               131328    
_________________________________________________________________
dropout_1 (Dropout)          (None, 256)               0         
_________________________________________________________________
batch_normalization_1 (Batch (None, 256)               1024      
_________________________________________________________________
dense_2 (Dense)              (None, 2)                 514       
=================================================================
Total params: 7,697,218
Trainable params: 658,178
Non-trainable params: 7,039,040
_________________________________________________________________
Fitting ISIC2016+ISIC2017+ISIC2018+ISIC2020+PH2_aug_DenseNet121_150h_150w_None model...
model_name: ISIC2016+ISIC2017+ISIC2018+ISIC2020+PH2_aug_DenseNet121_150h_150w_None
Epoch: 1 loss: 0.5482 accuracy: 0.7360 val_loss: 0.2856 val_accuracy: 0.9197
Epoch: 2 loss: 0.4444 accuracy: 0.7943 val_loss: 0.2262 val_accuracy: 0.9536
Epoch: 3 loss: 0.4148 accuracy: 0.8080 val_loss: 0.1691 val_accuracy: 0.9571
Epoch: 4 loss: 0.3924 accuracy: 0.8154 val_loss: 0.1585 val_accuracy: 0.9639
Epoch: 5 loss: 0.3811 accuracy: 0.8188 val_loss: 0.1930 val_accuracy: 0.9575
Epoch: 6 loss: 0.3693 accuracy: 0.8248 val_loss: 0.1916 val_accuracy: 0.9498
Epoch: 7 loss: 0.3656 accuracy: 0.8269 val_loss: 0.1589 val_accuracy: 0.9614
Epoch: 8 loss: 0.3622 accuracy: 0.8292 val_loss: 0.2020 val_accuracy: 0.9537
Epoch: 9 loss: 0.3588 accuracy: 0.8309 val_loss: 0.1462 val_accuracy: 0.9656
Epoch: 10 loss: 0.3564 accuracy: 0.8325 val_loss: 0.1371 val_accuracy: 0.9558
Epoch: 11 loss: 0.3529 accuracy: 0.8345 val_loss: 0.1441 val_accuracy: 0.9629
Epoch: 12 loss: 0.3513 accuracy: 0.8355 val_loss: 0.1678 val_accuracy: 0.9471
Epoch: 13 loss: 0.3487 accuracy: 0.8370 val_loss: 0.1300 val_accuracy: 0.9671
Epoch: 14 loss: 0.3502 accuracy: 0.8378 val_loss: 0.2376 val_accuracy: 0.9489
Epoch: 15 loss: 0.3503 accuracy: 0.8383 val_loss: 0.1671 val_accuracy: 0.9530
Epoch: 16 loss: 0.3453 accuracy: 0.8395 val_loss: 0.2356 val_accuracy: 0.9424
Epoch: 17 loss: 0.3453 accuracy: 0.8386 val_loss: 0.1244 val_accuracy: 0.9694
Epoch: 18 loss: 0.3438 accuracy: 0.8398 val_loss: 0.1446 val_accuracy: 0.9645
Epoch: 19 loss: 0.3425 accuracy: 0.8412 val_loss: 0.1177 val_accuracy: 0.9648
Epoch: 20 loss: 0.3417 accuracy: 0.8406 val_loss: 0.1503 val_accuracy: 0.9618
Job ended!
