Thu 29 Feb 2024 10:07:52 AM EST
Python 3.9.7
nvcc: NVIDIA (R) Cuda compiler driver
Copyright (c) 2005-2019 NVIDIA Corporation
Built on Sun_Jul_28_19:07:16_PDT_2019
Cuda compilation tools, release 10.1, V10.1.243
My SLURM_ARRAY_TASK_ID: 
DB: ['ISIC2016', 'ISIC2017', 'ISIC2018', 'ISIC2019']
IMG_SIZE: [150, 150]
CLASSIFIER: DenseNet121
SELF_AUG: 1
JOB_INDEX: None
Combining...
Combining 1 db out of 4 dbs
Combining 2 db out of 4 dbs
Combining 3 db out of 4 dbs
Combining 4 db out of 4 dbs
Stacking training images
Stacking training labels
Stacking validation images
Stacking validation labels
Model: "sequential"
_________________________________________________________________
Layer (type)                 Output Shape              Param #   
=================================================================
densenet121 (Functional)     (None, 1024)              7037504   
_________________________________________________________________
dense (Dense)                (None, 512)               524800    
_________________________________________________________________
dropout (Dropout)            (None, 512)               0         
_________________________________________________________________
batch_normalization (BatchNo (None, 512)               2048      
_________________________________________________________________
dense_1 (Dense)              (None, 256)               131328    
_________________________________________________________________
dropout_1 (Dropout)          (None, 256)               0         
_________________________________________________________________
batch_normalization_1 (Batch (None, 256)               1024      
_________________________________________________________________
dense_2 (Dense)              (None, 2)                 514       
=================================================================
Total params: 7,697,218
Trainable params: 658,178
Non-trainable params: 7,039,040
_________________________________________________________________
Fitting ISIC2016+ISIC2017+ISIC2018+ISIC2019_aug_DenseNet121_150h_150w_None model...
model_name: ISIC2016+ISIC2017+ISIC2018+ISIC2019_aug_DenseNet121_150h_150w_None
Epoch: 1 loss: 0.5704 accuracy: 0.7367 val_loss: 0.3566 val_accuracy: 0.8558
Epoch: 2 loss: 0.4747 accuracy: 0.7798 val_loss: 0.3472 val_accuracy: 0.8547
Epoch: 3 loss: 0.4386 accuracy: 0.7977 val_loss: 0.3291 val_accuracy: 0.8646
Epoch: 4 loss: 0.4163 accuracy: 0.8059 val_loss: 0.3151 val_accuracy: 0.8712
Epoch: 5 loss: 0.4027 accuracy: 0.8160 val_loss: 0.3087 val_accuracy: 0.8716
Epoch: 6 loss: 0.3901 accuracy: 0.8214 val_loss: 0.3047 val_accuracy: 0.8746
Epoch: 7 loss: 0.3784 accuracy: 0.8263 val_loss: 0.3057 val_accuracy: 0.8737
Epoch: 8 loss: 0.3680 accuracy: 0.8319 val_loss: 0.2969 val_accuracy: 0.8762
Epoch: 9 loss: 0.3557 accuracy: 0.8385 val_loss: 0.2958 val_accuracy: 0.8780
Epoch: 10 loss: 0.3480 accuracy: 0.8410 val_loss: 0.2846 val_accuracy: 0.8801
Epoch: 11 loss: 0.3413 accuracy: 0.8455 val_loss: 0.2881 val_accuracy: 0.8850
Epoch: 12 loss: 0.3292 accuracy: 0.8531 val_loss: 0.2808 val_accuracy: 0.8826
Epoch: 13 loss: 0.3206 accuracy: 0.8569 val_loss: 0.2913 val_accuracy: 0.8782
Epoch: 14 loss: 0.3095 accuracy: 0.8608 val_loss: 0.2857 val_accuracy: 0.8878
Epoch: 15 loss: 0.3030 accuracy: 0.8650 val_loss: 0.2737 val_accuracy: 0.8927
Epoch: 16 loss: 0.2973 accuracy: 0.8676 val_loss: 0.2687 val_accuracy: 0.8961
Epoch: 17 loss: 0.2904 accuracy: 0.8710 val_loss: 0.2672 val_accuracy: 0.8955
Epoch: 18 loss: 0.2834 accuracy: 0.8744 val_loss: 0.2740 val_accuracy: 0.8934
Epoch: 19 loss: 0.2761 accuracy: 0.8776 val_loss: 0.2684 val_accuracy: 0.8948
Epoch: 20 loss: 0.2712 accuracy: 0.8796 val_loss: 0.2620 val_accuracy: 0.9016
Job ended!
