Tue 27 Feb 2024 01:00:57 AM EST
Python 3.9.7
nvcc: NVIDIA (R) Cuda compiler driver
Copyright (c) 2005-2019 NVIDIA Corporation
Built on Sun_Jul_28_19:07:16_PDT_2019
Cuda compilation tools, release 10.1, V10.1.243
My SLURM_ARRAY_TASK_ID: 
DB: ['ISIC2016', 'ISIC2018']
IMG_SIZE: [150, 150]
CLASSIFIER: DenseNet121
SELF_AUG: 1
JOB_INDEX: None
Combining...
Combining 1 db out of 2 dbs
Combining 2 db out of 2 dbs
Stacking training images
Stacking training labels
Stacking validation images
Stacking validation labels
Model: "sequential"
_________________________________________________________________
Layer (type)                 Output Shape              Param #   
=================================================================
densenet121 (Functional)     (None, 1024)              7037504   
_________________________________________________________________
dense (Dense)                (None, 512)               524800    
_________________________________________________________________
dropout (Dropout)            (None, 512)               0         
_________________________________________________________________
batch_normalization (BatchNo (None, 512)               2048      
_________________________________________________________________
dense_1 (Dense)              (None, 256)               131328    
_________________________________________________________________
dropout_1 (Dropout)          (None, 256)               0         
_________________________________________________________________
batch_normalization_1 (Batch (None, 256)               1024      
_________________________________________________________________
dense_2 (Dense)              (None, 2)                 514       
=================================================================
Total params: 7,697,218
Trainable params: 658,178
Non-trainable params: 7,039,040
_________________________________________________________________
Fitting ISIC2016+ISIC2018_aug_DenseNet121_150h_150w_None model...
model_name: ISIC2016+ISIC2018_aug_DenseNet121_150h_150w_None
Epoch: 1 loss: 0.6877 accuracy: 0.6513 val_loss: 0.4546 val_accuracy: 0.8499
Epoch: 2 loss: 0.5622 accuracy: 0.7196 val_loss: 0.3996 val_accuracy: 0.8365
Epoch: 3 loss: 0.5285 accuracy: 0.7405 val_loss: 0.3956 val_accuracy: 0.8284
Epoch: 4 loss: 0.5062 accuracy: 0.7545 val_loss: 0.4158 val_accuracy: 0.8338
Epoch: 5 loss: 0.4915 accuracy: 0.7589 val_loss: 0.4248 val_accuracy: 0.8391
Epoch: 6 loss: 0.4809 accuracy: 0.7670 val_loss: 0.4242 val_accuracy: 0.8338
Epoch: 7 loss: 0.4685 accuracy: 0.7778 val_loss: 0.4900 val_accuracy: 0.7453
Epoch: 8 loss: 0.4588 accuracy: 0.7797 val_loss: 0.3958 val_accuracy: 0.8445
Epoch: 9 loss: 0.4524 accuracy: 0.7853 val_loss: 0.4049 val_accuracy: 0.8284
Epoch: 10 loss: 0.4471 accuracy: 0.7885 val_loss: 0.4058 val_accuracy: 0.8365
Epoch: 11 loss: 0.4382 accuracy: 0.7938 val_loss: 0.4012 val_accuracy: 0.8418
Epoch: 12 loss: 0.4274 accuracy: 0.8045 val_loss: 0.4133 val_accuracy: 0.8445
Epoch: 13 loss: 0.4301 accuracy: 0.8025 val_loss: 0.4017 val_accuracy: 0.8391
Epoch: 14 loss: 0.4207 accuracy: 0.8079 val_loss: 0.3886 val_accuracy: 0.8418
Epoch: 15 loss: 0.4202 accuracy: 0.8082 val_loss: 0.3857 val_accuracy: 0.8552
Epoch: 16 loss: 0.4149 accuracy: 0.8117 val_loss: 0.3898 val_accuracy: 0.8445
Epoch: 17 loss: 0.4120 accuracy: 0.8115 val_loss: 0.3877 val_accuracy: 0.8472
Epoch: 18 loss: 0.4141 accuracy: 0.8119 val_loss: 0.3832 val_accuracy: 0.8472
Epoch: 19 loss: 0.4120 accuracy: 0.8094 val_loss: 0.3915 val_accuracy: 0.8552
Epoch: 20 loss: 0.4070 accuracy: 0.8146 val_loss: 0.3971 val_accuracy: 0.8472
Job ended!
