Tue 27 Feb 2024 01:04:52 AM EST
Python 3.9.7
nvcc: NVIDIA (R) Cuda compiler driver
Copyright (c) 2005-2019 NVIDIA Corporation
Built on Sun_Jul_28_19:07:16_PDT_2019
Cuda compilation tools, release 10.1, V10.1.243
My SLURM_ARRAY_TASK_ID: 
DB: ['ISIC2016', 'ISIC2018', 'ISIC2019', 'ISIC2020']
IMG_SIZE: [150, 150]
CLASSIFIER: DenseNet121
SELF_AUG: 1
JOB_INDEX: None
Combining...
Combining 1 db out of 4 dbs
Combining 2 db out of 4 dbs
Combining 3 db out of 4 dbs
Combining 4 db out of 4 dbs
Stacking training images
Stacking training labels
Stacking validation images
Stacking validation labels
Model: "sequential"
_________________________________________________________________
Layer (type)                 Output Shape              Param #   
=================================================================
densenet121 (Functional)     (None, 1024)              7037504   
_________________________________________________________________
dense (Dense)                (None, 512)               524800    
_________________________________________________________________
dropout (Dropout)            (None, 512)               0         
_________________________________________________________________
batch_normalization (BatchNo (None, 512)               2048      
_________________________________________________________________
dense_1 (Dense)              (None, 256)               131328    
_________________________________________________________________
dropout_1 (Dropout)          (None, 256)               0         
_________________________________________________________________
batch_normalization_1 (Batch (None, 256)               1024      
_________________________________________________________________
dense_2 (Dense)              (None, 2)                 514       
=================================================================
Total params: 7,697,218
Trainable params: 658,178
Non-trainable params: 7,039,040
_________________________________________________________________
Fitting ISIC2016+ISIC2018+ISIC2019+ISIC2020_aug_DenseNet121_150h_150w_None model...
model_name: ISIC2016+ISIC2018+ISIC2019+ISIC2020_aug_DenseNet121_150h_150w_None
Epoch: 1 loss: 0.5739 accuracy: 0.7198 val_loss: 0.3665 val_accuracy: 0.8535
Epoch: 2 loss: 0.4823 accuracy: 0.7640 val_loss: 0.2897 val_accuracy: 0.9085
Epoch: 3 loss: 0.4514 accuracy: 0.7808 val_loss: 0.2991 val_accuracy: 0.8940
Epoch: 4 loss: 0.4324 accuracy: 0.7901 val_loss: 0.2774 val_accuracy: 0.8955
Epoch: 5 loss: 0.4210 accuracy: 0.7996 val_loss: 0.2784 val_accuracy: 0.9120
Epoch: 6 loss: 0.4159 accuracy: 0.8019 val_loss: 0.2488 val_accuracy: 0.9062
Epoch: 7 loss: 0.4119 accuracy: 0.8056 val_loss: 0.2453 val_accuracy: 0.9083
Epoch: 8 loss: 0.4120 accuracy: 0.8033 val_loss: 0.2439 val_accuracy: 0.9139
Epoch: 9 loss: 0.4074 accuracy: 0.8073 val_loss: 0.2503 val_accuracy: 0.9033
Epoch: 10 loss: 0.4047 accuracy: 0.8069 val_loss: 0.2584 val_accuracy: 0.9067
Epoch: 11 loss: 0.4019 accuracy: 0.8106 val_loss: 0.2498 val_accuracy: 0.9102
Epoch: 12 loss: 0.4001 accuracy: 0.8104 val_loss: 0.2774 val_accuracy: 0.8878
Epoch: 13 loss: 0.3983 accuracy: 0.8120 val_loss: 0.2898 val_accuracy: 0.9015
Epoch: 14 loss: 0.3958 accuracy: 0.8131 val_loss: 0.2408 val_accuracy: 0.9134
Epoch: 15 loss: 0.3956 accuracy: 0.8145 val_loss: 0.4567 val_accuracy: 0.7793
Epoch: 16 loss: 0.3940 accuracy: 0.8150 val_loss: 0.2321 val_accuracy: 0.9160
Epoch: 17 loss: 0.3935 accuracy: 0.8150 val_loss: 0.3165 val_accuracy: 0.8823
Epoch: 18 loss: 0.3934 accuracy: 0.8154 val_loss: 0.2517 val_accuracy: 0.9034
Epoch: 19 loss: 0.3926 accuracy: 0.8164 val_loss: 0.2427 val_accuracy: 0.9080
Epoch: 20 loss: 0.3917 accuracy: 0.8163 val_loss: 0.2638 val_accuracy: 0.8994
Job ended!
