Mon 26 Feb 2024 11:50:31 PM EST
Python 3.9.7
nvcc: NVIDIA (R) Cuda compiler driver
Copyright (c) 2005-2019 NVIDIA Corporation
Built on Sun_Jul_28_19:07:16_PDT_2019
Cuda compilation tools, release 10.1, V10.1.243
My SLURM_ARRAY_TASK_ID: 
DB: ['ISIC2016', 'ISIC2017', 'ISIC2018', 'ISIC2019', 'ISIC2020', 'MEDNODE', 'KaggleMB']
IMG_SIZE: [150, 150]
CLASSIFIER: DenseNet121
SELF_AUG: 1
JOB_INDEX: None
Combining...
Combining 1 db out of 7 dbs
Combining 2 db out of 7 dbs
Combining 3 db out of 7 dbs
Combining 4 db out of 7 dbs
Combining 5 db out of 7 dbs
Combining 6 db out of 7 dbs
Combining 7 db out of 7 dbs
Stacking training images
Stacking training labels
Stacking validation images
Stacking validation labels
Model: "sequential"
_________________________________________________________________
Layer (type)                 Output Shape              Param #   
=================================================================
densenet121 (Functional)     (None, 1024)              7037504   
_________________________________________________________________
dense (Dense)                (None, 512)               524800    
_________________________________________________________________
dropout (Dropout)            (None, 512)               0         
_________________________________________________________________
batch_normalization (BatchNo (None, 512)               2048      
_________________________________________________________________
dense_1 (Dense)              (None, 256)               131328    
_________________________________________________________________
dropout_1 (Dropout)          (None, 256)               0         
_________________________________________________________________
batch_normalization_1 (Batch (None, 256)               1024      
_________________________________________________________________
dense_2 (Dense)              (None, 2)                 514       
=================================================================
Total params: 7,697,218
Trainable params: 658,178
Non-trainable params: 7,039,040
_________________________________________________________________
Fitting ISIC2016+ISIC2017+ISIC2018+ISIC2019+ISIC2020+MEDNODE+KaggleMB_aug_DenseNet121_150h_150w_None model...
model_name: ISIC2016+ISIC2017+ISIC2018+ISIC2019+ISIC2020+MEDNODE+KaggleMB_aug_DenseNet121_150h_150w_None
Epoch: 1 loss: 0.5968 accuracy: 0.6935 val_loss: 0.3928 val_accuracy: 0.8871
Epoch: 2 loss: 0.5101 accuracy: 0.7368 val_loss: 0.3470 val_accuracy: 0.8961
Epoch: 3 loss: 0.4707 accuracy: 0.7642 val_loss: 0.3449 val_accuracy: 0.8748
Epoch: 4 loss: 0.4600 accuracy: 0.7694 val_loss: 0.4168 val_accuracy: 0.8271
Epoch: 5 loss: 0.4493 accuracy: 0.7754 val_loss: 0.4414 val_accuracy: 0.8819
Epoch: 6 loss: 0.4446 accuracy: 0.7787 val_loss: 0.3105 val_accuracy: 0.8807
Epoch: 7 loss: 0.4431 accuracy: 0.7806 val_loss: 0.2814 val_accuracy: 0.8983
Epoch: 8 loss: 0.4407 accuracy: 0.7845 val_loss: 0.2803 val_accuracy: 0.8932
Epoch: 9 loss: 0.4370 accuracy: 0.7868 val_loss: 0.3181 val_accuracy: 0.8815
Epoch: 10 loss: 0.4333 accuracy: 0.7906 val_loss: 0.3626 val_accuracy: 0.8759
Epoch: 11 loss: 0.4310 accuracy: 0.7904 val_loss: 0.2968 val_accuracy: 0.8771
Epoch: 12 loss: 0.4274 accuracy: 0.7934 val_loss: 0.3012 val_accuracy: 0.8658
Epoch: 13 loss: 0.4262 accuracy: 0.7928 val_loss: 0.3453 val_accuracy: 0.8609
Epoch: 14 loss: 0.4238 accuracy: 0.7964 val_loss: 0.3796 val_accuracy: 0.8396
Epoch: 15 loss: 0.4232 accuracy: 0.7966 val_loss: 0.3517 val_accuracy: 0.8234
Epoch: 16 loss: 0.4200 accuracy: 0.7988 val_loss: 0.3406 val_accuracy: 0.8274
Epoch: 17 loss: 0.4258 accuracy: 0.7965 val_loss: 0.2930 val_accuracy: 0.8997
Epoch: 18 loss: 0.4301 accuracy: 0.7943 val_loss: 0.2660 val_accuracy: 0.8997
Epoch: 19 loss: 0.4275 accuracy: 0.7954 val_loss: 0.3025 val_accuracy: 0.8934
Epoch: 20 loss: 0.4262 accuracy: 0.7961 val_loss: 0.3403 val_accuracy: 0.9012
Job ended!
