Thu 29 Feb 2024 01:12:54 PM EST
Python 3.9.7
nvcc: NVIDIA (R) Cuda compiler driver
Copyright (c) 2005-2019 NVIDIA Corporation
Built on Sun_Jul_28_19:07:16_PDT_2019
Cuda compilation tools, release 10.1, V10.1.243
My SLURM_ARRAY_TASK_ID: 
DB: ['ISIC2016', 'ISIC2020', 'PH2']
IMG_SIZE: [150, 150]
CLASSIFIER: DenseNet121
SELF_AUG: 1
JOB_INDEX: None
Combining...
Combining 1 db out of 3 dbs
Combining 2 db out of 3 dbs
Combining 3 db out of 3 dbs
Stacking training images
Stacking training labels
Stacking validation images
Stacking validation labels
Model: "sequential"
_________________________________________________________________
Layer (type)                 Output Shape              Param #   
=================================================================
densenet121 (Functional)     (None, 1024)              7037504   
_________________________________________________________________
dense (Dense)                (None, 512)               524800    
_________________________________________________________________
dropout (Dropout)            (None, 512)               0         
_________________________________________________________________
batch_normalization (BatchNo (None, 512)               2048      
_________________________________________________________________
dense_1 (Dense)              (None, 256)               131328    
_________________________________________________________________
dropout_1 (Dropout)          (None, 256)               0         
_________________________________________________________________
batch_normalization_1 (Batch (None, 256)               1024      
_________________________________________________________________
dense_2 (Dense)              (None, 2)                 514       
=================================================================
Total params: 7,697,218
Trainable params: 658,178
Non-trainable params: 7,039,040
_________________________________________________________________
Fitting ISIC2016+ISIC2020+PH2_aug_DenseNet121_150h_150w_None model...
model_name: ISIC2016+ISIC2020+PH2_aug_DenseNet121_150h_150w_None
Epoch: 1 loss: 0.4597 accuracy: 0.8042 val_loss: 0.1036 val_accuracy: 0.9772
Epoch: 2 loss: 0.3086 accuracy: 0.8663 val_loss: 0.0864 val_accuracy: 0.9788
Epoch: 3 loss: 0.2780 accuracy: 0.8776 val_loss: 0.0852 val_accuracy: 0.9790
Epoch: 4 loss: 0.2629 accuracy: 0.8846 val_loss: 0.0866 val_accuracy: 0.9771
Epoch: 5 loss: 0.2488 accuracy: 0.8906 val_loss: 0.0829 val_accuracy: 0.9790
Epoch: 6 loss: 0.2390 accuracy: 0.8942 val_loss: 0.0826 val_accuracy: 0.9797
Epoch: 7 loss: 0.2340 accuracy: 0.8988 val_loss: 0.0829 val_accuracy: 0.9802
Epoch: 8 loss: 0.2266 accuracy: 0.9013 val_loss: 0.0853 val_accuracy: 0.9787
Epoch: 9 loss: 0.2193 accuracy: 0.9052 val_loss: 0.0858 val_accuracy: 0.9785
Epoch: 10 loss: 0.2162 accuracy: 0.9070 val_loss: 0.0861 val_accuracy: 0.9777
Epoch: 11 loss: 0.2059 accuracy: 0.9102 val_loss: 0.0884 val_accuracy: 0.9769
Epoch: 12 loss: 0.2011 accuracy: 0.9136 val_loss: 0.0956 val_accuracy: 0.9759
Epoch: 13 loss: 0.1984 accuracy: 0.9141 val_loss: 0.0910 val_accuracy: 0.9762
Epoch: 14 loss: 0.1904 accuracy: 0.9179 val_loss: 0.0903 val_accuracy: 0.9784
Epoch: 15 loss: 0.1847 accuracy: 0.9211 val_loss: 0.0917 val_accuracy: 0.9775
Epoch: 16 loss: 0.1803 accuracy: 0.9224 val_loss: 0.0924 val_accuracy: 0.9785
Epoch: 17 loss: 0.1737 accuracy: 0.9254 val_loss: 0.0996 val_accuracy: 0.9743
Epoch: 18 loss: 0.1697 accuracy: 0.9276 val_loss: 0.0997 val_accuracy: 0.9769
Epoch: 19 loss: 0.1645 accuracy: 0.9311 val_loss: 0.1027 val_accuracy: 0.9734
Epoch: 20 loss: 0.1613 accuracy: 0.9318 val_loss: 0.1056 val_accuracy: 0.9794
Job ended!
