Thu 29 Feb 2024 12:22:30 PM EST
Python 3.9.7
nvcc: NVIDIA (R) Cuda compiler driver
Copyright (c) 2005-2019 NVIDIA Corporation
Built on Sun_Jul_28_19:07:16_PDT_2019
Cuda compilation tools, release 10.1, V10.1.243
My SLURM_ARRAY_TASK_ID: 
DB: ['ISIC2016', 'ISIC2017', 'ISIC2018', 'ISIC2019', 'ISIC2020', 'PH2', 'PAD_UFES_20', 'MEDNODE']
IMG_SIZE: [150, 150]
CLASSIFIER: DenseNet121
SELF_AUG: 1
JOB_INDEX: None
Combining...
Combining 1 db out of 8 dbs
Combining 2 db out of 8 dbs
Combining 3 db out of 8 dbs
Combining 4 db out of 8 dbs
Combining 5 db out of 8 dbs
Combining 6 db out of 8 dbs
Combining 7 db out of 8 dbs
Combining 8 db out of 8 dbs
Stacking training images
Stacking training labels
Stacking validation images
Stacking validation labels
Model: "sequential"
_________________________________________________________________
Layer (type)                 Output Shape              Param #   
=================================================================
densenet121 (Functional)     (None, 1024)              7037504   
_________________________________________________________________
dense (Dense)                (None, 512)               524800    
_________________________________________________________________
dropout (Dropout)            (None, 512)               0         
_________________________________________________________________
batch_normalization (BatchNo (None, 512)               2048      
_________________________________________________________________
dense_1 (Dense)              (None, 256)               131328    
_________________________________________________________________
dropout_1 (Dropout)          (None, 256)               0         
_________________________________________________________________
batch_normalization_1 (Batch (None, 256)               1024      
_________________________________________________________________
dense_2 (Dense)              (None, 2)                 514       
=================================================================
Total params: 7,697,218
Trainable params: 658,178
Non-trainable params: 7,039,040
_________________________________________________________________
Fitting ISIC2016+ISIC2017+ISIC2018+ISIC2019+ISIC2020+PH2+PAD_UFES_20+MEDNODE_aug_DenseNet121_150h_150w_None model...
model_name: ISIC2016+ISIC2017+ISIC2018+ISIC2019+ISIC2020+PH2+PAD_UFES_20+MEDNODE_aug_DenseNet121_150h_150w_None
Epoch: 1 loss: 0.4759 accuracy: 0.7841 val_loss: 0.2068 val_accuracy: 0.9230
Epoch: 2 loss: 0.3851 accuracy: 0.8222 val_loss: 0.2032 val_accuracy: 0.9255
Epoch: 3 loss: 0.3593 accuracy: 0.8350 val_loss: 0.1929 val_accuracy: 0.9300
Epoch: 4 loss: 0.3453 accuracy: 0.8413 val_loss: 0.1877 val_accuracy: 0.9317
Epoch: 5 loss: 0.3359 accuracy: 0.8465 val_loss: 0.1850 val_accuracy: 0.9321
Epoch: 6 loss: 0.3258 accuracy: 0.8519 val_loss: 0.1811 val_accuracy: 0.9348
Epoch: 7 loss: 0.3171 accuracy: 0.8560 val_loss: 0.1818 val_accuracy: 0.9340
Epoch: 8 loss: 0.3105 accuracy: 0.8591 val_loss: 0.1841 val_accuracy: 0.9334
Epoch: 9 loss: 0.3057 accuracy: 0.8618 val_loss: 0.1811 val_accuracy: 0.9325
Epoch: 10 loss: 0.2989 accuracy: 0.8660 val_loss: 0.1820 val_accuracy: 0.9327
Epoch: 11 loss: 0.2931 accuracy: 0.8678 val_loss: 0.1789 val_accuracy: 0.9354
Epoch: 12 loss: 0.2858 accuracy: 0.8724 val_loss: 0.1795 val_accuracy: 0.9359
Epoch: 13 loss: 0.2815 accuracy: 0.8743 val_loss: 0.1798 val_accuracy: 0.9362
Epoch: 14 loss: 0.2770 accuracy: 0.8767 val_loss: 0.1781 val_accuracy: 0.9360
Epoch: 15 loss: 0.2706 accuracy: 0.8796 val_loss: 0.1785 val_accuracy: 0.9378
Epoch: 16 loss: 0.2645 accuracy: 0.8831 val_loss: 0.1779 val_accuracy: 0.9369
Epoch: 17 loss: 0.2590 accuracy: 0.8853 val_loss: 0.1825 val_accuracy: 0.9380
Epoch: 18 loss: 0.2584 accuracy: 0.8852 val_loss: 0.1802 val_accuracy: 0.9371
Epoch: 19 loss: 0.2534 accuracy: 0.8876 val_loss: 0.1819 val_accuracy: 0.9368
Epoch: 20 loss: 0.2498 accuracy: 0.8892 val_loss: 0.1792 val_accuracy: 0.9394
Job ended!
