Mon 26 Feb 2024 07:34:00 PM EST
Python 3.9.7
nvcc: NVIDIA (R) Cuda compiler driver
Copyright (c) 2005-2019 NVIDIA Corporation
Built on Sun_Jul_28_19:07:16_PDT_2019
Cuda compilation tools, release 10.1, V10.1.243
My SLURM_ARRAY_TASK_ID:  1
DB: ['ISIC2016', 'ISIC2017', 'ISIC2018', 'ISIC2019', 'ISIC2020', 'PH2', '_7_point_criteria', 'PAD_UFES_20', 'MEDNODE']
IMG_SIZE: [150, 150]
CLASSIFIER: DenseNet121
SELF_AUG: 0
JOB_INDEX: 1
Combining...
Combining 1 db out of 9 dbs
Combining 2 db out of 9 dbs
Combining 3 db out of 9 dbs
Combining 4 db out of 9 dbs
Combining 5 db out of 9 dbs
Combining 6 db out of 9 dbs
Combining 7 db out of 9 dbs
Combining 8 db out of 9 dbs
Combining 9 db out of 9 dbs
Stacking training images
Stacking training labels
Stacking validation images
Stacking validation labels
Model: "sequential"
_________________________________________________________________
Layer (type)                 Output Shape              Param #   
=================================================================
densenet121 (Functional)     (None, 1024)              7037504   
_________________________________________________________________
dense (Dense)                (None, 512)               524800    
_________________________________________________________________
dropout (Dropout)            (None, 512)               0         
_________________________________________________________________
batch_normalization (BatchNo (None, 512)               2048      
_________________________________________________________________
dense_1 (Dense)              (None, 256)               131328    
_________________________________________________________________
dropout_1 (Dropout)          (None, 256)               0         
_________________________________________________________________
batch_normalization_1 (Batch (None, 256)               1024      
_________________________________________________________________
dense_2 (Dense)              (None, 2)                 514       
=================================================================
Total params: 7,697,218
Trainable params: 658,178
Non-trainable params: 7,039,040
_________________________________________________________________
Fitting ISIC2016+ISIC2017+ISIC2018+ISIC2019+ISIC2020+PH2+_7_point_criteria+PAD_UFES_20+MEDNODE_noaug_DenseNet121_150h_150w_1 model...
model_name: ISIC2016+ISIC2017+ISIC2018+ISIC2019+ISIC2020+PH2+_7_point_criteria+PAD_UFES_20+MEDNODE_noaug_DenseNet121_150h_150w_1
Epoch: 1 loss: 0.4389 accuracy: 0.8099 val_loss: 0.2635 val_accuracy: 0.9135
Epoch: 2 loss: 0.2962 accuracy: 0.8956 val_loss: 0.2767 val_accuracy: 0.9036
Epoch: 3 loss: 0.2812 accuracy: 0.9007 val_loss: 0.2427 val_accuracy: 0.9132
Epoch: 4 loss: 0.2702 accuracy: 0.9030 val_loss: 0.2323 val_accuracy: 0.9153
Epoch: 5 loss: 0.2613 accuracy: 0.9052 val_loss: 0.2320 val_accuracy: 0.9129
Epoch: 6 loss: 0.2569 accuracy: 0.9053 val_loss: 0.2313 val_accuracy: 0.9163
Epoch: 7 loss: 0.2534 accuracy: 0.9061 val_loss: 0.2327 val_accuracy: 0.9161
Epoch: 8 loss: 0.2529 accuracy: 0.9060 val_loss: 0.2441 val_accuracy: 0.9128
Epoch: 9 loss: 0.2504 accuracy: 0.9066 val_loss: 0.2464 val_accuracy: 0.9170
Epoch: 10 loss: 0.2472 accuracy: 0.9072 val_loss: 0.2246 val_accuracy: 0.9163
Epoch: 11 loss: 0.2471 accuracy: 0.9074 val_loss: 0.2411 val_accuracy: 0.9142
Epoch: 12 loss: 0.2462 accuracy: 0.9082 val_loss: 0.2489 val_accuracy: 0.9133
Epoch: 13 loss: 0.2449 accuracy: 0.9077 val_loss: 0.2579 val_accuracy: 0.9147
Epoch: 14 loss: 0.2451 accuracy: 0.9083 val_loss: 0.2337 val_accuracy: 0.9174
Epoch: 15 loss: 0.2434 accuracy: 0.9091 val_loss: 0.2194 val_accuracy: 0.9171
Epoch: 16 loss: 0.2432 accuracy: 0.9085 val_loss: 0.2175 val_accuracy: 0.9178
Epoch: 17 loss: 0.2423 accuracy: 0.9088 val_loss: 0.2253 val_accuracy: 0.9162
Epoch: 18 loss: 0.2426 accuracy: 0.9085 val_loss: 0.2322 val_accuracy: 0.9142
Epoch: 19 loss: 0.2423 accuracy: 0.9090 val_loss: 0.2252 val_accuracy: 0.9168
Epoch: 20 loss: 0.2409 accuracy: 0.9085 val_loss: 0.2326 val_accuracy: 0.9156
Job ended!
