Mon 26 Feb 2024 07:22:04 PM EST
Python 3.9.7
nvcc: NVIDIA (R) Cuda compiler driver
Copyright (c) 2005-2019 NVIDIA Corporation
Built on Sun_Jul_28_19:07:16_PDT_2019
Cuda compilation tools, release 10.1, V10.1.243
My SLURM_ARRAY_TASK_ID:  1
DB: ['ISIC2016', 'ISIC2017', 'ISIC2018', 'ISIC2019', 'ISIC2020']
IMG_SIZE: [150, 150]
CLASSIFIER: DenseNet121
SELF_AUG: 0
JOB_INDEX: 1
Combining...
Combining 1 db out of 5 dbs
Combining 2 db out of 5 dbs
Combining 3 db out of 5 dbs
Combining 4 db out of 5 dbs
Combining 5 db out of 5 dbs
Stacking training images
Stacking training labels
Stacking validation images
Stacking validation labels
Model: "sequential"
_________________________________________________________________
Layer (type)                 Output Shape              Param #   
=================================================================
densenet121 (Functional)     (None, 1024)              7037504   
_________________________________________________________________
dense (Dense)                (None, 512)               524800    
_________________________________________________________________
dropout (Dropout)            (None, 512)               0         
_________________________________________________________________
batch_normalization (BatchNo (None, 512)               2048      
_________________________________________________________________
dense_1 (Dense)              (None, 256)               131328    
_________________________________________________________________
dropout_1 (Dropout)          (None, 256)               0         
_________________________________________________________________
batch_normalization_1 (Batch (None, 256)               1024      
_________________________________________________________________
dense_2 (Dense)              (None, 2)                 514       
=================================================================
Total params: 7,697,218
Trainable params: 658,178
Non-trainable params: 7,039,040
_________________________________________________________________
Fitting ISIC2016+ISIC2017+ISIC2018+ISIC2019+ISIC2020_noaug_DenseNet121_150h_150w_1 model...
model_name: ISIC2016+ISIC2017+ISIC2018+ISIC2019+ISIC2020_noaug_DenseNet121_150h_150w_1
Epoch: 1 loss: 0.4309 accuracy: 0.8131 val_loss: 0.2411 val_accuracy: 0.9163
Epoch: 2 loss: 0.2894 accuracy: 0.8963 val_loss: 0.2390 val_accuracy: 0.9096
Epoch: 3 loss: 0.2740 accuracy: 0.9017 val_loss: 0.2286 val_accuracy: 0.9173
Epoch: 4 loss: 0.2649 accuracy: 0.9037 val_loss: 0.2379 val_accuracy: 0.9089
Epoch: 5 loss: 0.2607 accuracy: 0.9041 val_loss: 0.2213 val_accuracy: 0.9184
Epoch: 6 loss: 0.2560 accuracy: 0.9059 val_loss: 0.2266 val_accuracy: 0.9174
Epoch: 7 loss: 0.2532 accuracy: 0.9063 val_loss: 0.2275 val_accuracy: 0.9165
Epoch: 8 loss: 0.2520 accuracy: 0.9066 val_loss: 0.2331 val_accuracy: 0.9139
Epoch: 9 loss: 0.2494 accuracy: 0.9067 val_loss: 0.2203 val_accuracy: 0.9176
Epoch: 10 loss: 0.2467 accuracy: 0.9076 val_loss: 0.2637 val_accuracy: 0.9140
Epoch: 11 loss: 0.2451 accuracy: 0.9071 val_loss: 0.2209 val_accuracy: 0.9170
Epoch: 12 loss: 0.2449 accuracy: 0.9078 val_loss: 0.2250 val_accuracy: 0.9200
Epoch: 13 loss: 0.2435 accuracy: 0.9080 val_loss: 0.2224 val_accuracy: 0.9206
Epoch: 14 loss: 0.2415 accuracy: 0.9089 val_loss: 0.2218 val_accuracy: 0.9181
Epoch: 15 loss: 0.2412 accuracy: 0.9086 val_loss: 0.2166 val_accuracy: 0.9202
Epoch: 16 loss: 0.2393 accuracy: 0.9084 val_loss: 0.2185 val_accuracy: 0.9180
Epoch: 17 loss: 0.2389 accuracy: 0.9101 val_loss: 0.2175 val_accuracy: 0.9207
Epoch: 18 loss: 0.2383 accuracy: 0.9089 val_loss: 0.2243 val_accuracy: 0.9204
Epoch: 19 loss: 0.2382 accuracy: 0.9095 val_loss: 0.2272 val_accuracy: 0.9203
Epoch: 20 loss: 0.2371 accuracy: 0.9092 val_loss: 0.2331 val_accuracy: 0.9200
Job ended!
