Tue 27 Feb 2024 12:25:18 AM EST
Python 3.9.7
nvcc: NVIDIA (R) Cuda compiler driver
Copyright (c) 2005-2019 NVIDIA Corporation
Built on Sun_Jul_28_19:07:16_PDT_2019
Cuda compilation tools, release 10.1, V10.1.243
My SLURM_ARRAY_TASK_ID: 
DB: ['ISIC2016', 'ISIC2017', 'ISIC2018', 'ISIC2019', 'ISIC2020', 'PH2']
IMG_SIZE: [150, 150]
CLASSIFIER: DenseNet121
SELF_AUG: 1
JOB_INDEX: None
Combining...
Combining 1 db out of 6 dbs
Combining 2 db out of 6 dbs
Combining 3 db out of 6 dbs
Combining 4 db out of 6 dbs
Combining 5 db out of 6 dbs
Combining 6 db out of 6 dbs
Stacking training images
Stacking training labels
Stacking validation images
Stacking validation labels
Model: "sequential"
_________________________________________________________________
Layer (type)                 Output Shape              Param #   
=================================================================
densenet121 (Functional)     (None, 1024)              7037504   
_________________________________________________________________
dense (Dense)                (None, 512)               524800    
_________________________________________________________________
dropout (Dropout)            (None, 512)               0         
_________________________________________________________________
batch_normalization (BatchNo (None, 512)               2048      
_________________________________________________________________
dense_1 (Dense)              (None, 256)               131328    
_________________________________________________________________
dropout_1 (Dropout)          (None, 256)               0         
_________________________________________________________________
batch_normalization_1 (Batch (None, 256)               1024      
_________________________________________________________________
dense_2 (Dense)              (None, 2)                 514       
=================================================================
Total params: 7,697,218
Trainable params: 658,178
Non-trainable params: 7,039,040
_________________________________________________________________
Fitting ISIC2016+ISIC2017+ISIC2018+ISIC2019+ISIC2020+PH2_aug_DenseNet121_150h_150w_None model...
model_name: ISIC2016+ISIC2017+ISIC2018+ISIC2019+ISIC2020+PH2_aug_DenseNet121_150h_150w_None
Epoch: 1 loss: 0.5813 accuracy: 0.7123 val_loss: 0.2991 val_accuracy: 0.8858
Epoch: 2 loss: 0.4906 accuracy: 0.7596 val_loss: 0.3142 val_accuracy: 0.8966
Epoch: 3 loss: 0.4537 accuracy: 0.7767 val_loss: 0.3200 val_accuracy: 0.8775
Epoch: 4 loss: 0.4337 accuracy: 0.7892 val_loss: 0.3086 val_accuracy: 0.8795
Epoch: 5 loss: 0.4253 accuracy: 0.7967 val_loss: 0.2588 val_accuracy: 0.9083
Epoch: 6 loss: 0.4199 accuracy: 0.7994 val_loss: 0.2651 val_accuracy: 0.9079
Epoch: 7 loss: 0.4148 accuracy: 0.8030 val_loss: 0.3095 val_accuracy: 0.8815
Epoch: 8 loss: 0.4118 accuracy: 0.8041 val_loss: 0.2566 val_accuracy: 0.9093
Epoch: 9 loss: 0.4082 accuracy: 0.8069 val_loss: 0.2690 val_accuracy: 0.8851
Epoch: 10 loss: 0.4062 accuracy: 0.8093 val_loss: 0.2903 val_accuracy: 0.8960
Epoch: 11 loss: 0.4042 accuracy: 0.8094 val_loss: 0.2459 val_accuracy: 0.9105
Epoch: 12 loss: 0.4011 accuracy: 0.8105 val_loss: 0.2322 val_accuracy: 0.9123
Epoch: 13 loss: 0.3985 accuracy: 0.8135 val_loss: 0.2411 val_accuracy: 0.9138
Epoch: 14 loss: 0.3983 accuracy: 0.8140 val_loss: 0.2678 val_accuracy: 0.9075
Epoch: 15 loss: 0.3964 accuracy: 0.8134 val_loss: 0.3039 val_accuracy: 0.8903
Epoch: 16 loss: 0.3953 accuracy: 0.8143 val_loss: 0.2396 val_accuracy: 0.9132
Epoch: 17 loss: 0.3937 accuracy: 0.8159 val_loss: 0.3575 val_accuracy: 0.8601
Epoch: 18 loss: 0.3939 accuracy: 0.8164 val_loss: 0.2961 val_accuracy: 0.9060
Epoch: 19 loss: 0.3912 accuracy: 0.8182 val_loss: 0.2458 val_accuracy: 0.9097
Epoch: 20 loss: 0.3926 accuracy: 0.8166 val_loss: 0.2764 val_accuracy: 0.9029
Job ended!
