Mon 26 Feb 2024 03:14:21 AM EST
Python 3.9.7
nvcc: NVIDIA (R) Cuda compiler driver
Copyright (c) 2005-2019 NVIDIA Corporation
Built on Sun_Jul_28_19:07:16_PDT_2019
Cuda compilation tools, release 10.1, V10.1.243
My SLURM_ARRAY_TASK_ID:  1
DB: ['ISIC2016', 'ISIC2017', 'ISIC2018', 'ISIC2019', '_7_point_criteria', 'PAD_UFES_20']
IMG_SIZE: [150, 150]
CLASSIFIER: DenseNet121
JOB_INDEX: 1
Combining...
Combining 1 db out of 6 dbs
Combining 2 db out of 6 dbs
Combining 3 db out of 6 dbs
Combining 4 db out of 6 dbs
Combining 5 db out of 6 dbs
Combining 6 db out of 6 dbs
Stacking training images
Stacking training labels
Stacking validation images
Stacking validation labels
Combining...
Combining 1 db out of 6 dbs
Combining 2 db out of 6 dbs
Combining 3 db out of 6 dbs
Combining 4 db out of 6 dbs
Combining 5 db out of 6 dbs
Combining 6 db out of 6 dbs
Stacking training images
Stacking training labels
Stacking validation images
Stacking validation labels
Model: "sequential"
_________________________________________________________________
Layer (type)                 Output Shape              Param #   
=================================================================
densenet121 (Functional)     (None, 1024)              7037504   
_________________________________________________________________
dense (Dense)                (None, 512)               524800    
_________________________________________________________________
dropout (Dropout)            (None, 512)               0         
_________________________________________________________________
batch_normalization (BatchNo (None, 512)               2048      
_________________________________________________________________
dense_1 (Dense)              (None, 256)               131328    
_________________________________________________________________
dropout_1 (Dropout)          (None, 256)               0         
_________________________________________________________________
batch_normalization_1 (Batch (None, 256)               1024      
_________________________________________________________________
dense_2 (Dense)              (None, 2)                 514       
=================================================================
Total params: 7,697,218
Trainable params: 658,178
Non-trainable params: 7,039,040
_________________________________________________________________
Fitting ISIC2016+ISIC2017+ISIC2018+ISIC2019+_7_point_criteria+PAD_UFES_20_noaug_DenseNet121_150h_150w_1 model...
Epoch: 1 loss: 0.5899 accuracy: 0.7161 val_loss: 0.4027 val_accuracy: 0.8383
Epoch: 2 loss: 0.4461 accuracy: 0.8210 val_loss: 0.4004 val_accuracy: 0.8406
Epoch: 3 loss: 0.4172 accuracy: 0.8337 val_loss: 0.3826 val_accuracy: 0.8478
Epoch: 4 loss: 0.4023 accuracy: 0.8397 val_loss: 0.3893 val_accuracy: 0.8447
Epoch: 5 loss: 0.3890 accuracy: 0.8440 val_loss: 0.3852 val_accuracy: 0.8409
Epoch: 6 loss: 0.3827 accuracy: 0.8458 val_loss: 0.3819 val_accuracy: 0.8441
Epoch: 7 loss: 0.3724 accuracy: 0.8503 val_loss: 0.3740 val_accuracy: 0.8460
Epoch: 8 loss: 0.3691 accuracy: 0.8509 val_loss: 0.3687 val_accuracy: 0.8487
Epoch: 9 loss: 0.3664 accuracy: 0.8531 val_loss: 0.3698 val_accuracy: 0.8478
Epoch: 10 loss: 0.3626 accuracy: 0.8536 val_loss: 0.3648 val_accuracy: 0.8508
Epoch: 11 loss: 0.3608 accuracy: 0.8533 val_loss: 0.3684 val_accuracy: 0.8490
Epoch: 12 loss: 0.3582 accuracy: 0.8543 val_loss: 0.3693 val_accuracy: 0.8465
Epoch: 13 loss: 0.3560 accuracy: 0.8541 val_loss: 0.3635 val_accuracy: 0.8514
Epoch: 14 loss: 0.3522 accuracy: 0.8571 val_loss: 0.3732 val_accuracy: 0.8478
Epoch: 15 loss: 0.3525 accuracy: 0.8566 val_loss: 0.3667 val_accuracy: 0.8494
Epoch: 16 loss: 0.3501 accuracy: 0.8566 val_loss: 0.3656 val_accuracy: 0.8482
Epoch: 17 loss: 0.3498 accuracy: 0.8566 val_loss: 0.3762 val_accuracy: 0.8505
Epoch: 18 loss: 0.3483 accuracy: 0.8566 val_loss: 0.3687 val_accuracy: 0.8510
Epoch: 19 loss: 0.3471 accuracy: 0.8576 val_loss: 0.3659 val_accuracy: 0.8519
Epoch: 20 loss: 0.3458 accuracy: 0.8583 val_loss: 0.3643 val_accuracy: 0.8518
Fitting ISIC2016+ISIC2017+ISIC2018+ISIC2019+_7_point_criteria+PAD_UFES_20_aug_DenseNet121_150h_150w_1 model...
Epoch: 1 loss: 0.5432 accuracy: 0.7182 val_loss: 0.4415 val_accuracy: 0.8063
Epoch: 2 loss: 0.5065 accuracy: 0.7436 val_loss: 0.4411 val_accuracy: 0.8025
Epoch: 3 loss: 0.4953 accuracy: 0.7526 val_loss: 0.4135 val_accuracy: 0.8298
Epoch: 4 loss: 0.4894 accuracy: 0.7587 val_loss: 0.4331 val_accuracy: 0.8078
Epoch: 5 loss: 0.4857 accuracy: 0.7615 val_loss: 0.4432 val_accuracy: 0.8105
Epoch: 6 loss: 0.4808 accuracy: 0.7659 val_loss: 0.4373 val_accuracy: 0.8071
Epoch: 7 loss: 0.4793 accuracy: 0.7668 val_loss: 0.4006 val_accuracy: 0.8393
Epoch: 8 loss: 0.4748 accuracy: 0.7693 val_loss: 0.4285 val_accuracy: 0.8159
Epoch: 9 loss: 0.4719 accuracy: 0.7715 val_loss: 0.3829 val_accuracy: 0.8430
Epoch: 10 loss: 0.4701 accuracy: 0.7750 val_loss: 0.3784 val_accuracy: 0.8463
Epoch: 11 loss: 0.4689 accuracy: 0.7735 val_loss: 0.4850 val_accuracy: 0.7793
Epoch: 12 loss: 0.4676 accuracy: 0.7757 val_loss: 0.4042 val_accuracy: 0.8302
Epoch: 13 loss: 0.4667 accuracy: 0.7758 val_loss: 0.3918 val_accuracy: 0.8391
Epoch: 14 loss: 0.4679 accuracy: 0.7749 val_loss: 0.3972 val_accuracy: 0.8452
Epoch: 15 loss: 0.4664 accuracy: 0.7757 val_loss: 0.3863 val_accuracy: 0.8386
Epoch: 16 loss: 0.4609 accuracy: 0.7793 val_loss: 0.4025 val_accuracy: 0.8348
Epoch: 17 loss: 0.4610 accuracy: 0.7806 val_loss: 0.3977 val_accuracy: 0.8367
Epoch: 18 loss: 0.4587 accuracy: 0.7806 val_loss: 0.3882 val_accuracy: 0.8410
Epoch: 19 loss: 0.4584 accuracy: 0.7827 val_loss: 0.3818 val_accuracy: 0.8406
Epoch: 20 loss: 0.4565 accuracy: 0.7838 val_loss: 0.3906 val_accuracy: 0.8428
Job ended!
