DB: ['ISIC2020']
CLASSIFIER: Densenet201
JOB_INDEX: None
Start training ISIC2020_Densenet201
Combining...
Combining 1th db out of 1 dbs
Stacking data
Combining complete
Epoch 0/29
----------
Train Loss: 0.4473 Acc: 0.7856
Val Loss: 0.2130 Acc: 0.9064

Epoch 1/29
----------
Train Loss: 0.3298 Acc: 0.8568
Val Loss: 0.3317 Acc: 0.8458

Epoch 2/29
----------
Train Loss: 0.2730 Acc: 0.8869
Val Loss: 0.2406 Acc: 0.9036

Epoch 3/29
----------
Train Loss: 0.2215 Acc: 0.9110
Val Loss: 0.2172 Acc: 0.9097

Epoch 4/29
----------
Train Loss: 0.1923 Acc: 0.9251
Val Loss: 0.2250 Acc: 0.9126

Epoch 5/29
----------
Train Loss: 0.1675 Acc: 0.9353
Val Loss: 0.2526 Acc: 0.9058

Epoch 6/29
----------
Train Loss: 0.1424 Acc: 0.9453
Val Loss: 0.1466 Acc: 0.9478

Epoch 7/29
----------
Train Loss: 0.1046 Acc: 0.9621
Val Loss: 0.1360 Acc: 0.9502

Epoch 8/29
----------
Train Loss: 0.0923 Acc: 0.9672
Val Loss: 0.1253 Acc: 0.9562

Epoch 9/29
----------
Train Loss: 0.0826 Acc: 0.9714
Val Loss: 0.1250 Acc: 0.9576

Epoch 10/29
----------
Train Loss: 0.0789 Acc: 0.9724
Val Loss: 0.1202 Acc: 0.9617

Epoch 11/29
----------
Train Loss: 0.0695 Acc: 0.9753
Val Loss: 0.1195 Acc: 0.9617

Epoch 12/29
----------
Train Loss: 0.0693 Acc: 0.9755
Val Loss: 0.1148 Acc: 0.9657

Epoch 13/29
----------
Train Loss: 0.0718 Acc: 0.9757
Val Loss: 0.1190 Acc: 0.9629

Epoch 14/29
----------
Train Loss: 0.0679 Acc: 0.9752
Val Loss: 0.1166 Acc: 0.9641

Epoch 15/29
----------
Train Loss: 0.0633 Acc: 0.9786
Val Loss: 0.1280 Acc: 0.9591

Epoch 16/29
----------
Train Loss: 0.0639 Acc: 0.9782
Val Loss: 0.1158 Acc: 0.9644

Epoch 17/29
----------
Train Loss: 0.0642 Acc: 0.9760
Val Loss: 0.1172 Acc: 0.9630

Epoch 18/29
----------
Train Loss: 0.0628 Acc: 0.9781
Val Loss: 0.1174 Acc: 0.9623

Epoch 19/29
----------
Train Loss: 0.0634 Acc: 0.9784
Val Loss: 0.1180 Acc: 0.9617

Epoch 20/29
----------
Train Loss: 0.0651 Acc: 0.9777
Val Loss: 0.1247 Acc: 0.9596

Epoch 21/29
----------
Train Loss: 0.0610 Acc: 0.9799
Val Loss: 0.1174 Acc: 0.9642

Epoch 22/29
----------
Train Loss: 0.0612 Acc: 0.9795
Val Loss: 0.1237 Acc: 0.9599

Epoch 23/29
----------
Train Loss: 0.0611 Acc: 0.9786
Val Loss: 0.1254 Acc: 0.9586

Epoch 24/29
----------
Train Loss: 0.0634 Acc: 0.9775
Val Loss: 0.1137 Acc: 0.9659

Epoch 25/29
----------
Train Loss: 0.0611 Acc: 0.9795
Val Loss: 0.1104 Acc: 0.9682

Epoch 26/29
----------
Train Loss: 0.0641 Acc: 0.9783
Val Loss: 0.1174 Acc: 0.9620

Epoch 27/29
----------
Train Loss: 0.0627 Acc: 0.9779
Val Loss: 0.1210 Acc: 0.9599

Epoch 28/29
----------
Train Loss: 0.0668 Acc: 0.9777
Val Loss: 0.1167 Acc: 0.9641

Epoch 29/29
----------
Train Loss: 0.0656 Acc: 0.9772
Val Loss: 0.1157 Acc: 0.9642

Training complete in 473m 29s
Best val Acc: 0.968156
Finished training ISIC2020_Densenet201
