Tue 27 Feb 2024 01:48:50 AM EST
Python 3.9.7
nvcc: NVIDIA (R) Cuda compiler driver
Copyright (c) 2005-2019 NVIDIA Corporation
Built on Sun_Jul_28_19:07:16_PDT_2019
Cuda compilation tools, release 10.1, V10.1.243
My SLURM_ARRAY_TASK_ID: 
DB: ['ISIC2016', 'ISIC2017', 'ISIC2018', '_7_point_criteria', 'PAD_UFES_20']
IMG_SIZE: [150, 150]
CLASSIFIER: DenseNet201
SELF_AUG: 1
JOB_INDEX: None
Combining...
Combining 1 db out of 5 dbs
Combining 2 db out of 5 dbs
Combining 3 db out of 5 dbs
Combining 4 db out of 5 dbs
Combining 5 db out of 5 dbs
Stacking training images
Stacking training labels
Stacking validation images
Stacking validation labels
Model: "sequential"
_________________________________________________________________
Layer (type)                 Output Shape              Param #   
=================================================================
densenet201 (Functional)     (None, 1920)              18321984  
_________________________________________________________________
dense (Dense)                (None, 512)               983552    
_________________________________________________________________
dropout (Dropout)            (None, 512)               0         
_________________________________________________________________
batch_normalization (BatchNo (None, 512)               2048      
_________________________________________________________________
dense_1 (Dense)              (None, 256)               131328    
_________________________________________________________________
dropout_1 (Dropout)          (None, 256)               0         
_________________________________________________________________
batch_normalization_1 (Batch (None, 256)               1024      
_________________________________________________________________
dense_2 (Dense)              (None, 2)                 514       
=================================================================
Total params: 19,440,450
Trainable params: 1,116,930
Non-trainable params: 18,323,520
_________________________________________________________________
Fitting ISIC2016+ISIC2017+ISIC2018+_7_point_criteria+PAD_UFES_20_aug_DenseNet201_150h_150w_None model...
model_name: ISIC2016+ISIC2017+ISIC2018+_7_point_criteria+PAD_UFES_20_aug_DenseNet201_150h_150w_None
Epoch: 1 loss: 0.7029 accuracy: 0.6429 val_loss: 0.5180 val_accuracy: 0.8128
Epoch: 2 loss: 0.5910 accuracy: 0.7136 val_loss: 0.4486 val_accuracy: 0.8128
Epoch: 3 loss: 0.5574 accuracy: 0.7299 val_loss: 0.6110 val_accuracy: 0.6433
Epoch: 4 loss: 0.5336 accuracy: 0.7362 val_loss: 0.4294 val_accuracy: 0.8508
Epoch: 5 loss: 0.5144 accuracy: 0.7459 val_loss: 0.5222 val_accuracy: 0.7841
Epoch: 6 loss: 0.4961 accuracy: 0.7574 val_loss: 0.4773 val_accuracy: 0.8035
Epoch: 7 loss: 0.4720 accuracy: 0.7729 val_loss: 0.4245 val_accuracy: 0.8381
Epoch: 8 loss: 0.4655 accuracy: 0.7790 val_loss: 0.3928 val_accuracy: 0.8541
Epoch: 9 loss: 0.4575 accuracy: 0.7806 val_loss: 0.4336 val_accuracy: 0.8314
Epoch: 10 loss: 0.4485 accuracy: 0.7892 val_loss: 0.4795 val_accuracy: 0.7917
Epoch: 11 loss: 0.4520 accuracy: 0.7870 val_loss: 0.3963 val_accuracy: 0.8592
Epoch: 12 loss: 0.4456 accuracy: 0.7939 val_loss: 0.3899 val_accuracy: 0.8474
Epoch: 13 loss: 0.4429 accuracy: 0.7973 val_loss: 0.3724 val_accuracy: 0.8567
Epoch: 14 loss: 0.4407 accuracy: 0.7947 val_loss: 0.4483 val_accuracy: 0.8153
Epoch: 15 loss: 0.4359 accuracy: 0.7959 val_loss: 0.3919 val_accuracy: 0.8575
Epoch: 16 loss: 0.4360 accuracy: 0.7982 val_loss: 0.4277 val_accuracy: 0.8465
Epoch: 17 loss: 0.4334 accuracy: 0.7999 val_loss: 0.3943 val_accuracy: 0.8390
Epoch: 18 loss: 0.4299 accuracy: 0.7996 val_loss: 0.4108 val_accuracy: 0.8440
Epoch: 19 loss: 0.4283 accuracy: 0.8038 val_loss: 0.3966 val_accuracy: 0.8524
Epoch: 20 loss: 0.4255 accuracy: 0.8044 val_loss: 0.3966 val_accuracy: 0.8558
Job ended!
