Tue 27 Feb 2024 01:53:59 AM EST
Python 3.9.7
nvcc: NVIDIA (R) Cuda compiler driver
Copyright (c) 2005-2019 NVIDIA Corporation
Built on Sun_Jul_28_19:07:16_PDT_2019
Cuda compilation tools, release 10.1, V10.1.243
My SLURM_ARRAY_TASK_ID: 
DB: ['ISIC2016', 'ISIC2017', 'ISIC2018', 'ISIC2019', 'ISIC2020', 'MEDNODE', 'KaggleMB']
IMG_SIZE: [150, 150]
CLASSIFIER: DenseNet201
SELF_AUG: 1
JOB_INDEX: None
Combining...
Combining 1 db out of 7 dbs
Combining 2 db out of 7 dbs
Combining 3 db out of 7 dbs
Combining 4 db out of 7 dbs
Combining 5 db out of 7 dbs
Combining 6 db out of 7 dbs
Combining 7 db out of 7 dbs
Stacking training images
Stacking training labels
Stacking validation images
Stacking validation labels
Model: "sequential"
_________________________________________________________________
Layer (type)                 Output Shape              Param #   
=================================================================
densenet201 (Functional)     (None, 1920)              18321984  
_________________________________________________________________
dense (Dense)                (None, 512)               983552    
_________________________________________________________________
dropout (Dropout)            (None, 512)               0         
_________________________________________________________________
batch_normalization (BatchNo (None, 512)               2048      
_________________________________________________________________
dense_1 (Dense)              (None, 256)               131328    
_________________________________________________________________
dropout_1 (Dropout)          (None, 256)               0         
_________________________________________________________________
batch_normalization_1 (Batch (None, 256)               1024      
_________________________________________________________________
dense_2 (Dense)              (None, 2)                 514       
=================================================================
Total params: 19,440,450
Trainable params: 1,116,930
Non-trainable params: 18,323,520
_________________________________________________________________
Fitting ISIC2016+ISIC2017+ISIC2018+ISIC2019+ISIC2020+MEDNODE+KaggleMB_aug_DenseNet201_150h_150w_None model...
model_name: ISIC2016+ISIC2017+ISIC2018+ISIC2019+ISIC2020+MEDNODE+KaggleMB_aug_DenseNet201_150h_150w_None
Epoch: 1 loss: 0.5958 accuracy: 0.6952 val_loss: 0.4563 val_accuracy: 0.8313
Epoch: 2 loss: 0.4906 accuracy: 0.7464 val_loss: 0.3117 val_accuracy: 0.8791
Epoch: 3 loss: 0.4582 accuracy: 0.7693 val_loss: 0.3896 val_accuracy: 0.7612
Epoch: 4 loss: 0.4489 accuracy: 0.7770 val_loss: 0.3337 val_accuracy: 0.8385
Epoch: 5 loss: 0.4432 accuracy: 0.7803 val_loss: 0.3214 val_accuracy: 0.8648
Epoch: 6 loss: 0.4373 accuracy: 0.7840 val_loss: 0.4013 val_accuracy: 0.8254
Epoch: 7 loss: 0.4332 accuracy: 0.7870 val_loss: 0.3020 val_accuracy: 0.8717
Epoch: 8 loss: 0.4293 accuracy: 0.7907 val_loss: 0.3201 val_accuracy: 0.8578
Epoch: 9 loss: 0.4263 accuracy: 0.7920 val_loss: 0.3775 val_accuracy: 0.8423
Epoch: 10 loss: 0.4263 accuracy: 0.7926 val_loss: 0.3314 val_accuracy: 0.8235
Epoch: 11 loss: 0.4257 accuracy: 0.7930 val_loss: 0.4231 val_accuracy: 0.7650
Epoch: 12 loss: 0.4235 accuracy: 0.7945 val_loss: 0.2928 val_accuracy: 0.8681
Epoch: 13 loss: 0.4216 accuracy: 0.7953 val_loss: 0.4601 val_accuracy: 0.7138
Epoch: 14 loss: 0.4216 accuracy: 0.7956 val_loss: 0.4898 val_accuracy: 0.6821
Epoch: 15 loss: 0.4183 accuracy: 0.7984 val_loss: 0.3811 val_accuracy: 0.7727
Epoch: 16 loss: 0.4173 accuracy: 0.7983 val_loss: 0.3059 val_accuracy: 0.8818
Epoch: 17 loss: 0.4167 accuracy: 0.7999 val_loss: 0.4143 val_accuracy: 0.7257
Epoch: 18 loss: 0.4161 accuracy: 0.7997 val_loss: 0.4621 val_accuracy: 0.7767
Epoch: 19 loss: 0.4149 accuracy: 0.7992 val_loss: 0.3262 val_accuracy: 0.8546
Epoch: 20 loss: 0.4126 accuracy: 0.8022 val_loss: 0.2760 val_accuracy: 0.8999
Job ended!
