Tue 27 Feb 2024 01:49:22 AM EST
Python 3.9.7
nvcc: NVIDIA (R) Cuda compiler driver
Copyright (c) 2005-2019 NVIDIA Corporation
Built on Sun_Jul_28_19:07:16_PDT_2019
Cuda compilation tools, release 10.1, V10.1.243
My SLURM_ARRAY_TASK_ID: 
DB: ['ISIC2016', 'ISIC2017', 'ISIC2018', 'ISIC2019', '_7_point_criteria', 'PAD_UFES_20']
IMG_SIZE: [150, 150]
CLASSIFIER: DenseNet201
SELF_AUG: 1
JOB_INDEX: None
Combining...
Combining 1 db out of 6 dbs
Combining 2 db out of 6 dbs
Combining 3 db out of 6 dbs
Combining 4 db out of 6 dbs
Combining 5 db out of 6 dbs
Combining 6 db out of 6 dbs
Stacking training images
Stacking training labels
Stacking validation images
Stacking validation labels
Model: "sequential"
_________________________________________________________________
Layer (type)                 Output Shape              Param #   
=================================================================
densenet201 (Functional)     (None, 1920)              18321984  
_________________________________________________________________
dense (Dense)                (None, 512)               983552    
_________________________________________________________________
dropout (Dropout)            (None, 512)               0         
_________________________________________________________________
batch_normalization (BatchNo (None, 512)               2048      
_________________________________________________________________
dense_1 (Dense)              (None, 256)               131328    
_________________________________________________________________
dropout_1 (Dropout)          (None, 256)               0         
_________________________________________________________________
batch_normalization_1 (Batch (None, 256)               1024      
_________________________________________________________________
dense_2 (Dense)              (None, 2)                 514       
=================================================================
Total params: 19,440,450
Trainable params: 1,116,930
Non-trainable params: 18,323,520
_________________________________________________________________
Fitting ISIC2016+ISIC2017+ISIC2018+ISIC2019+_7_point_criteria+PAD_UFES_20_aug_DenseNet201_150h_150w_None model...
model_name: ISIC2016+ISIC2017+ISIC2018+ISIC2019+_7_point_criteria+PAD_UFES_20_aug_DenseNet201_150h_150w_None
Epoch: 1 loss: 0.6805 accuracy: 0.6440 val_loss: 0.5408 val_accuracy: 0.7428
Epoch: 2 loss: 0.5972 accuracy: 0.6927 val_loss: 0.4352 val_accuracy: 0.8321
Epoch: 3 loss: 0.5565 accuracy: 0.7184 val_loss: 0.5405 val_accuracy: 0.7456
Epoch: 4 loss: 0.5295 accuracy: 0.7389 val_loss: 0.4821 val_accuracy: 0.8031
Epoch: 5 loss: 0.5134 accuracy: 0.7508 val_loss: 0.4785 val_accuracy: 0.7857
Epoch: 6 loss: 0.5035 accuracy: 0.7593 val_loss: 0.4767 val_accuracy: 0.7895
Epoch: 7 loss: 0.4958 accuracy: 0.7631 val_loss: 0.4414 val_accuracy: 0.8166
Epoch: 8 loss: 0.4922 accuracy: 0.7655 val_loss: 0.5828 val_accuracy: 0.6733
Epoch: 9 loss: 0.4891 accuracy: 0.7698 val_loss: 0.4087 val_accuracy: 0.8442
Epoch: 10 loss: 0.4854 accuracy: 0.7698 val_loss: 0.3987 val_accuracy: 0.8385
Epoch: 11 loss: 0.4885 accuracy: 0.7675 val_loss: 0.4259 val_accuracy: 0.8367
Epoch: 12 loss: 0.4831 accuracy: 0.7716 val_loss: 0.4990 val_accuracy: 0.7688
Epoch: 13 loss: 0.4799 accuracy: 0.7740 val_loss: 0.4283 val_accuracy: 0.8359
Epoch: 14 loss: 0.4762 accuracy: 0.7752 val_loss: 0.4358 val_accuracy: 0.8281
Epoch: 15 loss: 0.4798 accuracy: 0.7739 val_loss: 0.4171 val_accuracy: 0.8380
Epoch: 16 loss: 0.4751 accuracy: 0.7764 val_loss: 0.3974 val_accuracy: 0.8473
Epoch: 17 loss: 0.4752 accuracy: 0.7766 val_loss: 0.4692 val_accuracy: 0.8014
Epoch: 18 loss: 0.4737 accuracy: 0.7761 val_loss: 0.4298 val_accuracy: 0.8330
Epoch: 19 loss: 0.4693 accuracy: 0.7809 val_loss: 0.3889 val_accuracy: 0.8444
Epoch: 20 loss: 0.4696 accuracy: 0.7796 val_loss: 0.5011 val_accuracy: 0.7793
Job ended!
