Thu 29 Feb 2024 05:10:05 PM EST
Python 3.9.7
nvcc: NVIDIA (R) Cuda compiler driver
Copyright (c) 2005-2019 NVIDIA Corporation
Built on Sun_Jul_28_19:07:16_PDT_2019
Cuda compilation tools, release 10.1, V10.1.243
My SLURM_ARRAY_TASK_ID: 
DB: ['ISIC2016', 'MEDNODE']
IMG_SIZE: [150, 150]
CLASSIFIER: DenseNet201
SELF_AUG: 1
JOB_INDEX: None
Combining...
Combining 1 db out of 2 dbs
Combining 2 db out of 2 dbs
Stacking training images
Stacking training labels
Stacking validation images
Stacking validation labels
Model: "sequential"
_________________________________________________________________
Layer (type)                 Output Shape              Param #   
=================================================================
densenet201 (Functional)     (None, 1920)              18321984  
_________________________________________________________________
dense (Dense)                (None, 512)               983552    
_________________________________________________________________
dropout (Dropout)            (None, 512)               0         
_________________________________________________________________
batch_normalization (BatchNo (None, 512)               2048      
_________________________________________________________________
dense_1 (Dense)              (None, 256)               131328    
_________________________________________________________________
dropout_1 (Dropout)          (None, 256)               0         
_________________________________________________________________
batch_normalization_1 (Batch (None, 256)               1024      
_________________________________________________________________
dense_2 (Dense)              (None, 2)                 514       
=================================================================
Total params: 19,440,450
Trainable params: 1,116,930
Non-trainable params: 18,323,520
_________________________________________________________________
Fitting ISIC2016+MEDNODE_aug_DenseNet201_150h_150w_None model...
model_name: ISIC2016+MEDNODE_aug_DenseNet201_150h_150w_None
Epoch: 1 loss: 0.8340 accuracy: 0.6492 val_loss: 0.4748 val_accuracy: 0.7757
Epoch: 2 loss: 0.6401 accuracy: 0.7146 val_loss: 0.4400 val_accuracy: 0.7991
Epoch: 3 loss: 0.5218 accuracy: 0.7582 val_loss: 0.4309 val_accuracy: 0.8411
Epoch: 4 loss: 0.4991 accuracy: 0.7814 val_loss: 0.4276 val_accuracy: 0.8271
Epoch: 5 loss: 0.4120 accuracy: 0.8068 val_loss: 0.4305 val_accuracy: 0.8271
Epoch: 6 loss: 0.4148 accuracy: 0.8177 val_loss: 0.4296 val_accuracy: 0.8271
Epoch: 7 loss: 0.3811 accuracy: 0.8279 val_loss: 0.4292 val_accuracy: 0.8411
Epoch: 8 loss: 0.3291 accuracy: 0.8417 val_loss: 0.4714 val_accuracy: 0.8178
Epoch: 9 loss: 0.3333 accuracy: 0.8526 val_loss: 0.4637 val_accuracy: 0.8271
Epoch: 10 loss: 0.2838 accuracy: 0.8802 val_loss: 0.4680 val_accuracy: 0.8364
Epoch: 11 loss: 0.2658 accuracy: 0.8874 val_loss: 0.4875 val_accuracy: 0.8084
Epoch: 12 loss: 0.2632 accuracy: 0.8889 val_loss: 0.4655 val_accuracy: 0.8364
Epoch: 13 loss: 0.2078 accuracy: 0.9150 val_loss: 0.5016 val_accuracy: 0.8084
Epoch: 14 loss: 0.2096 accuracy: 0.9187 val_loss: 0.5152 val_accuracy: 0.8084
Epoch: 15 loss: 0.1901 accuracy: 0.9281 val_loss: 0.5113 val_accuracy: 0.8037
Epoch: 16 loss: 0.1790 accuracy: 0.9310 val_loss: 0.5408 val_accuracy: 0.8271
Epoch: 17 loss: 0.1618 accuracy: 0.9368 val_loss: 0.5466 val_accuracy: 0.8364
Epoch: 18 loss: 0.1561 accuracy: 0.9426 val_loss: 0.5239 val_accuracy: 0.8224
Epoch: 19 loss: 0.1468 accuracy: 0.9477 val_loss: 0.5505 val_accuracy: 0.8224
Epoch: 20 loss: 0.1493 accuracy: 0.9419 val_loss: 0.5434 val_accuracy: 0.8271
Job ended!
