Tue 27 Feb 2024 03:21:23 AM EST
Python 3.9.7
nvcc: NVIDIA (R) Cuda compiler driver
Copyright (c) 2005-2019 NVIDIA Corporation
Built on Sun_Jul_28_19:07:16_PDT_2019
Cuda compilation tools, release 10.1, V10.1.243
My SLURM_ARRAY_TASK_ID: 
DB: ['ISIC2016', 'ISIC2017', 'ISIC2018', 'ISIC2019', 'PH2', '_7_point_criteria']
IMG_SIZE: [150, 150]
CLASSIFIER: DenseNet201
SELF_AUG: 1
JOB_INDEX: None
Combining...
Combining 1 db out of 6 dbs
Combining 2 db out of 6 dbs
Combining 3 db out of 6 dbs
Combining 4 db out of 6 dbs
Combining 5 db out of 6 dbs
Combining 6 db out of 6 dbs
Stacking training images
Stacking training labels
Stacking validation images
Stacking validation labels
Model: "sequential"
_________________________________________________________________
Layer (type)                 Output Shape              Param #   
=================================================================
densenet201 (Functional)     (None, 1920)              18321984  
_________________________________________________________________
dense (Dense)                (None, 512)               983552    
_________________________________________________________________
dropout (Dropout)            (None, 512)               0         
_________________________________________________________________
batch_normalization (BatchNo (None, 512)               2048      
_________________________________________________________________
dense_1 (Dense)              (None, 256)               131328    
_________________________________________________________________
dropout_1 (Dropout)          (None, 256)               0         
_________________________________________________________________
batch_normalization_1 (Batch (None, 256)               1024      
_________________________________________________________________
dense_2 (Dense)              (None, 2)                 514       
=================================================================
Total params: 19,440,450
Trainable params: 1,116,930
Non-trainable params: 18,323,520
_________________________________________________________________
Fitting ISIC2016+ISIC2017+ISIC2018+ISIC2019+PH2+_7_point_criteria_aug_DenseNet201_150h_150w_None model...
model_name: ISIC2016+ISIC2017+ISIC2018+ISIC2019+PH2+_7_point_criteria_aug_DenseNet201_150h_150w_None
Epoch: 1 loss: 0.6830 accuracy: 0.6432 val_loss: 0.5291 val_accuracy: 0.7513
Epoch: 2 loss: 0.6085 accuracy: 0.6806 val_loss: 0.4691 val_accuracy: 0.7968
Epoch: 3 loss: 0.5625 accuracy: 0.7141 val_loss: 0.4386 val_accuracy: 0.8219
Epoch: 4 loss: 0.5332 accuracy: 0.7384 val_loss: 0.4581 val_accuracy: 0.8196
Epoch: 5 loss: 0.5222 accuracy: 0.7466 val_loss: 0.4400 val_accuracy: 0.8200
Epoch: 6 loss: 0.5160 accuracy: 0.7508 val_loss: 0.4543 val_accuracy: 0.8239
Epoch: 7 loss: 0.5103 accuracy: 0.7560 val_loss: 0.4565 val_accuracy: 0.8149
Epoch: 8 loss: 0.5036 accuracy: 0.7604 val_loss: 0.4820 val_accuracy: 0.7723
Epoch: 9 loss: 0.4996 accuracy: 0.7627 val_loss: 0.4436 val_accuracy: 0.8300
Epoch: 10 loss: 0.4972 accuracy: 0.7632 val_loss: 0.4229 val_accuracy: 0.8286
Epoch: 11 loss: 0.4931 accuracy: 0.7667 val_loss: 0.4095 val_accuracy: 0.8327
Epoch: 12 loss: 0.4920 accuracy: 0.7659 val_loss: 0.3980 val_accuracy: 0.8374
Epoch: 13 loss: 0.4903 accuracy: 0.7653 val_loss: 0.4159 val_accuracy: 0.8334
Epoch: 14 loss: 0.4871 accuracy: 0.7681 val_loss: 0.4173 val_accuracy: 0.8258
Epoch: 15 loss: 0.4833 accuracy: 0.7692 val_loss: 0.4008 val_accuracy: 0.8345
Epoch: 16 loss: 0.4829 accuracy: 0.7718 val_loss: 0.4291 val_accuracy: 0.8291
Epoch: 17 loss: 0.4823 accuracy: 0.7706 val_loss: 0.3954 val_accuracy: 0.8389
Epoch: 18 loss: 0.4780 accuracy: 0.7750 val_loss: 0.5093 val_accuracy: 0.7554
Epoch: 19 loss: 0.4776 accuracy: 0.7766 val_loss: 0.4137 val_accuracy: 0.8332
Epoch: 20 loss: 0.4752 accuracy: 0.7761 val_loss: 0.4175 val_accuracy: 0.8305
Job ended!
