Thu 29 Feb 2024 03:21:00 PM EST
Python 3.9.7
nvcc: NVIDIA (R) Cuda compiler driver
Copyright (c) 2005-2019 NVIDIA Corporation
Built on Sun_Jul_28_19:07:16_PDT_2019
Cuda compilation tools, release 10.1, V10.1.243
My SLURM_ARRAY_TASK_ID: 
DB: ['ISIC2016', 'ISIC2017', 'ISIC2018', 'ISIC2019', 'ISIC2020', 'PH2', '_7_point_criteria', 'PAD_UFES_20', 'MEDNODE']
IMG_SIZE: [150, 150]
CLASSIFIER: DenseNet201
SELF_AUG: 1
JOB_INDEX: None
Combining...
Combining 1 db out of 9 dbs
Combining 2 db out of 9 dbs
Combining 3 db out of 9 dbs
Combining 4 db out of 9 dbs
Combining 5 db out of 9 dbs
Combining 6 db out of 9 dbs
Combining 7 db out of 9 dbs
Combining 8 db out of 9 dbs
Combining 9 db out of 9 dbs
Stacking training images
Stacking training labels
Stacking validation images
Stacking validation labels
Model: "sequential"
_________________________________________________________________
Layer (type)                 Output Shape              Param #   
=================================================================
densenet201 (Functional)     (None, 1920)              18321984  
_________________________________________________________________
dense (Dense)                (None, 512)               983552    
_________________________________________________________________
dropout (Dropout)            (None, 512)               0         
_________________________________________________________________
batch_normalization (BatchNo (None, 512)               2048      
_________________________________________________________________
dense_1 (Dense)              (None, 256)               131328    
_________________________________________________________________
dropout_1 (Dropout)          (None, 256)               0         
_________________________________________________________________
batch_normalization_1 (Batch (None, 256)               1024      
_________________________________________________________________
dense_2 (Dense)              (None, 2)                 514       
=================================================================
Total params: 19,440,450
Trainable params: 1,116,930
Non-trainable params: 18,323,520
_________________________________________________________________
Fitting ISIC2016+ISIC2017+ISIC2018+ISIC2019+ISIC2020+PH2+_7_point_criteria+PAD_UFES_20+MEDNODE_aug_DenseNet201_150h_150w_None model...
model_name: ISIC2016+ISIC2017+ISIC2018+ISIC2019+ISIC2020+PH2+_7_point_criteria+PAD_UFES_20+MEDNODE_aug_DenseNet201_150h_150w_None
Epoch: 1 loss: 0.4712 accuracy: 0.7845 val_loss: 0.2102 val_accuracy: 0.9230
Epoch: 2 loss: 0.3769 accuracy: 0.8260 val_loss: 0.1969 val_accuracy: 0.9247
Epoch: 3 loss: 0.3523 accuracy: 0.8368 val_loss: 0.1909 val_accuracy: 0.9315
Epoch: 4 loss: 0.3374 accuracy: 0.8460 val_loss: 0.1860 val_accuracy: 0.9314
Epoch: 5 loss: 0.3262 accuracy: 0.8509 val_loss: 0.1800 val_accuracy: 0.9325
Epoch: 6 loss: 0.3156 accuracy: 0.8563 val_loss: 0.1836 val_accuracy: 0.9314
Epoch: 7 loss: 0.3051 accuracy: 0.8619 val_loss: 0.1819 val_accuracy: 0.9313
Epoch: 8 loss: 0.2971 accuracy: 0.8654 val_loss: 0.1782 val_accuracy: 0.9325
Epoch: 9 loss: 0.2892 accuracy: 0.8703 val_loss: 0.1745 val_accuracy: 0.9360
Epoch: 10 loss: 0.2823 accuracy: 0.8740 val_loss: 0.1771 val_accuracy: 0.9343
Epoch: 11 loss: 0.2745 accuracy: 0.8783 val_loss: 0.1765 val_accuracy: 0.9363
Epoch: 12 loss: 0.2668 accuracy: 0.8827 val_loss: 0.1744 val_accuracy: 0.9370
Epoch: 13 loss: 0.2644 accuracy: 0.8832 val_loss: 0.1737 val_accuracy: 0.9387
Epoch: 14 loss: 0.2545 accuracy: 0.8866 val_loss: 0.1737 val_accuracy: 0.9369
Epoch: 15 loss: 0.2504 accuracy: 0.8894 val_loss: 0.1739 val_accuracy: 0.9389
Epoch: 16 loss: 0.2449 accuracy: 0.8918 val_loss: 0.1766 val_accuracy: 0.9390
Epoch: 17 loss: 0.2408 accuracy: 0.8930 val_loss: 0.1777 val_accuracy: 0.9377
Epoch: 18 loss: 0.2338 accuracy: 0.8981 val_loss: 0.1761 val_accuracy: 0.9370
Epoch: 19 loss: 0.2252 accuracy: 0.9015 val_loss: 0.1703 val_accuracy: 0.9422
Epoch: 20 loss: 0.2208 accuracy: 0.9035 val_loss: 0.1739 val_accuracy: 0.9419
Job ended!
