Thu 29 Feb 2024 02:15:26 PM EST
Python 3.9.7
nvcc: NVIDIA (R) Cuda compiler driver
Copyright (c) 2005-2019 NVIDIA Corporation
Built on Sun_Jul_28_19:07:16_PDT_2019
Cuda compilation tools, release 10.1, V10.1.243
My SLURM_ARRAY_TASK_ID: 
DB: ['ISIC2016', '_7_point_criteria', 'PAD_UFES_20', 'MEDNODE']
IMG_SIZE: [150, 150]
CLASSIFIER: DenseNet201
SELF_AUG: 1
JOB_INDEX: None
Combining...
Combining 1 db out of 4 dbs
Combining 2 db out of 4 dbs
Combining 3 db out of 4 dbs
Combining 4 db out of 4 dbs
Stacking training images
Stacking training labels
Stacking validation images
Stacking validation labels
Model: "sequential"
_________________________________________________________________
Layer (type)                 Output Shape              Param #   
=================================================================
densenet201 (Functional)     (None, 1920)              18321984  
_________________________________________________________________
dense (Dense)                (None, 512)               983552    
_________________________________________________________________
dropout (Dropout)            (None, 512)               0         
_________________________________________________________________
batch_normalization (BatchNo (None, 512)               2048      
_________________________________________________________________
dense_1 (Dense)              (None, 256)               131328    
_________________________________________________________________
dropout_1 (Dropout)          (None, 256)               0         
_________________________________________________________________
batch_normalization_1 (Batch (None, 256)               1024      
_________________________________________________________________
dense_2 (Dense)              (None, 2)                 514       
=================================================================
Total params: 19,440,450
Trainable params: 1,116,930
Non-trainable params: 18,323,520
_________________________________________________________________
Fitting ISIC2016+_7_point_criteria+PAD_UFES_20+MEDNODE_aug_DenseNet201_150h_150w_None model...
model_name: ISIC2016+_7_point_criteria+PAD_UFES_20+MEDNODE_aug_DenseNet201_150h_150w_None
Epoch: 1 loss: 0.7474 accuracy: 0.6499 val_loss: 0.3498 val_accuracy: 0.8529
Epoch: 2 loss: 0.5300 accuracy: 0.7625 val_loss: 0.3363 val_accuracy: 0.8597
Epoch: 3 loss: 0.4487 accuracy: 0.8007 val_loss: 0.3335 val_accuracy: 0.8552
Epoch: 4 loss: 0.3830 accuracy: 0.8329 val_loss: 0.3075 val_accuracy: 0.8666
Epoch: 5 loss: 0.3362 accuracy: 0.8550 val_loss: 0.3202 val_accuracy: 0.8597
Epoch: 6 loss: 0.3011 accuracy: 0.8735 val_loss: 0.2974 val_accuracy: 0.8769
Epoch: 7 loss: 0.2712 accuracy: 0.8843 val_loss: 0.2912 val_accuracy: 0.8814
Epoch: 8 loss: 0.2510 accuracy: 0.8943 val_loss: 0.2907 val_accuracy: 0.8734
Epoch: 9 loss: 0.2261 accuracy: 0.9099 val_loss: 0.2824 val_accuracy: 0.8757
Epoch: 10 loss: 0.2044 accuracy: 0.9190 val_loss: 0.2820 val_accuracy: 0.8803
Epoch: 11 loss: 0.1888 accuracy: 0.9238 val_loss: 0.2843 val_accuracy: 0.8803
Epoch: 12 loss: 0.1769 accuracy: 0.9299 val_loss: 0.2883 val_accuracy: 0.8712
Epoch: 13 loss: 0.1496 accuracy: 0.9449 val_loss: 0.2973 val_accuracy: 0.8883
Epoch: 14 loss: 0.1366 accuracy: 0.9496 val_loss: 0.2784 val_accuracy: 0.8883
Epoch: 15 loss: 0.1270 accuracy: 0.9527 val_loss: 0.3004 val_accuracy: 0.8848
Epoch: 16 loss: 0.1116 accuracy: 0.9568 val_loss: 0.3108 val_accuracy: 0.8940
Epoch: 17 loss: 0.1086 accuracy: 0.9616 val_loss: 0.3103 val_accuracy: 0.8848
Epoch: 18 loss: 0.0922 accuracy: 0.9685 val_loss: 0.3414 val_accuracy: 0.8894
Epoch: 19 loss: 0.0846 accuracy: 0.9713 val_loss: 0.3354 val_accuracy: 0.8871
Epoch: 20 loss: 0.0949 accuracy: 0.9631 val_loss: 0.3603 val_accuracy: 0.8871
Job ended!
