DB: ['ISIC2018', 'ISIC2019']
CLASSIFIER: Densenet201
JOB_INDEX: None
Start training ISIC2018+ISIC2019_Densenet201
Combining...
Combining 1th db out of 2 dbs
Combining 2th db out of 2 dbs
Stacking data
Combining complete
Epoch 0/33
----------
Train Loss: 0.4976 Acc: 0.7487
Val Loss: 0.5157 Acc: 0.7489

Epoch 1/33
----------
Train Loss: 0.4403 Acc: 0.7876
Val Loss: 0.3889 Acc: 0.8169

Epoch 2/33
----------
Train Loss: 0.4006 Acc: 0.8123
Val Loss: 0.3580 Acc: 0.8342

Epoch 3/33
----------
Train Loss: 0.3616 Acc: 0.8338
Val Loss: 0.3636 Acc: 0.8319

Epoch 4/33
----------
Train Loss: 0.3393 Acc: 0.8459
Val Loss: 0.2906 Acc: 0.8677

Epoch 5/33
----------
Train Loss: 0.3208 Acc: 0.8571
Val Loss: 0.3702 Acc: 0.8344

Epoch 6/33
----------
Train Loss: 0.3031 Acc: 0.8673
Val Loss: 0.2864 Acc: 0.8762

Epoch 7/33
----------
Train Loss: 0.2581 Acc: 0.8913
Val Loss: 0.2894 Acc: 0.8760

Epoch 8/33
----------
Train Loss: 0.2438 Acc: 0.8971
Val Loss: 0.2922 Acc: 0.8705

Epoch 9/33
----------
Train Loss: 0.2325 Acc: 0.9017
Val Loss: 0.2870 Acc: 0.8755

Epoch 10/33
----------
Train Loss: 0.2233 Acc: 0.9078
Val Loss: 0.2729 Acc: 0.8817

Epoch 11/33
----------
Train Loss: 0.2217 Acc: 0.9086
Val Loss: 0.2584 Acc: 0.8918

Epoch 12/33
----------
Train Loss: 0.2107 Acc: 0.9158
Val Loss: 0.2771 Acc: 0.8817

Epoch 13/33
----------
Train Loss: 0.2038 Acc: 0.9177
Val Loss: 0.2659 Acc: 0.8857

Epoch 14/33
----------
Train Loss: 0.2006 Acc: 0.9148
Val Loss: 0.2650 Acc: 0.8882

Epoch 15/33
----------
Train Loss: 0.1961 Acc: 0.9193
Val Loss: 0.2575 Acc: 0.8892

Epoch 16/33
----------
Train Loss: 0.1957 Acc: 0.9209
Val Loss: 0.2718 Acc: 0.8863

Epoch 17/33
----------
Train Loss: 0.2035 Acc: 0.9170
Val Loss: 0.2683 Acc: 0.8873

Epoch 18/33
----------
Train Loss: 0.2004 Acc: 0.9161
Val Loss: 0.2730 Acc: 0.8850

Epoch 19/33
----------
Train Loss: 0.2005 Acc: 0.9195
Val Loss: 0.2516 Acc: 0.8928

Epoch 20/33
----------
Train Loss: 0.2002 Acc: 0.9169
Val Loss: 0.2809 Acc: 0.8827

Epoch 21/33
----------
Train Loss: 0.1920 Acc: 0.9236
Val Loss: 0.2600 Acc: 0.8895

Epoch 22/33
----------
Train Loss: 0.1931 Acc: 0.9216
Val Loss: 0.2753 Acc: 0.8840

Epoch 23/33
----------
Train Loss: 0.1903 Acc: 0.9235
Val Loss: 0.2612 Acc: 0.8890

Epoch 24/33
----------
Train Loss: 0.1944 Acc: 0.9189
Val Loss: 0.2663 Acc: 0.8873

Epoch 25/33
----------
Train Loss: 0.1995 Acc: 0.9182
Val Loss: 0.2552 Acc: 0.8926

Epoch 26/33
----------
Train Loss: 0.1986 Acc: 0.9184
Val Loss: 0.2568 Acc: 0.8916

Epoch 27/33
----------
Train Loss: 0.2018 Acc: 0.9163
Val Loss: 0.2376 Acc: 0.8990

Epoch 28/33
----------
Train Loss: 0.1942 Acc: 0.9216
Val Loss: 0.2429 Acc: 0.8964

Epoch 29/33
----------
Train Loss: 0.1936 Acc: 0.9204
Val Loss: 0.2540 Acc: 0.8928

Epoch 30/33
----------
Train Loss: 0.1953 Acc: 0.9205
Val Loss: 0.2583 Acc: 0.8907

Epoch 31/33
----------
Train Loss: 0.1983 Acc: 0.9194
Val Loss: 0.2682 Acc: 0.8865

Epoch 32/33
----------
Train Loss: 0.1953 Acc: 0.9194
Val Loss: 0.2474 Acc: 0.8947

Epoch 33/33
----------
Train Loss: 0.1932 Acc: 0.9218
Val Loss: 0.2522 Acc: 0.8926

Training complete in 90m 46s
Best val Acc: 0.899049
Finished training ISIC2018+ISIC2019_Densenet201
