Thu 29 Feb 2024 04:11:49 PM EST
Python 3.9.7
nvcc: NVIDIA (R) Cuda compiler driver
Copyright (c) 2005-2019 NVIDIA Corporation
Built on Sun_Jul_28_19:07:16_PDT_2019
Cuda compilation tools, release 10.1, V10.1.243
My SLURM_ARRAY_TASK_ID: 
DB: ['ISIC2016', 'ISIC2017', 'ISIC2018', 'ISIC2019', 'PAD_UFES_20', 'MEDNODE']
IMG_SIZE: [150, 150]
CLASSIFIER: DenseNet201
SELF_AUG: 1
JOB_INDEX: None
Combining...
Combining 1 db out of 6 dbs
Combining 2 db out of 6 dbs
Combining 3 db out of 6 dbs
Combining 4 db out of 6 dbs
Combining 5 db out of 6 dbs
Combining 6 db out of 6 dbs
Stacking training images
Stacking training labels
Stacking validation images
Stacking validation labels
Model: "sequential"
_________________________________________________________________
Layer (type)                 Output Shape              Param #   
=================================================================
densenet201 (Functional)     (None, 1920)              18321984  
_________________________________________________________________
dense (Dense)                (None, 512)               983552    
_________________________________________________________________
dropout (Dropout)            (None, 512)               0         
_________________________________________________________________
batch_normalization (BatchNo (None, 512)               2048      
_________________________________________________________________
dense_1 (Dense)              (None, 256)               131328    
_________________________________________________________________
dropout_1 (Dropout)          (None, 256)               0         
_________________________________________________________________
batch_normalization_1 (Batch (None, 256)               1024      
_________________________________________________________________
dense_2 (Dense)              (None, 2)                 514       
=================================================================
Total params: 19,440,450
Trainable params: 1,116,930
Non-trainable params: 18,323,520
_________________________________________________________________
Fitting ISIC2016+ISIC2017+ISIC2018+ISIC2019+PAD_UFES_20+MEDNODE_aug_DenseNet201_150h_150w_None model...
model_name: ISIC2016+ISIC2017+ISIC2018+ISIC2019+PAD_UFES_20+MEDNODE_aug_DenseNet201_150h_150w_None
Epoch: 1 loss: 0.5554 accuracy: 0.7492 val_loss: 0.3271 val_accuracy: 0.8683
Epoch: 2 loss: 0.4502 accuracy: 0.7932 val_loss: 0.3077 val_accuracy: 0.8769
Epoch: 3 loss: 0.4164 accuracy: 0.8073 val_loss: 0.3025 val_accuracy: 0.8774
Epoch: 4 loss: 0.3943 accuracy: 0.8196 val_loss: 0.2851 val_accuracy: 0.8869
Epoch: 5 loss: 0.3782 accuracy: 0.8288 val_loss: 0.2853 val_accuracy: 0.8866
Epoch: 6 loss: 0.3638 accuracy: 0.8353 val_loss: 0.2841 val_accuracy: 0.8863
Epoch: 7 loss: 0.3511 accuracy: 0.8417 val_loss: 0.2739 val_accuracy: 0.8879
Epoch: 8 loss: 0.3370 accuracy: 0.8476 val_loss: 0.2715 val_accuracy: 0.8927
Epoch: 9 loss: 0.3241 accuracy: 0.8536 val_loss: 0.2994 val_accuracy: 0.8700
Epoch: 10 loss: 0.3121 accuracy: 0.8619 val_loss: 0.2634 val_accuracy: 0.8948
Epoch: 11 loss: 0.2997 accuracy: 0.8673 val_loss: 0.2563 val_accuracy: 0.8992
Epoch: 12 loss: 0.2925 accuracy: 0.8712 val_loss: 0.2501 val_accuracy: 0.9034
Epoch: 13 loss: 0.2818 accuracy: 0.8765 val_loss: 0.2540 val_accuracy: 0.9052
Epoch: 14 loss: 0.2772 accuracy: 0.8781 val_loss: 0.2511 val_accuracy: 0.8969
Epoch: 15 loss: 0.2661 accuracy: 0.8840 val_loss: 0.2510 val_accuracy: 0.8999
Epoch: 16 loss: 0.2555 accuracy: 0.8890 val_loss: 0.2488 val_accuracy: 0.9071
Epoch: 17 loss: 0.2501 accuracy: 0.8916 val_loss: 0.2463 val_accuracy: 0.9073
Epoch: 18 loss: 0.2427 accuracy: 0.8947 val_loss: 0.2581 val_accuracy: 0.9045
Epoch: 19 loss: 0.2374 accuracy: 0.8976 val_loss: 0.2433 val_accuracy: 0.9068
Epoch: 20 loss: 0.2282 accuracy: 0.9012 val_loss: 0.2453 val_accuracy: 0.9068
Job ended!
