DB: ['MEDNODE', 'KaggleMB']
CLASSIFIER: Densenet201
JOB_INDEX: None
Start training MEDNODE+KaggleMB_Densenet201
Combining...
Combining 1th db out of 2 dbs
Combining 2th db out of 2 dbs
Stacking data
Combining complete
Epoch 0/33
----------
Train Loss: 0.4793 Acc: 0.7563
Val Loss: 0.4313 Acc: 0.7954

Epoch 1/33
----------
Train Loss: 0.3993 Acc: 0.8236
Val Loss: 0.3830 Acc: 0.8185

Epoch 2/33
----------
Train Loss: 0.3587 Acc: 0.8432
Val Loss: 0.3774 Acc: 0.8025

Epoch 3/33
----------
Train Loss: 0.3451 Acc: 0.8423
Val Loss: 0.3673 Acc: 0.8310

Epoch 4/33
----------
Train Loss: 0.3366 Acc: 0.8419
Val Loss: 0.3760 Acc: 0.8132

Epoch 5/33
----------
Train Loss: 0.3017 Acc: 0.8659
Val Loss: 0.3996 Acc: 0.8007

Epoch 6/33
----------
Train Loss: 0.3142 Acc: 0.8543
Val Loss: 0.3582 Acc: 0.8149

Epoch 7/33
----------
Train Loss: 0.2924 Acc: 0.8682
Val Loss: 0.3378 Acc: 0.8203

Epoch 8/33
----------
Train Loss: 0.2835 Acc: 0.8695
Val Loss: 0.3380 Acc: 0.8238

Epoch 9/33
----------
Train Loss: 0.2774 Acc: 0.8793
Val Loss: 0.3300 Acc: 0.8221

Epoch 10/33
----------
Train Loss: 0.2529 Acc: 0.8824
Val Loss: 0.3299 Acc: 0.8274

Epoch 11/33
----------
Train Loss: 0.2666 Acc: 0.8802
Val Loss: 0.3295 Acc: 0.8238

Epoch 12/33
----------
Train Loss: 0.2596 Acc: 0.8780
Val Loss: 0.3235 Acc: 0.8345

Epoch 13/33
----------
Train Loss: 0.2636 Acc: 0.8793
Val Loss: 0.3248 Acc: 0.8363

Epoch 14/33
----------
Train Loss: 0.2363 Acc: 0.8980
Val Loss: 0.3258 Acc: 0.8310

Epoch 15/33
----------
Train Loss: 0.2566 Acc: 0.8846
Val Loss: 0.3180 Acc: 0.8381

Epoch 16/33
----------
Train Loss: 0.2469 Acc: 0.8873
Val Loss: 0.3242 Acc: 0.8345

Epoch 17/33
----------
Train Loss: 0.2508 Acc: 0.8931
Val Loss: 0.3285 Acc: 0.8310

Epoch 18/33
----------
Train Loss: 0.2518 Acc: 0.8824
Val Loss: 0.3276 Acc: 0.8310

Epoch 19/33
----------
Train Loss: 0.2591 Acc: 0.8869
Val Loss: 0.3189 Acc: 0.8327

Epoch 20/33
----------
Train Loss: 0.2538 Acc: 0.8909
Val Loss: 0.3225 Acc: 0.8381

Epoch 21/33
----------
Train Loss: 0.2558 Acc: 0.8820
Val Loss: 0.3238 Acc: 0.8345

Epoch 22/33
----------
Train Loss: 0.2632 Acc: 0.8739
Val Loss: 0.3239 Acc: 0.8327

Epoch 23/33
----------
Train Loss: 0.2497 Acc: 0.8962
Val Loss: 0.3151 Acc: 0.8381

Epoch 24/33
----------
Train Loss: 0.2524 Acc: 0.8846
Val Loss: 0.3170 Acc: 0.8399

Epoch 25/33
----------
Train Loss: 0.2500 Acc: 0.8829
Val Loss: 0.3203 Acc: 0.8345

Epoch 26/33
----------
Train Loss: 0.2691 Acc: 0.8846
Val Loss: 0.3232 Acc: 0.8310

Epoch 27/33
----------
Train Loss: 0.2488 Acc: 0.8886
Val Loss: 0.3131 Acc: 0.8470

Epoch 28/33
----------
Train Loss: 0.2525 Acc: 0.8833
Val Loss: 0.3283 Acc: 0.8238

Epoch 29/33
----------
Train Loss: 0.2417 Acc: 0.8944
Val Loss: 0.3212 Acc: 0.8345

Epoch 30/33
----------
Train Loss: 0.2580 Acc: 0.8891
Val Loss: 0.3128 Acc: 0.8434

Epoch 31/33
----------
Train Loss: 0.2456 Acc: 0.8842
Val Loss: 0.3138 Acc: 0.8416

Epoch 32/33
----------
Train Loss: 0.2388 Acc: 0.8895
Val Loss: 0.3271 Acc: 0.8310

Epoch 33/33
----------
Train Loss: 0.2513 Acc: 0.8837
Val Loss: 0.3166 Acc: 0.8363

Training complete in 7m 22s
Best val Acc: 0.846975
Finished training MEDNODE+KaggleMB_Densenet201
