Mon 26 Feb 2024 10:00:46 AM EST
Python 3.9.7
nvcc: NVIDIA (R) Cuda compiler driver
Copyright (c) 2005-2019 NVIDIA Corporation
Built on Sun_Jul_28_19:07:16_PDT_2019
Cuda compilation tools, release 10.1, V10.1.243
My SLURM_ARRAY_TASK_ID:  1
DB: ['ISIC2016', 'ISIC2017', 'ISIC2018', 'ISIC2019', 'ISIC2020', '_7_point_criteria', 'PAD_UFES_20']
IMG_SIZE: [150, 150]
CLASSIFIER: ResNet50
JOB_INDEX: 1
Combining...
Combining 1 db out of 7 dbs
Combining 2 db out of 7 dbs
Combining 3 db out of 7 dbs
Combining 4 db out of 7 dbs
Combining 5 db out of 7 dbs
Combining 6 db out of 7 dbs
Combining 7 db out of 7 dbs
Stacking training images
Stacking training labels
Stacking validation images
Stacking validation labels
Combining...
Combining 1 db out of 7 dbs
Combining 2 db out of 7 dbs
Combining 3 db out of 7 dbs
Combining 4 db out of 7 dbs
Combining 5 db out of 7 dbs
Combining 6 db out of 7 dbs
Combining 7 db out of 7 dbs
Stacking training images
Stacking training labels
Stacking validation images
Stacking validation labels
Model: "sequential"
_________________________________________________________________
Layer (type)                 Output Shape              Param #   
=================================================================
resnet50 (Functional)        (None, 2048)              23587712  
_________________________________________________________________
dense (Dense)                (None, 512)               1049088   
_________________________________________________________________
dropout (Dropout)            (None, 512)               0         
_________________________________________________________________
batch_normalization (BatchNo (None, 512)               2048      
_________________________________________________________________
dense_1 (Dense)              (None, 256)               131328    
_________________________________________________________________
dropout_1 (Dropout)          (None, 256)               0         
_________________________________________________________________
batch_normalization_1 (Batch (None, 256)               1024      
_________________________________________________________________
dense_2 (Dense)              (None, 2)                 514       
=================================================================
Total params: 24,771,714
Trainable params: 1,182,466
Non-trainable params: 23,589,248
_________________________________________________________________
Fitting ISIC2016+ISIC2017+ISIC2018+ISIC2019+ISIC2020+_7_point_criteria+PAD_UFES_20_noaug_ResNet50_150h_150w_1 model...
Epoch: 1 loss: 0.4598 accuracy: 0.8091 val_loss: 0.2576 val_accuracy: 0.9126
Epoch: 2 loss: 0.3250 accuracy: 0.8952 val_loss: 0.2835 val_accuracy: 0.9126
Epoch: 3 loss: 0.3033 accuracy: 0.9016 val_loss: 0.2834 val_accuracy: 0.9126
Epoch: 4 loss: 0.3095 accuracy: 0.9045 val_loss: 0.2974 val_accuracy: 0.9126
Epoch: 5 loss: 0.3153 accuracy: 0.9046 val_loss: 0.2966 val_accuracy: 0.9126
Epoch: 6 loss: 0.3152 accuracy: 0.9045 val_loss: 0.2967 val_accuracy: 0.9126
Epoch: 7 loss: 0.3152 accuracy: 0.9045 val_loss: 0.2970 val_accuracy: 0.9126
Epoch: 8 loss: 0.3152 accuracy: 0.9045 val_loss: 0.2968 val_accuracy: 0.9126
Epoch: 9 loss: 0.3151 accuracy: 0.9045 val_loss: 0.2965 val_accuracy: 0.9126
Epoch: 10 loss: 0.3151 accuracy: 0.9046 val_loss: 0.2965 val_accuracy: 0.9126
Epoch: 11 loss: 0.3150 accuracy: 0.9046 val_loss: 0.2973 val_accuracy: 0.9126
Epoch: 12 loss: 0.3151 accuracy: 0.9045 val_loss: 0.2970 val_accuracy: 0.9126
Epoch: 13 loss: 0.3151 accuracy: 0.9045 val_loss: 0.2964 val_accuracy: 0.9126
Epoch: 14 loss: 0.3151 accuracy: 0.9045 val_loss: 0.2969 val_accuracy: 0.9126
Epoch: 15 loss: 0.3151 accuracy: 0.9045 val_loss: 0.2969 val_accuracy: 0.9126
Epoch: 16 loss: 0.3152 accuracy: 0.9045 val_loss: 0.2974 val_accuracy: 0.9126
Epoch: 17 loss: 0.3150 accuracy: 0.9046 val_loss: 0.2967 val_accuracy: 0.9126
Epoch: 18 loss: 0.3151 accuracy: 0.9045 val_loss: 0.2965 val_accuracy: 0.9126
Epoch: 19 loss: 0.3152 accuracy: 0.9045 val_loss: 0.2964 val_accuracy: 0.9126
Epoch: 20 loss: 0.3151 accuracy: 0.9045 val_loss: 0.2970 val_accuracy: 0.9126
Fitting ISIC2016+ISIC2017+ISIC2018+ISIC2019+ISIC2020+_7_point_criteria+PAD_UFES_20_aug_ResNet50_150h_150w_1 model...
Epoch: 1 loss: 0.5390 accuracy: 0.7274 val_loss: 0.3015 val_accuracy: 0.9089
Epoch: 2 loss: 0.5158 accuracy: 0.7297 val_loss: 0.5197 val_accuracy: 0.8529
Epoch: 3 loss: 0.5071 accuracy: 0.7313 val_loss: 0.3084 val_accuracy: 0.8793
Epoch: 4 loss: 0.5006 accuracy: 0.7377 val_loss: 0.3949 val_accuracy: 0.8301
Epoch: 5 loss: 0.4934 accuracy: 0.7440 val_loss: 0.4643 val_accuracy: 0.7420
Epoch: 6 loss: 0.4890 accuracy: 0.7495 val_loss: 0.2912 val_accuracy: 0.8922
Epoch: 7 loss: 0.4833 accuracy: 0.7563 val_loss: 0.3260 val_accuracy: 0.8649
Epoch: 8 loss: 0.5764 accuracy: 0.7292 val_loss: 0.4172 val_accuracy: 0.9126
Epoch: 9 loss: 0.5875 accuracy: 0.7259 val_loss: 0.4017 val_accuracy: 0.9126
Epoch: 10 loss: 0.5875 accuracy: 0.7258 val_loss: 0.3975 val_accuracy: 0.9126
Epoch: 11 loss: 0.5875 accuracy: 0.7258 val_loss: 0.4068 val_accuracy: 0.9126
Epoch: 12 loss: 0.5875 accuracy: 0.7258 val_loss: 0.3965 val_accuracy: 0.9126
Epoch: 13 loss: 0.5874 accuracy: 0.7259 val_loss: 0.4194 val_accuracy: 0.9126
Epoch: 14 loss: 0.5874 accuracy: 0.7258 val_loss: 0.4116 val_accuracy: 0.9126
Epoch: 15 loss: 0.5875 accuracy: 0.7258 val_loss: 0.4093 val_accuracy: 0.9126
Epoch: 16 loss: 0.5875 accuracy: 0.7259 val_loss: 0.4030 val_accuracy: 0.9126
Epoch: 17 loss: 0.5874 accuracy: 0.7258 val_loss: 0.4168 val_accuracy: 0.9126
Epoch: 18 loss: 0.5874 accuracy: 0.7258 val_loss: 0.4047 val_accuracy: 0.9126
Epoch: 19 loss: 0.5875 accuracy: 0.7258 val_loss: 0.4068 val_accuracy: 0.9126
Epoch: 20 loss: 0.5875 accuracy: 0.7258 val_loss: 0.4038 val_accuracy: 0.9126
Job ended!
