Mon 26 Feb 2024 03:49:47 AM EST
Python 3.9.7
nvcc: NVIDIA (R) Cuda compiler driver
Copyright (c) 2005-2019 NVIDIA Corporation
Built on Sun_Jul_28_19:07:16_PDT_2019
Cuda compilation tools, release 10.1, V10.1.243
My SLURM_ARRAY_TASK_ID:  1
DB: ['ISIC2016', 'ISIC2017', 'ISIC2018', 'ISIC2019', '_7_point_criteria', 'PAD_UFES_20']
IMG_SIZE: [150, 150]
CLASSIFIER: EfficientNetB4
JOB_INDEX: 1
Combining...
Combining 1 db out of 6 dbs
Combining 2 db out of 6 dbs
Combining 3 db out of 6 dbs
Combining 4 db out of 6 dbs
Combining 5 db out of 6 dbs
Combining 6 db out of 6 dbs
Stacking training images
Stacking training labels
Stacking validation images
Stacking validation labels
Combining...
Combining 1 db out of 6 dbs
Combining 2 db out of 6 dbs
Combining 3 db out of 6 dbs
Combining 4 db out of 6 dbs
Combining 5 db out of 6 dbs
Combining 6 db out of 6 dbs
Stacking training images
Stacking training labels
Stacking validation images
Stacking validation labels
Model: "sequential"
_________________________________________________________________
Layer (type)                 Output Shape              Param #   
=================================================================
efficientnetb4 (Functional)  (None, 1792)              17673823  
_________________________________________________________________
dense (Dense)                (None, 512)               918016    
_________________________________________________________________
dropout (Dropout)            (None, 512)               0         
_________________________________________________________________
batch_normalization (BatchNo (None, 512)               2048      
_________________________________________________________________
dense_1 (Dense)              (None, 256)               131328    
_________________________________________________________________
dropout_1 (Dropout)          (None, 256)               0         
_________________________________________________________________
batch_normalization_1 (Batch (None, 256)               1024      
_________________________________________________________________
dense_2 (Dense)              (None, 2)                 514       
=================================================================
Total params: 18,726,753
Trainable params: 1,051,394
Non-trainable params: 17,675,359
_________________________________________________________________
Fitting ISIC2016+ISIC2017+ISIC2018+ISIC2019+_7_point_criteria+PAD_UFES_20_noaug_EfficientNetB4_150h_150w_1 model...
Epoch: 1 loss: 0.4789 accuracy: 0.8261 val_loss: 0.4440 val_accuracy: 0.8367
Epoch: 2 loss: 0.4288 accuracy: 0.8464 val_loss: 0.4437 val_accuracy: 0.8367
Epoch: 3 loss: 0.4276 accuracy: 0.8464 val_loss: 0.4432 val_accuracy: 0.8367
Epoch: 4 loss: 0.4271 accuracy: 0.8464 val_loss: 0.4426 val_accuracy: 0.8367
Epoch: 5 loss: 0.4268 accuracy: 0.8463 val_loss: 0.4401 val_accuracy: 0.8367
Epoch: 6 loss: 0.4258 accuracy: 0.8463 val_loss: 0.4394 val_accuracy: 0.8367
Epoch: 7 loss: 0.4253 accuracy: 0.8464 val_loss: 0.4373 val_accuracy: 0.8367
Epoch: 8 loss: 0.4246 accuracy: 0.8464 val_loss: 0.4380 val_accuracy: 0.8367
Epoch: 9 loss: 0.4243 accuracy: 0.8464 val_loss: 0.4402 val_accuracy: 0.8367
Epoch: 10 loss: 0.4248 accuracy: 0.8464 val_loss: 0.4396 val_accuracy: 0.8367
Epoch: 11 loss: 0.4235 accuracy: 0.8464 val_loss: 0.4437 val_accuracy: 0.8367
Epoch: 12 loss: 0.4237 accuracy: 0.8464 val_loss: 0.4384 val_accuracy: 0.8367
Epoch: 13 loss: 0.4237 accuracy: 0.8464 val_loss: 0.4399 val_accuracy: 0.8367
Epoch: 14 loss: 0.4239 accuracy: 0.8464 val_loss: 0.4372 val_accuracy: 0.8367
Epoch: 15 loss: 0.4232 accuracy: 0.8463 val_loss: 0.4398 val_accuracy: 0.8367
Epoch: 16 loss: 0.4225 accuracy: 0.8464 val_loss: 0.4367 val_accuracy: 0.8367
Epoch: 17 loss: 0.4228 accuracy: 0.8463 val_loss: 0.4380 val_accuracy: 0.8367
Epoch: 18 loss: 0.4226 accuracy: 0.8464 val_loss: 0.4351 val_accuracy: 0.8367
Epoch: 19 loss: 0.4222 accuracy: 0.8464 val_loss: 0.4385 val_accuracy: 0.8367
Epoch: 20 loss: 0.4225 accuracy: 0.8464 val_loss: 0.4555 val_accuracy: 0.8367
Fitting ISIC2016+ISIC2017+ISIC2018+ISIC2019+_7_point_criteria+PAD_UFES_20_aug_EfficientNetB4_150h_150w_1 model...
Epoch: 1 loss: 0.6351 accuracy: 0.6639 val_loss: 0.5631 val_accuracy: 0.8367
Epoch: 2 loss: 0.6313 accuracy: 0.6640 val_loss: 0.6058 val_accuracy: 0.8367
Epoch: 3 loss: 0.6305 accuracy: 0.6642 val_loss: 0.6373 val_accuracy: 0.8367
Epoch: 4 loss: 0.6306 accuracy: 0.6641 val_loss: 0.5612 val_accuracy: 0.8367
Epoch: 5 loss: 0.6296 accuracy: 0.6644 val_loss: 0.5588 val_accuracy: 0.8367
Epoch: 6 loss: 0.6299 accuracy: 0.6643 val_loss: 0.5423 val_accuracy: 0.8367
Epoch: 7 loss: 0.6296 accuracy: 0.6644 val_loss: 0.5685 val_accuracy: 0.8367
Epoch: 8 loss: 0.6284 accuracy: 0.6647 val_loss: 0.5264 val_accuracy: 0.8367
Epoch: 9 loss: 0.6273 accuracy: 0.6652 val_loss: 0.6233 val_accuracy: 0.8367
Epoch: 10 loss: 0.6272 accuracy: 0.6649 val_loss: 0.5982 val_accuracy: 0.8367
Epoch: 11 loss: 0.6280 accuracy: 0.6642 val_loss: 0.5130 val_accuracy: 0.8367
Epoch: 12 loss: 0.6270 accuracy: 0.6639 val_loss: 0.6186 val_accuracy: 0.8367
Epoch: 13 loss: 0.6261 accuracy: 0.6643 val_loss: 0.6039 val_accuracy: 0.8367
Epoch: 14 loss: 0.6246 accuracy: 0.6636 val_loss: 0.6157 val_accuracy: 0.8367
Epoch: 15 loss: 0.6244 accuracy: 0.6640 val_loss: 0.6285 val_accuracy: 0.8367
Epoch: 16 loss: 0.6241 accuracy: 0.6642 val_loss: 0.6391 val_accuracy: 0.8367
Epoch: 17 loss: 0.6228 accuracy: 0.6638 val_loss: 0.6027 val_accuracy: 0.8367
Epoch: 18 loss: 0.6223 accuracy: 0.6639 val_loss: 0.5278 val_accuracy: 0.8367
Epoch: 19 loss: 0.6199 accuracy: 0.6635 val_loss: 0.6384 val_accuracy: 0.8367
Epoch: 20 loss: 0.6183 accuracy: 0.6645 val_loss: 0.5932 val_accuracy: 0.8367
Job ended!
