Mon 26 Feb 2024 01:58:42 AM EST
Python 3.9.7
nvcc: NVIDIA (R) Cuda compiler driver
Copyright (c) 2005-2019 NVIDIA Corporation
Built on Sun_Jul_28_19:07:16_PDT_2019
Cuda compilation tools, release 10.1, V10.1.243
My SLURM_ARRAY_TASK_ID:  1
DB: ['ISIC2016', 'ISIC2017']
IMG_SIZE: [150, 150]
CLASSIFIER: EfficientNetB4
JOB_INDEX: 1
Combining...
Combining 1 db out of 2 dbs
Combining 2 db out of 2 dbs
Stacking training images
Stacking training labels
Stacking validation images
Stacking validation labels
Combining...
Combining 1 db out of 2 dbs
Combining 2 db out of 2 dbs
Stacking training images
Stacking training labels
Stacking validation images
Stacking validation labels
Model: "sequential"
_________________________________________________________________
Layer (type)                 Output Shape              Param #   
=================================================================
efficientnetb4 (Functional)  (None, 1792)              17673823  
_________________________________________________________________
dense (Dense)                (None, 512)               918016    
_________________________________________________________________
dropout (Dropout)            (None, 512)               0         
_________________________________________________________________
batch_normalization (BatchNo (None, 512)               2048      
_________________________________________________________________
dense_1 (Dense)              (None, 256)               131328    
_________________________________________________________________
dropout_1 (Dropout)          (None, 256)               0         
_________________________________________________________________
batch_normalization_1 (Batch (None, 256)               1024      
_________________________________________________________________
dense_2 (Dense)              (None, 2)                 514       
=================================================================
Total params: 18,726,753
Trainable params: 1,051,394
Non-trainable params: 17,675,359
_________________________________________________________________
Fitting ISIC2016+ISIC2017_noaug_EfficientNetB4_150h_150w_1 model...
Epoch: 1 loss: 0.6676 accuracy: 0.6074 val_loss: 0.6356 val_accuracy: 0.8000
Epoch: 2 loss: 0.6094 accuracy: 0.7765 val_loss: 0.5869 val_accuracy: 0.8000
Epoch: 3 loss: 0.5632 accuracy: 0.8107 val_loss: 0.5491 val_accuracy: 0.8000
Epoch: 4 loss: 0.5280 accuracy: 0.8121 val_loss: 0.5225 val_accuracy: 0.8000
Epoch: 5 loss: 0.5033 accuracy: 0.8121 val_loss: 0.5102 val_accuracy: 0.8000
Epoch: 6 loss: 0.4923 accuracy: 0.8121 val_loss: 0.5008 val_accuracy: 0.8000
Epoch: 7 loss: 0.4883 accuracy: 0.8121 val_loss: 0.5004 val_accuracy: 0.8000
Epoch: 8 loss: 0.4842 accuracy: 0.8121 val_loss: 0.5004 val_accuracy: 0.8000
Epoch: 9 loss: 0.4841 accuracy: 0.8121 val_loss: 0.5005 val_accuracy: 0.8000
Epoch: 10 loss: 0.4836 accuracy: 0.8121 val_loss: 0.5005 val_accuracy: 0.8000
Epoch: 11 loss: 0.4835 accuracy: 0.8121 val_loss: 0.5005 val_accuracy: 0.8000
Epoch: 12 loss: 0.4844 accuracy: 0.8121 val_loss: 0.5004 val_accuracy: 0.8000
Epoch: 13 loss: 0.4838 accuracy: 0.8121 val_loss: 0.5006 val_accuracy: 0.8000
Epoch: 14 loss: 0.4839 accuracy: 0.8121 val_loss: 0.5004 val_accuracy: 0.8000
Epoch: 15 loss: 0.4822 accuracy: 0.8121 val_loss: 0.5004 val_accuracy: 0.8000
Epoch: 16 loss: 0.4847 accuracy: 0.8121 val_loss: 0.5015 val_accuracy: 0.8000
Epoch: 17 loss: 0.4842 accuracy: 0.8121 val_loss: 0.5021 val_accuracy: 0.8000
Epoch: 18 loss: 0.4828 accuracy: 0.8121 val_loss: 0.5027 val_accuracy: 0.8000
Epoch: 19 loss: 0.4839 accuracy: 0.8121 val_loss: 0.5047 val_accuracy: 0.8000
Epoch: 20 loss: 0.4826 accuracy: 0.8121 val_loss: 0.5025 val_accuracy: 0.8000
Fitting ISIC2016+ISIC2017_aug_EfficientNetB4_150h_150w_1 model...
Epoch: 1 loss: 0.6882 accuracy: 0.6360 val_loss: 0.5261 val_accuracy: 0.8000
Epoch: 2 loss: 0.6586 accuracy: 0.6368 val_loss: 0.5490 val_accuracy: 0.8000
Epoch: 3 loss: 0.6563 accuracy: 0.6360 val_loss: 0.5616 val_accuracy: 0.8000
Epoch: 4 loss: 0.6556 accuracy: 0.6365 val_loss: 0.5552 val_accuracy: 0.8000
Epoch: 5 loss: 0.6555 accuracy: 0.6363 val_loss: 0.5648 val_accuracy: 0.8000
Epoch: 6 loss: 0.6562 accuracy: 0.6358 val_loss: 0.5745 val_accuracy: 0.8000
Epoch: 7 loss: 0.6560 accuracy: 0.6363 val_loss: 0.5630 val_accuracy: 0.8000
Epoch: 8 loss: 0.6554 accuracy: 0.6365 val_loss: 0.5686 val_accuracy: 0.8000
Epoch: 9 loss: 0.6555 accuracy: 0.6372 val_loss: 0.5664 val_accuracy: 0.8000
Epoch: 10 loss: 0.6556 accuracy: 0.6368 val_loss: 0.5617 val_accuracy: 0.8000
Epoch: 11 loss: 0.6560 accuracy: 0.6356 val_loss: 0.5632 val_accuracy: 0.8000
Epoch: 12 loss: 0.6560 accuracy: 0.6360 val_loss: 0.5624 val_accuracy: 0.8000
Epoch: 13 loss: 0.6561 accuracy: 0.6358 val_loss: 0.5608 val_accuracy: 0.8000
Epoch: 14 loss: 0.6554 accuracy: 0.6365 val_loss: 0.5641 val_accuracy: 0.8000
Epoch: 15 loss: 0.6554 accuracy: 0.6365 val_loss: 0.5585 val_accuracy: 0.8000
Epoch: 16 loss: 0.6556 accuracy: 0.6368 val_loss: 0.5624 val_accuracy: 0.8000
Epoch: 17 loss: 0.6551 accuracy: 0.6372 val_loss: 0.5661 val_accuracy: 0.8000
Epoch: 18 loss: 0.6549 accuracy: 0.6380 val_loss: 0.5623 val_accuracy: 0.8000
Epoch: 19 loss: 0.6562 accuracy: 0.6356 val_loss: 0.5617 val_accuracy: 0.8000
Epoch: 20 loss: 0.6554 accuracy: 0.6368 val_loss: 0.5628 val_accuracy: 0.8000
Job ended!
