Wed 28 Feb 2024 12:01:09 PM EST
Python 3.9.7
nvcc: NVIDIA (R) Cuda compiler driver
Copyright (c) 2005-2019 NVIDIA Corporation
Built on Sun_Jul_28_19:07:16_PDT_2019
Cuda compilation tools, release 10.1, V10.1.243
My SLURM_ARRAY_TASK_ID: 
DB: ['ISIC2016', 'PAD_UFES_20']
IMG_SIZE: [150, 150]
CLASSIFIER: Xception
SELF_AUG: 1
JOB_INDEX: None
Combining...
Combining 1 db out of 2 dbs
Combining 2 db out of 2 dbs
Stacking training images
Stacking training labels
Stacking validation images
Stacking validation labels
Model: "sequential"
_________________________________________________________________
Layer (type)                 Output Shape              Param #   
=================================================================
xception (Functional)        (None, 2048)              20861480  
_________________________________________________________________
dense (Dense)                (None, 512)               1049088   
_________________________________________________________________
dropout (Dropout)            (None, 512)               0         
_________________________________________________________________
batch_normalization_4 (Batch (None, 512)               2048      
_________________________________________________________________
dense_1 (Dense)              (None, 256)               131328    
_________________________________________________________________
dropout_1 (Dropout)          (None, 256)               0         
_________________________________________________________________
batch_normalization_5 (Batch (None, 256)               1024      
_________________________________________________________________
dense_2 (Dense)              (None, 2)                 514       
=================================================================
Total params: 22,045,482
Trainable params: 1,182,466
Non-trainable params: 20,863,016
_________________________________________________________________
Fitting ISIC2016+PAD_UFES_20_aug_Xception_150h_150w_None model...
model_name: ISIC2016+PAD_UFES_20_aug_Xception_150h_150w_None
Epoch: 1 loss: 0.6584 accuracy: 0.6323 val_loss: 0.5671 val_accuracy: 0.9297
Epoch: 2 loss: 0.6018 accuracy: 0.7539 val_loss: 0.4738 val_accuracy: 0.9297
Epoch: 3 loss: 0.5701 accuracy: 0.7624 val_loss: 0.4093 val_accuracy: 0.9297
Epoch: 4 loss: 0.5555 accuracy: 0.7621 val_loss: 0.3887 val_accuracy: 0.9297
Epoch: 5 loss: 0.5490 accuracy: 0.7624 val_loss: 0.3671 val_accuracy: 0.9297
Epoch: 6 loss: 0.5493 accuracy: 0.7624 val_loss: 0.3377 val_accuracy: 0.9297
Epoch: 7 loss: 0.5515 accuracy: 0.7611 val_loss: 0.3705 val_accuracy: 0.9297
Epoch: 8 loss: 0.5511 accuracy: 0.7613 val_loss: 0.3524 val_accuracy: 0.9297
Epoch: 9 loss: 0.5499 accuracy: 0.7621 val_loss: 0.3297 val_accuracy: 0.9297
Epoch: 10 loss: 0.5487 accuracy: 0.7624 val_loss: 0.3408 val_accuracy: 0.9297
Epoch: 11 loss: 0.5481 accuracy: 0.7629 val_loss: 0.3475 val_accuracy: 0.9297
Epoch: 12 loss: 0.5503 accuracy: 0.7616 val_loss: 0.3496 val_accuracy: 0.9297
Epoch: 13 loss: 0.5489 accuracy: 0.7627 val_loss: 0.3418 val_accuracy: 0.9297
Epoch: 14 loss: 0.5475 accuracy: 0.7629 val_loss: 0.3455 val_accuracy: 0.9297
Epoch: 15 loss: 0.5493 accuracy: 0.7619 val_loss: 0.3505 val_accuracy: 0.9297
Epoch: 16 loss: 0.5487 accuracy: 0.7621 val_loss: 0.3497 val_accuracy: 0.9297
Epoch: 17 loss: 0.5466 accuracy: 0.7629 val_loss: 0.3428 val_accuracy: 0.9297
Epoch: 18 loss: 0.5497 accuracy: 0.7624 val_loss: 0.3685 val_accuracy: 0.9297
Epoch: 19 loss: 0.5500 accuracy: 0.7619 val_loss: 0.3565 val_accuracy: 0.9297
Epoch: 20 loss: 0.5491 accuracy: 0.7616 val_loss: 0.3536 val_accuracy: 0.9297
Job ended!
