Thu 09 May 2024 02:08:26 PM EDT
Python 3.9.7
nvcc: NVIDIA (R) Cuda compiler driver
Copyright (c) 2005-2019 NVIDIA Corporation
Built on Sun_Jul_28_19:07:16_PDT_2019
Cuda compilation tools, release 10.1, V10.1.243
My SLURM_ARRAY_TASK_ID: 
DB: ['ISIC2016', '_7_point_criteria']
IMG_SIZE: [384, 384]
CLASSIFIER: Xception
JOB_INDEX: None
Start training augmented images
Combining...
Combining 1th db out of 2 dbs
Combining 2th db out of 2 dbs
Stacking data
Combining complete
Model: "sequential"
_________________________________________________________________
Layer (type)                 Output Shape              Param #   
=================================================================
xception (Functional)        (None, 2048)              20861480  
_________________________________________________________________
dense (Dense)                (None, 512)               1049088   
_________________________________________________________________
dropout (Dropout)            (None, 512)               0         
_________________________________________________________________
batch_normalization_4 (Batch (None, 512)               2048      
_________________________________________________________________
dense_1 (Dense)              (None, 256)               131328    
_________________________________________________________________
batch_normalization_5 (Batch (None, 256)               1024      
_________________________________________________________________
dense_2 (Dense)              (None, 2)                 514       
=================================================================
Total params: 22,045,482
Trainable params: 1,182,466
Non-trainable params: 20,863,016
_________________________________________________________________
Fitting ISIC2016+_7_point_criteria_aug_Xception_384h_384w_None model...
model_name: ISIC2016+_7_point_criteria_aug_Xception_384h_384w_None
Epoch: 1 loss: 1.3377 accuracy: 0.6629 val_loss: 1.1967 val_accuracy: 0.7102
Epoch: 2 loss: 1.0789 accuracy: 0.7746 val_loss: 1.1651 val_accuracy: 0.7363
Epoch: 3 loss: 0.9942 accuracy: 0.8170 val_loss: 1.1852 val_accuracy: 0.6997
Epoch: 4 loss: 0.9128 accuracy: 0.8449 val_loss: 1.1672 val_accuracy: 0.7180
Epoch: 5 loss: 0.8929 accuracy: 0.8650 val_loss: 1.1531 val_accuracy: 0.7258
Epoch: 6 loss: 0.8404 accuracy: 0.8929 val_loss: 1.1599 val_accuracy: 0.6971
Epoch: 7 loss: 0.7954 accuracy: 0.9124 val_loss: 1.1573 val_accuracy: 0.7050
Epoch: 8 loss: 0.7648 accuracy: 0.9230 val_loss: 1.1095 val_accuracy: 0.7285
Epoch: 9 loss: 0.7348 accuracy: 0.9436 val_loss: 1.0997 val_accuracy: 0.7206
Epoch: 10 loss: 0.7094 accuracy: 0.9487 val_loss: 1.1277 val_accuracy: 0.7128
Epoch: 11 loss: 0.6993 accuracy: 0.9542 val_loss: 1.1354 val_accuracy: 0.7076
Epoch: 12 loss: 0.6779 accuracy: 0.9643 val_loss: 1.0879 val_accuracy: 0.7363
Epoch: 13 loss: 0.6690 accuracy: 0.9665 val_loss: 1.0934 val_accuracy: 0.7572
Epoch: 14 loss: 0.6585 accuracy: 0.9648 val_loss: 1.1028 val_accuracy: 0.7467
Epoch: 15 loss: 0.6339 accuracy: 0.9777 val_loss: 1.1429 val_accuracy: 0.7337
Epoch: 16 loss: 0.6232 accuracy: 0.9833 val_loss: 1.1399 val_accuracy: 0.7285
Epoch: 17 loss: 0.6205 accuracy: 0.9816 val_loss: 1.1578 val_accuracy: 0.7389

Epoch 00017: ReduceLROnPlateau reducing learning rate to 7.999999797903001e-05.
Epoch: 18 loss: 0.6041 accuracy: 0.9844 val_loss: 1.1700 val_accuracy: 0.7232
Epoch: 19 loss: 0.5995 accuracy: 0.9872 val_loss: 1.1877 val_accuracy: 0.7258
Epoch: 20 loss: 0.5891 accuracy: 0.9944 val_loss: 1.1971 val_accuracy: 0.7285
Epoch: 21 loss: 0.5875 accuracy: 0.9888 val_loss: 1.2536 val_accuracy: 0.7232
Epoch: 22 loss: 0.5850 accuracy: 0.9916 val_loss: 1.2649 val_accuracy: 0.7337

Epoch 00022: ReduceLROnPlateau reducing learning rate to 6.399999838322402e-05.
End of augmented training
Finish
Job ended!
