Sat 02 Mar 2024 01:10:01 AM EST
Python 3.9.7
nvcc: NVIDIA (R) Cuda compiler driver
Copyright (c) 2005-2019 NVIDIA Corporation
Built on Sun_Jul_28_19:07:16_PDT_2019
Cuda compilation tools, release 10.1, V10.1.243
My SLURM_ARRAY_TASK_ID: 
DB: ['ISIC2016', 'PH2', '_7_point_criteria']
IMG_SIZE: [150, 150]
CLASSIFIER: Xception
SELF_AUG: 1
JOB_INDEX: None
Combining...
Combining 1 db out of 3 dbs
Combining 2 db out of 3 dbs
Combining 3 db out of 3 dbs
Stacking training images
Stacking training labels
Stacking validation images
Stacking validation labels
Model: "sequential"
_________________________________________________________________
Layer (type)                 Output Shape              Param #   
=================================================================
xception (Functional)        (None, 2048)              20861480  
_________________________________________________________________
dense (Dense)                (None, 512)               1049088   
_________________________________________________________________
dropout (Dropout)            (None, 512)               0         
_________________________________________________________________
batch_normalization_4 (Batch (None, 512)               2048      
_________________________________________________________________
dense_1 (Dense)              (None, 256)               131328    
_________________________________________________________________
dropout_1 (Dropout)          (None, 256)               0         
_________________________________________________________________
batch_normalization_5 (Batch (None, 256)               1024      
_________________________________________________________________
dense_2 (Dense)              (None, 2)                 514       
=================================================================
Total params: 22,045,482
Trainable params: 1,182,466
Non-trainable params: 20,863,016
_________________________________________________________________
Fitting ISIC2016+PH2+_7_point_criteria_aug_Xception_150h_150w_None model...
model_name: ISIC2016+PH2+_7_point_criteria_aug_Xception_150h_150w_None
Epoch: 1 loss: 0.7821 accuracy: 0.6483 val_loss: 0.5360 val_accuracy: 0.7676
Epoch: 2 loss: 0.5882 accuracy: 0.7364 val_loss: 0.5407 val_accuracy: 0.7598
Epoch: 3 loss: 0.4876 accuracy: 0.7699 val_loss: 0.5555 val_accuracy: 0.7807
Epoch: 4 loss: 0.4319 accuracy: 0.7895 val_loss: 0.5718 val_accuracy: 0.7128
Epoch: 5 loss: 0.4008 accuracy: 0.8105 val_loss: 0.5673 val_accuracy: 0.7676
Epoch: 6 loss: 0.3472 accuracy: 0.8502 val_loss: 0.6187 val_accuracy: 0.7755
Epoch: 7 loss: 0.3267 accuracy: 0.8512 val_loss: 0.6103 val_accuracy: 0.7493
Epoch: 8 loss: 0.2857 accuracy: 0.8708 val_loss: 0.6438 val_accuracy: 0.7493
Epoch: 9 loss: 0.2593 accuracy: 0.8833 val_loss: 0.6675 val_accuracy: 0.7415
Epoch: 10 loss: 0.2306 accuracy: 0.9019 val_loss: 0.6872 val_accuracy: 0.7337
Epoch: 11 loss: 0.2246 accuracy: 0.9057 val_loss: 0.7153 val_accuracy: 0.7572
Epoch: 12 loss: 0.2066 accuracy: 0.9158 val_loss: 0.7227 val_accuracy: 0.7493
Epoch: 13 loss: 0.2023 accuracy: 0.9172 val_loss: 0.7523 val_accuracy: 0.7650
Epoch: 14 loss: 0.1836 accuracy: 0.9220 val_loss: 0.7307 val_accuracy: 0.7546
Epoch: 15 loss: 0.1449 accuracy: 0.9459 val_loss: 0.7862 val_accuracy: 0.7572
Epoch: 16 loss: 0.1287 accuracy: 0.9522 val_loss: 0.7603 val_accuracy: 0.7572
Epoch: 17 loss: 0.1377 accuracy: 0.9455 val_loss: 0.8224 val_accuracy: 0.7363
Epoch: 18 loss: 0.1297 accuracy: 0.9541 val_loss: 0.8605 val_accuracy: 0.7650
Epoch: 19 loss: 0.1193 accuracy: 0.9555 val_loss: 0.8554 val_accuracy: 0.7520
Epoch: 20 loss: 0.0972 accuracy: 0.9656 val_loss: 0.8429 val_accuracy: 0.7572
Job ended!
