Wed 28 Feb 2024 12:04:31 PM EST
Python 3.9.7
nvcc: NVIDIA (R) Cuda compiler driver
Copyright (c) 2005-2019 NVIDIA Corporation
Built on Sun_Jul_28_19:07:16_PDT_2019
Cuda compilation tools, release 10.1, V10.1.243
My SLURM_ARRAY_TASK_ID: 
DB: ['ISIC2017']
IMG_SIZE: [150, 150]
CLASSIFIER: Xception
SELF_AUG: 1
JOB_INDEX: None
Combining...
Combining 1 db out of 1 dbs
Stacking training images
Stacking training labels
Stacking validation images
Stacking validation labels
Model: "sequential"
_________________________________________________________________
Layer (type)                 Output Shape              Param #   
=================================================================
xception (Functional)        (None, 2048)              20861480  
_________________________________________________________________
dense (Dense)                (None, 512)               1049088   
_________________________________________________________________
dropout (Dropout)            (None, 512)               0         
_________________________________________________________________
batch_normalization_4 (Batch (None, 512)               2048      
_________________________________________________________________
dense_1 (Dense)              (None, 256)               131328    
_________________________________________________________________
dropout_1 (Dropout)          (None, 256)               0         
_________________________________________________________________
batch_normalization_5 (Batch (None, 256)               1024      
_________________________________________________________________
dense_2 (Dense)              (None, 2)                 514       
=================================================================
Total params: 22,045,482
Trainable params: 1,182,466
Non-trainable params: 20,863,016
_________________________________________________________________
Fitting ISIC2017_aug_Xception_150h_150w_None model...
model_name: ISIC2017_aug_Xception_150h_150w_None
Epoch: 1 loss: 0.6848 accuracy: 0.5601 val_loss: 0.6373 val_accuracy: 0.8000
Epoch: 2 loss: 0.6692 accuracy: 0.6109 val_loss: 0.6027 val_accuracy: 0.8000
Epoch: 3 loss: 0.6568 accuracy: 0.6413 val_loss: 0.5810 val_accuracy: 0.8000
Epoch: 4 loss: 0.6527 accuracy: 0.6436 val_loss: 0.5728 val_accuracy: 0.8000
Epoch: 5 loss: 0.6521 accuracy: 0.6460 val_loss: 0.5653 val_accuracy: 0.8000
Epoch: 6 loss: 0.6504 accuracy: 0.6453 val_loss: 0.5621 val_accuracy: 0.8000
Epoch: 7 loss: 0.6511 accuracy: 0.6443 val_loss: 0.5529 val_accuracy: 0.8000
Epoch: 8 loss: 0.6495 accuracy: 0.6456 val_loss: 0.5506 val_accuracy: 0.8000
Epoch: 9 loss: 0.6492 accuracy: 0.6463 val_loss: 0.5421 val_accuracy: 0.8000
Epoch: 10 loss: 0.6501 accuracy: 0.6463 val_loss: 0.5469 val_accuracy: 0.8000
Epoch: 11 loss: 0.6483 accuracy: 0.6453 val_loss: 0.5345 val_accuracy: 0.8000
Epoch: 12 loss: 0.6491 accuracy: 0.6446 val_loss: 0.5453 val_accuracy: 0.8000
Epoch: 13 loss: 0.6490 accuracy: 0.6463 val_loss: 0.5465 val_accuracy: 0.8000
Epoch: 14 loss: 0.6473 accuracy: 0.6463 val_loss: 0.5786 val_accuracy: 0.8000
Epoch: 15 loss: 0.6481 accuracy: 0.6466 val_loss: 0.5721 val_accuracy: 0.8000
Epoch: 16 loss: 0.6505 accuracy: 0.6443 val_loss: 0.5670 val_accuracy: 0.8000
Epoch: 17 loss: 0.6472 accuracy: 0.6466 val_loss: 0.5758 val_accuracy: 0.8000
Epoch: 18 loss: 0.6493 accuracy: 0.6440 val_loss: 0.5505 val_accuracy: 0.8000
Epoch: 19 loss: 0.6480 accuracy: 0.6460 val_loss: 0.5247 val_accuracy: 0.8000
Epoch: 20 loss: 0.6501 accuracy: 0.6443 val_loss: 0.5517 val_accuracy: 0.8000
Job ended!
