Sat 02 Mar 2024 12:46:01 AM EST
Python 3.9.7
nvcc: NVIDIA (R) Cuda compiler driver
Copyright (c) 2005-2019 NVIDIA Corporation
Built on Sun_Jul_28_19:07:16_PDT_2019
Cuda compilation tools, release 10.1, V10.1.243
My SLURM_ARRAY_TASK_ID: 
DB: ['ISIC2016', 'ISIC2017', 'ISIC2018', 'ISIC2019', 'PAD_UFES_20', 'MEDNODE']
IMG_SIZE: [150, 150]
CLASSIFIER: Xception
SELF_AUG: 1
JOB_INDEX: None
Combining...
Combining 1 db out of 6 dbs
Combining 2 db out of 6 dbs
Combining 3 db out of 6 dbs
Combining 4 db out of 6 dbs
Combining 5 db out of 6 dbs
Combining 6 db out of 6 dbs
Stacking training images
Stacking training labels
Stacking validation images
Stacking validation labels
Model: "sequential"
_________________________________________________________________
Layer (type)                 Output Shape              Param #   
=================================================================
xception (Functional)        (None, 2048)              20861480  
_________________________________________________________________
dense (Dense)                (None, 512)               1049088   
_________________________________________________________________
dropout (Dropout)            (None, 512)               0         
_________________________________________________________________
batch_normalization_4 (Batch (None, 512)               2048      
_________________________________________________________________
dense_1 (Dense)              (None, 256)               131328    
_________________________________________________________________
dropout_1 (Dropout)          (None, 256)               0         
_________________________________________________________________
batch_normalization_5 (Batch (None, 256)               1024      
_________________________________________________________________
dense_2 (Dense)              (None, 2)                 514       
=================================================================
Total params: 22,045,482
Trainable params: 1,182,466
Non-trainable params: 20,863,016
_________________________________________________________________
Fitting ISIC2016+ISIC2017+ISIC2018+ISIC2019+PAD_UFES_20+MEDNODE_aug_Xception_150h_150w_None model...
model_name: ISIC2016+ISIC2017+ISIC2018+ISIC2019+PAD_UFES_20+MEDNODE_aug_Xception_150h_150w_None
Epoch: 1 loss: 0.5878 accuracy: 0.7232 val_loss: 0.3647 val_accuracy: 0.8501
Epoch: 2 loss: 0.4879 accuracy: 0.7683 val_loss: 0.3630 val_accuracy: 0.8512
Epoch: 3 loss: 0.4523 accuracy: 0.7872 val_loss: 0.3433 val_accuracy: 0.8628
Epoch: 4 loss: 0.4296 accuracy: 0.7978 val_loss: 0.3390 val_accuracy: 0.8629
Epoch: 5 loss: 0.4079 accuracy: 0.8098 val_loss: 0.3346 val_accuracy: 0.8614
Epoch: 6 loss: 0.3954 accuracy: 0.8170 val_loss: 0.3370 val_accuracy: 0.8601
Epoch: 7 loss: 0.3796 accuracy: 0.8264 val_loss: 0.3174 val_accuracy: 0.8698
Epoch: 8 loss: 0.3582 accuracy: 0.8382 val_loss: 0.3169 val_accuracy: 0.8751
Epoch: 9 loss: 0.3456 accuracy: 0.8442 val_loss: 0.3123 val_accuracy: 0.8754
Epoch: 10 loss: 0.3305 accuracy: 0.8517 val_loss: 0.3080 val_accuracy: 0.8731
Epoch: 11 loss: 0.3175 accuracy: 0.8585 val_loss: 0.3202 val_accuracy: 0.8670
Epoch: 12 loss: 0.3002 accuracy: 0.8669 val_loss: 0.3031 val_accuracy: 0.8782
Epoch: 13 loss: 0.2852 accuracy: 0.8747 val_loss: 0.3097 val_accuracy: 0.8820
Epoch: 14 loss: 0.2736 accuracy: 0.8811 val_loss: 0.3040 val_accuracy: 0.8868
Epoch: 15 loss: 0.2586 accuracy: 0.8891 val_loss: 0.3051 val_accuracy: 0.8861
Epoch: 16 loss: 0.2498 accuracy: 0.8935 val_loss: 0.3111 val_accuracy: 0.8840
Epoch: 17 loss: 0.2361 accuracy: 0.9002 val_loss: 0.3182 val_accuracy: 0.8826
Epoch: 18 loss: 0.2247 accuracy: 0.9040 val_loss: 0.3112 val_accuracy: 0.8905
Epoch: 19 loss: 0.2160 accuracy: 0.9095 val_loss: 0.3050 val_accuracy: 0.8964
Epoch: 20 loss: 0.2065 accuracy: 0.9140 val_loss: 0.3122 val_accuracy: 0.8922
Job ended!
