Wed 28 Feb 2024 11:44:55 AM EST
Python 3.9.7
nvcc: NVIDIA (R) Cuda compiler driver
Copyright (c) 2005-2019 NVIDIA Corporation
Built on Sun_Jul_28_19:07:16_PDT_2019
Cuda compilation tools, release 10.1, V10.1.243
My SLURM_ARRAY_TASK_ID: 
DB: ['ISIC2016', 'ISIC2017', 'ISIC2018', 'ISIC2019', 'PH2', '_7_point_criteria']
IMG_SIZE: [150, 150]
CLASSIFIER: Xception
SELF_AUG: 1
JOB_INDEX: None
Combining...
Combining 1 db out of 6 dbs
Combining 2 db out of 6 dbs
Combining 3 db out of 6 dbs
Combining 4 db out of 6 dbs
Combining 5 db out of 6 dbs
Combining 6 db out of 6 dbs
Stacking training images
Stacking training labels
Stacking validation images
Stacking validation labels
Model: "sequential"
_________________________________________________________________
Layer (type)                 Output Shape              Param #   
=================================================================
xception (Functional)        (None, 2048)              20861480  
_________________________________________________________________
dense (Dense)                (None, 512)               1049088   
_________________________________________________________________
dropout (Dropout)            (None, 512)               0         
_________________________________________________________________
batch_normalization_4 (Batch (None, 512)               2048      
_________________________________________________________________
dense_1 (Dense)              (None, 256)               131328    
_________________________________________________________________
dropout_1 (Dropout)          (None, 256)               0         
_________________________________________________________________
batch_normalization_5 (Batch (None, 256)               1024      
_________________________________________________________________
dense_2 (Dense)              (None, 2)                 514       
=================================================================
Total params: 22,045,482
Trainable params: 1,182,466
Non-trainable params: 20,863,016
_________________________________________________________________
Fitting ISIC2016+ISIC2017+ISIC2018+ISIC2019+PH2+_7_point_criteria_aug_Xception_150h_150w_None model...
model_name: ISIC2016+ISIC2017+ISIC2018+ISIC2019+PH2+_7_point_criteria_aug_Xception_150h_150w_None
Epoch: 1 loss: 0.6386 accuracy: 0.6545 val_loss: 0.5010 val_accuracy: 0.8253
Epoch: 2 loss: 0.6206 accuracy: 0.6728 val_loss: 0.5057 val_accuracy: 0.8179
Epoch: 3 loss: 0.6186 accuracy: 0.6769 val_loss: 0.4986 val_accuracy: 0.8250
Epoch: 4 loss: 0.6167 accuracy: 0.6771 val_loss: 0.5267 val_accuracy: 0.8087
Epoch: 5 loss: 0.6145 accuracy: 0.6793 val_loss: 0.4726 val_accuracy: 0.8248
Epoch: 6 loss: 0.6118 accuracy: 0.6775 val_loss: 0.4793 val_accuracy: 0.8246
Epoch: 7 loss: 0.6084 accuracy: 0.6808 val_loss: 0.4835 val_accuracy: 0.8244
Epoch: 8 loss: 0.6062 accuracy: 0.6816 val_loss: 0.5003 val_accuracy: 0.8250
Epoch: 9 loss: 0.6020 accuracy: 0.6837 val_loss: 0.4895 val_accuracy: 0.8257
Epoch: 10 loss: 0.5990 accuracy: 0.6874 val_loss: 0.4750 val_accuracy: 0.8239
Epoch: 11 loss: 0.5950 accuracy: 0.6902 val_loss: 0.5731 val_accuracy: 0.7797
Epoch: 12 loss: 0.5894 accuracy: 0.6932 val_loss: 0.5173 val_accuracy: 0.8163
Epoch: 13 loss: 0.5894 accuracy: 0.6927 val_loss: 0.5060 val_accuracy: 0.8213
Epoch: 14 loss: 0.5854 accuracy: 0.6960 val_loss: 0.5443 val_accuracy: 0.7844
Epoch: 15 loss: 0.5830 accuracy: 0.6974 val_loss: 0.4563 val_accuracy: 0.8255
Epoch: 16 loss: 0.5797 accuracy: 0.6987 val_loss: 0.4663 val_accuracy: 0.8246
Epoch: 17 loss: 0.5786 accuracy: 0.6994 val_loss: 0.4953 val_accuracy: 0.8241
Epoch: 18 loss: 0.5774 accuracy: 0.7015 val_loss: 0.4583 val_accuracy: 0.8253
Epoch: 19 loss: 0.5765 accuracy: 0.7045 val_loss: 0.5721 val_accuracy: 0.7447
Epoch: 20 loss: 0.5736 accuracy: 0.7056 val_loss: 0.4709 val_accuracy: 0.8241
Job ended!
