Thu 09 May 2024 10:21:15 PM EDT
Python 3.9.7
nvcc: NVIDIA (R) Cuda compiler driver
Copyright (c) 2005-2019 NVIDIA Corporation
Built on Sun_Jul_28_19:07:16_PDT_2019
Cuda compilation tools, release 10.1, V10.1.243
My SLURM_ARRAY_TASK_ID: 
DB: ['ISIC2016', 'ISIC2018']
IMG_SIZE: [384, 384]
CLASSIFIER: Xception
JOB_INDEX: None
Start training augmented images
Combining...
Combining 1th db out of 2 dbs
Combining 2th db out of 2 dbs
Stacking data
Combining complete
Model: "sequential"
_________________________________________________________________
Layer (type)                 Output Shape              Param #   
=================================================================
xception (Functional)        (None, 2048)              20861480  
_________________________________________________________________
dense (Dense)                (None, 512)               1049088   
_________________________________________________________________
dropout (Dropout)            (None, 512)               0         
_________________________________________________________________
batch_normalization_4 (Batch (None, 512)               2048      
_________________________________________________________________
dense_1 (Dense)              (None, 256)               131328    
_________________________________________________________________
batch_normalization_5 (Batch (None, 256)               1024      
_________________________________________________________________
dense_2 (Dense)              (None, 2)                 514       
=================================================================
Total params: 22,045,482
Trainable params: 1,182,466
Non-trainable params: 20,863,016
_________________________________________________________________
Fitting ISIC2016+ISIC2018_aug_Xception_384h_384w_None model...
model_name: ISIC2016+ISIC2018_aug_Xception_384h_384w_None
Epoch: 1 loss: 1.1010 accuracy: 0.7550 val_loss: 1.1613 val_accuracy: 0.6863
Epoch: 2 loss: 0.9044 accuracy: 0.8512 val_loss: 0.9622 val_accuracy: 0.8097
Epoch: 3 loss: 0.8313 accuracy: 0.8747 val_loss: 0.9265 val_accuracy: 0.8391
Epoch: 4 loss: 0.7679 accuracy: 0.8991 val_loss: 0.8928 val_accuracy: 0.8472
Epoch: 5 loss: 0.7269 accuracy: 0.9078 val_loss: 0.8514 val_accuracy: 0.8633
Epoch: 6 loss: 0.6963 accuracy: 0.9160 val_loss: 0.8289 val_accuracy: 0.8445
Epoch: 7 loss: 0.6563 accuracy: 0.9274 val_loss: 0.8772 val_accuracy: 0.8311
Epoch: 8 loss: 0.6355 accuracy: 0.9280 val_loss: 0.7854 val_accuracy: 0.8633
Epoch: 9 loss: 0.6007 accuracy: 0.9405 val_loss: 0.8410 val_accuracy: 0.8177
Epoch: 10 loss: 0.5720 accuracy: 0.9464 val_loss: 0.7848 val_accuracy: 0.8525
Epoch: 11 loss: 0.5528 accuracy: 0.9471 val_loss: 0.8120 val_accuracy: 0.8391
Epoch: 12 loss: 0.5275 accuracy: 0.9526 val_loss: 0.9118 val_accuracy: 0.8231
Epoch: 13 loss: 0.5212 accuracy: 0.9529 val_loss: 0.9048 val_accuracy: 0.7936
Epoch: 14 loss: 0.5029 accuracy: 0.9558 val_loss: 0.8876 val_accuracy: 0.8016
Epoch: 15 loss: 0.4837 accuracy: 0.9592 val_loss: 0.7991 val_accuracy: 0.8231

Epoch 00015: ReduceLROnPlateau reducing learning rate to 7.999999797903001e-05.
Epoch: 16 loss: 0.4588 accuracy: 0.9679 val_loss: 0.8171 val_accuracy: 0.8472
Epoch: 17 loss: 0.4341 accuracy: 0.9732 val_loss: 0.7819 val_accuracy: 0.8660
Epoch: 18 loss: 0.4253 accuracy: 0.9750 val_loss: 0.8435 val_accuracy: 0.8338
Epoch: 19 loss: 0.4116 accuracy: 0.9752 val_loss: 0.8782 val_accuracy: 0.8418
Epoch: 20 loss: 0.4113 accuracy: 0.9743 val_loss: 0.8174 val_accuracy: 0.8686
Epoch: 21 loss: 0.3958 accuracy: 0.9766 val_loss: 0.7812 val_accuracy: 0.8660
Epoch: 22 loss: 0.3878 accuracy: 0.9767 val_loss: 0.9240 val_accuracy: 0.8150
Epoch: 23 loss: 0.3753 accuracy: 0.9792 val_loss: 0.7902 val_accuracy: 0.8445
Epoch: 24 loss: 0.3665 accuracy: 0.9793 val_loss: 0.7606 val_accuracy: 0.8525
Epoch: 25 loss: 0.3538 accuracy: 0.9816 val_loss: 0.7920 val_accuracy: 0.8472
Epoch: 26 loss: 0.3495 accuracy: 0.9813 val_loss: 0.8221 val_accuracy: 0.8231
Epoch: 27 loss: 0.3355 accuracy: 0.9853 val_loss: 0.7704 val_accuracy: 0.8660
Epoch: 28 loss: 0.3305 accuracy: 0.9837 val_loss: 0.8075 val_accuracy: 0.8794
Epoch: 29 loss: 0.3241 accuracy: 0.9833 val_loss: 0.9081 val_accuracy: 0.8231

Epoch 00029: ReduceLROnPlateau reducing learning rate to 6.399999838322402e-05.
Epoch: 30 loss: 0.3140 accuracy: 0.9858 val_loss: 0.7805 val_accuracy: 0.8499
Epoch: 31 loss: 0.3037 accuracy: 0.9870 val_loss: 0.8468 val_accuracy: 0.8579
Epoch: 32 loss: 0.2982 accuracy: 0.9890 val_loss: 0.8292 val_accuracy: 0.8525
Epoch: 33 loss: 0.2890 accuracy: 0.9899 val_loss: 0.8449 val_accuracy: 0.8418
Epoch: 34 loss: 0.2860 accuracy: 0.9894 val_loss: 0.8516 val_accuracy: 0.8525

Epoch 00034: ReduceLROnPlateau reducing learning rate to 5.119999987073243e-05.
End of augmented training
Finish
Job ended!
