Thu 09 May 2024 03:18:17 PM EDT
Python 3.9.7
nvcc: NVIDIA (R) Cuda compiler driver
Copyright (c) 2005-2019 NVIDIA Corporation
Built on Sun_Jul_28_19:07:16_PDT_2019
Cuda compilation tools, release 10.1, V10.1.243
My SLURM_ARRAY_TASK_ID: 
DB: ['ISIC2016', 'ISIC2017', 'ISIC2018', 'ISIC2019', 'ISIC2020', 'PH2', '_7_point_criteria', 'MEDNODE', 'KaggleMB']
IMG_SIZE: [384, 384]
CLASSIFIER: Xception
JOB_INDEX: None
Start training augmented images
Combining...
Combining 1th db out of 9 dbs
Combining 2th db out of 9 dbs
Combining 3th db out of 9 dbs
Combining 4th db out of 9 dbs
Combining 5th db out of 9 dbs
Combining 6th db out of 9 dbs
Combining 7th db out of 9 dbs
Combining 8th db out of 9 dbs
Combining 9th db out of 9 dbs
Stacking data
Combining complete
Model: "sequential"
_________________________________________________________________
Layer (type)                 Output Shape              Param #   
=================================================================
xception (Functional)        (None, 2048)              20861480  
_________________________________________________________________
dense (Dense)                (None, 512)               1049088   
_________________________________________________________________
dropout (Dropout)            (None, 512)               0         
_________________________________________________________________
batch_normalization_4 (Batch (None, 512)               2048      
_________________________________________________________________
dense_1 (Dense)              (None, 256)               131328    
_________________________________________________________________
batch_normalization_5 (Batch (None, 256)               1024      
_________________________________________________________________
dense_2 (Dense)              (None, 2)                 514       
=================================================================
Total params: 22,045,482
Trainable params: 1,182,466
Non-trainable params: 20,863,016
_________________________________________________________________
Fitting ISIC2016+ISIC2017+ISIC2018+ISIC2019+ISIC2020+PH2+_7_point_criteria+MEDNODE+KaggleMB_aug_Xception_384h_384w_None model...
model_name: ISIC2016+ISIC2017+ISIC2018+ISIC2019+ISIC2020+PH2+_7_point_criteria+MEDNODE+KaggleMB_aug_Xception_384h_384w_None
Epoch: 1 loss: 0.9192 accuracy: 0.8306 val_loss: 0.7965 val_accuracy: 0.8660
Epoch: 2 loss: 0.7351 accuracy: 0.8763 val_loss: 0.7449 val_accuracy: 0.8529
Epoch: 3 loss: 0.6409 accuracy: 0.8900 val_loss: 0.6203 val_accuracy: 0.8907
Epoch: 4 loss: 0.5691 accuracy: 0.8988 val_loss: 0.5701 val_accuracy: 0.8921
Epoch: 5 loss: 0.5132 accuracy: 0.9049 val_loss: 0.5058 val_accuracy: 0.9044
Epoch: 6 loss: 0.4655 accuracy: 0.9102 val_loss: 0.5003 val_accuracy: 0.8888
Epoch: 7 loss: 0.4215 accuracy: 0.9169 val_loss: 0.4814 val_accuracy: 0.8905
Epoch: 8 loss: 0.3893 accuracy: 0.9219 val_loss: 0.4282 val_accuracy: 0.9062
Epoch: 9 loss: 0.3589 accuracy: 0.9268 val_loss: 0.5227 val_accuracy: 0.8580
Epoch: 10 loss: 0.3414 accuracy: 0.9281 val_loss: 0.4404 val_accuracy: 0.8891
Epoch: 11 loss: 0.3178 accuracy: 0.9335 val_loss: 0.3897 val_accuracy: 0.9071
Epoch: 12 loss: 0.3047 accuracy: 0.9351 val_loss: 0.4105 val_accuracy: 0.8906
Epoch: 13 loss: 0.2899 accuracy: 0.9380 val_loss: 0.3814 val_accuracy: 0.9063
Epoch: 14 loss: 0.2699 accuracy: 0.9430 val_loss: 0.3709 val_accuracy: 0.9101
Epoch: 15 loss: 0.2623 accuracy: 0.9439 val_loss: 0.3590 val_accuracy: 0.9093
Epoch: 16 loss: 0.2520 accuracy: 0.9442 val_loss: 0.3615 val_accuracy: 0.9093
Epoch: 17 loss: 0.2460 accuracy: 0.9455 val_loss: 0.3530 val_accuracy: 0.9086
Epoch: 18 loss: 0.2375 accuracy: 0.9474 val_loss: 0.3431 val_accuracy: 0.9158
Epoch: 19 loss: 0.2268 accuracy: 0.9496 val_loss: 0.3315 val_accuracy: 0.9215
Epoch: 20 loss: 0.2212 accuracy: 0.9508 val_loss: 0.3301 val_accuracy: 0.9184
Epoch: 21 loss: 0.2140 accuracy: 0.9525 val_loss: 0.3474 val_accuracy: 0.9059
Epoch: 22 loss: 0.2063 accuracy: 0.9545 val_loss: 0.3500 val_accuracy: 0.9079
Epoch: 23 loss: 0.2040 accuracy: 0.9540 val_loss: 0.3701 val_accuracy: 0.8991
Epoch: 24 loss: 0.1986 accuracy: 0.9560 val_loss: 0.3382 val_accuracy: 0.9121
Epoch: 25 loss: 0.1918 accuracy: 0.9577 val_loss: 0.3307 val_accuracy: 0.9140

Epoch 00025: ReduceLROnPlateau reducing learning rate to 7.999999797903001e-05.
Epoch: 26 loss: 0.1758 accuracy: 0.9627 val_loss: 0.3359 val_accuracy: 0.9181
Epoch: 27 loss: 0.1716 accuracy: 0.9649 val_loss: 0.3160 val_accuracy: 0.9227
Epoch: 28 loss: 0.1658 accuracy: 0.9658 val_loss: 0.3197 val_accuracy: 0.9240
Epoch: 29 loss: 0.1615 accuracy: 0.9668 val_loss: 0.3185 val_accuracy: 0.9243
Epoch: 30 loss: 0.1586 accuracy: 0.9672 val_loss: 0.3115 val_accuracy: 0.9253
Epoch: 31 loss: 0.1568 accuracy: 0.9684 val_loss: 0.3171 val_accuracy: 0.9267
Epoch: 32 loss: 0.1533 accuracy: 0.9688 val_loss: 0.3064 val_accuracy: 0.9291
Epoch: 33 loss: 0.1519 accuracy: 0.9694 val_loss: 0.3201 val_accuracy: 0.9230
Epoch: 34 loss: 0.1468 accuracy: 0.9710 val_loss: 0.3256 val_accuracy: 0.9181
Epoch: 35 loss: 0.1468 accuracy: 0.9705 val_loss: 0.3284 val_accuracy: 0.9225
Epoch: 36 loss: 0.1470 accuracy: 0.9701 val_loss: 0.3061 val_accuracy: 0.9309
Epoch: 37 loss: 0.1421 accuracy: 0.9716 val_loss: 0.3091 val_accuracy: 0.9321
Epoch: 38 loss: 0.1436 accuracy: 0.9712 val_loss: 0.3258 val_accuracy: 0.9173
Epoch: 39 loss: 0.1414 accuracy: 0.9716 val_loss: 0.2950 val_accuracy: 0.9321
Epoch: 40 loss: 0.1371 accuracy: 0.9726 val_loss: 0.3222 val_accuracy: 0.9230
Epoch: 41 loss: 0.1369 accuracy: 0.9725 val_loss: 0.3290 val_accuracy: 0.9242
Epoch: 42 loss: 0.1344 accuracy: 0.9733 val_loss: 0.3124 val_accuracy: 0.9210
Epoch: 43 loss: 0.1305 accuracy: 0.9750 val_loss: 0.3244 val_accuracy: 0.9265
Epoch: 44 loss: 0.1315 accuracy: 0.9738 val_loss: 0.3241 val_accuracy: 0.9204

Epoch 00044: ReduceLROnPlateau reducing learning rate to 6.399999838322402e-05.
Epoch: 45 loss: 0.1185 accuracy: 0.9787 val_loss: 0.2945 val_accuracy: 0.9384
Epoch: 46 loss: 0.1176 accuracy: 0.9791 val_loss: 0.3241 val_accuracy: 0.9267
Epoch: 47 loss: 0.1148 accuracy: 0.9797 val_loss: 0.3238 val_accuracy: 0.9309
Epoch: 48 loss: 0.1140 accuracy: 0.9796 val_loss: 0.3193 val_accuracy: 0.9334
Epoch: 49 loss: 0.1137 accuracy: 0.9797 val_loss: 0.3185 val_accuracy: 0.9257
Epoch: 50 loss: 0.1075 accuracy: 0.9819 val_loss: 0.3104 val_accuracy: 0.9352

Epoch 00050: ReduceLROnPlateau reducing learning rate to 5.119999987073243e-05.
Epoch: 51 loss: 0.1018 accuracy: 0.9844 val_loss: 0.3192 val_accuracy: 0.9360
Epoch: 52 loss: 0.0992 accuracy: 0.9846 val_loss: 0.3280 val_accuracy: 0.9331
Epoch: 53 loss: 0.0969 accuracy: 0.9848 val_loss: 0.3326 val_accuracy: 0.9315
Epoch: 54 loss: 0.1006 accuracy: 0.9837 val_loss: 0.3182 val_accuracy: 0.9326
Epoch: 55 loss: 0.0950 accuracy: 0.9857 val_loss: 0.3295 val_accuracy: 0.9337

Epoch 00055: ReduceLROnPlateau reducing learning rate to 4.0960000478662555e-05.
End of augmented training
Finish
Job ended!
