Wed 28 Feb 2024 11:52:58 AM EST
Python 3.9.7
nvcc: NVIDIA (R) Cuda compiler driver
Copyright (c) 2005-2019 NVIDIA Corporation
Built on Sun_Jul_28_19:07:16_PDT_2019
Cuda compilation tools, release 10.1, V10.1.243
My SLURM_ARRAY_TASK_ID: 
DB: ['ISIC2016', 'ISIC2020']
IMG_SIZE: [150, 150]
CLASSIFIER: Xception
SELF_AUG: 1
JOB_INDEX: None
Combining...
Combining 1 db out of 2 dbs
Combining 2 db out of 2 dbs
Stacking training images
Stacking training labels
Stacking validation images
Stacking validation labels
Model: "sequential"
_________________________________________________________________
Layer (type)                 Output Shape              Param #   
=================================================================
xception (Functional)        (None, 2048)              20861480  
_________________________________________________________________
dense (Dense)                (None, 512)               1049088   
_________________________________________________________________
dropout (Dropout)            (None, 512)               0         
_________________________________________________________________
batch_normalization_4 (Batch (None, 512)               2048      
_________________________________________________________________
dense_1 (Dense)              (None, 256)               131328    
_________________________________________________________________
dropout_1 (Dropout)          (None, 256)               0         
_________________________________________________________________
batch_normalization_5 (Batch (None, 256)               1024      
_________________________________________________________________
dense_2 (Dense)              (None, 2)                 514       
=================================================================
Total params: 22,045,482
Trainable params: 1,182,466
Non-trainable params: 20,863,016
_________________________________________________________________
Fitting ISIC2016+ISIC2020_aug_Xception_150h_150w_None model...
model_name: ISIC2016+ISIC2020_aug_Xception_150h_150w_None
Epoch: 1 loss: 0.4970 accuracy: 0.7880 val_loss: 0.3450 val_accuracy: 0.9794
Epoch: 2 loss: 0.4605 accuracy: 0.8055 val_loss: 0.2518 val_accuracy: 0.9794
Epoch: 3 loss: 0.4561 accuracy: 0.8054 val_loss: 0.1842 val_accuracy: 0.9794
Epoch: 4 loss: 0.4494 accuracy: 0.8053 val_loss: 0.2238 val_accuracy: 0.9794
Epoch: 5 loss: 0.4379 accuracy: 0.8052 val_loss: 0.1878 val_accuracy: 0.9794
Epoch: 6 loss: 0.4239 accuracy: 0.8048 val_loss: 0.2141 val_accuracy: 0.9794
Epoch: 7 loss: 0.4174 accuracy: 0.8052 val_loss: 0.1978 val_accuracy: 0.9794
Epoch: 8 loss: 0.4170 accuracy: 0.8030 val_loss: 0.1120 val_accuracy: 0.9794
Epoch: 9 loss: 0.4222 accuracy: 0.8033 val_loss: 0.1159 val_accuracy: 0.9794
Epoch: 10 loss: 0.4300 accuracy: 0.8043 val_loss: 0.1269 val_accuracy: 0.9794
Epoch: 11 loss: 0.4293 accuracy: 0.8016 val_loss: 0.1316 val_accuracy: 0.9794
Epoch: 12 loss: 0.4229 accuracy: 0.8026 val_loss: 0.2990 val_accuracy: 0.9794
Epoch: 13 loss: 0.4192 accuracy: 0.8041 val_loss: 0.1267 val_accuracy: 0.9794
Epoch: 14 loss: 0.4175 accuracy: 0.8039 val_loss: 0.2095 val_accuracy: 0.9794
Epoch: 15 loss: 0.4163 accuracy: 0.8046 val_loss: 0.1493 val_accuracy: 0.9794
Epoch: 16 loss: 0.4141 accuracy: 0.8035 val_loss: 0.2689 val_accuracy: 0.9794
Epoch: 17 loss: 0.4130 accuracy: 0.8040 val_loss: 0.2147 val_accuracy: 0.9794
Epoch: 18 loss: 0.4105 accuracy: 0.8026 val_loss: 0.3855 val_accuracy: 0.9794
Epoch: 19 loss: 0.4021 accuracy: 0.8078 val_loss: 0.3420 val_accuracy: 0.8742
Epoch: 20 loss: 0.3960 accuracy: 0.8118 val_loss: 0.7344 val_accuracy: 0.2959
Job ended!
