Wed 28 Feb 2024 11:06:20 AM EST
Python 3.9.7
nvcc: NVIDIA (R) Cuda compiler driver
Copyright (c) 2005-2019 NVIDIA Corporation
Built on Sun_Jul_28_19:07:16_PDT_2019
Cuda compilation tools, release 10.1, V10.1.243
My SLURM_ARRAY_TASK_ID: 
DB: ['ISIC2016', 'ISIC2017', 'ISIC2018', '_7_point_criteria', 'PAD_UFES_20']
IMG_SIZE: [150, 150]
CLASSIFIER: Xception
SELF_AUG: 1
JOB_INDEX: None
Combining...
Combining 1 db out of 5 dbs
Combining 2 db out of 5 dbs
Combining 3 db out of 5 dbs
Combining 4 db out of 5 dbs
Combining 5 db out of 5 dbs
Stacking training images
Stacking training labels
Stacking validation images
Stacking validation labels
Model: "sequential"
_________________________________________________________________
Layer (type)                 Output Shape              Param #   
=================================================================
xception (Functional)        (None, 2048)              20861480  
_________________________________________________________________
dense (Dense)                (None, 512)               1049088   
_________________________________________________________________
dropout (Dropout)            (None, 512)               0         
_________________________________________________________________
batch_normalization_4 (Batch (None, 512)               2048      
_________________________________________________________________
dense_1 (Dense)              (None, 256)               131328    
_________________________________________________________________
dropout_1 (Dropout)          (None, 256)               0         
_________________________________________________________________
batch_normalization_5 (Batch (None, 256)               1024      
_________________________________________________________________
dense_2 (Dense)              (None, 2)                 514       
=================================================================
Total params: 22,045,482
Trainable params: 1,182,466
Non-trainable params: 20,863,016
_________________________________________________________________
Fitting ISIC2016+ISIC2017+ISIC2018+_7_point_criteria+PAD_UFES_20_aug_Xception_150h_150w_None model...
model_name: ISIC2016+ISIC2017+ISIC2018+_7_point_criteria+PAD_UFES_20_aug_Xception_150h_150w_None
Epoch: 1 loss: 0.6142 accuracy: 0.6960 val_loss: 0.4539 val_accuracy: 0.8676
Epoch: 2 loss: 0.5811 accuracy: 0.7193 val_loss: 0.4056 val_accuracy: 0.8676
Epoch: 3 loss: 0.5725 accuracy: 0.7234 val_loss: 0.5150 val_accuracy: 0.8609
Epoch: 4 loss: 0.5707 accuracy: 0.7278 val_loss: 0.4420 val_accuracy: 0.8668
Epoch: 5 loss: 0.5688 accuracy: 0.7292 val_loss: 0.4335 val_accuracy: 0.8642
Epoch: 6 loss: 0.5646 accuracy: 0.7311 val_loss: 0.4439 val_accuracy: 0.8617
Epoch: 7 loss: 0.5648 accuracy: 0.7318 val_loss: 0.4511 val_accuracy: 0.8617
Epoch: 8 loss: 0.5641 accuracy: 0.7302 val_loss: 0.4448 val_accuracy: 0.8592
Epoch: 9 loss: 0.5600 accuracy: 0.7317 val_loss: 0.5477 val_accuracy: 0.7926
Epoch: 10 loss: 0.5626 accuracy: 0.7327 val_loss: 0.4615 val_accuracy: 0.8592
Epoch: 11 loss: 0.5587 accuracy: 0.7344 val_loss: 0.4241 val_accuracy: 0.8609
Epoch: 12 loss: 0.5585 accuracy: 0.7334 val_loss: 0.4741 val_accuracy: 0.8592
Epoch: 13 loss: 0.5555 accuracy: 0.7342 val_loss: 0.4684 val_accuracy: 0.8617
Epoch: 14 loss: 0.5571 accuracy: 0.7346 val_loss: 0.4487 val_accuracy: 0.8592
Epoch: 15 loss: 0.5565 accuracy: 0.7340 val_loss: 0.4764 val_accuracy: 0.8592
Epoch: 16 loss: 0.5535 accuracy: 0.7353 val_loss: 0.3995 val_accuracy: 0.8668
Epoch: 17 loss: 0.5519 accuracy: 0.7358 val_loss: 0.4895 val_accuracy: 0.8398
Epoch: 18 loss: 0.5514 accuracy: 0.7375 val_loss: 0.4864 val_accuracy: 0.8516
Epoch: 19 loss: 0.5523 accuracy: 0.7364 val_loss: 0.4457 val_accuracy: 0.8592
Epoch: 20 loss: 0.5509 accuracy: 0.7368 val_loss: 0.4490 val_accuracy: 0.8609
Job ended!
