Wed 28 Feb 2024 11:48:33 AM EST
Python 3.9.7
nvcc: NVIDIA (R) Cuda compiler driver
Copyright (c) 2005-2019 NVIDIA Corporation
Built on Sun_Jul_28_19:07:16_PDT_2019
Cuda compilation tools, release 10.1, V10.1.243
My SLURM_ARRAY_TASK_ID: 
DB: ['ISIC2016', 'ISIC2017', 'ISIC2018', 'PH2', '_7_point_criteria']
IMG_SIZE: [150, 150]
CLASSIFIER: Xception
SELF_AUG: 1
JOB_INDEX: None
Combining...
Combining 1 db out of 5 dbs
Combining 2 db out of 5 dbs
Combining 3 db out of 5 dbs
Combining 4 db out of 5 dbs
Combining 5 db out of 5 dbs
Stacking training images
Stacking training labels
Stacking validation images
Stacking validation labels
Model: "sequential"
_________________________________________________________________
Layer (type)                 Output Shape              Param #   
=================================================================
xception (Functional)        (None, 2048)              20861480  
_________________________________________________________________
dense (Dense)                (None, 512)               1049088   
_________________________________________________________________
dropout (Dropout)            (None, 512)               0         
_________________________________________________________________
batch_normalization_4 (Batch (None, 512)               2048      
_________________________________________________________________
dense_1 (Dense)              (None, 256)               131328    
_________________________________________________________________
dropout_1 (Dropout)          (None, 256)               0         
_________________________________________________________________
batch_normalization_5 (Batch (None, 256)               1024      
_________________________________________________________________
dense_2 (Dense)              (None, 2)                 514       
=================================================================
Total params: 22,045,482
Trainable params: 1,182,466
Non-trainable params: 20,863,016
_________________________________________________________________
Fitting ISIC2016+ISIC2017+ISIC2018+PH2+_7_point_criteria_aug_Xception_150h_150w_None model...
model_name: ISIC2016+ISIC2017+ISIC2018+PH2+_7_point_criteria_aug_Xception_150h_150w_None
Epoch: 1 loss: 0.6141 accuracy: 0.6812 val_loss: 0.5099 val_accuracy: 0.7961
Epoch: 2 loss: 0.5786 accuracy: 0.7065 val_loss: 0.4984 val_accuracy: 0.7961
Epoch: 3 loss: 0.5757 accuracy: 0.7098 val_loss: 0.4938 val_accuracy: 0.7961
Epoch: 4 loss: 0.5723 accuracy: 0.7135 val_loss: 0.5022 val_accuracy: 0.7961
Epoch: 5 loss: 0.5677 accuracy: 0.7126 val_loss: 0.4906 val_accuracy: 0.8003
Epoch: 6 loss: 0.5685 accuracy: 0.7155 val_loss: 0.5197 val_accuracy: 0.7989
Epoch: 7 loss: 0.5664 accuracy: 0.7175 val_loss: 0.5001 val_accuracy: 0.7920
Epoch: 8 loss: 0.5621 accuracy: 0.7213 val_loss: 0.4951 val_accuracy: 0.7948
Epoch: 9 loss: 0.5608 accuracy: 0.7177 val_loss: 0.5038 val_accuracy: 0.7975
Epoch: 10 loss: 0.5559 accuracy: 0.7209 val_loss: 0.5182 val_accuracy: 0.7961
Epoch: 11 loss: 0.5551 accuracy: 0.7199 val_loss: 0.5314 val_accuracy: 0.7989
Epoch: 12 loss: 0.5539 accuracy: 0.7197 val_loss: 0.5003 val_accuracy: 0.7948
Epoch: 13 loss: 0.5535 accuracy: 0.7201 val_loss: 0.5382 val_accuracy: 0.7920
Epoch: 14 loss: 0.5496 accuracy: 0.7230 val_loss: 0.4879 val_accuracy: 0.8003
Epoch: 15 loss: 0.5477 accuracy: 0.7238 val_loss: 0.5169 val_accuracy: 0.8017
Epoch: 16 loss: 0.5472 accuracy: 0.7232 val_loss: 0.5086 val_accuracy: 0.7948
Epoch: 17 loss: 0.5462 accuracy: 0.7249 val_loss: 0.4943 val_accuracy: 0.8017
Epoch: 18 loss: 0.5481 accuracy: 0.7220 val_loss: 0.5091 val_accuracy: 0.7975
Epoch: 19 loss: 0.5463 accuracy: 0.7229 val_loss: 0.5011 val_accuracy: 0.7975
Epoch: 20 loss: 0.5459 accuracy: 0.7243 val_loss: 0.5379 val_accuracy: 0.7851
Job ended!
