Fri 10 May 2024 12:00:26 AM EDT
Python 3.9.7
nvcc: NVIDIA (R) Cuda compiler driver
Copyright (c) 2005-2019 NVIDIA Corporation
Built on Sun_Jul_28_19:07:16_PDT_2019
Cuda compilation tools, release 10.1, V10.1.243
My SLURM_ARRAY_TASK_ID: 
DB: ['ISIC2016', 'PH2', '_7_point_criteria', 'PAD_UFES_20']
IMG_SIZE: [384, 384]
CLASSIFIER: Xception
JOB_INDEX: None
Start training augmented images
Combining...
Combining 1th db out of 4 dbs
Combining 2th db out of 4 dbs
Combining 3th db out of 4 dbs
Combining 4th db out of 4 dbs
Stacking data
Combining complete
Model: "sequential"
_________________________________________________________________
Layer (type)                 Output Shape              Param #   
=================================================================
xception (Functional)        (None, 2048)              20861480  
_________________________________________________________________
dense (Dense)                (None, 512)               1049088   
_________________________________________________________________
dropout (Dropout)            (None, 512)               0         
_________________________________________________________________
batch_normalization_4 (Batch (None, 512)               2048      
_________________________________________________________________
dense_1 (Dense)              (None, 256)               131328    
_________________________________________________________________
batch_normalization_5 (Batch (None, 256)               1024      
_________________________________________________________________
dense_2 (Dense)              (None, 2)                 514       
=================================================================
Total params: 22,045,482
Trainable params: 1,182,466
Non-trainable params: 20,863,016
_________________________________________________________________
Fitting ISIC2016+PH2+_7_point_criteria+PAD_UFES_20_aug_Xception_384h_384w_None model...
model_name: ISIC2016+PH2+_7_point_criteria+PAD_UFES_20_aug_Xception_384h_384w_None
Epoch: 1 loss: 1.1818 accuracy: 0.7083 val_loss: 1.1494 val_accuracy: 0.8339
Epoch: 2 loss: 0.9764 accuracy: 0.8292 val_loss: 1.0727 val_accuracy: 0.8375
Epoch: 3 loss: 0.8737 accuracy: 0.8797 val_loss: 0.9677 val_accuracy: 0.8636
Epoch: 4 loss: 0.8083 accuracy: 0.9140 val_loss: 0.9287 val_accuracy: 0.8600
Epoch: 5 loss: 0.7643 accuracy: 0.9307 val_loss: 0.9041 val_accuracy: 0.8636
Epoch: 6 loss: 0.7298 accuracy: 0.9426 val_loss: 0.8960 val_accuracy: 0.8565
Epoch: 7 loss: 0.6848 accuracy: 0.9606 val_loss: 0.9227 val_accuracy: 0.8517
Epoch: 8 loss: 0.6726 accuracy: 0.9572 val_loss: 0.8961 val_accuracy: 0.8683
Epoch: 9 loss: 0.6466 accuracy: 0.9651 val_loss: 0.9184 val_accuracy: 0.8517
Epoch: 10 loss: 0.6238 accuracy: 0.9730 val_loss: 0.9390 val_accuracy: 0.8505
Epoch: 11 loss: 0.6077 accuracy: 0.9760 val_loss: 0.9281 val_accuracy: 0.8671

Epoch 00011: ReduceLROnPlateau reducing learning rate to 7.999999797903001e-05.
Epoch: 12 loss: 0.5997 accuracy: 0.9754 val_loss: 0.9193 val_accuracy: 0.8648
Epoch: 13 loss: 0.5745 accuracy: 0.9833 val_loss: 0.9223 val_accuracy: 0.8671
Epoch: 14 loss: 0.5658 accuracy: 0.9865 val_loss: 0.9287 val_accuracy: 0.8624
Epoch: 15 loss: 0.5520 accuracy: 0.9880 val_loss: 0.9398 val_accuracy: 0.8541
Epoch: 16 loss: 0.5430 accuracy: 0.9914 val_loss: 0.9240 val_accuracy: 0.8707

Epoch 00016: ReduceLROnPlateau reducing learning rate to 6.399999838322402e-05.
End of augmented training
Finish
Job ended!
