Wed 28 Feb 2024 11:18:17 AM EST
Python 3.9.7
nvcc: NVIDIA (R) Cuda compiler driver
Copyright (c) 2005-2019 NVIDIA Corporation
Built on Sun_Jul_28_19:07:16_PDT_2019
Cuda compilation tools, release 10.1, V10.1.243
My SLURM_ARRAY_TASK_ID: 
DB: ['ISIC2016', 'ISIC2017', 'ISIC2018', 'ISIC2019', 'ISIC2020', 'PH2', '_7_point_criteria', 'PAD_UFES_20']
IMG_SIZE: [150, 150]
CLASSIFIER: Xception
SELF_AUG: 1
JOB_INDEX: None
Combining...
Combining 1 db out of 8 dbs
Combining 2 db out of 8 dbs
Combining 3 db out of 8 dbs
Combining 4 db out of 8 dbs
Combining 5 db out of 8 dbs
Combining 6 db out of 8 dbs
Combining 7 db out of 8 dbs
Combining 8 db out of 8 dbs
Stacking training images
Stacking training labels
Stacking validation images
Stacking validation labels
Model: "sequential"
_________________________________________________________________
Layer (type)                 Output Shape              Param #   
=================================================================
xception (Functional)        (None, 2048)              20861480  
_________________________________________________________________
dense (Dense)                (None, 512)               1049088   
_________________________________________________________________
dropout (Dropout)            (None, 512)               0         
_________________________________________________________________
batch_normalization_4 (Batch (None, 512)               2048      
_________________________________________________________________
dense_1 (Dense)              (None, 256)               131328    
_________________________________________________________________
dropout_1 (Dropout)          (None, 256)               0         
_________________________________________________________________
batch_normalization_5 (Batch (None, 256)               1024      
_________________________________________________________________
dense_2 (Dense)              (None, 2)                 514       
=================================================================
Total params: 22,045,482
Trainable params: 1,182,466
Non-trainable params: 20,863,016
_________________________________________________________________
Fitting ISIC2016+ISIC2017+ISIC2018+ISIC2019+ISIC2020+PH2+_7_point_criteria+PAD_UFES_20_aug_Xception_150h_150w_None model...
model_name: ISIC2016+ISIC2017+ISIC2018+ISIC2019+ISIC2020+PH2+_7_point_criteria+PAD_UFES_20_aug_Xception_150h_150w_None
Epoch: 1 loss: 0.5722 accuracy: 0.7233 val_loss: 0.3904 val_accuracy: 0.9097
Epoch: 2 loss: 0.5528 accuracy: 0.7343 val_loss: 0.4323 val_accuracy: 0.8967
Epoch: 3 loss: 0.5472 accuracy: 0.7351 val_loss: 0.4059 val_accuracy: 0.9002
Epoch: 4 loss: 0.5465 accuracy: 0.7365 val_loss: 0.3083 val_accuracy: 0.9114
Epoch: 5 loss: 0.5400 accuracy: 0.7378 val_loss: 0.4308 val_accuracy: 0.8895
Epoch: 6 loss: 0.5352 accuracy: 0.7367 val_loss: 0.2997 val_accuracy: 0.9072
Epoch: 7 loss: 0.5392 accuracy: 0.7397 val_loss: 0.3370 val_accuracy: 0.9095
Epoch: 8 loss: 0.5479 accuracy: 0.7409 val_loss: 0.3549 val_accuracy: 0.9092
Epoch: 9 loss: 0.5451 accuracy: 0.7420 val_loss: 0.3618 val_accuracy: 0.9098
Epoch: 10 loss: 0.5424 accuracy: 0.7431 val_loss: 0.3550 val_accuracy: 0.9076
Epoch: 11 loss: 0.5404 accuracy: 0.7434 val_loss: 0.3419 val_accuracy: 0.9104
Epoch: 12 loss: 0.5364 accuracy: 0.7456 val_loss: 0.3411 val_accuracy: 0.9104
Epoch: 13 loss: 0.5336 accuracy: 0.7476 val_loss: 0.3195 val_accuracy: 0.9123
Epoch: 14 loss: 0.5321 accuracy: 0.7483 val_loss: 0.3394 val_accuracy: 0.9106
Epoch: 15 loss: 0.5299 accuracy: 0.7508 val_loss: 0.4142 val_accuracy: 0.8650
Epoch: 16 loss: 0.5283 accuracy: 0.7521 val_loss: 0.3170 val_accuracy: 0.9120
Epoch: 17 loss: 0.5263 accuracy: 0.7527 val_loss: 0.3266 val_accuracy: 0.9117
Epoch: 18 loss: 0.5245 accuracy: 0.7553 val_loss: 0.3409 val_accuracy: 0.9105
Epoch: 19 loss: 0.5209 accuracy: 0.7570 val_loss: 0.3555 val_accuracy: 0.8995
Epoch: 20 loss: 0.5198 accuracy: 0.7574 val_loss: 0.3334 val_accuracy: 0.9085
Job ended!
