Wed 28 Feb 2024 12:06:17 PM EST
Python 3.9.7
nvcc: NVIDIA (R) Cuda compiler driver
Copyright (c) 2005-2019 NVIDIA Corporation
Built on Sun_Jul_28_19:07:16_PDT_2019
Cuda compilation tools, release 10.1, V10.1.243
My SLURM_ARRAY_TASK_ID: 
DB: ['MEDNODE']
IMG_SIZE: [150, 150]
CLASSIFIER: Xception
SELF_AUG: 1
JOB_INDEX: None
Combining...
Combining 1 db out of 1 dbs
Stacking training images
Stacking training labels
Stacking validation images
Stacking validation labels
Model: "sequential"
_________________________________________________________________
Layer (type)                 Output Shape              Param #   
=================================================================
xception (Functional)        (None, 2048)              20861480  
_________________________________________________________________
dense (Dense)                (None, 512)               1049088   
_________________________________________________________________
dropout (Dropout)            (None, 512)               0         
_________________________________________________________________
batch_normalization_4 (Batch (None, 512)               2048      
_________________________________________________________________
dense_1 (Dense)              (None, 256)               131328    
_________________________________________________________________
dropout_1 (Dropout)          (None, 256)               0         
_________________________________________________________________
batch_normalization_5 (Batch (None, 256)               1024      
_________________________________________________________________
dense_2 (Dense)              (None, 2)                 514       
=================================================================
Total params: 22,045,482
Trainable params: 1,182,466
Non-trainable params: 20,863,016
_________________________________________________________________
Fitting MEDNODE_aug_Xception_150h_150w_None model...
model_name: MEDNODE_aug_Xception_150h_150w_None
Epoch: 1 loss: 0.6962 accuracy: 0.4821 val_loss: 0.6944 val_accuracy: 0.4118
Epoch: 2 loss: 0.6915 accuracy: 0.5402 val_loss: 0.6956 val_accuracy: 0.4118
Epoch: 3 loss: 0.6830 accuracy: 0.5402 val_loss: 0.6966 val_accuracy: 0.4118
Epoch: 4 loss: 0.6832 accuracy: 0.5536 val_loss: 0.6975 val_accuracy: 0.4118
Epoch: 5 loss: 0.6907 accuracy: 0.5223 val_loss: 0.6986 val_accuracy: 0.4118
Epoch: 6 loss: 0.6801 accuracy: 0.5402 val_loss: 0.6998 val_accuracy: 0.4118
Epoch: 7 loss: 0.6945 accuracy: 0.5536 val_loss: 0.7009 val_accuracy: 0.4118
Epoch: 8 loss: 0.6751 accuracy: 0.5625 val_loss: 0.7021 val_accuracy: 0.4118
Epoch: 9 loss: 0.6795 accuracy: 0.5759 val_loss: 0.7033 val_accuracy: 0.4118
Epoch: 10 loss: 0.6923 accuracy: 0.5268 val_loss: 0.7046 val_accuracy: 0.4118
Epoch: 11 loss: 0.6761 accuracy: 0.5893 val_loss: 0.7060 val_accuracy: 0.4118
Epoch: 12 loss: 0.6828 accuracy: 0.5446 val_loss: 0.7072 val_accuracy: 0.4118
Epoch: 13 loss: 0.6743 accuracy: 0.5848 val_loss: 0.7081 val_accuracy: 0.4118
Epoch: 14 loss: 0.6706 accuracy: 0.5759 val_loss: 0.7089 val_accuracy: 0.4118
Epoch: 15 loss: 0.6741 accuracy: 0.5714 val_loss: 0.7096 val_accuracy: 0.4118
Epoch: 16 loss: 0.6661 accuracy: 0.6205 val_loss: 0.7103 val_accuracy: 0.4118
Epoch: 17 loss: 0.6513 accuracy: 0.6473 val_loss: 0.7108 val_accuracy: 0.4118
Epoch: 18 loss: 0.6503 accuracy: 0.6339 val_loss: 0.7116 val_accuracy: 0.4118
Epoch: 19 loss: 0.6513 accuracy: 0.6473 val_loss: 0.7128 val_accuracy: 0.4118
Epoch: 20 loss: 0.6385 accuracy: 0.6830 val_loss: 0.7140 val_accuracy: 0.4118
Job ended!
