Wed 08 May 2024 07:26:34 AM EDT
Python 3.9.7
nvcc: NVIDIA (R) Cuda compiler driver
Copyright (c) 2005-2019 NVIDIA Corporation
Built on Sun_Jul_28_19:07:16_PDT_2019
Cuda compilation tools, release 10.1, V10.1.243
My SLURM_ARRAY_TASK_ID: 
DB: ['ISIC2016', 'ISIC2017', 'ISIC2018', 'ISIC2019', 'ISIC2020', 'PH2', '_7_point_criteria', 'PAD_UFES_20', 'MEDNODE']
IMG_SIZE: [384, 384]
CLASSIFIER: EfficientNetB7
JOB_INDEX: None
Start training augmented images
Combining...
Combining 1th db out of 9 dbs
Combining 2th db out of 9 dbs
Combining 3th db out of 9 dbs
Combining 4th db out of 9 dbs
Combining 5th db out of 9 dbs
Combining 6th db out of 9 dbs
Combining 7th db out of 9 dbs
Combining 8th db out of 9 dbs
Combining 9th db out of 9 dbs
Stacking data
Combining complete
Model: "sequential"
_________________________________________________________________
Layer (type)                 Output Shape              Param #   
=================================================================
efficientnetb7 (Functional)  (None, 2560)              64097687  
_________________________________________________________________
dense (Dense)                (None, 512)               1311232   
_________________________________________________________________
dropout (Dropout)            (None, 512)               0         
_________________________________________________________________
batch_normalization (BatchNo (None, 512)               2048      
_________________________________________________________________
dense_1 (Dense)              (None, 256)               131328    
_________________________________________________________________
batch_normalization_1 (Batch (None, 256)               1024      
_________________________________________________________________
dense_2 (Dense)              (None, 2)                 514       
=================================================================
Total params: 65,543,833
Trainable params: 1,444,610
Non-trainable params: 64,099,223
_________________________________________________________________
Fitting ISIC2016+ISIC2017+ISIC2018+ISIC2019+ISIC2020+PH2+_7_point_criteria+PAD_UFES_20+MEDNODE_aug_EfficientNetB7_384h_384w_None model...
model_name: ISIC2016+ISIC2017+ISIC2018+ISIC2019+ISIC2020+PH2+_7_point_criteria+PAD_UFES_20+MEDNODE_aug_EfficientNetB7_384h_384w_None
Epoch: 1 loss: 1.0587 accuracy: 0.6799 val_loss: 0.7043 val_accuracy: 0.9071
Epoch: 2 loss: 0.8831 accuracy: 0.7268 val_loss: 0.7134 val_accuracy: 0.9071
Epoch: 3 loss: 0.7811 accuracy: 0.7269 val_loss: 0.6534 val_accuracy: 0.9071
Epoch: 4 loss: 0.7053 accuracy: 0.7260 val_loss: 0.4824 val_accuracy: 0.9071
Epoch: 5 loss: 0.6612 accuracy: 0.7242 val_loss: 0.4535 val_accuracy: 0.9071
Epoch: 6 loss: 0.6378 accuracy: 0.7229 val_loss: 0.4471 val_accuracy: 0.9071
Epoch: 7 loss: 0.6219 accuracy: 0.7252 val_loss: 0.4358 val_accuracy: 0.9071
Epoch: 8 loss: 0.6130 accuracy: 0.7246 val_loss: 0.4338 val_accuracy: 0.9071
Epoch: 9 loss: 0.6031 accuracy: 0.7286 val_loss: 0.3804 val_accuracy: 0.9071
Epoch: 10 loss: 0.6042 accuracy: 0.7235 val_loss: 0.4443 val_accuracy: 0.9071
Epoch: 11 loss: 0.5991 accuracy: 0.7252 val_loss: 0.4322 val_accuracy: 0.9071
Epoch: 12 loss: 0.5990 accuracy: 0.7236 val_loss: 0.4193 val_accuracy: 0.9071
Epoch: 13 loss: 0.5972 accuracy: 0.7237 val_loss: 0.4179 val_accuracy: 0.9071
Epoch: 14 loss: 0.5963 accuracy: 0.7237 val_loss: 0.4171 val_accuracy: 0.9071

Epoch 00014: ReduceLROnPlateau reducing learning rate to 7.999999797903001e-05.
Epoch: 15 loss: 0.5944 accuracy: 0.7247 val_loss: 0.4187 val_accuracy: 0.9071
Epoch: 16 loss: 0.5951 accuracy: 0.7233 val_loss: 0.4110 val_accuracy: 0.9071
Epoch: 17 loss: 0.5916 accuracy: 0.7259 val_loss: 0.3953 val_accuracy: 0.9071
Epoch: 18 loss: 0.5951 accuracy: 0.7224 val_loss: 0.4205 val_accuracy: 0.9071
Epoch: 19 loss: 0.5896 accuracy: 0.7274 val_loss: 0.4016 val_accuracy: 0.9071

Epoch 00019: ReduceLROnPlateau reducing learning rate to 6.399999838322402e-05.
End of augmented training
Finish
Job ended!
