Wed 08 May 2024 03:23:24 AM EDT
Python 3.9.7
nvcc: NVIDIA (R) Cuda compiler driver
Copyright (c) 2005-2019 NVIDIA Corporation
Built on Sun_Jul_28_19:07:16_PDT_2019
Cuda compilation tools, release 10.1, V10.1.243
My SLURM_ARRAY_TASK_ID: 
DB: ['ISIC2016', '_7_point_criteria', 'PAD_UFES_20', 'MEDNODE']
IMG_SIZE: [384, 384]
CLASSIFIER: EfficientNetB7
JOB_INDEX: None
Start training augmented images
Combining...
Combining 1th db out of 4 dbs
Combining 2th db out of 4 dbs
Combining 3th db out of 4 dbs
Combining 4th db out of 4 dbs
Stacking data
Combining complete
Model: "sequential"
_________________________________________________________________
Layer (type)                 Output Shape              Param #   
=================================================================
efficientnetb7 (Functional)  (None, 2560)              64097687  
_________________________________________________________________
dense (Dense)                (None, 512)               1311232   
_________________________________________________________________
dropout (Dropout)            (None, 512)               0         
_________________________________________________________________
batch_normalization (BatchNo (None, 512)               2048      
_________________________________________________________________
dense_1 (Dense)              (None, 256)               131328    
_________________________________________________________________
batch_normalization_1 (Batch (None, 256)               1024      
_________________________________________________________________
dense_2 (Dense)              (None, 2)                 514       
=================================================================
Total params: 65,543,833
Trainable params: 1,444,610
Non-trainable params: 64,099,223
_________________________________________________________________
Fitting ISIC2016+_7_point_criteria+PAD_UFES_20+MEDNODE_aug_EfficientNetB7_384h_384w_None model...
model_name: ISIC2016+_7_point_criteria+PAD_UFES_20+MEDNODE_aug_EfficientNetB7_384h_384w_None
Epoch: 1 loss: 1.4849 accuracy: 0.5145 val_loss: 1.0679 val_accuracy: 0.8609
Epoch: 2 loss: 1.2979 accuracy: 0.5573 val_loss: 0.9525 val_accuracy: 0.8609
Epoch: 3 loss: 1.2161 accuracy: 0.6011 val_loss: 0.9130 val_accuracy: 0.8609
Epoch: 4 loss: 1.1696 accuracy: 0.6259 val_loss: 0.8949 val_accuracy: 0.8609
Epoch: 5 loss: 1.1239 accuracy: 0.6636 val_loss: 0.8807 val_accuracy: 0.8609
Epoch: 6 loss: 1.1122 accuracy: 0.6717 val_loss: 0.8692 val_accuracy: 0.8609
Epoch: 7 loss: 1.0859 accuracy: 0.6916 val_loss: 0.8576 val_accuracy: 0.8609
Epoch: 8 loss: 1.0829 accuracy: 0.6910 val_loss: 0.8587 val_accuracy: 0.8609
Epoch: 9 loss: 1.0776 accuracy: 0.6914 val_loss: 0.8897 val_accuracy: 0.8609
Epoch: 10 loss: 1.0445 accuracy: 0.7129 val_loss: 0.8421 val_accuracy: 0.8609
Epoch: 11 loss: 1.0499 accuracy: 0.7040 val_loss: 0.8516 val_accuracy: 0.8609
Epoch: 12 loss: 1.0341 accuracy: 0.7094 val_loss: 0.8266 val_accuracy: 0.8609
Epoch: 13 loss: 1.0165 accuracy: 0.7283 val_loss: 0.8285 val_accuracy: 0.8609
Epoch: 14 loss: 1.0197 accuracy: 0.7135 val_loss: 0.8101 val_accuracy: 0.8609
Epoch: 15 loss: 1.0099 accuracy: 0.7207 val_loss: 0.8191 val_accuracy: 0.8609
Epoch: 16 loss: 1.0052 accuracy: 0.7107 val_loss: 0.8050 val_accuracy: 0.8609
Epoch: 17 loss: 0.9923 accuracy: 0.7259 val_loss: 0.8271 val_accuracy: 0.8609
Epoch: 18 loss: 0.9842 accuracy: 0.7194 val_loss: 0.8192 val_accuracy: 0.8609
Epoch: 19 loss: 0.9811 accuracy: 0.7203 val_loss: 0.7829 val_accuracy: 0.8609
Epoch: 20 loss: 0.9617 accuracy: 0.7335 val_loss: 0.7886 val_accuracy: 0.8609
Epoch: 21 loss: 0.9713 accuracy: 0.7203 val_loss: 0.7992 val_accuracy: 0.8609
Epoch: 22 loss: 0.9604 accuracy: 0.7220 val_loss: 0.7652 val_accuracy: 0.8609
Epoch: 23 loss: 0.9465 accuracy: 0.7313 val_loss: 0.7836 val_accuracy: 0.8609
Epoch: 24 loss: 0.9494 accuracy: 0.7144 val_loss: 0.7780 val_accuracy: 0.8609
Epoch: 25 loss: 0.9482 accuracy: 0.7146 val_loss: 0.7406 val_accuracy: 0.8609
Epoch: 26 loss: 0.9374 accuracy: 0.7203 val_loss: 0.7360 val_accuracy: 0.8609
Epoch: 27 loss: 0.9245 accuracy: 0.7279 val_loss: 0.7823 val_accuracy: 0.8609
Epoch: 28 loss: 0.9171 accuracy: 0.7257 val_loss: 0.7481 val_accuracy: 0.8609
Epoch: 29 loss: 0.9141 accuracy: 0.7259 val_loss: 0.7377 val_accuracy: 0.8609
Epoch: 30 loss: 0.9204 accuracy: 0.7129 val_loss: 0.7171 val_accuracy: 0.8609
Epoch: 31 loss: 0.9019 accuracy: 0.7259 val_loss: 0.7720 val_accuracy: 0.8609
Epoch: 32 loss: 0.8995 accuracy: 0.7235 val_loss: 0.7097 val_accuracy: 0.8609
Epoch: 33 loss: 0.8904 accuracy: 0.7276 val_loss: 0.7180 val_accuracy: 0.8609
Epoch: 34 loss: 0.8956 accuracy: 0.7179 val_loss: 0.7311 val_accuracy: 0.8609
Epoch: 35 loss: 0.8749 accuracy: 0.7300 val_loss: 0.7167 val_accuracy: 0.8609
Epoch: 36 loss: 0.8646 accuracy: 0.7316 val_loss: 0.7030 val_accuracy: 0.8609
Epoch: 37 loss: 0.8700 accuracy: 0.7205 val_loss: 0.7340 val_accuracy: 0.8609
Epoch: 38 loss: 0.8692 accuracy: 0.7188 val_loss: 0.7198 val_accuracy: 0.8609
Epoch: 39 loss: 0.8576 accuracy: 0.7253 val_loss: 0.6896 val_accuracy: 0.8609
Epoch: 40 loss: 0.8536 accuracy: 0.7257 val_loss: 0.6811 val_accuracy: 0.8609
Epoch: 41 loss: 0.8530 accuracy: 0.7201 val_loss: 0.7687 val_accuracy: 0.8609
Epoch: 42 loss: 0.8502 accuracy: 0.7211 val_loss: 0.7033 val_accuracy: 0.8609
Epoch: 43 loss: 0.8301 accuracy: 0.7320 val_loss: 0.6613 val_accuracy: 0.8609
Epoch: 44 loss: 0.8288 accuracy: 0.7279 val_loss: 0.6719 val_accuracy: 0.8609
Epoch: 45 loss: 0.8171 accuracy: 0.7331 val_loss: 0.6322 val_accuracy: 0.8609
Epoch: 46 loss: 0.8234 accuracy: 0.7233 val_loss: 0.6420 val_accuracy: 0.8609
Epoch: 47 loss: 0.8178 accuracy: 0.7250 val_loss: 0.6370 val_accuracy: 0.8609
Epoch: 48 loss: 0.7988 accuracy: 0.7376 val_loss: 0.6444 val_accuracy: 0.8609
Epoch: 49 loss: 0.8044 accuracy: 0.7266 val_loss: 0.6364 val_accuracy: 0.8609
Epoch: 50 loss: 0.8024 accuracy: 0.7246 val_loss: 0.6274 val_accuracy: 0.8609
Epoch: 51 loss: 0.7995 accuracy: 0.7248 val_loss: 0.6456 val_accuracy: 0.8609
Epoch: 52 loss: 0.7977 accuracy: 0.7196 val_loss: 0.6213 val_accuracy: 0.8609
Epoch: 53 loss: 0.7929 accuracy: 0.7179 val_loss: 0.6088 val_accuracy: 0.8609
Epoch: 54 loss: 0.7813 accuracy: 0.7261 val_loss: 0.6449 val_accuracy: 0.8609
Epoch: 55 loss: 0.7704 accuracy: 0.7329 val_loss: 0.6829 val_accuracy: 0.8609
Epoch: 56 loss: 0.7672 accuracy: 0.7303 val_loss: 0.5944 val_accuracy: 0.8609
Epoch: 57 loss: 0.7666 accuracy: 0.7274 val_loss: 0.5995 val_accuracy: 0.8609
Epoch: 58 loss: 0.7680 accuracy: 0.7220 val_loss: 0.5854 val_accuracy: 0.8609
Epoch: 59 loss: 0.7648 accuracy: 0.7192 val_loss: 0.6017 val_accuracy: 0.8609
Epoch: 60 loss: 0.7478 accuracy: 0.7329 val_loss: 0.6048 val_accuracy: 0.8609
Epoch: 61 loss: 0.7656 accuracy: 0.7125 val_loss: 0.5981 val_accuracy: 0.8609
Epoch: 62 loss: 0.7570 accuracy: 0.7177 val_loss: 0.5896 val_accuracy: 0.8609
Epoch: 63 loss: 0.7426 accuracy: 0.7253 val_loss: 0.6208 val_accuracy: 0.8609

Epoch 00063: ReduceLROnPlateau reducing learning rate to 7.999999797903001e-05.
Epoch: 64 loss: 0.7373 accuracy: 0.7268 val_loss: 0.5882 val_accuracy: 0.8609
Epoch: 65 loss: 0.7456 accuracy: 0.7185 val_loss: 0.5747 val_accuracy: 0.8609
Epoch: 66 loss: 0.7309 accuracy: 0.7307 val_loss: 0.5813 val_accuracy: 0.8609
Epoch: 67 loss: 0.7222 accuracy: 0.7331 val_loss: 0.6121 val_accuracy: 0.8609
Epoch: 68 loss: 0.7220 accuracy: 0.7283 val_loss: 0.5437 val_accuracy: 0.8609
Epoch: 69 loss: 0.7224 accuracy: 0.7263 val_loss: 0.5859 val_accuracy: 0.8609
Epoch: 70 loss: 0.7262 accuracy: 0.7227 val_loss: 0.6162 val_accuracy: 0.8609
Epoch: 71 loss: 0.7245 accuracy: 0.7211 val_loss: 0.5380 val_accuracy: 0.8609
Epoch: 72 loss: 0.7167 accuracy: 0.7283 val_loss: 0.5740 val_accuracy: 0.8609
Epoch: 73 loss: 0.7082 accuracy: 0.7298 val_loss: 0.5766 val_accuracy: 0.8609
Epoch: 74 loss: 0.7006 accuracy: 0.7355 val_loss: 0.5362 val_accuracy: 0.8609
Epoch: 75 loss: 0.7167 accuracy: 0.7190 val_loss: 0.5562 val_accuracy: 0.8609
Epoch: 76 loss: 0.7127 accuracy: 0.7196 val_loss: 0.5600 val_accuracy: 0.8609
Epoch: 77 loss: 0.6937 accuracy: 0.7333 val_loss: 0.5343 val_accuracy: 0.8609
Epoch: 78 loss: 0.7027 accuracy: 0.7242 val_loss: 0.5106 val_accuracy: 0.8609
Epoch: 79 loss: 0.6978 accuracy: 0.7242 val_loss: 0.5486 val_accuracy: 0.8609
Epoch: 80 loss: 0.6978 accuracy: 0.7255 val_loss: 0.5511 val_accuracy: 0.8609
Epoch: 81 loss: 0.7054 accuracy: 0.7142 val_loss: 0.5844 val_accuracy: 0.8609
Epoch: 82 loss: 0.6849 accuracy: 0.7326 val_loss: 0.5789 val_accuracy: 0.8609
Epoch: 83 loss: 0.6983 accuracy: 0.7168 val_loss: 0.5240 val_accuracy: 0.8609

Epoch 00083: ReduceLROnPlateau reducing learning rate to 6.399999838322402e-05.
Epoch: 84 loss: 0.6877 accuracy: 0.7233 val_loss: 0.5307 val_accuracy: 0.8609
Epoch: 85 loss: 0.6829 accuracy: 0.7268 val_loss: 0.5987 val_accuracy: 0.8609
Epoch: 86 loss: 0.6845 accuracy: 0.7237 val_loss: 0.5651 val_accuracy: 0.8609
Epoch: 87 loss: 0.6785 accuracy: 0.7268 val_loss: 0.5328 val_accuracy: 0.8609
Epoch: 88 loss: 0.6623 accuracy: 0.7439 val_loss: 0.5203 val_accuracy: 0.8609

Epoch 00088: ReduceLROnPlateau reducing learning rate to 5.119999987073243e-05.
End of augmented training
Finish
Job ended!
