Fri 01 Mar 2024 07:49:10 PM EST
Python 3.9.7
nvcc: NVIDIA (R) Cuda compiler driver
Copyright (c) 2005-2019 NVIDIA Corporation
Built on Sun_Jul_28_19:07:16_PDT_2019
Cuda compilation tools, release 10.1, V10.1.243
My SLURM_ARRAY_TASK_ID: 
DB: ['ISIC2020']
IMG_SIZE: [150, 150]
CLASSIFIER: ResNet101V2
SELF_AUG: 1
JOB_INDEX: None
Combining...
Combining 1 db out of 1 dbs
Stacking training images
Stacking training labels
Stacking validation images
Stacking validation labels
Model: "sequential"
_________________________________________________________________
Layer (type)                 Output Shape              Param #   
=================================================================
resnet101v2 (Functional)     (None, 2048)              42626560  
_________________________________________________________________
dense (Dense)                (None, 512)               1049088   
_________________________________________________________________
dropout (Dropout)            (None, 512)               0         
_________________________________________________________________
batch_normalization (BatchNo (None, 512)               2048      
_________________________________________________________________
dense_1 (Dense)              (None, 256)               131328    
_________________________________________________________________
dropout_1 (Dropout)          (None, 256)               0         
_________________________________________________________________
batch_normalization_1 (Batch (None, 256)               1024      
_________________________________________________________________
dense_2 (Dense)              (None, 2)                 514       
=================================================================
Total params: 43,810,562
Trainable params: 1,182,466
Non-trainable params: 42,628,096
_________________________________________________________________
Fitting ISIC2020_aug_ResNet101V2_150h_150w_None model...
model_name: ISIC2020_aug_ResNet101V2_150h_150w_None
Epoch: 1 loss: 0.4534 accuracy: 0.8094 val_loss: 0.0928 val_accuracy: 0.9816
Epoch: 2 loss: 0.2929 accuracy: 0.8707 val_loss: 0.0768 val_accuracy: 0.9825
Epoch: 3 loss: 0.2640 accuracy: 0.8808 val_loss: 0.0782 val_accuracy: 0.9814
Epoch: 4 loss: 0.2456 accuracy: 0.8893 val_loss: 0.0734 val_accuracy: 0.9828
Epoch: 5 loss: 0.2361 accuracy: 0.8945 val_loss: 0.0743 val_accuracy: 0.9832
Epoch: 6 loss: 0.2255 accuracy: 0.8980 val_loss: 0.0737 val_accuracy: 0.9829
Epoch: 7 loss: 0.2166 accuracy: 0.9023 val_loss: 0.0761 val_accuracy: 0.9825
Epoch: 8 loss: 0.2074 accuracy: 0.9075 val_loss: 0.0814 val_accuracy: 0.9822
Epoch: 9 loss: 0.1998 accuracy: 0.9101 val_loss: 0.0812 val_accuracy: 0.9816
Epoch: 10 loss: 0.1910 accuracy: 0.9160 val_loss: 0.0918 val_accuracy: 0.9798
Epoch: 11 loss: 0.1835 accuracy: 0.9180 val_loss: 0.0834 val_accuracy: 0.9814
Epoch: 12 loss: 0.1776 accuracy: 0.9203 val_loss: 0.0883 val_accuracy: 0.9804
Epoch: 13 loss: 0.1752 accuracy: 0.9225 val_loss: 0.0876 val_accuracy: 0.9811
Epoch: 14 loss: 0.1678 accuracy: 0.9256 val_loss: 0.0917 val_accuracy: 0.9819
Epoch: 15 loss: 0.1619 accuracy: 0.9294 val_loss: 0.0987 val_accuracy: 0.9799
Epoch: 16 loss: 0.1566 accuracy: 0.9300 val_loss: 0.1024 val_accuracy: 0.9795
Epoch: 17 loss: 0.1486 accuracy: 0.9342 val_loss: 0.1058 val_accuracy: 0.9774
Epoch: 18 loss: 0.1425 accuracy: 0.9372 val_loss: 0.1107 val_accuracy: 0.9777
Epoch: 19 loss: 0.1433 accuracy: 0.9367 val_loss: 0.1221 val_accuracy: 0.9810
Epoch: 20 loss: 0.1371 accuracy: 0.9391 val_loss: 0.1251 val_accuracy: 0.9766
Job ended!
