Mon 06 May 2024 05:06:34 AM EDT
Python 3.9.7
nvcc: NVIDIA (R) Cuda compiler driver
Copyright (c) 2005-2019 NVIDIA Corporation
Built on Sun_Jul_28_19:07:16_PDT_2019
Cuda compilation tools, release 10.1, V10.1.243
My SLURM_ARRAY_TASK_ID: 
DB: ['ISIC2016', 'ISIC2018']
IMG_SIZE: [384, 384]
CLASSIFIER: ResNet101V2
JOB_INDEX: None
Start training augmented images
Combining...
Combining 1th db out of 2 dbs
Combining 2th db out of 2 dbs
Stacking data
Combining complete
Model: "sequential"
_________________________________________________________________
Layer (type)                 Output Shape              Param #   
=================================================================
resnet101v2 (Functional)     (None, 2048)              42626560  
_________________________________________________________________
dense (Dense)                (None, 512)               1049088   
_________________________________________________________________
dropout (Dropout)            (None, 512)               0         
_________________________________________________________________
batch_normalization (BatchNo (None, 512)               2048      
_________________________________________________________________
dense_1 (Dense)              (None, 256)               131328    
_________________________________________________________________
batch_normalization_1 (Batch (None, 256)               1024      
_________________________________________________________________
dense_2 (Dense)              (None, 2)                 514       
=================================================================
Total params: 43,810,562
Trainable params: 1,182,466
Non-trainable params: 42,628,096
_________________________________________________________________
Fitting ISIC2016+ISIC2018_aug_ResNet101V2_384h_384w_None model...
model_name: ISIC2016+ISIC2018_aug_ResNet101V2_384h_384w_None
Epoch: 1 loss: 1.0803 accuracy: 0.7523 val_loss: 0.9483 val_accuracy: 0.7962
Epoch: 2 loss: 0.8597 accuracy: 0.8410 val_loss: 0.9026 val_accuracy: 0.8097
Epoch: 3 loss: 0.7626 accuracy: 0.8757 val_loss: 0.8177 val_accuracy: 0.8525
Epoch: 4 loss: 0.7010 accuracy: 0.8959 val_loss: 0.7877 val_accuracy: 0.8552
Epoch: 5 loss: 0.6575 accuracy: 0.9047 val_loss: 0.7458 val_accuracy: 0.8713
Epoch: 6 loss: 0.6243 accuracy: 0.9141 val_loss: 0.7873 val_accuracy: 0.8284
Epoch: 7 loss: 0.5844 accuracy: 0.9255 val_loss: 0.7472 val_accuracy: 0.8445
Epoch: 8 loss: 0.5608 accuracy: 0.9307 val_loss: 0.7445 val_accuracy: 0.8391
Epoch: 9 loss: 0.5396 accuracy: 0.9336 val_loss: 0.7613 val_accuracy: 0.8070
Epoch: 10 loss: 0.5136 accuracy: 0.9399 val_loss: 0.7326 val_accuracy: 0.8338
Epoch: 11 loss: 0.4763 accuracy: 0.9517 val_loss: 0.7464 val_accuracy: 0.8499
Epoch: 12 loss: 0.4632 accuracy: 0.9543 val_loss: 0.6844 val_accuracy: 0.8606
Epoch: 13 loss: 0.4432 accuracy: 0.9581 val_loss: 0.7305 val_accuracy: 0.8499
Epoch: 14 loss: 0.4273 accuracy: 0.9590 val_loss: 0.7713 val_accuracy: 0.8445
Epoch: 15 loss: 0.4086 accuracy: 0.9650 val_loss: 0.7685 val_accuracy: 0.8150
Epoch: 16 loss: 0.3978 accuracy: 0.9659 val_loss: 0.7634 val_accuracy: 0.8257
Epoch: 17 loss: 0.3891 accuracy: 0.9650 val_loss: 0.6592 val_accuracy: 0.8525
Epoch: 18 loss: 0.3711 accuracy: 0.9703 val_loss: 0.7087 val_accuracy: 0.8365
Epoch: 19 loss: 0.3639 accuracy: 0.9696 val_loss: 0.7264 val_accuracy: 0.8445
Epoch: 20 loss: 0.3516 accuracy: 0.9722 val_loss: 0.7017 val_accuracy: 0.8338
Epoch: 21 loss: 0.3392 accuracy: 0.9737 val_loss: 0.7541 val_accuracy: 0.8472
Epoch: 22 loss: 0.3367 accuracy: 0.9728 val_loss: 0.7042 val_accuracy: 0.8445

Epoch 00022: ReduceLROnPlateau reducing learning rate to 7.999999797903001e-05.
Epoch: 23 loss: 0.3172 accuracy: 0.9788 val_loss: 0.7203 val_accuracy: 0.8552
Epoch: 24 loss: 0.3083 accuracy: 0.9794 val_loss: 0.6923 val_accuracy: 0.8445
Epoch: 25 loss: 0.3003 accuracy: 0.9804 val_loss: 0.6907 val_accuracy: 0.8579
Epoch: 26 loss: 0.2870 accuracy: 0.9837 val_loss: 0.6250 val_accuracy: 0.8606
Epoch: 27 loss: 0.2883 accuracy: 0.9814 val_loss: 0.7509 val_accuracy: 0.8445
Epoch: 28 loss: 0.2828 accuracy: 0.9806 val_loss: 0.6362 val_accuracy: 0.8686
Epoch: 29 loss: 0.2739 accuracy: 0.9825 val_loss: 0.6812 val_accuracy: 0.8552
Epoch: 30 loss: 0.2661 accuracy: 0.9846 val_loss: 0.7270 val_accuracy: 0.8391
Epoch: 31 loss: 0.2561 accuracy: 0.9869 val_loss: 0.7053 val_accuracy: 0.8633

Epoch 00031: ReduceLROnPlateau reducing learning rate to 6.399999838322402e-05.
Epoch: 32 loss: 0.2493 accuracy: 0.9863 val_loss: 0.6840 val_accuracy: 0.8713
Epoch: 33 loss: 0.2431 accuracy: 0.9888 val_loss: 0.6933 val_accuracy: 0.8606
Epoch: 34 loss: 0.2394 accuracy: 0.9895 val_loss: 0.7177 val_accuracy: 0.8499
Epoch: 35 loss: 0.2344 accuracy: 0.9893 val_loss: 0.7169 val_accuracy: 0.8579
Epoch: 36 loss: 0.2290 accuracy: 0.9896 val_loss: 0.7651 val_accuracy: 0.8338

Epoch 00036: ReduceLROnPlateau reducing learning rate to 5.119999987073243e-05.
End of augmented training
Finish
Job ended!
