Sun 05 May 2024 08:45:29 PM EDT
Python 3.9.7
nvcc: NVIDIA (R) Cuda compiler driver
Copyright (c) 2005-2019 NVIDIA Corporation
Built on Sun_Jul_28_19:07:16_PDT_2019
Cuda compilation tools, release 10.1, V10.1.243
My SLURM_ARRAY_TASK_ID: 
DB: ['ISIC2016', '_7_point_criteria']
IMG_SIZE: [384, 384]
CLASSIFIER: ResNet101V2
JOB_INDEX: None
Start training augmented images
Combining...
Combining 1th db out of 2 dbs
Combining 2th db out of 2 dbs
Stacking data
Combining complete
Model: "sequential"
_________________________________________________________________
Layer (type)                 Output Shape              Param #   
=================================================================
resnet101v2 (Functional)     (None, 2048)              42626560  
_________________________________________________________________
dense (Dense)                (None, 512)               1049088   
_________________________________________________________________
dropout (Dropout)            (None, 512)               0         
_________________________________________________________________
batch_normalization (BatchNo (None, 512)               2048      
_________________________________________________________________
dense_1 (Dense)              (None, 256)               131328    
_________________________________________________________________
batch_normalization_1 (Batch (None, 256)               1024      
_________________________________________________________________
dense_2 (Dense)              (None, 2)                 514       
=================================================================
Total params: 43,810,562
Trainable params: 1,182,466
Non-trainable params: 42,628,096
_________________________________________________________________
Fitting ISIC2016+_7_point_criteria_aug_ResNet101V2_384h_384w_None model...
model_name: ISIC2016+_7_point_criteria_aug_ResNet101V2_384h_384w_None
Epoch: 1 loss: 1.3953 accuracy: 0.6122 val_loss: 1.0548 val_accuracy: 0.7598
Epoch: 2 loss: 1.1131 accuracy: 0.7467 val_loss: 1.0445 val_accuracy: 0.7624
Epoch: 3 loss: 0.9986 accuracy: 0.8047 val_loss: 1.0300 val_accuracy: 0.7493
Epoch: 4 loss: 0.9179 accuracy: 0.8309 val_loss: 1.0382 val_accuracy: 0.7650
Epoch: 5 loss: 0.8569 accuracy: 0.8594 val_loss: 1.0591 val_accuracy: 0.7624
Epoch: 6 loss: 0.8035 accuracy: 0.8839 val_loss: 1.0162 val_accuracy: 0.7702
Epoch: 7 loss: 0.7600 accuracy: 0.9023 val_loss: 1.0522 val_accuracy: 0.7493
Epoch: 8 loss: 0.7408 accuracy: 0.9191 val_loss: 1.0693 val_accuracy: 0.7467
Epoch: 9 loss: 0.7168 accuracy: 0.9297 val_loss: 1.0358 val_accuracy: 0.7755
Epoch: 10 loss: 0.6758 accuracy: 0.9386 val_loss: 1.0330 val_accuracy: 0.7728
Epoch: 11 loss: 0.6584 accuracy: 0.9431 val_loss: 1.0622 val_accuracy: 0.7467

Epoch 00011: ReduceLROnPlateau reducing learning rate to 7.999999797903001e-05.
Epoch: 12 loss: 0.6516 accuracy: 0.9492 val_loss: 1.0425 val_accuracy: 0.7520
Epoch: 13 loss: 0.6406 accuracy: 0.9498 val_loss: 1.0676 val_accuracy: 0.7363
Epoch: 14 loss: 0.6043 accuracy: 0.9654 val_loss: 1.0498 val_accuracy: 0.7755
Epoch: 15 loss: 0.6045 accuracy: 0.9632 val_loss: 1.0784 val_accuracy: 0.7467
Epoch: 16 loss: 0.5768 accuracy: 0.9799 val_loss: 1.0614 val_accuracy: 0.7546

Epoch 00016: ReduceLROnPlateau reducing learning rate to 6.399999838322402e-05.
End of augmented training
Finish
Job ended!
