Sun 05 May 2024 08:47:24 PM EDT
Python 3.9.7
nvcc: NVIDIA (R) Cuda compiler driver
Copyright (c) 2005-2019 NVIDIA Corporation
Built on Sun_Jul_28_19:07:16_PDT_2019
Cuda compilation tools, release 10.1, V10.1.243
My SLURM_ARRAY_TASK_ID: 
DB: ['ISIC2016', 'ISIC2017', 'ISIC2018', '_7_point_criteria', 'PAD_UFES_20']
IMG_SIZE: [384, 384]
CLASSIFIER: ResNet101V2
JOB_INDEX: None
Start training augmented images
Combining...
Combining 1th db out of 5 dbs
Combining 2th db out of 5 dbs
Combining 3th db out of 5 dbs
Combining 4th db out of 5 dbs
Combining 5th db out of 5 dbs
Stacking data
Combining complete
Model: "sequential"
_________________________________________________________________
Layer (type)                 Output Shape              Param #   
=================================================================
resnet101v2 (Functional)     (None, 2048)              42626560  
_________________________________________________________________
dense (Dense)                (None, 512)               1049088   
_________________________________________________________________
dropout (Dropout)            (None, 512)               0         
_________________________________________________________________
batch_normalization (BatchNo (None, 512)               2048      
_________________________________________________________________
dense_1 (Dense)              (None, 256)               131328    
_________________________________________________________________
batch_normalization_1 (Batch (None, 256)               1024      
_________________________________________________________________
dense_2 (Dense)              (None, 2)                 514       
=================================================================
Total params: 43,810,562
Trainable params: 1,182,466
Non-trainable params: 42,628,096
_________________________________________________________________
Fitting ISIC2016+ISIC2017+ISIC2018+_7_point_criteria+PAD_UFES_20_aug_ResNet101V2_384h_384w_None model...
model_name: ISIC2016+ISIC2017+ISIC2018+_7_point_criteria+PAD_UFES_20_aug_ResNet101V2_384h_384w_None
Epoch: 1 loss: 1.0831 accuracy: 0.7493 val_loss: 0.8584 val_accuracy: 0.8668
Epoch: 2 loss: 0.8386 accuracy: 0.8449 val_loss: 0.8524 val_accuracy: 0.8423
Epoch: 3 loss: 0.7489 accuracy: 0.8752 val_loss: 0.7840 val_accuracy: 0.8710
Epoch: 4 loss: 0.6924 accuracy: 0.8937 val_loss: 0.7382 val_accuracy: 0.8702
Epoch: 5 loss: 0.6431 accuracy: 0.9056 val_loss: 0.7705 val_accuracy: 0.8668
Epoch: 6 loss: 0.6060 accuracy: 0.9140 val_loss: 0.7306 val_accuracy: 0.8761
Epoch: 7 loss: 0.5736 accuracy: 0.9235 val_loss: 0.7182 val_accuracy: 0.8702
Epoch: 8 loss: 0.5410 accuracy: 0.9308 val_loss: 0.7303 val_accuracy: 0.8626
Epoch: 9 loss: 0.5098 accuracy: 0.9379 val_loss: 0.6873 val_accuracy: 0.8752
Epoch: 10 loss: 0.4853 accuracy: 0.9433 val_loss: 0.6872 val_accuracy: 0.8828
Epoch: 11 loss: 0.4681 accuracy: 0.9457 val_loss: 0.6999 val_accuracy: 0.8769
Epoch: 12 loss: 0.4447 accuracy: 0.9508 val_loss: 0.6610 val_accuracy: 0.8794
Epoch: 13 loss: 0.4272 accuracy: 0.9549 val_loss: 0.6725 val_accuracy: 0.8862
Epoch: 14 loss: 0.4092 accuracy: 0.9562 val_loss: 0.6689 val_accuracy: 0.8954
Epoch: 15 loss: 0.3936 accuracy: 0.9590 val_loss: 0.6662 val_accuracy: 0.8828
Epoch: 16 loss: 0.3784 accuracy: 0.9631 val_loss: 0.6580 val_accuracy: 0.8904
Epoch: 17 loss: 0.3644 accuracy: 0.9642 val_loss: 0.6575 val_accuracy: 0.8904
Epoch: 18 loss: 0.3528 accuracy: 0.9657 val_loss: 0.6815 val_accuracy: 0.8845
Epoch: 19 loss: 0.3396 accuracy: 0.9682 val_loss: 0.6801 val_accuracy: 0.8685
Epoch: 20 loss: 0.3377 accuracy: 0.9667 val_loss: 0.7091 val_accuracy: 0.8777
Epoch: 21 loss: 0.3186 accuracy: 0.9717 val_loss: 0.6383 val_accuracy: 0.8870
Epoch: 22 loss: 0.3107 accuracy: 0.9724 val_loss: 0.6515 val_accuracy: 0.8794
Epoch: 23 loss: 0.3036 accuracy: 0.9722 val_loss: 0.6641 val_accuracy: 0.8803
Epoch: 24 loss: 0.2973 accuracy: 0.9724 val_loss: 0.6569 val_accuracy: 0.8769
Epoch: 25 loss: 0.2873 accuracy: 0.9736 val_loss: 0.6605 val_accuracy: 0.8895
Epoch: 26 loss: 0.2836 accuracy: 0.9740 val_loss: 0.6953 val_accuracy: 0.8870

Epoch 00026: ReduceLROnPlateau reducing learning rate to 7.999999797903001e-05.
Epoch: 27 loss: 0.2695 accuracy: 0.9772 val_loss: 0.7128 val_accuracy: 0.8820
Epoch: 28 loss: 0.2545 accuracy: 0.9812 val_loss: 0.6834 val_accuracy: 0.8921
Epoch: 29 loss: 0.2453 accuracy: 0.9831 val_loss: 0.6692 val_accuracy: 0.8946
Epoch: 30 loss: 0.2435 accuracy: 0.9821 val_loss: 0.6458 val_accuracy: 0.8904
Epoch: 31 loss: 0.2360 accuracy: 0.9839 val_loss: 0.6553 val_accuracy: 0.8895

Epoch 00031: ReduceLROnPlateau reducing learning rate to 6.399999838322402e-05.
End of augmented training
Finish
Job ended!
