Wed 28 Feb 2024 01:44:20 AM EST
Python 3.9.7
nvcc: NVIDIA (R) Cuda compiler driver
Copyright (c) 2005-2019 NVIDIA Corporation
Built on Sun_Jul_28_19:07:16_PDT_2019
Cuda compilation tools, release 10.1, V10.1.243
My SLURM_ARRAY_TASK_ID: 
DB: ['ISIC2016', 'ISIC2017', 'ISIC2018', 'ISIC2019', 'ISIC2020', 'PH2', '_7_point_criteria', 'PAD_UFES_20', 'MEDNODE', 'KaggleMB']
IMG_SIZE: [150, 150]
CLASSIFIER: ResNet101V2
SELF_AUG: 1
JOB_INDEX: None
Combining...
Combining 1 db out of 10 dbs
Combining 2 db out of 10 dbs
Combining 3 db out of 10 dbs
Combining 4 db out of 10 dbs
Combining 5 db out of 10 dbs
Combining 6 db out of 10 dbs
Combining 7 db out of 10 dbs
Combining 8 db out of 10 dbs
Combining 9 db out of 10 dbs
Combining 10 db out of 10 dbs
Stacking training images
Stacking training labels
Stacking validation images
Stacking validation labels
Model: "sequential"
_________________________________________________________________
Layer (type)                 Output Shape              Param #   
=================================================================
resnet101v2 (Functional)     (None, 2048)              42626560  
_________________________________________________________________
dense (Dense)                (None, 512)               1049088   
_________________________________________________________________
dropout (Dropout)            (None, 512)               0         
_________________________________________________________________
batch_normalization (BatchNo (None, 512)               2048      
_________________________________________________________________
dense_1 (Dense)              (None, 256)               131328    
_________________________________________________________________
dropout_1 (Dropout)          (None, 256)               0         
_________________________________________________________________
batch_normalization_1 (Batch (None, 256)               1024      
_________________________________________________________________
dense_2 (Dense)              (None, 2)                 514       
=================================================================
Total params: 43,810,562
Trainable params: 1,182,466
Non-trainable params: 42,628,096
_________________________________________________________________
Fitting ISIC2016+ISIC2017+ISIC2018+ISIC2019+ISIC2020+PH2+_7_point_criteria+PAD_UFES_20+MEDNODE+KaggleMB_aug_ResNet101V2_150h_150w_None model...
model_name: ISIC2016+ISIC2017+ISIC2018+ISIC2019+ISIC2020+PH2+_7_point_criteria+PAD_UFES_20+MEDNODE+KaggleMB_aug_ResNet101V2_150h_150w_None
Epoch: 1 loss: 0.5922 accuracy: 0.6881 val_loss: 0.3637 val_accuracy: 0.8493
Epoch: 2 loss: 0.4985 accuracy: 0.7269 val_loss: 0.3933 val_accuracy: 0.8297
Epoch: 3 loss: 0.4768 accuracy: 0.7468 val_loss: 0.3206 val_accuracy: 0.8607
Epoch: 4 loss: 0.4680 accuracy: 0.7566 val_loss: 0.3208 val_accuracy: 0.8537
Epoch: 5 loss: 0.4626 accuracy: 0.7601 val_loss: 0.4439 val_accuracy: 0.7404
Epoch: 6 loss: 0.4561 accuracy: 0.7662 val_loss: 0.3118 val_accuracy: 0.8722
Epoch: 7 loss: 0.4510 accuracy: 0.7705 val_loss: 0.3698 val_accuracy: 0.8239
Epoch: 8 loss: 0.4486 accuracy: 0.7733 val_loss: 0.3217 val_accuracy: 0.8522
Epoch: 9 loss: 0.4445 accuracy: 0.7761 val_loss: 0.3957 val_accuracy: 0.7938
Epoch: 10 loss: 0.4443 accuracy: 0.7763 val_loss: 0.3159 val_accuracy: 0.8577
Epoch: 11 loss: 0.4416 accuracy: 0.7781 val_loss: 0.2872 val_accuracy: 0.8930
Epoch: 12 loss: 0.4402 accuracy: 0.7791 val_loss: 0.5722 val_accuracy: 0.5925
Epoch: 13 loss: 0.4436 accuracy: 0.7750 val_loss: 0.4326 val_accuracy: 0.7470
Epoch: 14 loss: 0.4359 accuracy: 0.7825 val_loss: 0.3190 val_accuracy: 0.8633
Epoch: 15 loss: 0.4343 accuracy: 0.7828 val_loss: 0.3337 val_accuracy: 0.8529
Epoch: 16 loss: 0.4341 accuracy: 0.7826 val_loss: 0.3560 val_accuracy: 0.8232
Epoch: 17 loss: 0.4317 accuracy: 0.7857 val_loss: 0.5809 val_accuracy: 0.6464
Epoch: 18 loss: 0.4307 accuracy: 0.7850 val_loss: 0.3850 val_accuracy: 0.8146
Epoch: 19 loss: 0.4304 accuracy: 0.7858 val_loss: 0.5037 val_accuracy: 0.6937
Epoch: 20 loss: 0.4302 accuracy: 0.7859 val_loss: 0.7854 val_accuracy: 0.4805
Job ended!
