Wed 28 Feb 2024 02:37:05 AM EST
Python 3.9.7
nvcc: NVIDIA (R) Cuda compiler driver
Copyright (c) 2005-2019 NVIDIA Corporation
Built on Sun_Jul_28_19:07:16_PDT_2019
Cuda compilation tools, release 10.1, V10.1.243
My SLURM_ARRAY_TASK_ID: 
DB: ['ISIC2016', 'MEDNODE', 'KaggleMB']
IMG_SIZE: [150, 150]
CLASSIFIER: ResNet101V2
SELF_AUG: 1
JOB_INDEX: None
Combining...
Combining 1 db out of 3 dbs
Combining 2 db out of 3 dbs
Combining 3 db out of 3 dbs
Stacking training images
Stacking training labels
Stacking validation images
Stacking validation labels
Model: "sequential"
_________________________________________________________________
Layer (type)                 Output Shape              Param #   
=================================================================
resnet101v2 (Functional)     (None, 2048)              42626560  
_________________________________________________________________
dense (Dense)                (None, 512)               1049088   
_________________________________________________________________
dropout (Dropout)            (None, 512)               0         
_________________________________________________________________
batch_normalization (BatchNo (None, 512)               2048      
_________________________________________________________________
dense_1 (Dense)              (None, 256)               131328    
_________________________________________________________________
dropout_1 (Dropout)          (None, 256)               0         
_________________________________________________________________
batch_normalization_1 (Batch (None, 256)               1024      
_________________________________________________________________
dense_2 (Dense)              (None, 2)                 514       
=================================================================
Total params: 43,810,562
Trainable params: 1,182,466
Non-trainable params: 42,628,096
_________________________________________________________________
Fitting ISIC2016+MEDNODE+KaggleMB_aug_ResNet101V2_150h_150w_None model...
model_name: ISIC2016+MEDNODE+KaggleMB_aug_ResNet101V2_150h_150w_None
Epoch: 1 loss: 0.8461 accuracy: 0.5914 val_loss: 0.6554 val_accuracy: 0.6307
Epoch: 2 loss: 0.7663 accuracy: 0.6107 val_loss: 0.6286 val_accuracy: 0.6509
Epoch: 3 loss: 0.7339 accuracy: 0.6205 val_loss: 0.6036 val_accuracy: 0.6739
Epoch: 4 loss: 0.7018 accuracy: 0.6425 val_loss: 0.5752 val_accuracy: 0.6765
Epoch: 5 loss: 0.7031 accuracy: 0.6374 val_loss: 0.6438 val_accuracy: 0.6253
Epoch: 6 loss: 0.6848 accuracy: 0.6441 val_loss: 0.7175 val_accuracy: 0.6038
Epoch: 7 loss: 0.6814 accuracy: 0.6511 val_loss: 0.6091 val_accuracy: 0.6469
Epoch: 8 loss: 0.6597 accuracy: 0.6561 val_loss: 0.5834 val_accuracy: 0.6334
Epoch: 9 loss: 0.6465 accuracy: 0.6641 val_loss: 0.5659 val_accuracy: 0.6348
Epoch: 10 loss: 0.6357 accuracy: 0.6710 val_loss: 0.6033 val_accuracy: 0.6321
Epoch: 11 loss: 0.6270 accuracy: 0.6743 val_loss: 0.6352 val_accuracy: 0.6146
Epoch: 12 loss: 0.6213 accuracy: 0.6665 val_loss: 0.6174 val_accuracy: 0.6253
Epoch: 13 loss: 0.6273 accuracy: 0.6708 val_loss: 0.6111 val_accuracy: 0.6375
Epoch: 14 loss: 0.6048 accuracy: 0.6853 val_loss: 0.5455 val_accuracy: 0.6954
Epoch: 15 loss: 0.5947 accuracy: 0.6867 val_loss: 0.7616 val_accuracy: 0.6065
Epoch: 16 loss: 0.5839 accuracy: 0.6940 val_loss: 0.6415 val_accuracy: 0.6415
Epoch: 17 loss: 0.5922 accuracy: 0.6812 val_loss: 0.5747 val_accuracy: 0.6294
Epoch: 18 loss: 0.5702 accuracy: 0.6993 val_loss: 0.5290 val_accuracy: 0.7291
Epoch: 19 loss: 0.5521 accuracy: 0.7034 val_loss: 0.5584 val_accuracy: 0.6739
Epoch: 20 loss: 0.5510 accuracy: 0.7077 val_loss: 0.5273 val_accuracy: 0.6873
Job ended!
