Wed 28 Feb 2024 01:16:07 AM EST
Python 3.9.7
nvcc: NVIDIA (R) Cuda compiler driver
Copyright (c) 2005-2019 NVIDIA Corporation
Built on Sun_Jul_28_19:07:16_PDT_2019
Cuda compilation tools, release 10.1, V10.1.243
My SLURM_ARRAY_TASK_ID: 
DB: ['ISIC2016', 'ISIC2017', 'ISIC2018']
IMG_SIZE: [150, 150]
CLASSIFIER: ResNet101V2
SELF_AUG: 1
JOB_INDEX: None
Combining...
Combining 1 db out of 3 dbs
Combining 2 db out of 3 dbs
Combining 3 db out of 3 dbs
Stacking training images
Stacking training labels
Stacking validation images
Stacking validation labels
Model: "sequential"
_________________________________________________________________
Layer (type)                 Output Shape              Param #   
=================================================================
resnet101v2 (Functional)     (None, 2048)              42626560  
_________________________________________________________________
dense (Dense)                (None, 512)               1049088   
_________________________________________________________________
dropout (Dropout)            (None, 512)               0         
_________________________________________________________________
batch_normalization (BatchNo (None, 512)               2048      
_________________________________________________________________
dense_1 (Dense)              (None, 256)               131328    
_________________________________________________________________
dropout_1 (Dropout)          (None, 256)               0         
_________________________________________________________________
batch_normalization_1 (Batch (None, 256)               1024      
_________________________________________________________________
dense_2 (Dense)              (None, 2)                 514       
=================================================================
Total params: 43,810,562
Trainable params: 1,182,466
Non-trainable params: 42,628,096
_________________________________________________________________
Fitting ISIC2016+ISIC2017+ISIC2018_aug_ResNet101V2_150h_150w_None model...
model_name: ISIC2016+ISIC2017+ISIC2018_aug_ResNet101V2_150h_150w_None
Epoch: 1 loss: 0.7070 accuracy: 0.6381 val_loss: 0.5363 val_accuracy: 0.7323
Epoch: 2 loss: 0.6200 accuracy: 0.6930 val_loss: 0.4646 val_accuracy: 0.8203
Epoch: 3 loss: 0.5888 accuracy: 0.7107 val_loss: 0.5112 val_accuracy: 0.7495
Epoch: 4 loss: 0.5596 accuracy: 0.7172 val_loss: 0.6162 val_accuracy: 0.6635
Epoch: 5 loss: 0.5320 accuracy: 0.7424 val_loss: 0.6196 val_accuracy: 0.6176
Epoch: 6 loss: 0.5095 accuracy: 0.7468 val_loss: 0.6114 val_accuracy: 0.6482
Epoch: 7 loss: 0.4993 accuracy: 0.7517 val_loss: 0.4608 val_accuracy: 0.8164
Epoch: 8 loss: 0.4756 accuracy: 0.7676 val_loss: 0.4735 val_accuracy: 0.8126
Epoch: 9 loss: 0.4672 accuracy: 0.7709 val_loss: 0.4494 val_accuracy: 0.8203
Epoch: 10 loss: 0.4629 accuracy: 0.7779 val_loss: 0.4418 val_accuracy: 0.8203
Epoch: 11 loss: 0.4620 accuracy: 0.7755 val_loss: 0.4234 val_accuracy: 0.8279
Epoch: 12 loss: 0.4615 accuracy: 0.7728 val_loss: 0.4669 val_accuracy: 0.7916
Epoch: 13 loss: 0.4546 accuracy: 0.7792 val_loss: 0.4788 val_accuracy: 0.7820
Epoch: 14 loss: 0.4477 accuracy: 0.7883 val_loss: 0.4673 val_accuracy: 0.8069
Epoch: 15 loss: 0.4522 accuracy: 0.7830 val_loss: 0.4530 val_accuracy: 0.8088
Epoch: 16 loss: 0.4491 accuracy: 0.7884 val_loss: 0.4428 val_accuracy: 0.8222
Epoch: 17 loss: 0.4470 accuracy: 0.7872 val_loss: 0.5586 val_accuracy: 0.6998
Epoch: 18 loss: 0.4442 accuracy: 0.7893 val_loss: 0.4516 val_accuracy: 0.8031
Epoch: 19 loss: 0.4417 accuracy: 0.7923 val_loss: 0.4320 val_accuracy: 0.8394
Epoch: 20 loss: 0.4376 accuracy: 0.7935 val_loss: 0.4278 val_accuracy: 0.8088
Job ended!
