Mon 06 May 2024 01:24:28 AM EDT
Python 3.9.7
nvcc: NVIDIA (R) Cuda compiler driver
Copyright (c) 2005-2019 NVIDIA Corporation
Built on Sun_Jul_28_19:07:16_PDT_2019
Cuda compilation tools, release 10.1, V10.1.243
My SLURM_ARRAY_TASK_ID: 
DB: ['ISIC2016', 'ISIC2017', 'ISIC2018', 'ISIC2019', 'ISIC2020']
IMG_SIZE: [384, 384]
CLASSIFIER: ResNet101V2
JOB_INDEX: None
Start training augmented images
Combining...
Combining 1th db out of 5 dbs
Combining 2th db out of 5 dbs
Combining 3th db out of 5 dbs
Combining 4th db out of 5 dbs
Combining 5th db out of 5 dbs
Stacking data
Combining complete
Model: "sequential"
_________________________________________________________________
Layer (type)                 Output Shape              Param #   
=================================================================
resnet101v2 (Functional)     (None, 2048)              42626560  
_________________________________________________________________
dense (Dense)                (None, 512)               1049088   
_________________________________________________________________
dropout (Dropout)            (None, 512)               0         
_________________________________________________________________
batch_normalization (BatchNo (None, 512)               2048      
_________________________________________________________________
dense_1 (Dense)              (None, 256)               131328    
_________________________________________________________________
batch_normalization_1 (Batch (None, 256)               1024      
_________________________________________________________________
dense_2 (Dense)              (None, 2)                 514       
=================================================================
Total params: 43,810,562
Trainable params: 1,182,466
Non-trainable params: 42,628,096
_________________________________________________________________
Fitting ISIC2016+ISIC2017+ISIC2018+ISIC2019+ISIC2020_aug_ResNet101V2_384h_384w_None model...
model_name: ISIC2016+ISIC2017+ISIC2018+ISIC2019+ISIC2020_aug_ResNet101V2_384h_384w_None
Epoch: 1 loss: 0.8546 accuracy: 0.8339 val_loss: 0.6983 val_accuracy: 0.8924
Epoch: 2 loss: 0.6511 accuracy: 0.8856 val_loss: 0.5810 val_accuracy: 0.9099
Epoch: 3 loss: 0.5593 accuracy: 0.9020 val_loss: 0.5452 val_accuracy: 0.9031
Epoch: 4 loss: 0.4931 accuracy: 0.9130 val_loss: 0.4871 val_accuracy: 0.9100
Epoch: 5 loss: 0.4411 accuracy: 0.9231 val_loss: 0.4504 val_accuracy: 0.9159
Epoch: 6 loss: 0.4012 accuracy: 0.9281 val_loss: 0.4627 val_accuracy: 0.8992
Epoch: 7 loss: 0.3727 accuracy: 0.9313 val_loss: 0.3988 val_accuracy: 0.9200
Epoch: 8 loss: 0.3461 accuracy: 0.9348 val_loss: 0.4256 val_accuracy: 0.8957
Epoch: 9 loss: 0.3225 accuracy: 0.9381 val_loss: 0.3806 val_accuracy: 0.9128
Epoch: 10 loss: 0.3036 accuracy: 0.9417 val_loss: 0.3697 val_accuracy: 0.9160
Epoch: 11 loss: 0.2855 accuracy: 0.9448 val_loss: 0.3470 val_accuracy: 0.9221
Epoch: 12 loss: 0.2753 accuracy: 0.9452 val_loss: 0.3300 val_accuracy: 0.9282
Epoch: 13 loss: 0.2625 accuracy: 0.9476 val_loss: 0.3524 val_accuracy: 0.9100
Epoch: 14 loss: 0.2500 accuracy: 0.9511 val_loss: 0.3130 val_accuracy: 0.9280
Epoch: 15 loss: 0.2487 accuracy: 0.9476 val_loss: 0.3216 val_accuracy: 0.9204
Epoch: 16 loss: 0.2374 accuracy: 0.9510 val_loss: 0.3218 val_accuracy: 0.9236
Epoch: 17 loss: 0.2282 accuracy: 0.9527 val_loss: 0.3288 val_accuracy: 0.9164
Epoch: 18 loss: 0.2156 accuracy: 0.9564 val_loss: 0.3058 val_accuracy: 0.9251
Epoch: 19 loss: 0.2118 accuracy: 0.9559 val_loss: 0.3104 val_accuracy: 0.9187
Epoch: 20 loss: 0.2079 accuracy: 0.9568 val_loss: 0.2775 val_accuracy: 0.9339
Epoch: 21 loss: 0.2032 accuracy: 0.9574 val_loss: 0.3148 val_accuracy: 0.9207
Epoch: 22 loss: 0.2005 accuracy: 0.9570 val_loss: 0.2921 val_accuracy: 0.9271
Epoch: 23 loss: 0.1929 accuracy: 0.9583 val_loss: 0.3041 val_accuracy: 0.9168
Epoch: 24 loss: 0.1928 accuracy: 0.9581 val_loss: 0.2868 val_accuracy: 0.9281
Epoch: 25 loss: 0.1847 accuracy: 0.9596 val_loss: 0.2923 val_accuracy: 0.9238

Epoch 00025: ReduceLROnPlateau reducing learning rate to 7.999999797903001e-05.
Epoch: 26 loss: 0.1730 accuracy: 0.9650 val_loss: 0.2818 val_accuracy: 0.9312
Epoch: 27 loss: 0.1656 accuracy: 0.9663 val_loss: 0.2711 val_accuracy: 0.9322
Epoch: 28 loss: 0.1601 accuracy: 0.9676 val_loss: 0.2722 val_accuracy: 0.9328
Epoch: 29 loss: 0.1542 accuracy: 0.9695 val_loss: 0.2843 val_accuracy: 0.9320
Epoch: 30 loss: 0.1504 accuracy: 0.9710 val_loss: 0.2468 val_accuracy: 0.9444
Epoch: 31 loss: 0.1490 accuracy: 0.9711 val_loss: 0.2564 val_accuracy: 0.9402
Epoch: 32 loss: 0.1462 accuracy: 0.9713 val_loss: 0.2471 val_accuracy: 0.9429
Epoch: 33 loss: 0.1452 accuracy: 0.9714 val_loss: 0.2608 val_accuracy: 0.9359
Epoch: 34 loss: 0.1404 accuracy: 0.9723 val_loss: 0.2568 val_accuracy: 0.9374
Epoch: 35 loss: 0.1426 accuracy: 0.9715 val_loss: 0.2575 val_accuracy: 0.9369

Epoch 00035: ReduceLROnPlateau reducing learning rate to 6.399999838322402e-05.
Epoch: 36 loss: 0.1308 accuracy: 0.9762 val_loss: 0.2578 val_accuracy: 0.9379
Epoch: 37 loss: 0.1248 accuracy: 0.9778 val_loss: 0.2535 val_accuracy: 0.9437
Epoch: 38 loss: 0.1231 accuracy: 0.9782 val_loss: 0.2493 val_accuracy: 0.9453
Epoch: 39 loss: 0.1223 accuracy: 0.9776 val_loss: 0.2474 val_accuracy: 0.9426
Epoch: 40 loss: 0.1221 accuracy: 0.9782 val_loss: 0.2353 val_accuracy: 0.9471
Epoch: 41 loss: 0.1169 accuracy: 0.9801 val_loss: 0.2552 val_accuracy: 0.9429
Epoch: 42 loss: 0.1162 accuracy: 0.9800 val_loss: 0.2563 val_accuracy: 0.9387
Epoch: 43 loss: 0.1130 accuracy: 0.9806 val_loss: 0.2537 val_accuracy: 0.9429
Epoch: 44 loss: 0.1153 accuracy: 0.9794 val_loss: 0.2548 val_accuracy: 0.9426
Epoch: 45 loss: 0.1099 accuracy: 0.9815 val_loss: 0.2911 val_accuracy: 0.9278

Epoch 00045: ReduceLROnPlateau reducing learning rate to 5.119999987073243e-05.
Epoch: 46 loss: 0.1055 accuracy: 0.9825 val_loss: 0.2729 val_accuracy: 0.9388
Epoch: 47 loss: 0.1013 accuracy: 0.9843 val_loss: 0.2719 val_accuracy: 0.9381
Epoch: 48 loss: 0.0991 accuracy: 0.9846 val_loss: 0.2599 val_accuracy: 0.9424
Epoch: 49 loss: 0.0995 accuracy: 0.9844 val_loss: 0.2600 val_accuracy: 0.9434
Epoch: 50 loss: 0.0984 accuracy: 0.9845 val_loss: 0.2558 val_accuracy: 0.9442

Epoch 00050: ReduceLROnPlateau reducing learning rate to 4.0960000478662555e-05.
End of augmented training
Finish
Job ended!
