Wed 28 Feb 2024 02:42:15 AM EST
Python 3.9.7
nvcc: NVIDIA (R) Cuda compiler driver
Copyright (c) 2005-2019 NVIDIA Corporation
Built on Sun_Jul_28_19:07:16_PDT_2019
Cuda compilation tools, release 10.1, V10.1.243
My SLURM_ARRAY_TASK_ID: 
DB: ['ISIC2019']
IMG_SIZE: [150, 150]
CLASSIFIER: ResNet101V2
SELF_AUG: 1
JOB_INDEX: None
Combining...
Combining 1 db out of 1 dbs
Stacking training images
Stacking training labels
Stacking validation images
Stacking validation labels
Model: "sequential"
_________________________________________________________________
Layer (type)                 Output Shape              Param #   
=================================================================
resnet101v2 (Functional)     (None, 2048)              42626560  
_________________________________________________________________
dense (Dense)                (None, 512)               1049088   
_________________________________________________________________
dropout (Dropout)            (None, 512)               0         
_________________________________________________________________
batch_normalization (BatchNo (None, 512)               2048      
_________________________________________________________________
dense_1 (Dense)              (None, 256)               131328    
_________________________________________________________________
dropout_1 (Dropout)          (None, 256)               0         
_________________________________________________________________
batch_normalization_1 (Batch (None, 256)               1024      
_________________________________________________________________
dense_2 (Dense)              (None, 2)                 514       
=================================================================
Total params: 43,810,562
Trainable params: 1,182,466
Non-trainable params: 42,628,096
_________________________________________________________________
Fitting ISIC2019_aug_ResNet101V2_150h_150w_None model...
model_name: ISIC2019_aug_ResNet101V2_150h_150w_None
Epoch: 1 loss: 0.7583 accuracy: 0.6116 val_loss: 1.1090 val_accuracy: 0.3061
Epoch: 2 loss: 0.6864 accuracy: 0.6387 val_loss: 0.5688 val_accuracy: 0.6641
Epoch: 3 loss: 0.6473 accuracy: 0.6546 val_loss: 0.6327 val_accuracy: 0.6440
Epoch: 4 loss: 0.6107 accuracy: 0.6804 val_loss: 0.5085 val_accuracy: 0.7865
Epoch: 5 loss: 0.5818 accuracy: 0.7022 val_loss: 0.4646 val_accuracy: 0.8247
Epoch: 6 loss: 0.5629 accuracy: 0.7178 val_loss: 0.4689 val_accuracy: 0.8068
Epoch: 7 loss: 0.5541 accuracy: 0.7248 val_loss: 0.4625 val_accuracy: 0.8019
Epoch: 8 loss: 0.5543 accuracy: 0.7238 val_loss: 0.4356 val_accuracy: 0.8295
Epoch: 9 loss: 0.5492 accuracy: 0.7270 val_loss: 0.6040 val_accuracy: 0.6552
Epoch: 10 loss: 0.5459 accuracy: 0.7321 val_loss: 0.4290 val_accuracy: 0.8344
Epoch: 11 loss: 0.5418 accuracy: 0.7367 val_loss: 0.4388 val_accuracy: 0.8287
Epoch: 12 loss: 0.5373 accuracy: 0.7405 val_loss: 0.4714 val_accuracy: 0.8119
Epoch: 13 loss: 0.5480 accuracy: 0.7252 val_loss: 0.4431 val_accuracy: 0.8259
Epoch: 14 loss: 0.5484 accuracy: 0.7185 val_loss: 0.4096 val_accuracy: 0.8364
Epoch: 15 loss: 0.5447 accuracy: 0.7224 val_loss: 0.4172 val_accuracy: 0.8330
Epoch: 16 loss: 0.5462 accuracy: 0.7214 val_loss: 0.4305 val_accuracy: 0.8321
Epoch: 17 loss: 0.5451 accuracy: 0.7223 val_loss: 0.4600 val_accuracy: 0.8311
Epoch: 18 loss: 0.5439 accuracy: 0.7238 val_loss: 0.4091 val_accuracy: 0.8392
Epoch: 19 loss: 0.5398 accuracy: 0.7275 val_loss: 0.4203 val_accuracy: 0.8326
Epoch: 20 loss: 0.5419 accuracy: 0.7235 val_loss: 0.4312 val_accuracy: 0.8303
Job ended!
