Wed 28 Feb 2024 02:24:20 AM EST
Python 3.9.7
nvcc: NVIDIA (R) Cuda compiler driver
Copyright (c) 2005-2019 NVIDIA Corporation
Built on Sun_Jul_28_19:07:16_PDT_2019
Cuda compilation tools, release 10.1, V10.1.243
My SLURM_ARRAY_TASK_ID: 
DB: ['ISIC2016', 'ISIC2019', 'ISIC2020']
IMG_SIZE: [150, 150]
CLASSIFIER: ResNet101V2
SELF_AUG: 1
JOB_INDEX: None
Combining...
Combining 1 db out of 3 dbs
Combining 2 db out of 3 dbs
Combining 3 db out of 3 dbs
Stacking training images
Stacking training labels
Stacking validation images
Stacking validation labels
Model: "sequential"
_________________________________________________________________
Layer (type)                 Output Shape              Param #   
=================================================================
resnet101v2 (Functional)     (None, 2048)              42626560  
_________________________________________________________________
dense (Dense)                (None, 512)               1049088   
_________________________________________________________________
dropout (Dropout)            (None, 512)               0         
_________________________________________________________________
batch_normalization (BatchNo (None, 512)               2048      
_________________________________________________________________
dense_1 (Dense)              (None, 256)               131328    
_________________________________________________________________
dropout_1 (Dropout)          (None, 256)               0         
_________________________________________________________________
batch_normalization_1 (Batch (None, 256)               1024      
_________________________________________________________________
dense_2 (Dense)              (None, 2)                 514       
=================================================================
Total params: 43,810,562
Trainable params: 1,182,466
Non-trainable params: 42,628,096
_________________________________________________________________
Fitting ISIC2016+ISIC2019+ISIC2020_aug_ResNet101V2_150h_150w_None model...
model_name: ISIC2016+ISIC2019+ISIC2020_aug_ResNet101V2_150h_150w_None
Epoch: 1 loss: 0.5778 accuracy: 0.7026 val_loss: 0.4677 val_accuracy: 0.7920
Epoch: 2 loss: 0.4771 accuracy: 0.7517 val_loss: 0.2908 val_accuracy: 0.8882
Epoch: 3 loss: 0.4487 accuracy: 0.7666 val_loss: 0.3214 val_accuracy: 0.8363
Epoch: 4 loss: 0.4387 accuracy: 0.7750 val_loss: 0.2634 val_accuracy: 0.9154
Epoch: 5 loss: 0.4391 accuracy: 0.7721 val_loss: 0.5472 val_accuracy: 0.6116
Epoch: 6 loss: 0.4423 accuracy: 0.7664 val_loss: 0.2801 val_accuracy: 0.8741
Epoch: 7 loss: 0.4351 accuracy: 0.7734 val_loss: 0.4874 val_accuracy: 0.7125
Epoch: 8 loss: 0.4339 accuracy: 0.7766 val_loss: 0.4618 val_accuracy: 0.7458
Epoch: 9 loss: 0.4310 accuracy: 0.7803 val_loss: 0.3475 val_accuracy: 0.8405
Epoch: 10 loss: 0.4258 accuracy: 0.7853 val_loss: 0.2746 val_accuracy: 0.8948
Epoch: 11 loss: 0.4237 accuracy: 0.7869 val_loss: 0.5175 val_accuracy: 0.6767
Epoch: 12 loss: 0.4209 accuracy: 0.7880 val_loss: 0.2728 val_accuracy: 0.8943
Epoch: 13 loss: 0.4202 accuracy: 0.7898 val_loss: 0.5592 val_accuracy: 0.6557
Epoch: 14 loss: 0.4196 accuracy: 0.7917 val_loss: 0.3551 val_accuracy: 0.8054
Epoch: 15 loss: 0.4179 accuracy: 0.7917 val_loss: 0.3302 val_accuracy: 0.8399
Epoch: 16 loss: 0.4158 accuracy: 0.7944 val_loss: 0.6623 val_accuracy: 0.5836
Epoch: 17 loss: 0.4163 accuracy: 0.7941 val_loss: 0.4786 val_accuracy: 0.7466
Epoch: 18 loss: 0.4166 accuracy: 0.7947 val_loss: 0.3386 val_accuracy: 0.8523
Epoch: 19 loss: 0.4144 accuracy: 0.7958 val_loss: 0.4235 val_accuracy: 0.7660
Epoch: 20 loss: 0.4149 accuracy: 0.7966 val_loss: 0.4084 val_accuracy: 0.7751
Job ended!
