Mon 06 May 2024 06:35:19 AM EDT
Python 3.9.7
nvcc: NVIDIA (R) Cuda compiler driver
Copyright (c) 2005-2019 NVIDIA Corporation
Built on Sun_Jul_28_19:07:16_PDT_2019
Cuda compilation tools, release 10.1, V10.1.243
My SLURM_ARRAY_TASK_ID: 
DB: ['ISIC2016', 'MEDNODE', 'KaggleMB']
IMG_SIZE: [384, 384]
CLASSIFIER: ResNet101V2
JOB_INDEX: None
Start training augmented images
Combining...
Combining 1th db out of 3 dbs
Combining 2th db out of 3 dbs
Combining 3th db out of 3 dbs
Stacking data
Combining complete
Model: "sequential"
_________________________________________________________________
Layer (type)                 Output Shape              Param #   
=================================================================
resnet101v2 (Functional)     (None, 2048)              42626560  
_________________________________________________________________
dense (Dense)                (None, 512)               1049088   
_________________________________________________________________
dropout (Dropout)            (None, 512)               0         
_________________________________________________________________
batch_normalization (BatchNo (None, 512)               2048      
_________________________________________________________________
dense_1 (Dense)              (None, 256)               131328    
_________________________________________________________________
batch_normalization_1 (Batch (None, 256)               1024      
_________________________________________________________________
dense_2 (Dense)              (None, 2)                 514       
=================================================================
Total params: 43,810,562
Trainable params: 1,182,466
Non-trainable params: 42,628,096
_________________________________________________________________
Fitting ISIC2016+MEDNODE+KaggleMB_aug_ResNet101V2_384h_384w_None model...
model_name: ISIC2016+MEDNODE+KaggleMB_aug_ResNet101V2_384h_384w_None
Epoch: 1 loss: 1.1053 accuracy: 0.7575 val_loss: 1.0417 val_accuracy: 0.7682
Epoch: 2 loss: 0.8705 accuracy: 0.8551 val_loss: 0.9467 val_accuracy: 0.7844
Epoch: 3 loss: 0.7922 accuracy: 0.8809 val_loss: 0.9349 val_accuracy: 0.7965
Epoch: 4 loss: 0.7470 accuracy: 0.9018 val_loss: 0.9169 val_accuracy: 0.7911
Epoch: 5 loss: 0.7105 accuracy: 0.9089 val_loss: 0.9633 val_accuracy: 0.7695
Epoch: 6 loss: 0.6745 accuracy: 0.9261 val_loss: 0.8983 val_accuracy: 0.8059
Epoch: 7 loss: 0.6357 accuracy: 0.9428 val_loss: 0.8629 val_accuracy: 0.8275
Epoch: 8 loss: 0.6054 accuracy: 0.9464 val_loss: 0.9040 val_accuracy: 0.8059
Epoch: 9 loss: 0.5853 accuracy: 0.9519 val_loss: 0.9132 val_accuracy: 0.8100
Epoch: 10 loss: 0.5718 accuracy: 0.9543 val_loss: 0.8840 val_accuracy: 0.8167
Epoch: 11 loss: 0.5451 accuracy: 0.9649 val_loss: 0.8591 val_accuracy: 0.8235
Epoch: 12 loss: 0.5249 accuracy: 0.9720 val_loss: 0.8672 val_accuracy: 0.8208
Epoch: 13 loss: 0.5139 accuracy: 0.9744 val_loss: 0.8759 val_accuracy: 0.8248
Epoch: 14 loss: 0.5059 accuracy: 0.9734 val_loss: 0.9120 val_accuracy: 0.8059
Epoch: 15 loss: 0.4832 accuracy: 0.9797 val_loss: 0.8946 val_accuracy: 0.8235
Epoch: 16 loss: 0.4753 accuracy: 0.9793 val_loss: 0.8982 val_accuracy: 0.8221

Epoch 00016: ReduceLROnPlateau reducing learning rate to 7.999999797903001e-05.
Epoch: 17 loss: 0.4624 accuracy: 0.9830 val_loss: 0.8556 val_accuracy: 0.8342
Epoch: 18 loss: 0.4505 accuracy: 0.9864 val_loss: 0.8939 val_accuracy: 0.8315
Epoch: 19 loss: 0.4430 accuracy: 0.9878 val_loss: 0.9134 val_accuracy: 0.8154
Epoch: 20 loss: 0.4315 accuracy: 0.9890 val_loss: 0.8344 val_accuracy: 0.8356
Epoch: 21 loss: 0.4262 accuracy: 0.9890 val_loss: 0.8881 val_accuracy: 0.8181
Epoch: 22 loss: 0.4184 accuracy: 0.9894 val_loss: 0.8812 val_accuracy: 0.8342
Epoch: 23 loss: 0.4102 accuracy: 0.9909 val_loss: 0.8692 val_accuracy: 0.8261
Epoch: 24 loss: 0.4074 accuracy: 0.9905 val_loss: 0.9205 val_accuracy: 0.8140
Epoch: 25 loss: 0.3997 accuracy: 0.9897 val_loss: 0.8984 val_accuracy: 0.8261

Epoch 00025: ReduceLROnPlateau reducing learning rate to 6.399999838322402e-05.
Epoch: 26 loss: 0.3907 accuracy: 0.9941 val_loss: 0.9027 val_accuracy: 0.8275
Epoch: 27 loss: 0.3828 accuracy: 0.9951 val_loss: 0.9248 val_accuracy: 0.8356
Epoch: 28 loss: 0.3776 accuracy: 0.9955 val_loss: 0.9041 val_accuracy: 0.8369
Epoch: 29 loss: 0.3739 accuracy: 0.9955 val_loss: 0.9260 val_accuracy: 0.8302
Epoch: 30 loss: 0.3714 accuracy: 0.9935 val_loss: 0.9270 val_accuracy: 0.8235

Epoch 00030: ReduceLROnPlateau reducing learning rate to 5.119999987073243e-05.
End of augmented training
Finish
Job ended!
