DB: ['ISIC2017']
CLASSIFIER: VGG19_bn
JOB_INDEX: None
Start training ISIC2017_VGG19_bn
Combining...
Combining 1th db out of 1 dbs
Stacking data
Combining complete
Epoch 0/29
----------
Train Loss: 0.6530 Acc: 0.5870
Val Loss: 0.4927 Acc: 0.7733

Epoch 1/29
----------
Train Loss: 0.5923 Acc: 0.6810
Val Loss: 0.5158 Acc: 0.7933

Epoch 2/29
----------
Train Loss: 0.5686 Acc: 0.6910
Val Loss: 0.5137 Acc: 0.7733

Epoch 3/29
----------
Train Loss: 0.5308 Acc: 0.7245
Val Loss: 0.4882 Acc: 0.7467

Epoch 4/29
----------
Train Loss: 0.5192 Acc: 0.7370
Val Loss: 0.4853 Acc: 0.8133

Epoch 5/29
----------
Train Loss: 0.5018 Acc: 0.7390
Val Loss: 0.4837 Acc: 0.8133

Epoch 6/29
----------
Train Loss: 0.4878 Acc: 0.7500
Val Loss: 0.4536 Acc: 0.8000

Epoch 7/29
----------
Train Loss: 0.4752 Acc: 0.7605
Val Loss: 0.4636 Acc: 0.8000

Epoch 8/29
----------
Train Loss: 0.4809 Acc: 0.7595
Val Loss: 0.4595 Acc: 0.8000

Epoch 9/29
----------
Train Loss: 0.4561 Acc: 0.7580
Val Loss: 0.4556 Acc: 0.8067

Epoch 10/29
----------
Train Loss: 0.4691 Acc: 0.7715
Val Loss: 0.4532 Acc: 0.8067

Epoch 11/29
----------
Train Loss: 0.4548 Acc: 0.7700
Val Loss: 0.4416 Acc: 0.8333

Epoch 12/29
----------
Train Loss: 0.4547 Acc: 0.7775
Val Loss: 0.4517 Acc: 0.8133

Epoch 13/29
----------
Train Loss: 0.4552 Acc: 0.7585
Val Loss: 0.4502 Acc: 0.8133

Epoch 14/29
----------
Train Loss: 0.4604 Acc: 0.7685
Val Loss: 0.4493 Acc: 0.8200

Epoch 15/29
----------
Train Loss: 0.4460 Acc: 0.7705
Val Loss: 0.4451 Acc: 0.8200

Epoch 16/29
----------
Train Loss: 0.4614 Acc: 0.7720
Val Loss: 0.4487 Acc: 0.8133

Epoch 17/29
----------
Train Loss: 0.4704 Acc: 0.7665
Val Loss: 0.4513 Acc: 0.8133

Epoch 18/29
----------
Train Loss: 0.4342 Acc: 0.7855
Val Loss: 0.4453 Acc: 0.8267

Epoch 19/29
----------
Train Loss: 0.4575 Acc: 0.7655
Val Loss: 0.4515 Acc: 0.8067

Epoch 20/29
----------
Train Loss: 0.4372 Acc: 0.7790
Val Loss: 0.4491 Acc: 0.8267

Epoch 21/29
----------
Train Loss: 0.4373 Acc: 0.7825
Val Loss: 0.4476 Acc: 0.8200

Epoch 22/29
----------
Train Loss: 0.4573 Acc: 0.7805
Val Loss: 0.4488 Acc: 0.8133

Epoch 23/29
----------
Train Loss: 0.4486 Acc: 0.7840
Val Loss: 0.4473 Acc: 0.8133

Epoch 24/29
----------
Train Loss: 0.4416 Acc: 0.7870
Val Loss: 0.4536 Acc: 0.8200

Epoch 25/29
----------
Train Loss: 0.4567 Acc: 0.7725
Val Loss: 0.4437 Acc: 0.8200

Epoch 26/29
----------
Train Loss: 0.4661 Acc: 0.7660
Val Loss: 0.4561 Acc: 0.8200

Epoch 27/29
----------
Train Loss: 0.4586 Acc: 0.7725
Val Loss: 0.4529 Acc: 0.8200

Epoch 28/29
----------
Train Loss: 0.4441 Acc: 0.7780
Val Loss: 0.4585 Acc: 0.8000

Epoch 29/29
----------
Train Loss: 0.4432 Acc: 0.7780
Val Loss: 0.4505 Acc: 0.8200

Training complete in 68m 31s
Best val Acc: 0.833333
Finished training ISIC2017_VGG19_bn
