Thu 02 May 2024 05:41:47 AM EDT
Python 3.9.7
nvcc: NVIDIA (R) Cuda compiler driver
Copyright (c) 2005-2019 NVIDIA Corporation
Built on Sun_Jul_28_19:07:16_PDT_2019
Cuda compilation tools, release 10.1, V10.1.243
My SLURM_ARRAY_TASK_ID: 
DB: ['ISIC2016', 'ISIC2019', 'ISIC2020']
IMG_SIZE: [384, 384]
CLASSIFIER: DenseNet121
JOB_INDEX: None
Start training augmented images
Combining...
Combining 1th db out of 3 dbs
Combining 2th db out of 3 dbs
Combining 3th db out of 3 dbs
Stacking data
Combining complete
Model: "sequential"
_________________________________________________________________
Layer (type)                 Output Shape              Param #   
=================================================================
densenet121 (Functional)     (None, 1024)              7037504   
_________________________________________________________________
dense (Dense)                (None, 512)               524800    
_________________________________________________________________
dropout (Dropout)            (None, 512)               0         
_________________________________________________________________
batch_normalization (BatchNo (None, 512)               2048      
_________________________________________________________________
dense_1 (Dense)              (None, 256)               131328    
_________________________________________________________________
batch_normalization_1 (Batch (None, 256)               1024      
_________________________________________________________________
dense_2 (Dense)              (None, 2)                 514       
=================================================================
Total params: 7,697,218
Trainable params: 658,178
Non-trainable params: 7,039,040
_________________________________________________________________
Fitting ISIC2016+ISIC2019+ISIC2020_aug_DenseNet121_384h_384w_None model...
model_name: ISIC2016+ISIC2019+ISIC2020_aug_DenseNet121_384h_384w_None
Epoch: 1 loss: 0.7535 accuracy: 0.8409 val_loss: 0.6391 val_accuracy: 0.8746
Epoch: 2 loss: 0.5800 accuracy: 0.8842 val_loss: 0.5752 val_accuracy: 0.8855
Epoch: 3 loss: 0.5175 accuracy: 0.9005 val_loss: 0.5416 val_accuracy: 0.8867
Epoch: 4 loss: 0.4811 accuracy: 0.9050 val_loss: 0.5177 val_accuracy: 0.8832
Epoch: 5 loss: 0.4472 accuracy: 0.9104 val_loss: 0.4636 val_accuracy: 0.9017
Epoch: 6 loss: 0.4148 accuracy: 0.9167 val_loss: 0.4334 val_accuracy: 0.9069
Epoch: 7 loss: 0.3874 accuracy: 0.9209 val_loss: 0.4400 val_accuracy: 0.8972
Epoch: 8 loss: 0.3634 accuracy: 0.9255 val_loss: 0.4255 val_accuracy: 0.8942
Epoch: 9 loss: 0.3480 accuracy: 0.9270 val_loss: 0.4005 val_accuracy: 0.9037
Epoch: 10 loss: 0.3315 accuracy: 0.9296 val_loss: 0.4077 val_accuracy: 0.8956
Epoch: 11 loss: 0.3192 accuracy: 0.9308 val_loss: 0.3932 val_accuracy: 0.8975
Epoch: 12 loss: 0.2965 accuracy: 0.9375 val_loss: 0.3584 val_accuracy: 0.9106
Epoch: 13 loss: 0.2869 accuracy: 0.9365 val_loss: 0.3549 val_accuracy: 0.9080
Epoch: 14 loss: 0.2760 accuracy: 0.9392 val_loss: 0.3497 val_accuracy: 0.9099
Epoch: 15 loss: 0.2662 accuracy: 0.9401 val_loss: 0.3336 val_accuracy: 0.9127
Epoch: 16 loss: 0.2566 accuracy: 0.9428 val_loss: 0.3453 val_accuracy: 0.9063
Epoch: 17 loss: 0.2490 accuracy: 0.9437 val_loss: 0.3147 val_accuracy: 0.9235
Epoch: 18 loss: 0.2434 accuracy: 0.9447 val_loss: 0.3491 val_accuracy: 0.9016
Epoch: 19 loss: 0.2349 accuracy: 0.9468 val_loss: 0.3210 val_accuracy: 0.9168
Epoch: 20 loss: 0.2238 accuracy: 0.9487 val_loss: 0.3210 val_accuracy: 0.9114
Epoch: 21 loss: 0.2188 accuracy: 0.9501 val_loss: 0.3109 val_accuracy: 0.9193
Epoch: 22 loss: 0.2132 accuracy: 0.9510 val_loss: 0.3280 val_accuracy: 0.9075
Epoch: 23 loss: 0.2090 accuracy: 0.9520 val_loss: 0.3397 val_accuracy: 0.9022
Epoch: 24 loss: 0.2052 accuracy: 0.9531 val_loss: 0.2862 val_accuracy: 0.9221
Epoch: 25 loss: 0.2024 accuracy: 0.9516 val_loss: 0.3081 val_accuracy: 0.9124
Epoch: 26 loss: 0.1943 accuracy: 0.9552 val_loss: 0.3001 val_accuracy: 0.9154
Epoch: 27 loss: 0.1877 accuracy: 0.9562 val_loss: 0.3260 val_accuracy: 0.9058
Epoch: 28 loss: 0.1923 accuracy: 0.9541 val_loss: 0.3022 val_accuracy: 0.9243
Epoch: 29 loss: 0.1866 accuracy: 0.9555 val_loss: 0.2904 val_accuracy: 0.9194

Epoch 00029: ReduceLROnPlateau reducing learning rate to 7.999999797903001e-05.
Epoch: 30 loss: 0.1734 accuracy: 0.9606 val_loss: 0.2843 val_accuracy: 0.9229
Epoch: 31 loss: 0.1657 accuracy: 0.9630 val_loss: 0.2998 val_accuracy: 0.9153
Epoch: 32 loss: 0.1676 accuracy: 0.9612 val_loss: 0.2772 val_accuracy: 0.9228
Epoch: 33 loss: 0.1594 accuracy: 0.9642 val_loss: 0.2873 val_accuracy: 0.9226
Epoch: 34 loss: 0.1567 accuracy: 0.9659 val_loss: 0.3056 val_accuracy: 0.9102
Epoch: 35 loss: 0.1546 accuracy: 0.9658 val_loss: 0.2952 val_accuracy: 0.9164
Epoch: 36 loss: 0.1539 accuracy: 0.9651 val_loss: 0.2881 val_accuracy: 0.9228
Epoch: 37 loss: 0.1486 accuracy: 0.9678 val_loss: 0.3194 val_accuracy: 0.9062

Epoch 00037: ReduceLROnPlateau reducing learning rate to 6.399999838322402e-05.
Epoch: 38 loss: 0.1421 accuracy: 0.9697 val_loss: 0.2838 val_accuracy: 0.9218
Epoch: 39 loss: 0.1360 accuracy: 0.9717 val_loss: 0.2897 val_accuracy: 0.9228
Epoch: 40 loss: 0.1322 accuracy: 0.9732 val_loss: 0.2949 val_accuracy: 0.9218
Epoch: 41 loss: 0.1326 accuracy: 0.9729 val_loss: 0.3007 val_accuracy: 0.9227
Epoch: 42 loss: 0.1300 accuracy: 0.9735 val_loss: 0.2791 val_accuracy: 0.9315

Epoch 00042: ReduceLROnPlateau reducing learning rate to 5.119999987073243e-05.
End of augmented training
Finish
Job ended!
