Wed 01 May 2024 06:56:07 PM EDT
Python 3.9.7
nvcc: NVIDIA (R) Cuda compiler driver
Copyright (c) 2005-2019 NVIDIA Corporation
Built on Sun_Jul_28_19:07:16_PDT_2019
Cuda compilation tools, release 10.1, V10.1.243
My SLURM_ARRAY_TASK_ID: 
DB: ['ISIC2016', '_7_point_criteria']
IMG_SIZE: [384, 384]
CLASSIFIER: DenseNet121
JOB_INDEX: None
Start training augmented images
Combining...
Combining 1th db out of 2 dbs
Combining 2th db out of 2 dbs
Stacking data
Combining complete
Model: "sequential"
_________________________________________________________________
Layer (type)                 Output Shape              Param #   
=================================================================
densenet121 (Functional)     (None, 1024)              7037504   
_________________________________________________________________
dense (Dense)                (None, 512)               524800    
_________________________________________________________________
dropout (Dropout)            (None, 512)               0         
_________________________________________________________________
batch_normalization (BatchNo (None, 512)               2048      
_________________________________________________________________
dense_1 (Dense)              (None, 256)               131328    
_________________________________________________________________
batch_normalization_1 (Batch (None, 256)               1024      
_________________________________________________________________
dense_2 (Dense)              (None, 2)                 514       
=================================================================
Total params: 7,697,218
Trainable params: 658,178
Non-trainable params: 7,039,040
_________________________________________________________________
Fitting ISIC2016+_7_point_criteria_aug_DenseNet121_384h_384w_None model...
model_name: ISIC2016+_7_point_criteria_aug_DenseNet121_384h_384w_None
Epoch: 1 loss: 1.3072 accuracy: 0.6177 val_loss: 1.0433 val_accuracy: 0.7598
Epoch: 2 loss: 1.0785 accuracy: 0.7277 val_loss: 1.0311 val_accuracy: 0.7624
Epoch: 3 loss: 0.9669 accuracy: 0.7773 val_loss: 1.0130 val_accuracy: 0.7598
Epoch: 4 loss: 0.9131 accuracy: 0.8047 val_loss: 0.9832 val_accuracy: 0.7520
Epoch: 5 loss: 0.8568 accuracy: 0.8158 val_loss: 0.9608 val_accuracy: 0.7728
Epoch: 6 loss: 0.8114 accuracy: 0.8359 val_loss: 0.9568 val_accuracy: 0.7546
Epoch: 7 loss: 0.7637 accuracy: 0.8583 val_loss: 0.9430 val_accuracy: 0.7441
Epoch: 8 loss: 0.7414 accuracy: 0.8605 val_loss: 0.9142 val_accuracy: 0.7572
Epoch: 9 loss: 0.6868 accuracy: 0.8811 val_loss: 0.9195 val_accuracy: 0.7441
Epoch: 10 loss: 0.6707 accuracy: 0.8951 val_loss: 0.9302 val_accuracy: 0.7467
Epoch: 11 loss: 0.6571 accuracy: 0.8923 val_loss: 0.9367 val_accuracy: 0.7180
Epoch: 12 loss: 0.6510 accuracy: 0.8996 val_loss: 0.9180 val_accuracy: 0.7311
Epoch: 13 loss: 0.6282 accuracy: 0.9046 val_loss: 0.9040 val_accuracy: 0.7337
Epoch: 14 loss: 0.6033 accuracy: 0.9096 val_loss: 0.9187 val_accuracy: 0.7180
Epoch: 15 loss: 0.5893 accuracy: 0.9230 val_loss: 0.9147 val_accuracy: 0.7128
Epoch: 16 loss: 0.5914 accuracy: 0.9169 val_loss: 0.9108 val_accuracy: 0.7311
Epoch: 17 loss: 0.5450 accuracy: 0.9369 val_loss: 0.9120 val_accuracy: 0.7311
Epoch: 18 loss: 0.5413 accuracy: 0.9397 val_loss: 0.9256 val_accuracy: 0.7285

Epoch 00018: ReduceLROnPlateau reducing learning rate to 7.999999797903001e-05.
Epoch: 19 loss: 0.5038 accuracy: 0.9570 val_loss: 0.9434 val_accuracy: 0.7180
Epoch: 20 loss: 0.5183 accuracy: 0.9464 val_loss: 0.9198 val_accuracy: 0.7467
Epoch: 21 loss: 0.5003 accuracy: 0.9520 val_loss: 0.9072 val_accuracy: 0.7389
Epoch: 22 loss: 0.4910 accuracy: 0.9515 val_loss: 0.9040 val_accuracy: 0.7311
Epoch: 23 loss: 0.4837 accuracy: 0.9554 val_loss: 0.9360 val_accuracy: 0.7258

Epoch 00023: ReduceLROnPlateau reducing learning rate to 6.399999838322402e-05.
End of augmented training
Finish
Job ended!
