Wed 01 May 2024 11:15:58 PM EDT
Python 3.9.7
nvcc: NVIDIA (R) Cuda compiler driver
Copyright (c) 2005-2019 NVIDIA Corporation
Built on Sun_Jul_28_19:07:16_PDT_2019
Cuda compilation tools, release 10.1, V10.1.243
My SLURM_ARRAY_TASK_ID: 
DB: ['ISIC2016', 'ISIC2017', 'ISIC2018', 'ISIC2019', 'ISIC2020', 'PH2', '_7_point_criteria', 'PAD_UFES_20', 'MEDNODE']
IMG_SIZE: [384, 384]
CLASSIFIER: DenseNet121
JOB_INDEX: None
Start training augmented images
Combining...
Combining 1th db out of 9 dbs
Combining 2th db out of 9 dbs
Combining 3th db out of 9 dbs
Combining 4th db out of 9 dbs
Combining 5th db out of 9 dbs
Combining 6th db out of 9 dbs
Combining 7th db out of 9 dbs
Combining 8th db out of 9 dbs
Combining 9th db out of 9 dbs
Stacking data
Combining complete
Model: "sequential"
_________________________________________________________________
Layer (type)                 Output Shape              Param #   
=================================================================
densenet121 (Functional)     (None, 1024)              7037504   
_________________________________________________________________
dense (Dense)                (None, 512)               524800    
_________________________________________________________________
dropout (Dropout)            (None, 512)               0         
_________________________________________________________________
batch_normalization (BatchNo (None, 512)               2048      
_________________________________________________________________
dense_1 (Dense)              (None, 256)               131328    
_________________________________________________________________
batch_normalization_1 (Batch (None, 256)               1024      
_________________________________________________________________
dense_2 (Dense)              (None, 2)                 514       
=================================================================
Total params: 7,697,218
Trainable params: 658,178
Non-trainable params: 7,039,040
_________________________________________________________________
Fitting ISIC2016+ISIC2017+ISIC2018+ISIC2019+ISIC2020+PH2+_7_point_criteria+PAD_UFES_20+MEDNODE_aug_DenseNet121_384h_384w_None model...
model_name: ISIC2016+ISIC2017+ISIC2018+ISIC2019+ISIC2020+PH2+_7_point_criteria+PAD_UFES_20+MEDNODE_aug_DenseNet121_384h_384w_None
Epoch: 1 loss: 0.7554 accuracy: 0.8320 val_loss: 0.5999 val_accuracy: 0.8848
Epoch: 2 loss: 0.5838 accuracy: 0.8793 val_loss: 0.5703 val_accuracy: 0.8773
Epoch: 3 loss: 0.5184 accuracy: 0.8929 val_loss: 0.5165 val_accuracy: 0.8883
Epoch: 4 loss: 0.4774 accuracy: 0.8993 val_loss: 0.4852 val_accuracy: 0.8892
Epoch: 5 loss: 0.4367 accuracy: 0.9070 val_loss: 0.4692 val_accuracy: 0.8879
Epoch: 6 loss: 0.4038 accuracy: 0.9145 val_loss: 0.4178 val_accuracy: 0.9033
Epoch: 7 loss: 0.3766 accuracy: 0.9174 val_loss: 0.3869 val_accuracy: 0.9123
Epoch: 8 loss: 0.3537 accuracy: 0.9207 val_loss: 0.3828 val_accuracy: 0.9079
Epoch: 9 loss: 0.3323 accuracy: 0.9256 val_loss: 0.3856 val_accuracy: 0.9003
Epoch: 10 loss: 0.3161 accuracy: 0.9284 val_loss: 0.3658 val_accuracy: 0.9079
Epoch: 11 loss: 0.3019 accuracy: 0.9309 val_loss: 0.3705 val_accuracy: 0.9020
Epoch: 12 loss: 0.2873 accuracy: 0.9338 val_loss: 0.3223 val_accuracy: 0.9267
Epoch: 13 loss: 0.2733 accuracy: 0.9372 val_loss: 0.3504 val_accuracy: 0.9068
Epoch: 14 loss: 0.2601 accuracy: 0.9400 val_loss: 0.3394 val_accuracy: 0.9090
Epoch: 15 loss: 0.2554 accuracy: 0.9398 val_loss: 0.3143 val_accuracy: 0.9193
Epoch: 16 loss: 0.2445 accuracy: 0.9426 val_loss: 0.3264 val_accuracy: 0.9108
Epoch: 17 loss: 0.2332 accuracy: 0.9452 val_loss: 0.3231 val_accuracy: 0.9091
Epoch: 18 loss: 0.2301 accuracy: 0.9448 val_loss: 0.3003 val_accuracy: 0.9203
Epoch: 19 loss: 0.2243 accuracy: 0.9465 val_loss: 0.3023 val_accuracy: 0.9190
Epoch: 20 loss: 0.2175 accuracy: 0.9494 val_loss: 0.2906 val_accuracy: 0.9252
Epoch: 21 loss: 0.2102 accuracy: 0.9499 val_loss: 0.2940 val_accuracy: 0.9213
Epoch: 22 loss: 0.2092 accuracy: 0.9502 val_loss: 0.2792 val_accuracy: 0.9272
Epoch: 23 loss: 0.2023 accuracy: 0.9511 val_loss: 0.2785 val_accuracy: 0.9239
Epoch: 24 loss: 0.1967 accuracy: 0.9534 val_loss: 0.3252 val_accuracy: 0.9092
Epoch: 25 loss: 0.1946 accuracy: 0.9531 val_loss: 0.2744 val_accuracy: 0.9262
Epoch: 26 loss: 0.1903 accuracy: 0.9540 val_loss: 0.2778 val_accuracy: 0.9267
Epoch: 27 loss: 0.1842 accuracy: 0.9557 val_loss: 0.2576 val_accuracy: 0.9363
Epoch: 28 loss: 0.1808 accuracy: 0.9580 val_loss: 0.2674 val_accuracy: 0.9319
Epoch: 29 loss: 0.1796 accuracy: 0.9570 val_loss: 0.2642 val_accuracy: 0.9305
Epoch: 30 loss: 0.1766 accuracy: 0.9578 val_loss: 0.2634 val_accuracy: 0.9325
Epoch: 31 loss: 0.1735 accuracy: 0.9591 val_loss: 0.2724 val_accuracy: 0.9247
Epoch: 32 loss: 0.1698 accuracy: 0.9595 val_loss: 0.2635 val_accuracy: 0.9254

Epoch 00032: ReduceLROnPlateau reducing learning rate to 7.999999797903001e-05.
Epoch: 33 loss: 0.1583 accuracy: 0.9642 val_loss: 0.2467 val_accuracy: 0.9370
Epoch: 34 loss: 0.1564 accuracy: 0.9645 val_loss: 0.2553 val_accuracy: 0.9325
Epoch: 35 loss: 0.1502 accuracy: 0.9667 val_loss: 0.2721 val_accuracy: 0.9293
Epoch: 36 loss: 0.1458 accuracy: 0.9678 val_loss: 0.2513 val_accuracy: 0.9432
Epoch: 37 loss: 0.1450 accuracy: 0.9684 val_loss: 0.2624 val_accuracy: 0.9329
Epoch: 38 loss: 0.1419 accuracy: 0.9692 val_loss: 0.2750 val_accuracy: 0.9256

Epoch 00038: ReduceLROnPlateau reducing learning rate to 6.399999838322402e-05.
Epoch: 39 loss: 0.1324 accuracy: 0.9724 val_loss: 0.2504 val_accuracy: 0.9377
Epoch: 40 loss: 0.1287 accuracy: 0.9739 val_loss: 0.2395 val_accuracy: 0.9413
Epoch: 41 loss: 0.1271 accuracy: 0.9743 val_loss: 0.2601 val_accuracy: 0.9380
Epoch: 42 loss: 0.1294 accuracy: 0.9734 val_loss: 0.2497 val_accuracy: 0.9418
Epoch: 43 loss: 0.1249 accuracy: 0.9750 val_loss: 0.2544 val_accuracy: 0.9368
Epoch: 44 loss: 0.1254 accuracy: 0.9744 val_loss: 0.2518 val_accuracy: 0.9377
Epoch: 45 loss: 0.1212 accuracy: 0.9761 val_loss: 0.2617 val_accuracy: 0.9372

Epoch 00045: ReduceLROnPlateau reducing learning rate to 5.119999987073243e-05.
Epoch: 46 loss: 0.1140 accuracy: 0.9791 val_loss: 0.2441 val_accuracy: 0.9408
Epoch: 47 loss: 0.1126 accuracy: 0.9798 val_loss: 0.2421 val_accuracy: 0.9413
Epoch: 48 loss: 0.1104 accuracy: 0.9799 val_loss: 0.2519 val_accuracy: 0.9390
Epoch: 49 loss: 0.1070 accuracy: 0.9811 val_loss: 0.2470 val_accuracy: 0.9426
Epoch: 50 loss: 0.1077 accuracy: 0.9801 val_loss: 0.2582 val_accuracy: 0.9417

Epoch 00050: ReduceLROnPlateau reducing learning rate to 4.0960000478662555e-05.
End of augmented training
Finish
Job ended!
