Wed 01 May 2024 12:54:12 PM EDT
Python 3.9.7
nvcc: NVIDIA (R) Cuda compiler driver
Copyright (c) 2005-2019 NVIDIA Corporation
Built on Sun_Jul_28_19:07:16_PDT_2019
Cuda compilation tools, release 10.1, V10.1.243
My SLURM_ARRAY_TASK_ID: 
DB: ['ISIC2016', '_7_point_criteria']
IMG_SIZE: [150, 150]
CLASSIFIER: DenseNet121
JOB_INDEX: None
Start training augmented images
Combining...
Combining 1th db out of 2 dbs
Combining 2th db out of 2 dbs
Stacking data
Combining complete
Model: "sequential"
_________________________________________________________________
Layer (type)                 Output Shape              Param #   
=================================================================
densenet121 (Functional)     (None, 1024)              7037504   
_________________________________________________________________
dense (Dense)                (None, 512)               524800    
_________________________________________________________________
dropout (Dropout)            (None, 512)               0         
_________________________________________________________________
batch_normalization (BatchNo (None, 512)               2048      
_________________________________________________________________
dense_1 (Dense)              (None, 256)               131328    
_________________________________________________________________
batch_normalization_1 (Batch (None, 256)               1024      
_________________________________________________________________
dense_2 (Dense)              (None, 2)                 514       
=================================================================
Total params: 7,697,218
Trainable params: 658,178
Non-trainable params: 7,039,040
_________________________________________________________________
Fitting ISIC2016+_7_point_criteria_aug_DenseNet121_150h_150w_None model...
model_name: ISIC2016+_7_point_criteria_aug_DenseNet121_150h_150w_None
Epoch: 1 loss: 1.2350 accuracy: 0.6395 val_loss: 1.1186 val_accuracy: 0.6580
Epoch: 2 loss: 1.0297 accuracy: 0.7573 val_loss: 1.0606 val_accuracy: 0.6867
Epoch: 3 loss: 0.9484 accuracy: 0.8002 val_loss: 1.0312 val_accuracy: 0.7232
Epoch: 4 loss: 0.9078 accuracy: 0.8064 val_loss: 1.0458 val_accuracy: 0.6867
Epoch: 5 loss: 0.8361 accuracy: 0.8337 val_loss: 1.0300 val_accuracy: 0.7076
Epoch: 6 loss: 0.7947 accuracy: 0.8426 val_loss: 1.0073 val_accuracy: 0.7206
Epoch: 7 loss: 0.7423 accuracy: 0.8661 val_loss: 0.9922 val_accuracy: 0.7285
Epoch: 8 loss: 0.7258 accuracy: 0.8761 val_loss: 0.9992 val_accuracy: 0.7311
Epoch: 9 loss: 0.6982 accuracy: 0.8834 val_loss: 0.9937 val_accuracy: 0.7258
Epoch: 10 loss: 0.6718 accuracy: 0.8817 val_loss: 0.9831 val_accuracy: 0.7232
Epoch: 11 loss: 0.6553 accuracy: 0.9029 val_loss: 0.9943 val_accuracy: 0.7441
Epoch: 12 loss: 0.6348 accuracy: 0.9124 val_loss: 0.9968 val_accuracy: 0.7337
Epoch: 13 loss: 0.6161 accuracy: 0.9085 val_loss: 1.0022 val_accuracy: 0.7232
Epoch: 14 loss: 0.5835 accuracy: 0.9191 val_loss: 1.0020 val_accuracy: 0.7415
Epoch: 15 loss: 0.5512 accuracy: 0.9392 val_loss: 0.9903 val_accuracy: 0.7363

Epoch 00015: ReduceLROnPlateau reducing learning rate to 7.999999797903001e-05.
Epoch: 16 loss: 0.5633 accuracy: 0.9325 val_loss: 1.0119 val_accuracy: 0.7467
Epoch: 17 loss: 0.5308 accuracy: 0.9487 val_loss: 1.0116 val_accuracy: 0.7493
Epoch: 18 loss: 0.5311 accuracy: 0.9475 val_loss: 1.0388 val_accuracy: 0.7520
Epoch: 19 loss: 0.5147 accuracy: 0.9576 val_loss: 1.0512 val_accuracy: 0.7441
Epoch: 20 loss: 0.4985 accuracy: 0.9593 val_loss: 1.0585 val_accuracy: 0.7415

Epoch 00020: ReduceLROnPlateau reducing learning rate to 6.399999838322402e-05.
End of augmented training
Finish
Job ended!
