Thu 02 May 2024 05:10:45 AM EDT
Python 3.9.7
nvcc: NVIDIA (R) Cuda compiler driver
Copyright (c) 2005-2019 NVIDIA Corporation
Built on Sun_Jul_28_19:07:16_PDT_2019
Cuda compilation tools, release 10.1, V10.1.243
My SLURM_ARRAY_TASK_ID: 
DB: ['ISIC2016', 'ISIC2018']
IMG_SIZE: [384, 384]
CLASSIFIER: DenseNet121
JOB_INDEX: None
Start training augmented images
Combining...
Combining 1th db out of 2 dbs
Combining 2th db out of 2 dbs
Stacking data
Combining complete
Model: "sequential"
_________________________________________________________________
Layer (type)                 Output Shape              Param #   
=================================================================
densenet121 (Functional)     (None, 1024)              7037504   
_________________________________________________________________
dense (Dense)                (None, 512)               524800    
_________________________________________________________________
dropout (Dropout)            (None, 512)               0         
_________________________________________________________________
batch_normalization (BatchNo (None, 512)               2048      
_________________________________________________________________
dense_1 (Dense)              (None, 256)               131328    
_________________________________________________________________
batch_normalization_1 (Batch (None, 256)               1024      
_________________________________________________________________
dense_2 (Dense)              (None, 2)                 514       
=================================================================
Total params: 7,697,218
Trainable params: 658,178
Non-trainable params: 7,039,040
_________________________________________________________________
Fitting ISIC2016+ISIC2018_aug_DenseNet121_384h_384w_None model...
model_name: ISIC2016+ISIC2018_aug_DenseNet121_384h_384w_None
Epoch: 1 loss: 0.9925 accuracy: 0.7521 val_loss: 0.9266 val_accuracy: 0.7373
Epoch: 2 loss: 0.7634 accuracy: 0.8382 val_loss: 0.7652 val_accuracy: 0.8284
Epoch: 3 loss: 0.6692 accuracy: 0.8628 val_loss: 0.7027 val_accuracy: 0.8418
Epoch: 4 loss: 0.6203 accuracy: 0.8776 val_loss: 0.6698 val_accuracy: 0.8472
Epoch: 5 loss: 0.5773 accuracy: 0.8903 val_loss: 0.6846 val_accuracy: 0.8311
Epoch: 6 loss: 0.5498 accuracy: 0.8999 val_loss: 0.6522 val_accuracy: 0.8472
Epoch: 7 loss: 0.5299 accuracy: 0.9054 val_loss: 0.6307 val_accuracy: 0.8606
Epoch: 8 loss: 0.5092 accuracy: 0.9127 val_loss: 0.5916 val_accuracy: 0.8767
Epoch: 9 loss: 0.4818 accuracy: 0.9199 val_loss: 0.6261 val_accuracy: 0.8552
Epoch: 10 loss: 0.4694 accuracy: 0.9241 val_loss: 0.6012 val_accuracy: 0.8579
Epoch: 11 loss: 0.4598 accuracy: 0.9241 val_loss: 0.5822 val_accuracy: 0.8552
Epoch: 12 loss: 0.4398 accuracy: 0.9326 val_loss: 0.6052 val_accuracy: 0.8365
Epoch: 13 loss: 0.4234 accuracy: 0.9373 val_loss: 0.5786 val_accuracy: 0.8472
Epoch: 14 loss: 0.4118 accuracy: 0.9384 val_loss: 0.6080 val_accuracy: 0.8391
Epoch: 15 loss: 0.3999 accuracy: 0.9429 val_loss: 0.5629 val_accuracy: 0.8660
Epoch: 16 loss: 0.3842 accuracy: 0.9468 val_loss: 0.6054 val_accuracy: 0.8472
Epoch: 17 loss: 0.3794 accuracy: 0.9466 val_loss: 0.5754 val_accuracy: 0.8365
Epoch: 18 loss: 0.3638 accuracy: 0.9527 val_loss: 0.5845 val_accuracy: 0.8499
Epoch: 19 loss: 0.3525 accuracy: 0.9572 val_loss: 0.5781 val_accuracy: 0.8499
Epoch: 20 loss: 0.3434 accuracy: 0.9581 val_loss: 0.5472 val_accuracy: 0.8660
Epoch: 21 loss: 0.3371 accuracy: 0.9575 val_loss: 0.5747 val_accuracy: 0.8579
Epoch: 22 loss: 0.3270 accuracy: 0.9618 val_loss: 0.5483 val_accuracy: 0.8552
Epoch: 23 loss: 0.3215 accuracy: 0.9595 val_loss: 0.5441 val_accuracy: 0.8713
Epoch: 24 loss: 0.3167 accuracy: 0.9596 val_loss: 0.5432 val_accuracy: 0.8606
Epoch: 25 loss: 0.2999 accuracy: 0.9668 val_loss: 0.5677 val_accuracy: 0.8499
Epoch: 26 loss: 0.2966 accuracy: 0.9678 val_loss: 0.5449 val_accuracy: 0.8633
Epoch: 27 loss: 0.2890 accuracy: 0.9701 val_loss: 0.5551 val_accuracy: 0.8418
Epoch: 28 loss: 0.2808 accuracy: 0.9704 val_loss: 0.5543 val_accuracy: 0.8552
Epoch: 29 loss: 0.2724 accuracy: 0.9741 val_loss: 0.5557 val_accuracy: 0.8499

Epoch 00029: ReduceLROnPlateau reducing learning rate to 7.999999797903001e-05.
Epoch: 30 loss: 0.2620 accuracy: 0.9763 val_loss: 0.5518 val_accuracy: 0.8767
Epoch: 31 loss: 0.2591 accuracy: 0.9769 val_loss: 0.5569 val_accuracy: 0.8713
Epoch: 32 loss: 0.2505 accuracy: 0.9780 val_loss: 0.5578 val_accuracy: 0.8686
Epoch: 33 loss: 0.2431 accuracy: 0.9807 val_loss: 0.5592 val_accuracy: 0.8767
Epoch: 34 loss: 0.2410 accuracy: 0.9808 val_loss: 0.5840 val_accuracy: 0.8472

Epoch 00034: ReduceLROnPlateau reducing learning rate to 6.399999838322402e-05.
End of augmented training
Finish
Job ended!
