Wed 01 May 2024 06:23:21 PM EDT
Python 3.9.7
nvcc: NVIDIA (R) Cuda compiler driver
Copyright (c) 2005-2019 NVIDIA Corporation
Built on Sun_Jul_28_19:07:16_PDT_2019
Cuda compilation tools, release 10.1, V10.1.243
My SLURM_ARRAY_TASK_ID: 
DB: ['ISIC2016', 'ISIC2017']
IMG_SIZE: [384, 384]
CLASSIFIER: DenseNet121
JOB_INDEX: None
Start training augmented images
Combining...
Combining 1th db out of 2 dbs
Combining 2th db out of 2 dbs
Stacking data
Combining complete
Model: "sequential"
_________________________________________________________________
Layer (type)                 Output Shape              Param #   
=================================================================
densenet121 (Functional)     (None, 1024)              7037504   
_________________________________________________________________
dense (Dense)                (None, 512)               524800    
_________________________________________________________________
dropout (Dropout)            (None, 512)               0         
_________________________________________________________________
batch_normalization (BatchNo (None, 512)               2048      
_________________________________________________________________
dense_1 (Dense)              (None, 256)               131328    
_________________________________________________________________
batch_normalization_1 (Batch (None, 256)               1024      
_________________________________________________________________
dense_2 (Dense)              (None, 2)                 514       
=================================================================
Total params: 7,697,218
Trainable params: 658,178
Non-trainable params: 7,039,040
_________________________________________________________________
Fitting ISIC2016+ISIC2017_aug_DenseNet121_384h_384w_None model...
model_name: ISIC2016+ISIC2017_aug_DenseNet121_384h_384w_None
Epoch: 1 loss: 1.2110 accuracy: 0.6673 val_loss: 1.0443 val_accuracy: 0.7485
Epoch: 2 loss: 0.9800 accuracy: 0.7647 val_loss: 0.8822 val_accuracy: 0.8091
Epoch: 3 loss: 0.8734 accuracy: 0.8034 val_loss: 0.8452 val_accuracy: 0.8152
Epoch: 4 loss: 0.7887 accuracy: 0.8404 val_loss: 0.8042 val_accuracy: 0.8273
Epoch: 5 loss: 0.7479 accuracy: 0.8538 val_loss: 0.7850 val_accuracy: 0.8182
Epoch: 6 loss: 0.7054 accuracy: 0.8690 val_loss: 0.7619 val_accuracy: 0.8182
Epoch: 7 loss: 0.6543 accuracy: 0.8882 val_loss: 0.7479 val_accuracy: 0.8515
Epoch: 8 loss: 0.6403 accuracy: 0.8916 val_loss: 0.7575 val_accuracy: 0.8485
Epoch: 9 loss: 0.5987 accuracy: 0.9058 val_loss: 0.7599 val_accuracy: 0.8576
Epoch: 10 loss: 0.5937 accuracy: 0.9060 val_loss: 0.7408 val_accuracy: 0.8576
Epoch: 11 loss: 0.5716 accuracy: 0.9161 val_loss: 0.7187 val_accuracy: 0.8576
Epoch: 12 loss: 0.5500 accuracy: 0.9228 val_loss: 0.7443 val_accuracy: 0.8636
Epoch: 13 loss: 0.5243 accuracy: 0.9349 val_loss: 0.7281 val_accuracy: 0.8667
Epoch: 14 loss: 0.5216 accuracy: 0.9269 val_loss: 0.6997 val_accuracy: 0.8758
Epoch: 15 loss: 0.4878 accuracy: 0.9459 val_loss: 0.7034 val_accuracy: 0.8909
Epoch: 16 loss: 0.4741 accuracy: 0.9488 val_loss: 0.7005 val_accuracy: 0.8788
Epoch: 17 loss: 0.4719 accuracy: 0.9502 val_loss: 0.6951 val_accuracy: 0.8909
Epoch: 18 loss: 0.4626 accuracy: 0.9546 val_loss: 0.7228 val_accuracy: 0.8818
Epoch: 19 loss: 0.4464 accuracy: 0.9582 val_loss: 0.7118 val_accuracy: 0.8818
Epoch: 20 loss: 0.4454 accuracy: 0.9575 val_loss: 0.7083 val_accuracy: 0.8667
Epoch: 21 loss: 0.4257 accuracy: 0.9663 val_loss: 0.7096 val_accuracy: 0.8909
Epoch: 22 loss: 0.4146 accuracy: 0.9702 val_loss: 0.7462 val_accuracy: 0.8758

Epoch 00022: ReduceLROnPlateau reducing learning rate to 7.999999797903001e-05.
Epoch: 23 loss: 0.4061 accuracy: 0.9740 val_loss: 0.6849 val_accuracy: 0.8909
Epoch: 24 loss: 0.4023 accuracy: 0.9721 val_loss: 0.6970 val_accuracy: 0.9030
Epoch: 25 loss: 0.3975 accuracy: 0.9740 val_loss: 0.6980 val_accuracy: 0.9030
Epoch: 26 loss: 0.3895 accuracy: 0.9776 val_loss: 0.6883 val_accuracy: 0.9030
Epoch: 27 loss: 0.3873 accuracy: 0.9755 val_loss: 0.6819 val_accuracy: 0.8909
Epoch: 28 loss: 0.3746 accuracy: 0.9791 val_loss: 0.6756 val_accuracy: 0.9061
Epoch: 29 loss: 0.3770 accuracy: 0.9781 val_loss: 0.7152 val_accuracy: 0.9000
Epoch: 30 loss: 0.3651 accuracy: 0.9815 val_loss: 0.7081 val_accuracy: 0.9000
Epoch: 31 loss: 0.3672 accuracy: 0.9793 val_loss: 0.7121 val_accuracy: 0.8970
Epoch: 32 loss: 0.3613 accuracy: 0.9817 val_loss: 0.7159 val_accuracy: 0.9030
Epoch: 33 loss: 0.3526 accuracy: 0.9851 val_loss: 0.7043 val_accuracy: 0.8970

Epoch 00033: ReduceLROnPlateau reducing learning rate to 6.399999838322402e-05.
Epoch: 34 loss: 0.3562 accuracy: 0.9853 val_loss: 0.6833 val_accuracy: 0.8939
Epoch: 35 loss: 0.3553 accuracy: 0.9820 val_loss: 0.6748 val_accuracy: 0.9000
Epoch: 36 loss: 0.3453 accuracy: 0.9851 val_loss: 0.6867 val_accuracy: 0.9030
Epoch: 37 loss: 0.3423 accuracy: 0.9851 val_loss: 0.6873 val_accuracy: 0.8970
Epoch: 38 loss: 0.3407 accuracy: 0.9870 val_loss: 0.6971 val_accuracy: 0.8939
Epoch: 39 loss: 0.3244 accuracy: 0.9921 val_loss: 0.6997 val_accuracy: 0.9030
Epoch: 40 loss: 0.3321 accuracy: 0.9887 val_loss: 0.7200 val_accuracy: 0.8970

Epoch 00040: ReduceLROnPlateau reducing learning rate to 5.119999987073243e-05.
Epoch: 41 loss: 0.3255 accuracy: 0.9899 val_loss: 0.7280 val_accuracy: 0.9030
Epoch: 42 loss: 0.3239 accuracy: 0.9933 val_loss: 0.7254 val_accuracy: 0.9091
Epoch: 43 loss: 0.3197 accuracy: 0.9928 val_loss: 0.7173 val_accuracy: 0.9000
Epoch: 44 loss: 0.3185 accuracy: 0.9904 val_loss: 0.6937 val_accuracy: 0.9000
Epoch: 45 loss: 0.3164 accuracy: 0.9935 val_loss: 0.6919 val_accuracy: 0.9061

Epoch 00045: ReduceLROnPlateau reducing learning rate to 4.0960000478662555e-05.
End of augmented training
Finish
Job ended!
