Wed 01 May 2024 06:57:49 PM EDT
Python 3.9.7
nvcc: NVIDIA (R) Cuda compiler driver
Copyright (c) 2005-2019 NVIDIA Corporation
Built on Sun_Jul_28_19:07:16_PDT_2019
Cuda compilation tools, release 10.1, V10.1.243
My SLURM_ARRAY_TASK_ID: 
DB: ['ISIC2016', 'ISIC2017']
IMG_SIZE: [384, 384]
CLASSIFIER: DenseNet121
JOB_INDEX: None
Start training augmented images
Combining...
Combining 1th db out of 2 dbs
Combining 2th db out of 2 dbs
Stacking data
Combining complete
Model: "sequential"
_________________________________________________________________
Layer (type)                 Output Shape              Param #   
=================================================================
densenet121 (Functional)     (None, 1024)              7037504   
_________________________________________________________________
dense (Dense)                (None, 512)               524800    
_________________________________________________________________
dropout (Dropout)            (None, 512)               0         
_________________________________________________________________
batch_normalization (BatchNo (None, 512)               2048      
_________________________________________________________________
dense_1 (Dense)              (None, 256)               131328    
_________________________________________________________________
batch_normalization_1 (Batch (None, 256)               1024      
_________________________________________________________________
dense_2 (Dense)              (None, 2)                 514       
=================================================================
Total params: 7,697,218
Trainable params: 658,178
Non-trainable params: 7,039,040
_________________________________________________________________
Fitting ISIC2016+ISIC2017_aug_DenseNet121_384h_384w_None model...
model_name: ISIC2016+ISIC2017_aug_DenseNet121_384h_384w_None
Epoch: 1 loss: 1.2100 accuracy: 0.6512 val_loss: 0.9899 val_accuracy: 0.7909
Epoch: 2 loss: 0.9753 accuracy: 0.7675 val_loss: 1.0401 val_accuracy: 0.6970
Epoch: 3 loss: 0.8710 accuracy: 0.8041 val_loss: 1.0020 val_accuracy: 0.7000
Epoch: 4 loss: 0.7988 accuracy: 0.8255 val_loss: 1.0180 val_accuracy: 0.6455
Epoch: 5 loss: 0.7427 accuracy: 0.8529 val_loss: 0.9243 val_accuracy: 0.7364
Epoch: 6 loss: 0.7049 accuracy: 0.8666 val_loss: 0.8752 val_accuracy: 0.7455
Epoch: 7 loss: 0.6601 accuracy: 0.8825 val_loss: 0.8337 val_accuracy: 0.8000
Epoch: 8 loss: 0.6308 accuracy: 0.8913 val_loss: 0.8178 val_accuracy: 0.8030
Epoch: 9 loss: 0.6093 accuracy: 0.9002 val_loss: 0.8090 val_accuracy: 0.8152
Epoch: 10 loss: 0.5758 accuracy: 0.9137 val_loss: 0.7667 val_accuracy: 0.8364
Epoch: 11 loss: 0.5616 accuracy: 0.9161 val_loss: 0.7849 val_accuracy: 0.8212
Epoch: 12 loss: 0.5358 accuracy: 0.9245 val_loss: 0.7675 val_accuracy: 0.8485
Epoch: 13 loss: 0.5088 accuracy: 0.9380 val_loss: 0.8391 val_accuracy: 0.7909
Epoch: 14 loss: 0.5116 accuracy: 0.9329 val_loss: 0.7700 val_accuracy: 0.8576
Epoch: 15 loss: 0.4816 accuracy: 0.9464 val_loss: 0.7460 val_accuracy: 0.8606
Epoch: 16 loss: 0.4784 accuracy: 0.9486 val_loss: 0.7418 val_accuracy: 0.8727
Epoch: 17 loss: 0.4556 accuracy: 0.9582 val_loss: 0.7395 val_accuracy: 0.8636
Epoch: 18 loss: 0.4528 accuracy: 0.9563 val_loss: 0.7046 val_accuracy: 0.8848
Epoch: 19 loss: 0.4423 accuracy: 0.9577 val_loss: 0.7193 val_accuracy: 0.8879
Epoch: 20 loss: 0.4337 accuracy: 0.9639 val_loss: 0.7393 val_accuracy: 0.8667
Epoch: 21 loss: 0.4218 accuracy: 0.9663 val_loss: 0.7252 val_accuracy: 0.8939
Epoch: 22 loss: 0.4176 accuracy: 0.9651 val_loss: 0.7346 val_accuracy: 0.8788
Epoch: 23 loss: 0.4123 accuracy: 0.9659 val_loss: 0.7289 val_accuracy: 0.8970

Epoch 00023: ReduceLROnPlateau reducing learning rate to 7.999999797903001e-05.
Epoch: 24 loss: 0.4011 accuracy: 0.9721 val_loss: 0.7285 val_accuracy: 0.8939
Epoch: 25 loss: 0.3909 accuracy: 0.9762 val_loss: 0.7499 val_accuracy: 0.8879
Epoch: 26 loss: 0.3784 accuracy: 0.9793 val_loss: 0.7561 val_accuracy: 0.8909
Epoch: 27 loss: 0.3773 accuracy: 0.9779 val_loss: 0.7349 val_accuracy: 0.9000
Epoch: 28 loss: 0.3765 accuracy: 0.9791 val_loss: 0.7239 val_accuracy: 0.9061

Epoch 00028: ReduceLROnPlateau reducing learning rate to 6.399999838322402e-05.
End of augmented training
Finish
Job ended!
