Mon 26 Feb 2024 10:34:38 AM EST
Python 3.9.7
nvcc: NVIDIA (R) Cuda compiler driver
Copyright (c) 2005-2019 NVIDIA Corporation
Built on Sun_Jul_28_19:07:16_PDT_2019
Cuda compilation tools, release 10.1, V10.1.243
My SLURM_ARRAY_TASK_ID:  1
DB: ['ISIC2016', 'ISIC2017', 'ISIC2018', 'ISIC2019', 'ISIC2020', '_7_point_criteria', 'PAD_UFES_20']
IMG_SIZE: [150, 150]
CLASSIFIER: Xception
JOB_INDEX: 1
Combining...
Combining 1 db out of 7 dbs
Combining 2 db out of 7 dbs
Combining 3 db out of 7 dbs
Combining 4 db out of 7 dbs
Combining 5 db out of 7 dbs
Combining 6 db out of 7 dbs
Combining 7 db out of 7 dbs
Stacking training images
Stacking training labels
Stacking validation images
Stacking validation labels
Combining...
Combining 1 db out of 7 dbs
Combining 2 db out of 7 dbs
Combining 3 db out of 7 dbs
Combining 4 db out of 7 dbs
Combining 5 db out of 7 dbs
Combining 6 db out of 7 dbs
Combining 7 db out of 7 dbs
Stacking training images
Stacking training labels
Stacking validation images
Stacking validation labels
Model: "sequential"
_________________________________________________________________
Layer (type)                 Output Shape              Param #   
=================================================================
xception (Functional)        (None, 2048)              20861480  
_________________________________________________________________
dense (Dense)                (None, 512)               1049088   
_________________________________________________________________
dropout (Dropout)            (None, 512)               0         
_________________________________________________________________
batch_normalization_4 (Batch (None, 512)               2048      
_________________________________________________________________
dense_1 (Dense)              (None, 256)               131328    
_________________________________________________________________
dropout_1 (Dropout)          (None, 256)               0         
_________________________________________________________________
batch_normalization_5 (Batch (None, 256)               1024      
_________________________________________________________________
dense_2 (Dense)              (None, 2)                 514       
=================================================================
Total params: 22,045,482
Trainable params: 1,182,466
Non-trainable params: 20,863,016
_________________________________________________________________
Fitting ISIC2016+ISIC2017+ISIC2018+ISIC2019+ISIC2020+_7_point_criteria+PAD_UFES_20_noaug_Xception_150h_150w_1 model...
Epoch: 1 loss: 0.3462 accuracy: 0.8937 val_loss: 0.2894 val_accuracy: 0.9126
Epoch: 2 loss: 0.2921 accuracy: 0.9045 val_loss: 0.2627 val_accuracy: 0.9126
Epoch: 3 loss: 0.2888 accuracy: 0.9045 val_loss: 0.2599 val_accuracy: 0.9126
Epoch: 4 loss: 0.2872 accuracy: 0.9043 val_loss: 0.2823 val_accuracy: 0.9126
Epoch: 5 loss: 0.2856 accuracy: 0.9042 val_loss: 0.2562 val_accuracy: 0.9126
Epoch: 6 loss: 0.2843 accuracy: 0.9043 val_loss: 0.2521 val_accuracy: 0.9126
Epoch: 7 loss: 0.2827 accuracy: 0.9044 val_loss: 0.2645 val_accuracy: 0.9126
Epoch: 8 loss: 0.2824 accuracy: 0.9044 val_loss: 0.2709 val_accuracy: 0.9126
Epoch: 9 loss: 0.2820 accuracy: 0.9045 val_loss: 0.2629 val_accuracy: 0.9126
Epoch: 10 loss: 0.2810 accuracy: 0.9044 val_loss: 0.2456 val_accuracy: 0.9126
Epoch: 11 loss: 0.2813 accuracy: 0.9045 val_loss: 0.2448 val_accuracy: 0.9126
Epoch: 12 loss: 0.2804 accuracy: 0.9044 val_loss: 0.2463 val_accuracy: 0.9126
Epoch: 13 loss: 0.2801 accuracy: 0.9043 val_loss: 0.2554 val_accuracy: 0.9126
Epoch: 14 loss: 0.2791 accuracy: 0.9042 val_loss: 0.2686 val_accuracy: 0.9126
Epoch: 15 loss: 0.2804 accuracy: 0.9045 val_loss: 0.2534 val_accuracy: 0.9126
Epoch: 16 loss: 0.2793 accuracy: 0.9041 val_loss: 0.2720 val_accuracy: 0.9126
Epoch: 17 loss: 0.2774 accuracy: 0.9041 val_loss: 0.2705 val_accuracy: 0.9126
Epoch: 18 loss: 0.2771 accuracy: 0.9039 val_loss: 0.2465 val_accuracy: 0.9126
Epoch: 19 loss: 0.2766 accuracy: 0.9040 val_loss: 0.2690 val_accuracy: 0.9120
Epoch: 20 loss: 0.2760 accuracy: 0.9040 val_loss: 0.2504 val_accuracy: 0.9126
Fitting ISIC2016+ISIC2017+ISIC2018+ISIC2019+ISIC2020+_7_point_criteria+PAD_UFES_20_aug_Xception_150h_150w_1 model...
Epoch: 1 loss: 0.5574 accuracy: 0.7279 val_loss: 0.4296 val_accuracy: 0.9118
Epoch: 2 loss: 0.5431 accuracy: 0.7301 val_loss: 0.4553 val_accuracy: 0.9095
Epoch: 3 loss: 0.5366 accuracy: 0.7319 val_loss: 0.4110 val_accuracy: 0.9108
Epoch: 4 loss: 0.5315 accuracy: 0.7337 val_loss: 0.2797 val_accuracy: 0.9123
Epoch: 5 loss: 0.5277 accuracy: 0.7339 val_loss: 0.4240 val_accuracy: 0.9071
Epoch: 6 loss: 0.5243 accuracy: 0.7343 val_loss: 0.3921 val_accuracy: 0.9104
Epoch: 7 loss: 0.5211 accuracy: 0.7353 val_loss: 0.3870 val_accuracy: 0.9116
Epoch: 8 loss: 0.5179 accuracy: 0.7364 val_loss: 0.4397 val_accuracy: 0.9087
Epoch: 9 loss: 0.5144 accuracy: 0.7346 val_loss: 0.3685 val_accuracy: 0.9068
Epoch: 10 loss: 0.5112 accuracy: 0.7343 val_loss: 0.4696 val_accuracy: 0.8772
Epoch: 11 loss: 0.5076 accuracy: 0.7345 val_loss: 0.4818 val_accuracy: 0.9126
Epoch: 12 loss: 0.5050 accuracy: 0.7350 val_loss: 0.2931 val_accuracy: 0.9106
Epoch: 13 loss: 0.5029 accuracy: 0.7340 val_loss: 0.5330 val_accuracy: 0.9104
Epoch: 14 loss: 0.5004 accuracy: 0.7354 val_loss: 0.3275 val_accuracy: 0.9062
Epoch: 15 loss: 0.4981 accuracy: 0.7342 val_loss: 0.3765 val_accuracy: 0.9093
Epoch: 16 loss: 0.4958 accuracy: 0.7356 val_loss: 0.2921 val_accuracy: 0.9040
Epoch: 17 loss: 0.4936 accuracy: 0.7354 val_loss: 0.5870 val_accuracy: 0.6398
Epoch: 18 loss: 0.4898 accuracy: 0.7376 val_loss: 0.3075 val_accuracy: 0.9088
Epoch: 19 loss: 0.4885 accuracy: 0.7383 val_loss: 0.4490 val_accuracy: 0.8738
Epoch: 20 loss: 0.4868 accuracy: 0.7396 val_loss: 0.3792 val_accuracy: 0.8486
Job ended!
