Mon 26 Feb 2024 12:45:33 AM EST
Python 3.9.7
nvcc: NVIDIA (R) Cuda compiler driver
Copyright (c) 2005-2019 NVIDIA Corporation
Built on Sun_Jul_28_19:07:16_PDT_2019
Cuda compilation tools, release 10.1, V10.1.243
My SLURM_ARRAY_TASK_ID:  1
DB: ['HAM10000']
IMG_SIZE: [150, 150]
CLASSIFIER: DenseNet121
JOB_INDEX: 1
Combining...
Combining 1 db out of 1 dbs
Stacking training images
Stacking training labels
Stacking validation images
Stacking validation labels
Combining...
Combining 1 db out of 1 dbs
Stacking training images
Stacking training labels
Stacking validation images
Stacking validation labels
Model: "sequential"
_________________________________________________________________
Layer (type)                 Output Shape              Param #   
=================================================================
densenet121 (Functional)     (None, 1024)              7037504   
_________________________________________________________________
dense (Dense)                (None, 512)               524800    
_________________________________________________________________
dropout (Dropout)            (None, 512)               0         
_________________________________________________________________
batch_normalization (BatchNo (None, 512)               2048      
_________________________________________________________________
dense_1 (Dense)              (None, 256)               131328    
_________________________________________________________________
dropout_1 (Dropout)          (None, 256)               0         
_________________________________________________________________
batch_normalization_1 (Batch (None, 256)               1024      
_________________________________________________________________
dense_2 (Dense)              (None, 2)                 514       
=================================================================
Total params: 7,697,218
Trainable params: 658,178
Non-trainable params: 7,039,040
_________________________________________________________________
Fitting HAM10000_noaug_DenseNet121_150h_150w_1 model...
Epoch: 1 loss: 0.7737 accuracy: 0.5881 val_loss: 0.7879 val_accuracy: 0.0306
Epoch: 2 loss: 0.5758 accuracy: 0.7059 val_loss: 0.6771 val_accuracy: 0.5119
Epoch: 3 loss: 0.4770 accuracy: 0.7774 val_loss: 0.2928 val_accuracy: 0.9638
Epoch: 4 loss: 0.4332 accuracy: 0.8158 val_loss: 0.1756 val_accuracy: 0.9638
Epoch: 5 loss: 0.4048 accuracy: 0.8339 val_loss: 0.1147 val_accuracy: 0.9706
Epoch: 6 loss: 0.3793 accuracy: 0.8446 val_loss: 0.1439 val_accuracy: 0.9694
Epoch: 7 loss: 0.3733 accuracy: 0.8514 val_loss: 0.1211 val_accuracy: 0.9706
Epoch: 8 loss: 0.3682 accuracy: 0.8539 val_loss: 0.1701 val_accuracy: 0.9672
Epoch: 9 loss: 0.3545 accuracy: 0.8581 val_loss: 0.1105 val_accuracy: 0.9694
Epoch: 10 loss: 0.3516 accuracy: 0.8611 val_loss: 0.1192 val_accuracy: 0.9683
Epoch: 11 loss: 0.3487 accuracy: 0.8598 val_loss: 0.1083 val_accuracy: 0.9683
Epoch: 12 loss: 0.3466 accuracy: 0.8621 val_loss: 0.1029 val_accuracy: 0.9694
Epoch: 13 loss: 0.3487 accuracy: 0.8611 val_loss: 0.1201 val_accuracy: 0.9672
Epoch: 14 loss: 0.3386 accuracy: 0.8664 val_loss: 0.1207 val_accuracy: 0.9683
Epoch: 15 loss: 0.3438 accuracy: 0.8628 val_loss: 0.1800 val_accuracy: 0.9366
Epoch: 16 loss: 0.3366 accuracy: 0.8676 val_loss: 0.1066 val_accuracy: 0.9694
Epoch: 17 loss: 0.3324 accuracy: 0.8697 val_loss: 0.1107 val_accuracy: 0.9683
Epoch: 18 loss: 0.3247 accuracy: 0.8686 val_loss: 0.1140 val_accuracy: 0.9649
Epoch: 19 loss: 0.3248 accuracy: 0.8701 val_loss: 0.1121 val_accuracy: 0.9694
Epoch: 20 loss: 0.3262 accuracy: 0.8667 val_loss: 0.1331 val_accuracy: 0.9581
Fitting HAM10000_aug_DenseNet121_150h_150w_1 model...
Epoch: 1 loss: 0.5636 accuracy: 0.7395 val_loss: 0.2849 val_accuracy: 0.9071
Epoch: 2 loss: 0.5069 accuracy: 0.7462 val_loss: 0.2167 val_accuracy: 0.9388
Epoch: 3 loss: 0.4863 accuracy: 0.7603 val_loss: 0.1465 val_accuracy: 0.9581
Epoch: 4 loss: 0.4772 accuracy: 0.7692 val_loss: 0.2078 val_accuracy: 0.9377
Epoch: 5 loss: 0.4759 accuracy: 0.7633 val_loss: 0.1528 val_accuracy: 0.9524
Epoch: 6 loss: 0.4625 accuracy: 0.7767 val_loss: 0.1474 val_accuracy: 0.9592
Epoch: 7 loss: 0.4569 accuracy: 0.7814 val_loss: 0.1974 val_accuracy: 0.9502
Epoch: 8 loss: 0.4608 accuracy: 0.7846 val_loss: 0.2422 val_accuracy: 0.9037
Epoch: 9 loss: 0.4557 accuracy: 0.7802 val_loss: 0.1687 val_accuracy: 0.9581
Epoch: 10 loss: 0.4527 accuracy: 0.7828 val_loss: 0.1493 val_accuracy: 0.9570
Epoch: 11 loss: 0.4490 accuracy: 0.7871 val_loss: 0.1652 val_accuracy: 0.9490
Epoch: 12 loss: 0.4444 accuracy: 0.7961 val_loss: 0.1936 val_accuracy: 0.9490
Epoch: 13 loss: 0.4448 accuracy: 0.7884 val_loss: 0.1936 val_accuracy: 0.9536
Epoch: 14 loss: 0.4412 accuracy: 0.7932 val_loss: 0.2112 val_accuracy: 0.9162
Epoch: 15 loss: 0.4390 accuracy: 0.7950 val_loss: 0.1387 val_accuracy: 0.9547
Epoch: 16 loss: 0.4360 accuracy: 0.7979 val_loss: 0.1477 val_accuracy: 0.9479
Epoch: 17 loss: 0.4347 accuracy: 0.7986 val_loss: 0.1852 val_accuracy: 0.9558
Epoch: 18 loss: 0.4312 accuracy: 0.7983 val_loss: 0.1602 val_accuracy: 0.9445
Epoch: 19 loss: 0.4353 accuracy: 0.8000 val_loss: 0.2005 val_accuracy: 0.9366
Epoch: 20 loss: 0.4253 accuracy: 0.8042 val_loss: 0.1525 val_accuracy: 0.9570
Job ended!
