Mon 26 Feb 2024 02:09:37 PM EST
Python 3.9.7
nvcc: NVIDIA (R) Cuda compiler driver
Copyright (c) 2005-2019 NVIDIA Corporation
Built on Sun_Jul_28_19:07:16_PDT_2019
Cuda compilation tools, release 10.1, V10.1.243
My SLURM_ARRAY_TASK_ID:  1
DB: ['PAD_UFES_20']
IMG_SIZE: [150, 150]
CLASSIFIER: Xception
JOB_INDEX: 1
Combining...
Combining 1 db out of 1 dbs
Stacking training images
Stacking training labels
Stacking validation images
Stacking validation labels
Combining...
Combining 1 db out of 1 dbs
Stacking training images
Stacking training labels
Stacking validation images
Stacking validation labels
Model: "sequential"
_________________________________________________________________
Layer (type)                 Output Shape              Param #   
=================================================================
xception (Functional)        (None, 2048)              20861480  
_________________________________________________________________
dense (Dense)                (None, 512)               1049088   
_________________________________________________________________
dropout (Dropout)            (None, 512)               0         
_________________________________________________________________
batch_normalization_4 (Batch (None, 512)               2048      
_________________________________________________________________
dense_1 (Dense)              (None, 256)               131328    
_________________________________________________________________
dropout_1 (Dropout)          (None, 256)               0         
_________________________________________________________________
batch_normalization_5 (Batch (None, 256)               1024      
_________________________________________________________________
dense_2 (Dense)              (None, 2)                 514       
=================================================================
Total params: 22,045,482
Trainable params: 1,182,466
Non-trainable params: 20,863,016
_________________________________________________________________
Fitting PAD_UFES_20_noaug_Xception_150h_150w_1 model...
Epoch: 1 loss: 0.6591 accuracy: 0.6717 val_loss: 0.6160 val_accuracy: 0.9804
Epoch: 2 loss: 0.5805 accuracy: 0.9590 val_loss: 0.5347 val_accuracy: 0.9804
Epoch: 3 loss: 0.4940 accuracy: 0.9773 val_loss: 0.4465 val_accuracy: 0.9804
Epoch: 4 loss: 0.4057 accuracy: 0.9773 val_loss: 0.3606 val_accuracy: 0.9804
Epoch: 5 loss: 0.3288 accuracy: 0.9767 val_loss: 0.2868 val_accuracy: 0.9804
Epoch: 6 loss: 0.2655 accuracy: 0.9767 val_loss: 0.2336 val_accuracy: 0.9804
Epoch: 7 loss: 0.2196 accuracy: 0.9762 val_loss: 0.1961 val_accuracy: 0.9804
Epoch: 8 loss: 0.1840 accuracy: 0.9773 val_loss: 0.1663 val_accuracy: 0.9804
Epoch: 9 loss: 0.1598 accuracy: 0.9773 val_loss: 0.1408 val_accuracy: 0.9804
Epoch: 10 loss: 0.1465 accuracy: 0.9762 val_loss: 0.1279 val_accuracy: 0.9804
Epoch: 11 loss: 0.1364 accuracy: 0.9762 val_loss: 0.1212 val_accuracy: 0.9804
Epoch: 12 loss: 0.1290 accuracy: 0.9762 val_loss: 0.1174 val_accuracy: 0.9804
Epoch: 13 loss: 0.1231 accuracy: 0.9762 val_loss: 0.1132 val_accuracy: 0.9804
Epoch: 14 loss: 0.1172 accuracy: 0.9773 val_loss: 0.1049 val_accuracy: 0.9804
Epoch: 15 loss: 0.1175 accuracy: 0.9762 val_loss: 0.1008 val_accuracy: 0.9804
Epoch: 16 loss: 0.1162 accuracy: 0.9762 val_loss: 0.1002 val_accuracy: 0.9804
Epoch: 17 loss: 0.1139 accuracy: 0.9767 val_loss: 0.0999 val_accuracy: 0.9804
Epoch: 18 loss: 0.1122 accuracy: 0.9767 val_loss: 0.0988 val_accuracy: 0.9804
Epoch: 19 loss: 0.1139 accuracy: 0.9762 val_loss: 0.1000 val_accuracy: 0.9804
Epoch: 20 loss: 0.1134 accuracy: 0.9762 val_loss: 0.0984 val_accuracy: 0.9804
Model: "sequential"
_________________________________________________________________
Layer (type)                 Output Shape              Param #   
=================================================================
xception (Functional)        (None, 2048)              20861480  
_________________________________________________________________
dense (Dense)                (None, 512)               1049088   
_________________________________________________________________
dropout (Dropout)            (None, 512)               0         
_________________________________________________________________
batch_normalization_4 (Batch (None, 512)               2048      
_________________________________________________________________
dense_1 (Dense)              (None, 256)               131328    
_________________________________________________________________
dropout_1 (Dropout)          (None, 256)               0         
_________________________________________________________________
batch_normalization_5 (Batch (None, 256)               1024      
_________________________________________________________________
dense_2 (Dense)              (None, 2)                 514       
=================================================================
Total params: 22,045,482
Trainable params: 1,182,466
Non-trainable params: 20,863,016
_________________________________________________________________
Fitting PAD_UFES_20_aug_Xception_150h_150w_1 model...
Job ended!
