Mon 26 Feb 2024 03:08:10 PM EST
Python 3.9.7
nvcc: NVIDIA (R) Cuda compiler driver
Copyright (c) 2005-2019 NVIDIA Corporation
Built on Sun_Jul_28_19:07:16_PDT_2019
Cuda compilation tools, release 10.1, V10.1.243
My SLURM_ARRAY_TASK_ID:  1
DB: ['PAD_UFES_20']
IMG_SIZE: [150, 150]
CLASSIFIER: Xception
JOB_INDEX: 1
Combining...
Combining 1 db out of 1 dbs
Stacking training images
Stacking training labels
Stacking validation images
Stacking validation labels
Combining...
Combining 1 db out of 1 dbs
Stacking training images
Stacking training labels
Stacking validation images
Stacking validation labels
Model: "sequential"
_________________________________________________________________
Layer (type)                 Output Shape              Param #   
=================================================================
xception (Functional)        (None, 2048)              20861480  
_________________________________________________________________
dense (Dense)                (None, 512)               1049088   
_________________________________________________________________
dropout (Dropout)            (None, 512)               0         
_________________________________________________________________
batch_normalization_4 (Batch (None, 512)               2048      
_________________________________________________________________
dense_1 (Dense)              (None, 256)               131328    
_________________________________________________________________
dropout_1 (Dropout)          (None, 256)               0         
_________________________________________________________________
batch_normalization_5 (Batch (None, 256)               1024      
_________________________________________________________________
dense_2 (Dense)              (None, 2)                 514       
=================================================================
Total params: 22,045,482
Trainable params: 1,182,466
Non-trainable params: 20,863,016
_________________________________________________________________
Fitting PAD_UFES_20_noaug_Xception_150h_150w_1 model...
model_name: PAD_UFES_20_noaug_Xception_150h_150w_1
Epoch: 1 loss: 0.6569 accuracy: 0.7231 val_loss: 0.6132 val_accuracy: 0.9804
Epoch: 2 loss: 0.5735 accuracy: 0.9707 val_loss: 0.5248 val_accuracy: 0.9804
Epoch: 3 loss: 0.4832 accuracy: 0.9767 val_loss: 0.4307 val_accuracy: 0.9804
Epoch: 4 loss: 0.3945 accuracy: 0.9762 val_loss: 0.3476 val_accuracy: 0.9804
Epoch: 5 loss: 0.3162 accuracy: 0.9773 val_loss: 0.2806 val_accuracy: 0.9804
Epoch: 6 loss: 0.2569 accuracy: 0.9762 val_loss: 0.2275 val_accuracy: 0.9804
Epoch: 7 loss: 0.2117 accuracy: 0.9762 val_loss: 0.1878 val_accuracy: 0.9804
Epoch: 8 loss: 0.1783 accuracy: 0.9773 val_loss: 0.1605 val_accuracy: 0.9804
Epoch: 9 loss: 0.1584 accuracy: 0.9762 val_loss: 0.1424 val_accuracy: 0.9804
Epoch: 10 loss: 0.1441 accuracy: 0.9762 val_loss: 0.1277 val_accuracy: 0.9804
Epoch: 11 loss: 0.1292 accuracy: 0.9779 val_loss: 0.1195 val_accuracy: 0.9804
Epoch: 12 loss: 0.1273 accuracy: 0.9762 val_loss: 0.1130 val_accuracy: 0.9804
Epoch: 13 loss: 0.1229 accuracy: 0.9762 val_loss: 0.1087 val_accuracy: 0.9804
Epoch: 14 loss: 0.1195 accuracy: 0.9762 val_loss: 0.1082 val_accuracy: 0.9804
Epoch: 15 loss: 0.1175 accuracy: 0.9762 val_loss: 0.1018 val_accuracy: 0.9804
Epoch: 16 loss: 0.1138 accuracy: 0.9767 val_loss: 0.0993 val_accuracy: 0.9804
Epoch: 17 loss: 0.1138 accuracy: 0.9767 val_loss: 0.0999 val_accuracy: 0.9804
Epoch: 18 loss: 0.1142 accuracy: 0.9762 val_loss: 0.0993 val_accuracy: 0.9804
Epoch: 19 loss: 0.1136 accuracy: 0.9762 val_loss: 0.0995 val_accuracy: 0.9804
Epoch: 20 loss: 0.1136 accuracy: 0.9762 val_loss: 0.0984 val_accuracy: 0.9804
Model: "sequential"
_________________________________________________________________
Layer (type)                 Output Shape              Param #   
=================================================================
xception (Functional)        (None, 2048)              20861480  
_________________________________________________________________
dense (Dense)                (None, 512)               1049088   
_________________________________________________________________
dropout (Dropout)            (None, 512)               0         
_________________________________________________________________
batch_normalization_4 (Batch (None, 512)               2048      
_________________________________________________________________
dense_1 (Dense)              (None, 256)               131328    
_________________________________________________________________
dropout_1 (Dropout)          (None, 256)               0         
_________________________________________________________________
batch_normalization_5 (Batch (None, 256)               1024      
_________________________________________________________________
dense_2 (Dense)              (None, 2)                 514       
=================================================================
Total params: 22,045,482
Trainable params: 1,182,466
Non-trainable params: 20,863,016
_________________________________________________________________
Fitting PAD_UFES_20_aug_Xception_150h_150w_1 model...
model_name: PAD_UFES_20_aug_Xception_150h_150w_1
Job ended!
