Mon 26 Feb 2024 03:29:01 AM EST
Python 3.9.7
nvcc: NVIDIA (R) Cuda compiler driver
Copyright (c) 2005-2019 NVIDIA Corporation
Built on Sun_Jul_28_19:07:16_PDT_2019
Cuda compilation tools, release 10.1, V10.1.243
My SLURM_ARRAY_TASK_ID:  1
DB: ['ISIC2016', 'ISIC2017', 'ISIC2018', 'ISIC2019', '_7_point_criteria', 'PAD_UFES_20']
IMG_SIZE: [150, 150]
CLASSIFIER: EfficientNetB2
JOB_INDEX: 1
Combining...
Combining 1 db out of 6 dbs
Combining 2 db out of 6 dbs
Combining 3 db out of 6 dbs
Combining 4 db out of 6 dbs
Combining 5 db out of 6 dbs
Combining 6 db out of 6 dbs
Stacking training images
Stacking training labels
Stacking validation images
Stacking validation labels
Combining...
Combining 1 db out of 6 dbs
Combining 2 db out of 6 dbs
Combining 3 db out of 6 dbs
Combining 4 db out of 6 dbs
Combining 5 db out of 6 dbs
Combining 6 db out of 6 dbs
Stacking training images
Stacking training labels
Stacking validation images
Stacking validation labels
Model: "sequential"
_________________________________________________________________
Layer (type)                 Output Shape              Param #   
=================================================================
efficientnetb2 (Functional)  (None, 1408)              7768569   
_________________________________________________________________
dense (Dense)                (None, 512)               721408    
_________________________________________________________________
dropout (Dropout)            (None, 512)               0         
_________________________________________________________________
batch_normalization (BatchNo (None, 512)               2048      
_________________________________________________________________
dense_1 (Dense)              (None, 256)               131328    
_________________________________________________________________
dropout_1 (Dropout)          (None, 256)               0         
_________________________________________________________________
batch_normalization_1 (Batch (None, 256)               1024      
_________________________________________________________________
dense_2 (Dense)              (None, 2)                 514       
=================================================================
Total params: 8,624,891
Trainable params: 854,786
Non-trainable params: 7,770,105
_________________________________________________________________
Fitting ISIC2016+ISIC2017+ISIC2018+ISIC2019+_7_point_criteria+PAD_UFES_20_noaug_EfficientNetB2_150h_150w_1 model...
Epoch: 1 loss: 0.4767 accuracy: 0.8264 val_loss: 0.4456 val_accuracy: 0.8367
Epoch: 2 loss: 0.4295 accuracy: 0.8464 val_loss: 0.4451 val_accuracy: 0.8367
Epoch: 3 loss: 0.4291 accuracy: 0.8464 val_loss: 0.4461 val_accuracy: 0.8367
Epoch: 4 loss: 0.4290 accuracy: 0.8464 val_loss: 0.4454 val_accuracy: 0.8367
Epoch: 5 loss: 0.4292 accuracy: 0.8463 val_loss: 0.4457 val_accuracy: 0.8367
Epoch: 6 loss: 0.4289 accuracy: 0.8464 val_loss: 0.4455 val_accuracy: 0.8367
Epoch: 7 loss: 0.4289 accuracy: 0.8464 val_loss: 0.4451 val_accuracy: 0.8367
Epoch: 8 loss: 0.4292 accuracy: 0.8463 val_loss: 0.4451 val_accuracy: 0.8367
Epoch: 9 loss: 0.4291 accuracy: 0.8464 val_loss: 0.4453 val_accuracy: 0.8367
Epoch: 10 loss: 0.4291 accuracy: 0.8464 val_loss: 0.4452 val_accuracy: 0.8367
Epoch: 11 loss: 0.4292 accuracy: 0.8463 val_loss: 0.4452 val_accuracy: 0.8367
Epoch: 12 loss: 0.4289 accuracy: 0.8465 val_loss: 0.4452 val_accuracy: 0.8367
Epoch: 13 loss: 0.4290 accuracy: 0.8464 val_loss: 0.4452 val_accuracy: 0.8367
Epoch: 14 loss: 0.4290 accuracy: 0.8464 val_loss: 0.4453 val_accuracy: 0.8367
Epoch: 15 loss: 0.4291 accuracy: 0.8464 val_loss: 0.4452 val_accuracy: 0.8367
Epoch: 16 loss: 0.4291 accuracy: 0.8463 val_loss: 0.4458 val_accuracy: 0.8367
Epoch: 17 loss: 0.4290 accuracy: 0.8464 val_loss: 0.4457 val_accuracy: 0.8367
Epoch: 18 loss: 0.4291 accuracy: 0.8464 val_loss: 0.4458 val_accuracy: 0.8367
Epoch: 19 loss: 0.4292 accuracy: 0.8463 val_loss: 0.4461 val_accuracy: 0.8367
Epoch: 20 loss: 0.4290 accuracy: 0.8464 val_loss: 0.4452 val_accuracy: 0.8367
Fitting ISIC2016+ISIC2017+ISIC2018+ISIC2019+_7_point_criteria+PAD_UFES_20_aug_EfficientNetB2_150h_150w_1 model...
Epoch: 1 loss: 0.6407 accuracy: 0.6639 val_loss: 0.5163 val_accuracy: 0.8367
Epoch: 2 loss: 0.6385 accuracy: 0.6639 val_loss: 0.5211 val_accuracy: 0.8367
Epoch: 3 loss: 0.6386 accuracy: 0.6638 val_loss: 0.5140 val_accuracy: 0.8367
Epoch: 4 loss: 0.6385 accuracy: 0.6638 val_loss: 0.5175 val_accuracy: 0.8367
Epoch: 5 loss: 0.6386 accuracy: 0.6639 val_loss: 0.5202 val_accuracy: 0.8367
Epoch: 6 loss: 0.6385 accuracy: 0.6639 val_loss: 0.5231 val_accuracy: 0.8367
Epoch: 7 loss: 0.6385 accuracy: 0.6639 val_loss: 0.5193 val_accuracy: 0.8367
Epoch: 8 loss: 0.6385 accuracy: 0.6639 val_loss: 0.5168 val_accuracy: 0.8367
Epoch: 9 loss: 0.6386 accuracy: 0.6638 val_loss: 0.5232 val_accuracy: 0.8367
Epoch: 10 loss: 0.6385 accuracy: 0.6639 val_loss: 0.5131 val_accuracy: 0.8367
Epoch: 11 loss: 0.6386 accuracy: 0.6639 val_loss: 0.5184 val_accuracy: 0.8367
Epoch: 12 loss: 0.6385 accuracy: 0.6639 val_loss: 0.5298 val_accuracy: 0.8367
Epoch: 13 loss: 0.6385 accuracy: 0.6639 val_loss: 0.5194 val_accuracy: 0.8367
Epoch: 14 loss: 0.6386 accuracy: 0.6638 val_loss: 0.5191 val_accuracy: 0.8367
Epoch: 15 loss: 0.6385 accuracy: 0.6639 val_loss: 0.5209 val_accuracy: 0.8367
Epoch: 16 loss: 0.6385 accuracy: 0.6639 val_loss: 0.5218 val_accuracy: 0.8367
Epoch: 17 loss: 0.6386 accuracy: 0.6638 val_loss: 0.5229 val_accuracy: 0.8367
Epoch: 18 loss: 0.6385 accuracy: 0.6639 val_loss: 0.5172 val_accuracy: 0.8367
Epoch: 19 loss: 0.6385 accuracy: 0.6639 val_loss: 0.5225 val_accuracy: 0.8367
Epoch: 20 loss: 0.6385 accuracy: 0.6638 val_loss: 0.5236 val_accuracy: 0.8367
Job ended!
