Mon 26 Feb 2024 01:54:07 AM EST
Python 3.9.7
nvcc: NVIDIA (R) Cuda compiler driver
Copyright (c) 2005-2019 NVIDIA Corporation
Built on Sun_Jul_28_19:07:16_PDT_2019
Cuda compilation tools, release 10.1, V10.1.243
My SLURM_ARRAY_TASK_ID:  1
DB: ['ISIC2016']
IMG_SIZE: [150, 150]
CLASSIFIER: EfficientNetB2
JOB_INDEX: 1
Combining...
Combining 1 db out of 1 dbs
Stacking training images
Stacking training labels
Stacking validation images
Stacking validation labels
Combining...
Combining 1 db out of 1 dbs
Stacking training images
Stacking training labels
Stacking validation images
Stacking validation labels
Model: "sequential"
_________________________________________________________________
Layer (type)                 Output Shape              Param #   
=================================================================
efficientnetb2 (Functional)  (None, 1408)              7768569   
_________________________________________________________________
dense (Dense)                (None, 512)               721408    
_________________________________________________________________
dropout (Dropout)            (None, 512)               0         
_________________________________________________________________
batch_normalization (BatchNo (None, 512)               2048      
_________________________________________________________________
dense_1 (Dense)              (None, 256)               131328    
_________________________________________________________________
dropout_1 (Dropout)          (None, 256)               0         
_________________________________________________________________
batch_normalization_1 (Batch (None, 256)               1024      
_________________________________________________________________
dense_2 (Dense)              (None, 2)                 514       
=================================================================
Total params: 8,624,891
Trainable params: 854,786
Non-trainable params: 7,770,105
_________________________________________________________________
Fitting ISIC2016_noaug_EfficientNetB2_150h_150w_1 model...
Epoch: 1 loss: 0.6819 accuracy: 0.5669 val_loss: 0.6761 val_accuracy: 0.8000
Epoch: 2 loss: 0.6757 accuracy: 0.5683 val_loss: 0.6596 val_accuracy: 0.8000
Epoch: 3 loss: 0.6626 accuracy: 0.6323 val_loss: 0.6436 val_accuracy: 0.8000
Epoch: 4 loss: 0.6441 accuracy: 0.7060 val_loss: 0.6287 val_accuracy: 0.8000
Epoch: 5 loss: 0.6232 accuracy: 0.7718 val_loss: 0.6155 val_accuracy: 0.8000
Epoch: 6 loss: 0.6142 accuracy: 0.7849 val_loss: 0.6019 val_accuracy: 0.8000
Epoch: 7 loss: 0.5968 accuracy: 0.8023 val_loss: 0.5906 val_accuracy: 0.8000
Epoch: 8 loss: 0.5877 accuracy: 0.8110 val_loss: 0.5801 val_accuracy: 0.8000
Epoch: 9 loss: 0.5676 accuracy: 0.8125 val_loss: 0.5690 val_accuracy: 0.8000
Epoch: 10 loss: 0.5626 accuracy: 0.8052 val_loss: 0.5588 val_accuracy: 0.8000
Epoch: 11 loss: 0.5503 accuracy: 0.8067 val_loss: 0.5506 val_accuracy: 0.8000
Epoch: 12 loss: 0.5399 accuracy: 0.8125 val_loss: 0.5424 val_accuracy: 0.8000
Epoch: 13 loss: 0.5281 accuracy: 0.8140 val_loss: 0.5339 val_accuracy: 0.8000
Epoch: 14 loss: 0.5217 accuracy: 0.8110 val_loss: 0.5263 val_accuracy: 0.8000
Epoch: 15 loss: 0.5162 accuracy: 0.8096 val_loss: 0.5216 val_accuracy: 0.8000
Epoch: 16 loss: 0.5116 accuracy: 0.8096 val_loss: 0.5170 val_accuracy: 0.8000
Epoch: 17 loss: 0.5085 accuracy: 0.8125 val_loss: 0.5131 val_accuracy: 0.8000
Epoch: 18 loss: 0.5068 accuracy: 0.8081 val_loss: 0.5107 val_accuracy: 0.8000
Epoch: 19 loss: 0.5070 accuracy: 0.8052 val_loss: 0.5084 val_accuracy: 0.8000
Epoch: 20 loss: 0.5002 accuracy: 0.8096 val_loss: 0.5057 val_accuracy: 0.8000
Fitting ISIC2016_aug_EfficientNetB2_150h_150w_1 model...
Epoch: 1 loss: 0.7100 accuracy: 0.6158 val_loss: 0.5103 val_accuracy: 0.8000
Epoch: 2 loss: 0.6999 accuracy: 0.6123 val_loss: 0.5215 val_accuracy: 0.8000
Epoch: 3 loss: 0.6826 accuracy: 0.6167 val_loss: 0.5315 val_accuracy: 0.8000
Epoch: 4 loss: 0.6779 accuracy: 0.6158 val_loss: 0.5378 val_accuracy: 0.8000
Epoch: 5 loss: 0.6764 accuracy: 0.6158 val_loss: 0.5365 val_accuracy: 0.8000
Epoch: 6 loss: 0.6739 accuracy: 0.6149 val_loss: 0.5468 val_accuracy: 0.8000
Epoch: 7 loss: 0.6724 accuracy: 0.6141 val_loss: 0.5497 val_accuracy: 0.8000
Epoch: 8 loss: 0.6703 accuracy: 0.6149 val_loss: 0.5453 val_accuracy: 0.8000
Epoch: 9 loss: 0.6675 accuracy: 0.6158 val_loss: 0.5533 val_accuracy: 0.8000
Epoch: 10 loss: 0.6648 accuracy: 0.6210 val_loss: 0.5661 val_accuracy: 0.8000
Epoch: 11 loss: 0.6690 accuracy: 0.6132 val_loss: 0.5650 val_accuracy: 0.8000
Epoch: 12 loss: 0.6680 accuracy: 0.6123 val_loss: 0.5698 val_accuracy: 0.8000
Epoch: 13 loss: 0.6688 accuracy: 0.6149 val_loss: 0.5577 val_accuracy: 0.8000
Epoch: 14 loss: 0.6685 accuracy: 0.6141 val_loss: 0.5626 val_accuracy: 0.8000
Epoch: 15 loss: 0.6656 accuracy: 0.6175 val_loss: 0.5758 val_accuracy: 0.8000
Epoch: 16 loss: 0.6658 accuracy: 0.6193 val_loss: 0.5782 val_accuracy: 0.8000
Epoch: 17 loss: 0.6686 accuracy: 0.6114 val_loss: 0.5778 val_accuracy: 0.8000
Epoch: 18 loss: 0.6666 accuracy: 0.6167 val_loss: 0.5920 val_accuracy: 0.8000
Epoch: 19 loss: 0.6673 accuracy: 0.6158 val_loss: 0.5923 val_accuracy: 0.8000
Epoch: 20 loss: 0.6678 accuracy: 0.6141 val_loss: 0.5776 val_accuracy: 0.8000
Job ended!
