Tue 27 Feb 2024 06:31:51 AM EST
Python 3.9.7
nvcc: NVIDIA (R) Cuda compiler driver
Copyright (c) 2005-2019 NVIDIA Corporation
Built on Sun_Jul_28_19:07:16_PDT_2019
Cuda compilation tools, release 10.1, V10.1.243
My SLURM_ARRAY_TASK_ID: 
DB: ['ISIC2016', 'ISIC2017', 'ISIC2018', 'ISIC2020', 'PH2']
IMG_SIZE: [150, 150]
CLASSIFIER: EfficientNetB1
SELF_AUG: 1
JOB_INDEX: None
Combining...
Combining 1 db out of 5 dbs
Combining 2 db out of 5 dbs
Combining 3 db out of 5 dbs
Combining 4 db out of 5 dbs
Combining 5 db out of 5 dbs
Stacking training images
Stacking training labels
Stacking validation images
Stacking validation labels
Model: "sequential"
_________________________________________________________________
Layer (type)                 Output Shape              Param #   
=================================================================
efficientnetb1 (Functional)  (None, 1280)              6575239   
_________________________________________________________________
dense (Dense)                (None, 512)               655872    
_________________________________________________________________
dropout (Dropout)            (None, 512)               0         
_________________________________________________________________
batch_normalization (BatchNo (None, 512)               2048      
_________________________________________________________________
dense_1 (Dense)              (None, 256)               131328    
_________________________________________________________________
dropout_1 (Dropout)          (None, 256)               0         
_________________________________________________________________
batch_normalization_1 (Batch (None, 256)               1024      
_________________________________________________________________
dense_2 (Dense)              (None, 2)                 514       
=================================================================
Total params: 7,366,025
Trainable params: 789,250
Non-trainable params: 6,576,775
_________________________________________________________________
Fitting ISIC2016+ISIC2017+ISIC2018+ISIC2020+PH2_aug_EfficientNetB1_150h_150w_None model...
model_name: ISIC2016+ISIC2017+ISIC2018+ISIC2020+PH2_aug_EfficientNetB1_150h_150w_None
Epoch: 1 loss: 0.5339 accuracy: 0.7667 val_loss: 0.2763 val_accuracy: 0.9733
Epoch: 2 loss: 0.5113 accuracy: 0.7774 val_loss: 0.2645 val_accuracy: 0.9733
Epoch: 3 loss: 0.5112 accuracy: 0.7777 val_loss: 0.3030 val_accuracy: 0.9733
Epoch: 4 loss: 0.5090 accuracy: 0.7780 val_loss: 0.2365 val_accuracy: 0.9733
Epoch: 5 loss: 0.5079 accuracy: 0.7784 val_loss: 0.2268 val_accuracy: 0.9733
Epoch: 6 loss: 0.5068 accuracy: 0.7787 val_loss: 0.2753 val_accuracy: 0.9733
Epoch: 7 loss: 0.5057 accuracy: 0.7790 val_loss: 0.2308 val_accuracy: 0.9733
Epoch: 8 loss: 0.5050 accuracy: 0.7791 val_loss: 0.2771 val_accuracy: 0.9719
Epoch: 9 loss: 0.5037 accuracy: 0.7795 val_loss: 0.2768 val_accuracy: 0.9695
Epoch: 10 loss: 0.5034 accuracy: 0.7794 val_loss: 0.2543 val_accuracy: 0.9727
Epoch: 11 loss: 0.5025 accuracy: 0.7797 val_loss: 0.2617 val_accuracy: 0.9730
Epoch: 12 loss: 0.5024 accuracy: 0.7796 val_loss: 0.3047 val_accuracy: 0.9733
Epoch: 13 loss: 0.5018 accuracy: 0.7798 val_loss: 0.2869 val_accuracy: 0.9685
Epoch: 14 loss: 0.5007 accuracy: 0.7802 val_loss: 0.2354 val_accuracy: 0.9730
Epoch: 15 loss: 0.5010 accuracy: 0.7809 val_loss: 0.2508 val_accuracy: 0.9705
Epoch: 16 loss: 0.5002 accuracy: 0.7802 val_loss: 0.2482 val_accuracy: 0.9722
Epoch: 17 loss: 0.4997 accuracy: 0.7807 val_loss: 0.3029 val_accuracy: 0.9730
Epoch: 18 loss: 0.4988 accuracy: 0.7807 val_loss: 0.2381 val_accuracy: 0.9733
Epoch: 19 loss: 0.4982 accuracy: 0.7806 val_loss: 0.3496 val_accuracy: 0.9702
Epoch: 20 loss: 0.4977 accuracy: 0.7810 val_loss: 0.2601 val_accuracy: 0.9699
Job ended!
