Fri 01 Mar 2024 02:34:14 AM EST
Python 3.9.7
nvcc: NVIDIA (R) Cuda compiler driver
Copyright (c) 2005-2019 NVIDIA Corporation
Built on Sun_Jul_28_19:07:16_PDT_2019
Cuda compilation tools, release 10.1, V10.1.243
My SLURM_ARRAY_TASK_ID: 
DB: ['ISIC2016', '_7_point_criteria', 'PAD_UFES_20', 'MEDNODE']
IMG_SIZE: [150, 150]
CLASSIFIER: EfficientNetB1
SELF_AUG: 1
JOB_INDEX: None
Combining...
Combining 1 db out of 4 dbs
Combining 2 db out of 4 dbs
Combining 3 db out of 4 dbs
Combining 4 db out of 4 dbs
Stacking training images
Stacking training labels
Stacking validation images
Stacking validation labels
Model: "sequential"
_________________________________________________________________
Layer (type)                 Output Shape              Param #   
=================================================================
efficientnetb1 (Functional)  (None, 1280)              6575239   
_________________________________________________________________
dense (Dense)                (None, 512)               655872    
_________________________________________________________________
dropout (Dropout)            (None, 512)               0         
_________________________________________________________________
batch_normalization (BatchNo (None, 512)               2048      
_________________________________________________________________
dense_1 (Dense)              (None, 256)               131328    
_________________________________________________________________
dropout_1 (Dropout)          (None, 256)               0         
_________________________________________________________________
batch_normalization_1 (Batch (None, 256)               1024      
_________________________________________________________________
dense_2 (Dense)              (None, 2)                 514       
=================================================================
Total params: 7,366,025
Trainable params: 789,250
Non-trainable params: 6,576,775
_________________________________________________________________
Fitting ISIC2016+_7_point_criteria+PAD_UFES_20+MEDNODE_aug_EfficientNetB1_150h_150w_None model...
model_name: ISIC2016+_7_point_criteria+PAD_UFES_20+MEDNODE_aug_EfficientNetB1_150h_150w_None
Epoch: 1 loss: 0.7609 accuracy: 0.6581 val_loss: 0.4444 val_accuracy: 0.8449
Epoch: 2 loss: 0.5901 accuracy: 0.7354 val_loss: 0.3976 val_accuracy: 0.8632
Epoch: 3 loss: 0.5121 accuracy: 0.7717 val_loss: 0.3705 val_accuracy: 0.8472
Epoch: 4 loss: 0.4775 accuracy: 0.7877 val_loss: 0.3413 val_accuracy: 0.8746
Epoch: 5 loss: 0.4337 accuracy: 0.8068 val_loss: 0.3235 val_accuracy: 0.8780
Epoch: 6 loss: 0.4000 accuracy: 0.8177 val_loss: 0.3139 val_accuracy: 0.8860
Epoch: 7 loss: 0.3767 accuracy: 0.8329 val_loss: 0.3094 val_accuracy: 0.8837
Epoch: 8 loss: 0.3607 accuracy: 0.8402 val_loss: 0.3063 val_accuracy: 0.8894
Epoch: 9 loss: 0.3433 accuracy: 0.8504 val_loss: 0.3120 val_accuracy: 0.8883
Epoch: 10 loss: 0.3481 accuracy: 0.8457 val_loss: 0.3197 val_accuracy: 0.8848
Epoch: 11 loss: 0.3289 accuracy: 0.8567 val_loss: 0.3160 val_accuracy: 0.8848
Epoch: 12 loss: 0.3203 accuracy: 0.8593 val_loss: 0.3074 val_accuracy: 0.8848
Epoch: 13 loss: 0.3139 accuracy: 0.8646 val_loss: 0.3167 val_accuracy: 0.8780
Epoch: 14 loss: 0.2880 accuracy: 0.8754 val_loss: 0.3194 val_accuracy: 0.8769
Epoch: 15 loss: 0.2890 accuracy: 0.8722 val_loss: 0.3300 val_accuracy: 0.8769
Epoch: 16 loss: 0.2894 accuracy: 0.8708 val_loss: 0.3195 val_accuracy: 0.8826
Epoch: 17 loss: 0.2679 accuracy: 0.8813 val_loss: 0.3128 val_accuracy: 0.8814
Epoch: 18 loss: 0.2615 accuracy: 0.8839 val_loss: 0.3327 val_accuracy: 0.8780
Epoch: 19 loss: 0.2599 accuracy: 0.8915 val_loss: 0.3341 val_accuracy: 0.8689
Epoch: 20 loss: 0.2515 accuracy: 0.8943 val_loss: 0.3296 val_accuracy: 0.8769
Job ended!
