Tue 27 Feb 2024 05:41:56 AM EST
Python 3.9.7
nvcc: NVIDIA (R) Cuda compiler driver
Copyright (c) 2005-2019 NVIDIA Corporation
Built on Sun_Jul_28_19:07:16_PDT_2019
Cuda compilation tools, release 10.1, V10.1.243
My SLURM_ARRAY_TASK_ID: 
DB: ['ISIC2016', 'ISIC2017']
IMG_SIZE: [150, 150]
CLASSIFIER: EfficientNetB1
SELF_AUG: 1
JOB_INDEX: None
Combining...
Combining 1 db out of 2 dbs
Combining 2 db out of 2 dbs
Stacking training images
Stacking training labels
Stacking validation images
Stacking validation labels
Model: "sequential"
_________________________________________________________________
Layer (type)                 Output Shape              Param #   
=================================================================
efficientnetb1 (Functional)  (None, 1280)              6575239   
_________________________________________________________________
dense (Dense)                (None, 512)               655872    
_________________________________________________________________
dropout (Dropout)            (None, 512)               0         
_________________________________________________________________
batch_normalization (BatchNo (None, 512)               2048      
_________________________________________________________________
dense_1 (Dense)              (None, 256)               131328    
_________________________________________________________________
dropout_1 (Dropout)          (None, 256)               0         
_________________________________________________________________
batch_normalization_1 (Batch (None, 256)               1024      
_________________________________________________________________
dense_2 (Dense)              (None, 2)                 514       
=================================================================
Total params: 7,366,025
Trainable params: 789,250
Non-trainable params: 6,576,775
_________________________________________________________________
Fitting ISIC2016+ISIC2017_aug_EfficientNetB1_150h_150w_None model...
model_name: ISIC2016+ISIC2017_aug_EfficientNetB1_150h_150w_None
Epoch: 1 loss: 0.6860 accuracy: 0.5583 val_loss: 0.6236 val_accuracy: 0.8000
Epoch: 2 loss: 0.6642 accuracy: 0.6236 val_loss: 0.5898 val_accuracy: 0.8000
Epoch: 3 loss: 0.6599 accuracy: 0.6336 val_loss: 0.5704 val_accuracy: 0.8000
Epoch: 4 loss: 0.6570 accuracy: 0.6365 val_loss: 0.5645 val_accuracy: 0.8000
Epoch: 5 loss: 0.6577 accuracy: 0.6353 val_loss: 0.5687 val_accuracy: 0.8000
Epoch: 6 loss: 0.6567 accuracy: 0.6368 val_loss: 0.5648 val_accuracy: 0.8000
Epoch: 7 loss: 0.6550 accuracy: 0.6375 val_loss: 0.5709 val_accuracy: 0.8000
Epoch: 8 loss: 0.6564 accuracy: 0.6363 val_loss: 0.5686 val_accuracy: 0.8000
Epoch: 9 loss: 0.6559 accuracy: 0.6382 val_loss: 0.5665 val_accuracy: 0.8000
Epoch: 10 loss: 0.6557 accuracy: 0.6372 val_loss: 0.5488 val_accuracy: 0.8000
Epoch: 11 loss: 0.6553 accuracy: 0.6370 val_loss: 0.5510 val_accuracy: 0.8000
Epoch: 12 loss: 0.6555 accuracy: 0.6365 val_loss: 0.5532 val_accuracy: 0.8000
Epoch: 13 loss: 0.6561 accuracy: 0.6368 val_loss: 0.5587 val_accuracy: 0.8000
Epoch: 14 loss: 0.6565 accuracy: 0.6358 val_loss: 0.5658 val_accuracy: 0.8000
Epoch: 15 loss: 0.6563 accuracy: 0.6353 val_loss: 0.5686 val_accuracy: 0.8000
Epoch: 16 loss: 0.6553 accuracy: 0.6368 val_loss: 0.5634 val_accuracy: 0.8000
Epoch: 17 loss: 0.6549 accuracy: 0.6380 val_loss: 0.5677 val_accuracy: 0.8000
Epoch: 18 loss: 0.6548 accuracy: 0.6365 val_loss: 0.5741 val_accuracy: 0.8000
Epoch: 19 loss: 0.6558 accuracy: 0.6377 val_loss: 0.5546 val_accuracy: 0.8000
Epoch: 20 loss: 0.6565 accuracy: 0.6353 val_loss: 0.5679 val_accuracy: 0.8000
Job ended!
