Fri 01 Mar 2024 04:04:14 AM EST
Python 3.9.7
nvcc: NVIDIA (R) Cuda compiler driver
Copyright (c) 2005-2019 NVIDIA Corporation
Built on Sun_Jul_28_19:07:16_PDT_2019
Cuda compilation tools, release 10.1, V10.1.243
My SLURM_ARRAY_TASK_ID: 
DB: ['ISIC2016', 'PH2', '_7_point_criteria', 'PAD_UFES_20']
IMG_SIZE: [150, 150]
CLASSIFIER: EfficientNetB1
SELF_AUG: 1
JOB_INDEX: None
Combining...
Combining 1 db out of 4 dbs
Combining 2 db out of 4 dbs
Combining 3 db out of 4 dbs
Combining 4 db out of 4 dbs
Stacking training images
Stacking training labels
Stacking validation images
Stacking validation labels
Model: "sequential"
_________________________________________________________________
Layer (type)                 Output Shape              Param #   
=================================================================
efficientnetb1 (Functional)  (None, 1280)              6575239   
_________________________________________________________________
dense (Dense)                (None, 512)               655872    
_________________________________________________________________
dropout (Dropout)            (None, 512)               0         
_________________________________________________________________
batch_normalization (BatchNo (None, 512)               2048      
_________________________________________________________________
dense_1 (Dense)              (None, 256)               131328    
_________________________________________________________________
dropout_1 (Dropout)          (None, 256)               0         
_________________________________________________________________
batch_normalization_1 (Batch (None, 256)               1024      
_________________________________________________________________
dense_2 (Dense)              (None, 2)                 514       
=================================================================
Total params: 7,366,025
Trainable params: 789,250
Non-trainable params: 6,576,775
_________________________________________________________________
Fitting ISIC2016+PH2+_7_point_criteria+PAD_UFES_20_aug_EfficientNetB1_150h_150w_None model...
model_name: ISIC2016+PH2+_7_point_criteria+PAD_UFES_20_aug_EfficientNetB1_150h_150w_None
Epoch: 1 loss: 0.7248 accuracy: 0.6657 val_loss: 0.3601 val_accuracy: 0.8754
Epoch: 2 loss: 0.5643 accuracy: 0.7365 val_loss: 0.3134 val_accuracy: 0.8861
Epoch: 3 loss: 0.4838 accuracy: 0.7813 val_loss: 0.2933 val_accuracy: 0.8849
Epoch: 4 loss: 0.4392 accuracy: 0.8048 val_loss: 0.3042 val_accuracy: 0.8814
Epoch: 5 loss: 0.4023 accuracy: 0.8195 val_loss: 0.2870 val_accuracy: 0.8861
Epoch: 6 loss: 0.3708 accuracy: 0.8425 val_loss: 0.2818 val_accuracy: 0.8932
Epoch: 7 loss: 0.3443 accuracy: 0.8509 val_loss: 0.2816 val_accuracy: 0.8849
Epoch: 8 loss: 0.3355 accuracy: 0.8556 val_loss: 0.2947 val_accuracy: 0.8873
Epoch: 9 loss: 0.3304 accuracy: 0.8483 val_loss: 0.2888 val_accuracy: 0.8814
Epoch: 10 loss: 0.3167 accuracy: 0.8596 val_loss: 0.2970 val_accuracy: 0.8873
Epoch: 11 loss: 0.2955 accuracy: 0.8748 val_loss: 0.2811 val_accuracy: 0.8980
Epoch: 12 loss: 0.2915 accuracy: 0.8724 val_loss: 0.2848 val_accuracy: 0.8909
Epoch: 13 loss: 0.2775 accuracy: 0.8837 val_loss: 0.2960 val_accuracy: 0.8897
Epoch: 14 loss: 0.2743 accuracy: 0.8792 val_loss: 0.2974 val_accuracy: 0.8956
Epoch: 15 loss: 0.2674 accuracy: 0.8891 val_loss: 0.2994 val_accuracy: 0.8885
Epoch: 16 loss: 0.2502 accuracy: 0.8925 val_loss: 0.3192 val_accuracy: 0.8849
Epoch: 17 loss: 0.2560 accuracy: 0.8903 val_loss: 0.3107 val_accuracy: 0.8956
Epoch: 18 loss: 0.2386 accuracy: 0.8961 val_loss: 0.3075 val_accuracy: 0.8921
Epoch: 19 loss: 0.2317 accuracy: 0.9016 val_loss: 0.3145 val_accuracy: 0.8861
Epoch: 20 loss: 0.2325 accuracy: 0.8989 val_loss: 0.3040 val_accuracy: 0.8897
Job ended!
