Tue 27 Feb 2024 06:40:26 AM EST
Python 3.9.7
nvcc: NVIDIA (R) Cuda compiler driver
Copyright (c) 2005-2019 NVIDIA Corporation
Built on Sun_Jul_28_19:07:16_PDT_2019
Cuda compilation tools, release 10.1, V10.1.243
My SLURM_ARRAY_TASK_ID: 
DB: ['ISIC2016', 'ISIC2018', 'ISIC2019', 'ISIC2020']
IMG_SIZE: [150, 150]
CLASSIFIER: EfficientNetB1
SELF_AUG: 1
JOB_INDEX: None
Combining...
Combining 1 db out of 4 dbs
Combining 2 db out of 4 dbs
Combining 3 db out of 4 dbs
Combining 4 db out of 4 dbs
Stacking training images
Stacking training labels
Stacking validation images
Stacking validation labels
Model: "sequential"
_________________________________________________________________
Layer (type)                 Output Shape              Param #   
=================================================================
efficientnetb1 (Functional)  (None, 1280)              6575239   
_________________________________________________________________
dense (Dense)                (None, 512)               655872    
_________________________________________________________________
dropout (Dropout)            (None, 512)               0         
_________________________________________________________________
batch_normalization (BatchNo (None, 512)               2048      
_________________________________________________________________
dense_1 (Dense)              (None, 256)               131328    
_________________________________________________________________
dropout_1 (Dropout)          (None, 256)               0         
_________________________________________________________________
batch_normalization_1 (Batch (None, 256)               1024      
_________________________________________________________________
dense_2 (Dense)              (None, 2)                 514       
=================================================================
Total params: 7,366,025
Trainable params: 789,250
Non-trainable params: 6,576,775
_________________________________________________________________
Fitting ISIC2016+ISIC2018+ISIC2019+ISIC2020_aug_EfficientNetB1_150h_150w_None model...
model_name: ISIC2016+ISIC2018+ISIC2019+ISIC2020_aug_EfficientNetB1_150h_150w_None
Epoch: 1 loss: 0.5757 accuracy: 0.7205 val_loss: 0.4915 val_accuracy: 0.9151
Epoch: 2 loss: 0.5635 accuracy: 0.7270 val_loss: 0.4107 val_accuracy: 0.9151
Epoch: 3 loss: 0.5599 accuracy: 0.7274 val_loss: 0.4076 val_accuracy: 0.9151
Epoch: 4 loss: 0.5563 accuracy: 0.7274 val_loss: 0.4377 val_accuracy: 0.9002
Epoch: 5 loss: 0.5538 accuracy: 0.7291 val_loss: 0.4537 val_accuracy: 0.9059
Epoch: 6 loss: 0.5526 accuracy: 0.7298 val_loss: 0.4942 val_accuracy: 0.8760
Epoch: 7 loss: 0.5503 accuracy: 0.7298 val_loss: 0.4381 val_accuracy: 0.9023
Epoch: 8 loss: 0.5505 accuracy: 0.7282 val_loss: 0.3002 val_accuracy: 0.9151
Epoch: 9 loss: 0.5506 accuracy: 0.7270 val_loss: 0.4703 val_accuracy: 0.9151
Epoch: 10 loss: 0.5484 accuracy: 0.7266 val_loss: 0.3049 val_accuracy: 0.9151
Epoch: 11 loss: 0.5462 accuracy: 0.7279 val_loss: 0.3671 val_accuracy: 0.9130
Epoch: 12 loss: 0.5450 accuracy: 0.7286 val_loss: 0.7190 val_accuracy: 0.2892
Epoch: 13 loss: 0.5472 accuracy: 0.7292 val_loss: 0.5828 val_accuracy: 0.7069
Epoch: 14 loss: 0.5463 accuracy: 0.7296 val_loss: 0.4903 val_accuracy: 0.9151
Epoch: 15 loss: 0.5437 accuracy: 0.7296 val_loss: 0.4776 val_accuracy: 0.9041
Epoch: 16 loss: 0.5423 accuracy: 0.7285 val_loss: 0.6409 val_accuracy: 0.8298
Epoch: 17 loss: 0.5412 accuracy: 0.7285 val_loss: 0.6232 val_accuracy: 0.6864
Epoch: 18 loss: 0.5401 accuracy: 0.7288 val_loss: 0.6679 val_accuracy: 0.4867
Epoch: 19 loss: 0.5404 accuracy: 0.7283 val_loss: 0.3140 val_accuracy: 0.9072
Epoch: 20 loss: 0.5388 accuracy: 0.7279 val_loss: 0.2695 val_accuracy: 0.9151
Job ended!
