Fri 01 Mar 2024 03:07:34 AM EST
Python 3.9.7
nvcc: NVIDIA (R) Cuda compiler driver
Copyright (c) 2005-2019 NVIDIA Corporation
Built on Sun_Jul_28_19:07:16_PDT_2019
Cuda compilation tools, release 10.1, V10.1.243
My SLURM_ARRAY_TASK_ID: 
DB: ['ISIC2016', 'ISIC2017', 'ISIC2018', 'ISIC2019', 'MEDNODE', 'KaggleMB']
IMG_SIZE: [150, 150]
CLASSIFIER: EfficientNetB1
SELF_AUG: 1
JOB_INDEX: None
Combining...
Combining 1 db out of 6 dbs
Combining 2 db out of 6 dbs
Combining 3 db out of 6 dbs
Combining 4 db out of 6 dbs
Combining 5 db out of 6 dbs
Combining 6 db out of 6 dbs
Stacking training images
Stacking training labels
Stacking validation images
Stacking validation labels
Model: "sequential"
_________________________________________________________________
Layer (type)                 Output Shape              Param #   
=================================================================
efficientnetb1 (Functional)  (None, 1280)              6575239   
_________________________________________________________________
dense (Dense)                (None, 512)               655872    
_________________________________________________________________
dropout (Dropout)            (None, 512)               0         
_________________________________________________________________
batch_normalization (BatchNo (None, 512)               2048      
_________________________________________________________________
dense_1 (Dense)              (None, 256)               131328    
_________________________________________________________________
dropout_1 (Dropout)          (None, 256)               0         
_________________________________________________________________
batch_normalization_1 (Batch (None, 256)               1024      
_________________________________________________________________
dense_2 (Dense)              (None, 2)                 514       
=================================================================
Total params: 7,366,025
Trainable params: 789,250
Non-trainable params: 6,576,775
_________________________________________________________________
Fitting ISIC2016+ISIC2017+ISIC2018+ISIC2019+MEDNODE+KaggleMB_aug_EfficientNetB1_150h_150w_None model...
model_name: ISIC2016+ISIC2017+ISIC2018+ISIC2019+MEDNODE+KaggleMB_aug_EfficientNetB1_150h_150w_None
Epoch: 1 loss: 0.5713 accuracy: 0.7300 val_loss: 0.3636 val_accuracy: 0.8436
Epoch: 2 loss: 0.4867 accuracy: 0.7698 val_loss: 0.3607 val_accuracy: 0.8449
Epoch: 3 loss: 0.4590 accuracy: 0.7852 val_loss: 0.3454 val_accuracy: 0.8555
Epoch: 4 loss: 0.4385 accuracy: 0.7924 val_loss: 0.3355 val_accuracy: 0.8573
Epoch: 5 loss: 0.4257 accuracy: 0.7999 val_loss: 0.3295 val_accuracy: 0.8600
Epoch: 6 loss: 0.4173 accuracy: 0.8051 val_loss: 0.3257 val_accuracy: 0.8618
Epoch: 7 loss: 0.4104 accuracy: 0.8111 val_loss: 0.3171 val_accuracy: 0.8656
Epoch: 8 loss: 0.4043 accuracy: 0.8111 val_loss: 0.3166 val_accuracy: 0.8678
Epoch: 9 loss: 0.3973 accuracy: 0.8147 val_loss: 0.3131 val_accuracy: 0.8677
Epoch: 10 loss: 0.3917 accuracy: 0.8174 val_loss: 0.3077 val_accuracy: 0.8732
Epoch: 11 loss: 0.3856 accuracy: 0.8219 val_loss: 0.2990 val_accuracy: 0.8757
Epoch: 12 loss: 0.3817 accuracy: 0.8250 val_loss: 0.3007 val_accuracy: 0.8783
Epoch: 13 loss: 0.3741 accuracy: 0.8283 val_loss: 0.2920 val_accuracy: 0.8766
Epoch: 14 loss: 0.3719 accuracy: 0.8293 val_loss: 0.2929 val_accuracy: 0.8753
Epoch: 15 loss: 0.3656 accuracy: 0.8331 val_loss: 0.2868 val_accuracy: 0.8802
Epoch: 16 loss: 0.3626 accuracy: 0.8336 val_loss: 0.2822 val_accuracy: 0.8810
Epoch: 17 loss: 0.3567 accuracy: 0.8365 val_loss: 0.2803 val_accuracy: 0.8830
Epoch: 18 loss: 0.3530 accuracy: 0.8398 val_loss: 0.2762 val_accuracy: 0.8888
Epoch: 19 loss: 0.3486 accuracy: 0.8398 val_loss: 0.2800 val_accuracy: 0.8857
Epoch: 20 loss: 0.3464 accuracy: 0.8413 val_loss: 0.2777 val_accuracy: 0.8887
Job ended!
