Fri 03 May 2024 05:49:42 AM EDT
Python 3.9.7
nvcc: NVIDIA (R) Cuda compiler driver
Copyright (c) 2005-2019 NVIDIA Corporation
Built on Sun_Jul_28_19:07:16_PDT_2019
Cuda compilation tools, release 10.1, V10.1.243
My SLURM_ARRAY_TASK_ID: 
DB: ['ISIC2016']
IMG_SIZE: [384, 384]
CLASSIFIER: EfficientNetB2
JOB_INDEX: None
Start training augmented images
Combining...
Combining 1th db out of 1 dbs
Stacking data
Combining complete
Model: "sequential"
_________________________________________________________________
Layer (type)                 Output Shape              Param #   
=================================================================
efficientnetb2 (Functional)  (None, 1408)              7768569   
_________________________________________________________________
dense (Dense)                (None, 512)               721408    
_________________________________________________________________
dropout (Dropout)            (None, 512)               0         
_________________________________________________________________
batch_normalization (BatchNo (None, 512)               2048      
_________________________________________________________________
dense_1 (Dense)              (None, 256)               131328    
_________________________________________________________________
batch_normalization_1 (Batch (None, 256)               1024      
_________________________________________________________________
dense_2 (Dense)              (None, 2)                 514       
=================================================================
Total params: 8,624,891
Trainable params: 854,786
Non-trainable params: 7,770,105
_________________________________________________________________
Fitting ISIC2016_aug_EfficientNetB2_384h_384w_None model...
model_name: ISIC2016_aug_EfficientNetB2_384h_384w_None
Epoch: 1 loss: 1.5809 accuracy: 0.5104 val_loss: 1.1215 val_accuracy: 0.8222
Epoch: 2 loss: 1.4959 accuracy: 0.5113 val_loss: 1.1171 val_accuracy: 0.8222
Epoch: 3 loss: 1.3932 accuracy: 0.5278 val_loss: 1.1270 val_accuracy: 0.8222
Epoch: 4 loss: 1.4013 accuracy: 0.4870 val_loss: 1.1429 val_accuracy: 0.8222
Epoch: 5 loss: 1.3574 accuracy: 0.5295 val_loss: 1.1505 val_accuracy: 0.8222
Epoch: 6 loss: 1.3186 accuracy: 0.5130 val_loss: 1.1200 val_accuracy: 0.8222
Epoch: 7 loss: 1.2895 accuracy: 0.5148 val_loss: 1.0682 val_accuracy: 0.8222
Epoch: 8 loss: 1.2907 accuracy: 0.5226 val_loss: 1.0462 val_accuracy: 0.8222
Epoch: 9 loss: 1.2442 accuracy: 0.5226 val_loss: 1.0500 val_accuracy: 0.8222
Epoch: 10 loss: 1.2527 accuracy: 0.5339 val_loss: 1.0428 val_accuracy: 0.8222
Epoch: 11 loss: 1.2579 accuracy: 0.5200 val_loss: 1.0275 val_accuracy: 0.8222
Epoch: 12 loss: 1.2061 accuracy: 0.5365 val_loss: 1.0400 val_accuracy: 0.8222
Epoch: 13 loss: 1.1857 accuracy: 0.5564 val_loss: 1.0209 val_accuracy: 0.8222
Epoch: 14 loss: 1.1972 accuracy: 0.5182 val_loss: 1.0196 val_accuracy: 0.8222
Epoch: 15 loss: 1.1939 accuracy: 0.5512 val_loss: 1.0120 val_accuracy: 0.8222
Epoch: 16 loss: 1.2014 accuracy: 0.5495 val_loss: 1.0820 val_accuracy: 0.8222
Epoch: 17 loss: 1.1723 accuracy: 0.5425 val_loss: 1.0700 val_accuracy: 0.8222
Epoch: 18 loss: 1.1592 accuracy: 0.5425 val_loss: 0.9732 val_accuracy: 0.8222
Epoch: 19 loss: 1.1602 accuracy: 0.5382 val_loss: 0.9429 val_accuracy: 0.8222
Epoch: 20 loss: 1.1516 accuracy: 0.5399 val_loss: 0.9834 val_accuracy: 0.8222
Epoch: 21 loss: 1.1804 accuracy: 0.5148 val_loss: 1.0140 val_accuracy: 0.8222
Epoch: 22 loss: 1.1505 accuracy: 0.5451 val_loss: 1.0443 val_accuracy: 0.8222
Epoch: 23 loss: 1.1683 accuracy: 0.5234 val_loss: 1.1875 val_accuracy: 0.1778
Epoch: 24 loss: 1.1345 accuracy: 0.5503 val_loss: 1.1401 val_accuracy: 0.1778

Epoch 00024: ReduceLROnPlateau reducing learning rate to 7.999999797903001e-05.
Epoch: 25 loss: 1.1456 accuracy: 0.5608 val_loss: 1.4056 val_accuracy: 0.1778
Epoch: 26 loss: 1.1559 accuracy: 0.5408 val_loss: 1.0375 val_accuracy: 0.8222
Epoch: 27 loss: 1.1232 accuracy: 0.5677 val_loss: 1.0154 val_accuracy: 0.8222
Epoch: 28 loss: 1.1346 accuracy: 0.5486 val_loss: 0.9627 val_accuracy: 0.8222
Epoch: 29 loss: 1.1258 accuracy: 0.5547 val_loss: 0.9371 val_accuracy: 0.8222
Epoch: 30 loss: 1.1247 accuracy: 0.5469 val_loss: 0.9005 val_accuracy: 0.8222
Epoch: 31 loss: 1.1112 accuracy: 0.5486 val_loss: 0.9256 val_accuracy: 0.8222
Epoch: 32 loss: 1.1142 accuracy: 0.5399 val_loss: 0.9578 val_accuracy: 0.8222
Epoch: 33 loss: 1.1042 accuracy: 0.5729 val_loss: 0.8802 val_accuracy: 0.8222
Epoch: 34 loss: 1.0948 accuracy: 0.5686 val_loss: 0.9863 val_accuracy: 0.8222
Epoch: 35 loss: 1.1165 accuracy: 0.5495 val_loss: 0.9104 val_accuracy: 0.8222
Epoch: 36 loss: 1.1021 accuracy: 0.5608 val_loss: 0.8616 val_accuracy: 0.8222
Epoch: 37 loss: 1.0819 accuracy: 0.5642 val_loss: 0.8488 val_accuracy: 0.8222
Epoch: 38 loss: 1.0893 accuracy: 0.5625 val_loss: 0.9008 val_accuracy: 0.8222
Epoch: 39 loss: 1.1130 accuracy: 0.5503 val_loss: 0.8660 val_accuracy: 0.8222
Epoch: 40 loss: 1.1222 accuracy: 0.5486 val_loss: 0.8738 val_accuracy: 0.8222
Epoch: 41 loss: 1.1158 accuracy: 0.5425 val_loss: 0.8530 val_accuracy: 0.8222
Epoch: 42 loss: 1.0739 accuracy: 0.5634 val_loss: 0.9899 val_accuracy: 0.8222

Epoch 00042: ReduceLROnPlateau reducing learning rate to 6.399999838322402e-05.
Epoch: 43 loss: 1.1163 accuracy: 0.5460 val_loss: 1.0046 val_accuracy: 0.8222
Epoch: 44 loss: 1.0825 accuracy: 0.5790 val_loss: 0.9355 val_accuracy: 0.8222
Epoch: 45 loss: 1.0931 accuracy: 0.5521 val_loss: 0.9678 val_accuracy: 0.8222
Epoch: 46 loss: 1.1057 accuracy: 0.5417 val_loss: 0.9869 val_accuracy: 0.8222
Epoch: 47 loss: 1.0953 accuracy: 0.5582 val_loss: 1.0141 val_accuracy: 0.8222

Epoch 00047: ReduceLROnPlateau reducing learning rate to 5.119999987073243e-05.
End of augmented training
Finish
Job ended!
