Fri 03 May 2024 10:23:01 AM EDT
Python 3.9.7
nvcc: NVIDIA (R) Cuda compiler driver
Copyright (c) 2005-2019 NVIDIA Corporation
Built on Sun_Jul_28_19:07:16_PDT_2019
Cuda compilation tools, release 10.1, V10.1.243
My SLURM_ARRAY_TASK_ID: 
DB: ['ISIC2016', 'ISIC2020']
IMG_SIZE: [384, 384]
CLASSIFIER: EfficientNetB2
JOB_INDEX: None
Start training augmented images
Combining...
Combining 1th db out of 2 dbs
Combining 2th db out of 2 dbs
Stacking data
Combining complete
Model: "sequential"
_________________________________________________________________
Layer (type)                 Output Shape              Param #   
=================================================================
efficientnetb2 (Functional)  (None, 1408)              7768569   
_________________________________________________________________
dense (Dense)                (None, 512)               721408    
_________________________________________________________________
dropout (Dropout)            (None, 512)               0         
_________________________________________________________________
batch_normalization (BatchNo (None, 512)               2048      
_________________________________________________________________
dense_1 (Dense)              (None, 256)               131328    
_________________________________________________________________
batch_normalization_1 (Batch (None, 256)               1024      
_________________________________________________________________
dense_2 (Dense)              (None, 2)                 514       
=================================================================
Total params: 8,624,891
Trainable params: 854,786
Non-trainable params: 7,770,105
_________________________________________________________________
Fitting ISIC2016+ISIC2020_aug_EfficientNetB2_384h_384w_None model...
model_name: ISIC2016+ISIC2020_aug_EfficientNetB2_384h_384w_None
Epoch: 1 loss: 1.1264 accuracy: 0.6544 val_loss: 0.7383 val_accuracy: 0.9775
Epoch: 2 loss: 0.9295 accuracy: 0.7800 val_loss: 0.9856 val_accuracy: 0.9775
Epoch: 3 loss: 0.8794 accuracy: 0.7941 val_loss: 0.6053 val_accuracy: 0.9775
Epoch: 4 loss: 0.8353 accuracy: 0.7986 val_loss: 0.4821 val_accuracy: 0.9775
Epoch: 5 loss: 0.7873 accuracy: 0.8051 val_loss: 0.5350 val_accuracy: 0.9775
Epoch: 6 loss: 0.7455 accuracy: 0.8058 val_loss: 0.4396 val_accuracy: 0.9775
Epoch: 7 loss: 0.7061 accuracy: 0.8064 val_loss: 0.4644 val_accuracy: 0.9775
Epoch: 8 loss: 0.6685 accuracy: 0.8072 val_loss: 0.3690 val_accuracy: 0.9775
Epoch: 9 loss: 0.6367 accuracy: 0.8058 val_loss: 0.3735 val_accuracy: 0.9775
Epoch: 10 loss: 0.6107 accuracy: 0.8047 val_loss: 0.2342 val_accuracy: 0.9775
Epoch: 11 loss: 0.5868 accuracy: 0.8054 val_loss: 0.2183 val_accuracy: 0.9775
Epoch: 12 loss: 0.5718 accuracy: 0.8029 val_loss: 0.3122 val_accuracy: 0.9775
Epoch: 13 loss: 0.5481 accuracy: 0.8093 val_loss: 0.2482 val_accuracy: 0.9775
Epoch: 14 loss: 0.5423 accuracy: 0.8069 val_loss: 0.6064 val_accuracy: 0.9775
Epoch: 15 loss: 0.5381 accuracy: 0.8053 val_loss: 0.2830 val_accuracy: 0.9775
Epoch: 16 loss: 0.5273 accuracy: 0.8083 val_loss: 0.2806 val_accuracy: 0.9775

Epoch 00016: ReduceLROnPlateau reducing learning rate to 7.999999797903001e-05.
Epoch: 17 loss: 0.5296 accuracy: 0.8033 val_loss: 0.3090 val_accuracy: 0.9775
Epoch: 18 loss: 0.5227 accuracy: 0.8059 val_loss: 0.2317 val_accuracy: 0.9775
Epoch: 19 loss: 0.5175 accuracy: 0.8074 val_loss: 0.4383 val_accuracy: 0.9775
Epoch: 20 loss: 0.5126 accuracy: 0.8098 val_loss: 0.1946 val_accuracy: 0.9775
Epoch: 21 loss: 0.5183 accuracy: 0.8043 val_loss: 0.2559 val_accuracy: 0.9775
Epoch: 22 loss: 0.5112 accuracy: 0.8075 val_loss: 0.2330 val_accuracy: 0.9775
Epoch: 23 loss: 0.5080 accuracy: 0.8092 val_loss: 0.2604 val_accuracy: 0.9775
Epoch: 24 loss: 0.5077 accuracy: 0.8079 val_loss: 0.2667 val_accuracy: 0.9775
Epoch: 25 loss: 0.5091 accuracy: 0.8064 val_loss: 0.3421 val_accuracy: 0.9775

Epoch 00025: ReduceLROnPlateau reducing learning rate to 6.399999838322402e-05.
Epoch: 26 loss: 0.5088 accuracy: 0.8059 val_loss: 0.2477 val_accuracy: 0.9775
Epoch: 27 loss: 0.5103 accuracy: 0.8037 val_loss: 0.2570 val_accuracy: 0.9775
Epoch: 28 loss: 0.5029 accuracy: 0.8085 val_loss: 0.2859 val_accuracy: 0.9775
Epoch: 29 loss: 0.5097 accuracy: 0.8033 val_loss: 0.2409 val_accuracy: 0.9775
Epoch: 30 loss: 0.5099 accuracy: 0.8032 val_loss: 0.2480 val_accuracy: 0.9775

Epoch 00030: ReduceLROnPlateau reducing learning rate to 5.119999987073243e-05.
End of augmented training
Finish
Job ended!
