Fri 03 May 2024 07:22:58 AM EDT
Python 3.9.7
nvcc: NVIDIA (R) Cuda compiler driver
Copyright (c) 2005-2019 NVIDIA Corporation
Built on Sun_Jul_28_19:07:16_PDT_2019
Cuda compilation tools, release 10.1, V10.1.243
My SLURM_ARRAY_TASK_ID: 
DB: ['ISIC2016', 'ISIC2017', 'ISIC2018', 'ISIC2019', 'ISIC2020', 'PH2', '_7_point_criteria', 'PAD_UFES_20', 'MEDNODE']
IMG_SIZE: [384, 384]
CLASSIFIER: EfficientNetB2
JOB_INDEX: None
Start training augmented images
Combining...
Combining 1th db out of 9 dbs
Combining 2th db out of 9 dbs
Combining 3th db out of 9 dbs
Combining 4th db out of 9 dbs
Combining 5th db out of 9 dbs
Combining 6th db out of 9 dbs
Combining 7th db out of 9 dbs
Combining 8th db out of 9 dbs
Combining 9th db out of 9 dbs
Stacking data
Combining complete
Model: "sequential"
_________________________________________________________________
Layer (type)                 Output Shape              Param #   
=================================================================
efficientnetb2 (Functional)  (None, 1408)              7768569   
_________________________________________________________________
dense (Dense)                (None, 512)               721408    
_________________________________________________________________
dropout (Dropout)            (None, 512)               0         
_________________________________________________________________
batch_normalization (BatchNo (None, 512)               2048      
_________________________________________________________________
dense_1 (Dense)              (None, 256)               131328    
_________________________________________________________________
batch_normalization_1 (Batch (None, 256)               1024      
_________________________________________________________________
dense_2 (Dense)              (None, 2)                 514       
=================================================================
Total params: 8,624,891
Trainable params: 854,786
Non-trainable params: 7,770,105
_________________________________________________________________
Fitting ISIC2016+ISIC2017+ISIC2018+ISIC2019+ISIC2020+PH2+_7_point_criteria+PAD_UFES_20+MEDNODE_aug_EfficientNetB2_384h_384w_None model...
model_name: ISIC2016+ISIC2017+ISIC2018+ISIC2019+ISIC2020+PH2+_7_point_criteria+PAD_UFES_20+MEDNODE_aug_EfficientNetB2_384h_384w_None
Epoch: 1 loss: 1.0600 accuracy: 0.6561 val_loss: 0.7624 val_accuracy: 0.9071
Epoch: 2 loss: 0.9034 accuracy: 0.7127 val_loss: 0.6740 val_accuracy: 0.9071
Epoch: 3 loss: 0.8113 accuracy: 0.7243 val_loss: 0.5677 val_accuracy: 0.9071
Epoch: 4 loss: 0.7352 accuracy: 0.7250 val_loss: 0.4812 val_accuracy: 0.9071
Epoch: 5 loss: 0.6758 accuracy: 0.7265 val_loss: 0.4547 val_accuracy: 0.9071
Epoch: 6 loss: 0.6420 accuracy: 0.7249 val_loss: 0.4705 val_accuracy: 0.9071
Epoch: 7 loss: 0.6273 accuracy: 0.7221 val_loss: 0.4529 val_accuracy: 0.9071
Epoch: 8 loss: 0.6184 accuracy: 0.7221 val_loss: 0.4140 val_accuracy: 0.9071
Epoch: 9 loss: 0.6093 accuracy: 0.7258 val_loss: 0.4255 val_accuracy: 0.9071
Epoch: 10 loss: 0.6039 accuracy: 0.7268 val_loss: 0.4411 val_accuracy: 0.9071
Epoch: 11 loss: 0.6019 accuracy: 0.7263 val_loss: 0.4369 val_accuracy: 0.9071
Epoch: 12 loss: 0.6014 accuracy: 0.7237 val_loss: 0.4390 val_accuracy: 0.9071
Epoch: 13 loss: 0.6000 accuracy: 0.7237 val_loss: 0.6185 val_accuracy: 0.9071

Epoch 00013: ReduceLROnPlateau reducing learning rate to 7.999999797903001e-05.
Epoch: 14 loss: 0.5983 accuracy: 0.7237 val_loss: 0.3971 val_accuracy: 0.9071
Epoch: 15 loss: 0.5947 accuracy: 0.7262 val_loss: 0.4185 val_accuracy: 0.9071
Epoch: 16 loss: 0.5946 accuracy: 0.7255 val_loss: 0.4819 val_accuracy: 0.9071
Epoch: 17 loss: 0.5929 accuracy: 0.7265 val_loss: 0.4160 val_accuracy: 0.9071
Epoch: 18 loss: 0.5931 accuracy: 0.7253 val_loss: 0.4112 val_accuracy: 0.9071
Epoch: 19 loss: 0.5939 accuracy: 0.7241 val_loss: 0.4465 val_accuracy: 0.9071

Epoch 00019: ReduceLROnPlateau reducing learning rate to 6.399999838322402e-05.
Epoch: 20 loss: 0.5935 accuracy: 0.7238 val_loss: 0.4034 val_accuracy: 0.9071
Epoch: 21 loss: 0.5914 accuracy: 0.7256 val_loss: 0.5022 val_accuracy: 0.9071
Epoch: 22 loss: 0.5893 accuracy: 0.7278 val_loss: 0.4452 val_accuracy: 0.9071
Epoch: 23 loss: 0.5895 accuracy: 0.7273 val_loss: 0.4194 val_accuracy: 0.9071
Epoch: 24 loss: 0.5899 accuracy: 0.7266 val_loss: 0.4379 val_accuracy: 0.9071

Epoch 00024: ReduceLROnPlateau reducing learning rate to 5.119999987073243e-05.
End of augmented training
Finish
Job ended!
