Fri 03 May 2024 09:41:24 AM EDT
Python 3.9.7
nvcc: NVIDIA (R) Cuda compiler driver
Copyright (c) 2005-2019 NVIDIA Corporation
Built on Sun_Jul_28_19:07:16_PDT_2019
Cuda compilation tools, release 10.1, V10.1.243
My SLURM_ARRAY_TASK_ID: 
DB: ['ISIC2016', 'ISIC2018']
IMG_SIZE: [384, 384]
CLASSIFIER: EfficientNetB2
JOB_INDEX: None
Start training augmented images
Combining...
Combining 1th db out of 2 dbs
Combining 2th db out of 2 dbs
Stacking data
Combining complete
Model: "sequential"
_________________________________________________________________
Layer (type)                 Output Shape              Param #   
=================================================================
efficientnetb2 (Functional)  (None, 1408)              7768569   
_________________________________________________________________
dense (Dense)                (None, 512)               721408    
_________________________________________________________________
dropout (Dropout)            (None, 512)               0         
_________________________________________________________________
batch_normalization (BatchNo (None, 512)               2048      
_________________________________________________________________
dense_1 (Dense)              (None, 256)               131328    
_________________________________________________________________
batch_normalization_1 (Batch (None, 256)               1024      
_________________________________________________________________
dense_2 (Dense)              (None, 2)                 514       
=================================================================
Total params: 8,624,891
Trainable params: 854,786
Non-trainable params: 7,770,105
_________________________________________________________________
Fitting ISIC2016+ISIC2018_aug_EfficientNetB2_384h_384w_None model...
model_name: ISIC2016+ISIC2018_aug_EfficientNetB2_384h_384w_None
Epoch: 1 loss: 1.3093 accuracy: 0.5482 val_loss: 0.8585 val_accuracy: 0.8579
Epoch: 2 loss: 1.1109 accuracy: 0.6253 val_loss: 0.8250 val_accuracy: 0.8579
Epoch: 3 loss: 1.0592 accuracy: 0.6560 val_loss: 0.7947 val_accuracy: 0.8579
Epoch: 4 loss: 1.0314 accuracy: 0.6701 val_loss: 0.8850 val_accuracy: 0.8579
Epoch: 5 loss: 1.0106 accuracy: 0.6812 val_loss: 0.7702 val_accuracy: 0.8579
Epoch: 6 loss: 0.9956 accuracy: 0.6809 val_loss: 0.7742 val_accuracy: 0.8579
Epoch: 7 loss: 0.9727 accuracy: 0.6852 val_loss: 0.7570 val_accuracy: 0.8579
Epoch: 8 loss: 0.9469 accuracy: 0.6997 val_loss: 0.7224 val_accuracy: 0.8579
Epoch: 9 loss: 0.9300 accuracy: 0.7027 val_loss: 0.7376 val_accuracy: 0.8579
Epoch: 10 loss: 0.9179 accuracy: 0.7042 val_loss: 0.7556 val_accuracy: 0.8579
Epoch: 11 loss: 0.8933 accuracy: 0.7141 val_loss: 0.7292 val_accuracy: 0.8579
Epoch: 12 loss: 0.8870 accuracy: 0.7090 val_loss: 0.7322 val_accuracy: 0.8579
Epoch: 13 loss: 0.8726 accuracy: 0.7073 val_loss: 0.7206 val_accuracy: 0.8579
Epoch: 14 loss: 0.8498 accuracy: 0.7160 val_loss: 0.7113 val_accuracy: 0.8579
Epoch: 15 loss: 0.8347 accuracy: 0.7186 val_loss: 0.6557 val_accuracy: 0.8579
Epoch: 16 loss: 0.8278 accuracy: 0.7118 val_loss: 0.6449 val_accuracy: 0.8579
Epoch: 17 loss: 0.8045 accuracy: 0.7193 val_loss: 0.6213 val_accuracy: 0.8579
Epoch: 18 loss: 0.7939 accuracy: 0.7178 val_loss: 0.6227 val_accuracy: 0.8579
Epoch: 19 loss: 0.7821 accuracy: 0.7165 val_loss: 0.6122 val_accuracy: 0.8579
Epoch: 20 loss: 0.7703 accuracy: 0.7136 val_loss: 0.5995 val_accuracy: 0.8579
Epoch: 21 loss: 0.7586 accuracy: 0.7148 val_loss: 0.6480 val_accuracy: 0.8579
Epoch: 22 loss: 0.7531 accuracy: 0.7075 val_loss: 0.6074 val_accuracy: 0.8579
Epoch: 23 loss: 0.7314 accuracy: 0.7206 val_loss: 0.5844 val_accuracy: 0.8579
Epoch: 24 loss: 0.7188 accuracy: 0.7194 val_loss: 0.5534 val_accuracy: 0.8579
Epoch: 25 loss: 0.7056 accuracy: 0.7239 val_loss: 0.5317 val_accuracy: 0.8579
Epoch: 26 loss: 0.7002 accuracy: 0.7187 val_loss: 0.5511 val_accuracy: 0.8579
Epoch: 27 loss: 0.6916 accuracy: 0.7178 val_loss: 0.5410 val_accuracy: 0.8579
Epoch: 28 loss: 0.6852 accuracy: 0.7143 val_loss: 0.5502 val_accuracy: 0.8579
Epoch: 29 loss: 0.6796 accuracy: 0.7164 val_loss: 0.5658 val_accuracy: 0.8579
Epoch: 30 loss: 0.6698 accuracy: 0.7181 val_loss: 0.4921 val_accuracy: 0.8579
Epoch: 31 loss: 0.6634 accuracy: 0.7189 val_loss: 0.5325 val_accuracy: 0.8579
Epoch: 32 loss: 0.6588 accuracy: 0.7170 val_loss: 0.5292 val_accuracy: 0.8579
Epoch: 33 loss: 0.6510 accuracy: 0.7205 val_loss: 0.5178 val_accuracy: 0.8579
Epoch: 34 loss: 0.6513 accuracy: 0.7162 val_loss: 0.4846 val_accuracy: 0.8579
Epoch: 35 loss: 0.6531 accuracy: 0.7111 val_loss: 0.5021 val_accuracy: 0.8579
Epoch: 36 loss: 0.6437 accuracy: 0.7182 val_loss: 0.5016 val_accuracy: 0.8579
Epoch: 37 loss: 0.6376 accuracy: 0.7191 val_loss: 0.5159 val_accuracy: 0.8579
Epoch: 38 loss: 0.6316 accuracy: 0.7242 val_loss: 0.4957 val_accuracy: 0.8579
Epoch: 39 loss: 0.6304 accuracy: 0.7210 val_loss: 0.4909 val_accuracy: 0.8579

Epoch 00039: ReduceLROnPlateau reducing learning rate to 7.999999797903001e-05.
Epoch: 40 loss: 0.6376 accuracy: 0.7123 val_loss: 0.4892 val_accuracy: 0.8579
Epoch: 41 loss: 0.6270 accuracy: 0.7213 val_loss: 0.4818 val_accuracy: 0.8579
Epoch: 42 loss: 0.6306 accuracy: 0.7145 val_loss: 0.5039 val_accuracy: 0.8579
Epoch: 43 loss: 0.6254 accuracy: 0.7201 val_loss: 0.4794 val_accuracy: 0.8579
Epoch: 44 loss: 0.6288 accuracy: 0.7146 val_loss: 0.4576 val_accuracy: 0.8579
Epoch: 45 loss: 0.6182 accuracy: 0.7236 val_loss: 0.4973 val_accuracy: 0.8579
Epoch: 46 loss: 0.6193 accuracy: 0.7227 val_loss: 0.4863 val_accuracy: 0.8579
Epoch: 47 loss: 0.6243 accuracy: 0.7163 val_loss: 0.4530 val_accuracy: 0.8579
Epoch: 48 loss: 0.6225 accuracy: 0.7157 val_loss: 0.4675 val_accuracy: 0.8579
Epoch: 49 loss: 0.6192 accuracy: 0.7174 val_loss: 0.5092 val_accuracy: 0.8579
Epoch: 50 loss: 0.6210 accuracy: 0.7155 val_loss: 0.4692 val_accuracy: 0.8579
Epoch: 51 loss: 0.6214 accuracy: 0.7151 val_loss: 0.4918 val_accuracy: 0.8579
Epoch: 52 loss: 0.6190 accuracy: 0.7167 val_loss: 0.5790 val_accuracy: 0.8579

Epoch 00052: ReduceLROnPlateau reducing learning rate to 6.399999838322402e-05.
Epoch: 53 loss: 0.6132 accuracy: 0.7209 val_loss: 0.4836 val_accuracy: 0.8579
Epoch: 54 loss: 0.6171 accuracy: 0.7160 val_loss: 0.4504 val_accuracy: 0.8579
Epoch: 55 loss: 0.6107 accuracy: 0.7225 val_loss: 0.4592 val_accuracy: 0.8579
Epoch: 56 loss: 0.6178 accuracy: 0.7145 val_loss: 0.4663 val_accuracy: 0.8579
Epoch: 57 loss: 0.6163 accuracy: 0.7169 val_loss: 0.4842 val_accuracy: 0.8579
Epoch: 58 loss: 0.6152 accuracy: 0.7162 val_loss: 0.4957 val_accuracy: 0.8579
Epoch: 59 loss: 0.6147 accuracy: 0.7164 val_loss: 0.4809 val_accuracy: 0.8579

Epoch 00059: ReduceLROnPlateau reducing learning rate to 5.119999987073243e-05.
Epoch: 60 loss: 0.6073 accuracy: 0.7221 val_loss: 0.4721 val_accuracy: 0.8579
Epoch: 61 loss: 0.6126 accuracy: 0.7169 val_loss: 0.4665 val_accuracy: 0.8579
Epoch: 62 loss: 0.6127 accuracy: 0.7159 val_loss: 0.4891 val_accuracy: 0.8579
Epoch: 63 loss: 0.6045 accuracy: 0.7245 val_loss: 0.4819 val_accuracy: 0.8579
Epoch: 64 loss: 0.6149 accuracy: 0.7132 val_loss: 0.4849 val_accuracy: 0.8579

Epoch 00064: ReduceLROnPlateau reducing learning rate to 4.0960000478662555e-05.
End of augmented training
Finish
Job ended!
