Fri 03 May 2024 10:47:10 AM EDT
Python 3.9.7
nvcc: NVIDIA (R) Cuda compiler driver
Copyright (c) 2005-2019 NVIDIA Corporation
Built on Sun_Jul_28_19:07:16_PDT_2019
Cuda compilation tools, release 10.1, V10.1.243
My SLURM_ARRAY_TASK_ID: 
DB: ['ISIC2016', 'KaggleMB']
IMG_SIZE: [384, 384]
CLASSIFIER: EfficientNetB2
JOB_INDEX: None
Start training augmented images
Combining...
Combining 1th db out of 2 dbs
Combining 2th db out of 2 dbs
Stacking data
Combining complete
Model: "sequential"
_________________________________________________________________
Layer (type)                 Output Shape              Param #   
=================================================================
efficientnetb2 (Functional)  (None, 1408)              7768569   
_________________________________________________________________
dense (Dense)                (None, 512)               721408    
_________________________________________________________________
dropout (Dropout)            (None, 512)               0         
_________________________________________________________________
batch_normalization (BatchNo (None, 512)               2048      
_________________________________________________________________
dense_1 (Dense)              (None, 256)               131328    
_________________________________________________________________
batch_normalization_1 (Batch (None, 256)               1024      
_________________________________________________________________
dense_2 (Dense)              (None, 2)                 514       
=================================================================
Total params: 8,624,891
Trainable params: 854,786
Non-trainable params: 7,770,105
_________________________________________________________________
Fitting ISIC2016+KaggleMB_aug_EfficientNetB2_384h_384w_None model...
model_name: ISIC2016+KaggleMB_aug_EfficientNetB2_384h_384w_None
Epoch: 1 loss: 1.4951 accuracy: 0.4938 val_loss: 1.2672 val_accuracy: 0.3630
Epoch: 2 loss: 1.3655 accuracy: 0.5011 val_loss: 1.2604 val_accuracy: 0.3630
Epoch: 3 loss: 1.2970 accuracy: 0.5034 val_loss: 1.3515 val_accuracy: 0.3630
Epoch: 4 loss: 1.2598 accuracy: 0.4949 val_loss: 1.2977 val_accuracy: 0.3630
Epoch: 5 loss: 1.2270 accuracy: 0.5120 val_loss: 1.3365 val_accuracy: 0.3630
Epoch: 6 loss: 1.2006 accuracy: 0.5111 val_loss: 1.0826 val_accuracy: 0.6370
Epoch: 7 loss: 1.1868 accuracy: 0.5184 val_loss: 1.1077 val_accuracy: 0.3630
Epoch: 8 loss: 1.1829 accuracy: 0.5058 val_loss: 1.2277 val_accuracy: 0.3630
Epoch: 9 loss: 1.1725 accuracy: 0.5167 val_loss: 1.2026 val_accuracy: 0.3630
Epoch: 10 loss: 1.1572 accuracy: 0.5092 val_loss: 1.4630 val_accuracy: 0.3630
Epoch: 11 loss: 1.1517 accuracy: 0.5075 val_loss: 1.2316 val_accuracy: 0.3630

Epoch 00011: ReduceLROnPlateau reducing learning rate to 7.999999797903001e-05.
Epoch: 12 loss: 1.1416 accuracy: 0.5109 val_loss: 1.2019 val_accuracy: 0.3630
Epoch: 13 loss: 1.1365 accuracy: 0.5105 val_loss: 1.3695 val_accuracy: 0.3630
Epoch: 14 loss: 1.1334 accuracy: 0.4925 val_loss: 1.5154 val_accuracy: 0.3630
Epoch: 15 loss: 1.1224 accuracy: 0.5107 val_loss: 1.2544 val_accuracy: 0.3630
Epoch: 16 loss: 1.1145 accuracy: 0.5242 val_loss: 1.0919 val_accuracy: 0.3630

Epoch 00016: ReduceLROnPlateau reducing learning rate to 6.399999838322402e-05.
End of augmented training
Finish
Job ended!
