Mon 26 Feb 2024 02:00:30 AM EST
Python 3.9.7
nvcc: NVIDIA (R) Cuda compiler driver
Copyright (c) 2005-2019 NVIDIA Corporation
Built on Sun_Jul_28_19:07:16_PDT_2019
Cuda compilation tools, release 10.1, V10.1.243
My SLURM_ARRAY_TASK_ID:  1
DB: ['ISIC2016', 'ISIC2017']
IMG_SIZE: [150, 150]
CLASSIFIER: InceptionV3
JOB_INDEX: 1
Combining...
Combining 1 db out of 2 dbs
Combining 2 db out of 2 dbs
Stacking training images
Stacking training labels
Stacking validation images
Stacking validation labels
Combining...
Combining 1 db out of 2 dbs
Combining 2 db out of 2 dbs
Stacking training images
Stacking training labels
Stacking validation images
Stacking validation labels
Model: "sequential"
_________________________________________________________________
Layer (type)                 Output Shape              Param #   
=================================================================
inception_v3 (Functional)    (None, 2048)              21802784  
_________________________________________________________________
dense (Dense)                (None, 512)               1049088   
_________________________________________________________________
dropout (Dropout)            (None, 512)               0         
_________________________________________________________________
batch_normalization_94 (Batc (None, 512)               2048      
_________________________________________________________________
dense_1 (Dense)              (None, 256)               131328    
_________________________________________________________________
dropout_1 (Dropout)          (None, 256)               0         
_________________________________________________________________
batch_normalization_95 (Batc (None, 256)               1024      
_________________________________________________________________
dense_2 (Dense)              (None, 2)                 514       
=================================================================
Total params: 22,986,786
Trainable params: 1,182,466
Non-trainable params: 21,804,320
_________________________________________________________________
Fitting ISIC2016+ISIC2017_noaug_InceptionV3_150h_150w_1 model...
Epoch: 1 loss: 0.6685 accuracy: 0.5934 val_loss: 0.6283 val_accuracy: 0.8000
Epoch: 2 loss: 0.6022 accuracy: 0.7566 val_loss: 0.5800 val_accuracy: 0.8000
Epoch: 3 loss: 0.5584 accuracy: 0.8059 val_loss: 0.5431 val_accuracy: 0.8000
Epoch: 4 loss: 0.5245 accuracy: 0.8121 val_loss: 0.5223 val_accuracy: 0.8000
Epoch: 5 loss: 0.5027 accuracy: 0.8118 val_loss: 0.5077 val_accuracy: 0.8000
Epoch: 6 loss: 0.4916 accuracy: 0.8121 val_loss: 0.5017 val_accuracy: 0.8000
Epoch: 7 loss: 0.4874 accuracy: 0.8121 val_loss: 0.5002 val_accuracy: 0.8000
Epoch: 8 loss: 0.4838 accuracy: 0.8121 val_loss: 0.4991 val_accuracy: 0.8000
Epoch: 9 loss: 0.4830 accuracy: 0.8121 val_loss: 0.4978 val_accuracy: 0.8000
Epoch: 10 loss: 0.4818 accuracy: 0.8121 val_loss: 0.4985 val_accuracy: 0.8000
Epoch: 11 loss: 0.4841 accuracy: 0.8121 val_loss: 0.4976 val_accuracy: 0.8000
Epoch: 12 loss: 0.4830 accuracy: 0.8121 val_loss: 0.5003 val_accuracy: 0.8000
Epoch: 13 loss: 0.4827 accuracy: 0.8121 val_loss: 0.4984 val_accuracy: 0.8000
Epoch: 14 loss: 0.4806 accuracy: 0.8121 val_loss: 0.4957 val_accuracy: 0.8000
Epoch: 15 loss: 0.4798 accuracy: 0.8121 val_loss: 0.4959 val_accuracy: 0.8000
Epoch: 16 loss: 0.4813 accuracy: 0.8121 val_loss: 0.5008 val_accuracy: 0.8000
Epoch: 17 loss: 0.4816 accuracy: 0.8121 val_loss: 0.4945 val_accuracy: 0.8000
Epoch: 18 loss: 0.4808 accuracy: 0.8121 val_loss: 0.4984 val_accuracy: 0.8000
Epoch: 19 loss: 0.4811 accuracy: 0.8121 val_loss: 0.4944 val_accuracy: 0.8000
Epoch: 20 loss: 0.4793 accuracy: 0.8121 val_loss: 0.4911 val_accuracy: 0.8000
Fitting ISIC2016+ISIC2017_aug_InceptionV3_150h_150w_1 model...
Epoch: 1 loss: 0.6820 accuracy: 0.6372 val_loss: 0.5030 val_accuracy: 0.8000
Epoch: 2 loss: 0.6481 accuracy: 0.6332 val_loss: 0.5862 val_accuracy: 0.7939
Epoch: 3 loss: 0.6408 accuracy: 0.6389 val_loss: 0.5194 val_accuracy: 0.8000
Epoch: 4 loss: 0.6357 accuracy: 0.6401 val_loss: 0.5542 val_accuracy: 0.8000
Epoch: 5 loss: 0.6339 accuracy: 0.6458 val_loss: 0.5515 val_accuracy: 0.8000
Epoch: 6 loss: 0.6308 accuracy: 0.6441 val_loss: 0.5570 val_accuracy: 0.7939
Epoch: 7 loss: 0.6267 accuracy: 0.6423 val_loss: 0.5272 val_accuracy: 0.8000
Epoch: 8 loss: 0.6198 accuracy: 0.6552 val_loss: 0.5483 val_accuracy: 0.7939
Epoch: 9 loss: 0.6197 accuracy: 0.6482 val_loss: 0.5205 val_accuracy: 0.8000
Epoch: 10 loss: 0.6152 accuracy: 0.6499 val_loss: 0.5314 val_accuracy: 0.7939
Epoch: 11 loss: 0.6144 accuracy: 0.6633 val_loss: 0.5942 val_accuracy: 0.7939
Epoch: 12 loss: 0.6077 accuracy: 0.6693 val_loss: 0.5450 val_accuracy: 0.7970
Epoch: 13 loss: 0.6037 accuracy: 0.6726 val_loss: 0.5403 val_accuracy: 0.7970
Epoch: 14 loss: 0.6031 accuracy: 0.6777 val_loss: 0.5108 val_accuracy: 0.8000
Epoch: 15 loss: 0.6045 accuracy: 0.6750 val_loss: 0.5273 val_accuracy: 0.8000
Epoch: 16 loss: 0.6032 accuracy: 0.6796 val_loss: 0.5247 val_accuracy: 0.7970
Epoch: 17 loss: 0.6001 accuracy: 0.6772 val_loss: 0.5715 val_accuracy: 0.7303
Epoch: 18 loss: 0.5982 accuracy: 0.6822 val_loss: 0.5196 val_accuracy: 0.8000
Epoch: 19 loss: 0.6006 accuracy: 0.6736 val_loss: 0.5091 val_accuracy: 0.8000
Epoch: 20 loss: 0.5930 accuracy: 0.6877 val_loss: 0.5138 val_accuracy: 0.8000
Job ended!
