Fri 01 Mar 2024 06:01:38 PM EST
Python 3.9.7
nvcc: NVIDIA (R) Cuda compiler driver
Copyright (c) 2005-2019 NVIDIA Corporation
Built on Sun_Jul_28_19:07:16_PDT_2019
Cuda compilation tools, release 10.1, V10.1.243
My SLURM_ARRAY_TASK_ID: 
DB: ['ISIC2016', 'ISIC2017', 'ISIC2018', 'ISIC2019', 'ISIC2020', 'PH2', '_7_point_criteria', 'PAD_UFES_20']
IMG_SIZE: [150, 150]
CLASSIFIER: MobileNetV2
SELF_AUG: 1
JOB_INDEX: None
Combining...
Combining 1 db out of 8 dbs
Combining 2 db out of 8 dbs
Combining 3 db out of 8 dbs
Combining 4 db out of 8 dbs
Combining 5 db out of 8 dbs
Combining 6 db out of 8 dbs
Combining 7 db out of 8 dbs
Combining 8 db out of 8 dbs
Stacking training images
Stacking training labels
Stacking validation images
Stacking validation labels
Model: "sequential"
_________________________________________________________________
Layer (type)                 Output Shape              Param #   
=================================================================
mobilenetv2_1.00_224 (Functi (None, 1280)              2257984   
_________________________________________________________________
dense (Dense)                (None, 512)               655872    
_________________________________________________________________
dropout (Dropout)            (None, 512)               0         
_________________________________________________________________
batch_normalization (BatchNo (None, 512)               2048      
_________________________________________________________________
dense_1 (Dense)              (None, 256)               131328    
_________________________________________________________________
dropout_1 (Dropout)          (None, 256)               0         
_________________________________________________________________
batch_normalization_1 (Batch (None, 256)               1024      
_________________________________________________________________
dense_2 (Dense)              (None, 2)                 514       
=================================================================
Total params: 3,048,770
Trainable params: 789,250
Non-trainable params: 2,259,520
_________________________________________________________________
Fitting ISIC2016+ISIC2017+ISIC2018+ISIC2019+ISIC2020+PH2+_7_point_criteria+PAD_UFES_20_aug_MobileNetV2_150h_150w_None model...
model_name: ISIC2016+ISIC2017+ISIC2018+ISIC2019+ISIC2020+PH2+_7_point_criteria+PAD_UFES_20_aug_MobileNetV2_150h_150w_None
Epoch: 1 loss: 0.4735 accuracy: 0.7825 val_loss: 0.2178 val_accuracy: 0.9225
Epoch: 2 loss: 0.3866 accuracy: 0.8186 val_loss: 0.2102 val_accuracy: 0.9245
Epoch: 3 loss: 0.3648 accuracy: 0.8297 val_loss: 0.2115 val_accuracy: 0.9238
Epoch: 4 loss: 0.3513 accuracy: 0.8371 val_loss: 0.2021 val_accuracy: 0.9285
Epoch: 5 loss: 0.3407 accuracy: 0.8425 val_loss: 0.2037 val_accuracy: 0.9257
Epoch: 6 loss: 0.3304 accuracy: 0.8482 val_loss: 0.1979 val_accuracy: 0.9276
Epoch: 7 loss: 0.3236 accuracy: 0.8517 val_loss: 0.1999 val_accuracy: 0.9258
Epoch: 8 loss: 0.3171 accuracy: 0.8552 val_loss: 0.1918 val_accuracy: 0.9299
Epoch: 9 loss: 0.3099 accuracy: 0.8586 val_loss: 0.1911 val_accuracy: 0.9321
Epoch: 10 loss: 0.3040 accuracy: 0.8611 val_loss: 0.1925 val_accuracy: 0.9293
Epoch: 11 loss: 0.2992 accuracy: 0.8633 val_loss: 0.1937 val_accuracy: 0.9324
Epoch: 12 loss: 0.2930 accuracy: 0.8657 val_loss: 0.1878 val_accuracy: 0.9305
Epoch: 13 loss: 0.2895 accuracy: 0.8679 val_loss: 0.1951 val_accuracy: 0.9304
Epoch: 14 loss: 0.2843 accuracy: 0.8707 val_loss: 0.2033 val_accuracy: 0.9280
Epoch: 15 loss: 0.2767 accuracy: 0.8752 val_loss: 0.1914 val_accuracy: 0.9327
Epoch: 16 loss: 0.2707 accuracy: 0.8779 val_loss: 0.1924 val_accuracy: 0.9319
Epoch: 17 loss: 0.2660 accuracy: 0.8792 val_loss: 0.1965 val_accuracy: 0.9314
Epoch: 18 loss: 0.2660 accuracy: 0.8795 val_loss: 0.1959 val_accuracy: 0.9323
Epoch: 19 loss: 0.2609 accuracy: 0.8825 val_loss: 0.1931 val_accuracy: 0.9359
Epoch: 20 loss: 0.2575 accuracy: 0.8836 val_loss: 0.2010 val_accuracy: 0.9334
Job ended!
