Tue 27 Feb 2024 11:21:36 PM EST
Python 3.9.7
nvcc: NVIDIA (R) Cuda compiler driver
Copyright (c) 2005-2019 NVIDIA Corporation
Built on Sun_Jul_28_19:07:16_PDT_2019
Cuda compilation tools, release 10.1, V10.1.243
My SLURM_ARRAY_TASK_ID: 
DB: ['ISIC2016', 'ISIC2017', 'ISIC2018', 'PAD_UFES_20', 'MEDNODE']
IMG_SIZE: [150, 150]
CLASSIFIER: MobileNetV2
SELF_AUG: 1
JOB_INDEX: None
Combining...
Combining 1 db out of 5 dbs
Combining 2 db out of 5 dbs
Combining 3 db out of 5 dbs
Combining 4 db out of 5 dbs
Combining 5 db out of 5 dbs
Stacking training images
Stacking training labels
Stacking validation images
Stacking validation labels
Model: "sequential"
_________________________________________________________________
Layer (type)                 Output Shape              Param #   
=================================================================
mobilenetv2_1.00_150 (Functi (None, 1280)              2257984   
_________________________________________________________________
dense (Dense)                (None, 512)               655872    
_________________________________________________________________
dropout (Dropout)            (None, 512)               0         
_________________________________________________________________
batch_normalization (BatchNo (None, 512)               2048      
_________________________________________________________________
dense_1 (Dense)              (None, 256)               131328    
_________________________________________________________________
dropout_1 (Dropout)          (None, 256)               0         
_________________________________________________________________
batch_normalization_1 (Batch (None, 256)               1024      
_________________________________________________________________
dense_2 (Dense)              (None, 2)                 514       
=================================================================
Total params: 3,048,770
Trainable params: 789,250
Non-trainable params: 2,259,520
_________________________________________________________________
Fitting ISIC2016+ISIC2017+ISIC2018+PAD_UFES_20+MEDNODE_aug_MobileNetV2_150h_150w_None model...
model_name: ISIC2016+ISIC2017+ISIC2018+PAD_UFES_20+MEDNODE_aug_MobileNetV2_150h_150w_None
Epoch: 1 loss: 0.6160 accuracy: 0.6987 val_loss: 0.4475 val_accuracy: 0.8918
Epoch: 2 loss: 0.5949 accuracy: 0.7188 val_loss: 0.4316 val_accuracy: 0.8918
Epoch: 3 loss: 0.5942 accuracy: 0.7189 val_loss: 0.4385 val_accuracy: 0.8918
Epoch: 4 loss: 0.5942 accuracy: 0.7188 val_loss: 0.4263 val_accuracy: 0.8918
Epoch: 5 loss: 0.5942 accuracy: 0.7188 val_loss: 0.4246 val_accuracy: 0.8918
Epoch: 6 loss: 0.5941 accuracy: 0.7189 val_loss: 0.4367 val_accuracy: 0.8918
Epoch: 7 loss: 0.5942 accuracy: 0.7188 val_loss: 0.4348 val_accuracy: 0.8918
Epoch: 8 loss: 0.5941 accuracy: 0.7188 val_loss: 0.4325 val_accuracy: 0.8918
Epoch: 9 loss: 0.5941 accuracy: 0.7190 val_loss: 0.4281 val_accuracy: 0.8918
Epoch: 10 loss: 0.5942 accuracy: 0.7189 val_loss: 0.4214 val_accuracy: 0.8918
Epoch: 11 loss: 0.5944 accuracy: 0.7187 val_loss: 0.4266 val_accuracy: 0.8918
Epoch: 12 loss: 0.5943 accuracy: 0.7186 val_loss: 0.4274 val_accuracy: 0.8918
Epoch: 13 loss: 0.5942 accuracy: 0.7187 val_loss: 0.4242 val_accuracy: 0.8918
Epoch: 14 loss: 0.5944 accuracy: 0.7186 val_loss: 0.4266 val_accuracy: 0.8918
Epoch: 15 loss: 0.5943 accuracy: 0.7187 val_loss: 0.4326 val_accuracy: 0.8918
Epoch: 16 loss: 0.5942 accuracy: 0.7188 val_loss: 0.4322 val_accuracy: 0.8918
Epoch: 17 loss: 0.5941 accuracy: 0.7189 val_loss: 0.4277 val_accuracy: 0.8918
Epoch: 18 loss: 0.5941 accuracy: 0.7189 val_loss: 0.4393 val_accuracy: 0.8918
Epoch: 19 loss: 0.5943 accuracy: 0.7187 val_loss: 0.4352 val_accuracy: 0.8918
Epoch: 20 loss: 0.5940 accuracy: 0.7189 val_loss: 0.4275 val_accuracy: 0.8918
Job ended!
