Tue 27 Feb 2024 11:04:19 PM EST
Python 3.9.7
nvcc: NVIDIA (R) Cuda compiler driver
Copyright (c) 2005-2019 NVIDIA Corporation
Built on Sun_Jul_28_19:07:16_PDT_2019
Cuda compilation tools, release 10.1, V10.1.243
My SLURM_ARRAY_TASK_ID: 
DB: ['ISIC2016', 'ISIC2017', 'ISIC2018', 'ISIC2019', 'ISIC2020', 'PH2']
IMG_SIZE: [150, 150]
CLASSIFIER: MobileNetV2
SELF_AUG: 1
JOB_INDEX: None
Combining...
Combining 1 db out of 6 dbs
Combining 2 db out of 6 dbs
Combining 3 db out of 6 dbs
Combining 4 db out of 6 dbs
Combining 5 db out of 6 dbs
Combining 6 db out of 6 dbs
Stacking training images
Stacking training labels
Stacking validation images
Stacking validation labels
Model: "sequential"
_________________________________________________________________
Layer (type)                 Output Shape              Param #   
=================================================================
mobilenetv2_1.00_150 (Functi (None, 1280)              2257984   
_________________________________________________________________
dense (Dense)                (None, 512)               655872    
_________________________________________________________________
dropout (Dropout)            (None, 512)               0         
_________________________________________________________________
batch_normalization (BatchNo (None, 512)               2048      
_________________________________________________________________
dense_1 (Dense)              (None, 256)               131328    
_________________________________________________________________
dropout_1 (Dropout)          (None, 256)               0         
_________________________________________________________________
batch_normalization_1 (Batch (None, 256)               1024      
_________________________________________________________________
dense_2 (Dense)              (None, 2)                 514       
=================================================================
Total params: 3,048,770
Trainable params: 789,250
Non-trainable params: 2,259,520
_________________________________________________________________
Fitting ISIC2016+ISIC2017+ISIC2018+ISIC2019+ISIC2020+PH2_aug_MobileNetV2_150h_150w_None model...
model_name: ISIC2016+ISIC2017+ISIC2018+ISIC2019+ISIC2020+PH2_aug_MobileNetV2_150h_150w_None
Epoch: 1 loss: 0.5961 accuracy: 0.7182 val_loss: 0.4051 val_accuracy: 0.9136
Epoch: 2 loss: 0.5898 accuracy: 0.7234 val_loss: 0.4092 val_accuracy: 0.9136
Epoch: 3 loss: 0.5898 accuracy: 0.7234 val_loss: 0.3959 val_accuracy: 0.9136
Epoch: 4 loss: 0.5898 accuracy: 0.7234 val_loss: 0.4168 val_accuracy: 0.9136
Epoch: 5 loss: 0.5899 accuracy: 0.7234 val_loss: 0.4131 val_accuracy: 0.9136
Epoch: 6 loss: 0.5899 accuracy: 0.7233 val_loss: 0.4029 val_accuracy: 0.9136
Epoch: 7 loss: 0.5899 accuracy: 0.7234 val_loss: 0.4088 val_accuracy: 0.9136
Epoch: 8 loss: 0.5899 accuracy: 0.7234 val_loss: 0.4081 val_accuracy: 0.9136
Epoch: 9 loss: 0.5899 accuracy: 0.7234 val_loss: 0.4105 val_accuracy: 0.9136
Epoch: 10 loss: 0.5898 accuracy: 0.7234 val_loss: 0.3988 val_accuracy: 0.9136
Epoch: 11 loss: 0.5899 accuracy: 0.7233 val_loss: 0.4023 val_accuracy: 0.9136
Epoch: 12 loss: 0.5898 accuracy: 0.7234 val_loss: 0.4082 val_accuracy: 0.9136
Epoch: 13 loss: 0.5898 accuracy: 0.7234 val_loss: 0.4125 val_accuracy: 0.9136
Epoch: 14 loss: 0.5898 accuracy: 0.7234 val_loss: 0.4075 val_accuracy: 0.9136
Epoch: 15 loss: 0.5898 accuracy: 0.7234 val_loss: 0.4022 val_accuracy: 0.9136
Epoch: 16 loss: 0.5898 accuracy: 0.7234 val_loss: 0.4006 val_accuracy: 0.9136
Epoch: 17 loss: 0.5898 accuracy: 0.7234 val_loss: 0.4097 val_accuracy: 0.9136
Epoch: 18 loss: 0.5899 accuracy: 0.7234 val_loss: 0.4052 val_accuracy: 0.9136
Epoch: 19 loss: 0.5898 accuracy: 0.7234 val_loss: 0.4037 val_accuracy: 0.9136
Epoch: 20 loss: 0.5898 accuracy: 0.7234 val_loss: 0.4111 val_accuracy: 0.9136
Job ended!
