Fri 01 Mar 2024 06:20:02 PM EST
Python 3.9.7
nvcc: NVIDIA (R) Cuda compiler driver
Copyright (c) 2005-2019 NVIDIA Corporation
Built on Sun_Jul_28_19:07:16_PDT_2019
Cuda compilation tools, release 10.1, V10.1.243
My SLURM_ARRAY_TASK_ID: 
DB: ['ISIC2016', 'ISIC2018']
IMG_SIZE: [150, 150]
CLASSIFIER: MobileNetV2
SELF_AUG: 1
JOB_INDEX: None
Combining...
Combining 1 db out of 2 dbs
Combining 2 db out of 2 dbs
Stacking training images
Stacking training labels
Stacking validation images
Stacking validation labels
Model: "sequential"
_________________________________________________________________
Layer (type)                 Output Shape              Param #   
=================================================================
mobilenetv2_1.00_224 (Functi (None, 1280)              2257984   
_________________________________________________________________
dense (Dense)                (None, 512)               655872    
_________________________________________________________________
dropout (Dropout)            (None, 512)               0         
_________________________________________________________________
batch_normalization (BatchNo (None, 512)               2048      
_________________________________________________________________
dense_1 (Dense)              (None, 256)               131328    
_________________________________________________________________
dropout_1 (Dropout)          (None, 256)               0         
_________________________________________________________________
batch_normalization_1 (Batch (None, 256)               1024      
_________________________________________________________________
dense_2 (Dense)              (None, 2)                 514       
=================================================================
Total params: 3,048,770
Trainable params: 789,250
Non-trainable params: 2,259,520
_________________________________________________________________
Fitting ISIC2016+ISIC2018_aug_MobileNetV2_150h_150w_None model...
model_name: ISIC2016+ISIC2018_aug_MobileNetV2_150h_150w_None
Epoch: 1 loss: 0.6340 accuracy: 0.7153 val_loss: 0.3714 val_accuracy: 0.8418
Epoch: 2 loss: 0.4712 accuracy: 0.7947 val_loss: 0.3592 val_accuracy: 0.8579
Epoch: 3 loss: 0.4316 accuracy: 0.8111 val_loss: 0.3280 val_accuracy: 0.8606
Epoch: 4 loss: 0.3964 accuracy: 0.8239 val_loss: 0.3159 val_accuracy: 0.8606
Epoch: 5 loss: 0.3792 accuracy: 0.8330 val_loss: 0.3178 val_accuracy: 0.8713
Epoch: 6 loss: 0.3587 accuracy: 0.8441 val_loss: 0.3148 val_accuracy: 0.8874
Epoch: 7 loss: 0.3396 accuracy: 0.8507 val_loss: 0.3445 val_accuracy: 0.8606
Epoch: 8 loss: 0.3306 accuracy: 0.8564 val_loss: 0.3249 val_accuracy: 0.8660
Epoch: 9 loss: 0.3151 accuracy: 0.8611 val_loss: 0.3540 val_accuracy: 0.8418
Epoch: 10 loss: 0.3126 accuracy: 0.8621 val_loss: 0.3567 val_accuracy: 0.8606
Epoch: 11 loss: 0.2920 accuracy: 0.8737 val_loss: 0.3626 val_accuracy: 0.8686
Epoch: 12 loss: 0.2817 accuracy: 0.8775 val_loss: 0.3738 val_accuracy: 0.8472
Epoch: 13 loss: 0.2737 accuracy: 0.8813 val_loss: 0.3693 val_accuracy: 0.8472
Epoch: 14 loss: 0.2646 accuracy: 0.8868 val_loss: 0.3704 val_accuracy: 0.8365
Epoch: 15 loss: 0.2557 accuracy: 0.8922 val_loss: 0.3758 val_accuracy: 0.8499
Epoch: 16 loss: 0.2427 accuracy: 0.8933 val_loss: 0.3971 val_accuracy: 0.8525
Epoch: 17 loss: 0.2332 accuracy: 0.9004 val_loss: 0.3845 val_accuracy: 0.8552
Epoch: 18 loss: 0.2310 accuracy: 0.9023 val_loss: 0.4208 val_accuracy: 0.8525
Epoch: 19 loss: 0.2185 accuracy: 0.9068 val_loss: 0.4334 val_accuracy: 0.8499
Epoch: 20 loss: 0.2118 accuracy: 0.9088 val_loss: 0.4363 val_accuracy: 0.8499
Job ended!
