Tue 27 Feb 2024 11:34:49 PM EST
Python 3.9.7
nvcc: NVIDIA (R) Cuda compiler driver
Copyright (c) 2005-2019 NVIDIA Corporation
Built on Sun_Jul_28_19:07:16_PDT_2019
Cuda compilation tools, release 10.1, V10.1.243
My SLURM_ARRAY_TASK_ID: 
DB: ['ISIC2020']
IMG_SIZE: [150, 150]
CLASSIFIER: MobileNetV2
SELF_AUG: 1
JOB_INDEX: None
Combining...
Combining 1 db out of 1 dbs
Stacking training images
Stacking training labels
Stacking validation images
Stacking validation labels
Model: "sequential"
_________________________________________________________________
Layer (type)                 Output Shape              Param #   
=================================================================
mobilenetv2_1.00_150 (Functi (None, 1280)              2257984   
_________________________________________________________________
dense (Dense)                (None, 512)               655872    
_________________________________________________________________
dropout (Dropout)            (None, 512)               0         
_________________________________________________________________
batch_normalization (BatchNo (None, 512)               2048      
_________________________________________________________________
dense_1 (Dense)              (None, 256)               131328    
_________________________________________________________________
dropout_1 (Dropout)          (None, 256)               0         
_________________________________________________________________
batch_normalization_1 (Batch (None, 256)               1024      
_________________________________________________________________
dense_2 (Dense)              (None, 2)                 514       
=================================================================
Total params: 3,048,770
Trainable params: 789,250
Non-trainable params: 2,259,520
_________________________________________________________________
Fitting ISIC2020_aug_MobileNetV2_150h_150w_None model...
model_name: ISIC2020_aug_MobileNetV2_150h_150w_None
Epoch: 1 loss: 0.5164 accuracy: 0.7958 val_loss: 0.2272 val_accuracy: 0.9843
Epoch: 2 loss: 0.4847 accuracy: 0.8112 val_loss: 0.2240 val_accuracy: 0.9843
Epoch: 3 loss: 0.4849 accuracy: 0.8111 val_loss: 0.2417 val_accuracy: 0.9843
Epoch: 4 loss: 0.4847 accuracy: 0.8112 val_loss: 0.2304 val_accuracy: 0.9843
Epoch: 5 loss: 0.4848 accuracy: 0.8111 val_loss: 0.2448 val_accuracy: 0.9843
Epoch: 6 loss: 0.4847 accuracy: 0.8111 val_loss: 0.2310 val_accuracy: 0.9843
Epoch: 7 loss: 0.4849 accuracy: 0.8111 val_loss: 0.2224 val_accuracy: 0.9843
Epoch: 8 loss: 0.4847 accuracy: 0.8111 val_loss: 0.2232 val_accuracy: 0.9843
Epoch: 9 loss: 0.4846 accuracy: 0.8112 val_loss: 0.2284 val_accuracy: 0.9843
Epoch: 10 loss: 0.4846 accuracy: 0.8112 val_loss: 0.2395 val_accuracy: 0.9843
Epoch: 11 loss: 0.4846 accuracy: 0.8112 val_loss: 0.2396 val_accuracy: 0.9843
Epoch: 12 loss: 0.4846 accuracy: 0.8112 val_loss: 0.2333 val_accuracy: 0.9843
Epoch: 13 loss: 0.4846 accuracy: 0.8112 val_loss: 0.2369 val_accuracy: 0.9843
Epoch: 14 loss: 0.4846 accuracy: 0.8111 val_loss: 0.2230 val_accuracy: 0.9843
Epoch: 15 loss: 0.4846 accuracy: 0.8112 val_loss: 0.2359 val_accuracy: 0.9843
Epoch: 16 loss: 0.4844 accuracy: 0.8113 val_loss: 0.2381 val_accuracy: 0.9843
Epoch: 17 loss: 0.4846 accuracy: 0.8112 val_loss: 0.2287 val_accuracy: 0.9843
Epoch: 18 loss: 0.4848 accuracy: 0.8111 val_loss: 0.2296 val_accuracy: 0.9843
Epoch: 19 loss: 0.4847 accuracy: 0.8112 val_loss: 0.2278 val_accuracy: 0.9843
Epoch: 20 loss: 0.4846 accuracy: 0.8112 val_loss: 0.2417 val_accuracy: 0.9843
Job ended!
