Fri 01 Mar 2024 06:21:34 PM EST
Python 3.9.7
nvcc: NVIDIA (R) Cuda compiler driver
Copyright (c) 2005-2019 NVIDIA Corporation
Built on Sun_Jul_28_19:07:16_PDT_2019
Cuda compilation tools, release 10.1, V10.1.243
My SLURM_ARRAY_TASK_ID: 
DB: ['ISIC2016', 'ISIC2019', 'ISIC2020']
IMG_SIZE: [150, 150]
CLASSIFIER: MobileNetV2
SELF_AUG: 1
JOB_INDEX: None
Combining...
Combining 1 db out of 3 dbs
Combining 2 db out of 3 dbs
Combining 3 db out of 3 dbs
Stacking training images
Stacking training labels
Stacking validation images
Stacking validation labels
Model: "sequential"
_________________________________________________________________
Layer (type)                 Output Shape              Param #   
=================================================================
mobilenetv2_1.00_224 (Functi (None, 1280)              2257984   
_________________________________________________________________
dense (Dense)                (None, 512)               655872    
_________________________________________________________________
dropout (Dropout)            (None, 512)               0         
_________________________________________________________________
batch_normalization (BatchNo (None, 512)               2048      
_________________________________________________________________
dense_1 (Dense)              (None, 256)               131328    
_________________________________________________________________
dropout_1 (Dropout)          (None, 256)               0         
_________________________________________________________________
batch_normalization_1 (Batch (None, 256)               1024      
_________________________________________________________________
dense_2 (Dense)              (None, 2)                 514       
=================================================================
Total params: 3,048,770
Trainable params: 789,250
Non-trainable params: 2,259,520
_________________________________________________________________
Fitting ISIC2016+ISIC2019+ISIC2020_aug_MobileNetV2_150h_150w_None model...
model_name: ISIC2016+ISIC2019+ISIC2020_aug_MobileNetV2_150h_150w_None
Epoch: 1 loss: 0.4845 accuracy: 0.7838 val_loss: 0.2095 val_accuracy: 0.9270
Epoch: 2 loss: 0.3872 accuracy: 0.8202 val_loss: 0.2128 val_accuracy: 0.9269
Epoch: 3 loss: 0.3635 accuracy: 0.8311 val_loss: 0.1995 val_accuracy: 0.9289
Epoch: 4 loss: 0.3482 accuracy: 0.8385 val_loss: 0.1972 val_accuracy: 0.9303
Epoch: 5 loss: 0.3379 accuracy: 0.8441 val_loss: 0.1975 val_accuracy: 0.9321
Epoch: 6 loss: 0.3300 accuracy: 0.8493 val_loss: 0.1942 val_accuracy: 0.9303
Epoch: 7 loss: 0.3238 accuracy: 0.8513 val_loss: 0.1958 val_accuracy: 0.9279
Epoch: 8 loss: 0.3182 accuracy: 0.8543 val_loss: 0.1932 val_accuracy: 0.9298
Epoch: 9 loss: 0.3107 accuracy: 0.8579 val_loss: 0.1926 val_accuracy: 0.9301
Epoch: 10 loss: 0.3058 accuracy: 0.8608 val_loss: 0.1948 val_accuracy: 0.9296
Epoch: 11 loss: 0.3002 accuracy: 0.8627 val_loss: 0.1893 val_accuracy: 0.9321
Epoch: 12 loss: 0.2968 accuracy: 0.8652 val_loss: 0.2007 val_accuracy: 0.9282
Epoch: 13 loss: 0.2901 accuracy: 0.8677 val_loss: 0.1992 val_accuracy: 0.9302
Epoch: 14 loss: 0.2845 accuracy: 0.8724 val_loss: 0.1974 val_accuracy: 0.9276
Epoch: 15 loss: 0.2798 accuracy: 0.8731 val_loss: 0.2031 val_accuracy: 0.9266
Epoch: 16 loss: 0.2758 accuracy: 0.8755 val_loss: 0.2043 val_accuracy: 0.9301
Epoch: 17 loss: 0.2727 accuracy: 0.8757 val_loss: 0.2067 val_accuracy: 0.9269
Epoch: 18 loss: 0.2684 accuracy: 0.8789 val_loss: 0.2022 val_accuracy: 0.9273
Epoch: 19 loss: 0.2637 accuracy: 0.8804 val_loss: 0.2099 val_accuracy: 0.9255
Epoch: 20 loss: 0.2627 accuracy: 0.8808 val_loss: 0.2104 val_accuracy: 0.9283
Job ended!
