Tue 27 Feb 2024 10:59:04 PM EST
Python 3.9.7
nvcc: NVIDIA (R) Cuda compiler driver
Copyright (c) 2005-2019 NVIDIA Corporation
Built on Sun_Jul_28_19:07:16_PDT_2019
Cuda compilation tools, release 10.1, V10.1.243
My SLURM_ARRAY_TASK_ID: 
DB: ['ISIC2016', 'ISIC2017', 'ISIC2018', 'ISIC2019', 'ISIC2020', 'PH2', '_7_point_criteria', 'MEDNODE', 'KaggleMB']
IMG_SIZE: [150, 150]
CLASSIFIER: MobileNetV2
SELF_AUG: 1
JOB_INDEX: None
Combining...
Combining 1 db out of 9 dbs
Combining 2 db out of 9 dbs
Combining 3 db out of 9 dbs
Combining 4 db out of 9 dbs
Combining 5 db out of 9 dbs
Combining 6 db out of 9 dbs
Combining 7 db out of 9 dbs
Combining 8 db out of 9 dbs
Combining 9 db out of 9 dbs
Stacking training images
Stacking training labels
Stacking validation images
Stacking validation labels
Model: "sequential"
_________________________________________________________________
Layer (type)                 Output Shape              Param #   
=================================================================
mobilenetv2_1.00_150 (Functi (None, 1280)              2257984   
_________________________________________________________________
dense (Dense)                (None, 512)               655872    
_________________________________________________________________
dropout (Dropout)            (None, 512)               0         
_________________________________________________________________
batch_normalization (BatchNo (None, 512)               2048      
_________________________________________________________________
dense_1 (Dense)              (None, 256)               131328    
_________________________________________________________________
dropout_1 (Dropout)          (None, 256)               0         
_________________________________________________________________
batch_normalization_1 (Batch (None, 256)               1024      
_________________________________________________________________
dense_2 (Dense)              (None, 2)                 514       
=================================================================
Total params: 3,048,770
Trainable params: 789,250
Non-trainable params: 2,259,520
_________________________________________________________________
Fitting ISIC2016+ISIC2017+ISIC2018+ISIC2019+ISIC2020+PH2+_7_point_criteria+MEDNODE+KaggleMB_aug_MobileNetV2_150h_150w_None model...
model_name: ISIC2016+ISIC2017+ISIC2018+ISIC2019+ISIC2020+PH2+_7_point_criteria+MEDNODE+KaggleMB_aug_MobileNetV2_150h_150w_None
Epoch: 1 loss: 0.6075 accuracy: 0.7045 val_loss: 0.4335 val_accuracy: 0.8953
Epoch: 2 loss: 0.6025 accuracy: 0.7097 val_loss: 0.4356 val_accuracy: 0.8953
Epoch: 3 loss: 0.6025 accuracy: 0.7097 val_loss: 0.4414 val_accuracy: 0.8953
Epoch: 4 loss: 0.6026 accuracy: 0.7097 val_loss: 0.4320 val_accuracy: 0.8953
Epoch: 5 loss: 0.6025 accuracy: 0.7097 val_loss: 0.4388 val_accuracy: 0.8953
Epoch: 6 loss: 0.6025 accuracy: 0.7098 val_loss: 0.4427 val_accuracy: 0.8953
Epoch: 7 loss: 0.6025 accuracy: 0.7097 val_loss: 0.4400 val_accuracy: 0.8953
Epoch: 8 loss: 0.6024 accuracy: 0.7098 val_loss: 0.4445 val_accuracy: 0.8953
Epoch: 9 loss: 0.6025 accuracy: 0.7097 val_loss: 0.4308 val_accuracy: 0.8953
Epoch: 10 loss: 0.6025 accuracy: 0.7097 val_loss: 0.4422 val_accuracy: 0.8953
Epoch: 11 loss: 0.6025 accuracy: 0.7097 val_loss: 0.4385 val_accuracy: 0.8953
Epoch: 12 loss: 0.6025 accuracy: 0.7097 val_loss: 0.4374 val_accuracy: 0.8953
Epoch: 13 loss: 0.6025 accuracy: 0.7097 val_loss: 0.4360 val_accuracy: 0.8953
Epoch: 14 loss: 0.6025 accuracy: 0.7097 val_loss: 0.4320 val_accuracy: 0.8953
Epoch: 15 loss: 0.6026 accuracy: 0.7097 val_loss: 0.4430 val_accuracy: 0.8953
Epoch: 16 loss: 0.6025 accuracy: 0.7097 val_loss: 0.4406 val_accuracy: 0.8953
Epoch: 17 loss: 0.6025 accuracy: 0.7098 val_loss: 0.4408 val_accuracy: 0.8953
Epoch: 18 loss: 0.6025 accuracy: 0.7097 val_loss: 0.4406 val_accuracy: 0.8953
Epoch: 19 loss: 0.6026 accuracy: 0.7097 val_loss: 0.4300 val_accuracy: 0.8953
Epoch: 20 loss: 0.6025 accuracy: 0.7097 val_loss: 0.4392 val_accuracy: 0.8953
Job ended!
