Tue 27 Feb 2024 10:48:01 PM EST
Python 3.9.7
nvcc: NVIDIA (R) Cuda compiler driver
Copyright (c) 2005-2019 NVIDIA Corporation
Built on Sun_Jul_28_19:07:16_PDT_2019
Cuda compilation tools, release 10.1, V10.1.243
My SLURM_ARRAY_TASK_ID: 
DB: ['ISIC2016', '_7_point_criteria', 'PAD_UFES_20', 'MEDNODE']
IMG_SIZE: [150, 150]
CLASSIFIER: MobileNetV2
SELF_AUG: 1
JOB_INDEX: None
Combining...
Combining 1 db out of 4 dbs
Combining 2 db out of 4 dbs
Combining 3 db out of 4 dbs
Combining 4 db out of 4 dbs
Stacking training images
Stacking training labels
Stacking validation images
Stacking validation labels
Model: "sequential"
_________________________________________________________________
Layer (type)                 Output Shape              Param #   
=================================================================
mobilenetv2_1.00_150 (Functi (None, 1280)              2257984   
_________________________________________________________________
dense (Dense)                (None, 512)               655872    
_________________________________________________________________
dropout (Dropout)            (None, 512)               0         
_________________________________________________________________
batch_normalization (BatchNo (None, 512)               2048      
_________________________________________________________________
dense_1 (Dense)              (None, 256)               131328    
_________________________________________________________________
dropout_1 (Dropout)          (None, 256)               0         
_________________________________________________________________
batch_normalization_1 (Batch (None, 256)               1024      
_________________________________________________________________
dense_2 (Dense)              (None, 2)                 514       
=================================================================
Total params: 3,048,770
Trainable params: 789,250
Non-trainable params: 2,259,520
_________________________________________________________________
Fitting ISIC2016+_7_point_criteria+PAD_UFES_20+MEDNODE_aug_MobileNetV2_150h_150w_None model...
model_name: ISIC2016+_7_point_criteria+PAD_UFES_20+MEDNODE_aug_MobileNetV2_150h_150w_None
Epoch: 1 loss: 0.6633 accuracy: 0.6238 val_loss: 0.5829 val_accuracy: 0.8632
Epoch: 2 loss: 0.6176 accuracy: 0.7185 val_loss: 0.5152 val_accuracy: 0.8632
Epoch: 3 loss: 0.5974 accuracy: 0.7254 val_loss: 0.4801 val_accuracy: 0.8632
Epoch: 4 loss: 0.5910 accuracy: 0.7259 val_loss: 0.4638 val_accuracy: 0.8632
Epoch: 5 loss: 0.5872 accuracy: 0.7263 val_loss: 0.4511 val_accuracy: 0.8632
Epoch: 6 loss: 0.5888 accuracy: 0.7259 val_loss: 0.4417 val_accuracy: 0.8632
Epoch: 7 loss: 0.5884 accuracy: 0.7256 val_loss: 0.4453 val_accuracy: 0.8632
Epoch: 8 loss: 0.5874 accuracy: 0.7261 val_loss: 0.4532 val_accuracy: 0.8632
Epoch: 9 loss: 0.5887 accuracy: 0.7248 val_loss: 0.4562 val_accuracy: 0.8632
Epoch: 10 loss: 0.5868 accuracy: 0.7263 val_loss: 0.4472 val_accuracy: 0.8632
Epoch: 11 loss: 0.5876 accuracy: 0.7256 val_loss: 0.4597 val_accuracy: 0.8632
Epoch: 12 loss: 0.5882 accuracy: 0.7252 val_loss: 0.4509 val_accuracy: 0.8632
Epoch: 13 loss: 0.5868 accuracy: 0.7269 val_loss: 0.4542 val_accuracy: 0.8632
Epoch: 14 loss: 0.5873 accuracy: 0.7259 val_loss: 0.4549 val_accuracy: 0.8632
Epoch: 15 loss: 0.5884 accuracy: 0.7254 val_loss: 0.4489 val_accuracy: 0.8632
Epoch: 16 loss: 0.5883 accuracy: 0.7250 val_loss: 0.4581 val_accuracy: 0.8632
Epoch: 17 loss: 0.5880 accuracy: 0.7250 val_loss: 0.4603 val_accuracy: 0.8632
Epoch: 18 loss: 0.5874 accuracy: 0.7256 val_loss: 0.4535 val_accuracy: 0.8632
Epoch: 19 loss: 0.5886 accuracy: 0.7252 val_loss: 0.4486 val_accuracy: 0.8632
Epoch: 20 loss: 0.5873 accuracy: 0.7259 val_loss: 0.4460 val_accuracy: 0.8632
Job ended!
