Fri 01 Mar 2024 06:21:45 PM EST
Python 3.9.7
nvcc: NVIDIA (R) Cuda compiler driver
Copyright (c) 2005-2019 NVIDIA Corporation
Built on Sun_Jul_28_19:07:16_PDT_2019
Cuda compilation tools, release 10.1, V10.1.243
My SLURM_ARRAY_TASK_ID: 
DB: ['ISIC2016', 'ISIC2020']
IMG_SIZE: [150, 150]
CLASSIFIER: MobileNetV2
SELF_AUG: 1
JOB_INDEX: None
Combining...
Combining 1 db out of 2 dbs
Combining 2 db out of 2 dbs
Stacking training images
Stacking training labels
Stacking validation images
Stacking validation labels
Model: "sequential"
_________________________________________________________________
Layer (type)                 Output Shape              Param #   
=================================================================
mobilenetv2_1.00_224 (Functi (None, 1280)              2257984   
_________________________________________________________________
dense (Dense)                (None, 512)               655872    
_________________________________________________________________
dropout (Dropout)            (None, 512)               0         
_________________________________________________________________
batch_normalization (BatchNo (None, 512)               2048      
_________________________________________________________________
dense_1 (Dense)              (None, 256)               131328    
_________________________________________________________________
dropout_1 (Dropout)          (None, 256)               0         
_________________________________________________________________
batch_normalization_1 (Batch (None, 256)               1024      
_________________________________________________________________
dense_2 (Dense)              (None, 2)                 514       
=================================================================
Total params: 3,048,770
Trainable params: 789,250
Non-trainable params: 2,259,520
_________________________________________________________________
Fitting ISIC2016+ISIC2020_aug_MobileNetV2_150h_150w_None model...
model_name: ISIC2016+ISIC2020_aug_MobileNetV2_150h_150w_None
Epoch: 1 loss: 0.4527 accuracy: 0.8152 val_loss: 0.1064 val_accuracy: 0.9783
Epoch: 2 loss: 0.3013 accuracy: 0.8698 val_loss: 0.0907 val_accuracy: 0.9780
Epoch: 3 loss: 0.2723 accuracy: 0.8799 val_loss: 0.0918 val_accuracy: 0.9785
Epoch: 4 loss: 0.2578 accuracy: 0.8853 val_loss: 0.0906 val_accuracy: 0.9794
Epoch: 5 loss: 0.2475 accuracy: 0.8901 val_loss: 0.0881 val_accuracy: 0.9797
Epoch: 6 loss: 0.2404 accuracy: 0.8936 val_loss: 0.0857 val_accuracy: 0.9781
Epoch: 7 loss: 0.2328 accuracy: 0.8971 val_loss: 0.0934 val_accuracy: 0.9783
Epoch: 8 loss: 0.2301 accuracy: 0.8980 val_loss: 0.0894 val_accuracy: 0.9800
Epoch: 9 loss: 0.2227 accuracy: 0.9023 val_loss: 0.0905 val_accuracy: 0.9768
Epoch: 10 loss: 0.2179 accuracy: 0.9039 val_loss: 0.0930 val_accuracy: 0.9772
Epoch: 11 loss: 0.2115 accuracy: 0.9062 val_loss: 0.0966 val_accuracy: 0.9772
Epoch: 12 loss: 0.2058 accuracy: 0.9101 val_loss: 0.0973 val_accuracy: 0.9755
Epoch: 13 loss: 0.2023 accuracy: 0.9116 val_loss: 0.1073 val_accuracy: 0.9702
Epoch: 14 loss: 0.1995 accuracy: 0.9120 val_loss: 0.0996 val_accuracy: 0.9783
Epoch: 15 loss: 0.1939 accuracy: 0.9129 val_loss: 0.1061 val_accuracy: 0.9781
Epoch: 16 loss: 0.1890 accuracy: 0.9148 val_loss: 0.1140 val_accuracy: 0.9771
Epoch: 17 loss: 0.1850 accuracy: 0.9194 val_loss: 0.1081 val_accuracy: 0.9763
Epoch: 18 loss: 0.1840 accuracy: 0.9199 val_loss: 0.1225 val_accuracy: 0.9771
Epoch: 19 loss: 0.1794 accuracy: 0.9189 val_loss: 0.1136 val_accuracy: 0.9772
Epoch: 20 loss: 0.1759 accuracy: 0.9231 val_loss: 0.1241 val_accuracy: 0.9788
Job ended!
