Fri 01 Mar 2024 06:22:26 PM EST
Python 3.9.7
nvcc: NVIDIA (R) Cuda compiler driver
Copyright (c) 2005-2019 NVIDIA Corporation
Built on Sun_Jul_28_19:07:16_PDT_2019
Cuda compilation tools, release 10.1, V10.1.243
My SLURM_ARRAY_TASK_ID: 
DB: ['ISIC2016', 'ISIC2020', 'PH2']
IMG_SIZE: [150, 150]
CLASSIFIER: MobileNetV2
SELF_AUG: 1
JOB_INDEX: None
Combining...
Combining 1 db out of 3 dbs
Combining 2 db out of 3 dbs
Combining 3 db out of 3 dbs
Stacking training images
Stacking training labels
Stacking validation images
Stacking validation labels
Model: "sequential"
_________________________________________________________________
Layer (type)                 Output Shape              Param #   
=================================================================
mobilenetv2_1.00_224 (Functi (None, 1280)              2257984   
_________________________________________________________________
dense (Dense)                (None, 512)               655872    
_________________________________________________________________
dropout (Dropout)            (None, 512)               0         
_________________________________________________________________
batch_normalization (BatchNo (None, 512)               2048      
_________________________________________________________________
dense_1 (Dense)              (None, 256)               131328    
_________________________________________________________________
dropout_1 (Dropout)          (None, 256)               0         
_________________________________________________________________
batch_normalization_1 (Batch (None, 256)               1024      
_________________________________________________________________
dense_2 (Dense)              (None, 2)                 514       
=================================================================
Total params: 3,048,770
Trainable params: 789,250
Non-trainable params: 2,259,520
_________________________________________________________________
Fitting ISIC2016+ISIC2020+PH2_aug_MobileNetV2_150h_150w_None model...
model_name: ISIC2016+ISIC2020+PH2_aug_MobileNetV2_150h_150w_None
Epoch: 1 loss: 0.4492 accuracy: 0.8131 val_loss: 0.1115 val_accuracy: 0.9774
Epoch: 2 loss: 0.2956 accuracy: 0.8719 val_loss: 0.0919 val_accuracy: 0.9774
Epoch: 3 loss: 0.2707 accuracy: 0.8799 val_loss: 0.0968 val_accuracy: 0.9778
Epoch: 4 loss: 0.2558 accuracy: 0.8862 val_loss: 0.0849 val_accuracy: 0.9784
Epoch: 5 loss: 0.2457 accuracy: 0.8926 val_loss: 0.0860 val_accuracy: 0.9780
Epoch: 6 loss: 0.2397 accuracy: 0.8941 val_loss: 0.0906 val_accuracy: 0.9780
Epoch: 7 loss: 0.2305 accuracy: 0.8988 val_loss: 0.0904 val_accuracy: 0.9787
Epoch: 8 loss: 0.2267 accuracy: 0.8990 val_loss: 0.0897 val_accuracy: 0.9784
Epoch: 9 loss: 0.2208 accuracy: 0.9015 val_loss: 0.0871 val_accuracy: 0.9793
Epoch: 10 loss: 0.2143 accuracy: 0.9058 val_loss: 0.0957 val_accuracy: 0.9781
Epoch: 11 loss: 0.2113 accuracy: 0.9061 val_loss: 0.0923 val_accuracy: 0.9787
Epoch: 12 loss: 0.2073 accuracy: 0.9091 val_loss: 0.0932 val_accuracy: 0.9781
Epoch: 13 loss: 0.2018 accuracy: 0.9107 val_loss: 0.0957 val_accuracy: 0.9777
Epoch: 14 loss: 0.1955 accuracy: 0.9140 val_loss: 0.1013 val_accuracy: 0.9763
Epoch: 15 loss: 0.1934 accuracy: 0.9136 val_loss: 0.1045 val_accuracy: 0.9768
Epoch: 16 loss: 0.1910 accuracy: 0.9158 val_loss: 0.0991 val_accuracy: 0.9784
Epoch: 17 loss: 0.1866 accuracy: 0.9183 val_loss: 0.1019 val_accuracy: 0.9761
Epoch: 18 loss: 0.1830 accuracy: 0.9199 val_loss: 0.1132 val_accuracy: 0.9718
Epoch: 19 loss: 0.1777 accuracy: 0.9214 val_loss: 0.1137 val_accuracy: 0.9719
Epoch: 20 loss: 0.1761 accuracy: 0.9227 val_loss: 0.1086 val_accuracy: 0.9793
Job ended!
