Fri 01 Mar 2024 06:14:27 PM EST
Python 3.9.7
nvcc: NVIDIA (R) Cuda compiler driver
Copyright (c) 2005-2019 NVIDIA Corporation
Built on Sun_Jul_28_19:07:16_PDT_2019
Cuda compilation tools, release 10.1, V10.1.243
My SLURM_ARRAY_TASK_ID: 
DB: ['ISIC2016', 'ISIC2017', 'ISIC2018', 'ISIC2019', 'PH2', '_7_point_criteria']
IMG_SIZE: [150, 150]
CLASSIFIER: MobileNetV2
SELF_AUG: 1
JOB_INDEX: None
Combining...
Combining 1 db out of 6 dbs
Combining 2 db out of 6 dbs
Combining 3 db out of 6 dbs
Combining 4 db out of 6 dbs
Combining 5 db out of 6 dbs
Combining 6 db out of 6 dbs
Stacking training images
Stacking training labels
Stacking validation images
Stacking validation labels
Model: "sequential"
_________________________________________________________________
Layer (type)                 Output Shape              Param #   
=================================================================
mobilenetv2_1.00_224 (Functi (None, 1280)              2257984   
_________________________________________________________________
dense (Dense)                (None, 512)               655872    
_________________________________________________________________
dropout (Dropout)            (None, 512)               0         
_________________________________________________________________
batch_normalization (BatchNo (None, 512)               2048      
_________________________________________________________________
dense_1 (Dense)              (None, 256)               131328    
_________________________________________________________________
dropout_1 (Dropout)          (None, 256)               0         
_________________________________________________________________
batch_normalization_1 (Batch (None, 256)               1024      
_________________________________________________________________
dense_2 (Dense)              (None, 2)                 514       
=================================================================
Total params: 3,048,770
Trainable params: 789,250
Non-trainable params: 2,259,520
_________________________________________________________________
Fitting ISIC2016+ISIC2017+ISIC2018+ISIC2019+PH2+_7_point_criteria_aug_MobileNetV2_150h_150w_None model...
model_name: ISIC2016+ISIC2017+ISIC2018+ISIC2019+PH2+_7_point_criteria_aug_MobileNetV2_150h_150w_None
Epoch: 1 loss: 0.5633 accuracy: 0.7399 val_loss: 0.3727 val_accuracy: 0.8498
Epoch: 2 loss: 0.4704 accuracy: 0.7788 val_loss: 0.3457 val_accuracy: 0.8595
Epoch: 3 loss: 0.4397 accuracy: 0.7940 val_loss: 0.3483 val_accuracy: 0.8628
Epoch: 4 loss: 0.4195 accuracy: 0.8031 val_loss: 0.3276 val_accuracy: 0.8659
Epoch: 5 loss: 0.4049 accuracy: 0.8112 val_loss: 0.3236 val_accuracy: 0.8650
Epoch: 6 loss: 0.3900 accuracy: 0.8189 val_loss: 0.3216 val_accuracy: 0.8652
Epoch: 7 loss: 0.3798 accuracy: 0.8242 val_loss: 0.3168 val_accuracy: 0.8679
Epoch: 8 loss: 0.3740 accuracy: 0.8252 val_loss: 0.3191 val_accuracy: 0.8660
Epoch: 9 loss: 0.3604 accuracy: 0.8331 val_loss: 0.3160 val_accuracy: 0.8695
Epoch: 10 loss: 0.3505 accuracy: 0.8390 val_loss: 0.3126 val_accuracy: 0.8702
Epoch: 11 loss: 0.3393 accuracy: 0.8448 val_loss: 0.3133 val_accuracy: 0.8748
Epoch: 12 loss: 0.3290 accuracy: 0.8483 val_loss: 0.3055 val_accuracy: 0.8824
Epoch: 13 loss: 0.3222 accuracy: 0.8538 val_loss: 0.3087 val_accuracy: 0.8786
Epoch: 14 loss: 0.3139 accuracy: 0.8579 val_loss: 0.3118 val_accuracy: 0.8799
Epoch: 15 loss: 0.3080 accuracy: 0.8572 val_loss: 0.2930 val_accuracy: 0.8857
Epoch: 16 loss: 0.3026 accuracy: 0.8622 val_loss: 0.3160 val_accuracy: 0.8700
Epoch: 17 loss: 0.2986 accuracy: 0.8636 val_loss: 0.3112 val_accuracy: 0.8823
Epoch: 18 loss: 0.2924 accuracy: 0.8678 val_loss: 0.3108 val_accuracy: 0.8890
Epoch: 19 loss: 0.2829 accuracy: 0.8731 val_loss: 0.3077 val_accuracy: 0.8899
Epoch: 20 loss: 0.2778 accuracy: 0.8748 val_loss: 0.3032 val_accuracy: 0.8873
Job ended!
