Tue 27 Feb 2024 11:34:53 PM EST
Python 3.9.7
nvcc: NVIDIA (R) Cuda compiler driver
Copyright (c) 2005-2019 NVIDIA Corporation
Built on Sun_Jul_28_19:07:16_PDT_2019
Cuda compilation tools, release 10.1, V10.1.243
My SLURM_ARRAY_TASK_ID: 
DB: ['KaggleMB']
IMG_SIZE: [150, 150]
CLASSIFIER: MobileNetV2
SELF_AUG: 1
JOB_INDEX: None
Combining...
Combining 1 db out of 1 dbs
Stacking training images
Stacking training labels
Stacking validation images
Stacking validation labels
Model: "sequential"
_________________________________________________________________
Layer (type)                 Output Shape              Param #   
=================================================================
mobilenetv2_1.00_150 (Functi (None, 1280)              2257984   
_________________________________________________________________
dense (Dense)                (None, 512)               655872    
_________________________________________________________________
dropout (Dropout)            (None, 512)               0         
_________________________________________________________________
batch_normalization (BatchNo (None, 512)               2048      
_________________________________________________________________
dense_1 (Dense)              (None, 256)               131328    
_________________________________________________________________
dropout_1 (Dropout)          (None, 256)               0         
_________________________________________________________________
batch_normalization_1 (Batch (None, 256)               1024      
_________________________________________________________________
dense_2 (Dense)              (None, 2)                 514       
=================================================================
Total params: 3,048,770
Trainable params: 789,250
Non-trainable params: 2,259,520
_________________________________________________________________
Fitting KaggleMB_aug_MobileNetV2_150h_150w_None model...
model_name: KaggleMB_aug_MobileNetV2_150h_150w_None
Epoch: 1 loss: 0.6899 accuracy: 0.5381 val_loss: 0.7124 val_accuracy: 0.4337
Epoch: 2 loss: 0.6745 accuracy: 0.5975 val_loss: 0.7310 val_accuracy: 0.4337
Epoch: 3 loss: 0.6727 accuracy: 0.6083 val_loss: 0.7402 val_accuracy: 0.4337
Epoch: 4 loss: 0.6697 accuracy: 0.6138 val_loss: 0.7510 val_accuracy: 0.4337
Epoch: 5 loss: 0.6688 accuracy: 0.6132 val_loss: 0.7438 val_accuracy: 0.4337
Epoch: 6 loss: 0.6692 accuracy: 0.6123 val_loss: 0.7586 val_accuracy: 0.4337
Epoch: 7 loss: 0.6678 accuracy: 0.6123 val_loss: 0.7737 val_accuracy: 0.4337
Epoch: 8 loss: 0.6688 accuracy: 0.6115 val_loss: 0.7427 val_accuracy: 0.4337
Epoch: 9 loss: 0.6682 accuracy: 0.6126 val_loss: 0.7508 val_accuracy: 0.4337
Epoch: 10 loss: 0.6676 accuracy: 0.6135 val_loss: 0.7441 val_accuracy: 0.4337
Epoch: 11 loss: 0.6684 accuracy: 0.6118 val_loss: 0.7486 val_accuracy: 0.4337
Epoch: 12 loss: 0.6678 accuracy: 0.6129 val_loss: 0.7555 val_accuracy: 0.4337
Epoch: 13 loss: 0.6674 accuracy: 0.6135 val_loss: 0.7512 val_accuracy: 0.4337
Epoch: 14 loss: 0.6679 accuracy: 0.6132 val_loss: 0.7493 val_accuracy: 0.4337
Epoch: 15 loss: 0.6678 accuracy: 0.6126 val_loss: 0.7440 val_accuracy: 0.4337
Epoch: 16 loss: 0.6683 accuracy: 0.6123 val_loss: 0.7416 val_accuracy: 0.4337
Epoch: 17 loss: 0.6674 accuracy: 0.6132 val_loss: 0.7436 val_accuracy: 0.4337
Epoch: 18 loss: 0.6678 accuracy: 0.6129 val_loss: 0.7552 val_accuracy: 0.4337
Epoch: 19 loss: 0.6680 accuracy: 0.6123 val_loss: 0.7445 val_accuracy: 0.4337
Epoch: 20 loss: 0.6677 accuracy: 0.6126 val_loss: 0.7471 val_accuracy: 0.4337
Job ended!
