Sat 04 May 2024 10:03:08 AM EDT
Python 3.9.7
nvcc: NVIDIA (R) Cuda compiler driver
Copyright (c) 2005-2019 NVIDIA Corporation
Built on Sun_Jul_28_19:07:16_PDT_2019
Cuda compilation tools, release 10.1, V10.1.243
My SLURM_ARRAY_TASK_ID: 
DB: ['HAM10000']
IMG_SIZE: [384, 384]
CLASSIFIER: DenseNet169
JOB_INDEX: None
Start training augmented images
Combining...
Combining 1th db out of 1 dbs
Stacking data
Combining complete
Model: "sequential"
_________________________________________________________________
Layer (type)                 Output Shape              Param #   
=================================================================
densenet169 (Functional)     (None, 1664)              12642880  
_________________________________________________________________
dense (Dense)                (None, 512)               852480    
_________________________________________________________________
dropout (Dropout)            (None, 512)               0         
_________________________________________________________________
batch_normalization (BatchNo (None, 512)               2048      
_________________________________________________________________
dense_1 (Dense)              (None, 256)               131328    
_________________________________________________________________
batch_normalization_1 (Batch (None, 256)               1024      
_________________________________________________________________
dense_2 (Dense)              (None, 2)                 514       
=================================================================
Total params: 13,630,274
Trainable params: 985,858
Non-trainable params: 12,644,416
_________________________________________________________________
Fitting HAM10000_aug_DenseNet169_384h_384w_None model...
model_name: HAM10000_aug_DenseNet169_384h_384w_None
Epoch: 1 loss: 0.9997 accuracy: 0.7696 val_loss: 0.6642 val_accuracy: 0.9388
Epoch: 2 loss: 0.7419 accuracy: 0.8505 val_loss: 0.5993 val_accuracy: 0.9185
Epoch: 3 loss: 0.6476 accuracy: 0.8747 val_loss: 0.5253 val_accuracy: 0.9332
Epoch: 4 loss: 0.5973 accuracy: 0.8909 val_loss: 0.4952 val_accuracy: 0.9456
Epoch: 5 loss: 0.5482 accuracy: 0.9072 val_loss: 0.4721 val_accuracy: 0.9445
Epoch: 6 loss: 0.5281 accuracy: 0.9107 val_loss: 0.4766 val_accuracy: 0.9366
Epoch: 7 loss: 0.4947 accuracy: 0.9241 val_loss: 0.4518 val_accuracy: 0.9536
Epoch: 8 loss: 0.4687 accuracy: 0.9336 val_loss: 0.4615 val_accuracy: 0.9411
Epoch: 9 loss: 0.4533 accuracy: 0.9400 val_loss: 0.4411 val_accuracy: 0.9366
Epoch: 10 loss: 0.4387 accuracy: 0.9407 val_loss: 0.4410 val_accuracy: 0.9354
Epoch: 11 loss: 0.4199 accuracy: 0.9468 val_loss: 0.4496 val_accuracy: 0.9320
Epoch: 12 loss: 0.4028 accuracy: 0.9531 val_loss: 0.3986 val_accuracy: 0.9570
Epoch: 13 loss: 0.3824 accuracy: 0.9570 val_loss: 0.4017 val_accuracy: 0.9502
Epoch: 14 loss: 0.3778 accuracy: 0.9587 val_loss: 0.3898 val_accuracy: 0.9502
Epoch: 15 loss: 0.3602 accuracy: 0.9617 val_loss: 0.4416 val_accuracy: 0.9354
Epoch: 16 loss: 0.3484 accuracy: 0.9668 val_loss: 0.3893 val_accuracy: 0.9547
Epoch: 17 loss: 0.3417 accuracy: 0.9661 val_loss: 0.3822 val_accuracy: 0.9547
Epoch: 18 loss: 0.3370 accuracy: 0.9665 val_loss: 0.3638 val_accuracy: 0.9581
Epoch: 19 loss: 0.3224 accuracy: 0.9709 val_loss: 0.3834 val_accuracy: 0.9502
Epoch: 20 loss: 0.3131 accuracy: 0.9717 val_loss: 0.4711 val_accuracy: 0.9207
Epoch: 21 loss: 0.3103 accuracy: 0.9738 val_loss: 0.3786 val_accuracy: 0.9490
Epoch: 22 loss: 0.3027 accuracy: 0.9732 val_loss: 0.3867 val_accuracy: 0.9388
Epoch: 23 loss: 0.2939 accuracy: 0.9753 val_loss: 0.4290 val_accuracy: 0.9241

Epoch 00023: ReduceLROnPlateau reducing learning rate to 7.999999797903001e-05.
Epoch: 24 loss: 0.2858 accuracy: 0.9778 val_loss: 0.3801 val_accuracy: 0.9422
Epoch: 25 loss: 0.2700 accuracy: 0.9822 val_loss: 0.3488 val_accuracy: 0.9592
Epoch: 26 loss: 0.2666 accuracy: 0.9837 val_loss: 0.3769 val_accuracy: 0.9490
Epoch: 27 loss: 0.2654 accuracy: 0.9827 val_loss: 0.3733 val_accuracy: 0.9479
Epoch: 28 loss: 0.2561 accuracy: 0.9843 val_loss: 0.3557 val_accuracy: 0.9502
Epoch: 29 loss: 0.2538 accuracy: 0.9842 val_loss: 0.3524 val_accuracy: 0.9547
Epoch: 30 loss: 0.2463 accuracy: 0.9857 val_loss: 0.3750 val_accuracy: 0.9343

Epoch 00030: ReduceLROnPlateau reducing learning rate to 6.399999838322402e-05.
Epoch: 31 loss: 0.2461 accuracy: 0.9852 val_loss: 0.3377 val_accuracy: 0.9524
Epoch: 32 loss: 0.2337 accuracy: 0.9895 val_loss: 0.3636 val_accuracy: 0.9479
Epoch: 33 loss: 0.2319 accuracy: 0.9886 val_loss: 0.3612 val_accuracy: 0.9456
Epoch: 34 loss: 0.2320 accuracy: 0.9869 val_loss: 0.3483 val_accuracy: 0.9547
Epoch: 35 loss: 0.2284 accuracy: 0.9867 val_loss: 0.3447 val_accuracy: 0.9581
Epoch: 36 loss: 0.2206 accuracy: 0.9889 val_loss: 0.3626 val_accuracy: 0.9547

Epoch 00036: ReduceLROnPlateau reducing learning rate to 5.119999987073243e-05.
Epoch: 37 loss: 0.2165 accuracy: 0.9908 val_loss: 0.3606 val_accuracy: 0.9524
Epoch: 38 loss: 0.2134 accuracy: 0.9906 val_loss: 0.3599 val_accuracy: 0.9502
Epoch: 39 loss: 0.2061 accuracy: 0.9932 val_loss: 0.3425 val_accuracy: 0.9502
Epoch: 40 loss: 0.2063 accuracy: 0.9923 val_loss: 0.3487 val_accuracy: 0.9536
Epoch: 41 loss: 0.2020 accuracy: 0.9933 val_loss: 0.3401 val_accuracy: 0.9468

Epoch 00041: ReduceLROnPlateau reducing learning rate to 4.0960000478662555e-05.
End of augmented training
Finish
Job ended!
