Sat 04 May 2024 12:42:03 PM EDT
Python 3.9.7
nvcc: NVIDIA (R) Cuda compiler driver
Copyright (c) 2005-2019 NVIDIA Corporation
Built on Sun_Jul_28_19:07:16_PDT_2019
Cuda compilation tools, release 10.1, V10.1.243
My SLURM_ARRAY_TASK_ID: 
DB: ['ISIC2016', 'ISIC2017', 'ISIC2018', 'ISIC2019', 'ISIC2020', 'PH2', '_7_point_criteria', 'PAD_UFES_20']
IMG_SIZE: [384, 384]
CLASSIFIER: DenseNet169
JOB_INDEX: None
Start training augmented images
Combining...
Combining 1th db out of 8 dbs
Combining 2th db out of 8 dbs
Combining 3th db out of 8 dbs
Combining 4th db out of 8 dbs
Combining 5th db out of 8 dbs
Combining 6th db out of 8 dbs
Combining 7th db out of 8 dbs
Combining 8th db out of 8 dbs
Stacking data
Combining complete
Model: "sequential"
_________________________________________________________________
Layer (type)                 Output Shape              Param #   
=================================================================
densenet169 (Functional)     (None, 1664)              12642880  
_________________________________________________________________
dense (Dense)                (None, 512)               852480    
_________________________________________________________________
dropout (Dropout)            (None, 512)               0         
_________________________________________________________________
batch_normalization (BatchNo (None, 512)               2048      
_________________________________________________________________
dense_1 (Dense)              (None, 256)               131328    
_________________________________________________________________
batch_normalization_1 (Batch (None, 256)               1024      
_________________________________________________________________
dense_2 (Dense)              (None, 2)                 514       
=================================================================
Total params: 13,630,274
Trainable params: 985,858
Non-trainable params: 12,644,416
_________________________________________________________________
Fitting ISIC2016+ISIC2017+ISIC2018+ISIC2019+ISIC2020+PH2+_7_point_criteria+PAD_UFES_20_aug_DenseNet169_384h_384w_None model...
model_name: ISIC2016+ISIC2017+ISIC2018+ISIC2019+ISIC2020+PH2+_7_point_criteria+PAD_UFES_20_aug_DenseNet169_384h_384w_None
Epoch: 1 loss: 0.7335 accuracy: 0.8392 val_loss: 0.5912 val_accuracy: 0.8880
Epoch: 2 loss: 0.5571 accuracy: 0.8870 val_loss: 0.5004 val_accuracy: 0.9110
Epoch: 3 loss: 0.4919 accuracy: 0.9008 val_loss: 0.4656 val_accuracy: 0.9116
Epoch: 4 loss: 0.4434 accuracy: 0.9095 val_loss: 0.4684 val_accuracy: 0.8932
Epoch: 5 loss: 0.4052 accuracy: 0.9168 val_loss: 0.4352 val_accuracy: 0.9003
Epoch: 6 loss: 0.3725 accuracy: 0.9230 val_loss: 0.3977 val_accuracy: 0.9108
Epoch: 7 loss: 0.3445 accuracy: 0.9280 val_loss: 0.3824 val_accuracy: 0.9142
Epoch: 8 loss: 0.3266 accuracy: 0.9298 val_loss: 0.3490 val_accuracy: 0.9233
Epoch: 9 loss: 0.3069 accuracy: 0.9328 val_loss: 0.3383 val_accuracy: 0.9250
Epoch: 10 loss: 0.2876 accuracy: 0.9378 val_loss: 0.3323 val_accuracy: 0.9250
Epoch: 11 loss: 0.2767 accuracy: 0.9375 val_loss: 0.3169 val_accuracy: 0.9275
Epoch: 12 loss: 0.2576 accuracy: 0.9434 val_loss: 0.3175 val_accuracy: 0.9247
Epoch: 13 loss: 0.2505 accuracy: 0.9433 val_loss: 0.3013 val_accuracy: 0.9266
Epoch: 14 loss: 0.2352 accuracy: 0.9476 val_loss: 0.3179 val_accuracy: 0.9203
Epoch: 15 loss: 0.2277 accuracy: 0.9488 val_loss: 0.3126 val_accuracy: 0.9199
Epoch: 16 loss: 0.2174 accuracy: 0.9500 val_loss: 0.2851 val_accuracy: 0.9310
Epoch: 17 loss: 0.2137 accuracy: 0.9506 val_loss: 0.2788 val_accuracy: 0.9321
Epoch: 18 loss: 0.2046 accuracy: 0.9530 val_loss: 0.2910 val_accuracy: 0.9283
Epoch: 19 loss: 0.2013 accuracy: 0.9534 val_loss: 0.2797 val_accuracy: 0.9258
Epoch: 20 loss: 0.1945 accuracy: 0.9549 val_loss: 0.2779 val_accuracy: 0.9296
Epoch: 21 loss: 0.1874 accuracy: 0.9567 val_loss: 0.2784 val_accuracy: 0.9279
Epoch: 22 loss: 0.1882 accuracy: 0.9563 val_loss: 0.2975 val_accuracy: 0.9165
Epoch: 23 loss: 0.1810 accuracy: 0.9582 val_loss: 0.2675 val_accuracy: 0.9377
Epoch: 24 loss: 0.1793 accuracy: 0.9574 val_loss: 0.2649 val_accuracy: 0.9342
Epoch: 25 loss: 0.1731 accuracy: 0.9595 val_loss: 0.2586 val_accuracy: 0.9341
Epoch: 26 loss: 0.1674 accuracy: 0.9614 val_loss: 0.2509 val_accuracy: 0.9363
Epoch: 27 loss: 0.1686 accuracy: 0.9602 val_loss: 0.2648 val_accuracy: 0.9356
Epoch: 28 loss: 0.1625 accuracy: 0.9626 val_loss: 0.2667 val_accuracy: 0.9341
Epoch: 29 loss: 0.1612 accuracy: 0.9619 val_loss: 0.2656 val_accuracy: 0.9320
Epoch: 30 loss: 0.1556 accuracy: 0.9639 val_loss: 0.2585 val_accuracy: 0.9353
Epoch: 31 loss: 0.1562 accuracy: 0.9631 val_loss: 0.2546 val_accuracy: 0.9352

Epoch 00031: ReduceLROnPlateau reducing learning rate to 7.999999797903001e-05.
Epoch: 32 loss: 0.1425 accuracy: 0.9684 val_loss: 0.2619 val_accuracy: 0.9335
Epoch: 33 loss: 0.1372 accuracy: 0.9704 val_loss: 0.2666 val_accuracy: 0.9307
Epoch: 34 loss: 0.1371 accuracy: 0.9701 val_loss: 0.2452 val_accuracy: 0.9435
Epoch: 35 loss: 0.1293 accuracy: 0.9728 val_loss: 0.2484 val_accuracy: 0.9415
Epoch: 36 loss: 0.1268 accuracy: 0.9737 val_loss: 0.2549 val_accuracy: 0.9383
Epoch: 37 loss: 0.1284 accuracy: 0.9724 val_loss: 0.2464 val_accuracy: 0.9383
Epoch: 38 loss: 0.1247 accuracy: 0.9742 val_loss: 0.2451 val_accuracy: 0.9445
Epoch: 39 loss: 0.1237 accuracy: 0.9741 val_loss: 0.2514 val_accuracy: 0.9401

Epoch 00039: ReduceLROnPlateau reducing learning rate to 6.399999838322402e-05.
Epoch: 40 loss: 0.1153 accuracy: 0.9769 val_loss: 0.2443 val_accuracy: 0.9446
Epoch: 41 loss: 0.1108 accuracy: 0.9784 val_loss: 0.2529 val_accuracy: 0.9432
Epoch: 42 loss: 0.1133 accuracy: 0.9772 val_loss: 0.2631 val_accuracy: 0.9406
Epoch: 43 loss: 0.1086 accuracy: 0.9792 val_loss: 0.2481 val_accuracy: 0.9426
Epoch: 44 loss: 0.1087 accuracy: 0.9786 val_loss: 0.2584 val_accuracy: 0.9411
Epoch: 45 loss: 0.1068 accuracy: 0.9795 val_loss: 0.2502 val_accuracy: 0.9445

Epoch 00045: ReduceLROnPlateau reducing learning rate to 5.119999987073243e-05.
Epoch: 46 loss: 0.1005 accuracy: 0.9820 val_loss: 0.2523 val_accuracy: 0.9437
Epoch: 47 loss: 0.0981 accuracy: 0.9826 val_loss: 0.2423 val_accuracy: 0.9499
Epoch: 48 loss: 0.0962 accuracy: 0.9833 val_loss: 0.2449 val_accuracy: 0.9496
Epoch: 49 loss: 0.0947 accuracy: 0.9836 val_loss: 0.2493 val_accuracy: 0.9474
Epoch: 50 loss: 0.0950 accuracy: 0.9833 val_loss: 0.2428 val_accuracy: 0.9502
Epoch: 51 loss: 0.0938 accuracy: 0.9837 val_loss: 0.2424 val_accuracy: 0.9485
Epoch: 52 loss: 0.0929 accuracy: 0.9844 val_loss: 0.2517 val_accuracy: 0.9493

Epoch 00052: ReduceLROnPlateau reducing learning rate to 4.0960000478662555e-05.
Epoch: 53 loss: 0.0864 accuracy: 0.9866 val_loss: 0.2550 val_accuracy: 0.9458
Epoch: 54 loss: 0.0855 accuracy: 0.9865 val_loss: 0.2455 val_accuracy: 0.9498
Epoch: 55 loss: 0.0847 accuracy: 0.9866 val_loss: 0.2420 val_accuracy: 0.9490
Epoch: 56 loss: 0.0828 accuracy: 0.9870 val_loss: 0.2572 val_accuracy: 0.9481
Epoch: 57 loss: 0.0825 accuracy: 0.9873 val_loss: 0.2439 val_accuracy: 0.9495
Epoch: 58 loss: 0.0821 accuracy: 0.9873 val_loss: 0.2580 val_accuracy: 0.9502
Epoch: 59 loss: 0.0817 accuracy: 0.9871 val_loss: 0.2636 val_accuracy: 0.9502
Epoch: 60 loss: 0.0779 accuracy: 0.9881 val_loss: 0.2573 val_accuracy: 0.9468

Epoch 00060: ReduceLROnPlateau reducing learning rate to 3.2767999800853435e-05.
Epoch: 61 loss: 0.0744 accuracy: 0.9897 val_loss: 0.2585 val_accuracy: 0.9490
Epoch: 62 loss: 0.0758 accuracy: 0.9891 val_loss: 0.2557 val_accuracy: 0.9491
Epoch: 63 loss: 0.0753 accuracy: 0.9893 val_loss: 0.2642 val_accuracy: 0.9477
Epoch: 64 loss: 0.0745 accuracy: 0.9894 val_loss: 0.2572 val_accuracy: 0.9510
Epoch: 65 loss: 0.0715 accuracy: 0.9908 val_loss: 0.2542 val_accuracy: 0.9480

Epoch 00065: ReduceLROnPlateau reducing learning rate to 2.6214399258606137e-05.
End of augmented training
Finish
Job ended!
