Sat 04 May 2024 11:02:58 AM EDT
Python 3.9.7
nvcc: NVIDIA (R) Cuda compiler driver
Copyright (c) 2005-2019 NVIDIA Corporation
Built on Sun_Jul_28_19:07:16_PDT_2019
Cuda compilation tools, release 10.1, V10.1.243
My SLURM_ARRAY_TASK_ID: 
DB: ['ISIC2016', 'ISIC2017', 'ISIC2018', 'ISIC2019', 'ISIC2020', 'PAD_UFES_20', 'MEDNODE']
IMG_SIZE: [384, 384]
CLASSIFIER: DenseNet169
JOB_INDEX: None
Start training augmented images
Combining...
Combining 1th db out of 7 dbs
Combining 2th db out of 7 dbs
Combining 3th db out of 7 dbs
Combining 4th db out of 7 dbs
Combining 5th db out of 7 dbs
Combining 6th db out of 7 dbs
Combining 7th db out of 7 dbs
Stacking data
Combining complete
Model: "sequential"
_________________________________________________________________
Layer (type)                 Output Shape              Param #   
=================================================================
densenet169 (Functional)     (None, 1664)              12642880  
_________________________________________________________________
dense (Dense)                (None, 512)               852480    
_________________________________________________________________
dropout (Dropout)            (None, 512)               0         
_________________________________________________________________
batch_normalization (BatchNo (None, 512)               2048      
_________________________________________________________________
dense_1 (Dense)              (None, 256)               131328    
_________________________________________________________________
batch_normalization_1 (Batch (None, 256)               1024      
_________________________________________________________________
dense_2 (Dense)              (None, 2)                 514       
=================================================================
Total params: 13,630,274
Trainable params: 985,858
Non-trainable params: 12,644,416
_________________________________________________________________
Fitting ISIC2016+ISIC2017+ISIC2018+ISIC2019+ISIC2020+PAD_UFES_20+MEDNODE_aug_DenseNet169_384h_384w_None model...
model_name: ISIC2016+ISIC2017+ISIC2018+ISIC2019+ISIC2020+PAD_UFES_20+MEDNODE_aug_DenseNet169_384h_384w_None
Epoch: 1 loss: 0.7375 accuracy: 0.8378 val_loss: 0.5913 val_accuracy: 0.8883
Epoch: 2 loss: 0.5584 accuracy: 0.8860 val_loss: 0.5214 val_accuracy: 0.8995
Epoch: 3 loss: 0.4935 accuracy: 0.9005 val_loss: 0.4611 val_accuracy: 0.9113
Epoch: 4 loss: 0.4439 accuracy: 0.9108 val_loss: 0.4614 val_accuracy: 0.9002
Epoch: 5 loss: 0.4070 accuracy: 0.9161 val_loss: 0.4335 val_accuracy: 0.9016
Epoch: 6 loss: 0.3741 accuracy: 0.9222 val_loss: 0.3819 val_accuracy: 0.9192
Epoch: 7 loss: 0.3471 accuracy: 0.9271 val_loss: 0.3874 val_accuracy: 0.9108
Epoch: 8 loss: 0.3238 accuracy: 0.9317 val_loss: 0.3517 val_accuracy: 0.9216
Epoch: 9 loss: 0.3032 accuracy: 0.9346 val_loss: 0.3580 val_accuracy: 0.9124
Epoch: 10 loss: 0.2870 accuracy: 0.9376 val_loss: 0.3453 val_accuracy: 0.9149
Epoch: 11 loss: 0.2735 accuracy: 0.9397 val_loss: 0.3516 val_accuracy: 0.9119
Epoch: 12 loss: 0.2633 accuracy: 0.9407 val_loss: 0.3572 val_accuracy: 0.9055
Epoch: 13 loss: 0.2502 accuracy: 0.9433 val_loss: 0.3246 val_accuracy: 0.9176
Epoch: 14 loss: 0.2389 accuracy: 0.9461 val_loss: 0.3156 val_accuracy: 0.9179
Epoch: 15 loss: 0.2285 accuracy: 0.9484 val_loss: 0.2969 val_accuracy: 0.9234
Epoch: 16 loss: 0.2192 accuracy: 0.9502 val_loss: 0.2814 val_accuracy: 0.9303
Epoch: 17 loss: 0.2116 accuracy: 0.9523 val_loss: 0.2814 val_accuracy: 0.9289
Epoch: 18 loss: 0.2050 accuracy: 0.9535 val_loss: 0.3087 val_accuracy: 0.9187
Epoch: 19 loss: 0.1990 accuracy: 0.9547 val_loss: 0.2879 val_accuracy: 0.9263
Epoch: 20 loss: 0.1963 accuracy: 0.9553 val_loss: 0.2872 val_accuracy: 0.9231
Epoch: 21 loss: 0.1876 accuracy: 0.9580 val_loss: 0.2716 val_accuracy: 0.9303
Epoch: 22 loss: 0.1857 accuracy: 0.9576 val_loss: 0.2688 val_accuracy: 0.9295
Epoch: 23 loss: 0.1830 accuracy: 0.9579 val_loss: 0.2546 val_accuracy: 0.9359
Epoch: 24 loss: 0.1753 accuracy: 0.9606 val_loss: 0.2604 val_accuracy: 0.9360
Epoch: 25 loss: 0.1758 accuracy: 0.9591 val_loss: 0.2621 val_accuracy: 0.9349
Epoch: 26 loss: 0.1723 accuracy: 0.9595 val_loss: 0.2464 val_accuracy: 0.9360
Epoch: 27 loss: 0.1680 accuracy: 0.9613 val_loss: 0.2590 val_accuracy: 0.9345
Epoch: 28 loss: 0.1643 accuracy: 0.9620 val_loss: 0.2593 val_accuracy: 0.9327
Epoch: 29 loss: 0.1623 accuracy: 0.9620 val_loss: 0.2626 val_accuracy: 0.9367
Epoch: 30 loss: 0.1590 accuracy: 0.9635 val_loss: 0.2514 val_accuracy: 0.9397
Epoch: 31 loss: 0.1559 accuracy: 0.9639 val_loss: 0.2499 val_accuracy: 0.9377

Epoch 00031: ReduceLROnPlateau reducing learning rate to 7.999999797903001e-05.
Epoch: 32 loss: 0.1453 accuracy: 0.9678 val_loss: 0.2425 val_accuracy: 0.9392
Epoch: 33 loss: 0.1416 accuracy: 0.9691 val_loss: 0.2618 val_accuracy: 0.9334
Epoch: 34 loss: 0.1354 accuracy: 0.9712 val_loss: 0.2735 val_accuracy: 0.9311
Epoch: 35 loss: 0.1316 accuracy: 0.9725 val_loss: 0.2769 val_accuracy: 0.9275
Epoch: 36 loss: 0.1305 accuracy: 0.9720 val_loss: 0.2464 val_accuracy: 0.9400
Epoch: 37 loss: 0.1287 accuracy: 0.9727 val_loss: 0.2412 val_accuracy: 0.9448
Epoch: 38 loss: 0.1247 accuracy: 0.9741 val_loss: 0.2498 val_accuracy: 0.9385
Epoch: 39 loss: 0.1265 accuracy: 0.9731 val_loss: 0.2555 val_accuracy: 0.9342
Epoch: 40 loss: 0.1213 accuracy: 0.9754 val_loss: 0.2443 val_accuracy: 0.9395
Epoch: 41 loss: 0.1212 accuracy: 0.9747 val_loss: 0.2515 val_accuracy: 0.9387
Epoch: 42 loss: 0.1218 accuracy: 0.9741 val_loss: 0.2836 val_accuracy: 0.9253

Epoch 00042: ReduceLROnPlateau reducing learning rate to 6.399999838322402e-05.
Epoch: 43 loss: 0.1118 accuracy: 0.9782 val_loss: 0.2477 val_accuracy: 0.9426
Epoch: 44 loss: 0.1100 accuracy: 0.9793 val_loss: 0.2636 val_accuracy: 0.9401
Epoch: 45 loss: 0.1085 accuracy: 0.9791 val_loss: 0.2364 val_accuracy: 0.9491
Epoch: 46 loss: 0.1043 accuracy: 0.9809 val_loss: 0.2449 val_accuracy: 0.9406
Epoch: 47 loss: 0.1051 accuracy: 0.9803 val_loss: 0.2519 val_accuracy: 0.9421
Epoch: 48 loss: 0.1024 accuracy: 0.9808 val_loss: 0.2411 val_accuracy: 0.9448
Epoch: 49 loss: 0.1009 accuracy: 0.9808 val_loss: 0.2415 val_accuracy: 0.9481
Epoch: 50 loss: 0.1023 accuracy: 0.9807 val_loss: 0.2451 val_accuracy: 0.9490

Epoch 00050: ReduceLROnPlateau reducing learning rate to 5.119999987073243e-05.
Epoch: 51 loss: 0.0952 accuracy: 0.9834 val_loss: 0.2336 val_accuracy: 0.9491
Epoch: 52 loss: 0.0925 accuracy: 0.9845 val_loss: 0.2351 val_accuracy: 0.9495
Epoch: 53 loss: 0.0902 accuracy: 0.9853 val_loss: 0.2403 val_accuracy: 0.9486
Epoch: 54 loss: 0.0899 accuracy: 0.9846 val_loss: 0.2378 val_accuracy: 0.9513
Epoch: 55 loss: 0.0863 accuracy: 0.9858 val_loss: 0.2605 val_accuracy: 0.9475
Epoch: 56 loss: 0.0889 accuracy: 0.9853 val_loss: 0.2413 val_accuracy: 0.9506

Epoch 00056: ReduceLROnPlateau reducing learning rate to 4.0960000478662555e-05.
Epoch: 57 loss: 0.0860 accuracy: 0.9859 val_loss: 0.2322 val_accuracy: 0.9540
Epoch: 58 loss: 0.0811 accuracy: 0.9875 val_loss: 0.2401 val_accuracy: 0.9507
Epoch: 59 loss: 0.0812 accuracy: 0.9878 val_loss: 0.2383 val_accuracy: 0.9524
Epoch: 60 loss: 0.0785 accuracy: 0.9886 val_loss: 0.2535 val_accuracy: 0.9488
Epoch: 61 loss: 0.0786 accuracy: 0.9882 val_loss: 0.2390 val_accuracy: 0.9507
Epoch: 62 loss: 0.0777 accuracy: 0.9884 val_loss: 0.2346 val_accuracy: 0.9537

Epoch 00062: ReduceLROnPlateau reducing learning rate to 3.2767999800853435e-05.
Epoch: 63 loss: 0.0743 accuracy: 0.9896 val_loss: 0.2423 val_accuracy: 0.9500
Epoch: 64 loss: 0.0715 accuracy: 0.9906 val_loss: 0.2422 val_accuracy: 0.9523
Epoch: 65 loss: 0.0740 accuracy: 0.9896 val_loss: 0.2407 val_accuracy: 0.9541
Epoch: 66 loss: 0.0704 accuracy: 0.9910 val_loss: 0.2436 val_accuracy: 0.9518
Epoch: 67 loss: 0.0714 accuracy: 0.9903 val_loss: 0.2398 val_accuracy: 0.9534

Epoch 00067: ReduceLROnPlateau reducing learning rate to 2.6214399258606137e-05.
End of augmented training
Finish
Job ended!
