Sat 04 May 2024 10:27:15 AM EDT
Python 3.9.7
nvcc: NVIDIA (R) Cuda compiler driver
Copyright (c) 2005-2019 NVIDIA Corporation
Built on Sun_Jul_28_19:07:16_PDT_2019
Cuda compilation tools, release 10.1, V10.1.243
My SLURM_ARRAY_TASK_ID: 
DB: ['ISIC2016', 'ISIC2017', 'ISIC2018', 'ISIC2019']
IMG_SIZE: [384, 384]
CLASSIFIER: DenseNet169
JOB_INDEX: None
Start training augmented images
Combining...
Combining 1th db out of 4 dbs
Combining 2th db out of 4 dbs
Combining 3th db out of 4 dbs
Combining 4th db out of 4 dbs
Stacking data
Combining complete
Model: "sequential"
_________________________________________________________________
Layer (type)                 Output Shape              Param #   
=================================================================
densenet169 (Functional)     (None, 1664)              12642880  
_________________________________________________________________
dense (Dense)                (None, 512)               852480    
_________________________________________________________________
dropout (Dropout)            (None, 512)               0         
_________________________________________________________________
batch_normalization (BatchNo (None, 512)               2048      
_________________________________________________________________
dense_1 (Dense)              (None, 256)               131328    
_________________________________________________________________
batch_normalization_1 (Batch (None, 256)               1024      
_________________________________________________________________
dense_2 (Dense)              (None, 2)                 514       
=================================================================
Total params: 13,630,274
Trainable params: 985,858
Non-trainable params: 12,644,416
_________________________________________________________________
Fitting ISIC2016+ISIC2017+ISIC2018+ISIC2019_aug_DenseNet169_384h_384w_None model...
model_name: ISIC2016+ISIC2017+ISIC2018+ISIC2019_aug_DenseNet169_384h_384w_None
Epoch: 1 loss: 0.8299 accuracy: 0.8026 val_loss: 0.7485 val_accuracy: 0.8224
Epoch: 2 loss: 0.6417 accuracy: 0.8580 val_loss: 0.6671 val_accuracy: 0.8397
Epoch: 3 loss: 0.5853 accuracy: 0.8732 val_loss: 0.6263 val_accuracy: 0.8528
Epoch: 4 loss: 0.5321 accuracy: 0.8883 val_loss: 0.6138 val_accuracy: 0.8463
Epoch: 5 loss: 0.4976 accuracy: 0.8988 val_loss: 0.5608 val_accuracy: 0.8696
Epoch: 6 loss: 0.4657 accuracy: 0.9062 val_loss: 0.5477 val_accuracy: 0.8712
Epoch: 7 loss: 0.4394 accuracy: 0.9123 val_loss: 0.5422 val_accuracy: 0.8691
Epoch: 8 loss: 0.4109 accuracy: 0.9200 val_loss: 0.4831 val_accuracy: 0.8909
Epoch: 9 loss: 0.3856 accuracy: 0.9259 val_loss: 0.4826 val_accuracy: 0.8839
Epoch: 10 loss: 0.3666 accuracy: 0.9286 val_loss: 0.4771 val_accuracy: 0.8852
Epoch: 11 loss: 0.3498 accuracy: 0.9329 val_loss: 0.4580 val_accuracy: 0.8886
Epoch: 12 loss: 0.3317 accuracy: 0.9371 val_loss: 0.4658 val_accuracy: 0.8778
Epoch: 13 loss: 0.3106 accuracy: 0.9449 val_loss: 0.4514 val_accuracy: 0.8837
Epoch: 14 loss: 0.3076 accuracy: 0.9421 val_loss: 0.4329 val_accuracy: 0.8941
Epoch: 15 loss: 0.2897 accuracy: 0.9478 val_loss: 0.4419 val_accuracy: 0.8859
Epoch: 16 loss: 0.2783 accuracy: 0.9508 val_loss: 0.4124 val_accuracy: 0.8975
Epoch: 17 loss: 0.2696 accuracy: 0.9510 val_loss: 0.4214 val_accuracy: 0.8948
Epoch: 18 loss: 0.2574 accuracy: 0.9535 val_loss: 0.4198 val_accuracy: 0.8952
Epoch: 19 loss: 0.2504 accuracy: 0.9560 val_loss: 0.4053 val_accuracy: 0.9014
Epoch: 20 loss: 0.2409 accuracy: 0.9578 val_loss: 0.3832 val_accuracy: 0.9002
Epoch: 21 loss: 0.2348 accuracy: 0.9583 val_loss: 0.4051 val_accuracy: 0.8987
Epoch: 22 loss: 0.2346 accuracy: 0.9571 val_loss: 0.3856 val_accuracy: 0.9089
Epoch: 23 loss: 0.2235 accuracy: 0.9605 val_loss: 0.3695 val_accuracy: 0.9077
Epoch: 24 loss: 0.2154 accuracy: 0.9626 val_loss: 0.3961 val_accuracy: 0.9016
Epoch: 25 loss: 0.2123 accuracy: 0.9619 val_loss: 0.3884 val_accuracy: 0.9018
Epoch: 26 loss: 0.2071 accuracy: 0.9635 val_loss: 0.3745 val_accuracy: 0.9102
Epoch: 27 loss: 0.2015 accuracy: 0.9645 val_loss: 0.3958 val_accuracy: 0.9007
Epoch: 28 loss: 0.1945 accuracy: 0.9667 val_loss: 0.3642 val_accuracy: 0.9075
Epoch: 29 loss: 0.1968 accuracy: 0.9650 val_loss: 0.3594 val_accuracy: 0.9132
Epoch: 30 loss: 0.1915 accuracy: 0.9664 val_loss: 0.3721 val_accuracy: 0.9073
Epoch: 31 loss: 0.1833 accuracy: 0.9690 val_loss: 0.3727 val_accuracy: 0.9131
Epoch: 32 loss: 0.1842 accuracy: 0.9666 val_loss: 0.3476 val_accuracy: 0.9184
Epoch: 33 loss: 0.1810 accuracy: 0.9681 val_loss: 0.3709 val_accuracy: 0.9107
Epoch: 34 loss: 0.1748 accuracy: 0.9695 val_loss: 0.3662 val_accuracy: 0.9148
Epoch: 35 loss: 0.1744 accuracy: 0.9696 val_loss: 0.3458 val_accuracy: 0.9168
Epoch: 36 loss: 0.1715 accuracy: 0.9694 val_loss: 0.3742 val_accuracy: 0.9030
Epoch: 37 loss: 0.1715 accuracy: 0.9692 val_loss: 0.3765 val_accuracy: 0.9109
Epoch: 38 loss: 0.1725 accuracy: 0.9670 val_loss: 0.3489 val_accuracy: 0.9148
Epoch: 39 loss: 0.1635 accuracy: 0.9708 val_loss: 0.3409 val_accuracy: 0.9197
Epoch: 40 loss: 0.1604 accuracy: 0.9711 val_loss: 0.3812 val_accuracy: 0.9043
Epoch: 41 loss: 0.1616 accuracy: 0.9707 val_loss: 0.3436 val_accuracy: 0.9141
Epoch: 42 loss: 0.1556 accuracy: 0.9726 val_loss: 0.3779 val_accuracy: 0.9023
Epoch: 43 loss: 0.1571 accuracy: 0.9717 val_loss: 0.3525 val_accuracy: 0.9150
Epoch: 44 loss: 0.1567 accuracy: 0.9713 val_loss: 0.3368 val_accuracy: 0.9224
Epoch: 45 loss: 0.1530 accuracy: 0.9720 val_loss: 0.3499 val_accuracy: 0.9109
Epoch: 46 loss: 0.1466 accuracy: 0.9750 val_loss: 0.3341 val_accuracy: 0.9175
Epoch: 47 loss: 0.1439 accuracy: 0.9754 val_loss: 0.3269 val_accuracy: 0.9186
Epoch: 48 loss: 0.1469 accuracy: 0.9736 val_loss: 0.3446 val_accuracy: 0.9140
Epoch: 49 loss: 0.1475 accuracy: 0.9726 val_loss: 0.3691 val_accuracy: 0.9216
Epoch: 50 loss: 0.1448 accuracy: 0.9734 val_loss: 0.3399 val_accuracy: 0.9267
Epoch: 51 loss: 0.1401 accuracy: 0.9740 val_loss: 0.3355 val_accuracy: 0.9184
Epoch: 52 loss: 0.1415 accuracy: 0.9748 val_loss: 0.3344 val_accuracy: 0.9216

Epoch 00052: ReduceLROnPlateau reducing learning rate to 7.999999797903001e-05.
Epoch: 53 loss: 0.1285 accuracy: 0.9796 val_loss: 0.3606 val_accuracy: 0.9233
Epoch: 54 loss: 0.1281 accuracy: 0.9795 val_loss: 0.3184 val_accuracy: 0.9336
Epoch: 55 loss: 0.1203 accuracy: 0.9817 val_loss: 0.3273 val_accuracy: 0.9283
Epoch: 56 loss: 0.1216 accuracy: 0.9812 val_loss: 0.3264 val_accuracy: 0.9295
Epoch: 57 loss: 0.1191 accuracy: 0.9816 val_loss: 0.3236 val_accuracy: 0.9272
Epoch: 58 loss: 0.1171 accuracy: 0.9825 val_loss: 0.3390 val_accuracy: 0.9222
Epoch: 59 loss: 0.1186 accuracy: 0.9810 val_loss: 0.3239 val_accuracy: 0.9317

Epoch 00059: ReduceLROnPlateau reducing learning rate to 6.399999838322402e-05.
Epoch: 60 loss: 0.1094 accuracy: 0.9843 val_loss: 0.3270 val_accuracy: 0.9299
Epoch: 61 loss: 0.1056 accuracy: 0.9858 val_loss: 0.3096 val_accuracy: 0.9308
Epoch: 62 loss: 0.1039 accuracy: 0.9861 val_loss: 0.3405 val_accuracy: 0.9231
Epoch: 63 loss: 0.1032 accuracy: 0.9872 val_loss: 0.3142 val_accuracy: 0.9352
Epoch: 64 loss: 0.1033 accuracy: 0.9859 val_loss: 0.3243 val_accuracy: 0.9297
Epoch: 65 loss: 0.1024 accuracy: 0.9862 val_loss: 0.3398 val_accuracy: 0.9272
Epoch: 66 loss: 0.0997 accuracy: 0.9869 val_loss: 0.3318 val_accuracy: 0.9335

Epoch 00066: ReduceLROnPlateau reducing learning rate to 5.119999987073243e-05.
Epoch: 67 loss: 0.0945 accuracy: 0.9892 val_loss: 0.3143 val_accuracy: 0.9365
Epoch: 68 loss: 0.0953 accuracy: 0.9881 val_loss: 0.3247 val_accuracy: 0.9360
Epoch: 69 loss: 0.0913 accuracy: 0.9896 val_loss: 0.3366 val_accuracy: 0.9335
Epoch: 70 loss: 0.0916 accuracy: 0.9893 val_loss: 0.3255 val_accuracy: 0.9363
Epoch: 71 loss: 0.0910 accuracy: 0.9889 val_loss: 0.3315 val_accuracy: 0.9326

Epoch 00071: ReduceLROnPlateau reducing learning rate to 4.0960000478662555e-05.
End of augmented training
Finish
Job ended!
