DB: ['ISIC2018', 'ISIC2019']
CLASSIFIER: Densenet169
JOB_INDEX: None
Start training ISIC2018+ISIC2019_Densenet169
Combining...
Combining 1th db out of 2 dbs
Combining 2th db out of 2 dbs
Stacking data
Combining complete
Epoch 0/33
----------
Train Loss: 0.5028 Acc: 0.7462
Val Loss: 0.4252 Acc: 0.7817

Epoch 1/33
----------
Train Loss: 0.4404 Acc: 0.7858
Val Loss: 0.5377 Acc: 0.7093

Epoch 2/33
----------
Train Loss: 0.4103 Acc: 0.8079
Val Loss: 0.4855 Acc: 0.7449

Epoch 3/33
----------
Train Loss: 0.3800 Acc: 0.8244
Val Loss: 0.3663 Acc: 0.8255

Epoch 4/33
----------
Train Loss: 0.3532 Acc: 0.8374
Val Loss: 0.3875 Acc: 0.8165

Epoch 5/33
----------
Train Loss: 0.3296 Acc: 0.8514
Val Loss: 0.3606 Acc: 0.8276

Epoch 6/33
----------
Train Loss: 0.3176 Acc: 0.8568
Val Loss: 0.4286 Acc: 0.8122

Epoch 7/33
----------
Train Loss: 0.2817 Acc: 0.8793
Val Loss: 0.2884 Acc: 0.8719

Epoch 8/33
----------
Train Loss: 0.2664 Acc: 0.8850
Val Loss: 0.2876 Acc: 0.8745

Epoch 9/33
----------
Train Loss: 0.2541 Acc: 0.8907
Val Loss: 0.2740 Acc: 0.8827

Epoch 10/33
----------
Train Loss: 0.2473 Acc: 0.8952
Val Loss: 0.2865 Acc: 0.8745

Epoch 11/33
----------
Train Loss: 0.2379 Acc: 0.8999
Val Loss: 0.2660 Acc: 0.8833

Epoch 12/33
----------
Train Loss: 0.2333 Acc: 0.9016
Val Loss: 0.2902 Acc: 0.8751

Epoch 13/33
----------
Train Loss: 0.2287 Acc: 0.9042
Val Loss: 0.2609 Acc: 0.8888

Epoch 14/33
----------
Train Loss: 0.2286 Acc: 0.9054
Val Loss: 0.2679 Acc: 0.8833

Epoch 15/33
----------
Train Loss: 0.2259 Acc: 0.9048
Val Loss: 0.2545 Acc: 0.8903

Epoch 16/33
----------
Train Loss: 0.2242 Acc: 0.9052
Val Loss: 0.2560 Acc: 0.8880

Epoch 17/33
----------
Train Loss: 0.2212 Acc: 0.9068
Val Loss: 0.2616 Acc: 0.8859

Epoch 18/33
----------
Train Loss: 0.2247 Acc: 0.9059
Val Loss: 0.2595 Acc: 0.8876

Epoch 19/33
----------
Train Loss: 0.2181 Acc: 0.9066
Val Loss: 0.2527 Acc: 0.8914

Epoch 20/33
----------
Train Loss: 0.2172 Acc: 0.9087
Val Loss: 0.2734 Acc: 0.8823

Epoch 21/33
----------
Train Loss: 0.2224 Acc: 0.9068
Val Loss: 0.2725 Acc: 0.8840

Epoch 22/33
----------
Train Loss: 0.2152 Acc: 0.9096
Val Loss: 0.2549 Acc: 0.8928

Epoch 23/33
----------
Train Loss: 0.2202 Acc: 0.9075
Val Loss: 0.2700 Acc: 0.8827

Epoch 24/33
----------
Train Loss: 0.2202 Acc: 0.9079
Val Loss: 0.2622 Acc: 0.8869

Epoch 25/33
----------
Train Loss: 0.2236 Acc: 0.9057
Val Loss: 0.2847 Acc: 0.8795

Epoch 26/33
----------
Train Loss: 0.2175 Acc: 0.9077
Val Loss: 0.2816 Acc: 0.8791

Epoch 27/33
----------
Train Loss: 0.2139 Acc: 0.9113
Val Loss: 0.2651 Acc: 0.8854

Epoch 28/33
----------
Train Loss: 0.2186 Acc: 0.9080
Val Loss: 0.2648 Acc: 0.8867

Epoch 29/33
----------
Train Loss: 0.2177 Acc: 0.9087
Val Loss: 0.2632 Acc: 0.8856

Epoch 30/33
----------
Train Loss: 0.2202 Acc: 0.9093
Val Loss: 0.2701 Acc: 0.8831

Epoch 31/33
----------
Train Loss: 0.2237 Acc: 0.9066
Val Loss: 0.2640 Acc: 0.8873

Epoch 32/33
----------
Train Loss: 0.2200 Acc: 0.9087
Val Loss: 0.2642 Acc: 0.8844

Epoch 33/33
----------
Train Loss: 0.2237 Acc: 0.9067
Val Loss: 0.2738 Acc: 0.8829

Training complete in 265m 57s
Best val Acc: 0.892776
Finished training ISIC2018+ISIC2019_Densenet169
