Thu 29 Feb 2024 08:03:06 PM EST
Python 3.9.7
nvcc: NVIDIA (R) Cuda compiler driver
Copyright (c) 2005-2019 NVIDIA Corporation
Built on Sun_Jul_28_19:07:16_PDT_2019
Cuda compilation tools, release 10.1, V10.1.243
My SLURM_ARRAY_TASK_ID: 
DB: ['ISIC2016', 'ISIC2017', 'ISIC2018', 'ISIC2019', 'ISIC2020', 'MEDNODE', 'KaggleMB']
IMG_SIZE: [150, 150]
CLASSIFIER: DenseNet169
SELF_AUG: 1
JOB_INDEX: None
Combining...
Combining 1 db out of 7 dbs
Combining 2 db out of 7 dbs
Combining 3 db out of 7 dbs
Combining 4 db out of 7 dbs
Combining 5 db out of 7 dbs
Combining 6 db out of 7 dbs
Combining 7 db out of 7 dbs
Stacking training images
Stacking training labels
Stacking validation images
Stacking validation labels
Model: "sequential"
_________________________________________________________________
Layer (type)                 Output Shape              Param #   
=================================================================
densenet169 (Functional)     (None, 1664)              12642880  
_________________________________________________________________
dense (Dense)                (None, 512)               852480    
_________________________________________________________________
dropout (Dropout)            (None, 512)               0         
_________________________________________________________________
batch_normalization (BatchNo (None, 512)               2048      
_________________________________________________________________
dense_1 (Dense)              (None, 256)               131328    
_________________________________________________________________
dropout_1 (Dropout)          (None, 256)               0         
_________________________________________________________________
batch_normalization_1 (Batch (None, 256)               1024      
_________________________________________________________________
dense_2 (Dense)              (None, 2)                 514       
=================================================================
Total params: 13,630,274
Trainable params: 985,858
Non-trainable params: 12,644,416
_________________________________________________________________
Fitting ISIC2016+ISIC2017+ISIC2018+ISIC2019+ISIC2020+MEDNODE+KaggleMB_aug_DenseNet169_150h_150w_None model...
model_name: ISIC2016+ISIC2017+ISIC2018+ISIC2019+ISIC2020+MEDNODE+KaggleMB_aug_DenseNet169_150h_150w_None
Epoch: 1 loss: 0.4814 accuracy: 0.7820 val_loss: 0.2247 val_accuracy: 0.9152
Epoch: 2 loss: 0.3864 accuracy: 0.8210 val_loss: 0.2102 val_accuracy: 0.9201
Epoch: 3 loss: 0.3601 accuracy: 0.8342 val_loss: 0.2014 val_accuracy: 0.9237
Epoch: 4 loss: 0.3435 accuracy: 0.8427 val_loss: 0.1996 val_accuracy: 0.9241
Epoch: 5 loss: 0.3331 accuracy: 0.8492 val_loss: 0.1925 val_accuracy: 0.9275
Epoch: 6 loss: 0.3234 accuracy: 0.8522 val_loss: 0.1928 val_accuracy: 0.9272
Epoch: 7 loss: 0.3148 accuracy: 0.8582 val_loss: 0.1867 val_accuracy: 0.9314
Epoch: 8 loss: 0.3040 accuracy: 0.8645 val_loss: 0.1856 val_accuracy: 0.9293
Epoch: 9 loss: 0.2946 accuracy: 0.8689 val_loss: 0.1817 val_accuracy: 0.9326
Epoch: 10 loss: 0.2904 accuracy: 0.8699 val_loss: 0.1796 val_accuracy: 0.9360
Epoch: 11 loss: 0.2809 accuracy: 0.8746 val_loss: 0.1797 val_accuracy: 0.9347
Epoch: 12 loss: 0.2748 accuracy: 0.8773 val_loss: 0.1849 val_accuracy: 0.9305
Epoch: 13 loss: 0.2652 accuracy: 0.8830 val_loss: 0.1731 val_accuracy: 0.9365
Epoch: 14 loss: 0.2585 accuracy: 0.8860 val_loss: 0.1819 val_accuracy: 0.9360
Epoch: 15 loss: 0.2550 accuracy: 0.8875 val_loss: 0.1732 val_accuracy: 0.9364
Epoch: 16 loss: 0.2455 accuracy: 0.8931 val_loss: 0.1764 val_accuracy: 0.9370
Epoch: 17 loss: 0.2416 accuracy: 0.8948 val_loss: 0.1720 val_accuracy: 0.9400
Epoch: 18 loss: 0.2349 accuracy: 0.8971 val_loss: 0.1750 val_accuracy: 0.9398
Epoch: 19 loss: 0.2309 accuracy: 0.8991 val_loss: 0.1749 val_accuracy: 0.9397
Epoch: 20 loss: 0.2268 accuracy: 0.9018 val_loss: 0.1740 val_accuracy: 0.9399
Job ended!
