Sat 04 May 2024 10:18:41 AM EDT
Python 3.9.7
nvcc: NVIDIA (R) Cuda compiler driver
Copyright (c) 2005-2019 NVIDIA Corporation
Built on Sun_Jul_28_19:07:16_PDT_2019
Cuda compilation tools, release 10.1, V10.1.243
My SLURM_ARRAY_TASK_ID: 
DB: ['ISIC2016', 'ISIC2017']
IMG_SIZE: [384, 384]
CLASSIFIER: DenseNet169
JOB_INDEX: None
Start training augmented images
Combining...
Combining 1th db out of 2 dbs
Combining 2th db out of 2 dbs
Stacking data
Combining complete
Model: "sequential"
_________________________________________________________________
Layer (type)                 Output Shape              Param #   
=================================================================
densenet169 (Functional)     (None, 1664)              12642880  
_________________________________________________________________
dense (Dense)                (None, 512)               852480    
_________________________________________________________________
dropout (Dropout)            (None, 512)               0         
_________________________________________________________________
batch_normalization (BatchNo (None, 512)               2048      
_________________________________________________________________
dense_1 (Dense)              (None, 256)               131328    
_________________________________________________________________
batch_normalization_1 (Batch (None, 256)               1024      
_________________________________________________________________
dense_2 (Dense)              (None, 2)                 514       
=================================================================
Total params: 13,630,274
Trainable params: 985,858
Non-trainable params: 12,644,416
_________________________________________________________________
Fitting ISIC2016+ISIC2017_aug_DenseNet169_384h_384w_None model...
model_name: ISIC2016+ISIC2017_aug_DenseNet169_384h_384w_None
Epoch: 1 loss: 1.2293 accuracy: 0.6635 val_loss: 1.0348 val_accuracy: 0.7788
Epoch: 2 loss: 0.9435 accuracy: 0.7863 val_loss: 0.9995 val_accuracy: 0.7515
Epoch: 3 loss: 0.8378 accuracy: 0.8250 val_loss: 0.9472 val_accuracy: 0.7455
Epoch: 4 loss: 0.7549 accuracy: 0.8522 val_loss: 0.8659 val_accuracy: 0.7848
Epoch: 5 loss: 0.6868 accuracy: 0.8832 val_loss: 0.8479 val_accuracy: 0.7939
Epoch: 6 loss: 0.6448 accuracy: 0.8882 val_loss: 0.7800 val_accuracy: 0.8212
Epoch: 7 loss: 0.6098 accuracy: 0.9012 val_loss: 0.7298 val_accuracy: 0.8515
Epoch: 8 loss: 0.5678 accuracy: 0.9209 val_loss: 0.6948 val_accuracy: 0.8727
Epoch: 9 loss: 0.5339 accuracy: 0.9339 val_loss: 0.6743 val_accuracy: 0.8667
Epoch: 10 loss: 0.5104 accuracy: 0.9399 val_loss: 0.6750 val_accuracy: 0.8515
Epoch: 11 loss: 0.4907 accuracy: 0.9459 val_loss: 0.6690 val_accuracy: 0.8727
Epoch: 12 loss: 0.4790 accuracy: 0.9529 val_loss: 0.6761 val_accuracy: 0.8394
Epoch: 13 loss: 0.4733 accuracy: 0.9442 val_loss: 0.6412 val_accuracy: 0.8788
Epoch: 14 loss: 0.4539 accuracy: 0.9577 val_loss: 0.6429 val_accuracy: 0.8848
Epoch: 15 loss: 0.4352 accuracy: 0.9656 val_loss: 0.6355 val_accuracy: 0.8758
Epoch: 16 loss: 0.4229 accuracy: 0.9712 val_loss: 0.6604 val_accuracy: 0.8788
Epoch: 17 loss: 0.4229 accuracy: 0.9668 val_loss: 0.6305 val_accuracy: 0.8879
Epoch: 18 loss: 0.4015 accuracy: 0.9743 val_loss: 0.6312 val_accuracy: 0.8909
Epoch: 19 loss: 0.3950 accuracy: 0.9762 val_loss: 0.6448 val_accuracy: 0.8758
Epoch: 20 loss: 0.3866 accuracy: 0.9767 val_loss: 0.6530 val_accuracy: 0.8848
Epoch: 21 loss: 0.3809 accuracy: 0.9791 val_loss: 0.6466 val_accuracy: 0.8727
Epoch: 22 loss: 0.3695 accuracy: 0.9841 val_loss: 0.6363 val_accuracy: 0.8818

Epoch 00022: ReduceLROnPlateau reducing learning rate to 7.999999797903001e-05.
Epoch: 23 loss: 0.3606 accuracy: 0.9858 val_loss: 0.6758 val_accuracy: 0.8879
Epoch: 24 loss: 0.3571 accuracy: 0.9846 val_loss: 0.6252 val_accuracy: 0.8758
Epoch: 25 loss: 0.3536 accuracy: 0.9834 val_loss: 0.6272 val_accuracy: 0.8879
Epoch: 26 loss: 0.3497 accuracy: 0.9839 val_loss: 0.6493 val_accuracy: 0.8848
Epoch: 27 loss: 0.3363 accuracy: 0.9887 val_loss: 0.6073 val_accuracy: 0.8939
Epoch: 28 loss: 0.3390 accuracy: 0.9880 val_loss: 0.6263 val_accuracy: 0.8939
Epoch: 29 loss: 0.3276 accuracy: 0.9921 val_loss: 0.6318 val_accuracy: 0.8697
Epoch: 30 loss: 0.3313 accuracy: 0.9889 val_loss: 0.6383 val_accuracy: 0.8758
Epoch: 31 loss: 0.3310 accuracy: 0.9877 val_loss: 0.6640 val_accuracy: 0.8909
Epoch: 32 loss: 0.3297 accuracy: 0.9877 val_loss: 0.6606 val_accuracy: 0.8879

Epoch 00032: ReduceLROnPlateau reducing learning rate to 6.399999838322402e-05.
Epoch: 33 loss: 0.3130 accuracy: 0.9930 val_loss: 0.6321 val_accuracy: 0.8788
Epoch: 34 loss: 0.3136 accuracy: 0.9928 val_loss: 0.6365 val_accuracy: 0.8939
Epoch: 35 loss: 0.3116 accuracy: 0.9928 val_loss: 0.6658 val_accuracy: 0.8848
Epoch: 36 loss: 0.3030 accuracy: 0.9947 val_loss: 0.6445 val_accuracy: 0.8788
Epoch: 37 loss: 0.3021 accuracy: 0.9937 val_loss: 0.6485 val_accuracy: 0.8879

Epoch 00037: ReduceLROnPlateau reducing learning rate to 5.119999987073243e-05.
End of augmented training
Finish
Job ended!
