Fri 01 Mar 2024 12:33:13 AM EST
Python 3.9.7
nvcc: NVIDIA (R) Cuda compiler driver
Copyright (c) 2005-2019 NVIDIA Corporation
Built on Sun_Jul_28_19:07:16_PDT_2019
Cuda compilation tools, release 10.1, V10.1.243
My SLURM_ARRAY_TASK_ID: 
DB: ['ISIC2016', 'PH2', '_7_point_criteria']
IMG_SIZE: [150, 150]
CLASSIFIER: DenseNet169
SELF_AUG: 1
JOB_INDEX: None
Combining...
Combining 1 db out of 3 dbs
Combining 2 db out of 3 dbs
Combining 3 db out of 3 dbs
Stacking training images
Stacking training labels
Stacking validation images
Stacking validation labels
Model: "sequential"
_________________________________________________________________
Layer (type)                 Output Shape              Param #   
=================================================================
densenet169 (Functional)     (None, 1664)              12642880  
_________________________________________________________________
dense (Dense)                (None, 512)               852480    
_________________________________________________________________
dropout (Dropout)            (None, 512)               0         
_________________________________________________________________
batch_normalization (BatchNo (None, 512)               2048      
_________________________________________________________________
dense_1 (Dense)              (None, 256)               131328    
_________________________________________________________________
dropout_1 (Dropout)          (None, 256)               0         
_________________________________________________________________
batch_normalization_1 (Batch (None, 256)               1024      
_________________________________________________________________
dense_2 (Dense)              (None, 2)                 514       
=================================================================
Total params: 13,630,274
Trainable params: 985,858
Non-trainable params: 12,644,416
_________________________________________________________________
Fitting ISIC2016+PH2+_7_point_criteria_aug_DenseNet169_150h_150w_None model...
model_name: ISIC2016+PH2+_7_point_criteria_aug_DenseNet169_150h_150w_None
Epoch: 1 loss: 0.8355 accuracy: 0.6311 val_loss: 0.5503 val_accuracy: 0.7520
Epoch: 2 loss: 0.6194 accuracy: 0.7148 val_loss: 0.5476 val_accuracy: 0.7728
Epoch: 3 loss: 0.5334 accuracy: 0.7536 val_loss: 0.5491 val_accuracy: 0.7572
Epoch: 4 loss: 0.4957 accuracy: 0.7722 val_loss: 0.5569 val_accuracy: 0.7624
Epoch: 5 loss: 0.4305 accuracy: 0.8019 val_loss: 0.5527 val_accuracy: 0.7807
Epoch: 6 loss: 0.3930 accuracy: 0.8263 val_loss: 0.5634 val_accuracy: 0.7859
Epoch: 7 loss: 0.3761 accuracy: 0.8268 val_loss: 0.5807 val_accuracy: 0.7728
Epoch: 8 loss: 0.3401 accuracy: 0.8459 val_loss: 0.5817 val_accuracy: 0.7728
Epoch: 9 loss: 0.3154 accuracy: 0.8689 val_loss: 0.5777 val_accuracy: 0.7546
Epoch: 10 loss: 0.2821 accuracy: 0.8804 val_loss: 0.5883 val_accuracy: 0.7885
Epoch: 11 loss: 0.2738 accuracy: 0.8799 val_loss: 0.5988 val_accuracy: 0.7833
Epoch: 12 loss: 0.2477 accuracy: 0.9053 val_loss: 0.6010 val_accuracy: 0.7911
Epoch: 13 loss: 0.2267 accuracy: 0.9153 val_loss: 0.6222 val_accuracy: 0.7859
Epoch: 14 loss: 0.2182 accuracy: 0.9120 val_loss: 0.6391 val_accuracy: 0.7781
Epoch: 15 loss: 0.2114 accuracy: 0.9230 val_loss: 0.6569 val_accuracy: 0.7833
Epoch: 16 loss: 0.1815 accuracy: 0.9282 val_loss: 0.6445 val_accuracy: 0.7650
Epoch: 17 loss: 0.1792 accuracy: 0.9292 val_loss: 0.6613 val_accuracy: 0.7702
Epoch: 18 loss: 0.1676 accuracy: 0.9421 val_loss: 0.6509 val_accuracy: 0.7728
Epoch: 19 loss: 0.1367 accuracy: 0.9565 val_loss: 0.6642 val_accuracy: 0.7546
Epoch: 20 loss: 0.1482 accuracy: 0.9459 val_loss: 0.7115 val_accuracy: 0.7833
Job ended!
