Sun 05 May 2024 01:13:49 AM EDT
Python 3.9.7
nvcc: NVIDIA (R) Cuda compiler driver
Copyright (c) 2005-2019 NVIDIA Corporation
Built on Sun_Jul_28_19:07:16_PDT_2019
Cuda compilation tools, release 10.1, V10.1.243
My SLURM_ARRAY_TASK_ID: 
DB: ['ISIC2018']
IMG_SIZE: [384, 384]
CLASSIFIER: DenseNet169
JOB_INDEX: None
Start training augmented images
Combining...
Combining 1th db out of 1 dbs
Stacking data
Combining complete
Model: "sequential"
_________________________________________________________________
Layer (type)                 Output Shape              Param #   
=================================================================
densenet169 (Functional)     (None, 1664)              12642880  
_________________________________________________________________
dense (Dense)                (None, 512)               852480    
_________________________________________________________________
dropout (Dropout)            (None, 512)               0         
_________________________________________________________________
batch_normalization (BatchNo (None, 512)               2048      
_________________________________________________________________
dense_1 (Dense)              (None, 256)               131328    
_________________________________________________________________
batch_normalization_1 (Batch (None, 256)               1024      
_________________________________________________________________
dense_2 (Dense)              (None, 2)                 514       
=================================================================
Total params: 13,630,274
Trainable params: 985,858
Non-trainable params: 12,644,416
_________________________________________________________________
Fitting ISIC2018_aug_DenseNet169_384h_384w_None model...
model_name: ISIC2018_aug_DenseNet169_384h_384w_None
Epoch: 1 loss: 0.9985 accuracy: 0.7733 val_loss: 0.7765 val_accuracy: 0.8653
Epoch: 2 loss: 0.7349 accuracy: 0.8529 val_loss: 0.6777 val_accuracy: 0.8756
Epoch: 3 loss: 0.6368 accuracy: 0.8773 val_loss: 0.5929 val_accuracy: 0.9119
Epoch: 4 loss: 0.5847 accuracy: 0.8962 val_loss: 0.6023 val_accuracy: 0.8756
Epoch: 5 loss: 0.5490 accuracy: 0.9071 val_loss: 0.5703 val_accuracy: 0.8860
Epoch: 6 loss: 0.5142 accuracy: 0.9200 val_loss: 0.6021 val_accuracy: 0.8860
Epoch: 7 loss: 0.4871 accuracy: 0.9277 val_loss: 0.5143 val_accuracy: 0.9016
Epoch: 8 loss: 0.4655 accuracy: 0.9342 val_loss: 0.5293 val_accuracy: 0.8964
Epoch: 9 loss: 0.4555 accuracy: 0.9350 val_loss: 0.4894 val_accuracy: 0.9119
Epoch: 10 loss: 0.4268 accuracy: 0.9428 val_loss: 0.5062 val_accuracy: 0.9171
Epoch: 11 loss: 0.4066 accuracy: 0.9511 val_loss: 0.4970 val_accuracy: 0.8964
Epoch: 12 loss: 0.3934 accuracy: 0.9537 val_loss: 0.5367 val_accuracy: 0.9067
Epoch: 13 loss: 0.3823 accuracy: 0.9574 val_loss: 0.4684 val_accuracy: 0.9171
Epoch: 14 loss: 0.3645 accuracy: 0.9604 val_loss: 0.5688 val_accuracy: 0.8964
Epoch: 15 loss: 0.3578 accuracy: 0.9608 val_loss: 0.4845 val_accuracy: 0.9275
Epoch: 16 loss: 0.3542 accuracy: 0.9590 val_loss: 0.4544 val_accuracy: 0.9171
Epoch: 17 loss: 0.3418 accuracy: 0.9623 val_loss: 0.4987 val_accuracy: 0.9067
Epoch: 18 loss: 0.3304 accuracy: 0.9670 val_loss: 0.4961 val_accuracy: 0.9119
Epoch: 19 loss: 0.3170 accuracy: 0.9705 val_loss: 0.4431 val_accuracy: 0.9119
Epoch: 20 loss: 0.3054 accuracy: 0.9724 val_loss: 0.5152 val_accuracy: 0.9016
Epoch: 21 loss: 0.2947 accuracy: 0.9757 val_loss: 0.5024 val_accuracy: 0.9171
Epoch: 22 loss: 0.2956 accuracy: 0.9731 val_loss: 0.4684 val_accuracy: 0.9275
Epoch: 23 loss: 0.2830 accuracy: 0.9765 val_loss: 0.4318 val_accuracy: 0.9119
Epoch: 24 loss: 0.2799 accuracy: 0.9754 val_loss: 0.4966 val_accuracy: 0.9119
Epoch: 25 loss: 0.2743 accuracy: 0.9758 val_loss: 0.4826 val_accuracy: 0.9119
Epoch: 26 loss: 0.2738 accuracy: 0.9757 val_loss: 0.4523 val_accuracy: 0.9067
Epoch: 27 loss: 0.2635 accuracy: 0.9771 val_loss: 0.4839 val_accuracy: 0.9016
Epoch: 28 loss: 0.2545 accuracy: 0.9798 val_loss: 0.4909 val_accuracy: 0.9016

Epoch 00028: ReduceLROnPlateau reducing learning rate to 7.999999797903001e-05.
Epoch: 29 loss: 0.2453 accuracy: 0.9825 val_loss: 0.4361 val_accuracy: 0.9171
Epoch: 30 loss: 0.2393 accuracy: 0.9825 val_loss: 0.5039 val_accuracy: 0.8912
Epoch: 31 loss: 0.2305 accuracy: 0.9855 val_loss: 0.4517 val_accuracy: 0.9119
Epoch: 32 loss: 0.2232 accuracy: 0.9870 val_loss: 0.4303 val_accuracy: 0.9171
Epoch: 33 loss: 0.2183 accuracy: 0.9877 val_loss: 0.4720 val_accuracy: 0.8964
Epoch: 34 loss: 0.2204 accuracy: 0.9858 val_loss: 0.4484 val_accuracy: 0.9067
Epoch: 35 loss: 0.2135 accuracy: 0.9879 val_loss: 0.4333 val_accuracy: 0.9171
Epoch: 36 loss: 0.2056 accuracy: 0.9895 val_loss: 0.5170 val_accuracy: 0.9171
Epoch: 37 loss: 0.2079 accuracy: 0.9866 val_loss: 0.4563 val_accuracy: 0.9326

Epoch 00037: ReduceLROnPlateau reducing learning rate to 6.399999838322402e-05.
Epoch: 38 loss: 0.1990 accuracy: 0.9896 val_loss: 0.4464 val_accuracy: 0.9275
Epoch: 39 loss: 0.1947 accuracy: 0.9907 val_loss: 0.4976 val_accuracy: 0.9119
Epoch: 40 loss: 0.1968 accuracy: 0.9877 val_loss: 0.4500 val_accuracy: 0.9275
Epoch: 41 loss: 0.1830 accuracy: 0.9930 val_loss: 0.4515 val_accuracy: 0.9067
Epoch: 42 loss: 0.1860 accuracy: 0.9911 val_loss: 0.5341 val_accuracy: 0.9067

Epoch 00042: ReduceLROnPlateau reducing learning rate to 5.119999987073243e-05.
End of augmented training
Finish
Job ended!
