Fri 01 Mar 2024 12:29:01 AM EST
Python 3.9.7
nvcc: NVIDIA (R) Cuda compiler driver
Copyright (c) 2005-2019 NVIDIA Corporation
Built on Sun_Jul_28_19:07:16_PDT_2019
Cuda compilation tools, release 10.1, V10.1.243
My SLURM_ARRAY_TASK_ID: 
DB: ['ISIC2016', 'MEDNODE']
IMG_SIZE: [150, 150]
CLASSIFIER: DenseNet169
SELF_AUG: 1
JOB_INDEX: None
Combining...
Combining 1 db out of 2 dbs
Combining 2 db out of 2 dbs
Stacking training images
Stacking training labels
Stacking validation images
Stacking validation labels
Model: "sequential"
_________________________________________________________________
Layer (type)                 Output Shape              Param #   
=================================================================
densenet169 (Functional)     (None, 1664)              12642880  
_________________________________________________________________
dense (Dense)                (None, 512)               852480    
_________________________________________________________________
dropout (Dropout)            (None, 512)               0         
_________________________________________________________________
batch_normalization (BatchNo (None, 512)               2048      
_________________________________________________________________
dense_1 (Dense)              (None, 256)               131328    
_________________________________________________________________
dropout_1 (Dropout)          (None, 256)               0         
_________________________________________________________________
batch_normalization_1 (Batch (None, 256)               1024      
_________________________________________________________________
dense_2 (Dense)              (None, 2)                 514       
=================================================================
Total params: 13,630,274
Trainable params: 985,858
Non-trainable params: 12,644,416
_________________________________________________________________
Fitting ISIC2016+MEDNODE_aug_DenseNet169_150h_150w_None model...
model_name: ISIC2016+MEDNODE_aug_DenseNet169_150h_150w_None
Epoch: 1 loss: 0.8456 accuracy: 0.6333 val_loss: 0.5633 val_accuracy: 0.7804
Epoch: 2 loss: 0.6381 accuracy: 0.7168 val_loss: 0.5271 val_accuracy: 0.7850
Epoch: 3 loss: 0.5484 accuracy: 0.7393 val_loss: 0.4779 val_accuracy: 0.7897
Epoch: 4 loss: 0.4884 accuracy: 0.7640 val_loss: 0.4743 val_accuracy: 0.7804
Epoch: 5 loss: 0.4672 accuracy: 0.8010 val_loss: 0.5072 val_accuracy: 0.7850
Epoch: 6 loss: 0.4057 accuracy: 0.8083 val_loss: 0.5099 val_accuracy: 0.7944
Epoch: 7 loss: 0.3777 accuracy: 0.8381 val_loss: 0.5006 val_accuracy: 0.7991
Epoch: 8 loss: 0.3468 accuracy: 0.8540 val_loss: 0.4917 val_accuracy: 0.8037
Epoch: 9 loss: 0.3379 accuracy: 0.8577 val_loss: 0.4834 val_accuracy: 0.7944
Epoch: 10 loss: 0.3056 accuracy: 0.8664 val_loss: 0.5002 val_accuracy: 0.7897
Epoch: 11 loss: 0.2910 accuracy: 0.8794 val_loss: 0.5259 val_accuracy: 0.7897
Epoch: 12 loss: 0.2660 accuracy: 0.8853 val_loss: 0.5460 val_accuracy: 0.7897
Epoch: 13 loss: 0.2393 accuracy: 0.8976 val_loss: 0.5399 val_accuracy: 0.7664
Epoch: 14 loss: 0.2159 accuracy: 0.9136 val_loss: 0.5438 val_accuracy: 0.7944
Epoch: 15 loss: 0.2174 accuracy: 0.9172 val_loss: 0.5582 val_accuracy: 0.7850
Epoch: 16 loss: 0.1956 accuracy: 0.9172 val_loss: 0.5827 val_accuracy: 0.7944
Epoch: 17 loss: 0.1720 accuracy: 0.9419 val_loss: 0.5698 val_accuracy: 0.7804
Epoch: 18 loss: 0.1827 accuracy: 0.9223 val_loss: 0.5849 val_accuracy: 0.7944
Epoch: 19 loss: 0.1550 accuracy: 0.9434 val_loss: 0.5867 val_accuracy: 0.8037
Epoch: 20 loss: 0.1299 accuracy: 0.9593 val_loss: 0.5944 val_accuracy: 0.7944
Job ended!
