Fri 01 Mar 2024 12:28:24 AM EST
Python 3.9.7
nvcc: NVIDIA (R) Cuda compiler driver
Copyright (c) 2005-2019 NVIDIA Corporation
Built on Sun_Jul_28_19:07:16_PDT_2019
Cuda compilation tools, release 10.1, V10.1.243
My SLURM_ARRAY_TASK_ID: 
DB: ['ISIC2016', 'KaggleMB']
IMG_SIZE: [150, 150]
CLASSIFIER: DenseNet169
SELF_AUG: 1
JOB_INDEX: None
Combining...
Combining 1 db out of 2 dbs
Combining 2 db out of 2 dbs
Stacking training images
Stacking training labels
Stacking validation images
Stacking validation labels
Model: "sequential"
_________________________________________________________________
Layer (type)                 Output Shape              Param #   
=================================================================
densenet169 (Functional)     (None, 1664)              12642880  
_________________________________________________________________
dense (Dense)                (None, 512)               852480    
_________________________________________________________________
dropout (Dropout)            (None, 512)               0         
_________________________________________________________________
batch_normalization (BatchNo (None, 512)               2048      
_________________________________________________________________
dense_1 (Dense)              (None, 256)               131328    
_________________________________________________________________
dropout_1 (Dropout)          (None, 256)               0         
_________________________________________________________________
batch_normalization_1 (Batch (None, 256)               1024      
_________________________________________________________________
dense_2 (Dense)              (None, 2)                 514       
=================================================================
Total params: 13,630,274
Trainable params: 985,858
Non-trainable params: 12,644,416
_________________________________________________________________
Fitting ISIC2016+KaggleMB_aug_DenseNet169_150h_150w_None model...
model_name: ISIC2016+KaggleMB_aug_DenseNet169_150h_150w_None
Epoch: 1 loss: 0.7038 accuracy: 0.6901 val_loss: 0.4580 val_accuracy: 0.7895
Epoch: 2 loss: 0.5097 accuracy: 0.7788 val_loss: 0.4285 val_accuracy: 0.8136
Epoch: 3 loss: 0.4476 accuracy: 0.8102 val_loss: 0.4224 val_accuracy: 0.8263
Epoch: 4 loss: 0.4046 accuracy: 0.8206 val_loss: 0.4509 val_accuracy: 0.7966
Epoch: 5 loss: 0.3713 accuracy: 0.8377 val_loss: 0.4374 val_accuracy: 0.8234
Epoch: 6 loss: 0.3355 accuracy: 0.8571 val_loss: 0.4203 val_accuracy: 0.8263
Epoch: 7 loss: 0.3104 accuracy: 0.8643 val_loss: 0.4078 val_accuracy: 0.8234
Epoch: 8 loss: 0.2779 accuracy: 0.8778 val_loss: 0.4330 val_accuracy: 0.8220
Epoch: 9 loss: 0.2743 accuracy: 0.8793 val_loss: 0.3983 val_accuracy: 0.8305
Epoch: 10 loss: 0.2504 accuracy: 0.8914 val_loss: 0.4280 val_accuracy: 0.8220
Epoch: 11 loss: 0.2497 accuracy: 0.8897 val_loss: 0.4159 val_accuracy: 0.8362
Epoch: 12 loss: 0.2175 accuracy: 0.9098 val_loss: 0.4260 val_accuracy: 0.8347
Epoch: 13 loss: 0.2017 accuracy: 0.9192 val_loss: 0.4162 val_accuracy: 0.8376
Epoch: 14 loss: 0.1817 accuracy: 0.9241 val_loss: 0.4430 val_accuracy: 0.8333
Epoch: 15 loss: 0.1777 accuracy: 0.9245 val_loss: 0.4484 val_accuracy: 0.8263
Epoch: 16 loss: 0.1573 accuracy: 0.9366 val_loss: 0.4446 val_accuracy: 0.8333
Epoch: 17 loss: 0.1504 accuracy: 0.9396 val_loss: 0.4541 val_accuracy: 0.8178
Epoch: 18 loss: 0.1300 accuracy: 0.9454 val_loss: 0.4680 val_accuracy: 0.8291
Epoch: 19 loss: 0.1355 accuracy: 0.9433 val_loss: 0.4662 val_accuracy: 0.8234
Epoch: 20 loss: 0.1243 accuracy: 0.9520 val_loss: 0.4705 val_accuracy: 0.8305
Job ended!
