Thu 29 Feb 2024 07:31:34 PM EST
Python 3.9.7
nvcc: NVIDIA (R) Cuda compiler driver
Copyright (c) 2005-2019 NVIDIA Corporation
Built on Sun_Jul_28_19:07:16_PDT_2019
Cuda compilation tools, release 10.1, V10.1.243
My SLURM_ARRAY_TASK_ID: 
DB: ['ISIC2016', '_7_point_criteria']
IMG_SIZE: [150, 150]
CLASSIFIER: DenseNet169
SELF_AUG: 1
JOB_INDEX: None
Combining...
Combining 1 db out of 2 dbs
Combining 2 db out of 2 dbs
Stacking training images
Stacking training labels
Stacking validation images
Stacking validation labels
Model: "sequential"
_________________________________________________________________
Layer (type)                 Output Shape              Param #   
=================================================================
densenet169 (Functional)     (None, 1664)              12642880  
_________________________________________________________________
dense (Dense)                (None, 512)               852480    
_________________________________________________________________
dropout (Dropout)            (None, 512)               0         
_________________________________________________________________
batch_normalization (BatchNo (None, 512)               2048      
_________________________________________________________________
dense_1 (Dense)              (None, 256)               131328    
_________________________________________________________________
dropout_1 (Dropout)          (None, 256)               0         
_________________________________________________________________
batch_normalization_1 (Batch (None, 256)               1024      
_________________________________________________________________
dense_2 (Dense)              (None, 2)                 514       
=================================================================
Total params: 13,630,274
Trainable params: 985,858
Non-trainable params: 12,644,416
_________________________________________________________________
Fitting ISIC2016+_7_point_criteria_aug_DenseNet169_150h_150w_None model...
model_name: ISIC2016+_7_point_criteria_aug_DenseNet169_150h_150w_None
Epoch: 1 loss: 0.8004 accuracy: 0.6428 val_loss: 0.5664 val_accuracy: 0.7389
Epoch: 2 loss: 0.6522 accuracy: 0.7088 val_loss: 0.5583 val_accuracy: 0.7676
Epoch: 3 loss: 0.5600 accuracy: 0.7329 val_loss: 0.5460 val_accuracy: 0.7650
Epoch: 4 loss: 0.5033 accuracy: 0.7609 val_loss: 0.5429 val_accuracy: 0.7624
Epoch: 5 loss: 0.4184 accuracy: 0.8180 val_loss: 0.5493 val_accuracy: 0.7650
Epoch: 6 loss: 0.4248 accuracy: 0.8113 val_loss: 0.5489 val_accuracy: 0.7598
Epoch: 7 loss: 0.4088 accuracy: 0.8231 val_loss: 0.5546 val_accuracy: 0.7755
Epoch: 8 loss: 0.3747 accuracy: 0.8410 val_loss: 0.5591 val_accuracy: 0.7572
Epoch: 9 loss: 0.3364 accuracy: 0.8644 val_loss: 0.5887 val_accuracy: 0.7781
Epoch: 10 loss: 0.2921 accuracy: 0.8774 val_loss: 0.5888 val_accuracy: 0.7728
Epoch: 11 loss: 0.2892 accuracy: 0.8735 val_loss: 0.5924 val_accuracy: 0.7833
Epoch: 12 loss: 0.2818 accuracy: 0.8779 val_loss: 0.6123 val_accuracy: 0.7885
Epoch: 13 loss: 0.2354 accuracy: 0.8987 val_loss: 0.6194 val_accuracy: 0.7755
Epoch: 14 loss: 0.2206 accuracy: 0.9127 val_loss: 0.6180 val_accuracy: 0.7755
Epoch: 15 loss: 0.2099 accuracy: 0.9250 val_loss: 0.6412 val_accuracy: 0.7807
Epoch: 16 loss: 0.1903 accuracy: 0.9222 val_loss: 0.6563 val_accuracy: 0.7807
Epoch: 17 loss: 0.1759 accuracy: 0.9339 val_loss: 0.6455 val_accuracy: 0.7833
Epoch: 18 loss: 0.1520 accuracy: 0.9457 val_loss: 0.6402 val_accuracy: 0.7676
Epoch: 19 loss: 0.1576 accuracy: 0.9434 val_loss: 0.6551 val_accuracy: 0.7676
Epoch: 20 loss: 0.1814 accuracy: 0.9278 val_loss: 0.6613 val_accuracy: 0.7807
Job ended!
