Wed 28 Feb 2024 08:31:10 AM EST
Python 3.9.7
nvcc: NVIDIA (R) Cuda compiler driver
Copyright (c) 2005-2019 NVIDIA Corporation
Built on Sun_Jul_28_19:07:16_PDT_2019
Cuda compilation tools, release 10.1, V10.1.243
My SLURM_ARRAY_TASK_ID: 
DB: ['ISIC2016', 'ISIC2017', 'ISIC2018', 'ISIC2019', 'ISIC2020', 'PAD_UFES_20', 'MEDNODE']
IMG_SIZE: [150, 150]
CLASSIFIER: ResNet50V2
SELF_AUG: 1
JOB_INDEX: None
Combining...
Combining 1 db out of 7 dbs
Combining 2 db out of 7 dbs
Combining 3 db out of 7 dbs
Combining 4 db out of 7 dbs
Combining 5 db out of 7 dbs
Combining 6 db out of 7 dbs
Combining 7 db out of 7 dbs
Stacking training images
Stacking training labels
Stacking validation images
Stacking validation labels
Model: "sequential"
_________________________________________________________________
Layer (type)                 Output Shape              Param #   
=================================================================
resnet50v2 (Functional)      (None, 2048)              23564800  
_________________________________________________________________
dense (Dense)                (None, 512)               1049088   
_________________________________________________________________
dropout (Dropout)            (None, 512)               0         
_________________________________________________________________
batch_normalization (BatchNo (None, 512)               2048      
_________________________________________________________________
dense_1 (Dense)              (None, 256)               131328    
_________________________________________________________________
dropout_1 (Dropout)          (None, 256)               0         
_________________________________________________________________
batch_normalization_1 (Batch (None, 256)               1024      
_________________________________________________________________
dense_2 (Dense)              (None, 2)                 514       
=================================================================
Total params: 24,748,802
Trainable params: 1,182,466
Non-trainable params: 23,566,336
_________________________________________________________________
Fitting ISIC2016+ISIC2017+ISIC2018+ISIC2019+ISIC2020+PAD_UFES_20+MEDNODE_aug_ResNet50V2_150h_150w_None model...
model_name: ISIC2016+ISIC2017+ISIC2018+ISIC2019+ISIC2020+PAD_UFES_20+MEDNODE_aug_ResNet50V2_150h_150w_None
Epoch: 1 loss: 0.5772 accuracy: 0.7100 val_loss: 0.6918 val_accuracy: 0.5102
Epoch: 2 loss: 0.4757 accuracy: 0.7670 val_loss: 0.3521 val_accuracy: 0.8667
Epoch: 3 loss: 0.4499 accuracy: 0.7823 val_loss: 0.3214 val_accuracy: 0.8943
Epoch: 4 loss: 0.4400 accuracy: 0.7887 val_loss: 0.2826 val_accuracy: 0.8972
Epoch: 5 loss: 0.4306 accuracy: 0.7962 val_loss: 0.2914 val_accuracy: 0.9078
Epoch: 6 loss: 0.4238 accuracy: 0.8000 val_loss: 0.2803 val_accuracy: 0.8976
Epoch: 7 loss: 0.4238 accuracy: 0.7995 val_loss: 0.2476 val_accuracy: 0.9156
Epoch: 8 loss: 0.4187 accuracy: 0.8034 val_loss: 0.3828 val_accuracy: 0.8393
Epoch: 9 loss: 0.4144 accuracy: 0.8049 val_loss: 0.2568 val_accuracy: 0.9041
Epoch: 10 loss: 0.4121 accuracy: 0.8073 val_loss: 0.2745 val_accuracy: 0.9032
Epoch: 11 loss: 0.4091 accuracy: 0.8091 val_loss: 0.2414 val_accuracy: 0.9162
Epoch: 12 loss: 0.4088 accuracy: 0.8094 val_loss: 0.2667 val_accuracy: 0.9068
Epoch: 13 loss: 0.4066 accuracy: 0.8097 val_loss: 0.2373 val_accuracy: 0.9160
Epoch: 14 loss: 0.4065 accuracy: 0.8107 val_loss: 0.2842 val_accuracy: 0.9028
Epoch: 15 loss: 0.4047 accuracy: 0.8103 val_loss: 0.2393 val_accuracy: 0.9137
Epoch: 16 loss: 0.4026 accuracy: 0.8120 val_loss: 0.2674 val_accuracy: 0.9106
Epoch: 17 loss: 0.4014 accuracy: 0.8134 val_loss: 0.2190 val_accuracy: 0.9202
Epoch: 18 loss: 0.4008 accuracy: 0.8114 val_loss: 0.2340 val_accuracy: 0.9168
Epoch: 19 loss: 0.3995 accuracy: 0.8135 val_loss: 0.2986 val_accuracy: 0.9015
Epoch: 20 loss: 0.3994 accuracy: 0.8136 val_loss: 0.2316 val_accuracy: 0.9210
Job ended!
