Wed 28 Feb 2024 09:08:38 AM EST
Python 3.9.7
nvcc: NVIDIA (R) Cuda compiler driver
Copyright (c) 2005-2019 NVIDIA Corporation
Built on Sun_Jul_28_19:07:16_PDT_2019
Cuda compilation tools, release 10.1, V10.1.243
My SLURM_ARRAY_TASK_ID: 
DB: ['ISIC2016', 'ISIC2018']
IMG_SIZE: [150, 150]
CLASSIFIER: ResNet50V2
SELF_AUG: 1
JOB_INDEX: None
Combining...
Combining 1 db out of 2 dbs
Combining 2 db out of 2 dbs
Stacking training images
Stacking training labels
Stacking validation images
Stacking validation labels
Model: "sequential"
_________________________________________________________________
Layer (type)                 Output Shape              Param #   
=================================================================
resnet50v2 (Functional)      (None, 2048)              23564800  
_________________________________________________________________
dense (Dense)                (None, 512)               1049088   
_________________________________________________________________
dropout (Dropout)            (None, 512)               0         
_________________________________________________________________
batch_normalization (BatchNo (None, 512)               2048      
_________________________________________________________________
dense_1 (Dense)              (None, 256)               131328    
_________________________________________________________________
dropout_1 (Dropout)          (None, 256)               0         
_________________________________________________________________
batch_normalization_1 (Batch (None, 256)               1024      
_________________________________________________________________
dense_2 (Dense)              (None, 2)                 514       
=================================================================
Total params: 24,748,802
Trainable params: 1,182,466
Non-trainable params: 23,566,336
_________________________________________________________________
Fitting ISIC2016+ISIC2018_aug_ResNet50V2_150h_150w_None model...
model_name: ISIC2016+ISIC2018_aug_ResNet50V2_150h_150w_None
Epoch: 1 loss: 0.6903 accuracy: 0.6605 val_loss: 0.4246 val_accuracy: 0.8472
Epoch: 2 loss: 0.5781 accuracy: 0.7226 val_loss: 0.4159 val_accuracy: 0.8365
Epoch: 3 loss: 0.5347 accuracy: 0.7454 val_loss: 0.3918 val_accuracy: 0.8445
Epoch: 4 loss: 0.5230 accuracy: 0.7478 val_loss: 0.4150 val_accuracy: 0.8499
Epoch: 5 loss: 0.5027 accuracy: 0.7559 val_loss: 0.4360 val_accuracy: 0.8204
Epoch: 6 loss: 0.4797 accuracy: 0.7687 val_loss: 0.4776 val_accuracy: 0.8123
Epoch: 7 loss: 0.4608 accuracy: 0.7796 val_loss: 0.4013 val_accuracy: 0.8391
Epoch: 8 loss: 0.4500 accuracy: 0.7889 val_loss: 0.3879 val_accuracy: 0.8365
Epoch: 9 loss: 0.4421 accuracy: 0.7925 val_loss: 0.3758 val_accuracy: 0.8445
Epoch: 10 loss: 0.4378 accuracy: 0.7979 val_loss: 0.3839 val_accuracy: 0.8365
Epoch: 11 loss: 0.4311 accuracy: 0.8012 val_loss: 0.3924 val_accuracy: 0.8525
Epoch: 12 loss: 0.4316 accuracy: 0.8022 val_loss: 0.3902 val_accuracy: 0.8525
Epoch: 13 loss: 0.4229 accuracy: 0.8079 val_loss: 0.4042 val_accuracy: 0.8338
Epoch: 14 loss: 0.4201 accuracy: 0.8084 val_loss: 0.3980 val_accuracy: 0.8365
Epoch: 15 loss: 0.4191 accuracy: 0.8087 val_loss: 0.3972 val_accuracy: 0.8365
Epoch: 16 loss: 0.4187 accuracy: 0.8089 val_loss: 0.3909 val_accuracy: 0.8472
Epoch: 17 loss: 0.4132 accuracy: 0.8108 val_loss: 0.4158 val_accuracy: 0.8257
Epoch: 18 loss: 0.4099 accuracy: 0.8141 val_loss: 0.3908 val_accuracy: 0.8525
Epoch: 19 loss: 0.4076 accuracy: 0.8156 val_loss: 0.3919 val_accuracy: 0.8472
Epoch: 20 loss: 0.4081 accuracy: 0.8147 val_loss: 0.4580 val_accuracy: 0.7962
Job ended!
