Fri 01 Mar 2024 10:04:50 PM EST
Python 3.9.7
nvcc: NVIDIA (R) Cuda compiler driver
Copyright (c) 2005-2019 NVIDIA Corporation
Built on Sun_Jul_28_19:07:16_PDT_2019
Cuda compilation tools, release 10.1, V10.1.243
My SLURM_ARRAY_TASK_ID: 
DB: ['ISIC2016', '_7_point_criteria', 'PAD_UFES_20', 'MEDNODE']
IMG_SIZE: [150, 150]
CLASSIFIER: ResNet50V2
SELF_AUG: 1
JOB_INDEX: None
Combining...
Combining 1 db out of 4 dbs
Combining 2 db out of 4 dbs
Combining 3 db out of 4 dbs
Combining 4 db out of 4 dbs
Stacking training images
Stacking training labels
Stacking validation images
Stacking validation labels
Model: "sequential"
_________________________________________________________________
Layer (type)                 Output Shape              Param #   
=================================================================
resnet50v2 (Functional)      (None, 2048)              23564800  
_________________________________________________________________
dense (Dense)                (None, 512)               1049088   
_________________________________________________________________
dropout (Dropout)            (None, 512)               0         
_________________________________________________________________
batch_normalization (BatchNo (None, 512)               2048      
_________________________________________________________________
dense_1 (Dense)              (None, 256)               131328    
_________________________________________________________________
dropout_1 (Dropout)          (None, 256)               0         
_________________________________________________________________
batch_normalization_1 (Batch (None, 256)               1024      
_________________________________________________________________
dense_2 (Dense)              (None, 2)                 514       
=================================================================
Total params: 24,748,802
Trainable params: 1,182,466
Non-trainable params: 23,566,336
_________________________________________________________________
Fitting ISIC2016+_7_point_criteria+PAD_UFES_20+MEDNODE_aug_ResNet50V2_150h_150w_None model...
model_name: ISIC2016+_7_point_criteria+PAD_UFES_20+MEDNODE_aug_ResNet50V2_150h_150w_None
Epoch: 1 loss: 0.7277 accuracy: 0.6664 val_loss: 0.4209 val_accuracy: 0.8267
Epoch: 2 loss: 0.5217 accuracy: 0.7677 val_loss: 0.4543 val_accuracy: 0.8130
Epoch: 3 loss: 0.4336 accuracy: 0.8042 val_loss: 0.4067 val_accuracy: 0.8369
Epoch: 4 loss: 0.3764 accuracy: 0.8348 val_loss: 0.3857 val_accuracy: 0.8426
Epoch: 5 loss: 0.3215 accuracy: 0.8646 val_loss: 0.3741 val_accuracy: 0.8472
Epoch: 6 loss: 0.3063 accuracy: 0.8685 val_loss: 0.3697 val_accuracy: 0.8609
Epoch: 7 loss: 0.2709 accuracy: 0.8860 val_loss: 0.3804 val_accuracy: 0.8700
Epoch: 8 loss: 0.2375 accuracy: 0.9015 val_loss: 0.3690 val_accuracy: 0.8620
Epoch: 9 loss: 0.2250 accuracy: 0.9075 val_loss: 0.3949 val_accuracy: 0.8597
Epoch: 10 loss: 0.2032 accuracy: 0.9186 val_loss: 0.3836 val_accuracy: 0.8632
Epoch: 11 loss: 0.1778 accuracy: 0.9295 val_loss: 0.3848 val_accuracy: 0.8620
Epoch: 12 loss: 0.1792 accuracy: 0.9286 val_loss: 0.3897 val_accuracy: 0.8426
Epoch: 13 loss: 0.1570 accuracy: 0.9390 val_loss: 0.3989 val_accuracy: 0.8575
Epoch: 14 loss: 0.1414 accuracy: 0.9477 val_loss: 0.4000 val_accuracy: 0.8506
Epoch: 15 loss: 0.1267 accuracy: 0.9538 val_loss: 0.4116 val_accuracy: 0.8586
Epoch: 16 loss: 0.1193 accuracy: 0.9551 val_loss: 0.4275 val_accuracy: 0.8632
Epoch: 17 loss: 0.1132 accuracy: 0.9581 val_loss: 0.4308 val_accuracy: 0.8529
Epoch: 18 loss: 0.0941 accuracy: 0.9694 val_loss: 0.4864 val_accuracy: 0.8586
Epoch: 19 loss: 0.0869 accuracy: 0.9681 val_loss: 0.4756 val_accuracy: 0.8518
Epoch: 20 loss: 0.0804 accuracy: 0.9694 val_loss: 0.4621 val_accuracy: 0.8575
Job ended!
