Fri 01 Mar 2024 10:05:23 PM EST
Python 3.9.7
nvcc: NVIDIA (R) Cuda compiler driver
Copyright (c) 2005-2019 NVIDIA Corporation
Built on Sun_Jul_28_19:07:16_PDT_2019
Cuda compilation tools, release 10.1, V10.1.243
My SLURM_ARRAY_TASK_ID: 
DB: ['ISIC2016', 'ISIC2017', 'ISIC2018', '_7_point_criteria', 'PAD_UFES_20']
IMG_SIZE: [150, 150]
CLASSIFIER: ResNet50V2
SELF_AUG: 1
JOB_INDEX: None
Combining...
Combining 1 db out of 5 dbs
Combining 2 db out of 5 dbs
Combining 3 db out of 5 dbs
Combining 4 db out of 5 dbs
Combining 5 db out of 5 dbs
Stacking training images
Stacking training labels
Stacking validation images
Stacking validation labels
Model: "sequential"
_________________________________________________________________
Layer (type)                 Output Shape              Param #   
=================================================================
resnet50v2 (Functional)      (None, 2048)              23564800  
_________________________________________________________________
dense (Dense)                (None, 512)               1049088   
_________________________________________________________________
dropout (Dropout)            (None, 512)               0         
_________________________________________________________________
batch_normalization (BatchNo (None, 512)               2048      
_________________________________________________________________
dense_1 (Dense)              (None, 256)               131328    
_________________________________________________________________
dropout_1 (Dropout)          (None, 256)               0         
_________________________________________________________________
batch_normalization_1 (Batch (None, 256)               1024      
_________________________________________________________________
dense_2 (Dense)              (None, 2)                 514       
=================================================================
Total params: 24,748,802
Trainable params: 1,182,466
Non-trainable params: 23,566,336
_________________________________________________________________
Fitting ISIC2016+ISIC2017+ISIC2018+_7_point_criteria+PAD_UFES_20_aug_ResNet50V2_150h_150w_None model...
model_name: ISIC2016+ISIC2017+ISIC2018+_7_point_criteria+PAD_UFES_20_aug_ResNet50V2_150h_150w_None
Epoch: 1 loss: 0.5923 accuracy: 0.7268 val_loss: 0.3577 val_accuracy: 0.8575
Epoch: 2 loss: 0.4513 accuracy: 0.7973 val_loss: 0.3369 val_accuracy: 0.8617
Epoch: 3 loss: 0.4086 accuracy: 0.8195 val_loss: 0.3198 val_accuracy: 0.8718
Epoch: 4 loss: 0.3799 accuracy: 0.8337 val_loss: 0.3342 val_accuracy: 0.8634
Epoch: 5 loss: 0.3613 accuracy: 0.8385 val_loss: 0.3325 val_accuracy: 0.8626
Epoch: 6 loss: 0.3383 accuracy: 0.8496 val_loss: 0.3184 val_accuracy: 0.8685
Epoch: 7 loss: 0.3217 accuracy: 0.8593 val_loss: 0.3312 val_accuracy: 0.8777
Epoch: 8 loss: 0.3062 accuracy: 0.8634 val_loss: 0.3208 val_accuracy: 0.8786
Epoch: 9 loss: 0.2893 accuracy: 0.8726 val_loss: 0.3239 val_accuracy: 0.8676
Epoch: 10 loss: 0.2723 accuracy: 0.8811 val_loss: 0.3278 val_accuracy: 0.8803
Epoch: 11 loss: 0.2618 accuracy: 0.8876 val_loss: 0.3302 val_accuracy: 0.8761
Epoch: 12 loss: 0.2538 accuracy: 0.8918 val_loss: 0.3412 val_accuracy: 0.8761
Epoch: 13 loss: 0.2382 accuracy: 0.8983 val_loss: 0.3347 val_accuracy: 0.8761
Epoch: 14 loss: 0.2242 accuracy: 0.9034 val_loss: 0.3459 val_accuracy: 0.8794
Epoch: 15 loss: 0.2129 accuracy: 0.9114 val_loss: 0.3555 val_accuracy: 0.8794
Epoch: 16 loss: 0.2020 accuracy: 0.9157 val_loss: 0.3792 val_accuracy: 0.8803
Epoch: 17 loss: 0.1910 accuracy: 0.9227 val_loss: 0.3769 val_accuracy: 0.8744
Epoch: 18 loss: 0.1817 accuracy: 0.9262 val_loss: 0.3954 val_accuracy: 0.8718
Epoch: 19 loss: 0.1727 accuracy: 0.9295 val_loss: 0.4225 val_accuracy: 0.8744
Epoch: 20 loss: 0.1623 accuracy: 0.9332 val_loss: 0.4120 val_accuracy: 0.8786
Job ended!
