Fri 01 Mar 2024 10:59:11 PM EST
Python 3.9.7
nvcc: NVIDIA (R) Cuda compiler driver
Copyright (c) 2005-2019 NVIDIA Corporation
Built on Sun_Jul_28_19:07:16_PDT_2019
Cuda compilation tools, release 10.1, V10.1.243
My SLURM_ARRAY_TASK_ID: 
DB: ['ISIC2020']
IMG_SIZE: [150, 150]
CLASSIFIER: ResNet50V2
SELF_AUG: 1
JOB_INDEX: None
Combining...
Combining 1 db out of 1 dbs
Stacking training images
Stacking training labels
Stacking validation images
Stacking validation labels
Model: "sequential"
_________________________________________________________________
Layer (type)                 Output Shape              Param #   
=================================================================
resnet50v2 (Functional)      (None, 2048)              23564800  
_________________________________________________________________
dense (Dense)                (None, 512)               1049088   
_________________________________________________________________
dropout (Dropout)            (None, 512)               0         
_________________________________________________________________
batch_normalization (BatchNo (None, 512)               2048      
_________________________________________________________________
dense_1 (Dense)              (None, 256)               131328    
_________________________________________________________________
dropout_1 (Dropout)          (None, 256)               0         
_________________________________________________________________
batch_normalization_1 (Batch (None, 256)               1024      
_________________________________________________________________
dense_2 (Dense)              (None, 2)                 514       
=================================================================
Total params: 24,748,802
Trainable params: 1,182,466
Non-trainable params: 23,566,336
_________________________________________________________________
Fitting ISIC2020_aug_ResNet50V2_150h_150w_None model...
model_name: ISIC2020_aug_ResNet50V2_150h_150w_None
Epoch: 1 loss: 0.4548 accuracy: 0.8070 val_loss: 0.0956 val_accuracy: 0.9810
Epoch: 2 loss: 0.2922 accuracy: 0.8691 val_loss: 0.0761 val_accuracy: 0.9829
Epoch: 3 loss: 0.2644 accuracy: 0.8788 val_loss: 0.0773 val_accuracy: 0.9819
Epoch: 4 loss: 0.2489 accuracy: 0.8863 val_loss: 0.0787 val_accuracy: 0.9819
Epoch: 5 loss: 0.2404 accuracy: 0.8894 val_loss: 0.0758 val_accuracy: 0.9817
Epoch: 6 loss: 0.2294 accuracy: 0.8948 val_loss: 0.0761 val_accuracy: 0.9822
Epoch: 7 loss: 0.2226 accuracy: 0.8978 val_loss: 0.0765 val_accuracy: 0.9823
Epoch: 8 loss: 0.2147 accuracy: 0.9021 val_loss: 0.0765 val_accuracy: 0.9829
Epoch: 9 loss: 0.2104 accuracy: 0.9032 val_loss: 0.0799 val_accuracy: 0.9817
Epoch: 10 loss: 0.2018 accuracy: 0.9088 val_loss: 0.0849 val_accuracy: 0.9816
Epoch: 11 loss: 0.1980 accuracy: 0.9097 val_loss: 0.0830 val_accuracy: 0.9816
Epoch: 12 loss: 0.1896 accuracy: 0.9155 val_loss: 0.0833 val_accuracy: 0.9813
Epoch: 13 loss: 0.1828 accuracy: 0.9171 val_loss: 0.0889 val_accuracy: 0.9819
Epoch: 14 loss: 0.1799 accuracy: 0.9192 val_loss: 0.0913 val_accuracy: 0.9811
Epoch: 15 loss: 0.1764 accuracy: 0.9208 val_loss: 0.0921 val_accuracy: 0.9823
Epoch: 16 loss: 0.1705 accuracy: 0.9224 val_loss: 0.0948 val_accuracy: 0.9804
Epoch: 17 loss: 0.1637 accuracy: 0.9264 val_loss: 0.1008 val_accuracy: 0.9801
Epoch: 18 loss: 0.1594 accuracy: 0.9285 val_loss: 0.1061 val_accuracy: 0.9786
Epoch: 19 loss: 0.1537 accuracy: 0.9317 val_loss: 0.1061 val_accuracy: 0.9808
Epoch: 20 loss: 0.1492 accuracy: 0.9343 val_loss: 0.1089 val_accuracy: 0.9792
Job ended!
