Wed 28 Feb 2024 08:27:23 AM EST
Python 3.9.7
nvcc: NVIDIA (R) Cuda compiler driver
Copyright (c) 2005-2019 NVIDIA Corporation
Built on Sun_Jul_28_19:07:16_PDT_2019
Cuda compilation tools, release 10.1, V10.1.243
My SLURM_ARRAY_TASK_ID: 
DB: ['ISIC2016', 'ISIC2017', 'ISIC2018', 'ISIC2019']
IMG_SIZE: [150, 150]
CLASSIFIER: ResNet50V2
SELF_AUG: 1
JOB_INDEX: None
Combining...
Combining 1 db out of 4 dbs
Combining 2 db out of 4 dbs
Combining 3 db out of 4 dbs
Combining 4 db out of 4 dbs
Stacking training images
Stacking training labels
Stacking validation images
Stacking validation labels
Model: "sequential"
_________________________________________________________________
Layer (type)                 Output Shape              Param #   
=================================================================
resnet50v2 (Functional)      (None, 2048)              23564800  
_________________________________________________________________
dense (Dense)                (None, 512)               1049088   
_________________________________________________________________
dropout (Dropout)            (None, 512)               0         
_________________________________________________________________
batch_normalization (BatchNo (None, 512)               2048      
_________________________________________________________________
dense_1 (Dense)              (None, 256)               131328    
_________________________________________________________________
dropout_1 (Dropout)          (None, 256)               0         
_________________________________________________________________
batch_normalization_1 (Batch (None, 256)               1024      
_________________________________________________________________
dense_2 (Dense)              (None, 2)                 514       
=================================================================
Total params: 24,748,802
Trainable params: 1,182,466
Non-trainable params: 23,566,336
_________________________________________________________________
Fitting ISIC2016+ISIC2017+ISIC2018+ISIC2019_aug_ResNet50V2_150h_150w_None model...
model_name: ISIC2016+ISIC2017+ISIC2018+ISIC2019_aug_ResNet50V2_150h_150w_None
Epoch: 1 loss: 0.7105 accuracy: 0.6310 val_loss: 0.5023 val_accuracy: 0.7692
Epoch: 2 loss: 0.6146 accuracy: 0.6731 val_loss: 0.4443 val_accuracy: 0.8261
Epoch: 3 loss: 0.5610 accuracy: 0.7097 val_loss: 0.5129 val_accuracy: 0.7864
Epoch: 4 loss: 0.5291 accuracy: 0.7347 val_loss: 0.4238 val_accuracy: 0.8292
Epoch: 5 loss: 0.5220 accuracy: 0.7422 val_loss: 0.4192 val_accuracy: 0.8306
Epoch: 6 loss: 0.5129 accuracy: 0.7491 val_loss: 0.4268 val_accuracy: 0.8302
Epoch: 7 loss: 0.5083 accuracy: 0.7551 val_loss: 0.5728 val_accuracy: 0.6810
Epoch: 8 loss: 0.5023 accuracy: 0.7583 val_loss: 0.4233 val_accuracy: 0.8336
Epoch: 9 loss: 0.5015 accuracy: 0.7588 val_loss: 0.4191 val_accuracy: 0.8338
Epoch: 10 loss: 0.4970 accuracy: 0.7628 val_loss: 0.4204 val_accuracy: 0.8259
Epoch: 11 loss: 0.4947 accuracy: 0.7649 val_loss: 0.4320 val_accuracy: 0.8302
Epoch: 12 loss: 0.4931 accuracy: 0.7645 val_loss: 0.4159 val_accuracy: 0.8419
Epoch: 13 loss: 0.4909 accuracy: 0.7667 val_loss: 0.4182 val_accuracy: 0.8338
Epoch: 14 loss: 0.4867 accuracy: 0.7699 val_loss: 0.4171 val_accuracy: 0.8347
Epoch: 15 loss: 0.4873 accuracy: 0.7697 val_loss: 0.4139 val_accuracy: 0.8422
Epoch: 16 loss: 0.4856 accuracy: 0.7705 val_loss: 0.3941 val_accuracy: 0.8444
Epoch: 17 loss: 0.4815 accuracy: 0.7729 val_loss: 0.3962 val_accuracy: 0.8442
Epoch: 18 loss: 0.4800 accuracy: 0.7751 val_loss: 0.3903 val_accuracy: 0.8456
Epoch: 19 loss: 0.4780 accuracy: 0.7756 val_loss: 0.4052 val_accuracy: 0.8370
Epoch: 20 loss: 0.4764 accuracy: 0.7764 val_loss: 0.3822 val_accuracy: 0.8449
Job ended!
