Wed 28 Feb 2024 08:46:41 AM EST
Python 3.9.7
nvcc: NVIDIA (R) Cuda compiler driver
Copyright (c) 2005-2019 NVIDIA Corporation
Built on Sun_Jul_28_19:07:16_PDT_2019
Cuda compilation tools, release 10.1, V10.1.243
My SLURM_ARRAY_TASK_ID: 
DB: ['ISIC2016', 'ISIC2017', 'ISIC2018', 'ISIC2019', 'ISIC2020', 'PH2', '_7_point_criteria', 'PAD_UFES_20', 'MEDNODE', 'KaggleMB']
IMG_SIZE: [150, 150]
CLASSIFIER: ResNet50V2
SELF_AUG: 1
JOB_INDEX: None
Combining...
Combining 1 db out of 10 dbs
Combining 2 db out of 10 dbs
Combining 3 db out of 10 dbs
Combining 4 db out of 10 dbs
Combining 5 db out of 10 dbs
Combining 6 db out of 10 dbs
Combining 7 db out of 10 dbs
Combining 8 db out of 10 dbs
Combining 9 db out of 10 dbs
Combining 10 db out of 10 dbs
Stacking training images
Stacking training labels
Stacking validation images
Stacking validation labels
Model: "sequential"
_________________________________________________________________
Layer (type)                 Output Shape              Param #   
=================================================================
resnet50v2 (Functional)      (None, 2048)              23564800  
_________________________________________________________________
dense (Dense)                (None, 512)               1049088   
_________________________________________________________________
dropout (Dropout)            (None, 512)               0         
_________________________________________________________________
batch_normalization (BatchNo (None, 512)               2048      
_________________________________________________________________
dense_1 (Dense)              (None, 256)               131328    
_________________________________________________________________
dropout_1 (Dropout)          (None, 256)               0         
_________________________________________________________________
batch_normalization_1 (Batch (None, 256)               1024      
_________________________________________________________________
dense_2 (Dense)              (None, 2)                 514       
=================================================================
Total params: 24,748,802
Trainable params: 1,182,466
Non-trainable params: 23,566,336
_________________________________________________________________
Fitting ISIC2016+ISIC2017+ISIC2018+ISIC2019+ISIC2020+PH2+_7_point_criteria+PAD_UFES_20+MEDNODE+KaggleMB_aug_ResNet50V2_150h_150w_None model...
model_name: ISIC2016+ISIC2017+ISIC2018+ISIC2019+ISIC2020+PH2+_7_point_criteria+PAD_UFES_20+MEDNODE+KaggleMB_aug_ResNet50V2_150h_150w_None
Epoch: 1 loss: 0.5778 accuracy: 0.7098 val_loss: 0.3353 val_accuracy: 0.8702
Epoch: 2 loss: 0.4798 accuracy: 0.7603 val_loss: 0.3052 val_accuracy: 0.8872
Epoch: 3 loss: 0.4559 accuracy: 0.7744 val_loss: 0.2792 val_accuracy: 0.8963
Epoch: 4 loss: 0.4448 accuracy: 0.7803 val_loss: 0.2985 val_accuracy: 0.8932
Epoch: 5 loss: 0.4370 accuracy: 0.7864 val_loss: 0.3042 val_accuracy: 0.8847
Epoch: 6 loss: 0.4330 accuracy: 0.7889 val_loss: 0.3055 val_accuracy: 0.8781
Epoch: 7 loss: 0.4291 accuracy: 0.7919 val_loss: 0.3317 val_accuracy: 0.8685
Epoch: 8 loss: 0.4257 accuracy: 0.7935 val_loss: 0.3017 val_accuracy: 0.8856
Epoch: 9 loss: 0.4217 accuracy: 0.7962 val_loss: 0.2844 val_accuracy: 0.8895
Epoch: 10 loss: 0.4192 accuracy: 0.7973 val_loss: 0.2879 val_accuracy: 0.8850
Epoch: 11 loss: 0.4171 accuracy: 0.7982 val_loss: 0.3354 val_accuracy: 0.8589
Epoch: 12 loss: 0.4150 accuracy: 0.7997 val_loss: 0.2857 val_accuracy: 0.8926
Epoch: 13 loss: 0.4132 accuracy: 0.8009 val_loss: 0.2703 val_accuracy: 0.8948
Epoch: 14 loss: 0.4127 accuracy: 0.8007 val_loss: 0.3314 val_accuracy: 0.8766
Epoch: 15 loss: 0.4123 accuracy: 0.8009 val_loss: 0.2846 val_accuracy: 0.8894
Epoch: 16 loss: 0.4096 accuracy: 0.8027 val_loss: 0.3518 val_accuracy: 0.8356
Epoch: 17 loss: 0.4106 accuracy: 0.8010 val_loss: 0.2965 val_accuracy: 0.8736
Epoch: 18 loss: 0.4072 accuracy: 0.8047 val_loss: 0.2936 val_accuracy: 0.8910
Epoch: 19 loss: 0.4054 accuracy: 0.8064 val_loss: 0.3320 val_accuracy: 0.8827
Epoch: 20 loss: 0.4045 accuracy: 0.8058 val_loss: 0.3634 val_accuracy: 0.8051
Job ended!
