Fri 01 Mar 2024 10:47:51 PM EST
Python 3.9.7
nvcc: NVIDIA (R) Cuda compiler driver
Copyright (c) 2005-2019 NVIDIA Corporation
Built on Sun_Jul_28_19:07:16_PDT_2019
Cuda compilation tools, release 10.1, V10.1.243
My SLURM_ARRAY_TASK_ID: 
DB: ['ISIC2016', 'ISIC2020']
IMG_SIZE: [150, 150]
CLASSIFIER: ResNet50V2
SELF_AUG: 1
JOB_INDEX: None
Combining...
Combining 1 db out of 2 dbs
Combining 2 db out of 2 dbs
Stacking training images
Stacking training labels
Stacking validation images
Stacking validation labels
Model: "sequential"
_________________________________________________________________
Layer (type)                 Output Shape              Param #   
=================================================================
resnet50v2 (Functional)      (None, 2048)              23564800  
_________________________________________________________________
dense (Dense)                (None, 512)               1049088   
_________________________________________________________________
dropout (Dropout)            (None, 512)               0         
_________________________________________________________________
batch_normalization (BatchNo (None, 512)               2048      
_________________________________________________________________
dense_1 (Dense)              (None, 256)               131328    
_________________________________________________________________
dropout_1 (Dropout)          (None, 256)               0         
_________________________________________________________________
batch_normalization_1 (Batch (None, 256)               1024      
_________________________________________________________________
dense_2 (Dense)              (None, 2)                 514       
=================================================================
Total params: 24,748,802
Trainable params: 1,182,466
Non-trainable params: 23,566,336
_________________________________________________________________
Fitting ISIC2016+ISIC2020_aug_ResNet50V2_150h_150w_None model...
model_name: ISIC2016+ISIC2020_aug_ResNet50V2_150h_150w_None
Epoch: 1 loss: 0.4593 accuracy: 0.8050 val_loss: 0.1049 val_accuracy: 0.9778
Epoch: 2 loss: 0.3078 accuracy: 0.8647 val_loss: 0.0835 val_accuracy: 0.9791
Epoch: 3 loss: 0.2760 accuracy: 0.8762 val_loss: 0.0862 val_accuracy: 0.9772
Epoch: 4 loss: 0.2614 accuracy: 0.8813 val_loss: 0.0796 val_accuracy: 0.9774
Epoch: 5 loss: 0.2464 accuracy: 0.8868 val_loss: 0.0835 val_accuracy: 0.9775
Epoch: 6 loss: 0.2392 accuracy: 0.8892 val_loss: 0.0866 val_accuracy: 0.9774
Epoch: 7 loss: 0.2313 accuracy: 0.8938 val_loss: 0.0842 val_accuracy: 0.9780
Epoch: 8 loss: 0.2258 accuracy: 0.8968 val_loss: 0.0875 val_accuracy: 0.9778
Epoch: 9 loss: 0.2186 accuracy: 0.9027 val_loss: 0.0884 val_accuracy: 0.9769
Epoch: 10 loss: 0.2108 accuracy: 0.9056 val_loss: 0.0953 val_accuracy: 0.9761
Epoch: 11 loss: 0.2055 accuracy: 0.9076 val_loss: 0.0964 val_accuracy: 0.9733
Epoch: 12 loss: 0.1982 accuracy: 0.9116 val_loss: 0.0968 val_accuracy: 0.9772
Epoch: 13 loss: 0.1917 accuracy: 0.9133 val_loss: 0.0975 val_accuracy: 0.9775
Epoch: 14 loss: 0.1848 accuracy: 0.9165 val_loss: 0.1046 val_accuracy: 0.9771
Epoch: 15 loss: 0.1793 accuracy: 0.9180 val_loss: 0.1100 val_accuracy: 0.9765
Epoch: 16 loss: 0.1730 accuracy: 0.9227 val_loss: 0.1157 val_accuracy: 0.9747
Epoch: 17 loss: 0.1695 accuracy: 0.9248 val_loss: 0.1168 val_accuracy: 0.9744
Epoch: 18 loss: 0.1657 accuracy: 0.9245 val_loss: 0.1237 val_accuracy: 0.9771
Epoch: 19 loss: 0.1582 accuracy: 0.9293 val_loss: 0.1260 val_accuracy: 0.9761
Epoch: 20 loss: 0.1567 accuracy: 0.9303 val_loss: 0.1297 val_accuracy: 0.9733
Job ended!
