Wed 28 Feb 2024 08:38:05 AM EST
Python 3.9.7
nvcc: NVIDIA (R) Cuda compiler driver
Copyright (c) 2005-2019 NVIDIA Corporation
Built on Sun_Jul_28_19:07:16_PDT_2019
Cuda compilation tools, release 10.1, V10.1.243
My SLURM_ARRAY_TASK_ID: 
DB: ['ISIC2016', 'ISIC2017', 'ISIC2018', 'ISIC2019', 'ISIC2020', 'PH2', '_7_point_criteria', 'MEDNODE', 'KaggleMB']
IMG_SIZE: [150, 150]
CLASSIFIER: ResNet50V2
SELF_AUG: 1
JOB_INDEX: None
Combining...
Combining 1 db out of 9 dbs
Combining 2 db out of 9 dbs
Combining 3 db out of 9 dbs
Combining 4 db out of 9 dbs
Combining 5 db out of 9 dbs
Combining 6 db out of 9 dbs
Combining 7 db out of 9 dbs
Combining 8 db out of 9 dbs
Combining 9 db out of 9 dbs
Stacking training images
Stacking training labels
Stacking validation images
Stacking validation labels
Model: "sequential"
_________________________________________________________________
Layer (type)                 Output Shape              Param #   
=================================================================
resnet50v2 (Functional)      (None, 2048)              23564800  
_________________________________________________________________
dense (Dense)                (None, 512)               1049088   
_________________________________________________________________
dropout (Dropout)            (None, 512)               0         
_________________________________________________________________
batch_normalization (BatchNo (None, 512)               2048      
_________________________________________________________________
dense_1 (Dense)              (None, 256)               131328    
_________________________________________________________________
dropout_1 (Dropout)          (None, 256)               0         
_________________________________________________________________
batch_normalization_1 (Batch (None, 256)               1024      
_________________________________________________________________
dense_2 (Dense)              (None, 2)                 514       
=================================================================
Total params: 24,748,802
Trainable params: 1,182,466
Non-trainable params: 23,566,336
_________________________________________________________________
Fitting ISIC2016+ISIC2017+ISIC2018+ISIC2019+ISIC2020+PH2+_7_point_criteria+MEDNODE+KaggleMB_aug_ResNet50V2_150h_150w_None model...
model_name: ISIC2016+ISIC2017+ISIC2018+ISIC2019+ISIC2020+PH2+_7_point_criteria+MEDNODE+KaggleMB_aug_ResNet50V2_150h_150w_None
Epoch: 1 loss: 0.5827 accuracy: 0.7048 val_loss: 0.3202 val_accuracy: 0.8945
Epoch: 2 loss: 0.4831 accuracy: 0.7613 val_loss: 0.3070 val_accuracy: 0.8805
Epoch: 3 loss: 0.4546 accuracy: 0.7753 val_loss: 0.4972 val_accuracy: 0.7381
Epoch: 4 loss: 0.4437 accuracy: 0.7820 val_loss: 0.3499 val_accuracy: 0.8624
Epoch: 5 loss: 0.4367 accuracy: 0.7870 val_loss: 0.3177 val_accuracy: 0.8804
Epoch: 6 loss: 0.4312 accuracy: 0.7891 val_loss: 0.2970 val_accuracy: 0.8844
Epoch: 7 loss: 0.4264 accuracy: 0.7928 val_loss: 0.3804 val_accuracy: 0.8425
Epoch: 8 loss: 0.4225 accuracy: 0.7956 val_loss: 0.3290 val_accuracy: 0.8657
Epoch: 9 loss: 0.4199 accuracy: 0.7978 val_loss: 0.2963 val_accuracy: 0.8734
Epoch: 10 loss: 0.4165 accuracy: 0.7978 val_loss: 0.2828 val_accuracy: 0.8974
Epoch: 11 loss: 0.4133 accuracy: 0.8003 val_loss: 0.3227 val_accuracy: 0.8499
Epoch: 12 loss: 0.4132 accuracy: 0.8015 val_loss: 0.3206 val_accuracy: 0.8790
Epoch: 13 loss: 0.4133 accuracy: 0.8012 val_loss: 0.3052 val_accuracy: 0.8666
Epoch: 14 loss: 0.4103 accuracy: 0.8015 val_loss: 0.3279 val_accuracy: 0.8702
Epoch: 15 loss: 0.4068 accuracy: 0.8043 val_loss: 0.2925 val_accuracy: 0.8896
Epoch: 16 loss: 0.4058 accuracy: 0.8054 val_loss: 0.4115 val_accuracy: 0.8070
Epoch: 17 loss: 0.4048 accuracy: 0.8056 val_loss: 0.2753 val_accuracy: 0.8915
Epoch: 18 loss: 0.4047 accuracy: 0.8062 val_loss: 0.2809 val_accuracy: 0.8867
Epoch: 19 loss: 0.4023 accuracy: 0.8059 val_loss: 0.2925 val_accuracy: 0.8726
Epoch: 20 loss: 0.4022 accuracy: 0.8075 val_loss: 0.2578 val_accuracy: 0.9011
Job ended!
