Wed 28 Feb 2024 08:46:14 AM EST
Python 3.9.7
nvcc: NVIDIA (R) Cuda compiler driver
Copyright (c) 2005-2019 NVIDIA Corporation
Built on Sun_Jul_28_19:07:16_PDT_2019
Cuda compilation tools, release 10.1, V10.1.243
My SLURM_ARRAY_TASK_ID: 
DB: ['ISIC2016', 'ISIC2017', 'ISIC2018', 'ISIC2019', 'ISIC2020', 'PH2', '_7_point_criteria', 'PAD_UFES_20', 'MEDNODE']
IMG_SIZE: [150, 150]
CLASSIFIER: ResNet50V2
SELF_AUG: 1
JOB_INDEX: None
Combining...
Combining 1 db out of 9 dbs
Combining 2 db out of 9 dbs
Combining 3 db out of 9 dbs
Combining 4 db out of 9 dbs
Combining 5 db out of 9 dbs
Combining 6 db out of 9 dbs
Combining 7 db out of 9 dbs
Combining 8 db out of 9 dbs
Combining 9 db out of 9 dbs
Stacking training images
Stacking training labels
Stacking validation images
Stacking validation labels
Model: "sequential"
_________________________________________________________________
Layer (type)                 Output Shape              Param #   
=================================================================
resnet50v2 (Functional)      (None, 2048)              23564800  
_________________________________________________________________
dense (Dense)                (None, 512)               1049088   
_________________________________________________________________
dropout (Dropout)            (None, 512)               0         
_________________________________________________________________
batch_normalization (BatchNo (None, 512)               2048      
_________________________________________________________________
dense_1 (Dense)              (None, 256)               131328    
_________________________________________________________________
dropout_1 (Dropout)          (None, 256)               0         
_________________________________________________________________
batch_normalization_1 (Batch (None, 256)               1024      
_________________________________________________________________
dense_2 (Dense)              (None, 2)                 514       
=================================================================
Total params: 24,748,802
Trainable params: 1,182,466
Non-trainable params: 23,566,336
_________________________________________________________________
Fitting ISIC2016+ISIC2017+ISIC2018+ISIC2019+ISIC2020+PH2+_7_point_criteria+PAD_UFES_20+MEDNODE_aug_ResNet50V2_150h_150w_None model...
model_name: ISIC2016+ISIC2017+ISIC2018+ISIC2019+ISIC2020+PH2+_7_point_criteria+PAD_UFES_20+MEDNODE_aug_ResNet50V2_150h_150w_None
Epoch: 1 loss: 0.5794 accuracy: 0.7149 val_loss: 0.3807 val_accuracy: 0.8467
Epoch: 2 loss: 0.4753 accuracy: 0.7682 val_loss: 0.3076 val_accuracy: 0.8639
Epoch: 3 loss: 0.4404 accuracy: 0.7874 val_loss: 0.2760 val_accuracy: 0.9025
Epoch: 4 loss: 0.4315 accuracy: 0.7924 val_loss: 0.3934 val_accuracy: 0.8460
Epoch: 5 loss: 0.4244 accuracy: 0.7974 val_loss: 0.2670 val_accuracy: 0.9060
Epoch: 6 loss: 0.4185 accuracy: 0.8017 val_loss: 0.3861 val_accuracy: 0.8386
Epoch: 7 loss: 0.4163 accuracy: 0.8011 val_loss: 0.2689 val_accuracy: 0.8999
Epoch: 8 loss: 0.4126 accuracy: 0.8042 val_loss: 0.2725 val_accuracy: 0.8994
Epoch: 9 loss: 0.4107 accuracy: 0.8035 val_loss: 0.3612 val_accuracy: 0.8830
Epoch: 10 loss: 0.4084 accuracy: 0.8049 val_loss: 0.2592 val_accuracy: 0.8968
Epoch: 11 loss: 0.4071 accuracy: 0.8065 val_loss: 0.2692 val_accuracy: 0.9099
Epoch: 12 loss: 0.4044 accuracy: 0.8090 val_loss: 0.2742 val_accuracy: 0.9070
Epoch: 13 loss: 0.4019 accuracy: 0.8104 val_loss: 0.2873 val_accuracy: 0.9041
Epoch: 14 loss: 0.4015 accuracy: 0.8095 val_loss: 0.2468 val_accuracy: 0.9069
Epoch: 15 loss: 0.3998 accuracy: 0.8108 val_loss: 0.3078 val_accuracy: 0.8866
Epoch: 16 loss: 0.3982 accuracy: 0.8107 val_loss: 0.2506 val_accuracy: 0.9122
Epoch: 17 loss: 0.3968 accuracy: 0.8127 val_loss: 0.2473 val_accuracy: 0.9101
Epoch: 18 loss: 0.3951 accuracy: 0.8135 val_loss: 0.2706 val_accuracy: 0.8909
Epoch: 19 loss: 0.3960 accuracy: 0.8121 val_loss: 0.2520 val_accuracy: 0.9119
Epoch: 20 loss: 0.3942 accuracy: 0.8136 val_loss: 0.2847 val_accuracy: 0.8900
Job ended!
