DB: ['ISIC2016', 'ISIC2017']
CLASSIFIER: VGG13_bn
JOB_INDEX: None
Start training ISIC2016+ISIC2017_VGG13_bn
Combining...
Combining 1th db out of 2 dbs
Combining 2th db out of 2 dbs
Stacking data
Combining complete
Epoch 0/33
----------
Train Loss: 0.6410 Acc: 0.6143
Val Loss: 0.5156 Acc: 0.7242

Epoch 1/33
----------
Train Loss: 0.5798 Acc: 0.6937
Val Loss: 0.5410 Acc: 0.7152

Epoch 2/33
----------
Train Loss: 0.5365 Acc: 0.7202
Val Loss: 0.5422 Acc: 0.7091

Epoch 3/33
----------
Train Loss: 0.5317 Acc: 0.7401
Val Loss: 0.4255 Acc: 0.8030

Epoch 4/33
----------
Train Loss: 0.5046 Acc: 0.7485
Val Loss: 0.3934 Acc: 0.8152

Epoch 5/33
----------
Train Loss: 0.4909 Acc: 0.7559
Val Loss: 0.3938 Acc: 0.8182

Epoch 6/33
----------
Train Loss: 0.4764 Acc: 0.7570
Val Loss: 0.4577 Acc: 0.7939

Epoch 7/33
----------
Train Loss: 0.4511 Acc: 0.7882
Val Loss: 0.3929 Acc: 0.8121

Epoch 8/33
----------
Train Loss: 0.4508 Acc: 0.7893
Val Loss: 0.3906 Acc: 0.8121

Epoch 9/33
----------
Train Loss: 0.4492 Acc: 0.7934
Val Loss: 0.3994 Acc: 0.8182

Epoch 10/33
----------
Train Loss: 0.4457 Acc: 0.7897
Val Loss: 0.3851 Acc: 0.8121

Epoch 11/33
----------
Train Loss: 0.4681 Acc: 0.7680
Val Loss: 0.3886 Acc: 0.8091

Epoch 12/33
----------
Train Loss: 0.4178 Acc: 0.8040
Val Loss: 0.3819 Acc: 0.8242

Epoch 13/33
----------
Train Loss: 0.4280 Acc: 0.8000
Val Loss: 0.3815 Acc: 0.8091

Epoch 14/33
----------
Train Loss: 0.4525 Acc: 0.7827
Val Loss: 0.3781 Acc: 0.8121

Epoch 15/33
----------
Train Loss: 0.4404 Acc: 0.7985
Val Loss: 0.3780 Acc: 0.8091

Epoch 16/33
----------
Train Loss: 0.4353 Acc: 0.7897
Val Loss: 0.3930 Acc: 0.8000

Epoch 17/33
----------
Train Loss: 0.4398 Acc: 0.7882
Val Loss: 0.3855 Acc: 0.8061

Epoch 18/33
----------
Train Loss: 0.4305 Acc: 0.7897
Val Loss: 0.3869 Acc: 0.8121

Epoch 19/33
----------
Train Loss: 0.4130 Acc: 0.8085
Val Loss: 0.3839 Acc: 0.8061

Epoch 20/33
----------
Train Loss: 0.4211 Acc: 0.8088
Val Loss: 0.4035 Acc: 0.7970

Epoch 21/33
----------
Train Loss: 0.4450 Acc: 0.7919
Val Loss: 0.3921 Acc: 0.8091

Epoch 22/33
----------
Train Loss: 0.4309 Acc: 0.7967
Val Loss: 0.3937 Acc: 0.8000

Epoch 23/33
----------
Train Loss: 0.4475 Acc: 0.7871
Val Loss: 0.3813 Acc: 0.8061

Epoch 24/33
----------
Train Loss: 0.4178 Acc: 0.8033
Val Loss: 0.3944 Acc: 0.8061

Epoch 25/33
----------
Train Loss: 0.4270 Acc: 0.8055
Val Loss: 0.3857 Acc: 0.8091

Epoch 26/33
----------
Train Loss: 0.4330 Acc: 0.7879
Val Loss: 0.3939 Acc: 0.8061

Epoch 27/33
----------
Train Loss: 0.4372 Acc: 0.7882
Val Loss: 0.3825 Acc: 0.8121

Epoch 28/33
----------
Train Loss: 0.4597 Acc: 0.7787
Val Loss: 0.3859 Acc: 0.8091

Epoch 29/33
----------
Train Loss: 0.4442 Acc: 0.7897
Val Loss: 0.3888 Acc: 0.8061

Epoch 30/33
----------
Train Loss: 0.4169 Acc: 0.8029
Val Loss: 0.3819 Acc: 0.8091

Epoch 31/33
----------
Train Loss: 0.4341 Acc: 0.7963
Val Loss: 0.3817 Acc: 0.8121

Epoch 32/33
----------
Train Loss: 0.4479 Acc: 0.7776
Val Loss: 0.3972 Acc: 0.8030

Epoch 33/33
----------
Train Loss: 0.4253 Acc: 0.8007
Val Loss: 0.3825 Acc: 0.8121

Training complete in 98m 50s
Best val Acc: 0.824242
Finished training ISIC2016+ISIC2017_VGG13_bn
