DB: ['PAD_UFES_20']
CLASSIFIER: VGG13_bn
JOB_INDEX: None
Start training PAD_UFES_20_VGG13_bn
Combining...
Combining 1th db out of 1 dbs
Stacking data
Combining complete
Epoch 0/29
----------
Train Loss: 0.4255 Acc: 0.7835
Val Loss: 0.1843 Acc: 0.9348

Epoch 1/29
----------
Train Loss: 0.2055 Acc: 0.9119
Val Loss: 0.1918 Acc: 0.9261

Epoch 2/29
----------
Train Loss: 0.1556 Acc: 0.9412
Val Loss: 0.0755 Acc: 0.9652

Epoch 3/29
----------
Train Loss: 0.1456 Acc: 0.9412
Val Loss: 0.0678 Acc: 0.9717

Epoch 4/29
----------
Train Loss: 0.1142 Acc: 0.9532
Val Loss: 0.0713 Acc: 0.9739

Epoch 5/29
----------
Train Loss: 0.1144 Acc: 0.9489
Val Loss: 0.0492 Acc: 0.9848

Epoch 6/29
----------
Train Loss: 0.1057 Acc: 0.9543
Val Loss: 0.0523 Acc: 0.9870

Epoch 7/29
----------
Train Loss: 0.0942 Acc: 0.9619
Val Loss: 0.0577 Acc: 0.9826

Epoch 8/29
----------
Train Loss: 0.0747 Acc: 0.9641
Val Loss: 0.0525 Acc: 0.9848

Epoch 9/29
----------
Train Loss: 0.0793 Acc: 0.9684
Val Loss: 0.0577 Acc: 0.9826

Epoch 10/29
----------
Train Loss: 0.0839 Acc: 0.9652
Val Loss: 0.0536 Acc: 0.9870

Epoch 11/29
----------
Train Loss: 0.0783 Acc: 0.9641
Val Loss: 0.0552 Acc: 0.9826

Epoch 12/29
----------
Train Loss: 0.0848 Acc: 0.9597
Val Loss: 0.0513 Acc: 0.9870

Epoch 13/29
----------
Train Loss: 0.0811 Acc: 0.9652
Val Loss: 0.0480 Acc: 0.9891

Epoch 14/29
----------
Train Loss: 0.0681 Acc: 0.9717
Val Loss: 0.0500 Acc: 0.9891

Epoch 15/29
----------
Train Loss: 0.0716 Acc: 0.9635
Val Loss: 0.0492 Acc: 0.9891

Epoch 16/29
----------
Train Loss: 0.0708 Acc: 0.9717
Val Loss: 0.0485 Acc: 0.9891

Epoch 17/29
----------
Train Loss: 0.0784 Acc: 0.9635
Val Loss: 0.0530 Acc: 0.9870

Epoch 18/29
----------
Train Loss: 0.0780 Acc: 0.9614
Val Loss: 0.0485 Acc: 0.9891

Epoch 19/29
----------
Train Loss: 0.0796 Acc: 0.9706
Val Loss: 0.0529 Acc: 0.9848

Epoch 20/29
----------
Train Loss: 0.0826 Acc: 0.9625
Val Loss: 0.0488 Acc: 0.9891

Epoch 21/29
----------
Train Loss: 0.0808 Acc: 0.9581
Val Loss: 0.0492 Acc: 0.9891

Epoch 22/29
----------
Train Loss: 0.0642 Acc: 0.9706
Val Loss: 0.0508 Acc: 0.9891

Epoch 23/29
----------
Train Loss: 0.0821 Acc: 0.9646
Val Loss: 0.0489 Acc: 0.9891

Epoch 24/29
----------
Train Loss: 0.0960 Acc: 0.9625
Val Loss: 0.0496 Acc: 0.9891

Epoch 25/29
----------
Train Loss: 0.0787 Acc: 0.9690
Val Loss: 0.0472 Acc: 0.9891

Epoch 26/29
----------
Train Loss: 0.0701 Acc: 0.9652
Val Loss: 0.0489 Acc: 0.9891

Epoch 27/29
----------
Train Loss: 0.0817 Acc: 0.9614
Val Loss: 0.0493 Acc: 0.9891

Epoch 28/29
----------
Train Loss: 0.0704 Acc: 0.9668
Val Loss: 0.0495 Acc: 0.9891

Epoch 29/29
----------
Train Loss: 0.0847 Acc: 0.9625
Val Loss: 0.0489 Acc: 0.9891

Training complete in 20m 3s
Best val Acc: 0.989130
Finished training PAD_UFES_20_VGG13_bn
