Mon 26 Feb 2024 01:34:05 AM EST
Python 3.9.7
nvcc: NVIDIA (R) Cuda compiler driver
Copyright (c) 2005-2019 NVIDIA Corporation
Built on Sun_Jul_28_19:07:16_PDT_2019
Cuda compilation tools, release 10.1, V10.1.243
My SLURM_ARRAY_TASK_ID:  1
DB: ['ISIC2016', '_7_point_criteria', 'PAD_UFES_20', 'MEDNODE']
IMG_SIZE: [150, 150]
CLASSIFIER: EfficientNetB6
JOB_INDEX: 1
Combining...
Combining 1 db out of 4 dbs
Combining 2 db out of 4 dbs
Combining 3 db out of 4 dbs
Combining 4 db out of 4 dbs
Stacking training images
Stacking training labels
Stacking validation images
Stacking validation labels
Combining...
Combining 1 db out of 4 dbs
Combining 2 db out of 4 dbs
Combining 3 db out of 4 dbs
Combining 4 db out of 4 dbs
Stacking training images
Stacking training labels
Stacking validation images
Stacking validation labels
Model: "sequential"
_________________________________________________________________
Layer (type)                 Output Shape              Param #   
=================================================================
efficientnetb6 (Functional)  (None, 2304)              40960143  
_________________________________________________________________
dense (Dense)                (None, 512)               1180160   
_________________________________________________________________
dropout (Dropout)            (None, 512)               0         
_________________________________________________________________
batch_normalization (BatchNo (None, 512)               2048      
_________________________________________________________________
dense_1 (Dense)              (None, 256)               131328    
_________________________________________________________________
dropout_1 (Dropout)          (None, 256)               0         
_________________________________________________________________
batch_normalization_1 (Batch (None, 256)               1024      
_________________________________________________________________
dense_2 (Dense)              (None, 2)                 514       
=================================================================
Total params: 42,275,217
Trainable params: 1,313,538
Non-trainable params: 40,961,679
_________________________________________________________________
Fitting ISIC2016+_7_point_criteria+PAD_UFES_20+MEDNODE_noaug_EfficientNetB6_150h_150w_1 model...
Epoch: 1 loss: 0.6491 accuracy: 0.6650 val_loss: 0.6023 val_accuracy: 0.8632
Epoch: 2 loss: 0.5523 accuracy: 0.8823 val_loss: 0.5229 val_accuracy: 0.8632
Epoch: 3 loss: 0.4694 accuracy: 0.8953 val_loss: 0.4614 val_accuracy: 0.8632
Epoch: 4 loss: 0.4053 accuracy: 0.8956 val_loss: 0.4211 val_accuracy: 0.8632
Epoch: 5 loss: 0.3664 accuracy: 0.8956 val_loss: 0.4037 val_accuracy: 0.8632
Epoch: 6 loss: 0.3495 accuracy: 0.8946 val_loss: 0.3997 val_accuracy: 0.8632
Epoch: 7 loss: 0.3398 accuracy: 0.8956 val_loss: 0.3999 val_accuracy: 0.8632
Epoch: 8 loss: 0.3360 accuracy: 0.8953 val_loss: 0.4015 val_accuracy: 0.8632
Epoch: 9 loss: 0.3360 accuracy: 0.8956 val_loss: 0.4026 val_accuracy: 0.8632
Epoch: 10 loss: 0.3372 accuracy: 0.8950 val_loss: 0.4048 val_accuracy: 0.8632
Epoch: 11 loss: 0.3362 accuracy: 0.8953 val_loss: 0.4067 val_accuracy: 0.8632
Epoch: 12 loss: 0.3364 accuracy: 0.8950 val_loss: 0.4028 val_accuracy: 0.8632
Epoch: 13 loss: 0.3360 accuracy: 0.8950 val_loss: 0.4054 val_accuracy: 0.8632
Epoch: 14 loss: 0.3369 accuracy: 0.8950 val_loss: 0.4053 val_accuracy: 0.8632
Epoch: 15 loss: 0.3346 accuracy: 0.8959 val_loss: 0.4062 val_accuracy: 0.8632
Epoch: 16 loss: 0.3372 accuracy: 0.8946 val_loss: 0.4029 val_accuracy: 0.8632
Epoch: 17 loss: 0.3347 accuracy: 0.8956 val_loss: 0.4048 val_accuracy: 0.8632
Epoch: 18 loss: 0.3374 accuracy: 0.8946 val_loss: 0.4039 val_accuracy: 0.8632
Epoch: 19 loss: 0.3365 accuracy: 0.8950 val_loss: 0.4029 val_accuracy: 0.8632
Epoch: 20 loss: 0.3355 accuracy: 0.8953 val_loss: 0.4032 val_accuracy: 0.8632
Fitting ISIC2016+_7_point_criteria+PAD_UFES_20+MEDNODE_aug_EfficientNetB6_150h_150w_1 model...
Epoch: 1 loss: 0.6225 accuracy: 0.7261 val_loss: 0.4318 val_accuracy: 0.8632
Epoch: 2 loss: 0.5892 accuracy: 0.7256 val_loss: 0.4447 val_accuracy: 0.8632
Epoch: 3 loss: 0.5880 accuracy: 0.7250 val_loss: 0.4524 val_accuracy: 0.8632
Epoch: 4 loss: 0.5867 accuracy: 0.7269 val_loss: 0.4509 val_accuracy: 0.8632
Epoch: 5 loss: 0.5883 accuracy: 0.7252 val_loss: 0.4562 val_accuracy: 0.8632
Epoch: 6 loss: 0.5879 accuracy: 0.7256 val_loss: 0.4529 val_accuracy: 0.8632
Epoch: 7 loss: 0.5887 accuracy: 0.7245 val_loss: 0.4523 val_accuracy: 0.8632
Epoch: 8 loss: 0.5884 accuracy: 0.7250 val_loss: 0.4562 val_accuracy: 0.8632
Epoch: 9 loss: 0.5886 accuracy: 0.7248 val_loss: 0.4556 val_accuracy: 0.8632
Epoch: 10 loss: 0.5871 accuracy: 0.7263 val_loss: 0.4515 val_accuracy: 0.8632
Epoch: 11 loss: 0.5879 accuracy: 0.7254 val_loss: 0.4536 val_accuracy: 0.8632
Epoch: 12 loss: 0.5885 accuracy: 0.7248 val_loss: 0.4542 val_accuracy: 0.8632
Epoch: 13 loss: 0.5881 accuracy: 0.7252 val_loss: 0.4557 val_accuracy: 0.8632
Epoch: 14 loss: 0.5878 accuracy: 0.7254 val_loss: 0.4572 val_accuracy: 0.8632
Epoch: 15 loss: 0.5877 accuracy: 0.7256 val_loss: 0.4529 val_accuracy: 0.8632
Epoch: 16 loss: 0.5877 accuracy: 0.7256 val_loss: 0.4536 val_accuracy: 0.8632
Epoch: 17 loss: 0.5883 accuracy: 0.7252 val_loss: 0.4549 val_accuracy: 0.8632
Epoch: 18 loss: 0.5883 accuracy: 0.7250 val_loss: 0.4579 val_accuracy: 0.8632
Epoch: 19 loss: 0.5876 accuracy: 0.7259 val_loss: 0.4562 val_accuracy: 0.8632
Epoch: 20 loss: 0.5875 accuracy: 0.7259 val_loss: 0.4521 val_accuracy: 0.8632
Job ended!
