Sun 03 Mar 2024 03:33:08 AM EST
Python 3.9.7
nvcc: NVIDIA (R) Cuda compiler driver
Copyright (c) 2005-2019 NVIDIA Corporation
Built on Sun_Jul_28_19:07:16_PDT_2019
Cuda compilation tools, release 10.1, V10.1.243
My SLURM_ARRAY_TASK_ID: 
DB: ['ISIC2016', 'KaggleMB']
IMG_SIZE: [150, 150]
CLASSIFIER: ResNet152
SELF_AUG: 1
JOB_INDEX: None
Combining...
Combining 1 db out of 2 dbs
Combining 2 db out of 2 dbs
Stacking training images
Stacking training labels
Stacking validation images
Stacking validation labels
Model: "sequential"
_________________________________________________________________
Layer (type)                 Output Shape              Param #   
=================================================================
resnet152 (Functional)       (None, 2048)              58370944  
_________________________________________________________________
dense (Dense)                (None, 512)               1049088   
_________________________________________________________________
dropout (Dropout)            (None, 512)               0         
_________________________________________________________________
batch_normalization (BatchNo (None, 512)               2048      
_________________________________________________________________
dense_1 (Dense)              (None, 256)               131328    
_________________________________________________________________
dropout_1 (Dropout)          (None, 256)               0         
_________________________________________________________________
batch_normalization_1 (Batch (None, 256)               1024      
_________________________________________________________________
dense_2 (Dense)              (None, 2)                 514       
=================================================================
Total params: 59,554,946
Trainable params: 1,182,466
Non-trainable params: 58,372,480
_________________________________________________________________
Fitting ISIC2016+KaggleMB_aug_ResNet152_150h_150w_None model...
model_name: ISIC2016+KaggleMB_aug_ResNet152_150h_150w_None
Epoch: 1 loss: 0.6171 accuracy: 0.7233 val_loss: 0.4276 val_accuracy: 0.8037
Epoch: 2 loss: 0.4562 accuracy: 0.8074 val_loss: 0.4072 val_accuracy: 0.8150
Epoch: 3 loss: 0.3850 accuracy: 0.8317 val_loss: 0.3979 val_accuracy: 0.8305
Epoch: 4 loss: 0.3414 accuracy: 0.8498 val_loss: 0.3856 val_accuracy: 0.8277
Epoch: 5 loss: 0.3215 accuracy: 0.8622 val_loss: 0.3839 val_accuracy: 0.8263
Epoch: 6 loss: 0.2756 accuracy: 0.8778 val_loss: 0.3848 val_accuracy: 0.8333
Epoch: 7 loss: 0.2579 accuracy: 0.8895 val_loss: 0.3719 val_accuracy: 0.8390
Epoch: 8 loss: 0.2365 accuracy: 0.9021 val_loss: 0.3651 val_accuracy: 0.8475
Epoch: 9 loss: 0.2266 accuracy: 0.9074 val_loss: 0.3661 val_accuracy: 0.8517
Epoch: 10 loss: 0.2158 accuracy: 0.9064 val_loss: 0.3772 val_accuracy: 0.8573
Epoch: 11 loss: 0.1959 accuracy: 0.9166 val_loss: 0.3725 val_accuracy: 0.8517
Epoch: 12 loss: 0.1823 accuracy: 0.9256 val_loss: 0.4215 val_accuracy: 0.8305
Epoch: 13 loss: 0.1613 accuracy: 0.9322 val_loss: 0.4217 val_accuracy: 0.8347
Epoch: 14 loss: 0.1536 accuracy: 0.9405 val_loss: 0.4025 val_accuracy: 0.8347
Epoch: 15 loss: 0.1368 accuracy: 0.9452 val_loss: 0.4234 val_accuracy: 0.8573
Epoch: 16 loss: 0.1406 accuracy: 0.9448 val_loss: 0.4326 val_accuracy: 0.8475
Epoch: 17 loss: 0.1289 accuracy: 0.9505 val_loss: 0.4242 val_accuracy: 0.8418
Epoch: 18 loss: 0.1208 accuracy: 0.9509 val_loss: 0.4435 val_accuracy: 0.8432
Epoch: 19 loss: 0.1081 accuracy: 0.9552 val_loss: 0.4725 val_accuracy: 0.8404
Epoch: 20 loss: 0.1064 accuracy: 0.9603 val_loss: 0.5104 val_accuracy: 0.8263
Job ended!
