Wed 28 Feb 2024 04:19:24 AM EST
Python 3.9.7
nvcc: NVIDIA (R) Cuda compiler driver
Copyright (c) 2005-2019 NVIDIA Corporation
Built on Sun_Jul_28_19:07:16_PDT_2019
Cuda compilation tools, release 10.1, V10.1.243
My SLURM_ARRAY_TASK_ID: 
DB: ['ISIC2016', 'ISIC2017', 'ISIC2018', 'PAD_UFES_20', 'MEDNODE']
IMG_SIZE: [150, 150]
CLASSIFIER: ResNet152
SELF_AUG: 1
JOB_INDEX: None
Combining...
Combining 1 db out of 5 dbs
Combining 2 db out of 5 dbs
Combining 3 db out of 5 dbs
Combining 4 db out of 5 dbs
Combining 5 db out of 5 dbs
Stacking training images
Stacking training labels
Stacking validation images
Stacking validation labels
Model: "sequential"
_________________________________________________________________
Layer (type)                 Output Shape              Param #   
=================================================================
resnet152 (Functional)       (None, 2048)              58370944  
_________________________________________________________________
dense (Dense)                (None, 512)               1049088   
_________________________________________________________________
dropout (Dropout)            (None, 512)               0         
_________________________________________________________________
batch_normalization (BatchNo (None, 512)               2048      
_________________________________________________________________
dense_1 (Dense)              (None, 256)               131328    
_________________________________________________________________
dropout_1 (Dropout)          (None, 256)               0         
_________________________________________________________________
batch_normalization_1 (Batch (None, 256)               1024      
_________________________________________________________________
dense_2 (Dense)              (None, 2)                 514       
=================================================================
Total params: 59,554,946
Trainable params: 1,182,466
Non-trainable params: 58,372,480
_________________________________________________________________
Fitting ISIC2016+ISIC2017+ISIC2018+PAD_UFES_20+MEDNODE_aug_ResNet152_150h_150w_None model...
model_name: ISIC2016+ISIC2017+ISIC2018+PAD_UFES_20+MEDNODE_aug_ResNet152_150h_150w_None
Epoch: 1 loss: 0.7814 accuracy: 0.5912 val_loss: 0.6483 val_accuracy: 0.5182
Epoch: 2 loss: 0.6882 accuracy: 0.6531 val_loss: 0.6199 val_accuracy: 0.6087
Epoch: 3 loss: 0.6591 accuracy: 0.6719 val_loss: 0.5586 val_accuracy: 0.8918
Epoch: 4 loss: 0.6457 accuracy: 0.6774 val_loss: 0.6523 val_accuracy: 0.5546
Epoch: 5 loss: 0.6311 accuracy: 0.6874 val_loss: 0.6307 val_accuracy: 0.6264
Epoch: 6 loss: 0.6231 accuracy: 0.6973 val_loss: 0.4972 val_accuracy: 0.8791
Epoch: 7 loss: 0.6056 accuracy: 0.7027 val_loss: 0.6298 val_accuracy: 0.5703
Epoch: 8 loss: 0.5973 accuracy: 0.7097 val_loss: 0.5948 val_accuracy: 0.8918
Epoch: 9 loss: 0.5984 accuracy: 0.7174 val_loss: 0.4781 val_accuracy: 0.8918
Epoch: 10 loss: 0.5946 accuracy: 0.7187 val_loss: 0.4357 val_accuracy: 0.8918
Epoch: 11 loss: 0.5944 accuracy: 0.7189 val_loss: 0.4244 val_accuracy: 0.8918
Epoch: 12 loss: 0.5945 accuracy: 0.7187 val_loss: 0.4327 val_accuracy: 0.8918
Epoch: 13 loss: 0.5939 accuracy: 0.7190 val_loss: 0.4260 val_accuracy: 0.8918
Epoch: 14 loss: 0.5940 accuracy: 0.7190 val_loss: 0.4297 val_accuracy: 0.8918
Epoch: 15 loss: 0.5943 accuracy: 0.7188 val_loss: 0.4343 val_accuracy: 0.8918
Epoch: 16 loss: 0.5942 accuracy: 0.7188 val_loss: 0.4352 val_accuracy: 0.8918
Epoch: 17 loss: 0.5942 accuracy: 0.7188 val_loss: 0.4257 val_accuracy: 0.8918
Epoch: 18 loss: 0.5944 accuracy: 0.7186 val_loss: 0.4281 val_accuracy: 0.8918
Epoch: 19 loss: 0.5943 accuracy: 0.7187 val_loss: 0.4352 val_accuracy: 0.8918
Epoch: 20 loss: 0.5940 accuracy: 0.7189 val_loss: 0.4250 val_accuracy: 0.8918
Job ended!
