Fri 01 Mar 2024 07:55:17 PM EST
Python 3.9.7
nvcc: NVIDIA (R) Cuda compiler driver
Copyright (c) 2005-2019 NVIDIA Corporation
Built on Sun_Jul_28_19:07:16_PDT_2019
Cuda compilation tools, release 10.1, V10.1.243
My SLURM_ARRAY_TASK_ID: 
DB: ['ISIC2016', 'ISIC2017', 'ISIC2018', 'ISIC2019', 'ISIC2020']
IMG_SIZE: [150, 150]
CLASSIFIER: ResNet152
SELF_AUG: 1
JOB_INDEX: None
Combining...
Combining 1 db out of 1 dbs
Stacking training images
Stacking training labels
Stacking validation images
Stacking validation labels
Model: "sequential"
_________________________________________________________________
Layer (type)                 Output Shape              Param #   
=================================================================
resnet152 (Functional)       (None, 2048)              58370944  
_________________________________________________________________
dense (Dense)                (None, 512)               1049088   
_________________________________________________________________
dropout (Dropout)            (None, 512)               0         
_________________________________________________________________
batch_normalization (BatchNo (None, 512)               2048      
_________________________________________________________________
dense_1 (Dense)              (None, 256)               131328    
_________________________________________________________________
dropout_1 (Dropout)          (None, 256)               0         
_________________________________________________________________
batch_normalization_1 (Batch (None, 256)               1024      
_________________________________________________________________
dense_2 (Dense)              (None, 2)                 514       
=================================================================
Total params: 59,554,946
Trainable params: 1,182,466
Non-trainable params: 58,372,480
_________________________________________________________________
Fitting ISIC2016+ISIC2017+ISIC2018+ISIC2019+ISIC2020_aug_ResNet152_150h_150w_None model...
model_name: ISIC2016+ISIC2017+ISIC2018+ISIC2019+ISIC2020_aug_ResNet152_150h_150w_None
Epoch: 1 loss: 0.8230 accuracy: 0.6479 val_loss: 0.4475 val_accuracy: 0.8167
Epoch: 2 loss: 0.6233 accuracy: 0.7277 val_loss: 0.4294 val_accuracy: 0.8167
Epoch: 3 loss: 0.5363 accuracy: 0.7702 val_loss: 0.4421 val_accuracy: 0.8111
Epoch: 4 loss: 0.4666 accuracy: 0.7988 val_loss: 0.4318 val_accuracy: 0.8111
Epoch: 5 loss: 0.4286 accuracy: 0.7901 val_loss: 0.4576 val_accuracy: 0.8000
Epoch: 6 loss: 0.3799 accuracy: 0.8213 val_loss: 0.4387 val_accuracy: 0.8056
Epoch: 7 loss: 0.3176 accuracy: 0.8682 val_loss: 0.4565 val_accuracy: 0.8111
Epoch: 8 loss: 0.2805 accuracy: 0.8777 val_loss: 0.4668 val_accuracy: 0.8167
Epoch: 9 loss: 0.2930 accuracy: 0.8760 val_loss: 0.4821 val_accuracy: 0.7944
Epoch: 10 loss: 0.2563 accuracy: 0.8907 val_loss: 0.4910 val_accuracy: 0.8000
Epoch: 11 loss: 0.2527 accuracy: 0.8951 val_loss: 0.5126 val_accuracy: 0.7889
Epoch: 12 loss: 0.2260 accuracy: 0.9115 val_loss: 0.5193 val_accuracy: 0.8000
Epoch: 13 loss: 0.2024 accuracy: 0.9176 val_loss: 0.5389 val_accuracy: 0.7889
Epoch: 14 loss: 0.1912 accuracy: 0.9219 val_loss: 0.5383 val_accuracy: 0.7778
Epoch: 15 loss: 0.1766 accuracy: 0.9367 val_loss: 0.5493 val_accuracy: 0.7889
Epoch: 16 loss: 0.1506 accuracy: 0.9410 val_loss: 0.5341 val_accuracy: 0.7889
Epoch: 17 loss: 0.1508 accuracy: 0.9384 val_loss: 0.5499 val_accuracy: 0.8000
Epoch: 18 loss: 0.1330 accuracy: 0.9506 val_loss: 0.5468 val_accuracy: 0.7944
Epoch: 19 loss: 0.1243 accuracy: 0.9497 val_loss: 0.5522 val_accuracy: 0.8167
Epoch: 20 loss: 0.1405 accuracy: 0.9428 val_loss: 0.5650 val_accuracy: 0.8222
Job ended!
