Sun 03 Mar 2024 02:04:20 AM EST
Python 3.9.7
nvcc: NVIDIA (R) Cuda compiler driver
Copyright (c) 2005-2019 NVIDIA Corporation
Built on Sun_Jul_28_19:07:16_PDT_2019
Cuda compilation tools, release 10.1, V10.1.243
My SLURM_ARRAY_TASK_ID: 
DB: ['ISIC2016', 'ISIC2017', 'ISIC2018', 'ISIC2019', 'ISIC2020', '_7_point_criteria', 'PAD_UFES_20']
IMG_SIZE: [150, 150]
CLASSIFIER: ResNet152
SELF_AUG: 1
JOB_INDEX: None
Combining...
Combining 1 db out of 7 dbs
Combining 2 db out of 7 dbs
Combining 3 db out of 7 dbs
Combining 4 db out of 7 dbs
Combining 5 db out of 7 dbs
Combining 6 db out of 7 dbs
Combining 7 db out of 7 dbs
Stacking training images
Stacking training labels
Stacking validation images
Stacking validation labels
Model: "sequential"
_________________________________________________________________
Layer (type)                 Output Shape              Param #   
=================================================================
resnet152 (Functional)       (None, 2048)              58370944  
_________________________________________________________________
dense (Dense)                (None, 512)               1049088   
_________________________________________________________________
dropout (Dropout)            (None, 512)               0         
_________________________________________________________________
batch_normalization (BatchNo (None, 512)               2048      
_________________________________________________________________
dense_1 (Dense)              (None, 256)               131328    
_________________________________________________________________
dropout_1 (Dropout)          (None, 256)               0         
_________________________________________________________________
batch_normalization_1 (Batch (None, 256)               1024      
_________________________________________________________________
dense_2 (Dense)              (None, 2)                 514       
=================================================================
Total params: 59,554,946
Trainable params: 1,182,466
Non-trainable params: 58,372,480
_________________________________________________________________
Fitting ISIC2016+ISIC2017+ISIC2018+ISIC2019+ISIC2020+_7_point_criteria+PAD_UFES_20_aug_ResNet152_150h_150w_None model...
model_name: ISIC2016+ISIC2017+ISIC2018+ISIC2019+ISIC2020+_7_point_criteria+PAD_UFES_20_aug_ResNet152_150h_150w_None
Epoch: 1 loss: 0.4511 accuracy: 0.7989 val_loss: 0.1995 val_accuracy: 0.9287
Epoch: 2 loss: 0.3603 accuracy: 0.8362 val_loss: 0.1974 val_accuracy: 0.9286
Epoch: 3 loss: 0.3359 accuracy: 0.8478 val_loss: 0.1851 val_accuracy: 0.9321
Epoch: 4 loss: 0.3208 accuracy: 0.8555 val_loss: 0.1863 val_accuracy: 0.9321
Epoch: 5 loss: 0.3089 accuracy: 0.8616 val_loss: 0.1777 val_accuracy: 0.9331
Epoch: 6 loss: 0.2999 accuracy: 0.8661 val_loss: 0.1779 val_accuracy: 0.9360
Epoch: 7 loss: 0.2897 accuracy: 0.8711 val_loss: 0.1733 val_accuracy: 0.9350
Epoch: 8 loss: 0.2845 accuracy: 0.8733 val_loss: 0.1716 val_accuracy: 0.9397
Epoch: 9 loss: 0.2766 accuracy: 0.8777 val_loss: 0.1733 val_accuracy: 0.9385
Epoch: 10 loss: 0.2707 accuracy: 0.8817 val_loss: 0.1754 val_accuracy: 0.9381
Epoch: 11 loss: 0.2640 accuracy: 0.8845 val_loss: 0.1689 val_accuracy: 0.9418
Epoch: 12 loss: 0.2568 accuracy: 0.8878 val_loss: 0.1700 val_accuracy: 0.9413
Epoch: 13 loss: 0.2498 accuracy: 0.8899 val_loss: 0.1701 val_accuracy: 0.9405
Epoch: 14 loss: 0.2456 accuracy: 0.8934 val_loss: 0.1681 val_accuracy: 0.9422
Epoch: 15 loss: 0.2407 accuracy: 0.8942 val_loss: 0.1723 val_accuracy: 0.9385
Epoch: 16 loss: 0.2340 accuracy: 0.8984 val_loss: 0.1720 val_accuracy: 0.9434
Epoch: 17 loss: 0.2313 accuracy: 0.9000 val_loss: 0.1697 val_accuracy: 0.9404
Epoch: 18 loss: 0.2255 accuracy: 0.9028 val_loss: 0.1713 val_accuracy: 0.9430
Epoch: 19 loss: 0.2214 accuracy: 0.9041 val_loss: 0.1745 val_accuracy: 0.9451
Epoch: 20 loss: 0.2134 accuracy: 0.9069 val_loss: 0.1688 val_accuracy: 0.9456
Job ended!
