Sun 03 Mar 2024 01:58:37 AM EST
Python 3.9.7
nvcc: NVIDIA (R) Cuda compiler driver
Copyright (c) 2005-2019 NVIDIA Corporation
Built on Sun_Jul_28_19:07:16_PDT_2019
Cuda compilation tools, release 10.1, V10.1.243
My SLURM_ARRAY_TASK_ID: 
DB: ['ISIC2016']
IMG_SIZE: [150, 150]
CLASSIFIER: ResNet152
SELF_AUG: 1
JOB_INDEX: None
Combining...
Combining 1 db out of 1 dbs
Stacking training images
Stacking training labels
Stacking validation images
Stacking validation labels
Model: "sequential"
_________________________________________________________________
Layer (type)                 Output Shape              Param #   
=================================================================
resnet152 (Functional)       (None, 2048)              58370944  
_________________________________________________________________
dense (Dense)                (None, 512)               1049088   
_________________________________________________________________
dropout (Dropout)            (None, 512)               0         
_________________________________________________________________
batch_normalization (BatchNo (None, 512)               2048      
_________________________________________________________________
dense_1 (Dense)              (None, 256)               131328    
_________________________________________________________________
dropout_1 (Dropout)          (None, 256)               0         
_________________________________________________________________
batch_normalization_1 (Batch (None, 256)               1024      
_________________________________________________________________
dense_2 (Dense)              (None, 2)                 514       
=================================================================
Total params: 59,554,946
Trainable params: 1,182,466
Non-trainable params: 58,372,480
_________________________________________________________________
Fitting ISIC2016_aug_ResNet152_150h_150w_None model...
model_name: ISIC2016_aug_ResNet152_150h_150w_None
Epoch: 1 loss: 0.8597 accuracy: 0.6470 val_loss: 0.4988 val_accuracy: 0.7833
Epoch: 2 loss: 0.5947 accuracy: 0.7346 val_loss: 0.4487 val_accuracy: 0.7944
Epoch: 3 loss: 0.5029 accuracy: 0.7658 val_loss: 0.4355 val_accuracy: 0.8222
Epoch: 4 loss: 0.4798 accuracy: 0.7788 val_loss: 0.4251 val_accuracy: 0.7944
Epoch: 5 loss: 0.3644 accuracy: 0.8413 val_loss: 0.4070 val_accuracy: 0.8111
Epoch: 6 loss: 0.3339 accuracy: 0.8465 val_loss: 0.4137 val_accuracy: 0.8167
Epoch: 7 loss: 0.3452 accuracy: 0.8500 val_loss: 0.3953 val_accuracy: 0.8389
Epoch: 8 loss: 0.2956 accuracy: 0.8829 val_loss: 0.4098 val_accuracy: 0.8222
Epoch: 9 loss: 0.2901 accuracy: 0.8734 val_loss: 0.4079 val_accuracy: 0.8222
Epoch: 10 loss: 0.2382 accuracy: 0.9029 val_loss: 0.4306 val_accuracy: 0.8278
Epoch: 11 loss: 0.2274 accuracy: 0.9202 val_loss: 0.4390 val_accuracy: 0.8167
Epoch: 12 loss: 0.2217 accuracy: 0.9150 val_loss: 0.4297 val_accuracy: 0.8167
Epoch: 13 loss: 0.1991 accuracy: 0.9185 val_loss: 0.4527 val_accuracy: 0.8000
Epoch: 14 loss: 0.1646 accuracy: 0.9419 val_loss: 0.4706 val_accuracy: 0.7944
Epoch: 15 loss: 0.1713 accuracy: 0.9488 val_loss: 0.4601 val_accuracy: 0.8111
Epoch: 16 loss: 0.1594 accuracy: 0.9376 val_loss: 0.4936 val_accuracy: 0.7944
Epoch: 17 loss: 0.1273 accuracy: 0.9584 val_loss: 0.4927 val_accuracy: 0.8222
Epoch: 18 loss: 0.1314 accuracy: 0.9540 val_loss: 0.4945 val_accuracy: 0.8167
Epoch: 19 loss: 0.1227 accuracy: 0.9575 val_loss: 0.4885 val_accuracy: 0.8000
Epoch: 20 loss: 0.1234 accuracy: 0.9497 val_loss: 0.4800 val_accuracy: 0.8111
Job ended!
