Thu 02 May 2024 01:59:13 PM EDT
Python 3.9.7
nvcc: NVIDIA (R) Cuda compiler driver
Copyright (c) 2005-2019 NVIDIA Corporation
Built on Sun_Jul_28_19:07:16_PDT_2019
Cuda compilation tools, release 10.1, V10.1.243
My SLURM_ARRAY_TASK_ID: 
DB: ['ISIC2016', 'ISIC2020']
IMG_SIZE: [384, 384]
CLASSIFIER: ResNet152
JOB_INDEX: None
Start training augmented images
Combining...
Combining 1th db out of 2 dbs
Combining 2th db out of 2 dbs
Stacking data
Combining complete
Model: "sequential"
_________________________________________________________________
Layer (type)                 Output Shape              Param #   
=================================================================
resnet152 (Functional)       (None, 2048)              58370944  
_________________________________________________________________
dense (Dense)                (None, 512)               1049088   
_________________________________________________________________
dropout (Dropout)            (None, 512)               0         
_________________________________________________________________
batch_normalization (BatchNo (None, 512)               2048      
_________________________________________________________________
dense_1 (Dense)              (None, 256)               131328    
_________________________________________________________________
batch_normalization_1 (Batch (None, 256)               1024      
_________________________________________________________________
dense_2 (Dense)              (None, 2)                 514       
=================================================================
Total params: 59,554,946
Trainable params: 1,182,466
Non-trainable params: 58,372,480
_________________________________________________________________
Fitting ISIC2016+ISIC2020_aug_ResNet152_384h_384w_None model...
model_name: ISIC2016+ISIC2020_aug_ResNet152_384h_384w_None
Epoch: 1 loss: 0.9544 accuracy: 0.6553 val_loss: 0.8096 val_accuracy: 0.9057
Epoch: 2 loss: 0.6991 accuracy: 0.7726 val_loss: 0.8582 val_accuracy: 0.0961
Epoch: 3 loss: 0.6529 accuracy: 0.7963 val_loss: 0.4288 val_accuracy: 0.9774
Epoch: 4 loss: 0.6207 accuracy: 0.8017 val_loss: 0.3803 val_accuracy: 0.9650
Epoch: 5 loss: 0.5983 accuracy: 0.8031 val_loss: 0.3451 val_accuracy: 0.9775
Epoch: 6 loss: 0.5827 accuracy: 0.8084 val_loss: 0.3309 val_accuracy: 0.9774
Epoch: 7 loss: 0.5877 accuracy: 0.8008 val_loss: 0.1902 val_accuracy: 0.9775
Epoch: 8 loss: 0.5647 accuracy: 0.8018 val_loss: 0.1977 val_accuracy: 0.9775
Epoch: 9 loss: 0.5497 accuracy: 0.8031 val_loss: 0.2815 val_accuracy: 0.9597
Epoch: 10 loss: 0.5250 accuracy: 0.8036 val_loss: 0.2523 val_accuracy: 0.9687
Epoch: 11 loss: 0.5071 accuracy: 0.8023 val_loss: 0.1798 val_accuracy: 0.9772
Epoch: 12 loss: 0.4801 accuracy: 0.8044 val_loss: 0.1749 val_accuracy: 0.9655
Epoch: 13 loss: 0.4599 accuracy: 0.8105 val_loss: 0.2767 val_accuracy: 0.9775
Epoch: 14 loss: 0.4488 accuracy: 0.8170 val_loss: 0.2185 val_accuracy: 0.9769
Epoch: 15 loss: 0.4507 accuracy: 0.8151 val_loss: 0.2026 val_accuracy: 0.9775
Epoch: 16 loss: 0.4969 accuracy: 0.8085 val_loss: 0.1653 val_accuracy: 0.9775
Epoch: 17 loss: 0.5079 accuracy: 0.8068 val_loss: 0.2307 val_accuracy: 0.9775
Epoch: 18 loss: 0.5173 accuracy: 0.8000 val_loss: 0.3151 val_accuracy: 0.9775
Epoch: 19 loss: 0.5105 accuracy: 0.8037 val_loss: 0.1183 val_accuracy: 0.9775
Epoch: 20 loss: 0.5122 accuracy: 0.8027 val_loss: 0.4075 val_accuracy: 0.9774
Epoch: 21 loss: 0.4987 accuracy: 0.8103 val_loss: 0.1199 val_accuracy: 0.9775
Epoch: 22 loss: 0.5036 accuracy: 0.8054 val_loss: 0.3922 val_accuracy: 0.9775
Epoch: 23 loss: 0.5087 accuracy: 0.8013 val_loss: 0.2193 val_accuracy: 0.9775
Epoch: 24 loss: 0.5070 accuracy: 0.8034 val_loss: 0.2519 val_accuracy: 0.9775

Epoch 00024: ReduceLROnPlateau reducing learning rate to 7.999999797903001e-05.
Epoch: 25 loss: 0.4953 accuracy: 0.8049 val_loss: 0.2279 val_accuracy: 0.9775
Epoch: 26 loss: 0.4985 accuracy: 0.8078 val_loss: 0.2518 val_accuracy: 0.9775
Epoch: 27 loss: 0.4972 accuracy: 0.8070 val_loss: 0.1407 val_accuracy: 0.9775
Epoch: 28 loss: 0.4985 accuracy: 0.8056 val_loss: 0.2209 val_accuracy: 0.9775
Epoch: 29 loss: 0.4983 accuracy: 0.8052 val_loss: 0.1922 val_accuracy: 0.9775

Epoch 00029: ReduceLROnPlateau reducing learning rate to 6.399999838322402e-05.
End of augmented training
Finish
Job ended!
