Wed 28 Feb 2024 04:37:35 AM EST
Python 3.9.7
nvcc: NVIDIA (R) Cuda compiler driver
Copyright (c) 2005-2019 NVIDIA Corporation
Built on Sun_Jul_28_19:07:16_PDT_2019
Cuda compilation tools, release 10.1, V10.1.243
My SLURM_ARRAY_TASK_ID: 
DB: ['ISIC2016', 'ISIC2020', 'PH2', '_7_point_criteria']
IMG_SIZE: [150, 150]
CLASSIFIER: ResNet152
SELF_AUG: 1
JOB_INDEX: None
Combining...
Combining 1 db out of 4 dbs
Combining 2 db out of 4 dbs
Combining 3 db out of 4 dbs
Combining 4 db out of 4 dbs
Stacking training images
Stacking training labels
Stacking validation images
Stacking validation labels
Model: "sequential"
_________________________________________________________________
Layer (type)                 Output Shape              Param #   
=================================================================
resnet152 (Functional)       (None, 2048)              58370944  
_________________________________________________________________
dense (Dense)                (None, 512)               1049088   
_________________________________________________________________
dropout (Dropout)            (None, 512)               0         
_________________________________________________________________
batch_normalization (BatchNo (None, 512)               2048      
_________________________________________________________________
dense_1 (Dense)              (None, 256)               131328    
_________________________________________________________________
dropout_1 (Dropout)          (None, 256)               0         
_________________________________________________________________
batch_normalization_1 (Batch (None, 256)               1024      
_________________________________________________________________
dense_2 (Dense)              (None, 2)                 514       
=================================================================
Total params: 59,554,946
Trainable params: 1,182,466
Non-trainable params: 58,372,480
_________________________________________________________________
Fitting ISIC2016+ISIC2020+PH2+_7_point_criteria_aug_ResNet152_150h_150w_None model...
model_name: ISIC2016+ISIC2020+PH2+_7_point_criteria_aug_ResNet152_150h_150w_None
Epoch: 1 loss: 0.5949 accuracy: 0.7094 val_loss: 1.5698 val_accuracy: 0.0287
Epoch: 2 loss: 0.4861 accuracy: 0.7846 val_loss: 0.4814 val_accuracy: 0.7583
Epoch: 3 loss: 0.4692 accuracy: 0.7943 val_loss: 0.4004 val_accuracy: 0.8884
Epoch: 4 loss: 0.4619 accuracy: 0.7986 val_loss: 0.2993 val_accuracy: 0.9712
Epoch: 5 loss: 0.4557 accuracy: 0.8019 val_loss: 0.5856 val_accuracy: 0.9712
Epoch: 6 loss: 0.5001 accuracy: 0.8014 val_loss: 0.2555 val_accuracy: 0.9712
Epoch: 7 loss: 0.4987 accuracy: 0.8014 val_loss: 0.2596 val_accuracy: 0.9712
Epoch: 8 loss: 0.4987 accuracy: 0.8014 val_loss: 0.2531 val_accuracy: 0.9712
Epoch: 9 loss: 0.4987 accuracy: 0.8014 val_loss: 0.2638 val_accuracy: 0.9712
Epoch: 10 loss: 0.4986 accuracy: 0.8014 val_loss: 0.2628 val_accuracy: 0.9712
Epoch: 11 loss: 0.4987 accuracy: 0.8013 val_loss: 0.2519 val_accuracy: 0.9712
Epoch: 12 loss: 0.4985 accuracy: 0.8015 val_loss: 0.2695 val_accuracy: 0.9712
Epoch: 13 loss: 0.4987 accuracy: 0.8013 val_loss: 0.2422 val_accuracy: 0.9712
Epoch: 14 loss: 0.4986 accuracy: 0.8014 val_loss: 0.2634 val_accuracy: 0.9712
Epoch: 15 loss: 0.4985 accuracy: 0.8014 val_loss: 0.2640 val_accuracy: 0.9712
Epoch: 16 loss: 0.4985 accuracy: 0.8014 val_loss: 0.2539 val_accuracy: 0.9712
Epoch: 17 loss: 0.4986 accuracy: 0.8014 val_loss: 0.2628 val_accuracy: 0.9712
Epoch: 18 loss: 0.4987 accuracy: 0.8013 val_loss: 0.2682 val_accuracy: 0.9712
Epoch: 19 loss: 0.4985 accuracy: 0.8014 val_loss: 0.2679 val_accuracy: 0.9712
Epoch: 20 loss: 0.4987 accuracy: 0.8013 val_loss: 0.2665 val_accuracy: 0.9712
Job ended!
