Thu 02 May 2024 11:09:25 AM EDT
Python 3.9.7
nvcc: NVIDIA (R) Cuda compiler driver
Copyright (c) 2005-2019 NVIDIA Corporation
Built on Sun_Jul_28_19:07:16_PDT_2019
Cuda compilation tools, release 10.1, V10.1.243
My SLURM_ARRAY_TASK_ID: 
DB: ['ISIC2016', 'ISIC2017', 'ISIC2018', 'ISIC2019', 'ISIC2020']
IMG_SIZE: [384, 384]
CLASSIFIER: ResNet152
JOB_INDEX: None
Start training augmented images
Combining...
Combining 1th db out of 5 dbs
Combining 2th db out of 5 dbs
Combining 3th db out of 5 dbs
Combining 4th db out of 5 dbs
Combining 5th db out of 5 dbs
Stacking data
Combining complete
Model: "sequential"
_________________________________________________________________
Layer (type)                 Output Shape              Param #   
=================================================================
resnet152 (Functional)       (None, 2048)              58370944  
_________________________________________________________________
dense (Dense)                (None, 512)               1049088   
_________________________________________________________________
dropout (Dropout)            (None, 512)               0         
_________________________________________________________________
batch_normalization (BatchNo (None, 512)               2048      
_________________________________________________________________
dense_1 (Dense)              (None, 256)               131328    
_________________________________________________________________
batch_normalization_1 (Batch (None, 256)               1024      
_________________________________________________________________
dense_2 (Dense)              (None, 2)                 514       
=================================================================
Total params: 59,554,946
Trainable params: 1,182,466
Non-trainable params: 58,372,480
_________________________________________________________________
Fitting ISIC2016+ISIC2017+ISIC2018+ISIC2019+ISIC2020_aug_ResNet152_384h_384w_None model...
model_name: ISIC2016+ISIC2017+ISIC2018+ISIC2019+ISIC2020_aug_ResNet152_384h_384w_None
Epoch: 1 loss: 0.8560 accuracy: 0.6714 val_loss: 0.5369 val_accuracy: 0.9091
Epoch: 2 loss: 0.6862 accuracy: 0.7308 val_loss: 0.4900 val_accuracy: 0.9087
Epoch: 3 loss: 0.6259 accuracy: 0.7542 val_loss: 0.3859 val_accuracy: 0.9091
Epoch: 4 loss: 0.6301 accuracy: 0.7371 val_loss: 0.3924 val_accuracy: 0.9070
Epoch: 5 loss: 0.5934 accuracy: 0.7442 val_loss: 0.3796 val_accuracy: 0.8820
Epoch: 6 loss: 0.5828 accuracy: 0.7355 val_loss: 0.3317 val_accuracy: 0.9091
Epoch: 7 loss: 0.5542 accuracy: 0.7489 val_loss: 0.3378 val_accuracy: 0.9091
Epoch: 8 loss: 0.5944 accuracy: 0.7264 val_loss: 3.4817 val_accuracy: 0.0920
Epoch: 9 loss: 0.5822 accuracy: 0.7318 val_loss: 0.3916 val_accuracy: 0.9104
Epoch: 10 loss: 0.5319 accuracy: 0.7550 val_loss: 0.3366 val_accuracy: 0.8835
Epoch: 11 loss: 0.5080 accuracy: 0.7651 val_loss: 1.0341 val_accuracy: 0.1165

Epoch 00011: ReduceLROnPlateau reducing learning rate to 7.999999797903001e-05.
Epoch: 12 loss: 0.4980 accuracy: 0.7694 val_loss: 1.2105 val_accuracy: 0.1022
Epoch: 13 loss: 0.4949 accuracy: 0.7720 val_loss: 0.4250 val_accuracy: 0.8356
Epoch: 14 loss: 0.4889 accuracy: 0.7753 val_loss: 0.4541 val_accuracy: 0.8156
Epoch: 15 loss: 0.4816 accuracy: 0.7801 val_loss: 1.3465 val_accuracy: 0.1064
Epoch: 16 loss: 0.4789 accuracy: 0.7803 val_loss: 1.1981 val_accuracy: 0.1081

Epoch 00016: ReduceLROnPlateau reducing learning rate to 6.399999838322402e-05.
End of augmented training
Finish
Job ended!
