Thu 02 May 2024 08:24:31 AM EDT
Python 3.9.7
nvcc: NVIDIA (R) Cuda compiler driver
Copyright (c) 2005-2019 NVIDIA Corporation
Built on Sun_Jul_28_19:07:16_PDT_2019
Cuda compilation tools, release 10.1, V10.1.243
My SLURM_ARRAY_TASK_ID: 
DB: ['ISIC2016', 'ISIC2017', 'ISIC2018', 'ISIC2019', 'ISIC2020', 'MEDNODE', 'KaggleMB']
IMG_SIZE: [384, 384]
CLASSIFIER: ResNet152
JOB_INDEX: None
Start training augmented images
Combining...
Combining 1th db out of 7 dbs
Combining 2th db out of 7 dbs
Combining 3th db out of 7 dbs
Combining 4th db out of 7 dbs
Combining 5th db out of 7 dbs
Combining 6th db out of 7 dbs
Combining 7th db out of 7 dbs
Stacking data
Combining complete
Model: "sequential"
_________________________________________________________________
Layer (type)                 Output Shape              Param #   
=================================================================
resnet152 (Functional)       (None, 2048)              58370944  
_________________________________________________________________
dense (Dense)                (None, 512)               1049088   
_________________________________________________________________
dropout (Dropout)            (None, 512)               0         
_________________________________________________________________
batch_normalization (BatchNo (None, 512)               2048      
_________________________________________________________________
dense_1 (Dense)              (None, 256)               131328    
_________________________________________________________________
batch_normalization_1 (Batch (None, 256)               1024      
_________________________________________________________________
dense_2 (Dense)              (None, 2)                 514       
=================================================================
Total params: 59,554,946
Trainable params: 1,182,466
Non-trainable params: 58,372,480
_________________________________________________________________
Fitting ISIC2016+ISIC2017+ISIC2018+ISIC2019+ISIC2020+MEDNODE+KaggleMB_aug_ResNet152_384h_384w_None model...
model_name: ISIC2016+ISIC2017+ISIC2018+ISIC2019+ISIC2020+MEDNODE+KaggleMB_aug_ResNet152_384h_384w_None
Epoch: 1 loss: 0.8635 accuracy: 0.6618 val_loss: 0.5763 val_accuracy: 0.8941
Epoch: 2 loss: 0.6923 accuracy: 0.7250 val_loss: 0.5294 val_accuracy: 0.8940
Epoch: 3 loss: 0.6360 accuracy: 0.7421 val_loss: 0.4076 val_accuracy: 0.8943
Epoch: 4 loss: 0.5893 accuracy: 0.7570 val_loss: 0.4299 val_accuracy: 0.8760
Epoch: 5 loss: 0.5522 accuracy: 0.7669 val_loss: 0.3760 val_accuracy: 0.8821
Epoch: 6 loss: 0.5292 accuracy: 0.7695 val_loss: 0.3600 val_accuracy: 0.8938
Epoch: 7 loss: 0.5275 accuracy: 0.7646 val_loss: 0.3553 val_accuracy: 0.8932
Epoch: 8 loss: 0.5054 accuracy: 0.7752 val_loss: 0.4360 val_accuracy: 0.8943
Epoch: 9 loss: 0.5866 accuracy: 0.7228 val_loss: 0.3586 val_accuracy: 0.8941
Epoch: 10 loss: 0.5877 accuracy: 0.7213 val_loss: 0.4132 val_accuracy: 0.8941
Epoch: 11 loss: 0.6060 accuracy: 0.7120 val_loss: 0.3976 val_accuracy: 0.8941
Epoch: 12 loss: 0.6048 accuracy: 0.7120 val_loss: 0.4470 val_accuracy: 0.8941

Epoch 00012: ReduceLROnPlateau reducing learning rate to 7.999999797903001e-05.
Epoch: 13 loss: 0.6031 accuracy: 0.7122 val_loss: 0.5169 val_accuracy: 0.8941
Epoch: 14 loss: 0.5987 accuracy: 0.7121 val_loss: 0.3549 val_accuracy: 0.8940
Epoch: 15 loss: 0.5648 accuracy: 0.7361 val_loss: 0.3786 val_accuracy: 0.8781
Epoch: 16 loss: 0.5506 accuracy: 0.7445 val_loss: 0.4105 val_accuracy: 0.8732
Epoch: 17 loss: 0.5299 accuracy: 0.7548 val_loss: 1.0312 val_accuracy: 0.1805
Epoch: 18 loss: 0.5150 accuracy: 0.7632 val_loss: 0.3831 val_accuracy: 0.8941
Epoch: 19 loss: 0.5064 accuracy: 0.7697 val_loss: 0.5687 val_accuracy: 0.7695

Epoch 00019: ReduceLROnPlateau reducing learning rate to 6.399999838322402e-05.
Epoch: 20 loss: 0.5708 accuracy: 0.7300 val_loss: 0.3803 val_accuracy: 0.8941
Epoch: 21 loss: 0.6029 accuracy: 0.7100 val_loss: 0.5384 val_accuracy: 0.8941
Epoch: 22 loss: 0.6012 accuracy: 0.7119 val_loss: 0.4654 val_accuracy: 0.8941
Epoch: 23 loss: 0.6005 accuracy: 0.7126 val_loss: 0.4316 val_accuracy: 0.8941
Epoch: 24 loss: 0.6006 accuracy: 0.7122 val_loss: 0.4322 val_accuracy: 0.8941

Epoch 00024: ReduceLROnPlateau reducing learning rate to 5.119999987073243e-05.
End of augmented training
Finish
Job ended!
