Wed 28 Feb 2024 02:50:12 AM EST
Python 3.9.7
nvcc: NVIDIA (R) Cuda compiler driver
Copyright (c) 2005-2019 NVIDIA Corporation
Built on Sun_Jul_28_19:07:16_PDT_2019
Cuda compilation tools, release 10.1, V10.1.243
My SLURM_ARRAY_TASK_ID: 
DB: ['ISIC2016', 'ISIC2017', 'ISIC2018']
IMG_SIZE: [150, 150]
CLASSIFIER: ResNet152
SELF_AUG: 1
JOB_INDEX: None
Combining...
Combining 1 db out of 3 dbs
Combining 2 db out of 3 dbs
Combining 3 db out of 3 dbs
Stacking training images
Stacking training labels
Stacking validation images
Stacking validation labels
Model: "sequential"
_________________________________________________________________
Layer (type)                 Output Shape              Param #   
=================================================================
resnet152 (Functional)       (None, 2048)              58370944  
_________________________________________________________________
dense (Dense)                (None, 512)               1049088   
_________________________________________________________________
dropout (Dropout)            (None, 512)               0         
_________________________________________________________________
batch_normalization (BatchNo (None, 512)               2048      
_________________________________________________________________
dense_1 (Dense)              (None, 256)               131328    
_________________________________________________________________
dropout_1 (Dropout)          (None, 256)               0         
_________________________________________________________________
batch_normalization_1 (Batch (None, 256)               1024      
_________________________________________________________________
dense_2 (Dense)              (None, 2)                 514       
=================================================================
Total params: 59,554,946
Trainable params: 1,182,466
Non-trainable params: 58,372,480
_________________________________________________________________
Fitting ISIC2016+ISIC2017+ISIC2018_aug_ResNet152_150h_150w_None model...
model_name: ISIC2016+ISIC2017+ISIC2018_aug_ResNet152_150h_150w_None
Epoch: 1 loss: 0.7994 accuracy: 0.5896 val_loss: 0.7706 val_accuracy: 0.5124
Epoch: 2 loss: 0.7012 accuracy: 0.6423 val_loss: 0.6965 val_accuracy: 0.5966
Epoch: 3 loss: 0.6870 accuracy: 0.6556 val_loss: 0.6559 val_accuracy: 0.6157
Epoch: 4 loss: 0.6661 accuracy: 0.6641 val_loss: 0.8606 val_accuracy: 0.3403
Epoch: 5 loss: 0.6483 accuracy: 0.6772 val_loss: 0.6301 val_accuracy: 0.6233
Epoch: 6 loss: 0.6303 accuracy: 0.6827 val_loss: 0.6982 val_accuracy: 0.5010
Epoch: 7 loss: 0.6153 accuracy: 0.6966 val_loss: 0.5076 val_accuracy: 0.8337
Epoch: 8 loss: 0.6065 accuracy: 0.7070 val_loss: 0.5026 val_accuracy: 0.8337
Epoch: 9 loss: 0.6051 accuracy: 0.7072 val_loss: 0.4920 val_accuracy: 0.8337
Epoch: 10 loss: 0.6052 accuracy: 0.7070 val_loss: 0.4940 val_accuracy: 0.8337
Epoch: 11 loss: 0.6049 accuracy: 0.7069 val_loss: 0.4911 val_accuracy: 0.8337
Epoch: 12 loss: 0.6049 accuracy: 0.7070 val_loss: 0.4922 val_accuracy: 0.8337
Epoch: 13 loss: 0.6049 accuracy: 0.7071 val_loss: 0.4902 val_accuracy: 0.8337
Epoch: 14 loss: 0.6050 accuracy: 0.7069 val_loss: 0.4961 val_accuracy: 0.8337
Epoch: 15 loss: 0.6049 accuracy: 0.7070 val_loss: 0.4895 val_accuracy: 0.8337
Epoch: 16 loss: 0.6046 accuracy: 0.7074 val_loss: 0.4900 val_accuracy: 0.8337
Epoch: 17 loss: 0.6046 accuracy: 0.7073 val_loss: 0.4959 val_accuracy: 0.8337
Epoch: 18 loss: 0.6051 accuracy: 0.7069 val_loss: 0.4947 val_accuracy: 0.8337
Epoch: 19 loss: 0.6048 accuracy: 0.7072 val_loss: 0.4927 val_accuracy: 0.8337
Epoch: 20 loss: 0.6049 accuracy: 0.7071 val_loss: 0.4906 val_accuracy: 0.8337
Job ended!
