Fri 01 Mar 2024 07:59:59 PM EST
Python 3.9.7
nvcc: NVIDIA (R) Cuda compiler driver
Copyright (c) 2005-2019 NVIDIA Corporation
Built on Sun_Jul_28_19:07:16_PDT_2019
Cuda compilation tools, release 10.1, V10.1.243
My SLURM_ARRAY_TASK_ID: 
DB: ['ISIC2016', 'ISIC2020']
IMG_SIZE: [150, 150]
CLASSIFIER: ResNet152
SELF_AUG: 1
JOB_INDEX: None
Combining...
Combining 1 db out of 1 dbs
Stacking training images
Stacking training labels
Stacking validation images
Stacking validation labels
Model: "sequential"
_________________________________________________________________
Layer (type)                 Output Shape              Param #   
=================================================================
resnet152 (Functional)       (None, 2048)              58370944  
_________________________________________________________________
dense (Dense)                (None, 512)               1049088   
_________________________________________________________________
dropout (Dropout)            (None, 512)               0         
_________________________________________________________________
batch_normalization (BatchNo (None, 512)               2048      
_________________________________________________________________
dense_1 (Dense)              (None, 256)               131328    
_________________________________________________________________
dropout_1 (Dropout)          (None, 256)               0         
_________________________________________________________________
batch_normalization_1 (Batch (None, 256)               1024      
_________________________________________________________________
dense_2 (Dense)              (None, 2)                 514       
=================================================================
Total params: 59,554,946
Trainable params: 1,182,466
Non-trainable params: 58,372,480
_________________________________________________________________
Fitting ISIC2016+ISIC2020_aug_ResNet152_150h_150w_None model...
model_name: ISIC2016+ISIC2020_aug_ResNet152_150h_150w_None
Epoch: 1 loss: 0.8527 accuracy: 0.6522 val_loss: 0.4781 val_accuracy: 0.8167
Epoch: 2 loss: 0.5881 accuracy: 0.7303 val_loss: 0.5040 val_accuracy: 0.8111
Epoch: 3 loss: 0.5283 accuracy: 0.7676 val_loss: 0.4299 val_accuracy: 0.8000
Epoch: 4 loss: 0.4413 accuracy: 0.8023 val_loss: 0.4187 val_accuracy: 0.8167
Epoch: 5 loss: 0.3996 accuracy: 0.8300 val_loss: 0.4187 val_accuracy: 0.8167
Epoch: 6 loss: 0.3865 accuracy: 0.8311 val_loss: 0.4448 val_accuracy: 0.8167
Epoch: 7 loss: 0.3316 accuracy: 0.8543 val_loss: 0.4903 val_accuracy: 0.8000
Epoch: 8 loss: 0.3046 accuracy: 0.8734 val_loss: 0.4813 val_accuracy: 0.7833
Epoch: 9 loss: 0.2901 accuracy: 0.8838 val_loss: 0.4765 val_accuracy: 0.7778
Epoch: 10 loss: 0.2429 accuracy: 0.9055 val_loss: 0.4915 val_accuracy: 0.7889
Epoch: 11 loss: 0.2282 accuracy: 0.9011 val_loss: 0.4766 val_accuracy: 0.8167
Epoch: 12 loss: 0.2365 accuracy: 0.9098 val_loss: 0.4885 val_accuracy: 0.8056
Epoch: 13 loss: 0.1885 accuracy: 0.9245 val_loss: 0.5045 val_accuracy: 0.7889
Epoch: 14 loss: 0.1708 accuracy: 0.9367 val_loss: 0.4956 val_accuracy: 0.8056
Epoch: 15 loss: 0.1722 accuracy: 0.9376 val_loss: 0.5076 val_accuracy: 0.7944
Epoch: 16 loss: 0.1651 accuracy: 0.9367 val_loss: 0.5477 val_accuracy: 0.7889
Epoch: 17 loss: 0.1319 accuracy: 0.9549 val_loss: 0.5591 val_accuracy: 0.7611
Epoch: 18 loss: 0.1332 accuracy: 0.9540 val_loss: 0.5846 val_accuracy: 0.7667
Epoch: 19 loss: 0.1267 accuracy: 0.9523 val_loss: 0.6224 val_accuracy: 0.7833
Epoch: 20 loss: 0.1168 accuracy: 0.9662 val_loss: 0.5737 val_accuracy: 0.7778
Job ended!
