Wed 28 Feb 2024 03:31:59 AM EST
Python 3.9.7
nvcc: NVIDIA (R) Cuda compiler driver
Copyright (c) 2005-2019 NVIDIA Corporation
Built on Sun_Jul_28_19:07:16_PDT_2019
Cuda compilation tools, release 10.1, V10.1.243
My SLURM_ARRAY_TASK_ID: 
DB: ['ISIC2016', 'ISIC2017', 'ISIC2018', 'ISIC2019', 'ISIC2020', 'PH2', '_7_point_criteria', 'PAD_UFES_20', 'MEDNODE']
IMG_SIZE: [150, 150]
CLASSIFIER: ResNet152
SELF_AUG: 1
JOB_INDEX: None
Combining...
Combining 1 db out of 9 dbs
Combining 2 db out of 9 dbs
Combining 3 db out of 9 dbs
Combining 4 db out of 9 dbs
Combining 5 db out of 9 dbs
Combining 6 db out of 9 dbs
Combining 7 db out of 9 dbs
Combining 8 db out of 9 dbs
Combining 9 db out of 9 dbs
Stacking training images
Stacking training labels
Stacking validation images
Stacking validation labels
Model: "sequential"
_________________________________________________________________
Layer (type)                 Output Shape              Param #   
=================================================================
resnet152 (Functional)       (None, 2048)              58370944  
_________________________________________________________________
dense (Dense)                (None, 512)               1049088   
_________________________________________________________________
dropout (Dropout)            (None, 512)               0         
_________________________________________________________________
batch_normalization (BatchNo (None, 512)               2048      
_________________________________________________________________
dense_1 (Dense)              (None, 256)               131328    
_________________________________________________________________
dropout_1 (Dropout)          (None, 256)               0         
_________________________________________________________________
batch_normalization_1 (Batch (None, 256)               1024      
_________________________________________________________________
dense_2 (Dense)              (None, 2)                 514       
=================================================================
Total params: 59,554,946
Trainable params: 1,182,466
Non-trainable params: 58,372,480
_________________________________________________________________
Fitting ISIC2016+ISIC2017+ISIC2018+ISIC2019+ISIC2020+PH2+_7_point_criteria+PAD_UFES_20+MEDNODE_aug_ResNet152_150h_150w_None model...
model_name: ISIC2016+ISIC2017+ISIC2018+ISIC2019+ISIC2020+PH2+_7_point_criteria+PAD_UFES_20+MEDNODE_aug_ResNet152_150h_150w_None
Epoch: 1 loss: 0.6441 accuracy: 0.6708 val_loss: 0.6160 val_accuracy: 0.6473
Epoch: 2 loss: 0.5747 accuracy: 0.7152 val_loss: 0.6159 val_accuracy: 0.9118
Epoch: 3 loss: 0.5891 accuracy: 0.7248 val_loss: 0.4008 val_accuracy: 0.9118
Epoch: 4 loss: 0.5884 accuracy: 0.7249 val_loss: 0.3999 val_accuracy: 0.9118
Epoch: 5 loss: 0.5885 accuracy: 0.7248 val_loss: 0.4019 val_accuracy: 0.9118
Epoch: 6 loss: 0.5884 accuracy: 0.7248 val_loss: 0.4089 val_accuracy: 0.9118
Epoch: 7 loss: 0.5885 accuracy: 0.7248 val_loss: 0.4078 val_accuracy: 0.9118
Epoch: 8 loss: 0.5884 accuracy: 0.7248 val_loss: 0.4004 val_accuracy: 0.9118
Epoch: 9 loss: 0.5884 accuracy: 0.7248 val_loss: 0.4072 val_accuracy: 0.9118
Epoch: 10 loss: 0.5884 accuracy: 0.7249 val_loss: 0.4068 val_accuracy: 0.9118
Epoch: 11 loss: 0.5884 accuracy: 0.7248 val_loss: 0.4142 val_accuracy: 0.9118
Epoch: 12 loss: 0.5884 accuracy: 0.7248 val_loss: 0.4143 val_accuracy: 0.9118
Epoch: 13 loss: 0.5884 accuracy: 0.7248 val_loss: 0.4065 val_accuracy: 0.9118
Epoch: 14 loss: 0.5885 accuracy: 0.7248 val_loss: 0.4091 val_accuracy: 0.9118
Epoch: 15 loss: 0.5884 accuracy: 0.7249 val_loss: 0.4008 val_accuracy: 0.9118
Epoch: 16 loss: 0.5884 accuracy: 0.7249 val_loss: 0.4023 val_accuracy: 0.9118
Epoch: 17 loss: 0.5884 accuracy: 0.7248 val_loss: 0.4096 val_accuracy: 0.9118
Epoch: 18 loss: 0.5884 accuracy: 0.7248 val_loss: 0.4105 val_accuracy: 0.9118
Epoch: 19 loss: 0.5884 accuracy: 0.7248 val_loss: 0.4103 val_accuracy: 0.9118
Epoch: 20 loss: 0.5884 accuracy: 0.7248 val_loss: 0.4057 val_accuracy: 0.9118
Job ended!
