Fri 01 Mar 2024 07:51:51 PM EST
Python 3.9.7
nvcc: NVIDIA (R) Cuda compiler driver
Copyright (c) 2005-2019 NVIDIA Corporation
Built on Sun_Jul_28_19:07:16_PDT_2019
Cuda compilation tools, release 10.1, V10.1.243
My SLURM_ARRAY_TASK_ID: 
DB: ['ISIC2016', '_7_point_criteria']
IMG_SIZE: [150, 150]
CLASSIFIER: ResNet152
SELF_AUG: 1
JOB_INDEX: None
Combining...
Combining 1 db out of 1 dbs
Stacking training images
Stacking training labels
Stacking validation images
Stacking validation labels
Model: "sequential"
_________________________________________________________________
Layer (type)                 Output Shape              Param #   
=================================================================
resnet152 (Functional)       (None, 2048)              58370944  
_________________________________________________________________
dense (Dense)                (None, 512)               1049088   
_________________________________________________________________
dropout (Dropout)            (None, 512)               0         
_________________________________________________________________
batch_normalization (BatchNo (None, 512)               2048      
_________________________________________________________________
dense_1 (Dense)              (None, 256)               131328    
_________________________________________________________________
dropout_1 (Dropout)          (None, 256)               0         
_________________________________________________________________
batch_normalization_1 (Batch (None, 256)               1024      
_________________________________________________________________
dense_2 (Dense)              (None, 2)                 514       
=================================================================
Total params: 59,554,946
Trainable params: 1,182,466
Non-trainable params: 58,372,480
_________________________________________________________________
Fitting ISIC2016+_7_point_criteria_aug_ResNet152_150h_150w_None model...
model_name: ISIC2016+_7_point_criteria_aug_ResNet152_150h_150w_None
Epoch: 1 loss: 0.8115 accuracy: 0.6496 val_loss: 0.5332 val_accuracy: 0.8000
Epoch: 2 loss: 0.6235 accuracy: 0.7225 val_loss: 0.5121 val_accuracy: 0.8056
Epoch: 3 loss: 0.5228 accuracy: 0.7676 val_loss: 0.5036 val_accuracy: 0.8056
Epoch: 4 loss: 0.4315 accuracy: 0.8057 val_loss: 0.4789 val_accuracy: 0.7944
Epoch: 5 loss: 0.4199 accuracy: 0.8118 val_loss: 0.4926 val_accuracy: 0.7722
Epoch: 6 loss: 0.3704 accuracy: 0.8448 val_loss: 0.4725 val_accuracy: 0.8056
Epoch: 7 loss: 0.3389 accuracy: 0.8491 val_loss: 0.4659 val_accuracy: 0.8111
Epoch: 8 loss: 0.3048 accuracy: 0.8734 val_loss: 0.5056 val_accuracy: 0.7778
Epoch: 9 loss: 0.2791 accuracy: 0.8777 val_loss: 0.4901 val_accuracy: 0.8000
Epoch: 10 loss: 0.2358 accuracy: 0.9029 val_loss: 0.5078 val_accuracy: 0.8111
Epoch: 11 loss: 0.2139 accuracy: 0.9150 val_loss: 0.4995 val_accuracy: 0.8111
Epoch: 12 loss: 0.2367 accuracy: 0.9089 val_loss: 0.5365 val_accuracy: 0.8056
Epoch: 13 loss: 0.1962 accuracy: 0.9254 val_loss: 0.5512 val_accuracy: 0.7889
Epoch: 14 loss: 0.1830 accuracy: 0.9202 val_loss: 0.5688 val_accuracy: 0.7722
Epoch: 15 loss: 0.1420 accuracy: 0.9471 val_loss: 0.5600 val_accuracy: 0.8111
Epoch: 16 loss: 0.1455 accuracy: 0.9454 val_loss: 0.6050 val_accuracy: 0.7833
Epoch: 17 loss: 0.1496 accuracy: 0.9428 val_loss: 0.5976 val_accuracy: 0.7778
Epoch: 18 loss: 0.1262 accuracy: 0.9636 val_loss: 0.5954 val_accuracy: 0.7944
Epoch: 19 loss: 0.1070 accuracy: 0.9662 val_loss: 0.5938 val_accuracy: 0.8000
Epoch: 20 loss: 0.0994 accuracy: 0.9696 val_loss: 0.6284 val_accuracy: 0.7944
Job ended!
