DB: ['ISIC2019']
CLASSIFIER: Densenet161
JOB_INDEX: None
Start training ISIC2019_Densenet161
Combining...
Combining 1th db out of 1 dbs
Stacking data
Combining complete
Epoch 0/29
----------
Train Loss: 0.5170 Acc: 0.7339
Val Loss: 0.4754 Acc: 0.7588

Epoch 1/29
----------
Train Loss: 0.4712 Acc: 0.7733
Val Loss: 0.3613 Acc: 0.8315

Epoch 2/29
----------
Train Loss: 0.4291 Acc: 0.7946
Val Loss: 0.4041 Acc: 0.8113

Epoch 3/29
----------
Train Loss: 0.4017 Acc: 0.8136
Val Loss: 0.3257 Acc: 0.8530

Epoch 4/29
----------
Train Loss: 0.3819 Acc: 0.8241
Val Loss: 0.2831 Acc: 0.8776

Epoch 5/29
----------
Train Loss: 0.3516 Acc: 0.8384
Val Loss: 0.3436 Acc: 0.8484

Epoch 6/29
----------
Train Loss: 0.3392 Acc: 0.8471
Val Loss: 0.3477 Acc: 0.8455

Epoch 7/29
----------
Train Loss: 0.2944 Acc: 0.8750
Val Loss: 0.3007 Acc: 0.8697

Epoch 8/29
----------
Train Loss: 0.2776 Acc: 0.8808
Val Loss: 0.3178 Acc: 0.8615

Epoch 9/29
----------
Train Loss: 0.2760 Acc: 0.8820
Val Loss: 0.3264 Acc: 0.8502

Epoch 10/29
----------
Train Loss: 0.2674 Acc: 0.8849
Val Loss: 0.3010 Acc: 0.8682

Epoch 11/29
----------
Train Loss: 0.2560 Acc: 0.8901
Val Loss: 0.3023 Acc: 0.8684

Epoch 12/29
----------
Train Loss: 0.2620 Acc: 0.8877
Val Loss: 0.2968 Acc: 0.8694

Epoch 13/29
----------
Train Loss: 0.2569 Acc: 0.8910
Val Loss: 0.2846 Acc: 0.8798

Epoch 14/29
----------
Train Loss: 0.2471 Acc: 0.8946
Val Loss: 0.2982 Acc: 0.8711

Epoch 15/29
----------
Train Loss: 0.2454 Acc: 0.8953
Val Loss: 0.2883 Acc: 0.8767

Epoch 16/29
----------
Train Loss: 0.2441 Acc: 0.8972
Val Loss: 0.2887 Acc: 0.8737

Epoch 17/29
----------
Train Loss: 0.2445 Acc: 0.8965
Val Loss: 0.2853 Acc: 0.8774

Epoch 18/29
----------
Train Loss: 0.2448 Acc: 0.8974
Val Loss: 0.2937 Acc: 0.8735

Epoch 19/29
----------
Train Loss: 0.2429 Acc: 0.8969
Val Loss: 0.2822 Acc: 0.8796

Epoch 20/29
----------
Train Loss: 0.2468 Acc: 0.8972
Val Loss: 0.2761 Acc: 0.8838

Epoch 21/29
----------
Train Loss: 0.2431 Acc: 0.8975
Val Loss: 0.3033 Acc: 0.8692

Epoch 22/29
----------
Train Loss: 0.2415 Acc: 0.8979
Val Loss: 0.2809 Acc: 0.8792

Epoch 23/29
----------
Train Loss: 0.2423 Acc: 0.8977
Val Loss: 0.3025 Acc: 0.8692

Epoch 24/29
----------
Train Loss: 0.2442 Acc: 0.8970
Val Loss: 0.2739 Acc: 0.8834

Epoch 25/29
----------
Train Loss: 0.2399 Acc: 0.8999
Val Loss: 0.2884 Acc: 0.8747

Epoch 26/29
----------
Train Loss: 0.2361 Acc: 0.9012
Val Loss: 0.2751 Acc: 0.8820

Epoch 27/29
----------
Train Loss: 0.2386 Acc: 0.8999
Val Loss: 0.2921 Acc: 0.8731

Epoch 28/29
----------
Train Loss: 0.2374 Acc: 0.8981
Val Loss: 0.2765 Acc: 0.8814

Epoch 29/29
----------
Train Loss: 0.2409 Acc: 0.8975
Val Loss: 0.2902 Acc: 0.8753

Training complete in 153m 43s
Best val Acc: 0.883758
Finished training ISIC2019_Densenet161
