Fri 01 Mar 2024 05:14:22 AM EST
Python 3.9.7
nvcc: NVIDIA (R) Cuda compiler driver
Copyright (c) 2005-2019 NVIDIA Corporation
Built on Sun_Jul_28_19:07:16_PDT_2019
Cuda compilation tools, release 10.1, V10.1.243
My SLURM_ARRAY_TASK_ID: 
DB: ['ISIC2016', 'ISIC2020', 'PH2']
IMG_SIZE: [150, 150]
CLASSIFIER: EfficientNetB2
SELF_AUG: 1
JOB_INDEX: None
Combining...
Combining 1 db out of 3 dbs
Combining 2 db out of 3 dbs
Combining 3 db out of 3 dbs
Stacking training images
Stacking training labels
Stacking validation images
Stacking validation labels
Model: "sequential"
_________________________________________________________________
Layer (type)                 Output Shape              Param #   
=================================================================
efficientnetb2 (Functional)  (None, 1408)              7768569   
_________________________________________________________________
dense (Dense)                (None, 512)               721408    
_________________________________________________________________
dropout (Dropout)            (None, 512)               0         
_________________________________________________________________
batch_normalization (BatchNo (None, 512)               2048      
_________________________________________________________________
dense_1 (Dense)              (None, 256)               131328    
_________________________________________________________________
dropout_1 (Dropout)          (None, 256)               0         
_________________________________________________________________
batch_normalization_1 (Batch (None, 256)               1024      
_________________________________________________________________
dense_2 (Dense)              (None, 2)                 514       
=================================================================
Total params: 8,624,891
Trainable params: 854,786
Non-trainable params: 7,770,105
_________________________________________________________________
Fitting ISIC2016+ISIC2020+PH2_aug_EfficientNetB2_150h_150w_None model...
model_name: ISIC2016+ISIC2020+PH2_aug_EfficientNetB2_150h_150w_None
Epoch: 1 loss: 0.4602 accuracy: 0.8042 val_loss: 0.1107 val_accuracy: 0.9765
Epoch: 2 loss: 0.3101 accuracy: 0.8632 val_loss: 0.0868 val_accuracy: 0.9783
Epoch: 3 loss: 0.2827 accuracy: 0.8730 val_loss: 0.0871 val_accuracy: 0.9774
Epoch: 4 loss: 0.2701 accuracy: 0.8785 val_loss: 0.0822 val_accuracy: 0.9769
Epoch: 5 loss: 0.2593 accuracy: 0.8822 val_loss: 0.0829 val_accuracy: 0.9774
Epoch: 6 loss: 0.2522 accuracy: 0.8866 val_loss: 0.0820 val_accuracy: 0.9775
Epoch: 7 loss: 0.2458 accuracy: 0.8912 val_loss: 0.0855 val_accuracy: 0.9780
Epoch: 8 loss: 0.2402 accuracy: 0.8917 val_loss: 0.0802 val_accuracy: 0.9780
Epoch: 9 loss: 0.2370 accuracy: 0.8949 val_loss: 0.0788 val_accuracy: 0.9785
Epoch: 10 loss: 0.2332 accuracy: 0.8976 val_loss: 0.0836 val_accuracy: 0.9777
Epoch: 11 loss: 0.2307 accuracy: 0.8971 val_loss: 0.0819 val_accuracy: 0.9772
Epoch: 12 loss: 0.2239 accuracy: 0.9008 val_loss: 0.0805 val_accuracy: 0.9790
Epoch: 13 loss: 0.2197 accuracy: 0.9019 val_loss: 0.0828 val_accuracy: 0.9787
Epoch: 14 loss: 0.2183 accuracy: 0.9038 val_loss: 0.0880 val_accuracy: 0.9765
Epoch: 15 loss: 0.2122 accuracy: 0.9051 val_loss: 0.0819 val_accuracy: 0.9797
Epoch: 16 loss: 0.2099 accuracy: 0.9074 val_loss: 0.0884 val_accuracy: 0.9750
Epoch: 17 loss: 0.2078 accuracy: 0.9083 val_loss: 0.0863 val_accuracy: 0.9766
Epoch: 18 loss: 0.2044 accuracy: 0.9103 val_loss: 0.0813 val_accuracy: 0.9784
Epoch: 19 loss: 0.2024 accuracy: 0.9100 val_loss: 0.0909 val_accuracy: 0.9771
Epoch: 20 loss: 0.2013 accuracy: 0.9121 val_loss: 0.0870 val_accuracy: 0.9777
Job ended!
