Fri 01 Mar 2024 03:33:19 AM EST
Python 3.9.7
nvcc: NVIDIA (R) Cuda compiler driver
Copyright (c) 2005-2019 NVIDIA Corporation
Built on Sun_Jul_28_19:07:16_PDT_2019
Cuda compilation tools, release 10.1, V10.1.243
My SLURM_ARRAY_TASK_ID: 
DB: ['ISIC2016', 'ISIC2017', 'ISIC2018', 'MEDNODE', 'KaggleMB']
IMG_SIZE: [150, 150]
CLASSIFIER: EfficientNetB1
SELF_AUG: 1
JOB_INDEX: None
Combining...
Combining 1 db out of 5 dbs
Combining 2 db out of 5 dbs
Combining 3 db out of 5 dbs
Combining 4 db out of 5 dbs
Combining 5 db out of 5 dbs
Stacking training images
Stacking training labels
Stacking validation images
Stacking validation labels
Model: "sequential"
_________________________________________________________________
Layer (type)                 Output Shape              Param #   
=================================================================
efficientnetb1 (Functional)  (None, 1280)              6575239   
_________________________________________________________________
dense (Dense)                (None, 512)               655872    
_________________________________________________________________
dropout (Dropout)            (None, 512)               0         
_________________________________________________________________
batch_normalization (BatchNo (None, 512)               2048      
_________________________________________________________________
dense_1 (Dense)              (None, 256)               131328    
_________________________________________________________________
dropout_1 (Dropout)          (None, 256)               0         
_________________________________________________________________
batch_normalization_1 (Batch (None, 256)               1024      
_________________________________________________________________
dense_2 (Dense)              (None, 2)                 514       
=================================================================
Total params: 7,366,025
Trainable params: 789,250
Non-trainable params: 6,576,775
_________________________________________________________________
Fitting ISIC2016+ISIC2017+ISIC2018+MEDNODE+KaggleMB_aug_EfficientNetB1_150h_150w_None model...
model_name: ISIC2016+ISIC2017+ISIC2018+MEDNODE+KaggleMB_aug_EfficientNetB1_150h_150w_None
Epoch: 1 loss: 0.6121 accuracy: 0.7221 val_loss: 0.4478 val_accuracy: 0.7899
Epoch: 2 loss: 0.5033 accuracy: 0.7661 val_loss: 0.4189 val_accuracy: 0.7972
Epoch: 3 loss: 0.4675 accuracy: 0.7841 val_loss: 0.3870 val_accuracy: 0.8276
Epoch: 4 loss: 0.4493 accuracy: 0.7909 val_loss: 0.3890 val_accuracy: 0.8138
Epoch: 5 loss: 0.4252 accuracy: 0.8029 val_loss: 0.3595 val_accuracy: 0.8396
Epoch: 6 loss: 0.4154 accuracy: 0.8046 val_loss: 0.3637 val_accuracy: 0.8332
Epoch: 7 loss: 0.4026 accuracy: 0.8119 val_loss: 0.3500 val_accuracy: 0.8452
Epoch: 8 loss: 0.3973 accuracy: 0.8172 val_loss: 0.3419 val_accuracy: 0.8442
Epoch: 9 loss: 0.3870 accuracy: 0.8211 val_loss: 0.3802 val_accuracy: 0.8332
Epoch: 10 loss: 0.3778 accuracy: 0.8284 val_loss: 0.3385 val_accuracy: 0.8516
Epoch: 11 loss: 0.3707 accuracy: 0.8307 val_loss: 0.3492 val_accuracy: 0.8369
Epoch: 12 loss: 0.3668 accuracy: 0.8330 val_loss: 0.3311 val_accuracy: 0.8433
Epoch: 13 loss: 0.3623 accuracy: 0.8349 val_loss: 0.3415 val_accuracy: 0.8433
Epoch: 14 loss: 0.3557 accuracy: 0.8413 val_loss: 0.3416 val_accuracy: 0.8433
Epoch: 15 loss: 0.3542 accuracy: 0.8389 val_loss: 0.3473 val_accuracy: 0.8442
Epoch: 16 loss: 0.3476 accuracy: 0.8444 val_loss: 0.3293 val_accuracy: 0.8442
Epoch: 17 loss: 0.3416 accuracy: 0.8464 val_loss: 0.3111 val_accuracy: 0.8636
Epoch: 18 loss: 0.3363 accuracy: 0.8507 val_loss: 0.3404 val_accuracy: 0.8525
Epoch: 19 loss: 0.3329 accuracy: 0.8509 val_loss: 0.3090 val_accuracy: 0.8664
Epoch: 20 loss: 0.3318 accuracy: 0.8524 val_loss: 0.3146 val_accuracy: 0.8664
Job ended!
