Tue 27 Feb 2024 05:40:25 AM EST
Python 3.9.7
nvcc: NVIDIA (R) Cuda compiler driver
Copyright (c) 2005-2019 NVIDIA Corporation
Built on Sun_Jul_28_19:07:16_PDT_2019
Cuda compilation tools, release 10.1, V10.1.243
My SLURM_ARRAY_TASK_ID: 
DB: ['ISIC2016', '_7_point_criteria', 'PAD_UFES_20']
IMG_SIZE: [150, 150]
CLASSIFIER: EfficientNetB1
SELF_AUG: 1
JOB_INDEX: None
Combining...
Combining 1 db out of 3 dbs
Combining 2 db out of 3 dbs
Combining 3 db out of 3 dbs
Stacking training images
Stacking training labels
Stacking validation images
Stacking validation labels
Model: "sequential"
_________________________________________________________________
Layer (type)                 Output Shape              Param #   
=================================================================
efficientnetb1 (Functional)  (None, 1280)              6575239   
_________________________________________________________________
dense (Dense)                (None, 512)               655872    
_________________________________________________________________
dropout (Dropout)            (None, 512)               0         
_________________________________________________________________
batch_normalization (BatchNo (None, 512)               2048      
_________________________________________________________________
dense_1 (Dense)              (None, 256)               131328    
_________________________________________________________________
dropout_1 (Dropout)          (None, 256)               0         
_________________________________________________________________
batch_normalization_1 (Batch (None, 256)               1024      
_________________________________________________________________
dense_2 (Dense)              (None, 2)                 514       
=================================================================
Total params: 7,366,025
Trainable params: 789,250
Non-trainable params: 6,576,775
_________________________________________________________________
Fitting ISIC2016+_7_point_criteria+PAD_UFES_20_aug_EfficientNetB1_150h_150w_None model...
model_name: ISIC2016+_7_point_criteria+PAD_UFES_20_aug_EfficientNetB1_150h_150w_None
Epoch: 1 loss: 0.6619 accuracy: 0.6188 val_loss: 0.5798 val_accuracy: 0.8743
Epoch: 2 loss: 0.6127 accuracy: 0.7280 val_loss: 0.5053 val_accuracy: 0.8743
Epoch: 3 loss: 0.5851 accuracy: 0.7401 val_loss: 0.4688 val_accuracy: 0.8743
Epoch: 4 loss: 0.5776 accuracy: 0.7401 val_loss: 0.4477 val_accuracy: 0.8743
Epoch: 5 loss: 0.5747 accuracy: 0.7392 val_loss: 0.4346 val_accuracy: 0.8743
Epoch: 6 loss: 0.5735 accuracy: 0.7401 val_loss: 0.4406 val_accuracy: 0.8743
Epoch: 7 loss: 0.5724 accuracy: 0.7415 val_loss: 0.4254 val_accuracy: 0.8743
Epoch: 8 loss: 0.5735 accuracy: 0.7408 val_loss: 0.4150 val_accuracy: 0.8743
Epoch: 9 loss: 0.5730 accuracy: 0.7410 val_loss: 0.4355 val_accuracy: 0.8743
Epoch: 10 loss: 0.5726 accuracy: 0.7408 val_loss: 0.4237 val_accuracy: 0.8743
Epoch: 11 loss: 0.5739 accuracy: 0.7399 val_loss: 0.4318 val_accuracy: 0.8743
Epoch: 12 loss: 0.5729 accuracy: 0.7406 val_loss: 0.4348 val_accuracy: 0.8743
Epoch: 13 loss: 0.5734 accuracy: 0.7399 val_loss: 0.4266 val_accuracy: 0.8743
Epoch: 14 loss: 0.5715 accuracy: 0.7415 val_loss: 0.4292 val_accuracy: 0.8743
Epoch: 15 loss: 0.5725 accuracy: 0.7410 val_loss: 0.4356 val_accuracy: 0.8743
Epoch: 16 loss: 0.5732 accuracy: 0.7401 val_loss: 0.4336 val_accuracy: 0.8743
Epoch: 17 loss: 0.5720 accuracy: 0.7413 val_loss: 0.4315 val_accuracy: 0.8743
Epoch: 18 loss: 0.5726 accuracy: 0.7408 val_loss: 0.4344 val_accuracy: 0.8743
Epoch: 19 loss: 0.5730 accuracy: 0.7404 val_loss: 0.4324 val_accuracy: 0.8743
Epoch: 20 loss: 0.5729 accuracy: 0.7404 val_loss: 0.4351 val_accuracy: 0.8743
Job ended!
