Fri 01 Mar 2024 03:40:13 AM EST
Python 3.9.7
nvcc: NVIDIA (R) Cuda compiler driver
Copyright (c) 2005-2019 NVIDIA Corporation
Built on Sun_Jul_28_19:07:16_PDT_2019
Cuda compilation tools, release 10.1, V10.1.243
My SLURM_ARRAY_TASK_ID: 
DB: ['ISIC2016', 'ISIC2018', 'ISIC2019']
IMG_SIZE: [150, 150]
CLASSIFIER: EfficientNetB1
SELF_AUG: 1
JOB_INDEX: None
Combining...
Combining 1 db out of 3 dbs
Combining 2 db out of 3 dbs
Combining 3 db out of 3 dbs
Stacking training images
Stacking training labels
Stacking validation images
Stacking validation labels
Model: "sequential"
_________________________________________________________________
Layer (type)                 Output Shape              Param #   
=================================================================
efficientnetb1 (Functional)  (None, 1280)              6575239   
_________________________________________________________________
dense (Dense)                (None, 512)               655872    
_________________________________________________________________
dropout (Dropout)            (None, 512)               0         
_________________________________________________________________
batch_normalization (BatchNo (None, 512)               2048      
_________________________________________________________________
dense_1 (Dense)              (None, 256)               131328    
_________________________________________________________________
dropout_1 (Dropout)          (None, 256)               0         
_________________________________________________________________
batch_normalization_1 (Batch (None, 256)               1024      
_________________________________________________________________
dense_2 (Dense)              (None, 2)                 514       
=================================================================
Total params: 7,366,025
Trainable params: 789,250
Non-trainable params: 6,576,775
_________________________________________________________________
Fitting ISIC2016+ISIC2018+ISIC2019_aug_EfficientNetB1_150h_150w_None model...
model_name: ISIC2016+ISIC2018+ISIC2019_aug_EfficientNetB1_150h_150w_None
Epoch: 1 loss: 0.5786 accuracy: 0.7358 val_loss: 0.3440 val_accuracy: 0.8570
Epoch: 2 loss: 0.4791 accuracy: 0.7765 val_loss: 0.3258 val_accuracy: 0.8667
Epoch: 3 loss: 0.4529 accuracy: 0.7866 val_loss: 0.3211 val_accuracy: 0.8697
Epoch: 4 loss: 0.4316 accuracy: 0.7993 val_loss: 0.3141 val_accuracy: 0.8704
Epoch: 5 loss: 0.4181 accuracy: 0.8049 val_loss: 0.3116 val_accuracy: 0.8741
Epoch: 6 loss: 0.4082 accuracy: 0.8100 val_loss: 0.3031 val_accuracy: 0.8748
Epoch: 7 loss: 0.4020 accuracy: 0.8138 val_loss: 0.3012 val_accuracy: 0.8772
Epoch: 8 loss: 0.3939 accuracy: 0.8201 val_loss: 0.2989 val_accuracy: 0.8783
Epoch: 9 loss: 0.3870 accuracy: 0.8226 val_loss: 0.2959 val_accuracy: 0.8792
Epoch: 10 loss: 0.3813 accuracy: 0.8247 val_loss: 0.2994 val_accuracy: 0.8778
Epoch: 11 loss: 0.3772 accuracy: 0.8262 val_loss: 0.2909 val_accuracy: 0.8800
Epoch: 12 loss: 0.3716 accuracy: 0.8300 val_loss: 0.2937 val_accuracy: 0.8776
Epoch: 13 loss: 0.3667 accuracy: 0.8314 val_loss: 0.2842 val_accuracy: 0.8824
Epoch: 14 loss: 0.3627 accuracy: 0.8340 val_loss: 0.2890 val_accuracy: 0.8796
Epoch: 15 loss: 0.3604 accuracy: 0.8345 val_loss: 0.2960 val_accuracy: 0.8801
Epoch: 16 loss: 0.3550 accuracy: 0.8378 val_loss: 0.2803 val_accuracy: 0.8888
Epoch: 17 loss: 0.3516 accuracy: 0.8384 val_loss: 0.2757 val_accuracy: 0.8866
Epoch: 18 loss: 0.3457 accuracy: 0.8419 val_loss: 0.2852 val_accuracy: 0.8827
Epoch: 19 loss: 0.3437 accuracy: 0.8437 val_loss: 0.2775 val_accuracy: 0.8879
Epoch: 20 loss: 0.3401 accuracy: 0.8456 val_loss: 0.2720 val_accuracy: 0.8895
Job ended!
