Thu 29 Feb 2024 02:24:06 PM EST
Python 3.9.7
nvcc: NVIDIA (R) Cuda compiler driver
Copyright (c) 2005-2019 NVIDIA Corporation
Built on Sun_Jul_28_19:07:16_PDT_2019
Cuda compilation tools, release 10.1, V10.1.243
My SLURM_ARRAY_TASK_ID: 
DB: ['ISIC2016', 'ISIC2017', 'ISIC2018']
IMG_SIZE: [150, 150]
CLASSIFIER: DenseNet201
SELF_AUG: 1
JOB_INDEX: None
Combining...
Combining 1 db out of 3 dbs
Combining 2 db out of 3 dbs
Combining 3 db out of 3 dbs
Stacking training images
Stacking training labels
Stacking validation images
Stacking validation labels
Model: "sequential"
_________________________________________________________________
Layer (type)                 Output Shape              Param #   
=================================================================
densenet201 (Functional)     (None, 1920)              18321984  
_________________________________________________________________
dense (Dense)                (None, 512)               983552    
_________________________________________________________________
dropout (Dropout)            (None, 512)               0         
_________________________________________________________________
batch_normalization (BatchNo (None, 512)               2048      
_________________________________________________________________
dense_1 (Dense)              (None, 256)               131328    
_________________________________________________________________
dropout_1 (Dropout)          (None, 256)               0         
_________________________________________________________________
batch_normalization_1 (Batch (None, 256)               1024      
_________________________________________________________________
dense_2 (Dense)              (None, 2)                 514       
=================================================================
Total params: 19,440,450
Trainable params: 1,116,930
Non-trainable params: 18,323,520
_________________________________________________________________
Fitting ISIC2016+ISIC2017+ISIC2018_aug_DenseNet201_150h_150w_None model...
model_name: ISIC2016+ISIC2017+ISIC2018_aug_DenseNet201_150h_150w_None
Epoch: 1 loss: 0.5888 accuracy: 0.7332 val_loss: 0.3600 val_accuracy: 0.8623
Epoch: 2 loss: 0.4452 accuracy: 0.8035 val_loss: 0.3506 val_accuracy: 0.8489
Epoch: 3 loss: 0.4084 accuracy: 0.8179 val_loss: 0.3285 val_accuracy: 0.8662
Epoch: 4 loss: 0.3734 accuracy: 0.8355 val_loss: 0.3194 val_accuracy: 0.8738
Epoch: 5 loss: 0.3603 accuracy: 0.8417 val_loss: 0.3122 val_accuracy: 0.8757
Epoch: 6 loss: 0.3395 accuracy: 0.8516 val_loss: 0.3309 val_accuracy: 0.8623
Epoch: 7 loss: 0.3217 accuracy: 0.8573 val_loss: 0.3079 val_accuracy: 0.8738
Epoch: 8 loss: 0.3090 accuracy: 0.8646 val_loss: 0.2889 val_accuracy: 0.8891
Epoch: 9 loss: 0.2917 accuracy: 0.8737 val_loss: 0.2923 val_accuracy: 0.8872
Epoch: 10 loss: 0.2805 accuracy: 0.8789 val_loss: 0.2963 val_accuracy: 0.8834
Epoch: 11 loss: 0.2658 accuracy: 0.8867 val_loss: 0.2968 val_accuracy: 0.8910
Epoch: 12 loss: 0.2525 accuracy: 0.8904 val_loss: 0.3190 val_accuracy: 0.8700
Epoch: 13 loss: 0.2432 accuracy: 0.8975 val_loss: 0.3090 val_accuracy: 0.8834
Epoch: 14 loss: 0.2255 accuracy: 0.9034 val_loss: 0.3285 val_accuracy: 0.8776
Epoch: 15 loss: 0.2179 accuracy: 0.9066 val_loss: 0.2884 val_accuracy: 0.8891
Epoch: 16 loss: 0.2059 accuracy: 0.9126 val_loss: 0.3465 val_accuracy: 0.8642
Epoch: 17 loss: 0.2009 accuracy: 0.9150 val_loss: 0.3422 val_accuracy: 0.8757
Epoch: 18 loss: 0.1985 accuracy: 0.9161 val_loss: 0.3457 val_accuracy: 0.8834
Epoch: 19 loss: 0.1840 accuracy: 0.9247 val_loss: 0.3445 val_accuracy: 0.8795
Epoch: 20 loss: 0.1764 accuracy: 0.9268 val_loss: 0.3038 val_accuracy: 0.8987
Job ended!
