Thu 29 Feb 2024 05:21:19 PM EST
Python 3.9.7
nvcc: NVIDIA (R) Cuda compiler driver
Copyright (c) 2005-2019 NVIDIA Corporation
Built on Sun_Jul_28_19:07:16_PDT_2019
Cuda compilation tools, release 10.1, V10.1.243
My SLURM_ARRAY_TASK_ID: 
DB: ['ISIC2016', 'PAD_UFES_20', 'MEDNODE']
IMG_SIZE: [150, 150]
CLASSIFIER: DenseNet201
SELF_AUG: 1
JOB_INDEX: None
Combining...
Combining 1 db out of 3 dbs
Combining 2 db out of 3 dbs
Combining 3 db out of 3 dbs
Stacking training images
Stacking training labels
Stacking validation images
Stacking validation labels
Model: "sequential"
_________________________________________________________________
Layer (type)                 Output Shape              Param #   
=================================================================
densenet201 (Functional)     (None, 1920)              18321984  
_________________________________________________________________
dense (Dense)                (None, 512)               983552    
_________________________________________________________________
dropout (Dropout)            (None, 512)               0         
_________________________________________________________________
batch_normalization (BatchNo (None, 512)               2048      
_________________________________________________________________
dense_1 (Dense)              (None, 256)               131328    
_________________________________________________________________
dropout_1 (Dropout)          (None, 256)               0         
_________________________________________________________________
batch_normalization_1 (Batch (None, 256)               1024      
_________________________________________________________________
dense_2 (Dense)              (None, 2)                 514       
=================================================================
Total params: 19,440,450
Trainable params: 1,116,930
Non-trainable params: 18,323,520
_________________________________________________________________
Fitting ISIC2016+PAD_UFES_20+MEDNODE_aug_DenseNet201_150h_150w_None model...
model_name: ISIC2016+PAD_UFES_20+MEDNODE_aug_DenseNet201_150h_150w_None
Epoch: 1 loss: 0.7479 accuracy: 0.6610 val_loss: 0.3650 val_accuracy: 0.8813
Epoch: 2 loss: 0.5460 accuracy: 0.7609 val_loss: 0.2502 val_accuracy: 0.9228
Epoch: 3 loss: 0.4518 accuracy: 0.8025 val_loss: 0.2547 val_accuracy: 0.9169
Epoch: 4 loss: 0.3966 accuracy: 0.8329 val_loss: 0.2152 val_accuracy: 0.9214
Epoch: 5 loss: 0.3321 accuracy: 0.8631 val_loss: 0.2431 val_accuracy: 0.9139
Epoch: 6 loss: 0.2924 accuracy: 0.8770 val_loss: 0.2074 val_accuracy: 0.9347
Epoch: 7 loss: 0.2680 accuracy: 0.8941 val_loss: 0.1906 val_accuracy: 0.9407
Epoch: 8 loss: 0.2501 accuracy: 0.9009 val_loss: 0.1872 val_accuracy: 0.9347
Epoch: 9 loss: 0.2277 accuracy: 0.9117 val_loss: 0.1818 val_accuracy: 0.9288
Epoch: 10 loss: 0.2034 accuracy: 0.9202 val_loss: 0.1803 val_accuracy: 0.9362
Epoch: 11 loss: 0.1904 accuracy: 0.9285 val_loss: 0.1911 val_accuracy: 0.9347
Epoch: 12 loss: 0.1707 accuracy: 0.9343 val_loss: 0.1887 val_accuracy: 0.9318
Epoch: 13 loss: 0.1485 accuracy: 0.9431 val_loss: 0.1895 val_accuracy: 0.9362
Epoch: 14 loss: 0.1395 accuracy: 0.9472 val_loss: 0.1820 val_accuracy: 0.9392
Epoch: 15 loss: 0.1364 accuracy: 0.9469 val_loss: 0.1870 val_accuracy: 0.9436
Epoch: 16 loss: 0.1211 accuracy: 0.9555 val_loss: 0.1834 val_accuracy: 0.9392
Epoch: 17 loss: 0.1193 accuracy: 0.9557 val_loss: 0.1928 val_accuracy: 0.9347
Epoch: 18 loss: 0.1056 accuracy: 0.9618 val_loss: 0.2062 val_accuracy: 0.9303
Epoch: 19 loss: 0.0931 accuracy: 0.9653 val_loss: 0.2181 val_accuracy: 0.9303
Epoch: 20 loss: 0.0961 accuracy: 0.9665 val_loss: 0.1982 val_accuracy: 0.9466
Job ended!
