Tue 27 Feb 2024 03:37:34 AM EST
Python 3.9.7
nvcc: NVIDIA (R) Cuda compiler driver
Copyright (c) 2005-2019 NVIDIA Corporation
Built on Sun_Jul_28_19:07:16_PDT_2019
Cuda compilation tools, release 10.1, V10.1.243
My SLURM_ARRAY_TASK_ID: 
DB: ['ISIC2016', 'ISIC2018', 'ISIC2019', 'ISIC2020']
IMG_SIZE: [150, 150]
CLASSIFIER: DenseNet201
SELF_AUG: 1
JOB_INDEX: None
Combining...
Combining 1 db out of 4 dbs
Combining 2 db out of 4 dbs
Combining 3 db out of 4 dbs
Combining 4 db out of 4 dbs
Stacking training images
Stacking training labels
Stacking validation images
Stacking validation labels
Model: "sequential"
_________________________________________________________________
Layer (type)                 Output Shape              Param #   
=================================================================
densenet201 (Functional)     (None, 1920)              18321984  
_________________________________________________________________
dense (Dense)                (None, 512)               983552    
_________________________________________________________________
dropout (Dropout)            (None, 512)               0         
_________________________________________________________________
batch_normalization (BatchNo (None, 512)               2048      
_________________________________________________________________
dense_1 (Dense)              (None, 256)               131328    
_________________________________________________________________
dropout_1 (Dropout)          (None, 256)               0         
_________________________________________________________________
batch_normalization_1 (Batch (None, 256)               1024      
_________________________________________________________________
dense_2 (Dense)              (None, 2)                 514       
=================================================================
Total params: 19,440,450
Trainable params: 1,116,930
Non-trainable params: 18,323,520
_________________________________________________________________
Fitting ISIC2016+ISIC2018+ISIC2019+ISIC2020_aug_DenseNet201_150h_150w_None model...
model_name: ISIC2016+ISIC2018+ISIC2019+ISIC2020_aug_DenseNet201_150h_150w_None
Epoch: 1 loss: 0.5763 accuracy: 0.7094 val_loss: 0.5739 val_accuracy: 0.6885
Epoch: 2 loss: 0.4859 accuracy: 0.7588 val_loss: 0.3078 val_accuracy: 0.8853
Epoch: 3 loss: 0.4460 accuracy: 0.7762 val_loss: 0.2664 val_accuracy: 0.9067
Epoch: 4 loss: 0.4329 accuracy: 0.7841 val_loss: 0.2861 val_accuracy: 0.8952
Epoch: 5 loss: 0.4256 accuracy: 0.7887 val_loss: 0.2607 val_accuracy: 0.9097
Epoch: 6 loss: 0.4199 accuracy: 0.7927 val_loss: 0.3487 val_accuracy: 0.8473
Epoch: 7 loss: 0.4168 accuracy: 0.7947 val_loss: 0.2822 val_accuracy: 0.8995
Epoch: 8 loss: 0.4147 accuracy: 0.7969 val_loss: 0.2530 val_accuracy: 0.9084
Epoch: 9 loss: 0.4104 accuracy: 0.8009 val_loss: 0.2447 val_accuracy: 0.9065
Epoch: 10 loss: 0.4065 accuracy: 0.8037 val_loss: 0.2788 val_accuracy: 0.8874
Epoch: 11 loss: 0.4053 accuracy: 0.8033 val_loss: 0.2721 val_accuracy: 0.8768
Epoch: 12 loss: 0.4038 accuracy: 0.8055 val_loss: 0.2589 val_accuracy: 0.8941
Epoch: 13 loss: 0.4023 accuracy: 0.8070 val_loss: 0.2412 val_accuracy: 0.9117
Epoch: 14 loss: 0.4018 accuracy: 0.8072 val_loss: 0.3232 val_accuracy: 0.8481
Epoch: 15 loss: 0.3987 accuracy: 0.8095 val_loss: 0.2962 val_accuracy: 0.8594
Epoch: 16 loss: 0.3978 accuracy: 0.8102 val_loss: 0.3570 val_accuracy: 0.8655
Epoch: 17 loss: 0.3951 accuracy: 0.8124 val_loss: 0.2921 val_accuracy: 0.8429
Epoch: 18 loss: 0.3941 accuracy: 0.8126 val_loss: 0.4714 val_accuracy: 0.7690
Epoch: 19 loss: 0.3928 accuracy: 0.8138 val_loss: 0.3019 val_accuracy: 0.8892
Epoch: 20 loss: 0.3922 accuracy: 0.8131 val_loss: 0.2469 val_accuracy: 0.9105
Job ended!
