Tue 27 Feb 2024 01:58:09 AM EST
Python 3.9.7
nvcc: NVIDIA (R) Cuda compiler driver
Copyright (c) 2005-2019 NVIDIA Corporation
Built on Sun_Jul_28_19:07:16_PDT_2019
Cuda compilation tools, release 10.1, V10.1.243
My SLURM_ARRAY_TASK_ID: 
DB: ['ISIC2016', 'ISIC2017', 'ISIC2018', 'ISIC2019', 'ISIC2020', 'PAD_UFES_20', 'MEDNODE']
IMG_SIZE: [150, 150]
CLASSIFIER: DenseNet201
SELF_AUG: 1
JOB_INDEX: None
Combining...
Combining 1 db out of 7 dbs
Combining 2 db out of 7 dbs
Combining 3 db out of 7 dbs
Combining 4 db out of 7 dbs
Combining 5 db out of 7 dbs
Combining 6 db out of 7 dbs
Combining 7 db out of 7 dbs
Stacking training images
Stacking training labels
Stacking validation images
Stacking validation labels
Model: "sequential"
_________________________________________________________________
Layer (type)                 Output Shape              Param #   
=================================================================
densenet201 (Functional)     (None, 1920)              18321984  
_________________________________________________________________
dense (Dense)                (None, 512)               983552    
_________________________________________________________________
dropout (Dropout)            (None, 512)               0         
_________________________________________________________________
batch_normalization (BatchNo (None, 512)               2048      
_________________________________________________________________
dense_1 (Dense)              (None, 256)               131328    
_________________________________________________________________
dropout_1 (Dropout)          (None, 256)               0         
_________________________________________________________________
batch_normalization_1 (Batch (None, 256)               1024      
_________________________________________________________________
dense_2 (Dense)              (None, 2)                 514       
=================================================================
Total params: 19,440,450
Trainable params: 1,116,930
Non-trainable params: 18,323,520
_________________________________________________________________
Fitting ISIC2016+ISIC2017+ISIC2018+ISIC2019+ISIC2020+PAD_UFES_20+MEDNODE_aug_DenseNet201_150h_150w_None model...
model_name: ISIC2016+ISIC2017+ISIC2018+ISIC2019+ISIC2020+PAD_UFES_20+MEDNODE_aug_DenseNet201_150h_150w_None
Epoch: 1 loss: 0.5794 accuracy: 0.7115 val_loss: 0.3759 val_accuracy: 0.8765
Epoch: 2 loss: 0.4799 accuracy: 0.7615 val_loss: 0.3231 val_accuracy: 0.9024
Epoch: 3 loss: 0.4493 accuracy: 0.7787 val_loss: 0.3122 val_accuracy: 0.8914
Epoch: 4 loss: 0.4368 accuracy: 0.7853 val_loss: 0.2505 val_accuracy: 0.9141
Epoch: 5 loss: 0.4305 accuracy: 0.7913 val_loss: 0.3222 val_accuracy: 0.8949
Epoch: 6 loss: 0.4252 accuracy: 0.7929 val_loss: 0.2795 val_accuracy: 0.9136
Epoch: 7 loss: 0.4202 accuracy: 0.7975 val_loss: 0.2655 val_accuracy: 0.8999
Epoch: 8 loss: 0.4178 accuracy: 0.7984 val_loss: 0.4663 val_accuracy: 0.8230
Epoch: 9 loss: 0.4138 accuracy: 0.8007 val_loss: 0.2567 val_accuracy: 0.9085
Epoch: 10 loss: 0.4110 accuracy: 0.8023 val_loss: 0.3213 val_accuracy: 0.8634
Epoch: 11 loss: 0.4100 accuracy: 0.8032 val_loss: 0.2516 val_accuracy: 0.9047
Epoch: 12 loss: 0.4075 accuracy: 0.8044 val_loss: 0.2473 val_accuracy: 0.9149
Epoch: 13 loss: 0.4056 accuracy: 0.8053 val_loss: 0.3408 val_accuracy: 0.8178
Epoch: 14 loss: 0.4042 accuracy: 0.8061 val_loss: 0.2700 val_accuracy: 0.9075
Epoch: 15 loss: 0.4027 accuracy: 0.8074 val_loss: 0.5277 val_accuracy: 0.7098
Epoch: 16 loss: 0.4015 accuracy: 0.8087 val_loss: 0.2982 val_accuracy: 0.8902
Epoch: 17 loss: 0.3994 accuracy: 0.8090 val_loss: 0.2890 val_accuracy: 0.9094
Epoch: 18 loss: 0.4006 accuracy: 0.8092 val_loss: 0.2820 val_accuracy: 0.8958
Epoch: 19 loss: 0.3999 accuracy: 0.8086 val_loss: 0.2763 val_accuracy: 0.8968
Epoch: 20 loss: 0.3986 accuracy: 0.8096 val_loss: 0.3270 val_accuracy: 0.8715
Job ended!
