Tue 27 Feb 2024 03:47:37 AM EST
Python 3.9.7
nvcc: NVIDIA (R) Cuda compiler driver
Copyright (c) 2005-2019 NVIDIA Corporation
Built on Sun_Jul_28_19:07:16_PDT_2019
Cuda compilation tools, release 10.1, V10.1.243
My SLURM_ARRAY_TASK_ID: 
DB: ['ISIC2016', 'ISIC2020', 'PH2', '_7_point_criteria']
IMG_SIZE: [150, 150]
CLASSIFIER: DenseNet201
SELF_AUG: 1
JOB_INDEX: None
Combining...
Combining 1 db out of 4 dbs
Combining 2 db out of 4 dbs
Combining 3 db out of 4 dbs
Combining 4 db out of 4 dbs
Stacking training images
Stacking training labels
Stacking validation images
Stacking validation labels
Model: "sequential"
_________________________________________________________________
Layer (type)                 Output Shape              Param #   
=================================================================
densenet201 (Functional)     (None, 1920)              18321984  
_________________________________________________________________
dense (Dense)                (None, 512)               983552    
_________________________________________________________________
dropout (Dropout)            (None, 512)               0         
_________________________________________________________________
batch_normalization (BatchNo (None, 512)               2048      
_________________________________________________________________
dense_1 (Dense)              (None, 256)               131328    
_________________________________________________________________
dropout_1 (Dropout)          (None, 256)               0         
_________________________________________________________________
batch_normalization_1 (Batch (None, 256)               1024      
_________________________________________________________________
dense_2 (Dense)              (None, 2)                 514       
=================================================================
Total params: 19,440,450
Trainable params: 1,116,930
Non-trainable params: 18,323,520
_________________________________________________________________
Fitting ISIC2016+ISIC2020+PH2+_7_point_criteria_aug_DenseNet201_150h_150w_None model...
model_name: ISIC2016+ISIC2020+PH2+_7_point_criteria_aug_DenseNet201_150h_150w_None
Epoch: 1 loss: 0.5194 accuracy: 0.7543 val_loss: 0.1860 val_accuracy: 0.9498
Epoch: 2 loss: 0.3970 accuracy: 0.8235 val_loss: 0.2200 val_accuracy: 0.9466
Epoch: 3 loss: 0.3722 accuracy: 0.8281 val_loss: 0.1825 val_accuracy: 0.9505
Epoch: 4 loss: 0.3363 accuracy: 0.8414 val_loss: 0.1320 val_accuracy: 0.9686
Epoch: 5 loss: 0.3239 accuracy: 0.8450 val_loss: 0.1177 val_accuracy: 0.9695
Epoch: 6 loss: 0.3216 accuracy: 0.8503 val_loss: 0.2075 val_accuracy: 0.9700
Epoch: 7 loss: 0.3187 accuracy: 0.8514 val_loss: 0.2170 val_accuracy: 0.9692
Epoch: 8 loss: 0.3126 accuracy: 0.8536 val_loss: 0.2356 val_accuracy: 0.9652
Epoch: 9 loss: 0.3128 accuracy: 0.8530 val_loss: 0.1170 val_accuracy: 0.9699
Epoch: 10 loss: 0.3082 accuracy: 0.8574 val_loss: 0.1423 val_accuracy: 0.9699
Epoch: 11 loss: 0.3063 accuracy: 0.8562 val_loss: 0.1937 val_accuracy: 0.9659
Epoch: 12 loss: 0.3042 accuracy: 0.8587 val_loss: 0.2695 val_accuracy: 0.9359
Epoch: 13 loss: 0.3047 accuracy: 0.8590 val_loss: 0.2268 val_accuracy: 0.9668
Epoch: 14 loss: 0.3015 accuracy: 0.8606 val_loss: 0.1463 val_accuracy: 0.9678
Epoch: 15 loss: 0.3032 accuracy: 0.8580 val_loss: 0.1466 val_accuracy: 0.9653
Epoch: 16 loss: 0.3010 accuracy: 0.8610 val_loss: 0.1471 val_accuracy: 0.9649
Epoch: 17 loss: 0.2970 accuracy: 0.8616 val_loss: 0.1572 val_accuracy: 0.9705
Epoch: 18 loss: 0.2987 accuracy: 0.8610 val_loss: 0.1851 val_accuracy: 0.9690
Epoch: 19 loss: 0.2975 accuracy: 0.8619 val_loss: 0.2522 val_accuracy: 0.9699
Epoch: 20 loss: 0.2965 accuracy: 0.8621 val_loss: 0.2031 val_accuracy: 0.9689
Job ended!
