Tue 27 Feb 2024 04:17:31 AM EST
Python 3.9.7
nvcc: NVIDIA (R) Cuda compiler driver
Copyright (c) 2005-2019 NVIDIA Corporation
Built on Sun_Jul_28_19:07:16_PDT_2019
Cuda compilation tools, release 10.1, V10.1.243
My SLURM_ARRAY_TASK_ID: 
DB: ['ISIC2016', 'PH2', '_7_point_criteria', 'PAD_UFES_20']
IMG_SIZE: [150, 150]
CLASSIFIER: DenseNet201
SELF_AUG: 1
JOB_INDEX: None
Combining...
Combining 1 db out of 4 dbs
Combining 2 db out of 4 dbs
Combining 3 db out of 4 dbs
Combining 4 db out of 4 dbs
Stacking training images
Stacking training labels
Stacking validation images
Stacking validation labels
Model: "sequential"
_________________________________________________________________
Layer (type)                 Output Shape              Param #   
=================================================================
densenet201 (Functional)     (None, 1920)              18321984  
_________________________________________________________________
dense (Dense)                (None, 512)               983552    
_________________________________________________________________
dropout (Dropout)            (None, 512)               0         
_________________________________________________________________
batch_normalization (BatchNo (None, 512)               2048      
_________________________________________________________________
dense_1 (Dense)              (None, 256)               131328    
_________________________________________________________________
dropout_1 (Dropout)          (None, 256)               0         
_________________________________________________________________
batch_normalization_1 (Batch (None, 256)               1024      
_________________________________________________________________
dense_2 (Dense)              (None, 2)                 514       
=================================================================
Total params: 19,440,450
Trainable params: 1,116,930
Non-trainable params: 18,323,520
_________________________________________________________________
Fitting ISIC2016+PH2+_7_point_criteria+PAD_UFES_20_aug_DenseNet201_150h_150w_None model...
model_name: ISIC2016+PH2+_7_point_criteria+PAD_UFES_20_aug_DenseNet201_150h_150w_None
Epoch: 1 loss: 0.8109 accuracy: 0.5869 val_loss: 0.7467 val_accuracy: 0.1257
Epoch: 2 loss: 0.6968 accuracy: 0.6484 val_loss: 0.7448 val_accuracy: 0.3369
Epoch: 3 loss: 0.6331 accuracy: 0.6891 val_loss: 0.6224 val_accuracy: 0.7521
Epoch: 4 loss: 0.6166 accuracy: 0.7000 val_loss: 0.5633 val_accuracy: 0.7628
Epoch: 5 loss: 0.5961 accuracy: 0.7233 val_loss: 0.5840 val_accuracy: 0.7402
Epoch: 6 loss: 0.5802 accuracy: 0.7297 val_loss: 0.4486 val_accuracy: 0.8363
Epoch: 7 loss: 0.5650 accuracy: 0.7440 val_loss: 0.4434 val_accuracy: 0.8410
Epoch: 8 loss: 0.5639 accuracy: 0.7376 val_loss: 0.4317 val_accuracy: 0.8529
Epoch: 9 loss: 0.5562 accuracy: 0.7499 val_loss: 0.4169 val_accuracy: 0.8446
Epoch: 10 loss: 0.5416 accuracy: 0.7557 val_loss: 0.3741 val_accuracy: 0.8636
Epoch: 11 loss: 0.5389 accuracy: 0.7559 val_loss: 0.3646 val_accuracy: 0.8695
Epoch: 12 loss: 0.5385 accuracy: 0.7542 val_loss: 0.3738 val_accuracy: 0.8636
Epoch: 13 loss: 0.5429 accuracy: 0.7489 val_loss: 0.3795 val_accuracy: 0.8517
Epoch: 14 loss: 0.5204 accuracy: 0.7619 val_loss: 0.4311 val_accuracy: 0.8197
Epoch: 15 loss: 0.5335 accuracy: 0.7544 val_loss: 0.3951 val_accuracy: 0.8482
Epoch: 16 loss: 0.5274 accuracy: 0.7613 val_loss: 0.4160 val_accuracy: 0.8754
Epoch: 17 loss: 0.5111 accuracy: 0.7645 val_loss: 0.3679 val_accuracy: 0.8541
Epoch: 18 loss: 0.5126 accuracy: 0.7666 val_loss: 0.4112 val_accuracy: 0.8244
Epoch: 19 loss: 0.5121 accuracy: 0.7642 val_loss: 0.3728 val_accuracy: 0.8553
Epoch: 20 loss: 0.4907 accuracy: 0.7709 val_loss: 0.3535 val_accuracy: 0.8660
Job ended!
