Mon 26 Feb 2024 01:36:03 AM EST
Python 3.9.7
nvcc: NVIDIA (R) Cuda compiler driver
Copyright (c) 2005-2019 NVIDIA Corporation
Built on Sun_Jul_28_19:07:16_PDT_2019
Cuda compilation tools, release 10.1, V10.1.243
My SLURM_ARRAY_TASK_ID:  1
DB: ['ISIC2016', '_7_point_criteria', 'PAD_UFES_20', 'MEDNODE']
IMG_SIZE: [150, 150]
CLASSIFIER: MobileNet
JOB_INDEX: 1
Combining...
Combining 1 db out of 4 dbs
Combining 2 db out of 4 dbs
Combining 3 db out of 4 dbs
Combining 4 db out of 4 dbs
Stacking training images
Stacking training labels
Stacking validation images
Stacking validation labels
Combining...
Combining 1 db out of 4 dbs
Combining 2 db out of 4 dbs
Combining 3 db out of 4 dbs
Combining 4 db out of 4 dbs
Stacking training images
Stacking training labels
Stacking validation images
Stacking validation labels
Model: "sequential"
_________________________________________________________________
Layer (type)                 Output Shape              Param #   
=================================================================
mobilenet_1.00_150 (Function (None, 1024)              3228864   
_________________________________________________________________
dense (Dense)                (None, 512)               524800    
_________________________________________________________________
dropout (Dropout)            (None, 512)               0         
_________________________________________________________________
batch_normalization (BatchNo (None, 512)               2048      
_________________________________________________________________
dense_1 (Dense)              (None, 256)               131328    
_________________________________________________________________
dropout_1 (Dropout)          (None, 256)               0         
_________________________________________________________________
batch_normalization_1 (Batch (None, 256)               1024      
_________________________________________________________________
dense_2 (Dense)              (None, 2)                 514       
=================================================================
Total params: 3,888,578
Trainable params: 658,178
Non-trainable params: 3,230,400
_________________________________________________________________
Fitting ISIC2016+_7_point_criteria+PAD_UFES_20+MEDNODE_noaug_MobileNet_150h_150w_1 model...
Epoch: 1 loss: 0.6491 accuracy: 0.6911 val_loss: 0.6075 val_accuracy: 0.8632
Epoch: 2 loss: 0.5549 accuracy: 0.8823 val_loss: 0.5244 val_accuracy: 0.8632
Epoch: 3 loss: 0.4673 accuracy: 0.8943 val_loss: 0.4575 val_accuracy: 0.8632
Epoch: 4 loss: 0.4004 accuracy: 0.8950 val_loss: 0.4182 val_accuracy: 0.8632
Epoch: 5 loss: 0.3631 accuracy: 0.8950 val_loss: 0.4013 val_accuracy: 0.8632
Epoch: 6 loss: 0.3453 accuracy: 0.8953 val_loss: 0.3993 val_accuracy: 0.8632
Epoch: 7 loss: 0.3397 accuracy: 0.8950 val_loss: 0.4020 val_accuracy: 0.8632
Epoch: 8 loss: 0.3382 accuracy: 0.8950 val_loss: 0.4013 val_accuracy: 0.8632
Epoch: 9 loss: 0.3351 accuracy: 0.8956 val_loss: 0.4005 val_accuracy: 0.8632
Epoch: 10 loss: 0.3381 accuracy: 0.8943 val_loss: 0.4026 val_accuracy: 0.8632
Epoch: 11 loss: 0.3369 accuracy: 0.8950 val_loss: 0.4019 val_accuracy: 0.8632
Epoch: 12 loss: 0.3368 accuracy: 0.8950 val_loss: 0.4013 val_accuracy: 0.8632
Epoch: 13 loss: 0.3356 accuracy: 0.8953 val_loss: 0.4039 val_accuracy: 0.8632
Epoch: 14 loss: 0.3350 accuracy: 0.8953 val_loss: 0.4013 val_accuracy: 0.8632
Epoch: 15 loss: 0.3366 accuracy: 0.8950 val_loss: 0.4031 val_accuracy: 0.8632
Epoch: 16 loss: 0.3337 accuracy: 0.8963 val_loss: 0.4049 val_accuracy: 0.8632
Epoch: 17 loss: 0.3362 accuracy: 0.8950 val_loss: 0.4052 val_accuracy: 0.8632
Epoch: 18 loss: 0.3373 accuracy: 0.8946 val_loss: 0.4070 val_accuracy: 0.8632
Epoch: 19 loss: 0.3368 accuracy: 0.8950 val_loss: 0.4035 val_accuracy: 0.8632
Epoch: 20 loss: 0.3361 accuracy: 0.8950 val_loss: 0.4048 val_accuracy: 0.8632
Fitting ISIC2016+_7_point_criteria+PAD_UFES_20+MEDNODE_aug_MobileNet_150h_150w_1 model...
Epoch: 1 loss: 0.6269 accuracy: 0.7261 val_loss: 0.4186 val_accuracy: 0.8632
Epoch: 2 loss: 0.5903 accuracy: 0.7252 val_loss: 0.4499 val_accuracy: 0.8632
Epoch: 3 loss: 0.5882 accuracy: 0.7256 val_loss: 0.4542 val_accuracy: 0.8632
Epoch: 4 loss: 0.5875 accuracy: 0.7261 val_loss: 0.4570 val_accuracy: 0.8632
Epoch: 5 loss: 0.5875 accuracy: 0.7256 val_loss: 0.4523 val_accuracy: 0.8632
Epoch: 6 loss: 0.5878 accuracy: 0.7256 val_loss: 0.4557 val_accuracy: 0.8632
Epoch: 7 loss: 0.5879 accuracy: 0.7252 val_loss: 0.4522 val_accuracy: 0.8632
Epoch: 8 loss: 0.5872 accuracy: 0.7261 val_loss: 0.4516 val_accuracy: 0.8632
Epoch: 9 loss: 0.5886 accuracy: 0.7250 val_loss: 0.4552 val_accuracy: 0.8632
Epoch: 10 loss: 0.5877 accuracy: 0.7256 val_loss: 0.4568 val_accuracy: 0.8632
Epoch: 11 loss: 0.5881 accuracy: 0.7254 val_loss: 0.4547 val_accuracy: 0.8632
Epoch: 12 loss: 0.5876 accuracy: 0.7256 val_loss: 0.4509 val_accuracy: 0.8632
Epoch: 13 loss: 0.5880 accuracy: 0.7254 val_loss: 0.4549 val_accuracy: 0.8632
Epoch: 14 loss: 0.5879 accuracy: 0.7254 val_loss: 0.4536 val_accuracy: 0.8632
Epoch: 15 loss: 0.5875 accuracy: 0.7259 val_loss: 0.4548 val_accuracy: 0.8632
Epoch: 16 loss: 0.5883 accuracy: 0.7250 val_loss: 0.4588 val_accuracy: 0.8632
Epoch: 17 loss: 0.5869 accuracy: 0.7265 val_loss: 0.4551 val_accuracy: 0.8632
Epoch: 18 loss: 0.5885 accuracy: 0.7248 val_loss: 0.4577 val_accuracy: 0.8632
Epoch: 19 loss: 0.5877 accuracy: 0.7256 val_loss: 0.4558 val_accuracy: 0.8632
Epoch: 20 loss: 0.5880 accuracy: 0.7254 val_loss: 0.4574 val_accuracy: 0.8632
Job ended!
