Mon 26 Feb 2024 01:20:46 AM EST
Python 3.9.7
nvcc: NVIDIA (R) Cuda compiler driver
Copyright (c) 2005-2019 NVIDIA Corporation
Built on Sun_Jul_28_19:07:16_PDT_2019
Cuda compilation tools, release 10.1, V10.1.243
My SLURM_ARRAY_TASK_ID:  1
DB: ['ISIC2016', '_7_point_criteria']
IMG_SIZE: [150, 150]
CLASSIFIER: MobileNet
JOB_INDEX: 1
Combining...
Combining 1 db out of 2 dbs
Combining 2 db out of 2 dbs
Stacking training images
Stacking training labels
Stacking validation images
Stacking validation labels
Combining...
Combining 1 db out of 2 dbs
Combining 2 db out of 2 dbs
Stacking training images
Stacking training labels
Stacking validation images
Stacking validation labels
Model: "sequential"
_________________________________________________________________
Layer (type)                 Output Shape              Param #   
=================================================================
mobilenet_1.00_150 (Function (None, 1024)              3228864   
_________________________________________________________________
dense (Dense)                (None, 512)               524800    
_________________________________________________________________
dropout (Dropout)            (None, 512)               0         
_________________________________________________________________
batch_normalization (BatchNo (None, 512)               2048      
_________________________________________________________________
dense_1 (Dense)              (None, 256)               131328    
_________________________________________________________________
dropout_1 (Dropout)          (None, 256)               0         
_________________________________________________________________
batch_normalization_1 (Batch (None, 256)               1024      
_________________________________________________________________
dense_2 (Dense)              (None, 2)                 514       
=================================================================
Total params: 3,888,578
Trainable params: 658,178
Non-trainable params: 3,230,400
_________________________________________________________________
Fitting ISIC2016+_7_point_criteria_noaug_MobileNet_150h_150w_1 model...
Epoch: 1 loss: 0.6807 accuracy: 0.5777 val_loss: 0.6692 val_accuracy: 0.7467
Epoch: 2 loss: 0.6560 accuracy: 0.6213 val_loss: 0.6485 val_accuracy: 0.7467
Epoch: 3 loss: 0.6306 accuracy: 0.7348 val_loss: 0.6309 val_accuracy: 0.7467
Epoch: 4 loss: 0.6074 accuracy: 0.7820 val_loss: 0.6149 val_accuracy: 0.7467
Epoch: 5 loss: 0.5892 accuracy: 0.7866 val_loss: 0.6014 val_accuracy: 0.7467
Epoch: 6 loss: 0.5697 accuracy: 0.7938 val_loss: 0.5896 val_accuracy: 0.7467
Epoch: 7 loss: 0.5556 accuracy: 0.7993 val_loss: 0.5817 val_accuracy: 0.7467
Epoch: 8 loss: 0.5431 accuracy: 0.7984 val_loss: 0.5749 val_accuracy: 0.7467
Epoch: 9 loss: 0.5317 accuracy: 0.7993 val_loss: 0.5706 val_accuracy: 0.7467
Epoch: 10 loss: 0.5202 accuracy: 0.8011 val_loss: 0.5673 val_accuracy: 0.7467
Epoch: 11 loss: 0.5129 accuracy: 0.7993 val_loss: 0.5661 val_accuracy: 0.7467
Epoch: 12 loss: 0.5149 accuracy: 0.7993 val_loss: 0.5659 val_accuracy: 0.7467
Epoch: 13 loss: 0.5117 accuracy: 0.7993 val_loss: 0.5663 val_accuracy: 0.7467
Epoch: 14 loss: 0.5052 accuracy: 0.8011 val_loss: 0.5670 val_accuracy: 0.7467
Epoch: 15 loss: 0.5025 accuracy: 0.8020 val_loss: 0.5678 val_accuracy: 0.7467
Epoch: 16 loss: 0.5018 accuracy: 0.7993 val_loss: 0.5692 val_accuracy: 0.7467
Epoch: 17 loss: 0.5037 accuracy: 0.8002 val_loss: 0.5676 val_accuracy: 0.7467
Epoch: 18 loss: 0.4955 accuracy: 0.8047 val_loss: 0.5680 val_accuracy: 0.7467
Epoch: 19 loss: 0.5058 accuracy: 0.7975 val_loss: 0.5704 val_accuracy: 0.7467
Epoch: 20 loss: 0.4983 accuracy: 0.8020 val_loss: 0.5708 val_accuracy: 0.7467
Fitting ISIC2016+_7_point_criteria_aug_MobileNet_150h_150w_1 model...
Epoch: 1 loss: 0.7326 accuracy: 0.6125 val_loss: 0.5693 val_accuracy: 0.7467
Epoch: 2 loss: 0.6954 accuracy: 0.6137 val_loss: 0.5714 val_accuracy: 0.7467
Epoch: 3 loss: 0.6785 accuracy: 0.6148 val_loss: 0.5816 val_accuracy: 0.7467
Epoch: 4 loss: 0.6741 accuracy: 0.6131 val_loss: 0.5836 val_accuracy: 0.7467
Epoch: 5 loss: 0.6692 accuracy: 0.6137 val_loss: 0.5823 val_accuracy: 0.7467
Epoch: 6 loss: 0.6706 accuracy: 0.6120 val_loss: 0.5936 val_accuracy: 0.7467
Epoch: 7 loss: 0.6683 accuracy: 0.6131 val_loss: 0.5964 val_accuracy: 0.7467
Epoch: 8 loss: 0.6660 accuracy: 0.6176 val_loss: 0.5934 val_accuracy: 0.7467
Epoch: 9 loss: 0.6676 accuracy: 0.6131 val_loss: 0.5855 val_accuracy: 0.7467
Epoch: 10 loss: 0.6688 accuracy: 0.6142 val_loss: 0.5991 val_accuracy: 0.7467
Epoch: 11 loss: 0.6673 accuracy: 0.6131 val_loss: 0.6043 val_accuracy: 0.7467
Epoch: 12 loss: 0.6681 accuracy: 0.6137 val_loss: 0.6059 val_accuracy: 0.7467
Epoch: 13 loss: 0.6674 accuracy: 0.6131 val_loss: 0.6063 val_accuracy: 0.7467
Epoch: 14 loss: 0.6669 accuracy: 0.6137 val_loss: 0.6062 val_accuracy: 0.7467
Epoch: 15 loss: 0.6679 accuracy: 0.6137 val_loss: 0.6041 val_accuracy: 0.7467
Epoch: 16 loss: 0.6664 accuracy: 0.6153 val_loss: 0.6098 val_accuracy: 0.7467
Epoch: 17 loss: 0.6671 accuracy: 0.6142 val_loss: 0.6115 val_accuracy: 0.7467
Epoch: 18 loss: 0.6660 accuracy: 0.6159 val_loss: 0.6099 val_accuracy: 0.7467
Epoch: 19 loss: 0.6663 accuracy: 0.6148 val_loss: 0.6076 val_accuracy: 0.7467
Epoch: 20 loss: 0.6673 accuracy: 0.6137 val_loss: 0.6067 val_accuracy: 0.7467
Job ended!
