Wed 28 Feb 2024 11:26:29 AM EST
Python 3.9.7
nvcc: NVIDIA (R) Cuda compiler driver
Copyright (c) 2005-2019 NVIDIA Corporation
Built on Sun_Jul_28_19:07:16_PDT_2019
Cuda compilation tools, release 10.1, V10.1.243
My SLURM_ARRAY_TASK_ID: 
DB: ['ISIC2016', 'ISIC2017', 'ISIC2018', 'ISIC2019', 'ISIC2020', 'PH2', '_7_point_criteria', 'PAD_UFES_20', 'MEDNODE', 'KaggleMB']
IMG_SIZE: [150, 150]
CLASSIFIER: Xception
SELF_AUG: 1
JOB_INDEX: None
Combining...
Combining 1 db out of 10 dbs
Combining 2 db out of 10 dbs
Combining 3 db out of 10 dbs
Combining 4 db out of 10 dbs
Combining 5 db out of 10 dbs
Combining 6 db out of 10 dbs
Combining 7 db out of 10 dbs
Combining 8 db out of 10 dbs
Combining 9 db out of 10 dbs
Combining 10 db out of 10 dbs
Stacking training images
Stacking training labels
Stacking validation images
Stacking validation labels
Model: "sequential"
_________________________________________________________________
Layer (type)                 Output Shape              Param #   
=================================================================
xception (Functional)        (None, 2048)              20861480  
_________________________________________________________________
dense (Dense)                (None, 512)               1049088   
_________________________________________________________________
dropout (Dropout)            (None, 512)               0         
_________________________________________________________________
batch_normalization_4 (Batch (None, 512)               2048      
_________________________________________________________________
dense_1 (Dense)              (None, 256)               131328    
_________________________________________________________________
dropout_1 (Dropout)          (None, 256)               0         
_________________________________________________________________
batch_normalization_5 (Batch (None, 256)               1024      
_________________________________________________________________
dense_2 (Dense)              (None, 2)                 514       
=================================================================
Total params: 22,045,482
Trainable params: 1,182,466
Non-trainable params: 20,863,016
_________________________________________________________________
Fitting ISIC2016+ISIC2017+ISIC2018+ISIC2019+ISIC2020+PH2+_7_point_criteria+PAD_UFES_20+MEDNODE+KaggleMB_aug_Xception_150h_150w_None model...
model_name: ISIC2016+ISIC2017+ISIC2018+ISIC2019+ISIC2020+PH2+_7_point_criteria+PAD_UFES_20+MEDNODE+KaggleMB_aug_Xception_150h_150w_None
Epoch: 1 loss: 0.5785 accuracy: 0.7164 val_loss: 0.4538 val_accuracy: 0.8660
Epoch: 2 loss: 0.5591 accuracy: 0.7261 val_loss: 0.4316 val_accuracy: 0.8733
Epoch: 3 loss: 0.5554 accuracy: 0.7265 val_loss: 0.3648 val_accuracy: 0.8955
Epoch: 4 loss: 0.5508 accuracy: 0.7279 val_loss: 0.3847 val_accuracy: 0.8882
Epoch: 5 loss: 0.5446 accuracy: 0.7298 val_loss: 0.3823 val_accuracy: 0.8883
Epoch: 6 loss: 0.5394 accuracy: 0.7313 val_loss: 0.4663 val_accuracy: 0.8563
Epoch: 7 loss: 0.5367 accuracy: 0.7318 val_loss: 0.3406 val_accuracy: 0.8950
Epoch: 8 loss: 0.5347 accuracy: 0.7331 val_loss: 0.4204 val_accuracy: 0.8572
Epoch: 9 loss: 0.5342 accuracy: 0.7335 val_loss: 0.3492 val_accuracy: 0.8940
Epoch: 10 loss: 0.5311 accuracy: 0.7345 val_loss: 0.4360 val_accuracy: 0.8581
Epoch: 11 loss: 0.5293 accuracy: 0.7351 val_loss: 0.3691 val_accuracy: 0.8924
Epoch: 12 loss: 0.5281 accuracy: 0.7359 val_loss: 0.3248 val_accuracy: 0.8958
Epoch: 13 loss: 0.5254 accuracy: 0.7377 val_loss: 0.3498 val_accuracy: 0.8932
Epoch: 14 loss: 0.5298 accuracy: 0.7364 val_loss: 0.3673 val_accuracy: 0.8961
Epoch: 15 loss: 0.5409 accuracy: 0.7323 val_loss: 0.3401 val_accuracy: 0.8980
Epoch: 16 loss: 0.5372 accuracy: 0.7329 val_loss: 0.3318 val_accuracy: 0.8964
Epoch: 17 loss: 0.5352 accuracy: 0.7348 val_loss: 0.3281 val_accuracy: 0.8976
Epoch: 18 loss: 0.5331 accuracy: 0.7349 val_loss: 0.3322 val_accuracy: 0.8962
Epoch: 19 loss: 0.5303 accuracy: 0.7370 val_loss: 0.3245 val_accuracy: 0.8973
Epoch: 20 loss: 0.5278 accuracy: 0.7386 val_loss: 0.3303 val_accuracy: 0.8982
Job ended!
