Sat 02 Mar 2024 12:35:09 AM EST
Python 3.9.7
nvcc: NVIDIA (R) Cuda compiler driver
Copyright (c) 2005-2019 NVIDIA Corporation
Built on Sun_Jul_28_19:07:16_PDT_2019
Cuda compilation tools, release 10.1, V10.1.243
My SLURM_ARRAY_TASK_ID: 
DB: ['ISIC2016', 'ISIC2017', 'ISIC2018', 'ISIC2019', 'ISIC2020', 'PH2', '_7_point_criteria', 'PAD_UFES_20', 'MEDNODE']
IMG_SIZE: [150, 150]
CLASSIFIER: Xception
SELF_AUG: 1
JOB_INDEX: None
Combining...
Combining 1 db out of 9 dbs
Combining 2 db out of 9 dbs
Combining 3 db out of 9 dbs
Combining 4 db out of 9 dbs
Combining 5 db out of 9 dbs
Combining 6 db out of 9 dbs
Combining 7 db out of 9 dbs
Combining 8 db out of 9 dbs
Combining 9 db out of 9 dbs
Stacking training images
Stacking training labels
Stacking validation images
Stacking validation labels
Model: "sequential"
_________________________________________________________________
Layer (type)                 Output Shape              Param #   
=================================================================
xception (Functional)        (None, 2048)              20861480  
_________________________________________________________________
dense (Dense)                (None, 512)               1049088   
_________________________________________________________________
dropout (Dropout)            (None, 512)               0         
_________________________________________________________________
batch_normalization_4 (Batch (None, 512)               2048      
_________________________________________________________________
dense_1 (Dense)              (None, 256)               131328    
_________________________________________________________________
dropout_1 (Dropout)          (None, 256)               0         
_________________________________________________________________
batch_normalization_5 (Batch (None, 256)               1024      
_________________________________________________________________
dense_2 (Dense)              (None, 2)                 514       
=================================================================
Total params: 22,045,482
Trainable params: 1,182,466
Non-trainable params: 20,863,016
_________________________________________________________________
Fitting ISIC2016+ISIC2017+ISIC2018+ISIC2019+ISIC2020+PH2+_7_point_criteria+PAD_UFES_20+MEDNODE_aug_Xception_150h_150w_None model...
model_name: ISIC2016+ISIC2017+ISIC2018+ISIC2019+ISIC2020+PH2+_7_point_criteria+PAD_UFES_20+MEDNODE_aug_Xception_150h_150w_None
Epoch: 1 loss: 0.4900 accuracy: 0.7686 val_loss: 0.2329 val_accuracy: 0.9147
Epoch: 2 loss: 0.4029 accuracy: 0.8083 val_loss: 0.2220 val_accuracy: 0.9191
Epoch: 3 loss: 0.3780 accuracy: 0.8216 val_loss: 0.2154 val_accuracy: 0.9204
Epoch: 4 loss: 0.3631 accuracy: 0.8308 val_loss: 0.2127 val_accuracy: 0.9216
Epoch: 5 loss: 0.3512 accuracy: 0.8357 val_loss: 0.2097 val_accuracy: 0.9225
Epoch: 6 loss: 0.3385 accuracy: 0.8432 val_loss: 0.2097 val_accuracy: 0.9208
Epoch: 7 loss: 0.3310 accuracy: 0.8470 val_loss: 0.2090 val_accuracy: 0.9221
Epoch: 8 loss: 0.3186 accuracy: 0.8547 val_loss: 0.2130 val_accuracy: 0.9208
Epoch: 9 loss: 0.3100 accuracy: 0.8584 val_loss: 0.2089 val_accuracy: 0.9208
Epoch: 10 loss: 0.2985 accuracy: 0.8661 val_loss: 0.2091 val_accuracy: 0.9222
Epoch: 11 loss: 0.2867 accuracy: 0.8715 val_loss: 0.2060 val_accuracy: 0.9246
Epoch: 12 loss: 0.2769 accuracy: 0.8767 val_loss: 0.2128 val_accuracy: 0.9234
Epoch: 13 loss: 0.2691 accuracy: 0.8815 val_loss: 0.2098 val_accuracy: 0.9225
Epoch: 14 loss: 0.2592 accuracy: 0.8860 val_loss: 0.2070 val_accuracy: 0.9257
Epoch: 15 loss: 0.2487 accuracy: 0.8921 val_loss: 0.2063 val_accuracy: 0.9272
Epoch: 16 loss: 0.2406 accuracy: 0.8962 val_loss: 0.2027 val_accuracy: 0.9291
Epoch: 17 loss: 0.2309 accuracy: 0.9002 val_loss: 0.2149 val_accuracy: 0.9254
Epoch: 18 loss: 0.2234 accuracy: 0.9056 val_loss: 0.2075 val_accuracy: 0.9274
Epoch: 19 loss: 0.2158 accuracy: 0.9079 val_loss: 0.2231 val_accuracy: 0.9240
Epoch: 20 loss: 0.2073 accuracy: 0.9134 val_loss: 0.2269 val_accuracy: 0.9275
Job ended!
