Sat 02 Mar 2024 12:25:31 AM EST
Python 3.9.7
nvcc: NVIDIA (R) Cuda compiler driver
Copyright (c) 2005-2019 NVIDIA Corporation
Built on Sun_Jul_28_19:07:16_PDT_2019
Cuda compilation tools, release 10.1, V10.1.243
My SLURM_ARRAY_TASK_ID: 
DB: ['ISIC2016', 'ISIC2017', 'ISIC2018', 'ISIC2019', 'ISIC2020']
IMG_SIZE: [150, 150]
CLASSIFIER: Xception
SELF_AUG: 1
JOB_INDEX: None
Combining...
Combining 1 db out of 5 dbs
Combining 2 db out of 5 dbs
Combining 3 db out of 5 dbs
Combining 4 db out of 5 dbs
Combining 5 db out of 5 dbs
Stacking training images
Stacking training labels
Stacking validation images
Stacking validation labels
Model: "sequential"
_________________________________________________________________
Layer (type)                 Output Shape              Param #   
=================================================================
xception (Functional)        (None, 2048)              20861480  
_________________________________________________________________
dense (Dense)                (None, 512)               1049088   
_________________________________________________________________
dropout (Dropout)            (None, 512)               0         
_________________________________________________________________
batch_normalization_4 (Batch (None, 512)               2048      
_________________________________________________________________
dense_1 (Dense)              (None, 256)               131328    
_________________________________________________________________
dropout_1 (Dropout)          (None, 256)               0         
_________________________________________________________________
batch_normalization_5 (Batch (None, 256)               1024      
_________________________________________________________________
dense_2 (Dense)              (None, 2)                 514       
=================================================================
Total params: 22,045,482
Trainable params: 1,182,466
Non-trainable params: 20,863,016
_________________________________________________________________
Fitting ISIC2016+ISIC2017+ISIC2018+ISIC2019+ISIC2020_aug_Xception_150h_150w_None model...
model_name: ISIC2016+ISIC2017+ISIC2018+ISIC2019+ISIC2020_aug_Xception_150h_150w_None
Epoch: 1 loss: 0.4961 accuracy: 0.7665 val_loss: 0.2262 val_accuracy: 0.9169
Epoch: 2 loss: 0.4044 accuracy: 0.8066 val_loss: 0.2182 val_accuracy: 0.9211
Epoch: 3 loss: 0.3801 accuracy: 0.8200 val_loss: 0.2153 val_accuracy: 0.9204
Epoch: 4 loss: 0.3650 accuracy: 0.8295 val_loss: 0.2116 val_accuracy: 0.9224
Epoch: 5 loss: 0.3530 accuracy: 0.8361 val_loss: 0.2099 val_accuracy: 0.9210
Epoch: 6 loss: 0.3393 accuracy: 0.8422 val_loss: 0.2092 val_accuracy: 0.9214
Epoch: 7 loss: 0.3310 accuracy: 0.8483 val_loss: 0.2150 val_accuracy: 0.9199
Epoch: 8 loss: 0.3191 accuracy: 0.8556 val_loss: 0.1991 val_accuracy: 0.9240
Epoch: 9 loss: 0.3090 accuracy: 0.8605 val_loss: 0.2033 val_accuracy: 0.9248
Epoch: 10 loss: 0.2981 accuracy: 0.8664 val_loss: 0.1963 val_accuracy: 0.9276
Epoch: 11 loss: 0.2895 accuracy: 0.8716 val_loss: 0.2008 val_accuracy: 0.9280
Epoch: 12 loss: 0.2771 accuracy: 0.8781 val_loss: 0.1959 val_accuracy: 0.9284
Epoch: 13 loss: 0.2683 accuracy: 0.8825 val_loss: 0.2073 val_accuracy: 0.9247
Epoch: 14 loss: 0.2579 accuracy: 0.8874 val_loss: 0.2051 val_accuracy: 0.9271
Epoch: 15 loss: 0.2474 accuracy: 0.8927 val_loss: 0.1952 val_accuracy: 0.9291
Epoch: 16 loss: 0.2383 accuracy: 0.8966 val_loss: 0.2034 val_accuracy: 0.9244
Epoch: 17 loss: 0.2272 accuracy: 0.9019 val_loss: 0.2011 val_accuracy: 0.9330
Epoch: 18 loss: 0.2209 accuracy: 0.9057 val_loss: 0.2012 val_accuracy: 0.9300
Epoch: 19 loss: 0.2123 accuracy: 0.9095 val_loss: 0.2043 val_accuracy: 0.9316
Epoch: 20 loss: 0.2061 accuracy: 0.9130 val_loss: 0.2184 val_accuracy: 0.9285
Job ended!
