Sat 02 Mar 2024 12:23:43 AM EST
Python 3.9.7
nvcc: NVIDIA (R) Cuda compiler driver
Copyright (c) 2005-2019 NVIDIA Corporation
Built on Sun_Jul_28_19:07:16_PDT_2019
Cuda compilation tools, release 10.1, V10.1.243
My SLURM_ARRAY_TASK_ID: 
DB: ['ISIC2016', 'ISIC2017', 'ISIC2018']
IMG_SIZE: [150, 150]
CLASSIFIER: Xception
SELF_AUG: 1
JOB_INDEX: None
Combining...
Combining 1 db out of 3 dbs
Combining 2 db out of 3 dbs
Combining 3 db out of 3 dbs
Stacking training images
Stacking training labels
Stacking validation images
Stacking validation labels
Model: "sequential"
_________________________________________________________________
Layer (type)                 Output Shape              Param #   
=================================================================
xception (Functional)        (None, 2048)              20861480  
_________________________________________________________________
dense (Dense)                (None, 512)               1049088   
_________________________________________________________________
dropout (Dropout)            (None, 512)               0         
_________________________________________________________________
batch_normalization_4 (Batch (None, 512)               2048      
_________________________________________________________________
dense_1 (Dense)              (None, 256)               131328    
_________________________________________________________________
dropout_1 (Dropout)          (None, 256)               0         
_________________________________________________________________
batch_normalization_5 (Batch (None, 256)               1024      
_________________________________________________________________
dense_2 (Dense)              (None, 2)                 514       
=================================================================
Total params: 22,045,482
Trainable params: 1,182,466
Non-trainable params: 20,863,016
_________________________________________________________________
Fitting ISIC2016+ISIC2017+ISIC2018_aug_Xception_150h_150w_None model...
model_name: ISIC2016+ISIC2017+ISIC2018_aug_Xception_150h_150w_None
Epoch: 1 loss: 0.6568 accuracy: 0.6965 val_loss: 0.4240 val_accuracy: 0.8184
Epoch: 2 loss: 0.4916 accuracy: 0.7735 val_loss: 0.4267 val_accuracy: 0.8050
Epoch: 3 loss: 0.4448 accuracy: 0.7996 val_loss: 0.4067 val_accuracy: 0.8394
Epoch: 4 loss: 0.4212 accuracy: 0.8108 val_loss: 0.4180 val_accuracy: 0.8222
Epoch: 5 loss: 0.3970 accuracy: 0.8211 val_loss: 0.3962 val_accuracy: 0.8241
Epoch: 6 loss: 0.3759 accuracy: 0.8324 val_loss: 0.3806 val_accuracy: 0.8489
Epoch: 7 loss: 0.3533 accuracy: 0.8412 val_loss: 0.4180 val_accuracy: 0.8337
Epoch: 8 loss: 0.3421 accuracy: 0.8486 val_loss: 0.3864 val_accuracy: 0.8547
Epoch: 9 loss: 0.3193 accuracy: 0.8591 val_loss: 0.4264 val_accuracy: 0.8356
Epoch: 10 loss: 0.3072 accuracy: 0.8634 val_loss: 0.4043 val_accuracy: 0.8623
Epoch: 11 loss: 0.2876 accuracy: 0.8759 val_loss: 0.3928 val_accuracy: 0.8356
Epoch: 12 loss: 0.2757 accuracy: 0.8816 val_loss: 0.4329 val_accuracy: 0.8470
Epoch: 13 loss: 0.2576 accuracy: 0.8896 val_loss: 0.3963 val_accuracy: 0.8489
Epoch: 14 loss: 0.2439 accuracy: 0.8975 val_loss: 0.4285 val_accuracy: 0.8451
Epoch: 15 loss: 0.2344 accuracy: 0.9006 val_loss: 0.4390 val_accuracy: 0.8451
Epoch: 16 loss: 0.2235 accuracy: 0.9069 val_loss: 0.4508 val_accuracy: 0.8700
Epoch: 17 loss: 0.2091 accuracy: 0.9149 val_loss: 0.4298 val_accuracy: 0.8604
Epoch: 18 loss: 0.1987 accuracy: 0.9164 val_loss: 0.4695 val_accuracy: 0.8489
Epoch: 19 loss: 0.1867 accuracy: 0.9231 val_loss: 0.4832 val_accuracy: 0.8623
Epoch: 20 loss: 0.1848 accuracy: 0.9246 val_loss: 0.4929 val_accuracy: 0.8432
Job ended!
