Wed 28 Feb 2024 11:52:25 AM EST
Python 3.9.7
nvcc: NVIDIA (R) Cuda compiler driver
Copyright (c) 2005-2019 NVIDIA Corporation
Built on Sun_Jul_28_19:07:16_PDT_2019
Cuda compilation tools, release 10.1, V10.1.243
My SLURM_ARRAY_TASK_ID: 
DB: ['ISIC2016', 'ISIC2019']
IMG_SIZE: [150, 150]
CLASSIFIER: Xception
SELF_AUG: 1
JOB_INDEX: None
Combining...
Combining 1 db out of 2 dbs
Combining 2 db out of 2 dbs
Stacking training images
Stacking training labels
Stacking validation images
Stacking validation labels
Model: "sequential"
_________________________________________________________________
Layer (type)                 Output Shape              Param #   
=================================================================
xception (Functional)        (None, 2048)              20861480  
_________________________________________________________________
dense (Dense)                (None, 512)               1049088   
_________________________________________________________________
dropout (Dropout)            (None, 512)               0         
_________________________________________________________________
batch_normalization_4 (Batch (None, 512)               2048      
_________________________________________________________________
dense_1 (Dense)              (None, 256)               131328    
_________________________________________________________________
dropout_1 (Dropout)          (None, 256)               0         
_________________________________________________________________
batch_normalization_5 (Batch (None, 256)               1024      
_________________________________________________________________
dense_2 (Dense)              (None, 2)                 514       
=================================================================
Total params: 22,045,482
Trainable params: 1,182,466
Non-trainable params: 20,863,016
_________________________________________________________________
Fitting ISIC2016+ISIC2019_aug_Xception_150h_150w_None model...
model_name: ISIC2016+ISIC2019_aug_Xception_150h_150w_None
Epoch: 1 loss: 0.6565 accuracy: 0.6250 val_loss: 0.5463 val_accuracy: 0.8210
Epoch: 2 loss: 0.6408 accuracy: 0.6500 val_loss: 0.5427 val_accuracy: 0.8231
Epoch: 3 loss: 0.6331 accuracy: 0.6576 val_loss: 0.6817 val_accuracy: 0.5670
Epoch: 4 loss: 0.6291 accuracy: 0.6587 val_loss: 0.4991 val_accuracy: 0.8277
Epoch: 5 loss: 0.6257 accuracy: 0.6598 val_loss: 0.4902 val_accuracy: 0.8273
Epoch: 6 loss: 0.6211 accuracy: 0.6628 val_loss: 0.5469 val_accuracy: 0.8182
Epoch: 7 loss: 0.6240 accuracy: 0.6625 val_loss: 0.4858 val_accuracy: 0.8281
Epoch: 8 loss: 0.6231 accuracy: 0.6629 val_loss: 0.5655 val_accuracy: 0.7959
Epoch: 9 loss: 0.6198 accuracy: 0.6657 val_loss: 0.5908 val_accuracy: 0.7540
Epoch: 10 loss: 0.6188 accuracy: 0.6690 val_loss: 0.5281 val_accuracy: 0.8220
Epoch: 11 loss: 0.6195 accuracy: 0.6677 val_loss: 0.4956 val_accuracy: 0.8260
Epoch: 12 loss: 0.6162 accuracy: 0.6708 val_loss: 0.4886 val_accuracy: 0.8249
Epoch: 13 loss: 0.6134 accuracy: 0.6753 val_loss: 0.5186 val_accuracy: 0.8226
Epoch: 14 loss: 0.6124 accuracy: 0.6739 val_loss: 0.6067 val_accuracy: 0.6842
Epoch: 15 loss: 0.6126 accuracy: 0.6733 val_loss: 0.4826 val_accuracy: 0.8266
Epoch: 16 loss: 0.6100 accuracy: 0.6760 val_loss: 0.4808 val_accuracy: 0.8258
Epoch: 17 loss: 0.6093 accuracy: 0.6760 val_loss: 0.5306 val_accuracy: 0.8064
Epoch: 18 loss: 0.6107 accuracy: 0.6759 val_loss: 0.5779 val_accuracy: 0.7494
Epoch: 19 loss: 0.6087 accuracy: 0.6778 val_loss: 0.4837 val_accuracy: 0.8247
Epoch: 20 loss: 0.6047 accuracy: 0.6797 val_loss: 0.4550 val_accuracy: 0.8269
Job ended!
