Mon 26 Feb 2024 01:43:03 PM EST
Python 3.9.7
nvcc: NVIDIA (R) Cuda compiler driver
Copyright (c) 2005-2019 NVIDIA Corporation
Built on Sun_Jul_28_19:07:16_PDT_2019
Cuda compilation tools, release 10.1, V10.1.243
My SLURM_ARRAY_TASK_ID:  1
DB: ['ISIC2016', 'ISIC2017', 'ISIC2018']
IMG_SIZE: [150, 150]
CLASSIFIER: VGG16
JOB_INDEX: 1
Combining...
Combining 1 db out of 3 dbs
Combining 2 db out of 3 dbs
Combining 3 db out of 3 dbs
Stacking training images
Stacking training labels
Stacking validation images
Stacking validation labels
Combining...
Combining 1 db out of 3 dbs
Combining 2 db out of 3 dbs
Combining 3 db out of 3 dbs
Stacking training images
Stacking training labels
Stacking validation images
Stacking validation labels
Model: "sequential"
_________________________________________________________________
Layer (type)                 Output Shape              Param #   
=================================================================
vgg16 (Functional)           (None, 512)               14714688  
_________________________________________________________________
dense (Dense)                (None, 512)               262656    
_________________________________________________________________
dropout (Dropout)            (None, 512)               0         
_________________________________________________________________
batch_normalization (BatchNo (None, 512)               2048      
_________________________________________________________________
dense_1 (Dense)              (None, 256)               131328    
_________________________________________________________________
dropout_1 (Dropout)          (None, 256)               0         
_________________________________________________________________
batch_normalization_1 (Batch (None, 256)               1024      
_________________________________________________________________
dense_2 (Dense)              (None, 2)                 514       
=================================================================
Total params: 15,112,258
Trainable params: 396,034
Non-trainable params: 14,716,224
_________________________________________________________________
Fitting ISIC2016+ISIC2017+ISIC2018_noaug_VGG16_150h_150w_1 model...
Epoch: 1 loss: 0.7493 accuracy: 0.6099 val_loss: 0.6370 val_accuracy: 0.6998
Epoch: 2 loss: 0.5158 accuracy: 0.7634 val_loss: 0.5413 val_accuracy: 0.7591
Epoch: 3 loss: 0.4426 accuracy: 0.8228 val_loss: 0.4296 val_accuracy: 0.8356
Epoch: 4 loss: 0.4130 accuracy: 0.8417 val_loss: 0.4329 val_accuracy: 0.8279
Epoch: 5 loss: 0.3993 accuracy: 0.8468 val_loss: 0.4665 val_accuracy: 0.8107
Epoch: 6 loss: 0.3989 accuracy: 0.8524 val_loss: 0.4171 val_accuracy: 0.8337
Epoch: 7 loss: 0.3843 accuracy: 0.8533 val_loss: 0.4682 val_accuracy: 0.8337
Epoch: 8 loss: 0.3834 accuracy: 0.8548 val_loss: 0.4344 val_accuracy: 0.8337
Epoch: 9 loss: 0.3781 accuracy: 0.8565 val_loss: 0.4097 val_accuracy: 0.8356
Epoch: 10 loss: 0.3703 accuracy: 0.8574 val_loss: 0.4007 val_accuracy: 0.8337
Epoch: 11 loss: 0.3587 accuracy: 0.8603 val_loss: 0.3976 val_accuracy: 0.8317
Epoch: 12 loss: 0.3639 accuracy: 0.8626 val_loss: 0.4085 val_accuracy: 0.8337
Epoch: 13 loss: 0.3571 accuracy: 0.8637 val_loss: 0.4029 val_accuracy: 0.8337
Epoch: 14 loss: 0.3562 accuracy: 0.8644 val_loss: 0.4059 val_accuracy: 0.8337
Epoch: 15 loss: 0.3528 accuracy: 0.8664 val_loss: 0.4038 val_accuracy: 0.8337
Epoch: 16 loss: 0.3515 accuracy: 0.8658 val_loss: 0.3924 val_accuracy: 0.8337
Epoch: 17 loss: 0.3491 accuracy: 0.8681 val_loss: 0.4433 val_accuracy: 0.8337
Epoch: 18 loss: 0.3467 accuracy: 0.8695 val_loss: 0.4008 val_accuracy: 0.8337
Epoch: 19 loss: 0.3401 accuracy: 0.8703 val_loss: 0.4067 val_accuracy: 0.8337
Epoch: 20 loss: 0.3412 accuracy: 0.8717 val_loss: 0.4044 val_accuracy: 0.8375
Fitting ISIC2016+ISIC2017+ISIC2018_aug_VGG16_150h_150w_1 model...
Epoch: 1 loss: 0.5558 accuracy: 0.7233 val_loss: 0.4381 val_accuracy: 0.8298
Epoch: 2 loss: 0.5110 accuracy: 0.7362 val_loss: 0.4343 val_accuracy: 0.8317
Epoch: 3 loss: 0.4927 accuracy: 0.7532 val_loss: 0.5064 val_accuracy: 0.7476
Epoch: 4 loss: 0.4798 accuracy: 0.7624 val_loss: 0.4523 val_accuracy: 0.8222
Epoch: 5 loss: 0.4845 accuracy: 0.7599 val_loss: 0.4362 val_accuracy: 0.8241
Epoch: 6 loss: 0.4797 accuracy: 0.7638 val_loss: 0.4538 val_accuracy: 0.8184
Epoch: 7 loss: 0.4741 accuracy: 0.7694 val_loss: 0.4192 val_accuracy: 0.8222
Epoch: 8 loss: 0.4708 accuracy: 0.7688 val_loss: 0.4459 val_accuracy: 0.8222
Epoch: 9 loss: 0.4693 accuracy: 0.7726 val_loss: 0.4340 val_accuracy: 0.8298
Epoch: 10 loss: 0.4651 accuracy: 0.7724 val_loss: 0.4946 val_accuracy: 0.7820
Epoch: 11 loss: 0.4650 accuracy: 0.7770 val_loss: 0.4133 val_accuracy: 0.8260
Epoch: 12 loss: 0.4640 accuracy: 0.7768 val_loss: 0.4400 val_accuracy: 0.8031
Epoch: 13 loss: 0.4611 accuracy: 0.7789 val_loss: 0.4717 val_accuracy: 0.8145
Epoch: 14 loss: 0.4567 accuracy: 0.7841 val_loss: 0.4386 val_accuracy: 0.8126
Epoch: 15 loss: 0.4586 accuracy: 0.7828 val_loss: 0.4684 val_accuracy: 0.8107
Epoch: 16 loss: 0.4570 accuracy: 0.7836 val_loss: 0.4287 val_accuracy: 0.8145
Epoch: 17 loss: 0.4557 accuracy: 0.7841 val_loss: 0.4312 val_accuracy: 0.8279
Epoch: 18 loss: 0.4561 accuracy: 0.7822 val_loss: 0.4235 val_accuracy: 0.8317
Epoch: 19 loss: 0.4538 accuracy: 0.7844 val_loss: 0.4537 val_accuracy: 0.7973
Epoch: 20 loss: 0.4509 accuracy: 0.7852 val_loss: 0.4300 val_accuracy: 0.8317
Job ended!
