2024-02-26 01:53:48.237643: I tensorflow/stream_executor/platform/default/dso_loader.cc:53] Successfully opened dynamic library libcudart.so.11.0
2024-02-26 01:53:54.048226: I tensorflow/stream_executor/platform/default/dso_loader.cc:53] Successfully opened dynamic library libcuda.so.1
2024-02-26 01:53:54.183358: I tensorflow/core/common_runtime/gpu/gpu_device.cc:1733] Found device 0 with properties: 
pciBusID: 0000:87:00.0 name: A100-SXM4-40GB computeCapability: 8.0
coreClock: 1.41GHz coreCount: 108 deviceMemorySize: 39.59GiB deviceMemoryBandwidth: 1.41TiB/s
2024-02-26 01:53:54.183424: I tensorflow/stream_executor/platform/default/dso_loader.cc:53] Successfully opened dynamic library libcudart.so.11.0
2024-02-26 01:53:54.189320: I tensorflow/stream_executor/platform/default/dso_loader.cc:53] Successfully opened dynamic library libcublas.so.11
2024-02-26 01:53:54.189394: I tensorflow/stream_executor/platform/default/dso_loader.cc:53] Successfully opened dynamic library libcublasLt.so.11
2024-02-26 01:53:54.190628: I tensorflow/stream_executor/platform/default/dso_loader.cc:53] Successfully opened dynamic library libcufft.so.10
2024-02-26 01:53:54.191264: I tensorflow/stream_executor/platform/default/dso_loader.cc:53] Successfully opened dynamic library libcurand.so.10
2024-02-26 01:53:54.192045: I tensorflow/stream_executor/platform/default/dso_loader.cc:53] Successfully opened dynamic library libcusolver.so.11
2024-02-26 01:53:54.192960: I tensorflow/stream_executor/platform/default/dso_loader.cc:53] Successfully opened dynamic library libcusparse.so.11
2024-02-26 01:53:54.193273: I tensorflow/stream_executor/platform/default/dso_loader.cc:53] Successfully opened dynamic library libcudnn.so.8
2024-02-26 01:53:54.198903: I tensorflow/core/common_runtime/gpu/gpu_device.cc:1871] Adding visible gpu devices: 0
2024-02-26 01:53:54.199393: I tensorflow/core/platform/cpu_feature_guard.cc:142] This TensorFlow binary is optimized with oneAPI Deep Neural Network Library (oneDNN) to use the following CPU instructions in performance-critical operations:  AVX2 FMA
To enable them in other operations, rebuild TensorFlow with the appropriate compiler flags.
2024-02-26 01:53:54.202167: I tensorflow/core/common_runtime/gpu/gpu_device.cc:1733] Found device 0 with properties: 
pciBusID: 0000:87:00.0 name: A100-SXM4-40GB computeCapability: 8.0
coreClock: 1.41GHz coreCount: 108 deviceMemorySize: 39.59GiB deviceMemoryBandwidth: 1.41TiB/s
2024-02-26 01:53:54.207720: I tensorflow/core/common_runtime/gpu/gpu_device.cc:1871] Adding visible gpu devices: 0
2024-02-26 01:53:54.207781: I tensorflow/stream_executor/platform/default/dso_loader.cc:53] Successfully opened dynamic library libcudart.so.11.0
2024-02-26 01:53:54.751745: I tensorflow/core/common_runtime/gpu/gpu_device.cc:1258] Device interconnect StreamExecutor with strength 1 edge matrix:
2024-02-26 01:53:54.751816: I tensorflow/core/common_runtime/gpu/gpu_device.cc:1264]      0 
2024-02-26 01:53:54.751843: I tensorflow/core/common_runtime/gpu/gpu_device.cc:1277] 0:   N 
2024-02-26 01:53:54.759218: I tensorflow/core/common_runtime/gpu/gpu_device.cc:1418] Created TensorFlow device (/job:localhost/replica:0/task:0/device:GPU:0 with 38425 MB memory) -> physical GPU (device: 0, name: A100-SXM4-40GB, pci bus id: 0000:87:00.0, compute capability: 8.0)
2024-02-26 01:53:58.201353: I tensorflow/compiler/mlir/mlir_graph_optimization_pass.cc:176] None of the MLIR Optimization Passes are enabled (registered 2)
2024-02-26 01:53:58.202744: I tensorflow/core/platform/profile_utils/cpu_utils.cc:114] CPU Frequency: 2245720000 Hz
2024-02-26 01:54:05.110146: I tensorflow/stream_executor/platform/default/dso_loader.cc:53] Successfully opened dynamic library libcudnn.so.8
2024-02-26 01:54:05.791009: I tensorflow/stream_executor/cuda/cuda_dnn.cc:359] Loaded cuDNN version 8201
2024-02-26 01:54:06.602480: W tensorflow/stream_executor/gpu/asm_compiler.cc:191] Falling back to the CUDA driver for PTX compilation; ptxas does not support CC 8.0
2024-02-26 01:54:06.602510: W tensorflow/stream_executor/gpu/asm_compiler.cc:194] Used ptxas at ptxas
2024-02-26 01:54:06.603186: W tensorflow/stream_executor/gpu/redzone_allocator.cc:314] Unimplemented: ptxas ptxas too old. Falling back to the driver to compile.
Relying on driver to perform ptx compilation. 
Modify $PATH to customize ptxas location.
This message will be only logged once.
2024-02-26 01:54:06.628925: I tensorflow/stream_executor/platform/default/dso_loader.cc:53] Successfully opened dynamic library libcublas.so.11
2024-02-26 01:54:07.445041: I tensorflow/stream_executor/platform/default/dso_loader.cc:53] Successfully opened dynamic library libcublasLt.so.11
2024-02-26 01:54:11.022789: I tensorflow/stream_executor/cuda/cuda_blas.cc:1838] TensorFloat-32 will be used for the matrix multiplication. This will only be logged once.
