Mon 26 Feb 2024 10:56:13 AM EST
Python 3.9.7
nvcc: NVIDIA (R) Cuda compiler driver
Copyright (c) 2005-2019 NVIDIA Corporation
Built on Sun_Jul_28_19:07:16_PDT_2019
Cuda compilation tools, release 10.1, V10.1.243
My SLURM_ARRAY_TASK_ID:  1
DB: ['ISIC2016', 'ISIC2017', 'ISIC2018', 'ISIC2019', 'ISIC2020']
IMG_SIZE: [150, 150]
CLASSIFIER: DenseNet201
JOB_INDEX: 1
Combining...
Combining 1 db out of 5 dbs
Combining 2 db out of 5 dbs
Combining 3 db out of 5 dbs
Combining 4 db out of 5 dbs
Combining 5 db out of 5 dbs
Stacking training images
Stacking training labels
Stacking validation images
Stacking validation labels
Combining...
Combining 1 db out of 5 dbs
Combining 2 db out of 5 dbs
Combining 3 db out of 5 dbs
Combining 4 db out of 5 dbs
Combining 5 db out of 5 dbs
Stacking training images
Stacking training labels
Stacking validation images
Stacking validation labels
Model: "sequential"
_________________________________________________________________
Layer (type)                 Output Shape              Param #   
=================================================================
densenet201 (Functional)     (None, 1920)              18321984  
_________________________________________________________________
dense (Dense)                (None, 512)               983552    
_________________________________________________________________
dropout (Dropout)            (None, 512)               0         
_________________________________________________________________
batch_normalization (BatchNo (None, 512)               2048      
_________________________________________________________________
dense_1 (Dense)              (None, 256)               131328    
_________________________________________________________________
dropout_1 (Dropout)          (None, 256)               0         
_________________________________________________________________
batch_normalization_1 (Batch (None, 256)               1024      
_________________________________________________________________
dense_2 (Dense)              (None, 2)                 514       
=================================================================
Total params: 19,440,450
Trainable params: 1,116,930
Non-trainable params: 18,323,520
_________________________________________________________________
Fitting ISIC2016+ISIC2017+ISIC2018+ISIC2019+ISIC2020_noaug_DenseNet201_150h_150w_1 model...
Epoch: 1 loss: 0.4355 accuracy: 0.8108 val_loss: 0.2520 val_accuracy: 0.9137
Epoch: 2 loss: 0.2977 accuracy: 0.8961 val_loss: 0.2481 val_accuracy: 0.9154
Epoch: 3 loss: 0.2802 accuracy: 0.9014 val_loss: 0.2445 val_accuracy: 0.9158
Epoch: 4 loss: 0.2685 accuracy: 0.9036 val_loss: 0.2410 val_accuracy: 0.9141
Epoch: 5 loss: 0.2618 accuracy: 0.9048 val_loss: 0.2286 val_accuracy: 0.9161
Epoch: 6 loss: 0.2555 accuracy: 0.9062 val_loss: 0.2419 val_accuracy: 0.9175
Epoch: 7 loss: 0.2542 accuracy: 0.9062 val_loss: 0.2503 val_accuracy: 0.9136
Epoch: 8 loss: 0.2508 accuracy: 0.9072 val_loss: 0.2168 val_accuracy: 0.9187
Epoch: 9 loss: 0.2496 accuracy: 0.9073 val_loss: 0.2908 val_accuracy: 0.8967
Epoch: 10 loss: 0.2491 accuracy: 0.9070 val_loss: 0.2369 val_accuracy: 0.9147
Epoch: 11 loss: 0.2466 accuracy: 0.9081 val_loss: 0.2199 val_accuracy: 0.9181
Epoch: 12 loss: 0.2460 accuracy: 0.9089 val_loss: 0.2360 val_accuracy: 0.9147
Epoch: 13 loss: 0.2444 accuracy: 0.9086 val_loss: 0.2643 val_accuracy: 0.9137
Epoch: 14 loss: 0.2429 accuracy: 0.9089 val_loss: 0.2145 val_accuracy: 0.9194
Epoch: 15 loss: 0.2427 accuracy: 0.9093 val_loss: 0.2533 val_accuracy: 0.9140
Epoch: 16 loss: 0.2414 accuracy: 0.9086 val_loss: 0.2367 val_accuracy: 0.9145
Epoch: 17 loss: 0.2410 accuracy: 0.9089 val_loss: 0.2216 val_accuracy: 0.9185
Epoch: 18 loss: 0.2409 accuracy: 0.9097 val_loss: 0.2164 val_accuracy: 0.9192
Epoch: 19 loss: 0.2403 accuracy: 0.9094 val_loss: 0.2326 val_accuracy: 0.9163
Epoch: 20 loss: 0.2424 accuracy: 0.9090 val_loss: 0.2564 val_accuracy: 0.9155
Fitting ISIC2016+ISIC2017+ISIC2018+ISIC2019+ISIC2020_aug_DenseNet201_150h_150w_1 model...
Epoch: 1 loss: 0.4928 accuracy: 0.7501 val_loss: 0.4756 val_accuracy: 0.8337
Epoch: 2 loss: 0.4456 accuracy: 0.7730 val_loss: 0.3010 val_accuracy: 0.9163
Epoch: 3 loss: 0.4317 accuracy: 0.7845 val_loss: 0.3122 val_accuracy: 0.8846
Epoch: 4 loss: 0.4227 accuracy: 0.7916 val_loss: 0.3167 val_accuracy: 0.8892
Epoch: 5 loss: 0.4180 accuracy: 0.7951 val_loss: 0.2386 val_accuracy: 0.9178
Epoch: 6 loss: 0.4169 accuracy: 0.7966 val_loss: 0.2550 val_accuracy: 0.9185
Epoch: 7 loss: 0.4140 accuracy: 0.7992 val_loss: 0.2405 val_accuracy: 0.9185
Epoch: 8 loss: 0.4102 accuracy: 0.8010 val_loss: 0.2361 val_accuracy: 0.9190
Epoch: 9 loss: 0.4084 accuracy: 0.8026 val_loss: 0.2426 val_accuracy: 0.9175
Epoch: 10 loss: 0.4075 accuracy: 0.8033 val_loss: 0.2489 val_accuracy: 0.9202
Epoch: 11 loss: 0.4057 accuracy: 0.8051 val_loss: 0.2841 val_accuracy: 0.9167
Epoch: 12 loss: 0.4047 accuracy: 0.8054 val_loss: 0.2421 val_accuracy: 0.9172
Epoch: 13 loss: 0.4140 accuracy: 0.7959 val_loss: 0.2644 val_accuracy: 0.9149
Epoch: 14 loss: 0.4106 accuracy: 0.8004 val_loss: 0.2235 val_accuracy: 0.9190
Epoch: 15 loss: 0.4089 accuracy: 0.8018 val_loss: 0.2281 val_accuracy: 0.9213
Epoch: 16 loss: 0.4080 accuracy: 0.8023 val_loss: 0.2450 val_accuracy: 0.9198
Epoch: 17 loss: 0.4056 accuracy: 0.8048 val_loss: 0.2502 val_accuracy: 0.9179
Epoch: 18 loss: 0.4043 accuracy: 0.8058 val_loss: 0.2408 val_accuracy: 0.9194
Epoch: 19 loss: 0.4034 accuracy: 0.8064 val_loss: 0.2795 val_accuracy: 0.9187
Epoch: 20 loss: 0.4045 accuracy: 0.8059 val_loss: 0.2839 val_accuracy: 0.9204
Job ended!
