Tue 27 Feb 2024 01:17:58 PM EST
Python 3.9.7
nvcc: NVIDIA (R) Cuda compiler driver
Copyright (c) 2005-2019 NVIDIA Corporation
Built on Sun_Jul_28_19:07:16_PDT_2019
Cuda compilation tools, release 10.1, V10.1.243
My SLURM_ARRAY_TASK_ID: 
DB: ['ISIC2016', 'ISIC2017', 'ISIC2018', 'ISIC2019', 'ISIC2020', 'PH2', 'MEDNODE', 'KaggleMB']
IMG_SIZE: [150, 150]
CLASSIFIER: EfficientNetB5
SELF_AUG: 1
JOB_INDEX: None
Combining...
Combining 1 db out of 8 dbs
Combining 2 db out of 8 dbs
Combining 3 db out of 8 dbs
Combining 4 db out of 8 dbs
Combining 5 db out of 8 dbs
Combining 6 db out of 8 dbs
Combining 7 db out of 8 dbs
Combining 8 db out of 8 dbs
Stacking training images
Stacking training labels
Stacking validation images
Stacking validation labels
Model: "sequential"
_________________________________________________________________
Layer (type)                 Output Shape              Param #   
=================================================================
efficientnetb5 (Functional)  (None, 2048)              28513527  
_________________________________________________________________
dense (Dense)                (None, 512)               1049088   
_________________________________________________________________
dropout (Dropout)            (None, 512)               0         
_________________________________________________________________
batch_normalization (BatchNo (None, 512)               2048      
_________________________________________________________________
dense_1 (Dense)              (None, 256)               131328    
_________________________________________________________________
dropout_1 (Dropout)          (None, 256)               0         
_________________________________________________________________
batch_normalization_1 (Batch (None, 256)               1024      
_________________________________________________________________
dense_2 (Dense)              (None, 2)                 514       
=================================================================
Total params: 29,697,529
Trainable params: 1,182,466
Non-trainable params: 28,515,063
_________________________________________________________________
Fitting ISIC2016+ISIC2017+ISIC2018+ISIC2019+ISIC2020+PH2+MEDNODE+KaggleMB_aug_EfficientNetB5_150h_150w_None model...
model_name: ISIC2016+ISIC2017+ISIC2018+ISIC2019+ISIC2020+PH2+MEDNODE+KaggleMB_aug_EfficientNetB5_150h_150w_None
Epoch: 1 loss: 0.5895 accuracy: 0.7071 val_loss: 0.3814 val_accuracy: 0.8967
Epoch: 2 loss: 0.5784 accuracy: 0.7162 val_loss: 0.4154 val_accuracy: 0.8823
Epoch: 3 loss: 0.5742 accuracy: 0.7153 val_loss: 0.3597 val_accuracy: 0.8976
Epoch: 4 loss: 0.5703 accuracy: 0.7172 val_loss: 0.3594 val_accuracy: 0.8981
Epoch: 5 loss: 0.5666 accuracy: 0.7174 val_loss: 0.3179 val_accuracy: 0.8971
Epoch: 6 loss: 0.5650 accuracy: 0.7178 val_loss: 0.4497 val_accuracy: 0.8807
Epoch: 7 loss: 0.5611 accuracy: 0.7188 val_loss: 0.6048 val_accuracy: 0.6857
Epoch: 8 loss: 0.5585 accuracy: 0.7193 val_loss: 0.3111 val_accuracy: 0.8921
Epoch: 9 loss: 0.5563 accuracy: 0.7216 val_loss: 0.5022 val_accuracy: 0.8799
Epoch: 10 loss: 0.5555 accuracy: 0.7207 val_loss: 0.5241 val_accuracy: 0.8626
Epoch: 11 loss: 0.5547 accuracy: 0.7215 val_loss: 0.3985 val_accuracy: 0.8978
Epoch: 12 loss: 0.5534 accuracy: 0.7223 val_loss: 0.6660 val_accuracy: 0.5473
Epoch: 13 loss: 0.5512 accuracy: 0.7223 val_loss: 0.3967 val_accuracy: 0.8970
Epoch: 14 loss: 0.5519 accuracy: 0.7219 val_loss: 0.3820 val_accuracy: 0.8984
Epoch: 15 loss: 0.5499 accuracy: 0.7241 val_loss: 0.3527 val_accuracy: 0.8959
Epoch: 16 loss: 0.5490 accuracy: 0.7223 val_loss: 0.3055 val_accuracy: 0.8984
Epoch: 17 loss: 0.5484 accuracy: 0.7227 val_loss: 0.3921 val_accuracy: 0.8977
Epoch: 18 loss: 0.5472 accuracy: 0.7230 val_loss: 0.4494 val_accuracy: 0.8953
Epoch: 19 loss: 0.5460 accuracy: 0.7227 val_loss: 0.4295 val_accuracy: 0.8960
Epoch: 20 loss: 0.5498 accuracy: 0.7209 val_loss: 0.3735 val_accuracy: 0.8953
Job ended!
