Tue 27 Feb 2024 12:28:54 PM EST
Python 3.9.7
nvcc: NVIDIA (R) Cuda compiler driver
Copyright (c) 2005-2019 NVIDIA Corporation
Built on Sun_Jul_28_19:07:16_PDT_2019
Cuda compilation tools, release 10.1, V10.1.243
My SLURM_ARRAY_TASK_ID: 
DB: ['ISIC2016', 'ISIC2017', 'ISIC2018', 'ISIC2019']
IMG_SIZE: [150, 150]
CLASSIFIER: EfficientNetB5
SELF_AUG: 1
JOB_INDEX: None
Combining...
Combining 1 db out of 4 dbs
Combining 2 db out of 4 dbs
Combining 3 db out of 4 dbs
Combining 4 db out of 4 dbs
Stacking training images
Stacking training labels
Stacking validation images
Stacking validation labels
Model: "sequential"
_________________________________________________________________
Layer (type)                 Output Shape              Param #   
=================================================================
efficientnetb5 (Functional)  (None, 2048)              28513527  
_________________________________________________________________
dense (Dense)                (None, 512)               1049088   
_________________________________________________________________
dropout (Dropout)            (None, 512)               0         
_________________________________________________________________
batch_normalization (BatchNo (None, 512)               2048      
_________________________________________________________________
dense_1 (Dense)              (None, 256)               131328    
_________________________________________________________________
dropout_1 (Dropout)          (None, 256)               0         
_________________________________________________________________
batch_normalization_1 (Batch (None, 256)               1024      
_________________________________________________________________
dense_2 (Dense)              (None, 2)                 514       
=================================================================
Total params: 29,697,529
Trainable params: 1,182,466
Non-trainable params: 28,515,063
_________________________________________________________________
Fitting ISIC2016+ISIC2017+ISIC2018+ISIC2019_aug_EfficientNetB5_150h_150w_None model...
model_name: ISIC2016+ISIC2017+ISIC2018+ISIC2019_aug_EfficientNetB5_150h_150w_None
Epoch: 1 loss: 0.6431 accuracy: 0.6495 val_loss: 0.5325 val_accuracy: 0.8299
Epoch: 2 loss: 0.6344 accuracy: 0.6625 val_loss: 0.4979 val_accuracy: 0.8299
Epoch: 3 loss: 0.6327 accuracy: 0.6650 val_loss: 0.5228 val_accuracy: 0.8299
Epoch: 4 loss: 0.6319 accuracy: 0.6670 val_loss: 0.5562 val_accuracy: 0.8134
Epoch: 5 loss: 0.6306 accuracy: 0.6682 val_loss: 0.5712 val_accuracy: 0.8131
Epoch: 6 loss: 0.6294 accuracy: 0.6688 val_loss: 0.4823 val_accuracy: 0.8302
Epoch: 7 loss: 0.6287 accuracy: 0.6693 val_loss: 0.5153 val_accuracy: 0.8304
Epoch: 8 loss: 0.6279 accuracy: 0.6704 val_loss: 0.4996 val_accuracy: 0.8277
Epoch: 9 loss: 0.6279 accuracy: 0.6705 val_loss: 0.4880 val_accuracy: 0.8247
Epoch: 10 loss: 0.6264 accuracy: 0.6718 val_loss: 0.4906 val_accuracy: 0.8299
Epoch: 11 loss: 0.6269 accuracy: 0.6727 val_loss: 0.5077 val_accuracy: 0.8166
Epoch: 12 loss: 0.6275 accuracy: 0.6710 val_loss: 0.5516 val_accuracy: 0.8081
Epoch: 13 loss: 0.6265 accuracy: 0.6736 val_loss: 0.5375 val_accuracy: 0.8140
Epoch: 14 loss: 0.6262 accuracy: 0.6709 val_loss: 0.5254 val_accuracy: 0.8145
Epoch: 15 loss: 0.6262 accuracy: 0.6718 val_loss: 0.4920 val_accuracy: 0.8304
Epoch: 16 loss: 0.6265 accuracy: 0.6721 val_loss: 0.4949 val_accuracy: 0.8293
Epoch: 17 loss: 0.6249 accuracy: 0.6723 val_loss: 0.4931 val_accuracy: 0.8301
Epoch: 18 loss: 0.6248 accuracy: 0.6730 val_loss: 0.5091 val_accuracy: 0.8222
Epoch: 19 loss: 0.6246 accuracy: 0.6733 val_loss: 0.5269 val_accuracy: 0.8168
Epoch: 20 loss: 0.6250 accuracy: 0.6727 val_loss: 0.4826 val_accuracy: 0.8301
Job ended!
