Fri 01 Mar 2024 09:55:55 AM EST
Python 3.9.7
nvcc: NVIDIA (R) Cuda compiler driver
Copyright (c) 2005-2019 NVIDIA Corporation
Built on Sun_Jul_28_19:07:16_PDT_2019
Cuda compilation tools, release 10.1, V10.1.243
My SLURM_ARRAY_TASK_ID: 
DB: ['ISIC2016', 'ISIC2017', 'ISIC2018', 'ISIC2019', 'PH2', '_7_point_criteria']
IMG_SIZE: [150, 150]
CLASSIFIER: EfficientNetB5
SELF_AUG: 1
JOB_INDEX: None
Combining...
Combining 1 db out of 6 dbs
Combining 2 db out of 6 dbs
Combining 3 db out of 6 dbs
Combining 4 db out of 6 dbs
Combining 5 db out of 6 dbs
Combining 6 db out of 6 dbs
Stacking training images
Stacking training labels
Stacking validation images
Stacking validation labels
Model: "sequential"
_________________________________________________________________
Layer (type)                 Output Shape              Param #   
=================================================================
efficientnetb5 (Functional)  (None, 2048)              28513527  
_________________________________________________________________
dense (Dense)                (None, 512)               1049088   
_________________________________________________________________
dropout (Dropout)            (None, 512)               0         
_________________________________________________________________
batch_normalization (BatchNo (None, 512)               2048      
_________________________________________________________________
dense_1 (Dense)              (None, 256)               131328    
_________________________________________________________________
dropout_1 (Dropout)          (None, 256)               0         
_________________________________________________________________
batch_normalization_1 (Batch (None, 256)               1024      
_________________________________________________________________
dense_2 (Dense)              (None, 2)                 514       
=================================================================
Total params: 29,697,529
Trainable params: 1,182,466
Non-trainable params: 28,515,063
_________________________________________________________________
Fitting ISIC2016+ISIC2017+ISIC2018+ISIC2019+PH2+_7_point_criteria_aug_EfficientNetB5_150h_150w_None model...
model_name: ISIC2016+ISIC2017+ISIC2018+ISIC2019+PH2+_7_point_criteria_aug_EfficientNetB5_150h_150w_None
Epoch: 1 loss: 0.5711 accuracy: 0.7384 val_loss: 0.3562 val_accuracy: 0.8584
Epoch: 2 loss: 0.4889 accuracy: 0.7710 val_loss: 0.3586 val_accuracy: 0.8578
Epoch: 3 loss: 0.4625 accuracy: 0.7834 val_loss: 0.3510 val_accuracy: 0.8607
Epoch: 4 loss: 0.4480 accuracy: 0.7908 val_loss: 0.3437 val_accuracy: 0.8533
Epoch: 5 loss: 0.4365 accuracy: 0.7967 val_loss: 0.3403 val_accuracy: 0.8586
Epoch: 6 loss: 0.4266 accuracy: 0.8019 val_loss: 0.3381 val_accuracy: 0.8600
Epoch: 7 loss: 0.4196 accuracy: 0.8050 val_loss: 0.3322 val_accuracy: 0.8638
Epoch: 8 loss: 0.4142 accuracy: 0.8083 val_loss: 0.3297 val_accuracy: 0.8685
Epoch: 9 loss: 0.4081 accuracy: 0.8118 val_loss: 0.3251 val_accuracy: 0.8645
Epoch: 10 loss: 0.4050 accuracy: 0.8132 val_loss: 0.3237 val_accuracy: 0.8674
Epoch: 11 loss: 0.4012 accuracy: 0.8139 val_loss: 0.3294 val_accuracy: 0.8681
Epoch: 12 loss: 0.3973 accuracy: 0.8154 val_loss: 0.3176 val_accuracy: 0.8717
Epoch: 13 loss: 0.3922 accuracy: 0.8204 val_loss: 0.3214 val_accuracy: 0.8692
Epoch: 14 loss: 0.3892 accuracy: 0.8199 val_loss: 0.3130 val_accuracy: 0.8717
Epoch: 15 loss: 0.3854 accuracy: 0.8230 val_loss: 0.3210 val_accuracy: 0.8676
Epoch: 16 loss: 0.3834 accuracy: 0.8237 val_loss: 0.3102 val_accuracy: 0.8738
Epoch: 17 loss: 0.3802 accuracy: 0.8267 val_loss: 0.3136 val_accuracy: 0.8717
Epoch: 18 loss: 0.3778 accuracy: 0.8252 val_loss: 0.3120 val_accuracy: 0.8731
Epoch: 19 loss: 0.3750 accuracy: 0.8276 val_loss: 0.3146 val_accuracy: 0.8712
Epoch: 20 loss: 0.3748 accuracy: 0.8291 val_loss: 0.3119 val_accuracy: 0.8709
Job ended!
