Fri 01 Mar 2024 08:51:56 AM EST
Python 3.9.7
nvcc: NVIDIA (R) Cuda compiler driver
Copyright (c) 2005-2019 NVIDIA Corporation
Built on Sun_Jul_28_19:07:16_PDT_2019
Cuda compilation tools, release 10.1, V10.1.243
My SLURM_ARRAY_TASK_ID: 
DB: ['ISIC2016', 'ISIC2017', 'ISIC2018']
IMG_SIZE: [150, 150]
CLASSIFIER: EfficientNetB5
SELF_AUG: 1
JOB_INDEX: None
Combining...
Combining 1 db out of 3 dbs
Combining 2 db out of 3 dbs
Combining 3 db out of 3 dbs
Stacking training images
Stacking training labels
Stacking validation images
Stacking validation labels
Model: "sequential"
_________________________________________________________________
Layer (type)                 Output Shape              Param #   
=================================================================
efficientnetb5 (Functional)  (None, 2048)              28513527  
_________________________________________________________________
dense (Dense)                (None, 512)               1049088   
_________________________________________________________________
dropout (Dropout)            (None, 512)               0         
_________________________________________________________________
batch_normalization (BatchNo (None, 512)               2048      
_________________________________________________________________
dense_1 (Dense)              (None, 256)               131328    
_________________________________________________________________
dropout_1 (Dropout)          (None, 256)               0         
_________________________________________________________________
batch_normalization_1 (Batch (None, 256)               1024      
_________________________________________________________________
dense_2 (Dense)              (None, 2)                 514       
=================================================================
Total params: 29,697,529
Trainable params: 1,182,466
Non-trainable params: 28,515,063
_________________________________________________________________
Fitting ISIC2016+ISIC2017+ISIC2018_aug_EfficientNetB5_150h_150w_None model...
model_name: ISIC2016+ISIC2017+ISIC2018_aug_EfficientNetB5_150h_150w_None
Epoch: 1 loss: 0.6267 accuracy: 0.7170 val_loss: 0.3712 val_accuracy: 0.8451
Epoch: 2 loss: 0.4910 accuracy: 0.7782 val_loss: 0.3585 val_accuracy: 0.8356
Epoch: 3 loss: 0.4673 accuracy: 0.7904 val_loss: 0.3664 val_accuracy: 0.8432
Epoch: 4 loss: 0.4440 accuracy: 0.7965 val_loss: 0.3560 val_accuracy: 0.8528
Epoch: 5 loss: 0.4305 accuracy: 0.8044 val_loss: 0.3547 val_accuracy: 0.8432
Epoch: 6 loss: 0.4155 accuracy: 0.8135 val_loss: 0.3521 val_accuracy: 0.8585
Epoch: 7 loss: 0.4050 accuracy: 0.8201 val_loss: 0.3500 val_accuracy: 0.8642
Epoch: 8 loss: 0.4045 accuracy: 0.8149 val_loss: 0.3350 val_accuracy: 0.8585
Epoch: 9 loss: 0.3958 accuracy: 0.8245 val_loss: 0.3499 val_accuracy: 0.8413
Epoch: 10 loss: 0.3870 accuracy: 0.8241 val_loss: 0.3514 val_accuracy: 0.8470
Epoch: 11 loss: 0.3804 accuracy: 0.8270 val_loss: 0.3433 val_accuracy: 0.8528
Epoch: 12 loss: 0.3737 accuracy: 0.8333 val_loss: 0.3481 val_accuracy: 0.8528
Epoch: 13 loss: 0.3720 accuracy: 0.8298 val_loss: 0.3497 val_accuracy: 0.8662
Epoch: 14 loss: 0.3685 accuracy: 0.8344 val_loss: 0.3288 val_accuracy: 0.8776
Epoch: 15 loss: 0.3652 accuracy: 0.8341 val_loss: 0.3377 val_accuracy: 0.8642
Epoch: 16 loss: 0.3576 accuracy: 0.8386 val_loss: 0.3427 val_accuracy: 0.8642
Epoch: 17 loss: 0.3589 accuracy: 0.8365 val_loss: 0.3395 val_accuracy: 0.8509
Epoch: 18 loss: 0.3542 accuracy: 0.8412 val_loss: 0.3372 val_accuracy: 0.8642
Epoch: 19 loss: 0.3533 accuracy: 0.8427 val_loss: 0.3360 val_accuracy: 0.8566
Epoch: 20 loss: 0.3468 accuracy: 0.8448 val_loss: 0.3530 val_accuracy: 0.8260
Job ended!
