Wed 28 Feb 2024 05:55:50 AM EST
Python 3.9.7
nvcc: NVIDIA (R) Cuda compiler driver
Copyright (c) 2005-2019 NVIDIA Corporation
Built on Sun_Jul_28_19:07:16_PDT_2019
Cuda compilation tools, release 10.1, V10.1.243
My SLURM_ARRAY_TASK_ID: 
DB: ['ISIC2016', 'ISIC2017', 'ISIC2018', 'ISIC2019', 'ISIC2020', 'PH2', 'MEDNODE', 'KaggleMB']
IMG_SIZE: [150, 150]
CLASSIFIER: ResNet152V2
SELF_AUG: 1
JOB_INDEX: None
Combining...
Combining 1 db out of 8 dbs
Combining 2 db out of 8 dbs
Combining 3 db out of 8 dbs
Combining 4 db out of 8 dbs
Combining 5 db out of 8 dbs
Combining 6 db out of 8 dbs
Combining 7 db out of 8 dbs
Combining 8 db out of 8 dbs
Stacking training images
Stacking training labels
Stacking validation images
Stacking validation labels
Model: "sequential"
_________________________________________________________________
Layer (type)                 Output Shape              Param #   
=================================================================
resnet152v2 (Functional)     (None, 2048)              58331648  
_________________________________________________________________
dense (Dense)                (None, 512)               1049088   
_________________________________________________________________
dropout (Dropout)            (None, 512)               0         
_________________________________________________________________
batch_normalization (BatchNo (None, 512)               2048      
_________________________________________________________________
dense_1 (Dense)              (None, 256)               131328    
_________________________________________________________________
dropout_1 (Dropout)          (None, 256)               0         
_________________________________________________________________
batch_normalization_1 (Batch (None, 256)               1024      
_________________________________________________________________
dense_2 (Dense)              (None, 2)                 514       
=================================================================
Total params: 59,515,650
Trainable params: 1,182,466
Non-trainable params: 58,333,184
_________________________________________________________________
Fitting ISIC2016+ISIC2017+ISIC2018+ISIC2019+ISIC2020+PH2+MEDNODE+KaggleMB_aug_ResNet152V2_150h_150w_None model...
model_name: ISIC2016+ISIC2017+ISIC2018+ISIC2019+ISIC2020+PH2+MEDNODE+KaggleMB_aug_ResNet152V2_150h_150w_None
Epoch: 1 loss: 0.6242 accuracy: 0.6819 val_loss: 0.3795 val_accuracy: 0.8160
Epoch: 2 loss: 0.5103 accuracy: 0.7177 val_loss: 0.3312 val_accuracy: 0.8886
Epoch: 3 loss: 0.4901 accuracy: 0.7284 val_loss: 0.3835 val_accuracy: 0.8126
Epoch: 4 loss: 0.4746 accuracy: 0.7433 val_loss: 0.3055 val_accuracy: 0.8665
Epoch: 5 loss: 0.4667 accuracy: 0.7532 val_loss: 0.5460 val_accuracy: 0.6836
Epoch: 6 loss: 0.4613 accuracy: 0.7582 val_loss: 0.4643 val_accuracy: 0.7582
Epoch: 7 loss: 0.4566 accuracy: 0.7674 val_loss: 0.3027 val_accuracy: 0.8781
Epoch: 8 loss: 0.4512 accuracy: 0.7727 val_loss: 0.4397 val_accuracy: 0.7697
Epoch: 9 loss: 0.4498 accuracy: 0.7728 val_loss: 0.3934 val_accuracy: 0.7990
Epoch: 10 loss: 0.4468 accuracy: 0.7756 val_loss: 0.6495 val_accuracy: 0.5800
Epoch: 11 loss: 0.4453 accuracy: 0.7773 val_loss: 0.3431 val_accuracy: 0.8404
Epoch: 12 loss: 0.4435 accuracy: 0.7796 val_loss: 0.7006 val_accuracy: 0.5503
Epoch: 13 loss: 0.4410 accuracy: 0.7809 val_loss: 0.3316 val_accuracy: 0.8406
Epoch: 14 loss: 0.4399 accuracy: 0.7812 val_loss: 0.7183 val_accuracy: 0.5277
Epoch: 15 loss: 0.4380 accuracy: 0.7825 val_loss: 0.8141 val_accuracy: 0.4487
Epoch: 16 loss: 0.4383 accuracy: 0.7824 val_loss: 0.3455 val_accuracy: 0.8246
Epoch: 17 loss: 0.4375 accuracy: 0.7844 val_loss: 0.5114 val_accuracy: 0.7037
Epoch: 18 loss: 0.4362 accuracy: 0.7854 val_loss: 0.6205 val_accuracy: 0.6194
Epoch: 19 loss: 0.4351 accuracy: 0.7854 val_loss: 0.8143 val_accuracy: 0.4392
Epoch: 20 loss: 0.4355 accuracy: 0.7849 val_loss: 0.6712 val_accuracy: 0.5724
Job ended!
