Fri 01 Mar 2024 08:02:13 PM EST
Python 3.9.7
nvcc: NVIDIA (R) Cuda compiler driver
Copyright (c) 2005-2019 NVIDIA Corporation
Built on Sun_Jul_28_19:07:16_PDT_2019
Cuda compilation tools, release 10.1, V10.1.243
My SLURM_ARRAY_TASK_ID: 
DB: ['ISIC2016', 'ISIC2017', 'ISIC2018', '_7_point_criteria', 'PAD_UFES_20']
IMG_SIZE: [150, 150]
CLASSIFIER: ResNet152V2
SELF_AUG: 1
JOB_INDEX: None
Combining...
Combining 1 db out of 5 dbs
Combining 2 db out of 5 dbs
Combining 3 db out of 5 dbs
Combining 4 db out of 5 dbs
Combining 5 db out of 5 dbs
Stacking training images
Stacking training labels
Stacking validation images
Stacking validation labels
Model: "sequential"
_________________________________________________________________
Layer (type)                 Output Shape              Param #   
=================================================================
resnet152v2 (Functional)     (None, 2048)              58331648  
_________________________________________________________________
dense (Dense)                (None, 512)               1049088   
_________________________________________________________________
dropout (Dropout)            (None, 512)               0         
_________________________________________________________________
batch_normalization (BatchNo (None, 512)               2048      
_________________________________________________________________
dense_1 (Dense)              (None, 256)               131328    
_________________________________________________________________
dropout_1 (Dropout)          (None, 256)               0         
_________________________________________________________________
batch_normalization_1 (Batch (None, 256)               1024      
_________________________________________________________________
dense_2 (Dense)              (None, 2)                 514       
=================================================================
Total params: 59,515,650
Trainable params: 1,182,466
Non-trainable params: 58,333,184
_________________________________________________________________
Fitting ISIC2016+ISIC2017+ISIC2018+_7_point_criteria+PAD_UFES_20_aug_ResNet152V2_150h_150w_None model...
model_name: ISIC2016+ISIC2017+ISIC2018+_7_point_criteria+PAD_UFES_20_aug_ResNet152V2_150h_150w_None
Epoch: 1 loss: 0.6112 accuracy: 0.7116 val_loss: 0.3752 val_accuracy: 0.8474
Epoch: 2 loss: 0.4561 accuracy: 0.8003 val_loss: 0.3407 val_accuracy: 0.8626
Epoch: 3 loss: 0.4147 accuracy: 0.8132 val_loss: 0.3342 val_accuracy: 0.8752
Epoch: 4 loss: 0.3915 accuracy: 0.8259 val_loss: 0.3240 val_accuracy: 0.8769
Epoch: 5 loss: 0.3674 accuracy: 0.8376 val_loss: 0.3316 val_accuracy: 0.8786
Epoch: 6 loss: 0.3517 accuracy: 0.8442 val_loss: 0.3243 val_accuracy: 0.8803
Epoch: 7 loss: 0.3250 accuracy: 0.8569 val_loss: 0.3396 val_accuracy: 0.8744
Epoch: 8 loss: 0.3098 accuracy: 0.8631 val_loss: 0.3340 val_accuracy: 0.8634
Epoch: 9 loss: 0.2982 accuracy: 0.8719 val_loss: 0.3534 val_accuracy: 0.8777
Epoch: 10 loss: 0.2790 accuracy: 0.8798 val_loss: 0.3569 val_accuracy: 0.8820
Epoch: 11 loss: 0.2604 accuracy: 0.8885 val_loss: 0.3678 val_accuracy: 0.8820
Epoch: 12 loss: 0.2529 accuracy: 0.8943 val_loss: 0.3910 val_accuracy: 0.8744
Epoch: 13 loss: 0.2395 accuracy: 0.8984 val_loss: 0.3546 val_accuracy: 0.8710
Epoch: 14 loss: 0.2265 accuracy: 0.9063 val_loss: 0.3906 val_accuracy: 0.8710
Epoch: 15 loss: 0.2161 accuracy: 0.9123 val_loss: 0.4347 val_accuracy: 0.8710
Epoch: 16 loss: 0.1990 accuracy: 0.9179 val_loss: 0.4478 val_accuracy: 0.8769
Epoch: 17 loss: 0.1883 accuracy: 0.9233 val_loss: 0.4391 val_accuracy: 0.8727
Epoch: 18 loss: 0.1830 accuracy: 0.9261 val_loss: 0.4404 val_accuracy: 0.8752
Epoch: 19 loss: 0.1771 accuracy: 0.9286 val_loss: 0.4706 val_accuracy: 0.8642
Epoch: 20 loss: 0.1670 accuracy: 0.9334 val_loss: 0.4873 val_accuracy: 0.8524
Job ended!
