Wed 28 Feb 2024 06:34:04 AM EST
Python 3.9.7
nvcc: NVIDIA (R) Cuda compiler driver
Copyright (c) 2005-2019 NVIDIA Corporation
Built on Sun_Jul_28_19:07:16_PDT_2019
Cuda compilation tools, release 10.1, V10.1.243
My SLURM_ARRAY_TASK_ID: 
DB: ['ISIC2016', 'ISIC2017', 'ISIC2018', 'PH2', '_7_point_criteria']
IMG_SIZE: [150, 150]
CLASSIFIER: ResNet152V2
SELF_AUG: 1
JOB_INDEX: None
Combining...
Combining 1 db out of 5 dbs
Combining 2 db out of 5 dbs
Combining 3 db out of 5 dbs
Combining 4 db out of 5 dbs
Combining 5 db out of 5 dbs
Stacking training images
Stacking training labels
Stacking validation images
Stacking validation labels
Model: "sequential"
_________________________________________________________________
Layer (type)                 Output Shape              Param #   
=================================================================
resnet152v2 (Functional)     (None, 2048)              58331648  
_________________________________________________________________
dense (Dense)                (None, 512)               1049088   
_________________________________________________________________
dropout (Dropout)            (None, 512)               0         
_________________________________________________________________
batch_normalization (BatchNo (None, 512)               2048      
_________________________________________________________________
dense_1 (Dense)              (None, 256)               131328    
_________________________________________________________________
dropout_1 (Dropout)          (None, 256)               0         
_________________________________________________________________
batch_normalization_1 (Batch (None, 256)               1024      
_________________________________________________________________
dense_2 (Dense)              (None, 2)                 514       
=================================================================
Total params: 59,515,650
Trainable params: 1,182,466
Non-trainable params: 58,333,184
_________________________________________________________________
Fitting ISIC2016+ISIC2017+ISIC2018+PH2+_7_point_criteria_aug_ResNet152V2_150h_150w_None model...
model_name: ISIC2016+ISIC2017+ISIC2018+PH2+_7_point_criteria_aug_ResNet152V2_150h_150w_None
Epoch: 1 loss: 0.7229 accuracy: 0.6373 val_loss: 0.5495 val_accuracy: 0.7851
Epoch: 2 loss: 0.6249 accuracy: 0.6892 val_loss: 0.5624 val_accuracy: 0.7713
Epoch: 3 loss: 0.5976 accuracy: 0.7028 val_loss: 0.5116 val_accuracy: 0.8044
Epoch: 4 loss: 0.5743 accuracy: 0.7102 val_loss: 0.6096 val_accuracy: 0.7121
Epoch: 5 loss: 0.5161 accuracy: 0.7469 val_loss: 0.4847 val_accuracy: 0.8072
Epoch: 6 loss: 0.5043 accuracy: 0.7504 val_loss: 0.5336 val_accuracy: 0.8085
Epoch: 7 loss: 0.4970 accuracy: 0.7581 val_loss: 0.5332 val_accuracy: 0.7906
Epoch: 8 loss: 0.4836 accuracy: 0.7676 val_loss: 0.4761 val_accuracy: 0.8058
Epoch: 9 loss: 0.4792 accuracy: 0.7708 val_loss: 0.5363 val_accuracy: 0.7493
Epoch: 10 loss: 0.4741 accuracy: 0.7735 val_loss: 0.5344 val_accuracy: 0.7810
Epoch: 11 loss: 0.4671 accuracy: 0.7777 val_loss: 0.4902 val_accuracy: 0.7865
Epoch: 12 loss: 0.4876 accuracy: 0.7682 val_loss: 0.5139 val_accuracy: 0.7948
Epoch: 13 loss: 0.4850 accuracy: 0.7685 val_loss: 0.4768 val_accuracy: 0.8044
Epoch: 14 loss: 0.4823 accuracy: 0.7710 val_loss: 0.4847 val_accuracy: 0.7989
Epoch: 15 loss: 0.4792 accuracy: 0.7731 val_loss: 0.4615 val_accuracy: 0.8072
Epoch: 16 loss: 0.4757 accuracy: 0.7752 val_loss: 0.4704 val_accuracy: 0.8017
Epoch: 17 loss: 0.4784 accuracy: 0.7723 val_loss: 0.4928 val_accuracy: 0.7975
Epoch: 18 loss: 0.4711 accuracy: 0.7771 val_loss: 0.4711 val_accuracy: 0.8085
Epoch: 19 loss: 0.4720 accuracy: 0.7737 val_loss: 0.4840 val_accuracy: 0.7989
Epoch: 20 loss: 0.4710 accuracy: 0.7758 val_loss: 0.5022 val_accuracy: 0.7975
Job ended!
