Fri 01 Mar 2024 09:13:17 PM EST
Python 3.9.7
nvcc: NVIDIA (R) Cuda compiler driver
Copyright (c) 2005-2019 NVIDIA Corporation
Built on Sun_Jul_28_19:07:16_PDT_2019
Cuda compilation tools, release 10.1, V10.1.243
My SLURM_ARRAY_TASK_ID: 
DB: ['ISIC2016', 'ISIC2017', 'ISIC2018', 'PAD_UFES_20', 'MEDNODE']
IMG_SIZE: [150, 150]
CLASSIFIER: ResNet152V2
SELF_AUG: 1
JOB_INDEX: None
Combining...
Combining 1 db out of 5 dbs
Combining 2 db out of 5 dbs
Combining 3 db out of 5 dbs
Combining 4 db out of 5 dbs
Combining 5 db out of 5 dbs
Stacking training images
Stacking training labels
Stacking validation images
Stacking validation labels
Model: "sequential"
_________________________________________________________________
Layer (type)                 Output Shape              Param #   
=================================================================
resnet152v2 (Functional)     (None, 2048)              58331648  
_________________________________________________________________
dense (Dense)                (None, 512)               1049088   
_________________________________________________________________
dropout (Dropout)            (None, 512)               0         
_________________________________________________________________
batch_normalization (BatchNo (None, 512)               2048      
_________________________________________________________________
dense_1 (Dense)              (None, 256)               131328    
_________________________________________________________________
dropout_1 (Dropout)          (None, 256)               0         
_________________________________________________________________
batch_normalization_1 (Batch (None, 256)               1024      
_________________________________________________________________
dense_2 (Dense)              (None, 2)                 514       
=================================================================
Total params: 59,515,650
Trainable params: 1,182,466
Non-trainable params: 58,333,184
_________________________________________________________________
Fitting ISIC2016+ISIC2017+ISIC2018+PAD_UFES_20+MEDNODE_aug_ResNet152V2_150h_150w_None model...
model_name: ISIC2016+ISIC2017+ISIC2018+PAD_UFES_20+MEDNODE_aug_ResNet152V2_150h_150w_None
Epoch: 1 loss: 0.6318 accuracy: 0.7107 val_loss: 0.3209 val_accuracy: 0.8663
Epoch: 2 loss: 0.4657 accuracy: 0.7905 val_loss: 0.2863 val_accuracy: 0.8810
Epoch: 3 loss: 0.4231 accuracy: 0.8110 val_loss: 0.2838 val_accuracy: 0.8918
Epoch: 4 loss: 0.3953 accuracy: 0.8251 val_loss: 0.2708 val_accuracy: 0.8869
Epoch: 5 loss: 0.3674 accuracy: 0.8371 val_loss: 0.2725 val_accuracy: 0.8869
Epoch: 6 loss: 0.3532 accuracy: 0.8421 val_loss: 0.2489 val_accuracy: 0.8987
Epoch: 7 loss: 0.3291 accuracy: 0.8543 val_loss: 0.2650 val_accuracy: 0.8958
Epoch: 8 loss: 0.3108 accuracy: 0.8630 val_loss: 0.2553 val_accuracy: 0.8958
Epoch: 9 loss: 0.2967 accuracy: 0.8704 val_loss: 0.2565 val_accuracy: 0.8977
Epoch: 10 loss: 0.2808 accuracy: 0.8777 val_loss: 0.2692 val_accuracy: 0.9017
Epoch: 11 loss: 0.2615 accuracy: 0.8870 val_loss: 0.2665 val_accuracy: 0.8918
Epoch: 12 loss: 0.2523 accuracy: 0.8934 val_loss: 0.2728 val_accuracy: 0.9017
Epoch: 13 loss: 0.2345 accuracy: 0.9003 val_loss: 0.2822 val_accuracy: 0.8987
Epoch: 14 loss: 0.2260 accuracy: 0.9041 val_loss: 0.2900 val_accuracy: 0.8958
Epoch: 15 loss: 0.2105 accuracy: 0.9124 val_loss: 0.3032 val_accuracy: 0.8918
Epoch: 16 loss: 0.2006 accuracy: 0.9174 val_loss: 0.3420 val_accuracy: 0.8918
Epoch: 17 loss: 0.1940 accuracy: 0.9193 val_loss: 0.3528 val_accuracy: 0.8977
Epoch: 18 loss: 0.1832 accuracy: 0.9243 val_loss: 0.3101 val_accuracy: 0.8938
Epoch: 19 loss: 0.1668 accuracy: 0.9312 val_loss: 0.3709 val_accuracy: 0.8830
Epoch: 20 loss: 0.1675 accuracy: 0.9309 val_loss: 0.3400 val_accuracy: 0.8899
Job ended!
