Fri 01 Mar 2024 08:45:06 PM EST
Python 3.9.7
nvcc: NVIDIA (R) Cuda compiler driver
Copyright (c) 2005-2019 NVIDIA Corporation
Built on Sun_Jul_28_19:07:16_PDT_2019
Cuda compilation tools, release 10.1, V10.1.243
My SLURM_ARRAY_TASK_ID: 
DB: ['ISIC2016', 'ISIC2017', 'ISIC2018', 'ISIC2019', 'ISIC2020', 'PH2', 'PAD_UFES_20', 'MEDNODE']
IMG_SIZE: [150, 150]
CLASSIFIER: ResNet152V2
SELF_AUG: 1
JOB_INDEX: None
Combining...
Combining 1 db out of 8 dbs
Combining 2 db out of 8 dbs
Combining 3 db out of 8 dbs
Combining 4 db out of 8 dbs
Combining 5 db out of 8 dbs
Combining 6 db out of 8 dbs
Combining 7 db out of 8 dbs
Combining 8 db out of 8 dbs
Stacking training images
Stacking training labels
Stacking validation images
Stacking validation labels
Model: "sequential"
_________________________________________________________________
Layer (type)                 Output Shape              Param #   
=================================================================
resnet152v2 (Functional)     (None, 2048)              58331648  
_________________________________________________________________
dense (Dense)                (None, 512)               1049088   
_________________________________________________________________
dropout (Dropout)            (None, 512)               0         
_________________________________________________________________
batch_normalization (BatchNo (None, 512)               2048      
_________________________________________________________________
dense_1 (Dense)              (None, 256)               131328    
_________________________________________________________________
dropout_1 (Dropout)          (None, 256)               0         
_________________________________________________________________
batch_normalization_1 (Batch (None, 256)               1024      
_________________________________________________________________
dense_2 (Dense)              (None, 2)                 514       
=================================================================
Total params: 59,515,650
Trainable params: 1,182,466
Non-trainable params: 58,333,184
_________________________________________________________________
Fitting ISIC2016+ISIC2017+ISIC2018+ISIC2019+ISIC2020+PH2+PAD_UFES_20+MEDNODE_aug_ResNet152V2_150h_150w_None model...
model_name: ISIC2016+ISIC2017+ISIC2018+ISIC2019+ISIC2020+PH2+PAD_UFES_20+MEDNODE_aug_ResNet152V2_150h_150w_None
Epoch: 1 loss: 0.4800 accuracy: 0.7770 val_loss: 0.2107 val_accuracy: 0.9238
Epoch: 2 loss: 0.3888 accuracy: 0.8172 val_loss: 0.2089 val_accuracy: 0.9234
Epoch: 3 loss: 0.3645 accuracy: 0.8290 val_loss: 0.1986 val_accuracy: 0.9290
Epoch: 4 loss: 0.3490 accuracy: 0.8364 val_loss: 0.1959 val_accuracy: 0.9295
Epoch: 5 loss: 0.3355 accuracy: 0.8428 val_loss: 0.1946 val_accuracy: 0.9300
Epoch: 6 loss: 0.3233 accuracy: 0.8499 val_loss: 0.1947 val_accuracy: 0.9291
Epoch: 7 loss: 0.3132 accuracy: 0.8558 val_loss: 0.1862 val_accuracy: 0.9316
Epoch: 8 loss: 0.3051 accuracy: 0.8612 val_loss: 0.1870 val_accuracy: 0.9346
Epoch: 9 loss: 0.2966 accuracy: 0.8628 val_loss: 0.1885 val_accuracy: 0.9302
Epoch: 10 loss: 0.2877 accuracy: 0.8700 val_loss: 0.1901 val_accuracy: 0.9308
Epoch: 11 loss: 0.2794 accuracy: 0.8738 val_loss: 0.1973 val_accuracy: 0.9260
Epoch: 12 loss: 0.2709 accuracy: 0.8767 val_loss: 0.1917 val_accuracy: 0.9329
Epoch: 13 loss: 0.2646 accuracy: 0.8796 val_loss: 0.1922 val_accuracy: 0.9344
Epoch: 14 loss: 0.2566 accuracy: 0.8846 val_loss: 0.1938 val_accuracy: 0.9354
Epoch: 15 loss: 0.2470 accuracy: 0.8892 val_loss: 0.1923 val_accuracy: 0.9356
Epoch: 16 loss: 0.2417 accuracy: 0.8918 val_loss: 0.1979 val_accuracy: 0.9351
Epoch: 17 loss: 0.2342 accuracy: 0.8953 val_loss: 0.1944 val_accuracy: 0.9367
Epoch: 18 loss: 0.2287 accuracy: 0.8980 val_loss: 0.1959 val_accuracy: 0.9363
Epoch: 19 loss: 0.2219 accuracy: 0.9025 val_loss: 0.1972 val_accuracy: 0.9365
Epoch: 20 loss: 0.2162 accuracy: 0.9052 val_loss: 0.1978 val_accuracy: 0.9400
Job ended!
