Fri 01 Mar 2024 09:46:21 PM EST
Python 3.9.7
nvcc: NVIDIA (R) Cuda compiler driver
Copyright (c) 2005-2019 NVIDIA Corporation
Built on Sun_Jul_28_19:07:16_PDT_2019
Cuda compilation tools, release 10.1, V10.1.243
My SLURM_ARRAY_TASK_ID: 
DB: ['ISIC2019']
IMG_SIZE: [150, 150]
CLASSIFIER: ResNet152V2
SELF_AUG: 1
JOB_INDEX: None
Combining...
Combining 1 db out of 1 dbs
Stacking training images
Stacking training labels
Stacking validation images
Stacking validation labels
Model: "sequential"
_________________________________________________________________
Layer (type)                 Output Shape              Param #   
=================================================================
resnet152v2 (Functional)     (None, 2048)              58331648  
_________________________________________________________________
dense (Dense)                (None, 512)               1049088   
_________________________________________________________________
dropout (Dropout)            (None, 512)               0         
_________________________________________________________________
batch_normalization (BatchNo (None, 512)               2048      
_________________________________________________________________
dense_1 (Dense)              (None, 256)               131328    
_________________________________________________________________
dropout_1 (Dropout)          (None, 256)               0         
_________________________________________________________________
batch_normalization_1 (Batch (None, 256)               1024      
_________________________________________________________________
dense_2 (Dense)              (None, 2)                 514       
=================================================================
Total params: 59,515,650
Trainable params: 1,182,466
Non-trainable params: 58,333,184
_________________________________________________________________
Fitting ISIC2019_aug_ResNet152V2_150h_150w_None model...
model_name: ISIC2019_aug_ResNet152V2_150h_150w_None
Epoch: 1 loss: 0.6010 accuracy: 0.7201 val_loss: 0.3833 val_accuracy: 0.8445
Epoch: 2 loss: 0.5071 accuracy: 0.7610 val_loss: 0.3653 val_accuracy: 0.8542
Epoch: 3 loss: 0.4744 accuracy: 0.7753 val_loss: 0.3622 val_accuracy: 0.8563
Epoch: 4 loss: 0.4488 accuracy: 0.7880 val_loss: 0.3515 val_accuracy: 0.8589
Epoch: 5 loss: 0.4296 accuracy: 0.8011 val_loss: 0.3386 val_accuracy: 0.8626
Epoch: 6 loss: 0.4130 accuracy: 0.8084 val_loss: 0.3433 val_accuracy: 0.8628
Epoch: 7 loss: 0.3951 accuracy: 0.8167 val_loss: 0.3495 val_accuracy: 0.8615
Epoch: 8 loss: 0.3764 accuracy: 0.8296 val_loss: 0.3445 val_accuracy: 0.8662
Epoch: 9 loss: 0.3645 accuracy: 0.8372 val_loss: 0.3388 val_accuracy: 0.8636
Epoch: 10 loss: 0.3470 accuracy: 0.8442 val_loss: 0.3534 val_accuracy: 0.8644
Epoch: 11 loss: 0.3264 accuracy: 0.8548 val_loss: 0.3656 val_accuracy: 0.8601
Epoch: 12 loss: 0.3180 accuracy: 0.8596 val_loss: 0.3648 val_accuracy: 0.8620
Epoch: 13 loss: 0.3025 accuracy: 0.8692 val_loss: 0.3620 val_accuracy: 0.8607
Epoch: 14 loss: 0.2946 accuracy: 0.8721 val_loss: 0.3664 val_accuracy: 0.8626
Epoch: 15 loss: 0.2816 accuracy: 0.8797 val_loss: 0.3708 val_accuracy: 0.8607
Epoch: 16 loss: 0.2674 accuracy: 0.8840 val_loss: 0.3838 val_accuracy: 0.8624
Epoch: 17 loss: 0.2577 accuracy: 0.8889 val_loss: 0.3937 val_accuracy: 0.8591
Epoch: 18 loss: 0.2451 accuracy: 0.8954 val_loss: 0.4195 val_accuracy: 0.8417
Epoch: 19 loss: 0.2346 accuracy: 0.9006 val_loss: 0.4165 val_accuracy: 0.8622
Epoch: 20 loss: 0.2281 accuracy: 0.9026 val_loss: 0.4117 val_accuracy: 0.8597
Job ended!
