Fri 01 Mar 2024 11:03:57 PM EST
Python 3.9.7
nvcc: NVIDIA (R) Cuda compiler driver
Copyright (c) 2005-2019 NVIDIA Corporation
Built on Sun_Jul_28_19:07:16_PDT_2019
Cuda compilation tools, release 10.1, V10.1.243
My SLURM_ARRAY_TASK_ID: 
DB: ['ISIC2016', 'ISIC2017', 'ISIC2018', 'ISIC2019']
IMG_SIZE: [150, 150]
CLASSIFIER: VGG16
SELF_AUG: 1
JOB_INDEX: None
Combining...
Combining 1 db out of 4 dbs
Combining 2 db out of 4 dbs
Combining 3 db out of 4 dbs
Combining 4 db out of 4 dbs
Stacking training images
Stacking training labels
Stacking validation images
Stacking validation labels
Model: "sequential"
_________________________________________________________________
Layer (type)                 Output Shape              Param #   
=================================================================
vgg16 (Functional)           (None, 512)               14714688  
_________________________________________________________________
dense (Dense)                (None, 512)               262656    
_________________________________________________________________
dropout (Dropout)            (None, 512)               0         
_________________________________________________________________
batch_normalization (BatchNo (None, 512)               2048      
_________________________________________________________________
dense_1 (Dense)              (None, 256)               131328    
_________________________________________________________________
dropout_1 (Dropout)          (None, 256)               0         
_________________________________________________________________
batch_normalization_1 (Batch (None, 256)               1024      
_________________________________________________________________
dense_2 (Dense)              (None, 2)                 514       
=================================================================
Total params: 15,112,258
Trainable params: 396,034
Non-trainable params: 14,716,224
_________________________________________________________________
Fitting ISIC2016+ISIC2017+ISIC2018+ISIC2019_aug_VGG16_150h_150w_None model...
model_name: ISIC2016+ISIC2017+ISIC2018+ISIC2019_aug_VGG16_150h_150w_None
Epoch: 1 loss: 0.5714 accuracy: 0.7289 val_loss: 0.3823 val_accuracy: 0.8417
Epoch: 2 loss: 0.4826 accuracy: 0.7710 val_loss: 0.3597 val_accuracy: 0.8551
Epoch: 3 loss: 0.4524 accuracy: 0.7864 val_loss: 0.3550 val_accuracy: 0.8526
Epoch: 4 loss: 0.4300 accuracy: 0.7967 val_loss: 0.3414 val_accuracy: 0.8564
Epoch: 5 loss: 0.4137 accuracy: 0.8053 val_loss: 0.3392 val_accuracy: 0.8624
Epoch: 6 loss: 0.4018 accuracy: 0.8118 val_loss: 0.3250 val_accuracy: 0.8653
Epoch: 7 loss: 0.3891 accuracy: 0.8181 val_loss: 0.3164 val_accuracy: 0.8739
Epoch: 8 loss: 0.3776 accuracy: 0.8258 val_loss: 0.3184 val_accuracy: 0.8721
Epoch: 9 loss: 0.3671 accuracy: 0.8321 val_loss: 0.3031 val_accuracy: 0.8771
Epoch: 10 loss: 0.3574 accuracy: 0.8357 val_loss: 0.3066 val_accuracy: 0.8798
Epoch: 11 loss: 0.3434 accuracy: 0.8428 val_loss: 0.3019 val_accuracy: 0.8762
Epoch: 12 loss: 0.3350 accuracy: 0.8465 val_loss: 0.3040 val_accuracy: 0.8800
Epoch: 13 loss: 0.3248 accuracy: 0.8515 val_loss: 0.2905 val_accuracy: 0.8878
Epoch: 14 loss: 0.3183 accuracy: 0.8571 val_loss: 0.2907 val_accuracy: 0.8869
Epoch: 15 loss: 0.3066 accuracy: 0.8615 val_loss: 0.2825 val_accuracy: 0.8923
Epoch: 16 loss: 0.2982 accuracy: 0.8644 val_loss: 0.2830 val_accuracy: 0.8945
Epoch: 17 loss: 0.2919 accuracy: 0.8684 val_loss: 0.2794 val_accuracy: 0.8952
Epoch: 18 loss: 0.2811 accuracy: 0.8747 val_loss: 0.2813 val_accuracy: 0.8945
Epoch: 19 loss: 0.2738 accuracy: 0.8795 val_loss: 0.2751 val_accuracy: 0.8998
Epoch: 20 loss: 0.2648 accuracy: 0.8813 val_loss: 0.2813 val_accuracy: 0.8982
Job ended!
