Wed 28 Feb 2024 10:03:35 AM EST
Python 3.9.7
nvcc: NVIDIA (R) Cuda compiler driver
Copyright (c) 2005-2019 NVIDIA Corporation
Built on Sun_Jul_28_19:07:16_PDT_2019
Cuda compilation tools, release 10.1, V10.1.243
My SLURM_ARRAY_TASK_ID: 
DB: ['ISIC2016', 'ISIC2019']
IMG_SIZE: [150, 150]
CLASSIFIER: VGG16
SELF_AUG: 1
JOB_INDEX: None
Combining...
Combining 1 db out of 2 dbs
Combining 2 db out of 2 dbs
Stacking training images
Stacking training labels
Stacking validation images
Stacking validation labels
Model: "sequential"
_________________________________________________________________
Layer (type)                 Output Shape              Param #   
=================================================================
vgg16 (Functional)           (None, 512)               14714688  
_________________________________________________________________
dense (Dense)                (None, 512)               262656    
_________________________________________________________________
dropout (Dropout)            (None, 512)               0         
_________________________________________________________________
batch_normalization (BatchNo (None, 512)               2048      
_________________________________________________________________
dense_1 (Dense)              (None, 256)               131328    
_________________________________________________________________
dropout_1 (Dropout)          (None, 256)               0         
_________________________________________________________________
batch_normalization_1 (Batch (None, 256)               1024      
_________________________________________________________________
dense_2 (Dense)              (None, 2)                 514       
=================================================================
Total params: 15,112,258
Trainable params: 396,034
Non-trainable params: 14,716,224
_________________________________________________________________
Fitting ISIC2016+ISIC2019_aug_VGG16_150h_150w_None model...
model_name: ISIC2016+ISIC2019_aug_VGG16_150h_150w_None
Epoch: 1 loss: 0.7365 accuracy: 0.6217 val_loss: 0.4548 val_accuracy: 0.8271
Epoch: 2 loss: 0.6609 accuracy: 0.6572 val_loss: 0.4651 val_accuracy: 0.8283
Epoch: 3 loss: 0.6323 accuracy: 0.6716 val_loss: 0.4533 val_accuracy: 0.8165
Epoch: 4 loss: 0.6083 accuracy: 0.6791 val_loss: 0.4830 val_accuracy: 0.7928
Epoch: 5 loss: 0.5862 accuracy: 0.6959 val_loss: 0.4327 val_accuracy: 0.8279
Epoch: 6 loss: 0.5751 accuracy: 0.7041 val_loss: 0.4979 val_accuracy: 0.8020
Epoch: 7 loss: 0.5622 accuracy: 0.7117 val_loss: 0.4190 val_accuracy: 0.8357
Epoch: 8 loss: 0.5508 accuracy: 0.7215 val_loss: 0.4766 val_accuracy: 0.7972
Epoch: 9 loss: 0.5428 accuracy: 0.7272 val_loss: 0.5349 val_accuracy: 0.7332
Epoch: 10 loss: 0.5409 accuracy: 0.7306 val_loss: 0.5566 val_accuracy: 0.7151
Epoch: 11 loss: 0.5343 accuracy: 0.7335 val_loss: 0.4316 val_accuracy: 0.8304
Epoch: 12 loss: 0.5284 accuracy: 0.7396 val_loss: 0.4200 val_accuracy: 0.8376
Epoch: 13 loss: 0.5271 accuracy: 0.7407 val_loss: 0.4430 val_accuracy: 0.8161
Epoch: 14 loss: 0.5243 accuracy: 0.7435 val_loss: 0.4277 val_accuracy: 0.8249
Epoch: 15 loss: 0.5233 accuracy: 0.7436 val_loss: 0.4444 val_accuracy: 0.8205
Epoch: 16 loss: 0.5209 accuracy: 0.7443 val_loss: 0.4516 val_accuracy: 0.8363
Epoch: 17 loss: 0.5183 accuracy: 0.7467 val_loss: 0.4350 val_accuracy: 0.8279
Epoch: 18 loss: 0.5184 accuracy: 0.7474 val_loss: 0.4344 val_accuracy: 0.8308
Epoch: 19 loss: 0.5212 accuracy: 0.7427 val_loss: 0.4242 val_accuracy: 0.8332
Epoch: 20 loss: 0.5127 accuracy: 0.7502 val_loss: 0.4302 val_accuracy: 0.8336
Job ended!
