Fri 01 Mar 2024 11:37:20 PM EST
Python 3.9.7
nvcc: NVIDIA (R) Cuda compiler driver
Copyright (c) 2005-2019 NVIDIA Corporation
Built on Sun_Jul_28_19:07:16_PDT_2019
Cuda compilation tools, release 10.1, V10.1.243
My SLURM_ARRAY_TASK_ID: 
DB: ['ISIC2016', 'PAD_UFES_20', 'MEDNODE', 'KaggleMB']
IMG_SIZE: [150, 150]
CLASSIFIER: VGG16
SELF_AUG: 1
JOB_INDEX: None
Combining...
Combining 1 db out of 4 dbs
Combining 2 db out of 4 dbs
Combining 3 db out of 4 dbs
Combining 4 db out of 4 dbs
Stacking training images
Stacking training labels
Stacking validation images
Stacking validation labels
Model: "sequential"
_________________________________________________________________
Layer (type)                 Output Shape              Param #   
=================================================================
vgg16 (Functional)           (None, 512)               14714688  
_________________________________________________________________
dense (Dense)                (None, 512)               262656    
_________________________________________________________________
dropout (Dropout)            (None, 512)               0         
_________________________________________________________________
batch_normalization (BatchNo (None, 512)               2048      
_________________________________________________________________
dense_1 (Dense)              (None, 256)               131328    
_________________________________________________________________
dropout_1 (Dropout)          (None, 256)               0         
_________________________________________________________________
batch_normalization_1 (Batch (None, 256)               1024      
_________________________________________________________________
dense_2 (Dense)              (None, 2)                 514       
=================================================================
Total params: 15,112,258
Trainable params: 396,034
Non-trainable params: 14,716,224
_________________________________________________________________
Fitting ISIC2016+PAD_UFES_20+MEDNODE+KaggleMB_aug_VGG16_150h_150w_None model...
model_name: ISIC2016+PAD_UFES_20+MEDNODE+KaggleMB_aug_VGG16_150h_150w_None
Epoch: 1 loss: 0.7200 accuracy: 0.6699 val_loss: 0.4937 val_accuracy: 0.7762
Epoch: 2 loss: 0.5637 accuracy: 0.7427 val_loss: 0.4526 val_accuracy: 0.7953
Epoch: 3 loss: 0.4980 accuracy: 0.7733 val_loss: 0.4151 val_accuracy: 0.8311
Epoch: 4 loss: 0.4619 accuracy: 0.7855 val_loss: 0.4238 val_accuracy: 0.8195
Epoch: 5 loss: 0.4307 accuracy: 0.8014 val_loss: 0.4144 val_accuracy: 0.8228
Epoch: 6 loss: 0.3987 accuracy: 0.8205 val_loss: 0.3938 val_accuracy: 0.8386
Epoch: 7 loss: 0.3837 accuracy: 0.8254 val_loss: 0.3868 val_accuracy: 0.8344
Epoch: 8 loss: 0.3667 accuracy: 0.8369 val_loss: 0.3812 val_accuracy: 0.8270
Epoch: 9 loss: 0.3503 accuracy: 0.8465 val_loss: 0.3780 val_accuracy: 0.8286
Epoch: 10 loss: 0.3335 accuracy: 0.8502 val_loss: 0.3767 val_accuracy: 0.8378
Epoch: 11 loss: 0.3207 accuracy: 0.8547 val_loss: 0.3882 val_accuracy: 0.8344
Epoch: 12 loss: 0.2982 accuracy: 0.8668 val_loss: 0.3943 val_accuracy: 0.8336
Epoch: 13 loss: 0.2918 accuracy: 0.8710 val_loss: 0.3781 val_accuracy: 0.8411
Epoch: 14 loss: 0.2888 accuracy: 0.8696 val_loss: 0.3710 val_accuracy: 0.8461
Epoch: 15 loss: 0.2844 accuracy: 0.8765 val_loss: 0.3865 val_accuracy: 0.8411
Epoch: 16 loss: 0.2589 accuracy: 0.8853 val_loss: 0.3732 val_accuracy: 0.8469
Epoch: 17 loss: 0.2479 accuracy: 0.8941 val_loss: 0.3749 val_accuracy: 0.8461
Epoch: 18 loss: 0.2375 accuracy: 0.9024 val_loss: 0.3817 val_accuracy: 0.8478
Epoch: 19 loss: 0.2330 accuracy: 0.9004 val_loss: 0.3953 val_accuracy: 0.8386
Epoch: 20 loss: 0.2150 accuracy: 0.9105 val_loss: 0.3856 val_accuracy: 0.8411
Job ended!
