Wed 28 Feb 2024 10:00:05 AM EST
Python 3.9.7
nvcc: NVIDIA (R) Cuda compiler driver
Copyright (c) 2005-2019 NVIDIA Corporation
Built on Sun_Jul_28_19:07:16_PDT_2019
Cuda compilation tools, release 10.1, V10.1.243
My SLURM_ARRAY_TASK_ID: 
DB: ['ISIC2016', 'ISIC2017', 'ISIC2018', 'MEDNODE', 'KaggleMB']
IMG_SIZE: [150, 150]
CLASSIFIER: VGG16
SELF_AUG: 1
JOB_INDEX: None
Combining...
Combining 1 db out of 5 dbs
Combining 2 db out of 5 dbs
Combining 3 db out of 5 dbs
Combining 4 db out of 5 dbs
Combining 5 db out of 5 dbs
Stacking training images
Stacking training labels
Stacking validation images
Stacking validation labels
Model: "sequential"
_________________________________________________________________
Layer (type)                 Output Shape              Param #   
=================================================================
vgg16 (Functional)           (None, 512)               14714688  
_________________________________________________________________
dense (Dense)                (None, 512)               262656    
_________________________________________________________________
dropout (Dropout)            (None, 512)               0         
_________________________________________________________________
batch_normalization (BatchNo (None, 512)               2048      
_________________________________________________________________
dense_1 (Dense)              (None, 256)               131328    
_________________________________________________________________
dropout_1 (Dropout)          (None, 256)               0         
_________________________________________________________________
batch_normalization_1 (Batch (None, 256)               1024      
_________________________________________________________________
dense_2 (Dense)              (None, 2)                 514       
=================================================================
Total params: 15,112,258
Trainable params: 396,034
Non-trainable params: 14,716,224
_________________________________________________________________
Fitting ISIC2016+ISIC2017+ISIC2018+MEDNODE+KaggleMB_aug_VGG16_150h_150w_None model...
model_name: ISIC2016+ISIC2017+ISIC2018+MEDNODE+KaggleMB_aug_VGG16_150h_150w_None
Epoch: 1 loss: 0.7465 accuracy: 0.6254 val_loss: 0.6164 val_accuracy: 0.6645
Epoch: 2 loss: 0.6479 accuracy: 0.6667 val_loss: 0.6424 val_accuracy: 0.5991
Epoch: 3 loss: 0.6200 accuracy: 0.6754 val_loss: 0.6482 val_accuracy: 0.6931
Epoch: 4 loss: 0.5954 accuracy: 0.6883 val_loss: 0.5893 val_accuracy: 0.6645
Epoch: 5 loss: 0.5758 accuracy: 0.6934 val_loss: 0.5370 val_accuracy: 0.6995
Epoch: 6 loss: 0.5647 accuracy: 0.6990 val_loss: 0.5368 val_accuracy: 0.7069
Epoch: 7 loss: 0.5486 accuracy: 0.7082 val_loss: 0.5639 val_accuracy: 0.6829
Epoch: 8 loss: 0.5407 accuracy: 0.7101 val_loss: 0.5722 val_accuracy: 0.7041
Epoch: 9 loss: 0.5354 accuracy: 0.7180 val_loss: 0.6040 val_accuracy: 0.6498
Epoch: 10 loss: 0.5186 accuracy: 0.7256 val_loss: 0.4971 val_accuracy: 0.7309
Epoch: 11 loss: 0.5152 accuracy: 0.7312 val_loss: 0.5177 val_accuracy: 0.7327
Epoch: 12 loss: 0.5079 accuracy: 0.7337 val_loss: 0.5346 val_accuracy: 0.7290
Epoch: 13 loss: 0.5019 accuracy: 0.7390 val_loss: 0.5111 val_accuracy: 0.7309
Epoch: 14 loss: 0.4975 accuracy: 0.7459 val_loss: 0.5338 val_accuracy: 0.6756
Epoch: 15 loss: 0.4947 accuracy: 0.7474 val_loss: 0.5044 val_accuracy: 0.7309
Epoch: 16 loss: 0.4942 accuracy: 0.7483 val_loss: 0.5413 val_accuracy: 0.7336
Epoch: 17 loss: 0.4944 accuracy: 0.7458 val_loss: 0.5616 val_accuracy: 0.6682
Epoch: 18 loss: 0.4913 accuracy: 0.7498 val_loss: 0.7340 val_accuracy: 0.7143
Epoch: 19 loss: 0.4886 accuracy: 0.7531 val_loss: 0.4897 val_accuracy: 0.7456
Epoch: 20 loss: 0.4852 accuracy: 0.7537 val_loss: 0.5388 val_accuracy: 0.7161
Job ended!
