Wed 28 Feb 2024 10:00:03 AM EST
Python 3.9.7
nvcc: NVIDIA (R) Cuda compiler driver
Copyright (c) 2005-2019 NVIDIA Corporation
Built on Sun_Jul_28_19:07:16_PDT_2019
Cuda compilation tools, release 10.1, V10.1.243
My SLURM_ARRAY_TASK_ID: 
DB: ['ISIC2016', 'ISIC2017', 'ISIC2018', 'ISIC2020', 'PH2']
IMG_SIZE: [150, 150]
CLASSIFIER: VGG16
SELF_AUG: 1
JOB_INDEX: None
Combining...
Combining 1 db out of 5 dbs
Combining 2 db out of 5 dbs
Combining 3 db out of 5 dbs
Combining 4 db out of 5 dbs
Combining 5 db out of 5 dbs
Stacking training images
Stacking training labels
Stacking validation images
Stacking validation labels
Model: "sequential"
_________________________________________________________________
Layer (type)                 Output Shape              Param #   
=================================================================
vgg16 (Functional)           (None, 512)               14714688  
_________________________________________________________________
dense (Dense)                (None, 512)               262656    
_________________________________________________________________
dropout (Dropout)            (None, 512)               0         
_________________________________________________________________
batch_normalization (BatchNo (None, 512)               2048      
_________________________________________________________________
dense_1 (Dense)              (None, 256)               131328    
_________________________________________________________________
dropout_1 (Dropout)          (None, 256)               0         
_________________________________________________________________
batch_normalization_1 (Batch (None, 256)               1024      
_________________________________________________________________
dense_2 (Dense)              (None, 2)                 514       
=================================================================
Total params: 15,112,258
Trainable params: 396,034
Non-trainable params: 14,716,224
_________________________________________________________________
Fitting ISIC2016+ISIC2017+ISIC2018+ISIC2020+PH2_aug_VGG16_150h_150w_None model...
model_name: ISIC2016+ISIC2017+ISIC2018+ISIC2020+PH2_aug_VGG16_150h_150w_None
Epoch: 1 loss: 0.5286 accuracy: 0.7528 val_loss: 0.2258 val_accuracy: 0.9358
Epoch: 2 loss: 0.4308 accuracy: 0.8012 val_loss: 0.2116 val_accuracy: 0.9442
Epoch: 3 loss: 0.4017 accuracy: 0.8121 val_loss: 0.1534 val_accuracy: 0.9568
Epoch: 4 loss: 0.3849 accuracy: 0.8166 val_loss: 0.1707 val_accuracy: 0.9509
Epoch: 5 loss: 0.3724 accuracy: 0.8224 val_loss: 0.1533 val_accuracy: 0.9509
Epoch: 6 loss: 0.3668 accuracy: 0.8245 val_loss: 0.1396 val_accuracy: 0.9614
Epoch: 7 loss: 0.3610 accuracy: 0.8295 val_loss: 0.1761 val_accuracy: 0.9536
Epoch: 8 loss: 0.3585 accuracy: 0.8320 val_loss: 0.1252 val_accuracy: 0.9627
Epoch: 9 loss: 0.3597 accuracy: 0.8298 val_loss: 0.1458 val_accuracy: 0.9706
Epoch: 10 loss: 0.3575 accuracy: 0.8291 val_loss: 0.1434 val_accuracy: 0.9543
Epoch: 11 loss: 0.3550 accuracy: 0.8310 val_loss: 0.1171 val_accuracy: 0.9696
Epoch: 12 loss: 0.3534 accuracy: 0.8322 val_loss: 0.1750 val_accuracy: 0.9566
Epoch: 13 loss: 0.3516 accuracy: 0.8325 val_loss: 0.1495 val_accuracy: 0.9585
Epoch: 14 loss: 0.3509 accuracy: 0.8343 val_loss: 0.1780 val_accuracy: 0.9587
Epoch: 15 loss: 0.3494 accuracy: 0.8354 val_loss: 0.1579 val_accuracy: 0.9457
Epoch: 16 loss: 0.3471 accuracy: 0.8363 val_loss: 0.1425 val_accuracy: 0.9551
Epoch: 17 loss: 0.3478 accuracy: 0.8348 val_loss: 0.1959 val_accuracy: 0.9499
Epoch: 18 loss: 0.3451 accuracy: 0.8369 val_loss: 0.1199 val_accuracy: 0.9708
Epoch: 19 loss: 0.3433 accuracy: 0.8369 val_loss: 0.1655 val_accuracy: 0.9635
Epoch: 20 loss: 0.3425 accuracy: 0.8392 val_loss: 0.1377 val_accuracy: 0.9580
Job ended!
