Thu 09 May 2024 02:09:09 AM EDT
Python 3.9.7
nvcc: NVIDIA (R) Cuda compiler driver
Copyright (c) 2005-2019 NVIDIA Corporation
Built on Sun_Jul_28_19:07:16_PDT_2019
Cuda compilation tools, release 10.1, V10.1.243
My SLURM_ARRAY_TASK_ID: 
DB: ['ISIC2016', 'ISIC2017', 'ISIC2018', 'ISIC2019']
IMG_SIZE: [384, 384]
CLASSIFIER: VGG16
JOB_INDEX: None
Start training augmented images
Combining...
Combining 1th db out of 4 dbs
Combining 2th db out of 4 dbs
Combining 3th db out of 4 dbs
Combining 4th db out of 4 dbs
Stacking data
Combining complete
Model: "sequential"
_________________________________________________________________
Layer (type)                 Output Shape              Param #   
=================================================================
vgg16 (Functional)           (None, 512)               14714688  
_________________________________________________________________
dense (Dense)                (None, 512)               262656    
_________________________________________________________________
dropout (Dropout)            (None, 512)               0         
_________________________________________________________________
batch_normalization (BatchNo (None, 512)               2048      
_________________________________________________________________
dense_1 (Dense)              (None, 256)               131328    
_________________________________________________________________
batch_normalization_1 (Batch (None, 256)               1024      
_________________________________________________________________
dense_2 (Dense)              (None, 2)                 514       
=================================================================
Total params: 15,112,258
Trainable params: 396,034
Non-trainable params: 14,716,224
_________________________________________________________________
Fitting ISIC2016+ISIC2017+ISIC2018+ISIC2019_aug_VGG16_384h_384w_None model...
model_name: ISIC2016+ISIC2017+ISIC2018+ISIC2019_aug_VGG16_384h_384w_None
Epoch: 1 loss: 0.8366 accuracy: 0.7469 val_loss: 0.8401 val_accuracy: 0.6973
Epoch: 2 loss: 0.6586 accuracy: 0.7889 val_loss: 0.7550 val_accuracy: 0.7163
Epoch: 3 loss: 0.6096 accuracy: 0.7990 val_loss: 0.6301 val_accuracy: 0.7889
Epoch: 4 loss: 0.5762 accuracy: 0.8064 val_loss: 0.6790 val_accuracy: 0.7406
Epoch: 5 loss: 0.5485 accuracy: 0.8147 val_loss: 0.6306 val_accuracy: 0.7658
Epoch: 6 loss: 0.5289 accuracy: 0.8189 val_loss: 0.5437 val_accuracy: 0.8141
Epoch: 7 loss: 0.5126 accuracy: 0.8241 val_loss: 0.5858 val_accuracy: 0.7853
Epoch: 8 loss: 0.4996 accuracy: 0.8240 val_loss: 0.5723 val_accuracy: 0.7760
Epoch: 9 loss: 0.4826 accuracy: 0.8292 val_loss: 0.5445 val_accuracy: 0.7900
Epoch: 10 loss: 0.4735 accuracy: 0.8286 val_loss: 0.4887 val_accuracy: 0.8279
Epoch: 11 loss: 0.4649 accuracy: 0.8298 val_loss: 0.5625 val_accuracy: 0.7798
Epoch: 12 loss: 0.4490 accuracy: 0.8343 val_loss: 0.5243 val_accuracy: 0.7893
Epoch: 13 loss: 0.4451 accuracy: 0.8350 val_loss: 0.5405 val_accuracy: 0.7755
Epoch: 14 loss: 0.4386 accuracy: 0.8351 val_loss: 0.5395 val_accuracy: 0.7785
Epoch: 15 loss: 0.4242 accuracy: 0.8420 val_loss: 0.5386 val_accuracy: 0.7737

Epoch 00015: ReduceLROnPlateau reducing learning rate to 7.999999797903001e-05.
Epoch: 16 loss: 0.4201 accuracy: 0.8392 val_loss: 0.5485 val_accuracy: 0.7703
Epoch: 17 loss: 0.4153 accuracy: 0.8410 val_loss: 0.4623 val_accuracy: 0.8265
Epoch: 18 loss: 0.4044 accuracy: 0.8454 val_loss: 0.4421 val_accuracy: 0.8288
Epoch: 19 loss: 0.3950 accuracy: 0.8476 val_loss: 0.4374 val_accuracy: 0.8417
Epoch: 20 loss: 0.3889 accuracy: 0.8512 val_loss: 0.4472 val_accuracy: 0.8284
Epoch: 21 loss: 0.3899 accuracy: 0.8496 val_loss: 0.4553 val_accuracy: 0.8186
Epoch: 22 loss: 0.3765 accuracy: 0.8538 val_loss: 0.5020 val_accuracy: 0.7891
Epoch: 23 loss: 0.3772 accuracy: 0.8545 val_loss: 0.5033 val_accuracy: 0.7898
Epoch: 24 loss: 0.3787 accuracy: 0.8523 val_loss: 0.4489 val_accuracy: 0.8170

Epoch 00024: ReduceLROnPlateau reducing learning rate to 6.399999838322402e-05.
Epoch: 25 loss: 0.3676 accuracy: 0.8566 val_loss: 0.4190 val_accuracy: 0.8309
Epoch: 26 loss: 0.3634 accuracy: 0.8574 val_loss: 0.4713 val_accuracy: 0.8082
Epoch: 27 loss: 0.3599 accuracy: 0.8600 val_loss: 0.4750 val_accuracy: 0.7979
Epoch: 28 loss: 0.3579 accuracy: 0.8596 val_loss: 0.4481 val_accuracy: 0.8166
Epoch: 29 loss: 0.3566 accuracy: 0.8620 val_loss: 0.4338 val_accuracy: 0.8208
Epoch: 30 loss: 0.3539 accuracy: 0.8618 val_loss: 0.4786 val_accuracy: 0.7930

Epoch 00030: ReduceLROnPlateau reducing learning rate to 5.119999987073243e-05.
Epoch: 31 loss: 0.3491 accuracy: 0.8633 val_loss: 0.4332 val_accuracy: 0.8231
Epoch: 32 loss: 0.3451 accuracy: 0.8651 val_loss: 0.4257 val_accuracy: 0.8265
Epoch: 33 loss: 0.3428 accuracy: 0.8664 val_loss: 0.4078 val_accuracy: 0.8417
Epoch: 34 loss: 0.3388 accuracy: 0.8683 val_loss: 0.4021 val_accuracy: 0.8429
Epoch: 35 loss: 0.3409 accuracy: 0.8670 val_loss: 0.4253 val_accuracy: 0.8279
Epoch: 36 loss: 0.3359 accuracy: 0.8702 val_loss: 0.4132 val_accuracy: 0.8377
Epoch: 37 loss: 0.3307 accuracy: 0.8729 val_loss: 0.4182 val_accuracy: 0.8299
Epoch: 38 loss: 0.3299 accuracy: 0.8732 val_loss: 0.4298 val_accuracy: 0.8243
Epoch: 39 loss: 0.3254 accuracy: 0.8739 val_loss: 0.4018 val_accuracy: 0.8438
Epoch: 40 loss: 0.3301 accuracy: 0.8714 val_loss: 0.4405 val_accuracy: 0.8152
Epoch: 41 loss: 0.3274 accuracy: 0.8730 val_loss: 0.4226 val_accuracy: 0.8308
Epoch: 42 loss: 0.3257 accuracy: 0.8736 val_loss: 0.4560 val_accuracy: 0.8134
Epoch: 43 loss: 0.3202 accuracy: 0.8781 val_loss: 0.4121 val_accuracy: 0.8360
Epoch: 44 loss: 0.3204 accuracy: 0.8773 val_loss: 0.4265 val_accuracy: 0.8290

Epoch 00044: ReduceLROnPlateau reducing learning rate to 4.0960000478662555e-05.
Epoch: 45 loss: 0.3155 accuracy: 0.8789 val_loss: 0.4239 val_accuracy: 0.8240
Epoch: 46 loss: 0.3108 accuracy: 0.8814 val_loss: 0.4275 val_accuracy: 0.8193
Epoch: 47 loss: 0.3103 accuracy: 0.8819 val_loss: 0.3998 val_accuracy: 0.8395
Epoch: 48 loss: 0.3128 accuracy: 0.8811 val_loss: 0.4529 val_accuracy: 0.8054
Epoch: 49 loss: 0.3039 accuracy: 0.8858 val_loss: 0.4079 val_accuracy: 0.8381
Epoch: 50 loss: 0.3038 accuracy: 0.8849 val_loss: 0.4229 val_accuracy: 0.8250
Epoch: 51 loss: 0.3041 accuracy: 0.8847 val_loss: 0.3918 val_accuracy: 0.8470
Epoch: 52 loss: 0.3015 accuracy: 0.8845 val_loss: 0.4062 val_accuracy: 0.8297
Epoch: 53 loss: 0.3013 accuracy: 0.8874 val_loss: 0.4209 val_accuracy: 0.8275
Epoch: 54 loss: 0.3035 accuracy: 0.8856 val_loss: 0.3981 val_accuracy: 0.8420
Epoch: 55 loss: 0.2951 accuracy: 0.8895 val_loss: 0.4293 val_accuracy: 0.8258
Epoch: 56 loss: 0.2964 accuracy: 0.8889 val_loss: 0.3863 val_accuracy: 0.8460
Epoch: 57 loss: 0.2930 accuracy: 0.8900 val_loss: 0.3982 val_accuracy: 0.8397
Epoch: 58 loss: 0.2968 accuracy: 0.8880 val_loss: 0.3832 val_accuracy: 0.8519
Epoch: 59 loss: 0.2900 accuracy: 0.8910 val_loss: 0.4095 val_accuracy: 0.8399
Epoch: 60 loss: 0.2842 accuracy: 0.8946 val_loss: 0.4010 val_accuracy: 0.8438
Epoch: 61 loss: 0.2868 accuracy: 0.8939 val_loss: 0.3965 val_accuracy: 0.8453
Epoch: 62 loss: 0.2881 accuracy: 0.8922 val_loss: 0.3718 val_accuracy: 0.8572
Epoch: 63 loss: 0.2840 accuracy: 0.8946 val_loss: 0.3785 val_accuracy: 0.8540
Epoch: 64 loss: 0.2830 accuracy: 0.8950 val_loss: 0.3713 val_accuracy: 0.8558
Epoch: 65 loss: 0.2872 accuracy: 0.8937 val_loss: 0.4282 val_accuracy: 0.8249
Epoch: 66 loss: 0.2828 accuracy: 0.8937 val_loss: 0.3838 val_accuracy: 0.8510
Epoch: 67 loss: 0.2843 accuracy: 0.8947 val_loss: 0.3926 val_accuracy: 0.8420
Epoch: 68 loss: 0.2757 accuracy: 0.8980 val_loss: 0.4276 val_accuracy: 0.8240
Epoch: 69 loss: 0.2771 accuracy: 0.8975 val_loss: 0.3760 val_accuracy: 0.8572

Epoch 00069: ReduceLROnPlateau reducing learning rate to 3.2767999800853435e-05.
Epoch: 70 loss: 0.2749 accuracy: 0.8986 val_loss: 0.3892 val_accuracy: 0.8465
Epoch: 71 loss: 0.2715 accuracy: 0.9008 val_loss: 0.4002 val_accuracy: 0.8358
Epoch: 72 loss: 0.2725 accuracy: 0.8998 val_loss: 0.3656 val_accuracy: 0.8592
Epoch: 73 loss: 0.2666 accuracy: 0.9030 val_loss: 0.4075 val_accuracy: 0.8369
Epoch: 74 loss: 0.2690 accuracy: 0.9025 val_loss: 0.3710 val_accuracy: 0.8596
Epoch: 75 loss: 0.2682 accuracy: 0.9028 val_loss: 0.3811 val_accuracy: 0.8469
Epoch: 76 loss: 0.2653 accuracy: 0.9040 val_loss: 0.3851 val_accuracy: 0.8479
Epoch: 77 loss: 0.2673 accuracy: 0.9015 val_loss: 0.3691 val_accuracy: 0.8583

Epoch 00077: ReduceLROnPlateau reducing learning rate to 2.6214399258606137e-05.
Epoch: 78 loss: 0.2641 accuracy: 0.9042 val_loss: 0.3948 val_accuracy: 0.8478
Epoch: 79 loss: 0.2565 accuracy: 0.9072 val_loss: 0.3983 val_accuracy: 0.8433
Epoch: 80 loss: 0.2622 accuracy: 0.9052 val_loss: 0.3661 val_accuracy: 0.8624
Epoch: 81 loss: 0.2574 accuracy: 0.9076 val_loss: 0.3798 val_accuracy: 0.8564
Epoch: 82 loss: 0.2585 accuracy: 0.9061 val_loss: 0.3687 val_accuracy: 0.8596

Epoch 00082: ReduceLROnPlateau reducing learning rate to 2.09715188248083e-05.
End of augmented training
Finish
Job ended!
