Thu 09 May 2024 06:06:42 AM EDT
Python 3.9.7
nvcc: NVIDIA (R) Cuda compiler driver
Copyright (c) 2005-2019 NVIDIA Corporation
Built on Sun_Jul_28_19:07:16_PDT_2019
Cuda compilation tools, release 10.1, V10.1.243
My SLURM_ARRAY_TASK_ID: 
DB: ['KaggleMB']
IMG_SIZE: [384, 384]
CLASSIFIER: VGG16
JOB_INDEX: None
Start training augmented images
Combining...
Combining 1th db out of 1 dbs
Stacking data
Combining complete
Model: "sequential"
_________________________________________________________________
Layer (type)                 Output Shape              Param #   
=================================================================
vgg16 (Functional)           (None, 512)               14714688  
_________________________________________________________________
dense (Dense)                (None, 512)               262656    
_________________________________________________________________
dropout (Dropout)            (None, 512)               0         
_________________________________________________________________
batch_normalization (BatchNo (None, 512)               2048      
_________________________________________________________________
dense_1 (Dense)              (None, 256)               131328    
_________________________________________________________________
batch_normalization_1 (Batch (None, 256)               1024      
_________________________________________________________________
dense_2 (Dense)              (None, 2)                 514       
=================================================================
Total params: 15,112,258
Trainable params: 396,034
Non-trainable params: 14,716,224
_________________________________________________________________
Fitting KaggleMB_aug_VGG16_384h_384w_None model...
model_name: KaggleMB_aug_VGG16_384h_384w_None
Epoch: 1 loss: 1.1661 accuracy: 0.6517 val_loss: 1.1062 val_accuracy: 0.4261
Epoch: 2 loss: 0.9071 accuracy: 0.7619 val_loss: 1.0444 val_accuracy: 0.4280
Epoch: 3 loss: 0.8299 accuracy: 0.7858 val_loss: 0.9887 val_accuracy: 0.5246
Epoch: 4 loss: 0.7275 accuracy: 0.8247 val_loss: 0.9150 val_accuracy: 0.6723
Epoch: 5 loss: 0.6818 accuracy: 0.8381 val_loss: 0.8207 val_accuracy: 0.7841
Epoch: 6 loss: 0.6617 accuracy: 0.8392 val_loss: 0.8002 val_accuracy: 0.7708
Epoch: 7 loss: 0.6205 accuracy: 0.8562 val_loss: 0.7592 val_accuracy: 0.7841
Epoch: 8 loss: 0.6085 accuracy: 0.8622 val_loss: 0.7040 val_accuracy: 0.7955
Epoch: 9 loss: 0.5919 accuracy: 0.8565 val_loss: 0.6966 val_accuracy: 0.7955
Epoch: 10 loss: 0.5619 accuracy: 0.8605 val_loss: 0.6434 val_accuracy: 0.8011
Epoch: 11 loss: 0.5444 accuracy: 0.8707 val_loss: 0.6410 val_accuracy: 0.8068
Epoch: 12 loss: 0.5449 accuracy: 0.8687 val_loss: 0.6466 val_accuracy: 0.8144
Epoch: 13 loss: 0.5208 accuracy: 0.8787 val_loss: 0.6270 val_accuracy: 0.8087
Epoch: 14 loss: 0.5156 accuracy: 0.8741 val_loss: 0.6240 val_accuracy: 0.8087
Epoch: 15 loss: 0.5064 accuracy: 0.8761 val_loss: 0.6231 val_accuracy: 0.8068
Epoch: 16 loss: 0.5026 accuracy: 0.8750 val_loss: 0.6359 val_accuracy: 0.8106
Epoch: 17 loss: 0.5055 accuracy: 0.8753 val_loss: 0.6155 val_accuracy: 0.8068
Epoch: 18 loss: 0.4917 accuracy: 0.8784 val_loss: 0.6019 val_accuracy: 0.8182
Epoch: 19 loss: 0.4856 accuracy: 0.8795 val_loss: 0.6069 val_accuracy: 0.8277
Epoch: 20 loss: 0.4694 accuracy: 0.8835 val_loss: 0.6175 val_accuracy: 0.8201
Epoch: 21 loss: 0.4641 accuracy: 0.8810 val_loss: 0.6000 val_accuracy: 0.8201
Epoch: 22 loss: 0.4640 accuracy: 0.8878 val_loss: 0.7300 val_accuracy: 0.7973
Epoch: 23 loss: 0.4544 accuracy: 0.8915 val_loss: 0.6786 val_accuracy: 0.7860
Epoch: 24 loss: 0.4342 accuracy: 0.9009 val_loss: 0.6224 val_accuracy: 0.8106
Epoch: 25 loss: 0.4620 accuracy: 0.8793 val_loss: 0.5816 val_accuracy: 0.8087
Epoch: 26 loss: 0.4392 accuracy: 0.8886 val_loss: 0.6173 val_accuracy: 0.8182
Epoch: 27 loss: 0.4598 accuracy: 0.8852 val_loss: 0.5947 val_accuracy: 0.8144
Epoch: 28 loss: 0.4368 accuracy: 0.8920 val_loss: 0.6310 val_accuracy: 0.8125
Epoch: 29 loss: 0.4233 accuracy: 0.8943 val_loss: 0.6188 val_accuracy: 0.8087
Epoch: 30 loss: 0.4210 accuracy: 0.8983 val_loss: 0.6100 val_accuracy: 0.8258

Epoch 00030: ReduceLROnPlateau reducing learning rate to 7.999999797903001e-05.
Epoch: 31 loss: 0.4447 accuracy: 0.8844 val_loss: 0.5639 val_accuracy: 0.8106
Epoch: 32 loss: 0.4041 accuracy: 0.9020 val_loss: 0.5978 val_accuracy: 0.8087
Epoch: 33 loss: 0.4220 accuracy: 0.8943 val_loss: 0.6178 val_accuracy: 0.8125
Epoch: 34 loss: 0.4143 accuracy: 0.8946 val_loss: 0.5832 val_accuracy: 0.8220
Epoch: 35 loss: 0.4135 accuracy: 0.8983 val_loss: 0.6079 val_accuracy: 0.8182
Epoch: 36 loss: 0.4333 accuracy: 0.8852 val_loss: 0.5657 val_accuracy: 0.8295

Epoch 00036: ReduceLROnPlateau reducing learning rate to 6.399999838322402e-05.
Epoch: 37 loss: 0.4137 accuracy: 0.8994 val_loss: 0.5957 val_accuracy: 0.8030
Epoch: 38 loss: 0.3938 accuracy: 0.9003 val_loss: 0.6020 val_accuracy: 0.8030
Epoch: 39 loss: 0.3921 accuracy: 0.9009 val_loss: 0.5867 val_accuracy: 0.8201
Epoch: 40 loss: 0.3983 accuracy: 0.8994 val_loss: 0.5712 val_accuracy: 0.8220
Epoch: 41 loss: 0.3869 accuracy: 0.9040 val_loss: 0.5934 val_accuracy: 0.8163

Epoch 00041: ReduceLROnPlateau reducing learning rate to 5.119999987073243e-05.
End of augmented training
Finish
Job ended!
