Tue 07 May 2024 12:10:30 PM EDT
Python 3.9.7
nvcc: NVIDIA (R) Cuda compiler driver
Copyright (c) 2005-2019 NVIDIA Corporation
Built on Sun_Jul_28_19:07:16_PDT_2019
Cuda compilation tools, release 10.1, V10.1.243
My SLURM_ARRAY_TASK_ID: 
DB: ['ISIC2016', 'MEDNODE', 'KaggleMB']
IMG_SIZE: [384, 384]
CLASSIFIER: EfficientNetB5
JOB_INDEX: None
Start training augmented images
Combining...
Combining 1th db out of 3 dbs
Combining 2th db out of 3 dbs
Combining 3th db out of 3 dbs
Stacking data
Combining complete
Model: "sequential"
_________________________________________________________________
Layer (type)                 Output Shape              Param #   
=================================================================
efficientnetb5 (Functional)  (None, 2048)              28513527  
_________________________________________________________________
dense (Dense)                (None, 512)               1049088   
_________________________________________________________________
dropout (Dropout)            (None, 512)               0         
_________________________________________________________________
batch_normalization (BatchNo (None, 512)               2048      
_________________________________________________________________
dense_1 (Dense)              (None, 256)               131328    
_________________________________________________________________
batch_normalization_1 (Batch (None, 256)               1024      
_________________________________________________________________
dense_2 (Dense)              (None, 2)                 514       
=================================================================
Total params: 29,697,529
Trainable params: 1,182,466
Non-trainable params: 28,515,063
_________________________________________________________________
Fitting ISIC2016+MEDNODE+KaggleMB_aug_EfficientNetB5_384h_384w_None model...
model_name: ISIC2016+MEDNODE+KaggleMB_aug_EfficientNetB5_384h_384w_None
Epoch: 1 loss: 1.4746 accuracy: 0.4957 val_loss: 1.2153 val_accuracy: 0.6294
Epoch: 2 loss: 1.3565 accuracy: 0.4951 val_loss: 1.1788 val_accuracy: 0.6294
Epoch: 3 loss: 1.2960 accuracy: 0.5085 val_loss: 1.1610 val_accuracy: 0.6294
Epoch: 4 loss: 1.2480 accuracy: 0.5227 val_loss: 1.1453 val_accuracy: 0.6280
Epoch: 5 loss: 1.2304 accuracy: 0.5225 val_loss: 1.1371 val_accuracy: 0.6294
Epoch: 6 loss: 1.2200 accuracy: 0.5114 val_loss: 1.1282 val_accuracy: 0.6294
Epoch: 7 loss: 1.1931 accuracy: 0.5183 val_loss: 1.1341 val_accuracy: 0.6294
Epoch: 8 loss: 1.1953 accuracy: 0.5160 val_loss: 1.2260 val_accuracy: 0.3706
Epoch: 9 loss: 1.1803 accuracy: 0.5160 val_loss: 1.1244 val_accuracy: 0.6253
Epoch: 10 loss: 1.1631 accuracy: 0.5244 val_loss: 1.1926 val_accuracy: 0.3733
Epoch: 11 loss: 1.1523 accuracy: 0.5319 val_loss: 1.1835 val_accuracy: 0.3720
Epoch: 12 loss: 1.1528 accuracy: 0.5227 val_loss: 1.1087 val_accuracy: 0.6294
Epoch: 13 loss: 1.1405 accuracy: 0.5241 val_loss: 1.0933 val_accuracy: 0.6294
Epoch: 14 loss: 1.1369 accuracy: 0.5278 val_loss: 1.1202 val_accuracy: 0.3747
Epoch: 15 loss: 1.1356 accuracy: 0.5004 val_loss: 1.2609 val_accuracy: 0.3706
Epoch: 16 loss: 1.1236 accuracy: 0.5227 val_loss: 1.1120 val_accuracy: 0.3706
Epoch: 17 loss: 1.1149 accuracy: 0.5235 val_loss: 1.0993 val_accuracy: 0.3666
Epoch: 18 loss: 1.1090 accuracy: 0.5244 val_loss: 1.1012 val_accuracy: 0.3706

Epoch 00018: ReduceLROnPlateau reducing learning rate to 7.999999797903001e-05.
Epoch: 19 loss: 1.1118 accuracy: 0.5097 val_loss: 1.0866 val_accuracy: 0.3693
Epoch: 20 loss: 1.0952 accuracy: 0.5227 val_loss: 1.1310 val_accuracy: 0.3693
Epoch: 21 loss: 1.0901 accuracy: 0.5239 val_loss: 1.0711 val_accuracy: 0.6307
Epoch: 22 loss: 1.0819 accuracy: 0.5418 val_loss: 1.0849 val_accuracy: 0.3652
Epoch: 23 loss: 1.0785 accuracy: 0.5339 val_loss: 1.0976 val_accuracy: 0.3693
Epoch: 24 loss: 1.0776 accuracy: 0.5288 val_loss: 1.0669 val_accuracy: 0.3625
Epoch: 25 loss: 1.0766 accuracy: 0.5187 val_loss: 1.0480 val_accuracy: 0.6253
Epoch: 26 loss: 1.0601 accuracy: 0.5400 val_loss: 1.0606 val_accuracy: 0.3706
Epoch: 27 loss: 1.0608 accuracy: 0.5367 val_loss: 1.0194 val_accuracy: 0.6267
Epoch: 28 loss: 1.0577 accuracy: 0.5229 val_loss: 1.1445 val_accuracy: 0.3706
Epoch: 29 loss: 1.0508 accuracy: 0.5284 val_loss: 1.0222 val_accuracy: 0.6307
Epoch: 30 loss: 1.0458 accuracy: 0.5223 val_loss: 1.1169 val_accuracy: 0.3706
Epoch: 31 loss: 1.0416 accuracy: 0.5250 val_loss: 1.0532 val_accuracy: 0.3706
Epoch: 32 loss: 1.0414 accuracy: 0.5248 val_loss: 1.0142 val_accuracy: 0.6294
Epoch: 33 loss: 1.0329 accuracy: 0.5231 val_loss: 1.0563 val_accuracy: 0.3706
Epoch: 34 loss: 1.0247 accuracy: 0.5379 val_loss: 1.0379 val_accuracy: 0.3706
Epoch: 35 loss: 1.0245 accuracy: 0.5298 val_loss: 1.0226 val_accuracy: 0.3706
Epoch: 36 loss: 1.0169 accuracy: 0.5325 val_loss: 1.0274 val_accuracy: 0.3720
Epoch: 37 loss: 1.0181 accuracy: 0.5205 val_loss: 1.0187 val_accuracy: 0.3706

Epoch 00037: ReduceLROnPlateau reducing learning rate to 6.399999838322402e-05.
Epoch: 38 loss: 1.0130 accuracy: 0.5223 val_loss: 1.0012 val_accuracy: 0.3760
Epoch: 39 loss: 1.0051 accuracy: 0.5278 val_loss: 1.0126 val_accuracy: 0.3720
Epoch: 40 loss: 1.0024 accuracy: 0.5266 val_loss: 1.0798 val_accuracy: 0.3706
Epoch: 41 loss: 0.9951 accuracy: 0.5286 val_loss: 1.0838 val_accuracy: 0.3706
Epoch: 42 loss: 0.9890 accuracy: 0.5481 val_loss: 1.0820 val_accuracy: 0.3706
Epoch: 43 loss: 0.9886 accuracy: 0.5298 val_loss: 1.1437 val_accuracy: 0.3706

Epoch 00043: ReduceLROnPlateau reducing learning rate to 5.119999987073243e-05.
Epoch: 44 loss: 0.9851 accuracy: 0.5246 val_loss: 1.0247 val_accuracy: 0.3706
Epoch: 45 loss: 0.9839 accuracy: 0.5262 val_loss: 0.9932 val_accuracy: 0.3706
Epoch: 46 loss: 0.9767 accuracy: 0.5357 val_loss: 0.9565 val_accuracy: 0.6253
Epoch: 47 loss: 0.9758 accuracy: 0.5241 val_loss: 0.9447 val_accuracy: 0.6294
Epoch: 48 loss: 0.9757 accuracy: 0.5300 val_loss: 0.9858 val_accuracy: 0.3693
Epoch: 49 loss: 0.9685 accuracy: 0.5361 val_loss: 0.9801 val_accuracy: 0.3706
Epoch: 50 loss: 0.9631 accuracy: 0.5337 val_loss: 0.9864 val_accuracy: 0.3693
Epoch: 51 loss: 0.9639 accuracy: 0.5294 val_loss: 0.9890 val_accuracy: 0.3706
Epoch: 52 loss: 0.9593 accuracy: 0.5300 val_loss: 0.9991 val_accuracy: 0.3706

Epoch 00052: ReduceLROnPlateau reducing learning rate to 4.0960000478662555e-05.
Epoch: 53 loss: 0.9538 accuracy: 0.5390 val_loss: 0.9768 val_accuracy: 0.3706
Epoch: 54 loss: 0.9517 accuracy: 0.5448 val_loss: 0.9690 val_accuracy: 0.3720
Epoch: 55 loss: 0.9514 accuracy: 0.5337 val_loss: 0.9483 val_accuracy: 0.3841
Epoch: 56 loss: 0.9462 accuracy: 0.5414 val_loss: 0.9457 val_accuracy: 0.3693
Epoch: 57 loss: 0.9424 accuracy: 0.5434 val_loss: 1.0010 val_accuracy: 0.3706

Epoch 00057: ReduceLROnPlateau reducing learning rate to 3.2767999800853435e-05.
End of augmented training
Finish
Job ended!
