Fri 01 Mar 2024 10:23:12 AM EST
Python 3.9.7
nvcc: NVIDIA (R) Cuda compiler driver
Copyright (c) 2005-2019 NVIDIA Corporation
Built on Sun_Jul_28_19:07:16_PDT_2019
Cuda compilation tools, release 10.1, V10.1.243
My SLURM_ARRAY_TASK_ID: 
DB: ['ISIC2016', 'ISIC2020', 'PH2']
IMG_SIZE: [150, 150]
CLASSIFIER: EfficientNetB5
SELF_AUG: 1
JOB_INDEX: None
Combining...
Combining 1 db out of 3 dbs
Combining 2 db out of 3 dbs
Combining 3 db out of 3 dbs
Stacking training images
Stacking training labels
Stacking validation images
Stacking validation labels
Model: "sequential"
_________________________________________________________________
Layer (type)                 Output Shape              Param #   
=================================================================
efficientnetb5 (Functional)  (None, 2048)              28513527  
_________________________________________________________________
dense (Dense)                (None, 512)               1049088   
_________________________________________________________________
dropout (Dropout)            (None, 512)               0         
_________________________________________________________________
batch_normalization (BatchNo (None, 512)               2048      
_________________________________________________________________
dense_1 (Dense)              (None, 256)               131328    
_________________________________________________________________
dropout_1 (Dropout)          (None, 256)               0         
_________________________________________________________________
batch_normalization_1 (Batch (None, 256)               1024      
_________________________________________________________________
dense_2 (Dense)              (None, 2)                 514       
=================================================================
Total params: 29,697,529
Trainable params: 1,182,466
Non-trainable params: 28,515,063
_________________________________________________________________
Fitting ISIC2016+ISIC2020+PH2_aug_EfficientNetB5_150h_150w_None model...
model_name: ISIC2016+ISIC2020+PH2_aug_EfficientNetB5_150h_150w_None
Epoch: 1 loss: 0.4746 accuracy: 0.8009 val_loss: 0.0933 val_accuracy: 0.9768
Epoch: 2 loss: 0.3348 accuracy: 0.8463 val_loss: 0.0813 val_accuracy: 0.9781
Epoch: 3 loss: 0.3068 accuracy: 0.8567 val_loss: 0.0806 val_accuracy: 0.9784
Epoch: 4 loss: 0.2899 accuracy: 0.8631 val_loss: 0.0766 val_accuracy: 0.9788
Epoch: 5 loss: 0.2814 accuracy: 0.8666 val_loss: 0.0779 val_accuracy: 0.9787
Epoch: 6 loss: 0.2729 accuracy: 0.8689 val_loss: 0.0770 val_accuracy: 0.9791
Epoch: 7 loss: 0.2674 accuracy: 0.8731 val_loss: 0.0783 val_accuracy: 0.9787
Epoch: 8 loss: 0.2659 accuracy: 0.8762 val_loss: 0.0771 val_accuracy: 0.9787
Epoch: 9 loss: 0.2603 accuracy: 0.8787 val_loss: 0.0783 val_accuracy: 0.9787
Epoch: 10 loss: 0.2574 accuracy: 0.8797 val_loss: 0.0761 val_accuracy: 0.9796
Epoch: 11 loss: 0.2530 accuracy: 0.8820 val_loss: 0.0795 val_accuracy: 0.9790
Epoch: 12 loss: 0.2523 accuracy: 0.8820 val_loss: 0.0754 val_accuracy: 0.9800
Epoch: 13 loss: 0.2503 accuracy: 0.8821 val_loss: 0.0753 val_accuracy: 0.9794
Epoch: 14 loss: 0.2509 accuracy: 0.8824 val_loss: 0.0764 val_accuracy: 0.9793
Epoch: 15 loss: 0.2465 accuracy: 0.8854 val_loss: 0.0777 val_accuracy: 0.9788
Epoch: 16 loss: 0.2450 accuracy: 0.8852 val_loss: 0.0780 val_accuracy: 0.9794
Epoch: 17 loss: 0.2448 accuracy: 0.8858 val_loss: 0.0774 val_accuracy: 0.9793
Epoch: 18 loss: 0.2422 accuracy: 0.8881 val_loss: 0.0781 val_accuracy: 0.9796
Epoch: 19 loss: 0.2425 accuracy: 0.8865 val_loss: 0.0789 val_accuracy: 0.9783
Epoch: 20 loss: 0.2401 accuracy: 0.8894 val_loss: 0.0765 val_accuracy: 0.9799
Job ended!
