Tue 07 May 2024 04:47:13 AM EDT
Python 3.9.7
nvcc: NVIDIA (R) Cuda compiler driver
Copyright (c) 2005-2019 NVIDIA Corporation
Built on Sun_Jul_28_19:07:16_PDT_2019
Cuda compilation tools, release 10.1, V10.1.243
My SLURM_ARRAY_TASK_ID: 
DB: ['ISIC2016', 'ISIC2017', 'ISIC2018', '_7_point_criteria', 'PAD_UFES_20']
IMG_SIZE: [384, 384]
CLASSIFIER: EfficientNetB5
JOB_INDEX: None
Start training augmented images
Combining...
Combining 1th db out of 5 dbs
Combining 2th db out of 5 dbs
Combining 3th db out of 5 dbs
Combining 4th db out of 5 dbs
Combining 5th db out of 5 dbs
Stacking data
Combining complete
Model: "sequential"
_________________________________________________________________
Layer (type)                 Output Shape              Param #   
=================================================================
efficientnetb5 (Functional)  (None, 2048)              28513527  
_________________________________________________________________
dense (Dense)                (None, 512)               1049088   
_________________________________________________________________
dropout (Dropout)            (None, 512)               0         
_________________________________________________________________
batch_normalization (BatchNo (None, 512)               2048      
_________________________________________________________________
dense_1 (Dense)              (None, 256)               131328    
_________________________________________________________________
batch_normalization_1 (Batch (None, 256)               1024      
_________________________________________________________________
dense_2 (Dense)              (None, 2)                 514       
=================================================================
Total params: 29,697,529
Trainable params: 1,182,466
Non-trainable params: 28,515,063
_________________________________________________________________
Fitting ISIC2016+ISIC2017+ISIC2018+_7_point_criteria+PAD_UFES_20_aug_EfficientNetB5_384h_384w_None model...
model_name: ISIC2016+ISIC2017+ISIC2018+_7_point_criteria+PAD_UFES_20_aug_EfficientNetB5_384h_384w_None
Epoch: 1 loss: 1.2634 accuracy: 0.5753 val_loss: 0.9746 val_accuracy: 0.8693
Epoch: 2 loss: 1.0964 accuracy: 0.6729 val_loss: 0.8251 val_accuracy: 0.8693
Epoch: 3 loss: 1.0488 accuracy: 0.6985 val_loss: 0.8964 val_accuracy: 0.8693
Epoch: 4 loss: 1.0205 accuracy: 0.7041 val_loss: 0.8829 val_accuracy: 0.8693
Epoch: 5 loss: 0.9884 accuracy: 0.7065 val_loss: 0.7957 val_accuracy: 0.8693
Epoch: 6 loss: 0.9594 accuracy: 0.7142 val_loss: 0.7536 val_accuracy: 0.8693
Epoch: 7 loss: 0.9359 accuracy: 0.7134 val_loss: 0.7592 val_accuracy: 0.8693
Epoch: 8 loss: 0.9079 accuracy: 0.7147 val_loss: 0.7694 val_accuracy: 0.8693
Epoch: 9 loss: 0.8816 accuracy: 0.7183 val_loss: 0.7578 val_accuracy: 0.8693
Epoch: 10 loss: 0.8600 accuracy: 0.7153 val_loss: 0.6657 val_accuracy: 0.8693
Epoch: 11 loss: 0.8379 accuracy: 0.7150 val_loss: 0.7036 val_accuracy: 0.8693
Epoch: 12 loss: 0.8171 accuracy: 0.7173 val_loss: 0.7092 val_accuracy: 0.8693
Epoch: 13 loss: 0.7966 accuracy: 0.7147 val_loss: 0.6738 val_accuracy: 0.8693
Epoch: 14 loss: 0.7740 accuracy: 0.7195 val_loss: 0.6355 val_accuracy: 0.8693
Epoch: 15 loss: 0.7602 accuracy: 0.7134 val_loss: 0.5945 val_accuracy: 0.8693
Epoch: 16 loss: 0.7446 accuracy: 0.7151 val_loss: 0.5741 val_accuracy: 0.8693
Epoch: 17 loss: 0.7288 accuracy: 0.7161 val_loss: 0.5740 val_accuracy: 0.8693
Epoch: 18 loss: 0.7134 accuracy: 0.7173 val_loss: 0.5242 val_accuracy: 0.8693
Epoch: 19 loss: 0.7056 accuracy: 0.7147 val_loss: 0.5199 val_accuracy: 0.8693
Epoch: 20 loss: 0.6907 accuracy: 0.7198 val_loss: 0.5238 val_accuracy: 0.8693
Epoch: 21 loss: 0.6845 accuracy: 0.7163 val_loss: 0.5255 val_accuracy: 0.8693
Epoch: 22 loss: 0.6772 accuracy: 0.7163 val_loss: 0.5183 val_accuracy: 0.8693
Epoch: 23 loss: 0.6702 accuracy: 0.7177 val_loss: 0.5504 val_accuracy: 0.8693
Epoch: 24 loss: 0.6591 accuracy: 0.7211 val_loss: 0.5019 val_accuracy: 0.8693
Epoch: 25 loss: 0.6536 accuracy: 0.7220 val_loss: 0.5358 val_accuracy: 0.8693
Epoch: 26 loss: 0.6574 accuracy: 0.7150 val_loss: 0.5012 val_accuracy: 0.8693
Epoch: 27 loss: 0.6482 accuracy: 0.7190 val_loss: 0.4820 val_accuracy: 0.8693
Epoch: 28 loss: 0.6436 accuracy: 0.7200 val_loss: 0.5071 val_accuracy: 0.8693
Epoch: 29 loss: 0.6437 accuracy: 0.7146 val_loss: 0.4890 val_accuracy: 0.8693
Epoch: 30 loss: 0.6420 accuracy: 0.7142 val_loss: 0.4982 val_accuracy: 0.8693
Epoch: 31 loss: 0.6317 accuracy: 0.7218 val_loss: 0.4558 val_accuracy: 0.8693
Epoch: 32 loss: 0.6344 accuracy: 0.7155 val_loss: 0.4618 val_accuracy: 0.8693
Epoch: 33 loss: 0.6321 accuracy: 0.7149 val_loss: 0.4982 val_accuracy: 0.8693
Epoch: 34 loss: 0.6293 accuracy: 0.7166 val_loss: 0.5002 val_accuracy: 0.8693
Epoch: 35 loss: 0.6204 accuracy: 0.7231 val_loss: 0.4537 val_accuracy: 0.8693
Epoch: 36 loss: 0.6284 accuracy: 0.7149 val_loss: 0.5069 val_accuracy: 0.8693
Epoch: 37 loss: 0.6228 accuracy: 0.7177 val_loss: 0.4876 val_accuracy: 0.8693
Epoch: 38 loss: 0.6241 accuracy: 0.7147 val_loss: 0.4786 val_accuracy: 0.8693
Epoch: 39 loss: 0.6209 accuracy: 0.7175 val_loss: 0.4858 val_accuracy: 0.8693
Epoch: 40 loss: 0.6241 accuracy: 0.7120 val_loss: 0.4796 val_accuracy: 0.8693

Epoch 00040: ReduceLROnPlateau reducing learning rate to 7.999999797903001e-05.
Epoch: 41 loss: 0.6159 accuracy: 0.7196 val_loss: 0.4916 val_accuracy: 0.8693
Epoch: 42 loss: 0.6198 accuracy: 0.7148 val_loss: 0.4602 val_accuracy: 0.8693
Epoch: 43 loss: 0.6111 accuracy: 0.7221 val_loss: 0.4801 val_accuracy: 0.8693
Epoch: 44 loss: 0.6110 accuracy: 0.7222 val_loss: 0.4654 val_accuracy: 0.8693
Epoch: 45 loss: 0.6108 accuracy: 0.7212 val_loss: 0.4609 val_accuracy: 0.8693

Epoch 00045: ReduceLROnPlateau reducing learning rate to 6.399999838322402e-05.
End of augmented training
Finish
Job ended!
