Fri 01 Mar 2024 09:02:34 AM EST
Python 3.9.7
nvcc: NVIDIA (R) Cuda compiler driver
Copyright (c) 2005-2019 NVIDIA Corporation
Built on Sun_Jul_28_19:07:16_PDT_2019
Cuda compilation tools, release 10.1, V10.1.243
My SLURM_ARRAY_TASK_ID: 
DB: ['ISIC2016', 'ISIC2017', 'ISIC2018', 'ISIC2019', 'ISIC2020', 'PH2', '_7_point_criteria', 'MEDNODE', 'KaggleMB']
IMG_SIZE: [150, 150]
CLASSIFIER: EfficientNetB5
SELF_AUG: 1
JOB_INDEX: None
Combining...
Combining 1 db out of 9 dbs
Combining 2 db out of 9 dbs
Combining 3 db out of 9 dbs
Combining 4 db out of 9 dbs
Combining 5 db out of 9 dbs
Combining 6 db out of 9 dbs
Combining 7 db out of 9 dbs
Combining 8 db out of 9 dbs
Combining 9 db out of 9 dbs
Stacking training images
Stacking training labels
Stacking validation images
Stacking validation labels
Model: "sequential"
_________________________________________________________________
Layer (type)                 Output Shape              Param #   
=================================================================
efficientnetb5 (Functional)  (None, 2048)              28513527  
_________________________________________________________________
dense (Dense)                (None, 512)               1049088   
_________________________________________________________________
dropout (Dropout)            (None, 512)               0         
_________________________________________________________________
batch_normalization (BatchNo (None, 512)               2048      
_________________________________________________________________
dense_1 (Dense)              (None, 256)               131328    
_________________________________________________________________
dropout_1 (Dropout)          (None, 256)               0         
_________________________________________________________________
batch_normalization_1 (Batch (None, 256)               1024      
_________________________________________________________________
dense_2 (Dense)              (None, 2)                 514       
=================================================================
Total params: 29,697,529
Trainable params: 1,182,466
Non-trainable params: 28,515,063
_________________________________________________________________
Fitting ISIC2016+ISIC2017+ISIC2018+ISIC2019+ISIC2020+PH2+_7_point_criteria+MEDNODE+KaggleMB_aug_EfficientNetB5_150h_150w_None model...
model_name: ISIC2016+ISIC2017+ISIC2018+ISIC2019+ISIC2020+PH2+_7_point_criteria+MEDNODE+KaggleMB_aug_EfficientNetB5_150h_150w_None
Epoch: 1 loss: 0.5006 accuracy: 0.7671 val_loss: 0.2325 val_accuracy: 0.9100
Epoch: 2 loss: 0.4170 accuracy: 0.8005 val_loss: 0.2268 val_accuracy: 0.9121
Epoch: 3 loss: 0.3957 accuracy: 0.8122 val_loss: 0.2191 val_accuracy: 0.9147
Epoch: 4 loss: 0.3847 accuracy: 0.8181 val_loss: 0.2192 val_accuracy: 0.9142
Epoch: 5 loss: 0.3754 accuracy: 0.8231 val_loss: 0.2188 val_accuracy: 0.9140
Epoch: 6 loss: 0.3719 accuracy: 0.8249 val_loss: 0.2164 val_accuracy: 0.9156
Epoch: 7 loss: 0.3671 accuracy: 0.8273 val_loss: 0.2122 val_accuracy: 0.9194
Epoch: 8 loss: 0.3635 accuracy: 0.8283 val_loss: 0.2111 val_accuracy: 0.9170
Epoch: 9 loss: 0.3602 accuracy: 0.8328 val_loss: 0.2086 val_accuracy: 0.9189
Epoch: 10 loss: 0.3578 accuracy: 0.8322 val_loss: 0.2048 val_accuracy: 0.9218
Epoch: 11 loss: 0.3531 accuracy: 0.8352 val_loss: 0.2028 val_accuracy: 0.9223
Epoch: 12 loss: 0.3507 accuracy: 0.8363 val_loss: 0.2038 val_accuracy: 0.9193
Epoch: 13 loss: 0.3489 accuracy: 0.8362 val_loss: 0.2021 val_accuracy: 0.9220
Epoch: 14 loss: 0.3479 accuracy: 0.8376 val_loss: 0.2030 val_accuracy: 0.9213
Epoch: 15 loss: 0.3442 accuracy: 0.8398 val_loss: 0.1991 val_accuracy: 0.9202
Epoch: 16 loss: 0.3410 accuracy: 0.8414 val_loss: 0.1994 val_accuracy: 0.9226
Epoch: 17 loss: 0.3399 accuracy: 0.8417 val_loss: 0.2054 val_accuracy: 0.9200
Epoch: 18 loss: 0.3381 accuracy: 0.8426 val_loss: 0.1940 val_accuracy: 0.9244
Epoch: 19 loss: 0.3350 accuracy: 0.8435 val_loss: 0.1985 val_accuracy: 0.9229
Epoch: 20 loss: 0.3330 accuracy: 0.8445 val_loss: 0.1996 val_accuracy: 0.9235
Job ended!
