Tue 27 Feb 2024 02:29:53 PM EST
Python 3.9.7
nvcc: NVIDIA (R) Cuda compiler driver
Copyright (c) 2005-2019 NVIDIA Corporation
Built on Sun_Jul_28_19:07:16_PDT_2019
Cuda compilation tools, release 10.1, V10.1.243
My SLURM_ARRAY_TASK_ID: 
DB: ['ISIC2016', 'PH2', '_7_point_criteria']
IMG_SIZE: [150, 150]
CLASSIFIER: EfficientNetB5
SELF_AUG: 1
JOB_INDEX: None
Combining...
Combining 1 db out of 3 dbs
Combining 2 db out of 3 dbs
Combining 3 db out of 3 dbs
Stacking training images
Stacking training labels
Stacking validation images
Stacking validation labels
Model: "sequential"
_________________________________________________________________
Layer (type)                 Output Shape              Param #   
=================================================================
efficientnetb5 (Functional)  (None, 2048)              28513527  
_________________________________________________________________
dense (Dense)                (None, 512)               1049088   
_________________________________________________________________
dropout (Dropout)            (None, 512)               0         
_________________________________________________________________
batch_normalization (BatchNo (None, 512)               2048      
_________________________________________________________________
dense_1 (Dense)              (None, 256)               131328    
_________________________________________________________________
dropout_1 (Dropout)          (None, 256)               0         
_________________________________________________________________
batch_normalization_1 (Batch (None, 256)               1024      
_________________________________________________________________
dense_2 (Dense)              (None, 2)                 514       
=================================================================
Total params: 29,697,529
Trainable params: 1,182,466
Non-trainable params: 28,515,063
_________________________________________________________________
Fitting ISIC2016+PH2+_7_point_criteria_aug_EfficientNetB5_150h_150w_None model...
model_name: ISIC2016+PH2+_7_point_criteria_aug_EfficientNetB5_150h_150w_None
Epoch: 1 loss: 0.6957 accuracy: 0.5158 val_loss: 0.6603 val_accuracy: 0.7467
Epoch: 2 loss: 0.6823 accuracy: 0.5589 val_loss: 0.6384 val_accuracy: 0.7467
Epoch: 3 loss: 0.6747 accuracy: 0.5952 val_loss: 0.6239 val_accuracy: 0.7467
Epoch: 4 loss: 0.6674 accuracy: 0.6124 val_loss: 0.6149 val_accuracy: 0.7467
Epoch: 5 loss: 0.6656 accuracy: 0.6144 val_loss: 0.6112 val_accuracy: 0.7467
Epoch: 6 loss: 0.6614 accuracy: 0.6139 val_loss: 0.6092 val_accuracy: 0.7467
Epoch: 7 loss: 0.6625 accuracy: 0.6177 val_loss: 0.6068 val_accuracy: 0.7467
Epoch: 8 loss: 0.6616 accuracy: 0.6211 val_loss: 0.6010 val_accuracy: 0.7467
Epoch: 9 loss: 0.6628 accuracy: 0.6124 val_loss: 0.5979 val_accuracy: 0.7467
Epoch: 10 loss: 0.6541 accuracy: 0.6206 val_loss: 0.6132 val_accuracy: 0.7467
Epoch: 11 loss: 0.6582 accuracy: 0.6225 val_loss: 0.5857 val_accuracy: 0.7467
Epoch: 12 loss: 0.6574 accuracy: 0.6244 val_loss: 0.5905 val_accuracy: 0.7467
Epoch: 13 loss: 0.6510 accuracy: 0.6263 val_loss: 0.5756 val_accuracy: 0.7467
Epoch: 14 loss: 0.6516 accuracy: 0.6359 val_loss: 0.5615 val_accuracy: 0.7467
Epoch: 15 loss: 0.6511 accuracy: 0.6402 val_loss: 0.5699 val_accuracy: 0.7467
Epoch: 16 loss: 0.6528 accuracy: 0.6340 val_loss: 0.5917 val_accuracy: 0.7572
Epoch: 17 loss: 0.6513 accuracy: 0.6206 val_loss: 0.5735 val_accuracy: 0.7467
Epoch: 18 loss: 0.6519 accuracy: 0.6349 val_loss: 0.6152 val_accuracy: 0.7572
Epoch: 19 loss: 0.6555 accuracy: 0.6282 val_loss: 0.5672 val_accuracy: 0.7467
Epoch: 20 loss: 0.6515 accuracy: 0.6335 val_loss: 0.6136 val_accuracy: 0.7572
Job ended!
