Tue 07 May 2024 05:49:50 AM EDT
Python 3.9.7
nvcc: NVIDIA (R) Cuda compiler driver
Copyright (c) 2005-2019 NVIDIA Corporation
Built on Sun_Jul_28_19:07:16_PDT_2019
Cuda compilation tools, release 10.1, V10.1.243
My SLURM_ARRAY_TASK_ID: 
DB: ['ISIC2016', 'ISIC2017', 'ISIC2018', 'ISIC2019', 'ISIC2020', 'PH2', '_7_point_criteria']
IMG_SIZE: [384, 384]
CLASSIFIER: EfficientNetB5
JOB_INDEX: None
Start training augmented images
Combining...
Combining 1th db out of 7 dbs
Combining 2th db out of 7 dbs
Combining 3th db out of 7 dbs
Combining 4th db out of 7 dbs
Combining 5th db out of 7 dbs
Combining 6th db out of 7 dbs
Combining 7th db out of 7 dbs
Stacking data
Combining complete
Model: "sequential"
_________________________________________________________________
Layer (type)                 Output Shape              Param #   
=================================================================
efficientnetb5 (Functional)  (None, 2048)              28513527  
_________________________________________________________________
dense (Dense)                (None, 512)               1049088   
_________________________________________________________________
dropout (Dropout)            (None, 512)               0         
_________________________________________________________________
batch_normalization (BatchNo (None, 512)               2048      
_________________________________________________________________
dense_1 (Dense)              (None, 256)               131328    
_________________________________________________________________
batch_normalization_1 (Batch (None, 256)               1024      
_________________________________________________________________
dense_2 (Dense)              (None, 2)                 514       
=================================================================
Total params: 29,697,529
Trainable params: 1,182,466
Non-trainable params: 28,515,063
_________________________________________________________________
Fitting ISIC2016+ISIC2017+ISIC2018+ISIC2019+ISIC2020+PH2+_7_point_criteria_aug_EfficientNetB5_384h_384w_None model...
model_name: ISIC2016+ISIC2017+ISIC2018+ISIC2019+ISIC2020+PH2+_7_point_criteria_aug_EfficientNetB5_384h_384w_None
Epoch: 1 loss: 1.0946 accuracy: 0.6673 val_loss: 0.9930 val_accuracy: 0.9057
Epoch: 2 loss: 0.9374 accuracy: 0.7194 val_loss: 0.7801 val_accuracy: 0.9057
Epoch: 3 loss: 0.8466 accuracy: 0.7210 val_loss: 0.6074 val_accuracy: 0.9057
Epoch: 4 loss: 0.7690 accuracy: 0.7198 val_loss: 0.5977 val_accuracy: 0.9057
Epoch: 5 loss: 0.7088 accuracy: 0.7217 val_loss: 0.5154 val_accuracy: 0.9057
Epoch: 6 loss: 0.6701 accuracy: 0.7228 val_loss: 0.4795 val_accuracy: 0.9057
Epoch: 7 loss: 0.6489 accuracy: 0.7208 val_loss: 0.4872 val_accuracy: 0.9057
Epoch: 8 loss: 0.6329 accuracy: 0.7235 val_loss: 0.4347 val_accuracy: 0.9057
Epoch: 9 loss: 0.6243 accuracy: 0.7230 val_loss: 0.4457 val_accuracy: 0.9057
Epoch: 10 loss: 0.6150 accuracy: 0.7258 val_loss: 0.4277 val_accuracy: 0.9057
Epoch: 11 loss: 0.6156 accuracy: 0.7209 val_loss: 0.4374 val_accuracy: 0.9057
Epoch: 12 loss: 0.6111 accuracy: 0.7217 val_loss: 0.4202 val_accuracy: 0.9057
Epoch: 13 loss: 0.6075 accuracy: 0.7224 val_loss: 0.4786 val_accuracy: 0.9057
Epoch: 14 loss: 0.6054 accuracy: 0.7223 val_loss: 0.4316 val_accuracy: 0.9057
Epoch: 15 loss: 0.6023 accuracy: 0.7239 val_loss: 0.4196 val_accuracy: 0.9057
Epoch: 16 loss: 0.6039 accuracy: 0.7203 val_loss: 0.4322 val_accuracy: 0.9057
Epoch: 17 loss: 0.5999 accuracy: 0.7231 val_loss: 0.4429 val_accuracy: 0.9057
Epoch: 18 loss: 0.5998 accuracy: 0.7221 val_loss: 0.4129 val_accuracy: 0.9057
Epoch: 19 loss: 0.5992 accuracy: 0.7217 val_loss: 0.4344 val_accuracy: 0.9057
Epoch: 20 loss: 0.5947 accuracy: 0.7258 val_loss: 0.4317 val_accuracy: 0.9057
Epoch: 21 loss: 0.5970 accuracy: 0.7228 val_loss: 0.4680 val_accuracy: 0.9057
Epoch: 22 loss: 0.5962 accuracy: 0.7232 val_loss: 0.4256 val_accuracy: 0.9057
Epoch: 23 loss: 0.5959 accuracy: 0.7227 val_loss: 0.4041 val_accuracy: 0.9057
Epoch: 24 loss: 0.5952 accuracy: 0.7229 val_loss: 0.4110 val_accuracy: 0.9057
Epoch: 25 loss: 0.5938 accuracy: 0.7242 val_loss: 0.4210 val_accuracy: 0.9057
Epoch: 26 loss: 0.5942 accuracy: 0.7235 val_loss: 0.4252 val_accuracy: 0.9057
Epoch: 27 loss: 0.5936 accuracy: 0.7239 val_loss: 0.4216 val_accuracy: 0.9057
Epoch: 28 loss: 0.5938 accuracy: 0.7232 val_loss: 0.4286 val_accuracy: 0.9057

Epoch 00028: ReduceLROnPlateau reducing learning rate to 7.999999797903001e-05.
Epoch: 29 loss: 0.5928 accuracy: 0.7239 val_loss: 0.4091 val_accuracy: 0.9057
Epoch: 30 loss: 0.5918 accuracy: 0.7248 val_loss: 0.4242 val_accuracy: 0.9057
Epoch: 31 loss: 0.5940 accuracy: 0.7225 val_loss: 0.4223 val_accuracy: 0.9057
Epoch: 32 loss: 0.5949 accuracy: 0.7211 val_loss: 0.4225 val_accuracy: 0.9057
Epoch: 33 loss: 0.5930 accuracy: 0.7232 val_loss: 0.4251 val_accuracy: 0.9057

Epoch 00033: ReduceLROnPlateau reducing learning rate to 6.399999838322402e-05.
End of augmented training
Finish
Job ended!
