Fri 01 Mar 2024 09:43:54 AM EST
Python 3.9.7
nvcc: NVIDIA (R) Cuda compiler driver
Copyright (c) 2005-2019 NVIDIA Corporation
Built on Sun_Jul_28_19:07:16_PDT_2019
Cuda compilation tools, release 10.1, V10.1.243
My SLURM_ARRAY_TASK_ID: 
DB: ['ISIC2016', 'ISIC2017', 'ISIC2018', 'ISIC2019', 'PAD_UFES_20', 'MEDNODE']
IMG_SIZE: [150, 150]
CLASSIFIER: EfficientNetB5
SELF_AUG: 1
JOB_INDEX: None
Combining...
Combining 1 db out of 6 dbs
Combining 2 db out of 6 dbs
Combining 3 db out of 6 dbs
Combining 4 db out of 6 dbs
Combining 5 db out of 6 dbs
Combining 6 db out of 6 dbs
Stacking training images
Stacking training labels
Stacking validation images
Stacking validation labels
Model: "sequential"
_________________________________________________________________
Layer (type)                 Output Shape              Param #   
=================================================================
efficientnetb5 (Functional)  (None, 2048)              28513527  
_________________________________________________________________
dense (Dense)                (None, 512)               1049088   
_________________________________________________________________
dropout (Dropout)            (None, 512)               0         
_________________________________________________________________
batch_normalization (BatchNo (None, 512)               2048      
_________________________________________________________________
dense_1 (Dense)              (None, 256)               131328    
_________________________________________________________________
dropout_1 (Dropout)          (None, 256)               0         
_________________________________________________________________
batch_normalization_1 (Batch (None, 256)               1024      
_________________________________________________________________
dense_2 (Dense)              (None, 2)                 514       
=================================================================
Total params: 29,697,529
Trainable params: 1,182,466
Non-trainable params: 28,515,063
_________________________________________________________________
Fitting ISIC2016+ISIC2017+ISIC2018+ISIC2019+PAD_UFES_20+MEDNODE_aug_EfficientNetB5_150h_150w_None model...
model_name: ISIC2016+ISIC2017+ISIC2018+ISIC2019+PAD_UFES_20+MEDNODE_aug_EfficientNetB5_150h_150w_None
Epoch: 1 loss: 0.5776 accuracy: 0.7344 val_loss: 0.3599 val_accuracy: 0.8521
Epoch: 2 loss: 0.4892 accuracy: 0.7722 val_loss: 0.3510 val_accuracy: 0.8542
Epoch: 3 loss: 0.4589 accuracy: 0.7851 val_loss: 0.3241 val_accuracy: 0.8728
Epoch: 4 loss: 0.4428 accuracy: 0.7910 val_loss: 0.3156 val_accuracy: 0.8756
Epoch: 5 loss: 0.4308 accuracy: 0.7987 val_loss: 0.3110 val_accuracy: 0.8761
Epoch: 6 loss: 0.4195 accuracy: 0.8056 val_loss: 0.3178 val_accuracy: 0.8713
Epoch: 7 loss: 0.4122 accuracy: 0.8092 val_loss: 0.3006 val_accuracy: 0.8792
Epoch: 8 loss: 0.4092 accuracy: 0.8095 val_loss: 0.3028 val_accuracy: 0.8780
Epoch: 9 loss: 0.4041 accuracy: 0.8133 val_loss: 0.3034 val_accuracy: 0.8769
Epoch: 10 loss: 0.4000 accuracy: 0.8146 val_loss: 0.2991 val_accuracy: 0.8821
Epoch: 11 loss: 0.3960 accuracy: 0.8180 val_loss: 0.2972 val_accuracy: 0.8779
Epoch: 12 loss: 0.3921 accuracy: 0.8202 val_loss: 0.3097 val_accuracy: 0.8721
Epoch: 13 loss: 0.3887 accuracy: 0.8222 val_loss: 0.2984 val_accuracy: 0.8787
Epoch: 14 loss: 0.3840 accuracy: 0.8226 val_loss: 0.3055 val_accuracy: 0.8726
Epoch: 15 loss: 0.3799 accuracy: 0.8239 val_loss: 0.2911 val_accuracy: 0.8815
Epoch: 16 loss: 0.3781 accuracy: 0.8267 val_loss: 0.2979 val_accuracy: 0.8817
Epoch: 17 loss: 0.3732 accuracy: 0.8288 val_loss: 0.2884 val_accuracy: 0.8820
Epoch: 18 loss: 0.3722 accuracy: 0.8297 val_loss: 0.2911 val_accuracy: 0.8803
Epoch: 19 loss: 0.3706 accuracy: 0.8296 val_loss: 0.2832 val_accuracy: 0.8858
Epoch: 20 loss: 0.3680 accuracy: 0.8311 val_loss: 0.2869 val_accuracy: 0.8800
Job ended!
