Tue 27 Feb 2024 03:39:49 PM EST
Python 3.9.7
nvcc: NVIDIA (R) Cuda compiler driver
Copyright (c) 2005-2019 NVIDIA Corporation
Built on Sun_Jul_28_19:07:16_PDT_2019
Cuda compilation tools, release 10.1, V10.1.243
My SLURM_ARRAY_TASK_ID: 
DB: ['ISIC2016', 'ISIC2017', 'ISIC2018', 'ISIC2019', 'ISIC2020', 'PH2']
IMG_SIZE: [150, 150]
CLASSIFIER: EfficientNetB6
SELF_AUG: 1
JOB_INDEX: None
Combining...
Combining 1 db out of 6 dbs
Combining 2 db out of 6 dbs
Combining 3 db out of 6 dbs
Combining 4 db out of 6 dbs
Combining 5 db out of 6 dbs
Combining 6 db out of 6 dbs
Stacking training images
Stacking training labels
Stacking validation images
Stacking validation labels
Model: "sequential"
_________________________________________________________________
Layer (type)                 Output Shape              Param #   
=================================================================
efficientnetb6 (Functional)  (None, 2304)              40960143  
_________________________________________________________________
dense (Dense)                (None, 512)               1180160   
_________________________________________________________________
dropout (Dropout)            (None, 512)               0         
_________________________________________________________________
batch_normalization (BatchNo (None, 512)               2048      
_________________________________________________________________
dense_1 (Dense)              (None, 256)               131328    
_________________________________________________________________
dropout_1 (Dropout)          (None, 256)               0         
_________________________________________________________________
batch_normalization_1 (Batch (None, 256)               1024      
_________________________________________________________________
dense_2 (Dense)              (None, 2)                 514       
=================================================================
Total params: 42,275,217
Trainable params: 1,313,538
Non-trainable params: 40,961,679
_________________________________________________________________
Fitting ISIC2016+ISIC2017+ISIC2018+ISIC2019+ISIC2020+PH2_aug_EfficientNetB6_150h_150w_None model...
model_name: ISIC2016+ISIC2017+ISIC2018+ISIC2019+ISIC2020+PH2_aug_EfficientNetB6_150h_150w_None
Epoch: 1 loss: 0.5698 accuracy: 0.7218 val_loss: 0.4351 val_accuracy: 0.8854
Epoch: 2 loss: 0.5567 accuracy: 0.7312 val_loss: 0.4184 val_accuracy: 0.8979
Epoch: 3 loss: 0.5532 accuracy: 0.7322 val_loss: 0.3144 val_accuracy: 0.9117
Epoch: 4 loss: 0.5509 accuracy: 0.7340 val_loss: 0.3848 val_accuracy: 0.8765
Epoch: 5 loss: 0.5490 accuracy: 0.7339 val_loss: 0.3249 val_accuracy: 0.9037
Epoch: 6 loss: 0.5465 accuracy: 0.7343 val_loss: 0.4019 val_accuracy: 0.9022
Epoch: 7 loss: 0.5444 accuracy: 0.7350 val_loss: 0.5067 val_accuracy: 0.7782
Epoch: 8 loss: 0.5411 accuracy: 0.7356 val_loss: 0.3182 val_accuracy: 0.9120
Epoch: 9 loss: 0.5405 accuracy: 0.7365 val_loss: 0.3897 val_accuracy: 0.8874
Epoch: 10 loss: 0.5366 accuracy: 0.7381 val_loss: 0.3761 val_accuracy: 0.9126
Epoch: 11 loss: 0.5353 accuracy: 0.7392 val_loss: 0.4447 val_accuracy: 0.8873
Epoch: 12 loss: 0.5328 accuracy: 0.7394 val_loss: 0.2785 val_accuracy: 0.9136
Epoch: 13 loss: 0.5299 accuracy: 0.7409 val_loss: 0.4714 val_accuracy: 0.8471
Epoch: 14 loss: 0.5275 accuracy: 0.7417 val_loss: 0.3213 val_accuracy: 0.9118
Epoch: 15 loss: 0.5265 accuracy: 0.7411 val_loss: 0.3288 val_accuracy: 0.9141
Epoch: 16 loss: 0.5248 accuracy: 0.7432 val_loss: 0.3641 val_accuracy: 0.9117
Epoch: 17 loss: 0.5231 accuracy: 0.7442 val_loss: 0.3629 val_accuracy: 0.8935
Epoch: 18 loss: 0.5241 accuracy: 0.7449 val_loss: 0.3006 val_accuracy: 0.9121
Epoch: 19 loss: 0.5234 accuracy: 0.7464 val_loss: 0.3369 val_accuracy: 0.9143
Epoch: 20 loss: 0.5215 accuracy: 0.7462 val_loss: 0.3756 val_accuracy: 0.9118
Job ended!
