Tue 27 Feb 2024 04:53:16 PM EST
Python 3.9.7
nvcc: NVIDIA (R) Cuda compiler driver
Copyright (c) 2005-2019 NVIDIA Corporation
Built on Sun_Jul_28_19:07:16_PDT_2019
Cuda compilation tools, release 10.1, V10.1.243
My SLURM_ARRAY_TASK_ID: 
DB: ['ISIC2016', 'ISIC2020', 'PH2']
IMG_SIZE: [150, 150]
CLASSIFIER: EfficientNetB6
SELF_AUG: 1
JOB_INDEX: None
Combining...
Combining 1 db out of 3 dbs
Combining 2 db out of 3 dbs
Combining 3 db out of 3 dbs
Stacking training images
Stacking training labels
Stacking validation images
Stacking validation labels
Model: "sequential"
_________________________________________________________________
Layer (type)                 Output Shape              Param #   
=================================================================
efficientnetb6 (Functional)  (None, 2304)              40960143  
_________________________________________________________________
dense (Dense)                (None, 512)               1180160   
_________________________________________________________________
dropout (Dropout)            (None, 512)               0         
_________________________________________________________________
batch_normalization (BatchNo (None, 512)               2048      
_________________________________________________________________
dense_1 (Dense)              (None, 256)               131328    
_________________________________________________________________
dropout_1 (Dropout)          (None, 256)               0         
_________________________________________________________________
batch_normalization_1 (Batch (None, 256)               1024      
_________________________________________________________________
dense_2 (Dense)              (None, 2)                 514       
=================================================================
Total params: 42,275,217
Trainable params: 1,313,538
Non-trainable params: 40,961,679
_________________________________________________________________
Fitting ISIC2016+ISIC2020+PH2_aug_EfficientNetB6_150h_150w_None model...
model_name: ISIC2016+ISIC2020+PH2_aug_EfficientNetB6_150h_150w_None
Epoch: 1 loss: 0.5061 accuracy: 0.7832 val_loss: 0.2633 val_accuracy: 0.9794
Epoch: 2 loss: 0.4665 accuracy: 0.8042 val_loss: 0.2396 val_accuracy: 0.9794
Epoch: 3 loss: 0.4644 accuracy: 0.8044 val_loss: 0.2785 val_accuracy: 0.9794
Epoch: 4 loss: 0.4624 accuracy: 0.8042 val_loss: 0.2272 val_accuracy: 0.9794
Epoch: 5 loss: 0.4600 accuracy: 0.8045 val_loss: 0.1761 val_accuracy: 0.9794
Epoch: 6 loss: 0.4546 accuracy: 0.8040 val_loss: 0.2006 val_accuracy: 0.9794
Epoch: 7 loss: 0.4525 accuracy: 0.8038 val_loss: 0.1908 val_accuracy: 0.9794
Epoch: 8 loss: 0.4499 accuracy: 0.8037 val_loss: 0.3971 val_accuracy: 0.9794
Epoch: 9 loss: 0.4459 accuracy: 0.8038 val_loss: 0.1949 val_accuracy: 0.9794
Epoch: 10 loss: 0.4454 accuracy: 0.8035 val_loss: 0.2294 val_accuracy: 0.9794
Epoch: 11 loss: 0.4425 accuracy: 0.8041 val_loss: 0.1598 val_accuracy: 0.9794
Epoch: 12 loss: 0.4413 accuracy: 0.8036 val_loss: 0.3579 val_accuracy: 0.9731
Epoch: 13 loss: 0.4431 accuracy: 0.8035 val_loss: 0.1931 val_accuracy: 0.9794
Epoch: 14 loss: 0.4418 accuracy: 0.8044 val_loss: 0.3694 val_accuracy: 0.9794
Epoch: 15 loss: 0.4373 accuracy: 0.8044 val_loss: 0.1086 val_accuracy: 0.9794
Epoch: 16 loss: 0.4391 accuracy: 0.8036 val_loss: 0.1836 val_accuracy: 0.9794
Epoch: 17 loss: 0.4391 accuracy: 0.8036 val_loss: 0.3574 val_accuracy: 0.9794
Epoch: 18 loss: 0.4359 accuracy: 0.8039 val_loss: 0.3550 val_accuracy: 0.9794
Epoch: 19 loss: 0.4329 accuracy: 0.8043 val_loss: 0.3114 val_accuracy: 0.9700
Epoch: 20 loss: 0.4332 accuracy: 0.8037 val_loss: 0.1659 val_accuracy: 0.9794
Job ended!
