Tue 27 Feb 2024 04:24:19 PM EST
Python 3.9.7
nvcc: NVIDIA (R) Cuda compiler driver
Copyright (c) 2005-2019 NVIDIA Corporation
Built on Sun_Jul_28_19:07:16_PDT_2019
Cuda compilation tools, release 10.1, V10.1.243
My SLURM_ARRAY_TASK_ID: 
DB: ['ISIC2016', 'ISIC2017', 'ISIC2018', 'MEDNODE', 'KaggleMB']
IMG_SIZE: [150, 150]
CLASSIFIER: EfficientNetB6
SELF_AUG: 1
JOB_INDEX: None
Combining...
Combining 1 db out of 5 dbs
Combining 2 db out of 5 dbs
Combining 3 db out of 5 dbs
Combining 4 db out of 5 dbs
Combining 5 db out of 5 dbs
Stacking training images
Stacking training labels
Stacking validation images
Stacking validation labels
Model: "sequential"
_________________________________________________________________
Layer (type)                 Output Shape              Param #   
=================================================================
efficientnetb6 (Functional)  (None, 2304)              40960143  
_________________________________________________________________
dense (Dense)                (None, 512)               1180160   
_________________________________________________________________
dropout (Dropout)            (None, 512)               0         
_________________________________________________________________
batch_normalization (BatchNo (None, 512)               2048      
_________________________________________________________________
dense_1 (Dense)              (None, 256)               131328    
_________________________________________________________________
dropout_1 (Dropout)          (None, 256)               0         
_________________________________________________________________
batch_normalization_1 (Batch (None, 256)               1024      
_________________________________________________________________
dense_2 (Dense)              (None, 2)                 514       
=================================================================
Total params: 42,275,217
Trainable params: 1,313,538
Non-trainable params: 40,961,679
_________________________________________________________________
Fitting ISIC2016+ISIC2017+ISIC2018+MEDNODE+KaggleMB_aug_EfficientNetB6_150h_150w_None model...
model_name: ISIC2016+ISIC2017+ISIC2018+MEDNODE+KaggleMB_aug_EfficientNetB6_150h_150w_None
Epoch: 1 loss: 0.6431 accuracy: 0.6371 val_loss: 0.5960 val_accuracy: 0.6959
Epoch: 2 loss: 0.6235 accuracy: 0.6586 val_loss: 0.5840 val_accuracy: 0.6959
Epoch: 3 loss: 0.6236 accuracy: 0.6562 val_loss: 0.6056 val_accuracy: 0.7023
Epoch: 4 loss: 0.6218 accuracy: 0.6566 val_loss: 0.5802 val_accuracy: 0.7041
Epoch: 5 loss: 0.6167 accuracy: 0.6582 val_loss: 0.5777 val_accuracy: 0.6959
Epoch: 6 loss: 0.6166 accuracy: 0.6535 val_loss: 0.6120 val_accuracy: 0.7005
Epoch: 7 loss: 0.6130 accuracy: 0.6634 val_loss: 0.5850 val_accuracy: 0.7023
Epoch: 8 loss: 0.6076 accuracy: 0.6654 val_loss: 0.5609 val_accuracy: 0.7078
Epoch: 9 loss: 0.6094 accuracy: 0.6643 val_loss: 0.5755 val_accuracy: 0.7078
Epoch: 10 loss: 0.6091 accuracy: 0.6683 val_loss: 0.5611 val_accuracy: 0.7097
Epoch: 11 loss: 0.6058 accuracy: 0.6702 val_loss: 0.5649 val_accuracy: 0.7051
Epoch: 12 loss: 0.6056 accuracy: 0.6701 val_loss: 0.5707 val_accuracy: 0.7060
Epoch: 13 loss: 0.6019 accuracy: 0.6685 val_loss: 0.5946 val_accuracy: 0.7060
Epoch: 14 loss: 0.5999 accuracy: 0.6725 val_loss: 0.5802 val_accuracy: 0.6959
Epoch: 15 loss: 0.6014 accuracy: 0.6711 val_loss: 0.5685 val_accuracy: 0.7088
Epoch: 16 loss: 0.6011 accuracy: 0.6720 val_loss: 0.5538 val_accuracy: 0.7041
Epoch: 17 loss: 0.5999 accuracy: 0.6733 val_loss: 0.5699 val_accuracy: 0.7097
Epoch: 18 loss: 0.5976 accuracy: 0.6746 val_loss: 0.5690 val_accuracy: 0.7032
Epoch: 19 loss: 0.5985 accuracy: 0.6738 val_loss: 0.5565 val_accuracy: 0.7014
Epoch: 20 loss: 0.5973 accuracy: 0.6748 val_loss: 0.5622 val_accuracy: 0.7051
Job ended!
