Fri 01 Mar 2024 10:50:12 AM EST
Python 3.9.7
nvcc: NVIDIA (R) Cuda compiler driver
Copyright (c) 2005-2019 NVIDIA Corporation
Built on Sun_Jul_28_19:07:16_PDT_2019
Cuda compilation tools, release 10.1, V10.1.243
My SLURM_ARRAY_TASK_ID: 
DB: ['ISIC2016', '_7_point_criteria', 'PAD_UFES_20', 'MEDNODE']
IMG_SIZE: [150, 150]
CLASSIFIER: EfficientNetB6
SELF_AUG: 1
JOB_INDEX: None
Combining...
Combining 1 db out of 4 dbs
Combining 2 db out of 4 dbs
Combining 3 db out of 4 dbs
Combining 4 db out of 4 dbs
Stacking training images
Stacking training labels
Stacking validation images
Stacking validation labels
Model: "sequential"
_________________________________________________________________
Layer (type)                 Output Shape              Param #   
=================================================================
efficientnetb6 (Functional)  (None, 2304)              40960143  
_________________________________________________________________
dense (Dense)                (None, 512)               1180160   
_________________________________________________________________
dropout (Dropout)            (None, 512)               0         
_________________________________________________________________
batch_normalization (BatchNo (None, 512)               2048      
_________________________________________________________________
dense_1 (Dense)              (None, 256)               131328    
_________________________________________________________________
dropout_1 (Dropout)          (None, 256)               0         
_________________________________________________________________
batch_normalization_1 (Batch (None, 256)               1024      
_________________________________________________________________
dense_2 (Dense)              (None, 2)                 514       
=================================================================
Total params: 42,275,217
Trainable params: 1,313,538
Non-trainable params: 40,961,679
_________________________________________________________________
Fitting ISIC2016+_7_point_criteria+PAD_UFES_20+MEDNODE_aug_EfficientNetB6_150h_150w_None model...
model_name: ISIC2016+_7_point_criteria+PAD_UFES_20+MEDNODE_aug_EfficientNetB6_150h_150w_None
Epoch: 1 loss: 0.7405 accuracy: 0.6670 val_loss: 0.4106 val_accuracy: 0.8837
Epoch: 2 loss: 0.5667 accuracy: 0.7428 val_loss: 0.3288 val_accuracy: 0.8780
Epoch: 3 loss: 0.4975 accuracy: 0.7792 val_loss: 0.3093 val_accuracy: 0.8894
Epoch: 4 loss: 0.4547 accuracy: 0.7944 val_loss: 0.2828 val_accuracy: 0.8905
Epoch: 5 loss: 0.4212 accuracy: 0.8224 val_loss: 0.2826 val_accuracy: 0.8951
Epoch: 6 loss: 0.3966 accuracy: 0.8272 val_loss: 0.2741 val_accuracy: 0.8951
Epoch: 7 loss: 0.3930 accuracy: 0.8307 val_loss: 0.2665 val_accuracy: 0.8928
Epoch: 8 loss: 0.3827 accuracy: 0.8277 val_loss: 0.2783 val_accuracy: 0.8848
Epoch: 9 loss: 0.3707 accuracy: 0.8333 val_loss: 0.2792 val_accuracy: 0.8928
Epoch: 10 loss: 0.3389 accuracy: 0.8517 val_loss: 0.2777 val_accuracy: 0.8905
Epoch: 11 loss: 0.3360 accuracy: 0.8589 val_loss: 0.2865 val_accuracy: 0.8928
Epoch: 12 loss: 0.3460 accuracy: 0.8481 val_loss: 0.2950 val_accuracy: 0.8814
Epoch: 13 loss: 0.3155 accuracy: 0.8602 val_loss: 0.2759 val_accuracy: 0.9019
Epoch: 14 loss: 0.2982 accuracy: 0.8695 val_loss: 0.2896 val_accuracy: 0.8928
Epoch: 15 loss: 0.3072 accuracy: 0.8678 val_loss: 0.3036 val_accuracy: 0.8917
Epoch: 16 loss: 0.3019 accuracy: 0.8659 val_loss: 0.3186 val_accuracy: 0.8883
Epoch: 17 loss: 0.2961 accuracy: 0.8650 val_loss: 0.2966 val_accuracy: 0.8905
Epoch: 18 loss: 0.2863 accuracy: 0.8739 val_loss: 0.2906 val_accuracy: 0.8917
Epoch: 19 loss: 0.2847 accuracy: 0.8763 val_loss: 0.3067 val_accuracy: 0.8974
Epoch: 20 loss: 0.2737 accuracy: 0.8819 val_loss: 0.2977 val_accuracy: 0.8928
Job ended!
