Mon 26 Feb 2024 11:09:01 AM EST
Python 3.9.7
nvcc: NVIDIA (R) Cuda compiler driver
Copyright (c) 2005-2019 NVIDIA Corporation
Built on Sun_Jul_28_19:07:16_PDT_2019
Cuda compilation tools, release 10.1, V10.1.243
My SLURM_ARRAY_TASK_ID:  1
DB: ['ISIC2016', 'ISIC2017', 'ISIC2018', 'ISIC2019', 'ISIC2020']
IMG_SIZE: [150, 150]
CLASSIFIER: EfficientNetB0
JOB_INDEX: 1
Combining...
Combining 1 db out of 5 dbs
Combining 2 db out of 5 dbs
Combining 3 db out of 5 dbs
Combining 4 db out of 5 dbs
Combining 5 db out of 5 dbs
Stacking training images
Stacking training labels
Stacking validation images
Stacking validation labels
Combining...
Combining 1 db out of 5 dbs
Combining 2 db out of 5 dbs
Combining 3 db out of 5 dbs
Combining 4 db out of 5 dbs
Combining 5 db out of 5 dbs
Stacking training images
Stacking training labels
Stacking validation images
Stacking validation labels
Model: "sequential"
_________________________________________________________________
Layer (type)                 Output Shape              Param #   
=================================================================
efficientnetb0 (Functional)  (None, 1280)              4049571   
_________________________________________________________________
dense (Dense)                (None, 512)               655872    
_________________________________________________________________
dropout (Dropout)            (None, 512)               0         
_________________________________________________________________
batch_normalization (BatchNo (None, 512)               2048      
_________________________________________________________________
dense_1 (Dense)              (None, 256)               131328    
_________________________________________________________________
dropout_1 (Dropout)          (None, 256)               0         
_________________________________________________________________
batch_normalization_1 (Batch (None, 256)               1024      
_________________________________________________________________
dense_2 (Dense)              (None, 2)                 514       
=================================================================
Total params: 4,840,357
Trainable params: 789,250
Non-trainable params: 4,051,107
_________________________________________________________________
Fitting ISIC2016+ISIC2017+ISIC2018+ISIC2019+ISIC2020_noaug_EfficientNetB0_150h_150w_1 model...
Epoch: 1 loss: 0.3617 accuracy: 0.8914 val_loss: 0.2932 val_accuracy: 0.9136
Epoch: 2 loss: 0.3124 accuracy: 0.9031 val_loss: 0.2832 val_accuracy: 0.9136
Epoch: 3 loss: 0.3076 accuracy: 0.9031 val_loss: 0.2772 val_accuracy: 0.9136
Epoch: 4 loss: 0.3054 accuracy: 0.9031 val_loss: 0.2743 val_accuracy: 0.9136
Epoch: 5 loss: 0.3047 accuracy: 0.9032 val_loss: 0.2811 val_accuracy: 0.9136
Epoch: 6 loss: 0.3037 accuracy: 0.9033 val_loss: 0.2728 val_accuracy: 0.9136
Epoch: 7 loss: 0.3042 accuracy: 0.9032 val_loss: 0.2751 val_accuracy: 0.9136
Epoch: 8 loss: 0.3043 accuracy: 0.9031 val_loss: 0.2734 val_accuracy: 0.9136
Epoch: 9 loss: 0.3022 accuracy: 0.9030 val_loss: 0.2738 val_accuracy: 0.9136
Epoch: 10 loss: 0.3021 accuracy: 0.9033 val_loss: 0.2782 val_accuracy: 0.9136
Epoch: 11 loss: 0.3023 accuracy: 0.9031 val_loss: 0.2751 val_accuracy: 0.9136
Epoch: 12 loss: 0.3022 accuracy: 0.9033 val_loss: 0.2760 val_accuracy: 0.9136
Epoch: 13 loss: 0.3020 accuracy: 0.9030 val_loss: 0.2718 val_accuracy: 0.9136
Epoch: 14 loss: 0.3027 accuracy: 0.9030 val_loss: 0.2874 val_accuracy: 0.9136
Epoch: 15 loss: 0.3029 accuracy: 0.9031 val_loss: 0.2813 val_accuracy: 0.9136
Epoch: 16 loss: 0.3024 accuracy: 0.9030 val_loss: 0.2817 val_accuracy: 0.9136
Epoch: 17 loss: 0.3013 accuracy: 0.9030 val_loss: 0.2750 val_accuracy: 0.9136
Epoch: 18 loss: 0.3006 accuracy: 0.9031 val_loss: 0.2777 val_accuracy: 0.9136
Epoch: 19 loss: 0.3018 accuracy: 0.9029 val_loss: 0.2855 val_accuracy: 0.9136
Epoch: 20 loss: 0.3013 accuracy: 0.9029 val_loss: 0.2702 val_accuracy: 0.9136
Fitting ISIC2016+ISIC2017+ISIC2018+ISIC2019+ISIC2020_aug_EfficientNetB0_150h_150w_1 model...
Epoch: 1 loss: 0.5689 accuracy: 0.7286 val_loss: 0.3688 val_accuracy: 0.9132
Epoch: 2 loss: 0.5661 accuracy: 0.7288 val_loss: 0.3399 val_accuracy: 0.9136
Epoch: 3 loss: 0.5633 accuracy: 0.7286 val_loss: 0.3172 val_accuracy: 0.9136
Epoch: 4 loss: 0.5619 accuracy: 0.7286 val_loss: 0.3485 val_accuracy: 0.9131
Epoch: 5 loss: 0.5599 accuracy: 0.7276 val_loss: 0.3442 val_accuracy: 0.9129
Epoch: 6 loss: 0.5597 accuracy: 0.7287 val_loss: 0.3154 val_accuracy: 0.9135
Epoch: 7 loss: 0.5579 accuracy: 0.7292 val_loss: 0.3217 val_accuracy: 0.9131
Epoch: 8 loss: 0.5576 accuracy: 0.7286 val_loss: 0.3969 val_accuracy: 0.8966
Epoch: 9 loss: 0.5564 accuracy: 0.7287 val_loss: 0.3112 val_accuracy: 0.9135
Epoch: 10 loss: 0.5569 accuracy: 0.7277 val_loss: 0.3618 val_accuracy: 0.9100
Epoch: 11 loss: 0.5565 accuracy: 0.7284 val_loss: 0.3091 val_accuracy: 0.9136
Epoch: 12 loss: 0.5563 accuracy: 0.7279 val_loss: 0.3097 val_accuracy: 0.9135
Epoch: 13 loss: 0.5552 accuracy: 0.7272 val_loss: 0.3105 val_accuracy: 0.9136
Epoch: 14 loss: 0.5548 accuracy: 0.7278 val_loss: 0.3645 val_accuracy: 0.9083
Epoch: 15 loss: 0.5542 accuracy: 0.7275 val_loss: 0.3177 val_accuracy: 0.9136
Epoch: 16 loss: 0.5540 accuracy: 0.7282 val_loss: 0.3068 val_accuracy: 0.9133
Epoch: 17 loss: 0.5535 accuracy: 0.7287 val_loss: 0.3069 val_accuracy: 0.9136
Epoch: 18 loss: 0.5542 accuracy: 0.7274 val_loss: 0.3122 val_accuracy: 0.9136
Epoch: 19 loss: 0.5533 accuracy: 0.7273 val_loss: 0.3080 val_accuracy: 0.9136
Epoch: 20 loss: 0.5530 accuracy: 0.7274 val_loss: 0.3693 val_accuracy: 0.9067
Job ended!
