Fri 01 Mar 2024 01:26:54 AM EST
Python 3.9.7
nvcc: NVIDIA (R) Cuda compiler driver
Copyright (c) 2005-2019 NVIDIA Corporation
Built on Sun_Jul_28_19:07:16_PDT_2019
Cuda compilation tools, release 10.1, V10.1.243
My SLURM_ARRAY_TASK_ID: 
DB: ['ISIC2016', 'ISIC2017', 'ISIC2018', 'ISIC2019']
IMG_SIZE: [150, 150]
CLASSIFIER: EfficientNetB0
SELF_AUG: 1
JOB_INDEX: None
Combining...
Combining 1 db out of 4 dbs
Combining 2 db out of 4 dbs
Combining 3 db out of 4 dbs
Combining 4 db out of 4 dbs
Stacking training images
Stacking training labels
Stacking validation images
Stacking validation labels
Model: "sequential"
_________________________________________________________________
Layer (type)                 Output Shape              Param #   
=================================================================
efficientnetb0 (Functional)  (None, 1280)              4049571   
_________________________________________________________________
dense (Dense)                (None, 512)               655872    
_________________________________________________________________
dropout (Dropout)            (None, 512)               0         
_________________________________________________________________
batch_normalization (BatchNo (None, 512)               2048      
_________________________________________________________________
dense_1 (Dense)              (None, 256)               131328    
_________________________________________________________________
dropout_1 (Dropout)          (None, 256)               0         
_________________________________________________________________
batch_normalization_1 (Batch (None, 256)               1024      
_________________________________________________________________
dense_2 (Dense)              (None, 2)                 514       
=================================================================
Total params: 4,840,357
Trainable params: 789,250
Non-trainable params: 4,051,107
_________________________________________________________________
Fitting ISIC2016+ISIC2017+ISIC2018+ISIC2019_aug_EfficientNetB0_150h_150w_None model...
model_name: ISIC2016+ISIC2017+ISIC2018+ISIC2019_aug_EfficientNetB0_150h_150w_None
Epoch: 1 loss: 0.5718 accuracy: 0.7427 val_loss: 0.3420 val_accuracy: 0.8596
Epoch: 2 loss: 0.4691 accuracy: 0.7832 val_loss: 0.3293 val_accuracy: 0.8658
Epoch: 3 loss: 0.4399 accuracy: 0.7973 val_loss: 0.3253 val_accuracy: 0.8705
Epoch: 4 loss: 0.4182 accuracy: 0.8061 val_loss: 0.3165 val_accuracy: 0.8746
Epoch: 5 loss: 0.4070 accuracy: 0.8126 val_loss: 0.3123 val_accuracy: 0.8784
Epoch: 6 loss: 0.3959 accuracy: 0.8185 val_loss: 0.3018 val_accuracy: 0.8776
Epoch: 7 loss: 0.3873 accuracy: 0.8227 val_loss: 0.2938 val_accuracy: 0.8823
Epoch: 8 loss: 0.3788 accuracy: 0.8273 val_loss: 0.3063 val_accuracy: 0.8792
Epoch: 9 loss: 0.3715 accuracy: 0.8314 val_loss: 0.2903 val_accuracy: 0.8823
Epoch: 10 loss: 0.3640 accuracy: 0.8312 val_loss: 0.2852 val_accuracy: 0.8844
Epoch: 11 loss: 0.3589 accuracy: 0.8352 val_loss: 0.2835 val_accuracy: 0.8866
Epoch: 12 loss: 0.3522 accuracy: 0.8401 val_loss: 0.2808 val_accuracy: 0.8875
Epoch: 13 loss: 0.3464 accuracy: 0.8433 val_loss: 0.2741 val_accuracy: 0.8902
Epoch: 14 loss: 0.3423 accuracy: 0.8447 val_loss: 0.2717 val_accuracy: 0.8955
Epoch: 15 loss: 0.3356 accuracy: 0.8460 val_loss: 0.2718 val_accuracy: 0.8970
Epoch: 16 loss: 0.3308 accuracy: 0.8507 val_loss: 0.2701 val_accuracy: 0.8918
Epoch: 17 loss: 0.3253 accuracy: 0.8520 val_loss: 0.2608 val_accuracy: 0.8952
Epoch: 18 loss: 0.3202 accuracy: 0.8546 val_loss: 0.2582 val_accuracy: 0.8968
Epoch: 19 loss: 0.3168 accuracy: 0.8566 val_loss: 0.2648 val_accuracy: 0.8943
Epoch: 20 loss: 0.3117 accuracy: 0.8590 val_loss: 0.2648 val_accuracy: 0.9013
Job ended!
