Tue 27 Feb 2024 05:34:46 AM EST
Python 3.9.7
nvcc: NVIDIA (R) Cuda compiler driver
Copyright (c) 2005-2019 NVIDIA Corporation
Built on Sun_Jul_28_19:07:16_PDT_2019
Cuda compilation tools, release 10.1, V10.1.243
My SLURM_ARRAY_TASK_ID: 
DB: ['ISIC2016', 'MEDNODE', 'KaggleMB']
IMG_SIZE: [150, 150]
CLASSIFIER: EfficientNetB0
SELF_AUG: 1
JOB_INDEX: None
Combining...
Combining 1 db out of 3 dbs
Combining 2 db out of 3 dbs
Combining 3 db out of 3 dbs
Stacking training images
Stacking training labels
Stacking validation images
Stacking validation labels
Model: "sequential"
_________________________________________________________________
Layer (type)                 Output Shape              Param #   
=================================================================
efficientnetb0 (Functional)  (None, 1280)              4049571   
_________________________________________________________________
dense (Dense)                (None, 512)               655872    
_________________________________________________________________
dropout (Dropout)            (None, 512)               0         
_________________________________________________________________
batch_normalization (BatchNo (None, 512)               2048      
_________________________________________________________________
dense_1 (Dense)              (None, 256)               131328    
_________________________________________________________________
dropout_1 (Dropout)          (None, 256)               0         
_________________________________________________________________
batch_normalization_1 (Batch (None, 256)               1024      
_________________________________________________________________
dense_2 (Dense)              (None, 2)                 514       
=================================================================
Total params: 4,840,357
Trainable params: 789,250
Non-trainable params: 4,051,107
_________________________________________________________________
Fitting ISIC2016+MEDNODE+KaggleMB_aug_EfficientNetB0_150h_150w_None model...
model_name: ISIC2016+MEDNODE+KaggleMB_aug_EfficientNetB0_150h_150w_None
Epoch: 1 loss: 0.6929 accuracy: 0.5226 val_loss: 0.7129 val_accuracy: 0.3760
Epoch: 2 loss: 0.6855 accuracy: 0.5523 val_loss: 0.7216 val_accuracy: 0.3760
Epoch: 3 loss: 0.6785 accuracy: 0.5733 val_loss: 0.7173 val_accuracy: 0.3760
Epoch: 4 loss: 0.6768 accuracy: 0.5702 val_loss: 0.7035 val_accuracy: 0.3774
Epoch: 5 loss: 0.6765 accuracy: 0.5700 val_loss: 0.7010 val_accuracy: 0.4151
Epoch: 6 loss: 0.6756 accuracy: 0.5800 val_loss: 0.7069 val_accuracy: 0.4218
Epoch: 7 loss: 0.6719 accuracy: 0.5810 val_loss: 0.6993 val_accuracy: 0.4919
Epoch: 8 loss: 0.6701 accuracy: 0.5816 val_loss: 0.6698 val_accuracy: 0.6402
Epoch: 9 loss: 0.6673 accuracy: 0.5861 val_loss: 0.6919 val_accuracy: 0.5229
Epoch: 10 loss: 0.6699 accuracy: 0.5867 val_loss: 0.6804 val_accuracy: 0.6038
Epoch: 11 loss: 0.6694 accuracy: 0.5802 val_loss: 0.6871 val_accuracy: 0.5485
Epoch: 12 loss: 0.6650 accuracy: 0.5916 val_loss: 0.7262 val_accuracy: 0.3881
Epoch: 13 loss: 0.6653 accuracy: 0.5871 val_loss: 0.6914 val_accuracy: 0.5445
Epoch: 14 loss: 0.6665 accuracy: 0.5888 val_loss: 0.6745 val_accuracy: 0.6092
Epoch: 15 loss: 0.6688 accuracy: 0.5861 val_loss: 0.6776 val_accuracy: 0.5889
Epoch: 16 loss: 0.6671 accuracy: 0.5839 val_loss: 0.6474 val_accuracy: 0.6536
Epoch: 17 loss: 0.6660 accuracy: 0.5951 val_loss: 0.6922 val_accuracy: 0.5458
Epoch: 18 loss: 0.6632 accuracy: 0.5959 val_loss: 0.6831 val_accuracy: 0.5674
Epoch: 19 loss: 0.6716 accuracy: 0.5863 val_loss: 0.6901 val_accuracy: 0.5377
Epoch: 20 loss: 0.6639 accuracy: 0.5916 val_loss: 0.7167 val_accuracy: 0.5040
Job ended!
