Tue 27 Feb 2024 05:01:15 AM EST
Python 3.9.7
nvcc: NVIDIA (R) Cuda compiler driver
Copyright (c) 2005-2019 NVIDIA Corporation
Built on Sun_Jul_28_19:07:16_PDT_2019
Cuda compilation tools, release 10.1, V10.1.243
My SLURM_ARRAY_TASK_ID: 
DB: ['ISIC2016', 'ISIC2017', 'ISIC2018', 'ISIC2019', 'ISIC2020', 'PH2']
IMG_SIZE: [150, 150]
CLASSIFIER: EfficientNetB0
SELF_AUG: 1
JOB_INDEX: None
Combining...
Combining 1 db out of 6 dbs
Combining 2 db out of 6 dbs
Combining 3 db out of 6 dbs
Combining 4 db out of 6 dbs
Combining 5 db out of 6 dbs
Combining 6 db out of 6 dbs
Stacking training images
Stacking training labels
Stacking validation images
Stacking validation labels
Model: "sequential"
_________________________________________________________________
Layer (type)                 Output Shape              Param #   
=================================================================
efficientnetb0 (Functional)  (None, 1280)              4049571   
_________________________________________________________________
dense (Dense)                (None, 512)               655872    
_________________________________________________________________
dropout (Dropout)            (None, 512)               0         
_________________________________________________________________
batch_normalization (BatchNo (None, 512)               2048      
_________________________________________________________________
dense_1 (Dense)              (None, 256)               131328    
_________________________________________________________________
dropout_1 (Dropout)          (None, 256)               0         
_________________________________________________________________
batch_normalization_1 (Batch (None, 256)               1024      
_________________________________________________________________
dense_2 (Dense)              (None, 2)                 514       
=================================================================
Total params: 4,840,357
Trainable params: 789,250
Non-trainable params: 4,051,107
_________________________________________________________________
Fitting ISIC2016+ISIC2017+ISIC2018+ISIC2019+ISIC2020+PH2_aug_EfficientNetB0_150h_150w_None model...
model_name: ISIC2016+ISIC2017+ISIC2018+ISIC2019+ISIC2020+PH2_aug_EfficientNetB0_150h_150w_None
Epoch: 1 loss: 0.5751 accuracy: 0.7202 val_loss: 0.4432 val_accuracy: 0.9120
Epoch: 2 loss: 0.5624 accuracy: 0.7293 val_loss: 0.3604 val_accuracy: 0.9130
Epoch: 3 loss: 0.5598 accuracy: 0.7305 val_loss: 0.3271 val_accuracy: 0.9132
Epoch: 4 loss: 0.5571 accuracy: 0.7314 val_loss: 0.3790 val_accuracy: 0.9122
Epoch: 5 loss: 0.5553 accuracy: 0.7330 val_loss: 0.4236 val_accuracy: 0.9117
Epoch: 6 loss: 0.5536 accuracy: 0.7323 val_loss: 0.3530 val_accuracy: 0.9009
Epoch: 7 loss: 0.5529 accuracy: 0.7338 val_loss: 0.3761 val_accuracy: 0.9118
Epoch: 8 loss: 0.5521 accuracy: 0.7333 val_loss: 0.3502 val_accuracy: 0.9109
Epoch: 9 loss: 0.5501 accuracy: 0.7340 val_loss: 0.4071 val_accuracy: 0.9119
Epoch: 10 loss: 0.5493 accuracy: 0.7327 val_loss: 0.4274 val_accuracy: 0.9119
Epoch: 11 loss: 0.5471 accuracy: 0.7339 val_loss: 0.4418 val_accuracy: 0.8809
Epoch: 12 loss: 0.5457 accuracy: 0.7339 val_loss: 0.4422 val_accuracy: 0.9127
Epoch: 13 loss: 0.5432 accuracy: 0.7334 val_loss: 0.4746 val_accuracy: 0.9136
Epoch: 14 loss: 0.5421 accuracy: 0.7331 val_loss: 0.5028 val_accuracy: 0.9134
Epoch: 15 loss: 0.5406 accuracy: 0.7327 val_loss: 0.4200 val_accuracy: 0.9100
Epoch: 16 loss: 0.5388 accuracy: 0.7331 val_loss: 0.5066 val_accuracy: 0.9066
Epoch: 17 loss: 0.5372 accuracy: 0.7336 val_loss: 0.4334 val_accuracy: 0.9136
Epoch: 18 loss: 0.5360 accuracy: 0.7332 val_loss: 0.5253 val_accuracy: 0.8712
Epoch: 19 loss: 0.5342 accuracy: 0.7341 val_loss: 0.4915 val_accuracy: 0.9128
Epoch: 20 loss: 0.5322 accuracy: 0.7327 val_loss: 0.2916 val_accuracy: 0.9136
Job ended!
