Fri 01 Mar 2024 02:07:40 AM EST
Python 3.9.7
nvcc: NVIDIA (R) Cuda compiler driver
Copyright (c) 2005-2019 NVIDIA Corporation
Built on Sun_Jul_28_19:07:16_PDT_2019
Cuda compilation tools, release 10.1, V10.1.243
My SLURM_ARRAY_TASK_ID: 
DB: ['ISIC2016', 'ISIC2018']
IMG_SIZE: [150, 150]
CLASSIFIER: EfficientNetB0
SELF_AUG: 1
JOB_INDEX: None
Combining...
Combining 1 db out of 2 dbs
Combining 2 db out of 2 dbs
Stacking training images
Stacking training labels
Stacking validation images
Stacking validation labels
Model: "sequential"
_________________________________________________________________
Layer (type)                 Output Shape              Param #   
=================================================================
efficientnetb0 (Functional)  (None, 1280)              4049571   
_________________________________________________________________
dense (Dense)                (None, 512)               655872    
_________________________________________________________________
dropout (Dropout)            (None, 512)               0         
_________________________________________________________________
batch_normalization (BatchNo (None, 512)               2048      
_________________________________________________________________
dense_1 (Dense)              (None, 256)               131328    
_________________________________________________________________
dropout_1 (Dropout)          (None, 256)               0         
_________________________________________________________________
batch_normalization_1 (Batch (None, 256)               1024      
_________________________________________________________________
dense_2 (Dense)              (None, 2)                 514       
=================================================================
Total params: 4,840,357
Trainable params: 789,250
Non-trainable params: 4,051,107
_________________________________________________________________
Fitting ISIC2016+ISIC2018_aug_EfficientNetB0_150h_150w_None model...
model_name: ISIC2016+ISIC2018_aug_EfficientNetB0_150h_150w_None
Epoch: 1 loss: 0.6120 accuracy: 0.7328 val_loss: 0.3531 val_accuracy: 0.8525
Epoch: 2 loss: 0.4664 accuracy: 0.7993 val_loss: 0.3340 val_accuracy: 0.8525
Epoch: 3 loss: 0.4252 accuracy: 0.8123 val_loss: 0.3147 val_accuracy: 0.8552
Epoch: 4 loss: 0.4025 accuracy: 0.8211 val_loss: 0.3231 val_accuracy: 0.8391
Epoch: 5 loss: 0.3733 accuracy: 0.8356 val_loss: 0.3123 val_accuracy: 0.8499
Epoch: 6 loss: 0.3622 accuracy: 0.8414 val_loss: 0.3175 val_accuracy: 0.8606
Epoch: 7 loss: 0.3553 accuracy: 0.8440 val_loss: 0.3086 val_accuracy: 0.8660
Epoch: 8 loss: 0.3485 accuracy: 0.8444 val_loss: 0.3030 val_accuracy: 0.8713
Epoch: 9 loss: 0.3417 accuracy: 0.8541 val_loss: 0.3108 val_accuracy: 0.8686
Epoch: 10 loss: 0.3293 accuracy: 0.8554 val_loss: 0.3111 val_accuracy: 0.8660
Epoch: 11 loss: 0.3218 accuracy: 0.8585 val_loss: 0.3047 val_accuracy: 0.8713
Epoch: 12 loss: 0.3182 accuracy: 0.8607 val_loss: 0.3307 val_accuracy: 0.8633
Epoch: 13 loss: 0.3098 accuracy: 0.8659 val_loss: 0.3058 val_accuracy: 0.8606
Epoch: 14 loss: 0.3081 accuracy: 0.8664 val_loss: 0.3022 val_accuracy: 0.8847
Epoch: 15 loss: 0.2989 accuracy: 0.8703 val_loss: 0.3286 val_accuracy: 0.8606
Epoch: 16 loss: 0.2990 accuracy: 0.8740 val_loss: 0.3470 val_accuracy: 0.8391
Epoch: 17 loss: 0.2941 accuracy: 0.8722 val_loss: 0.3484 val_accuracy: 0.8660
Epoch: 18 loss: 0.2781 accuracy: 0.8784 val_loss: 0.3217 val_accuracy: 0.8713
Epoch: 19 loss: 0.2768 accuracy: 0.8820 val_loss: 0.3315 val_accuracy: 0.8740
Epoch: 20 loss: 0.2720 accuracy: 0.8832 val_loss: 0.3306 val_accuracy: 0.8660
Job ended!
