Thu 02 May 2024 05:33:25 PM EDT
Python 3.9.7
nvcc: NVIDIA (R) Cuda compiler driver
Copyright (c) 2005-2019 NVIDIA Corporation
Built on Sun_Jul_28_19:07:16_PDT_2019
Cuda compilation tools, release 10.1, V10.1.243
My SLURM_ARRAY_TASK_ID: 
DB: ['ISIC2016', 'ISIC2017', 'ISIC2018', 'ISIC2019', 'ISIC2020', 'PH2']
IMG_SIZE: [384, 384]
CLASSIFIER: EfficientNetB0
JOB_INDEX: None
Start training augmented images
Combining...
Combining 1th db out of 6 dbs
Combining 2th db out of 6 dbs
Combining 3th db out of 6 dbs
Combining 4th db out of 6 dbs
Combining 5th db out of 6 dbs
Combining 6th db out of 6 dbs
Stacking data
Combining complete
Model: "sequential"
_________________________________________________________________
Layer (type)                 Output Shape              Param #   
=================================================================
efficientnetb0 (Functional)  (None, 1280)              4049571   
_________________________________________________________________
dense (Dense)                (None, 512)               655872    
_________________________________________________________________
dropout (Dropout)            (None, 512)               0         
_________________________________________________________________
batch_normalization (BatchNo (None, 512)               2048      
_________________________________________________________________
dense_1 (Dense)              (None, 256)               131328    
_________________________________________________________________
batch_normalization_1 (Batch (None, 256)               1024      
_________________________________________________________________
dense_2 (Dense)              (None, 2)                 514       
=================================================================
Total params: 4,840,357
Trainable params: 789,250
Non-trainable params: 4,051,107
_________________________________________________________________
Fitting ISIC2016+ISIC2017+ISIC2018+ISIC2019+ISIC2020+PH2_aug_EfficientNetB0_384h_384w_None model...
model_name: ISIC2016+ISIC2017+ISIC2018+ISIC2019+ISIC2020+PH2_aug_EfficientNetB0_384h_384w_None
Epoch: 1 loss: 1.0328 accuracy: 0.6496 val_loss: 0.6032 val_accuracy: 0.9091
Epoch: 2 loss: 0.8656 accuracy: 0.7087 val_loss: 0.5523 val_accuracy: 0.9091
Epoch: 3 loss: 0.7776 accuracy: 0.7188 val_loss: 0.6985 val_accuracy: 0.9091
Epoch: 4 loss: 0.7137 accuracy: 0.7212 val_loss: 0.5188 val_accuracy: 0.9091
Epoch: 5 loss: 0.6666 accuracy: 0.7211 val_loss: 0.4473 val_accuracy: 0.9091
Epoch: 6 loss: 0.6347 accuracy: 0.7252 val_loss: 0.4255 val_accuracy: 0.9091
Epoch: 7 loss: 0.6209 accuracy: 0.7232 val_loss: 0.4234 val_accuracy: 0.9091
Epoch: 8 loss: 0.6096 accuracy: 0.7240 val_loss: 0.4110 val_accuracy: 0.9091
Epoch: 9 loss: 0.6056 accuracy: 0.7226 val_loss: 0.4685 val_accuracy: 0.9091
Epoch: 10 loss: 0.5995 accuracy: 0.7250 val_loss: 0.4050 val_accuracy: 0.9091
Epoch: 11 loss: 0.5972 accuracy: 0.7245 val_loss: 0.3984 val_accuracy: 0.9091
Epoch: 12 loss: 0.5938 accuracy: 0.7262 val_loss: 0.4144 val_accuracy: 0.9091
Epoch: 13 loss: 0.5960 accuracy: 0.7235 val_loss: 0.3762 val_accuracy: 0.9091
Epoch: 14 loss: 0.5944 accuracy: 0.7241 val_loss: 0.3776 val_accuracy: 0.9091
Epoch: 15 loss: 0.5942 accuracy: 0.7238 val_loss: 0.4955 val_accuracy: 0.9091
Epoch: 16 loss: 0.5948 accuracy: 0.7225 val_loss: 0.4441 val_accuracy: 0.9091
Epoch: 17 loss: 0.5920 accuracy: 0.7251 val_loss: 0.3857 val_accuracy: 0.9091
Epoch: 18 loss: 0.5956 accuracy: 0.7204 val_loss: 0.4580 val_accuracy: 0.9091

Epoch 00018: ReduceLROnPlateau reducing learning rate to 7.999999797903001e-05.
Epoch: 19 loss: 0.5946 accuracy: 0.7212 val_loss: 0.4086 val_accuracy: 0.9091
Epoch: 20 loss: 0.5910 accuracy: 0.7245 val_loss: 0.3625 val_accuracy: 0.9091
Epoch: 21 loss: 0.5915 accuracy: 0.7239 val_loss: 0.4740 val_accuracy: 0.9091
Epoch: 22 loss: 0.5906 accuracy: 0.7247 val_loss: 0.4190 val_accuracy: 0.9091
Epoch: 23 loss: 0.5885 accuracy: 0.7268 val_loss: 0.3939 val_accuracy: 0.9091
Epoch: 24 loss: 0.5921 accuracy: 0.7231 val_loss: 0.5004 val_accuracy: 0.9091
Epoch: 25 loss: 0.5903 accuracy: 0.7245 val_loss: 0.4031 val_accuracy: 0.9091

Epoch 00025: ReduceLROnPlateau reducing learning rate to 6.399999838322402e-05.
Epoch: 26 loss: 0.5880 accuracy: 0.7265 val_loss: 0.4286 val_accuracy: 0.9091
Epoch: 27 loss: 0.5880 accuracy: 0.7262 val_loss: 0.3965 val_accuracy: 0.9091
Epoch: 28 loss: 0.5911 accuracy: 0.7229 val_loss: 0.4197 val_accuracy: 0.9091
Epoch: 29 loss: 0.5883 accuracy: 0.7256 val_loss: 0.3816 val_accuracy: 0.9091
Epoch: 30 loss: 0.5910 accuracy: 0.7231 val_loss: 0.4625 val_accuracy: 0.9091

Epoch 00030: ReduceLROnPlateau reducing learning rate to 5.119999987073243e-05.
End of augmented training
Finish
Job ended!
