Thu 02 May 2024 04:22:35 PM EDT
Python 3.9.7
nvcc: NVIDIA (R) Cuda compiler driver
Copyright (c) 2005-2019 NVIDIA Corporation
Built on Sun_Jul_28_19:07:16_PDT_2019
Cuda compilation tools, release 10.1, V10.1.243
My SLURM_ARRAY_TASK_ID: 
DB: ['ISIC2016', 'ISIC2017', 'ISIC2018', 'ISIC2019', 'ISIC2020', 'PH2', '_7_point_criteria', 'MEDNODE', 'KaggleMB']
IMG_SIZE: [384, 384]
CLASSIFIER: EfficientNetB0
JOB_INDEX: None
Start training augmented images
Combining...
Combining 1th db out of 9 dbs
Combining 2th db out of 9 dbs
Combining 3th db out of 9 dbs
Combining 4th db out of 9 dbs
Combining 5th db out of 9 dbs
Combining 6th db out of 9 dbs
Combining 7th db out of 9 dbs
Combining 8th db out of 9 dbs
Combining 9th db out of 9 dbs
Stacking data
Combining complete
Model: "sequential"
_________________________________________________________________
Layer (type)                 Output Shape              Param #   
=================================================================
efficientnetb0 (Functional)  (None, 1280)              4049571   
_________________________________________________________________
dense (Dense)                (None, 512)               655872    
_________________________________________________________________
dropout (Dropout)            (None, 512)               0         
_________________________________________________________________
batch_normalization (BatchNo (None, 512)               2048      
_________________________________________________________________
dense_1 (Dense)              (None, 256)               131328    
_________________________________________________________________
batch_normalization_1 (Batch (None, 256)               1024      
_________________________________________________________________
dense_2 (Dense)              (None, 2)                 514       
=================================================================
Total params: 4,840,357
Trainable params: 789,250
Non-trainable params: 4,051,107
_________________________________________________________________
Fitting ISIC2016+ISIC2017+ISIC2018+ISIC2019+ISIC2020+PH2+_7_point_criteria+MEDNODE+KaggleMB_aug_EfficientNetB0_384h_384w_None model...
model_name: ISIC2016+ISIC2017+ISIC2018+ISIC2019+ISIC2020+PH2+_7_point_criteria+MEDNODE+KaggleMB_aug_EfficientNetB0_384h_384w_None
Epoch: 1 loss: 1.0345 accuracy: 0.6356 val_loss: 0.7026 val_accuracy: 0.8911
Epoch: 2 loss: 0.8654 accuracy: 0.6950 val_loss: 0.6332 val_accuracy: 0.8911
Epoch: 3 loss: 0.7805 accuracy: 0.7047 val_loss: 0.5967 val_accuracy: 0.8911
Epoch: 4 loss: 0.7149 accuracy: 0.7071 val_loss: 0.5228 val_accuracy: 0.8911
Epoch: 5 loss: 0.6692 accuracy: 0.7090 val_loss: 0.4769 val_accuracy: 0.8911
Epoch: 6 loss: 0.6450 accuracy: 0.7081 val_loss: 0.3973 val_accuracy: 0.8911
Epoch: 7 loss: 0.6300 accuracy: 0.7093 val_loss: 0.4360 val_accuracy: 0.8911
Epoch: 8 loss: 0.6231 accuracy: 0.7086 val_loss: 0.4054 val_accuracy: 0.8911
Epoch: 9 loss: 0.6184 accuracy: 0.7085 val_loss: 0.3839 val_accuracy: 0.8911
Epoch: 10 loss: 0.6123 accuracy: 0.7114 val_loss: 0.4419 val_accuracy: 0.8911
Epoch: 11 loss: 0.6108 accuracy: 0.7115 val_loss: 0.5169 val_accuracy: 0.8911
Epoch: 12 loss: 0.6089 accuracy: 0.7121 val_loss: 0.4383 val_accuracy: 0.8911
Epoch: 13 loss: 0.6083 accuracy: 0.7115 val_loss: 0.4536 val_accuracy: 0.8911
Epoch: 14 loss: 0.6072 accuracy: 0.7112 val_loss: 0.4259 val_accuracy: 0.8911

Epoch 00014: ReduceLROnPlateau reducing learning rate to 7.999999797903001e-05.
Epoch: 15 loss: 0.6056 accuracy: 0.7117 val_loss: 0.4103 val_accuracy: 0.8911
Epoch: 16 loss: 0.6066 accuracy: 0.7097 val_loss: 0.4315 val_accuracy: 0.8911
Epoch: 17 loss: 0.6034 accuracy: 0.7128 val_loss: 0.5379 val_accuracy: 0.8911
Epoch: 18 loss: 0.6021 accuracy: 0.7130 val_loss: 0.4521 val_accuracy: 0.8911
Epoch: 19 loss: 0.6036 accuracy: 0.7110 val_loss: 0.5117 val_accuracy: 0.8911

Epoch 00019: ReduceLROnPlateau reducing learning rate to 6.399999838322402e-05.
End of augmented training
Finish
Job ended!
