Fri 01 Mar 2024 01:51:44 AM EST
Python 3.9.7
nvcc: NVIDIA (R) Cuda compiler driver
Copyright (c) 2005-2019 NVIDIA Corporation
Built on Sun_Jul_28_19:07:16_PDT_2019
Cuda compilation tools, release 10.1, V10.1.243
My SLURM_ARRAY_TASK_ID: 
DB: ['ISIC2016', 'ISIC2017', 'ISIC2018', 'ISIC2019', 'MEDNODE', 'KaggleMB']
IMG_SIZE: [150, 150]
CLASSIFIER: EfficientNetB0
SELF_AUG: 1
JOB_INDEX: None
Combining...
Combining 1 db out of 6 dbs
Combining 2 db out of 6 dbs
Combining 3 db out of 6 dbs
Combining 4 db out of 6 dbs
Combining 5 db out of 6 dbs
Combining 6 db out of 6 dbs
Stacking training images
Stacking training labels
Stacking validation images
Stacking validation labels
Model: "sequential"
_________________________________________________________________
Layer (type)                 Output Shape              Param #   
=================================================================
efficientnetb0 (Functional)  (None, 1280)              4049571   
_________________________________________________________________
dense (Dense)                (None, 512)               655872    
_________________________________________________________________
dropout (Dropout)            (None, 512)               0         
_________________________________________________________________
batch_normalization (BatchNo (None, 512)               2048      
_________________________________________________________________
dense_1 (Dense)              (None, 256)               131328    
_________________________________________________________________
dropout_1 (Dropout)          (None, 256)               0         
_________________________________________________________________
batch_normalization_1 (Batch (None, 256)               1024      
_________________________________________________________________
dense_2 (Dense)              (None, 2)                 514       
=================================================================
Total params: 4,840,357
Trainable params: 789,250
Non-trainable params: 4,051,107
_________________________________________________________________
Fitting ISIC2016+ISIC2017+ISIC2018+ISIC2019+MEDNODE+KaggleMB_aug_EfficientNetB0_150h_150w_None model...
model_name: ISIC2016+ISIC2017+ISIC2018+ISIC2019+MEDNODE+KaggleMB_aug_EfficientNetB0_150h_150w_None
Epoch: 1 loss: 0.5715 accuracy: 0.7422 val_loss: 0.3619 val_accuracy: 0.8493
Epoch: 2 loss: 0.4780 accuracy: 0.7788 val_loss: 0.3405 val_accuracy: 0.8570
Epoch: 3 loss: 0.4448 accuracy: 0.7922 val_loss: 0.3312 val_accuracy: 0.8563
Epoch: 4 loss: 0.4244 accuracy: 0.8035 val_loss: 0.3208 val_accuracy: 0.8639
Epoch: 5 loss: 0.4103 accuracy: 0.8091 val_loss: 0.3238 val_accuracy: 0.8665
Epoch: 6 loss: 0.4010 accuracy: 0.8148 val_loss: 0.3098 val_accuracy: 0.8690
Epoch: 7 loss: 0.3897 accuracy: 0.8197 val_loss: 0.3033 val_accuracy: 0.8737
Epoch: 8 loss: 0.3816 accuracy: 0.8251 val_loss: 0.2992 val_accuracy: 0.8730
Epoch: 9 loss: 0.3741 accuracy: 0.8278 val_loss: 0.2982 val_accuracy: 0.8770
Epoch: 10 loss: 0.3647 accuracy: 0.8333 val_loss: 0.2958 val_accuracy: 0.8766
Epoch: 11 loss: 0.3577 accuracy: 0.8355 val_loss: 0.2874 val_accuracy: 0.8802
Epoch: 12 loss: 0.3531 accuracy: 0.8374 val_loss: 0.2832 val_accuracy: 0.8830
Epoch: 13 loss: 0.3466 accuracy: 0.8447 val_loss: 0.2787 val_accuracy: 0.8883
Epoch: 14 loss: 0.3394 accuracy: 0.8457 val_loss: 0.2805 val_accuracy: 0.8849
Epoch: 15 loss: 0.3357 accuracy: 0.8482 val_loss: 0.2837 val_accuracy: 0.8838
Epoch: 16 loss: 0.3308 accuracy: 0.8494 val_loss: 0.2739 val_accuracy: 0.8922
Epoch: 17 loss: 0.3243 accuracy: 0.8516 val_loss: 0.2647 val_accuracy: 0.8992
Epoch: 18 loss: 0.3214 accuracy: 0.8546 val_loss: 0.2644 val_accuracy: 0.8992
Epoch: 19 loss: 0.3143 accuracy: 0.8568 val_loss: 0.2610 val_accuracy: 0.8978
Epoch: 20 loss: 0.3078 accuracy: 0.8607 val_loss: 0.2566 val_accuracy: 0.9010
Job ended!
