Tue 27 Feb 2024 04:37:12 AM EST
Python 3.9.7
nvcc: NVIDIA (R) Cuda compiler driver
Copyright (c) 2005-2019 NVIDIA Corporation
Built on Sun_Jul_28_19:07:16_PDT_2019
Cuda compilation tools, release 10.1, V10.1.243
My SLURM_ARRAY_TASK_ID: 
DB: ['ISIC2016', 'ISIC2017', 'ISIC2018']
IMG_SIZE: [150, 150]
CLASSIFIER: EfficientNetB0
SELF_AUG: 1
JOB_INDEX: None
Combining...
Combining 1 db out of 3 dbs
Combining 2 db out of 3 dbs
Combining 3 db out of 3 dbs
Stacking training images
Stacking training labels
Stacking validation images
Stacking validation labels
Model: "sequential"
_________________________________________________________________
Layer (type)                 Output Shape              Param #   
=================================================================
efficientnetb0 (Functional)  (None, 1280)              4049571   
_________________________________________________________________
dense (Dense)                (None, 512)               655872    
_________________________________________________________________
dropout (Dropout)            (None, 512)               0         
_________________________________________________________________
batch_normalization (BatchNo (None, 512)               2048      
_________________________________________________________________
dense_1 (Dense)              (None, 256)               131328    
_________________________________________________________________
dropout_1 (Dropout)          (None, 256)               0         
_________________________________________________________________
batch_normalization_1 (Batch (None, 256)               1024      
_________________________________________________________________
dense_2 (Dense)              (None, 2)                 514       
=================================================================
Total params: 4,840,357
Trainable params: 789,250
Non-trainable params: 4,051,107
_________________________________________________________________
Fitting ISIC2016+ISIC2017+ISIC2018_aug_EfficientNetB0_150h_150w_None model...
model_name: ISIC2016+ISIC2017+ISIC2018_aug_EfficientNetB0_150h_150w_None
Epoch: 1 loss: 0.6224 accuracy: 0.6825 val_loss: 0.4848 val_accuracy: 0.8337
Epoch: 2 loss: 0.5943 accuracy: 0.7084 val_loss: 0.5027 val_accuracy: 0.8356
Epoch: 3 loss: 0.5891 accuracy: 0.7116 val_loss: 0.4680 val_accuracy: 0.8337
Epoch: 4 loss: 0.5867 accuracy: 0.7150 val_loss: 0.5437 val_accuracy: 0.8260
Epoch: 5 loss: 0.5867 accuracy: 0.7141 val_loss: 0.4570 val_accuracy: 0.8337
Epoch: 6 loss: 0.5835 accuracy: 0.7181 val_loss: 0.4805 val_accuracy: 0.8394
Epoch: 7 loss: 0.5840 accuracy: 0.7169 val_loss: 0.4594 val_accuracy: 0.8394
Epoch: 8 loss: 0.5826 accuracy: 0.7183 val_loss: 0.4607 val_accuracy: 0.8356
Epoch: 9 loss: 0.5813 accuracy: 0.7157 val_loss: 0.4568 val_accuracy: 0.8375
Epoch: 10 loss: 0.5807 accuracy: 0.7178 val_loss: 0.4797 val_accuracy: 0.8375
Epoch: 11 loss: 0.5799 accuracy: 0.7178 val_loss: 0.4902 val_accuracy: 0.8241
Epoch: 12 loss: 0.5785 accuracy: 0.7179 val_loss: 0.4401 val_accuracy: 0.8337
Epoch: 13 loss: 0.5798 accuracy: 0.7175 val_loss: 0.4771 val_accuracy: 0.8375
Epoch: 14 loss: 0.5777 accuracy: 0.7160 val_loss: 0.4877 val_accuracy: 0.8222
Epoch: 15 loss: 0.5770 accuracy: 0.7194 val_loss: 0.4992 val_accuracy: 0.8164
Epoch: 16 loss: 0.5780 accuracy: 0.7199 val_loss: 0.4544 val_accuracy: 0.8356
Epoch: 17 loss: 0.5758 accuracy: 0.7193 val_loss: 0.4669 val_accuracy: 0.8356
Epoch: 18 loss: 0.5790 accuracy: 0.7186 val_loss: 0.4840 val_accuracy: 0.8356
Epoch: 19 loss: 0.5761 accuracy: 0.7192 val_loss: 0.4681 val_accuracy: 0.8375
Epoch: 20 loss: 0.5771 accuracy: 0.7172 val_loss: 0.4442 val_accuracy: 0.8356
Job ended!
