Thu 02 May 2024 03:29:10 PM EDT
Python 3.9.7
nvcc: NVIDIA (R) Cuda compiler driver
Copyright (c) 2005-2019 NVIDIA Corporation
Built on Sun_Jul_28_19:07:16_PDT_2019
Cuda compilation tools, release 10.1, V10.1.243
My SLURM_ARRAY_TASK_ID: 
DB: ['ISIC2016', 'ISIC2017', 'ISIC2018', 'ISIC2019', 'ISIC2020', '_7_point_criteria', 'PAD_UFES_20']
IMG_SIZE: [384, 384]
CLASSIFIER: EfficientNetB0
JOB_INDEX: None
Start training augmented images
Combining...
Combining 1th db out of 7 dbs
Combining 2th db out of 7 dbs
Combining 3th db out of 7 dbs
Combining 4th db out of 7 dbs
Combining 5th db out of 7 dbs
Combining 6th db out of 7 dbs
Combining 7th db out of 7 dbs
Stacking data
Combining complete
Model: "sequential"
_________________________________________________________________
Layer (type)                 Output Shape              Param #   
=================================================================
efficientnetb0 (Functional)  (None, 1280)              4049571   
_________________________________________________________________
dense (Dense)                (None, 512)               655872    
_________________________________________________________________
dropout (Dropout)            (None, 512)               0         
_________________________________________________________________
batch_normalization (BatchNo (None, 512)               2048      
_________________________________________________________________
dense_1 (Dense)              (None, 256)               131328    
_________________________________________________________________
batch_normalization_1 (Batch (None, 256)               1024      
_________________________________________________________________
dense_2 (Dense)              (None, 2)                 514       
=================================================================
Total params: 4,840,357
Trainable params: 789,250
Non-trainable params: 4,051,107
_________________________________________________________________
Fitting ISIC2016+ISIC2017+ISIC2018+ISIC2019+ISIC2020+_7_point_criteria+PAD_UFES_20_aug_EfficientNetB0_384h_384w_None model...
model_name: ISIC2016+ISIC2017+ISIC2018+ISIC2019+ISIC2020+_7_point_criteria+PAD_UFES_20_aug_EfficientNetB0_384h_384w_None
Epoch: 1 loss: 1.0100 accuracy: 0.6514 val_loss: 0.5904 val_accuracy: 0.9082
Epoch: 2 loss: 0.8437 accuracy: 0.7110 val_loss: 0.5486 val_accuracy: 0.9082
Epoch: 3 loss: 0.7605 accuracy: 0.7224 val_loss: 0.7536 val_accuracy: 0.9082
Epoch: 4 loss: 0.6977 accuracy: 0.7259 val_loss: 0.5286 val_accuracy: 0.9082
Epoch: 5 loss: 0.6535 accuracy: 0.7257 val_loss: 0.5795 val_accuracy: 0.9082
Epoch: 6 loss: 0.6298 accuracy: 0.7253 val_loss: 0.4444 val_accuracy: 0.9082
Epoch: 7 loss: 0.6151 accuracy: 0.7264 val_loss: 0.5068 val_accuracy: 0.9082
Epoch: 8 loss: 0.6059 accuracy: 0.7280 val_loss: 0.4233 val_accuracy: 0.9082
Epoch: 9 loss: 0.6043 accuracy: 0.7241 val_loss: 0.4155 val_accuracy: 0.9082
Epoch: 10 loss: 0.5992 accuracy: 0.7266 val_loss: 0.3921 val_accuracy: 0.9082
Epoch: 11 loss: 0.5945 accuracy: 0.7290 val_loss: 0.3550 val_accuracy: 0.9082
Epoch: 12 loss: 0.5950 accuracy: 0.7272 val_loss: 0.5533 val_accuracy: 0.9082
Epoch: 13 loss: 0.5953 accuracy: 0.7249 val_loss: 0.4017 val_accuracy: 0.9082
Epoch: 14 loss: 0.5930 accuracy: 0.7262 val_loss: 0.4026 val_accuracy: 0.9082
Epoch: 15 loss: 0.5919 accuracy: 0.7264 val_loss: 0.3352 val_accuracy: 0.9082
Epoch: 16 loss: 0.5911 accuracy: 0.7272 val_loss: 0.4556 val_accuracy: 0.9082
Epoch: 17 loss: 0.5912 accuracy: 0.7259 val_loss: 0.3809 val_accuracy: 0.9082
Epoch: 18 loss: 0.5894 accuracy: 0.7273 val_loss: 0.4124 val_accuracy: 0.9082
Epoch: 19 loss: 0.5897 accuracy: 0.7264 val_loss: 0.3343 val_accuracy: 0.9082
Epoch: 20 loss: 0.5893 accuracy: 0.7265 val_loss: 0.3445 val_accuracy: 0.9082
Epoch: 21 loss: 0.5874 accuracy: 0.7283 val_loss: 0.5199 val_accuracy: 0.9082
Epoch: 22 loss: 0.5882 accuracy: 0.7270 val_loss: 0.3648 val_accuracy: 0.9082
Epoch: 23 loss: 0.5930 accuracy: 0.7219 val_loss: 0.3344 val_accuracy: 0.9082
Epoch: 24 loss: 0.5909 accuracy: 0.7237 val_loss: 0.3915 val_accuracy: 0.9082

Epoch 00024: ReduceLROnPlateau reducing learning rate to 7.999999797903001e-05.
Epoch: 25 loss: 0.5889 accuracy: 0.7253 val_loss: 0.3737 val_accuracy: 0.9082
Epoch: 26 loss: 0.5882 accuracy: 0.7259 val_loss: 0.3860 val_accuracy: 0.9082
Epoch: 27 loss: 0.5876 accuracy: 0.7263 val_loss: 0.4183 val_accuracy: 0.9082
Epoch: 28 loss: 0.5903 accuracy: 0.7235 val_loss: 0.4237 val_accuracy: 0.9082
Epoch: 29 loss: 0.5858 accuracy: 0.7279 val_loss: 0.4162 val_accuracy: 0.9082

Epoch 00029: ReduceLROnPlateau reducing learning rate to 6.399999838322402e-05.
End of augmented training
Finish
Job ended!
