Thu 02 May 2024 07:00:43 PM EDT
Python 3.9.7
nvcc: NVIDIA (R) Cuda compiler driver
Copyright (c) 2005-2019 NVIDIA Corporation
Built on Sun_Jul_28_19:07:16_PDT_2019
Cuda compilation tools, release 10.1, V10.1.243
My SLURM_ARRAY_TASK_ID: 
DB: ['ISIC2016', 'ISIC2017', 'ISIC2018', 'ISIC2019', 'PH2', '_7_point_criteria']
IMG_SIZE: [384, 384]
CLASSIFIER: EfficientNetB0
JOB_INDEX: None
Start training augmented images
Combining...
Combining 1th db out of 6 dbs
Combining 2th db out of 6 dbs
Combining 3th db out of 6 dbs
Combining 4th db out of 6 dbs
Combining 5th db out of 6 dbs
Combining 6th db out of 6 dbs
Stacking data
Combining complete
Model: "sequential"
_________________________________________________________________
Layer (type)                 Output Shape              Param #   
=================================================================
efficientnetb0 (Functional)  (None, 1280)              4049571   
_________________________________________________________________
dense (Dense)                (None, 512)               655872    
_________________________________________________________________
dropout (Dropout)            (None, 512)               0         
_________________________________________________________________
batch_normalization (BatchNo (None, 512)               2048      
_________________________________________________________________
dense_1 (Dense)              (None, 256)               131328    
_________________________________________________________________
batch_normalization_1 (Batch (None, 256)               1024      
_________________________________________________________________
dense_2 (Dense)              (None, 2)                 514       
=================================================================
Total params: 4,840,357
Trainable params: 789,250
Non-trainable params: 4,051,107
_________________________________________________________________
Fitting ISIC2016+ISIC2017+ISIC2018+ISIC2019+PH2+_7_point_criteria_aug_EfficientNetB0_384h_384w_None model...
model_name: ISIC2016+ISIC2017+ISIC2018+ISIC2019+PH2+_7_point_criteria_aug_EfficientNetB0_384h_384w_None
Epoch: 1 loss: 1.1330 accuracy: 0.5721 val_loss: 0.7858 val_accuracy: 0.8187
Epoch: 2 loss: 0.9823 accuracy: 0.6111 val_loss: 0.8726 val_accuracy: 0.8187
Epoch: 3 loss: 0.9184 accuracy: 0.6273 val_loss: 0.7572 val_accuracy: 0.8187
Epoch: 4 loss: 0.8660 accuracy: 0.6407 val_loss: 0.7775 val_accuracy: 0.8187
Epoch: 5 loss: 0.8223 accuracy: 0.6505 val_loss: 0.7391 val_accuracy: 0.8187
Epoch: 6 loss: 0.7859 accuracy: 0.6501 val_loss: 0.7305 val_accuracy: 0.8187
Epoch: 7 loss: 0.7531 accuracy: 0.6516 val_loss: 0.6385 val_accuracy: 0.8187
Epoch: 8 loss: 0.7255 accuracy: 0.6542 val_loss: 0.6087 val_accuracy: 0.8187
Epoch: 9 loss: 0.7043 accuracy: 0.6543 val_loss: 0.6050 val_accuracy: 0.8187
Epoch: 10 loss: 0.6877 accuracy: 0.6573 val_loss: 0.5940 val_accuracy: 0.8187
Epoch: 11 loss: 0.6779 accuracy: 0.6563 val_loss: 0.5264 val_accuracy: 0.8187
Epoch: 12 loss: 0.6718 accuracy: 0.6543 val_loss: 0.7259 val_accuracy: 0.1813
Epoch: 13 loss: 0.6660 accuracy: 0.6561 val_loss: 0.5693 val_accuracy: 0.8187
Epoch: 14 loss: 0.6602 accuracy: 0.6573 val_loss: 0.4983 val_accuracy: 0.8187
Epoch: 15 loss: 0.6602 accuracy: 0.6548 val_loss: 0.5049 val_accuracy: 0.8187
Epoch: 16 loss: 0.6570 accuracy: 0.6554 val_loss: 0.5742 val_accuracy: 0.8187
Epoch: 17 loss: 0.6529 accuracy: 0.6597 val_loss: 0.5132 val_accuracy: 0.8187
Epoch: 18 loss: 0.6518 accuracy: 0.6586 val_loss: 0.5734 val_accuracy: 0.8187
Epoch: 19 loss: 0.6526 accuracy: 0.6576 val_loss: 0.5317 val_accuracy: 0.8187

Epoch 00019: ReduceLROnPlateau reducing learning rate to 7.999999797903001e-05.
Epoch: 20 loss: 0.6507 accuracy: 0.6576 val_loss: 0.5834 val_accuracy: 0.8187
Epoch: 21 loss: 0.6516 accuracy: 0.6555 val_loss: 0.5717 val_accuracy: 0.8187
Epoch: 22 loss: 0.6500 accuracy: 0.6576 val_loss: 0.5193 val_accuracy: 0.8187
Epoch: 23 loss: 0.6487 accuracy: 0.6586 val_loss: 0.5632 val_accuracy: 0.8187
Epoch: 24 loss: 0.6483 accuracy: 0.6585 val_loss: 0.5087 val_accuracy: 0.8187

Epoch 00024: ReduceLROnPlateau reducing learning rate to 6.399999838322402e-05.
End of augmented training
Finish
Job ended!
