Fri 01 Mar 2024 01:38:32 AM EST
Python 3.9.7
nvcc: NVIDIA (R) Cuda compiler driver
Copyright (c) 2005-2019 NVIDIA Corporation
Built on Sun_Jul_28_19:07:16_PDT_2019
Cuda compilation tools, release 10.1, V10.1.243
My SLURM_ARRAY_TASK_ID: 
DB: ['ISIC2016', 'ISIC2017', 'ISIC2018', 'ISIC2019', 'ISIC2020', 'PH2', '_7_point_criteria', 'PAD_UFES_20']
IMG_SIZE: [150, 150]
CLASSIFIER: EfficientNetB0
SELF_AUG: 1
JOB_INDEX: None
Combining...
Combining 1 db out of 8 dbs
Combining 2 db out of 8 dbs
Combining 3 db out of 8 dbs
Combining 4 db out of 8 dbs
Combining 5 db out of 8 dbs
Combining 6 db out of 8 dbs
Combining 7 db out of 8 dbs
Combining 8 db out of 8 dbs
Stacking training images
Stacking training labels
Stacking validation images
Stacking validation labels
Model: "sequential"
_________________________________________________________________
Layer (type)                 Output Shape              Param #   
=================================================================
efficientnetb0 (Functional)  (None, 1280)              4049571   
_________________________________________________________________
dense (Dense)                (None, 512)               655872    
_________________________________________________________________
dropout (Dropout)            (None, 512)               0         
_________________________________________________________________
batch_normalization (BatchNo (None, 512)               2048      
_________________________________________________________________
dense_1 (Dense)              (None, 256)               131328    
_________________________________________________________________
dropout_1 (Dropout)          (None, 256)               0         
_________________________________________________________________
batch_normalization_1 (Batch (None, 256)               1024      
_________________________________________________________________
dense_2 (Dense)              (None, 2)                 514       
=================================================================
Total params: 4,840,357
Trainable params: 789,250
Non-trainable params: 4,051,107
_________________________________________________________________
Fitting ISIC2016+ISIC2017+ISIC2018+ISIC2019+ISIC2020+PH2+_7_point_criteria+PAD_UFES_20_aug_EfficientNetB0_150h_150w_None model...
model_name: ISIC2016+ISIC2017+ISIC2018+ISIC2019+ISIC2020+PH2+_7_point_criteria+PAD_UFES_20_aug_EfficientNetB0_150h_150w_None
Epoch: 1 loss: 0.4713 accuracy: 0.7844 val_loss: 0.2088 val_accuracy: 0.9231
Epoch: 2 loss: 0.3861 accuracy: 0.8183 val_loss: 0.1990 val_accuracy: 0.9279
Epoch: 3 loss: 0.3651 accuracy: 0.8297 val_loss: 0.1934 val_accuracy: 0.9293
Epoch: 4 loss: 0.3529 accuracy: 0.8363 val_loss: 0.1876 val_accuracy: 0.9315
Epoch: 5 loss: 0.3420 accuracy: 0.8413 val_loss: 0.1841 val_accuracy: 0.9340
Epoch: 6 loss: 0.3378 accuracy: 0.8456 val_loss: 0.1861 val_accuracy: 0.9328
Epoch: 7 loss: 0.3317 accuracy: 0.8470 val_loss: 0.1841 val_accuracy: 0.9328
Epoch: 8 loss: 0.3259 accuracy: 0.8508 val_loss: 0.1834 val_accuracy: 0.9338
Epoch: 9 loss: 0.3198 accuracy: 0.8536 val_loss: 0.1804 val_accuracy: 0.9325
Epoch: 10 loss: 0.3163 accuracy: 0.8553 val_loss: 0.1805 val_accuracy: 0.9321
Epoch: 11 loss: 0.3124 accuracy: 0.8567 val_loss: 0.1786 val_accuracy: 0.9366
Epoch: 12 loss: 0.3082 accuracy: 0.8589 val_loss: 0.1749 val_accuracy: 0.9352
Epoch: 13 loss: 0.3045 accuracy: 0.8610 val_loss: 0.1805 val_accuracy: 0.9335
Epoch: 14 loss: 0.3011 accuracy: 0.8614 val_loss: 0.1797 val_accuracy: 0.9345
Epoch: 15 loss: 0.2975 accuracy: 0.8631 val_loss: 0.1769 val_accuracy: 0.9375
Epoch: 16 loss: 0.2954 accuracy: 0.8649 val_loss: 0.1772 val_accuracy: 0.9374
Epoch: 17 loss: 0.2929 accuracy: 0.8655 val_loss: 0.1739 val_accuracy: 0.9373
Epoch: 18 loss: 0.2881 accuracy: 0.8686 val_loss: 0.1762 val_accuracy: 0.9375
Epoch: 19 loss: 0.2872 accuracy: 0.8684 val_loss: 0.1755 val_accuracy: 0.9387
Epoch: 20 loss: 0.2833 accuracy: 0.8696 val_loss: 0.1734 val_accuracy: 0.9404
Job ended!
