Fri 01 Mar 2024 02:23:43 AM EST
Python 3.9.7
nvcc: NVIDIA (R) Cuda compiler driver
Copyright (c) 2005-2019 NVIDIA Corporation
Built on Sun_Jul_28_19:07:16_PDT_2019
Cuda compilation tools, release 10.1, V10.1.243
My SLURM_ARRAY_TASK_ID: 
DB: ['ISIC2020']
IMG_SIZE: [150, 150]
CLASSIFIER: EfficientNetB0
SELF_AUG: 1
JOB_INDEX: None
Combining...
Combining 1 db out of 1 dbs
Stacking training images
Stacking training labels
Stacking validation images
Stacking validation labels
Model: "sequential"
_________________________________________________________________
Layer (type)                 Output Shape              Param #   
=================================================================
efficientnetb0 (Functional)  (None, 1280)              4049571   
_________________________________________________________________
dense (Dense)                (None, 512)               655872    
_________________________________________________________________
dropout (Dropout)            (None, 512)               0         
_________________________________________________________________
batch_normalization (BatchNo (None, 512)               2048      
_________________________________________________________________
dense_1 (Dense)              (None, 256)               131328    
_________________________________________________________________
dropout_1 (Dropout)          (None, 256)               0         
_________________________________________________________________
batch_normalization_1 (Batch (None, 256)               1024      
_________________________________________________________________
dense_2 (Dense)              (None, 2)                 514       
=================================================================
Total params: 4,840,357
Trainable params: 789,250
Non-trainable params: 4,051,107
_________________________________________________________________
Fitting ISIC2020_aug_EfficientNetB0_150h_150w_None model...
model_name: ISIC2020_aug_EfficientNetB0_150h_150w_None
Epoch: 1 loss: 0.4558 accuracy: 0.8021 val_loss: 0.0897 val_accuracy: 0.9829
Epoch: 2 loss: 0.3019 accuracy: 0.8634 val_loss: 0.0724 val_accuracy: 0.9837
Epoch: 3 loss: 0.2742 accuracy: 0.8705 val_loss: 0.0689 val_accuracy: 0.9843
Epoch: 4 loss: 0.2611 accuracy: 0.8780 val_loss: 0.0701 val_accuracy: 0.9839
Epoch: 5 loss: 0.2512 accuracy: 0.8834 val_loss: 0.0676 val_accuracy: 0.9837
Epoch: 6 loss: 0.2452 accuracy: 0.8854 val_loss: 0.0692 val_accuracy: 0.9831
Epoch: 7 loss: 0.2420 accuracy: 0.8885 val_loss: 0.0702 val_accuracy: 0.9831
Epoch: 8 loss: 0.2390 accuracy: 0.8885 val_loss: 0.0677 val_accuracy: 0.9832
Epoch: 9 loss: 0.2349 accuracy: 0.8913 val_loss: 0.0687 val_accuracy: 0.9832
Epoch: 10 loss: 0.2295 accuracy: 0.8951 val_loss: 0.0668 val_accuracy: 0.9834
Epoch: 11 loss: 0.2266 accuracy: 0.8952 val_loss: 0.0697 val_accuracy: 0.9829
Epoch: 12 loss: 0.2252 accuracy: 0.8961 val_loss: 0.0717 val_accuracy: 0.9817
Epoch: 13 loss: 0.2205 accuracy: 0.8990 val_loss: 0.0709 val_accuracy: 0.9829
Epoch: 14 loss: 0.2163 accuracy: 0.9011 val_loss: 0.0728 val_accuracy: 0.9825
Epoch: 15 loss: 0.2147 accuracy: 0.9008 val_loss: 0.0708 val_accuracy: 0.9825
Epoch: 16 loss: 0.2105 accuracy: 0.9042 val_loss: 0.0712 val_accuracy: 0.9825
Epoch: 17 loss: 0.2118 accuracy: 0.9042 val_loss: 0.0720 val_accuracy: 0.9825
Epoch: 18 loss: 0.2084 accuracy: 0.9053 val_loss: 0.0724 val_accuracy: 0.9831
Epoch: 19 loss: 0.2072 accuracy: 0.9036 val_loss: 0.0767 val_accuracy: 0.9825
Epoch: 20 loss: 0.2052 accuracy: 0.9057 val_loss: 0.0774 val_accuracy: 0.9826
Job ended!
