Fri 01 Mar 2024 01:26:27 AM EST
Python 3.9.7
nvcc: NVIDIA (R) Cuda compiler driver
Copyright (c) 2005-2019 NVIDIA Corporation
Built on Sun_Jul_28_19:07:16_PDT_2019
Cuda compilation tools, release 10.1, V10.1.243
My SLURM_ARRAY_TASK_ID: 
DB: ['ISIC2016', 'ISIC2017', 'ISIC2018', 'ISIC2019', '_7_point_criteria', 'PAD_UFES_20']
IMG_SIZE: [150, 150]
CLASSIFIER: EfficientNetB0
SELF_AUG: 1
JOB_INDEX: None
Combining...
Combining 1 db out of 6 dbs
Combining 2 db out of 6 dbs
Combining 3 db out of 6 dbs
Combining 4 db out of 6 dbs
Combining 5 db out of 6 dbs
Combining 6 db out of 6 dbs
Stacking training images
Stacking training labels
Stacking validation images
Stacking validation labels
Model: "sequential"
_________________________________________________________________
Layer (type)                 Output Shape              Param #   
=================================================================
efficientnetb0 (Functional)  (None, 1280)              4049571   
_________________________________________________________________
dense (Dense)                (None, 512)               655872    
_________________________________________________________________
dropout (Dropout)            (None, 512)               0         
_________________________________________________________________
batch_normalization (BatchNo (None, 512)               2048      
_________________________________________________________________
dense_1 (Dense)              (None, 256)               131328    
_________________________________________________________________
dropout_1 (Dropout)          (None, 256)               0         
_________________________________________________________________
batch_normalization_1 (Batch (None, 256)               1024      
_________________________________________________________________
dense_2 (Dense)              (None, 2)                 514       
=================================================================
Total params: 4,840,357
Trainable params: 789,250
Non-trainable params: 4,051,107
_________________________________________________________________
Fitting ISIC2016+ISIC2017+ISIC2018+ISIC2019+_7_point_criteria+PAD_UFES_20_aug_EfficientNetB0_150h_150w_None model...
model_name: ISIC2016+ISIC2017+ISIC2018+ISIC2019+_7_point_criteria+PAD_UFES_20_aug_EfficientNetB0_150h_150w_None
Epoch: 1 loss: 0.5576 accuracy: 0.7486 val_loss: 0.3486 val_accuracy: 0.8577
Epoch: 2 loss: 0.4602 accuracy: 0.7883 val_loss: 0.3190 val_accuracy: 0.8661
Epoch: 3 loss: 0.4304 accuracy: 0.8004 val_loss: 0.3133 val_accuracy: 0.8716
Epoch: 4 loss: 0.4119 accuracy: 0.8093 val_loss: 0.3096 val_accuracy: 0.8767
Epoch: 5 loss: 0.4020 accuracy: 0.8137 val_loss: 0.2973 val_accuracy: 0.8770
Epoch: 6 loss: 0.3900 accuracy: 0.8208 val_loss: 0.3000 val_accuracy: 0.8805
Epoch: 7 loss: 0.3832 accuracy: 0.8243 val_loss: 0.2901 val_accuracy: 0.8833
Epoch: 8 loss: 0.3740 accuracy: 0.8280 val_loss: 0.2894 val_accuracy: 0.8861
Epoch: 9 loss: 0.3664 accuracy: 0.8318 val_loss: 0.2894 val_accuracy: 0.8829
Epoch: 10 loss: 0.3613 accuracy: 0.8360 val_loss: 0.2881 val_accuracy: 0.8853
Epoch: 11 loss: 0.3506 accuracy: 0.8398 val_loss: 0.2830 val_accuracy: 0.8885
Epoch: 12 loss: 0.3477 accuracy: 0.8419 val_loss: 0.2803 val_accuracy: 0.8868
Epoch: 13 loss: 0.3415 accuracy: 0.8434 val_loss: 0.2816 val_accuracy: 0.8858
Epoch: 14 loss: 0.3352 accuracy: 0.8456 val_loss: 0.2745 val_accuracy: 0.8908
Epoch: 15 loss: 0.3296 accuracy: 0.8505 val_loss: 0.2794 val_accuracy: 0.8922
Epoch: 16 loss: 0.3260 accuracy: 0.8517 val_loss: 0.2749 val_accuracy: 0.8905
Epoch: 17 loss: 0.3199 accuracy: 0.8557 val_loss: 0.2704 val_accuracy: 0.8946
Epoch: 18 loss: 0.3150 accuracy: 0.8583 val_loss: 0.2592 val_accuracy: 0.9007
Epoch: 19 loss: 0.3130 accuracy: 0.8572 val_loss: 0.2676 val_accuracy: 0.8984
Epoch: 20 loss: 0.3091 accuracy: 0.8599 val_loss: 0.2664 val_accuracy: 0.8994
Job ended!
