Thu 02 May 2024 09:50:12 PM EDT
Python 3.9.7
nvcc: NVIDIA (R) Cuda compiler driver
Copyright (c) 2005-2019 NVIDIA Corporation
Built on Sun_Jul_28_19:07:16_PDT_2019
Cuda compilation tools, release 10.1, V10.1.243
My SLURM_ARRAY_TASK_ID: 
DB: ['ISIC2016', 'PAD_UFES_20', 'MEDNODE']
IMG_SIZE: [384, 384]
CLASSIFIER: EfficientNetB0
JOB_INDEX: None
Start training augmented images
Combining...
Combining 1th db out of 3 dbs
Combining 2th db out of 3 dbs
Combining 3th db out of 3 dbs
Stacking data
Combining complete
Model: "sequential"
_________________________________________________________________
Layer (type)                 Output Shape              Param #   
=================================================================
efficientnetb0 (Functional)  (None, 1280)              4049571   
_________________________________________________________________
dense (Dense)                (None, 512)               655872    
_________________________________________________________________
dropout (Dropout)            (None, 512)               0         
_________________________________________________________________
batch_normalization (BatchNo (None, 512)               2048      
_________________________________________________________________
dense_1 (Dense)              (None, 256)               131328    
_________________________________________________________________
batch_normalization_1 (Batch (None, 256)               1024      
_________________________________________________________________
dense_2 (Dense)              (None, 2)                 514       
=================================================================
Total params: 4,840,357
Trainable params: 789,250
Non-trainable params: 4,051,107
_________________________________________________________________
Fitting ISIC2016+PAD_UFES_20+MEDNODE_aug_EfficientNetB0_384h_384w_None model...
model_name: ISIC2016+PAD_UFES_20+MEDNODE_aug_EfficientNetB0_384h_384w_None
Epoch: 1 loss: 1.4427 accuracy: 0.5222 val_loss: 1.0485 val_accuracy: 0.9095
Epoch: 2 loss: 1.2917 accuracy: 0.5368 val_loss: 0.9031 val_accuracy: 0.9095
Epoch: 3 loss: 1.1890 accuracy: 0.5663 val_loss: 0.8472 val_accuracy: 0.9095
Epoch: 4 loss: 1.1229 accuracy: 0.5948 val_loss: 0.7874 val_accuracy: 0.9095
Epoch: 5 loss: 1.0965 accuracy: 0.6076 val_loss: 0.7388 val_accuracy: 0.9095
Epoch: 6 loss: 1.0409 accuracy: 0.6419 val_loss: 0.7473 val_accuracy: 0.9095
Epoch: 7 loss: 1.0418 accuracy: 0.6338 val_loss: 0.7226 val_accuracy: 0.9095
Epoch: 8 loss: 1.0007 accuracy: 0.6651 val_loss: 0.6870 val_accuracy: 0.9095
Epoch: 9 loss: 0.9694 accuracy: 0.6918 val_loss: 0.6933 val_accuracy: 0.9095
Epoch: 10 loss: 0.9912 accuracy: 0.6696 val_loss: 0.6484 val_accuracy: 0.9095
Epoch: 11 loss: 0.9796 accuracy: 0.6815 val_loss: 0.6798 val_accuracy: 0.9095
Epoch: 12 loss: 0.9494 accuracy: 0.6961 val_loss: 0.6350 val_accuracy: 0.9095
Epoch: 13 loss: 0.9430 accuracy: 0.7092 val_loss: 0.6777 val_accuracy: 0.9095
Epoch: 14 loss: 0.9344 accuracy: 0.7127 val_loss: 0.6387 val_accuracy: 0.9095
Epoch: 15 loss: 0.9461 accuracy: 0.7036 val_loss: 0.6377 val_accuracy: 0.9095
Epoch: 16 loss: 0.9438 accuracy: 0.6986 val_loss: 0.6381 val_accuracy: 0.9095
Epoch: 17 loss: 0.9339 accuracy: 0.7014 val_loss: 0.6401 val_accuracy: 0.9095

Epoch 00017: ReduceLROnPlateau reducing learning rate to 7.999999797903001e-05.
Epoch: 18 loss: 0.9247 accuracy: 0.7084 val_loss: 0.6265 val_accuracy: 0.9095
Epoch: 19 loss: 0.9075 accuracy: 0.7223 val_loss: 0.6068 val_accuracy: 0.9095
Epoch: 20 loss: 0.8889 accuracy: 0.7293 val_loss: 0.6269 val_accuracy: 0.9095
Epoch: 21 loss: 0.9151 accuracy: 0.7124 val_loss: 0.6281 val_accuracy: 0.9095
Epoch: 22 loss: 0.9089 accuracy: 0.7079 val_loss: 0.6032 val_accuracy: 0.9095
Epoch: 23 loss: 0.9058 accuracy: 0.7175 val_loss: 0.6304 val_accuracy: 0.9095
Epoch: 24 loss: 0.9007 accuracy: 0.7200 val_loss: 0.5986 val_accuracy: 0.9095
Epoch: 25 loss: 0.8928 accuracy: 0.7185 val_loss: 0.6514 val_accuracy: 0.9095
Epoch: 26 loss: 0.9101 accuracy: 0.7175 val_loss: 0.6437 val_accuracy: 0.9095
Epoch: 27 loss: 0.8769 accuracy: 0.7268 val_loss: 0.6418 val_accuracy: 0.9095
Epoch: 28 loss: 0.8822 accuracy: 0.7182 val_loss: 0.6334 val_accuracy: 0.9095
Epoch: 29 loss: 0.8844 accuracy: 0.7145 val_loss: 0.6251 val_accuracy: 0.9095

Epoch 00029: ReduceLROnPlateau reducing learning rate to 6.399999838322402e-05.
Epoch: 30 loss: 0.8575 accuracy: 0.7351 val_loss: 0.5930 val_accuracy: 0.9095
Epoch: 31 loss: 0.8472 accuracy: 0.7366 val_loss: 0.5649 val_accuracy: 0.9095
Epoch: 32 loss: 0.8655 accuracy: 0.7276 val_loss: 0.5726 val_accuracy: 0.9095
Epoch: 33 loss: 0.8630 accuracy: 0.7251 val_loss: 0.6445 val_accuracy: 0.9095
Epoch: 34 loss: 0.8549 accuracy: 0.7303 val_loss: 0.6209 val_accuracy: 0.9095
Epoch: 35 loss: 0.8576 accuracy: 0.7273 val_loss: 0.5803 val_accuracy: 0.9095
Epoch: 36 loss: 0.8385 accuracy: 0.7374 val_loss: 0.6373 val_accuracy: 0.9095

Epoch 00036: ReduceLROnPlateau reducing learning rate to 5.119999987073243e-05.
Epoch: 37 loss: 0.8395 accuracy: 0.7397 val_loss: 0.5938 val_accuracy: 0.9095
Epoch: 38 loss: 0.8399 accuracy: 0.7349 val_loss: 0.6746 val_accuracy: 0.9095
Epoch: 39 loss: 0.8631 accuracy: 0.7147 val_loss: 0.6278 val_accuracy: 0.9095
Epoch: 40 loss: 0.8434 accuracy: 0.7301 val_loss: 0.6319 val_accuracy: 0.9095
Epoch: 41 loss: 0.8326 accuracy: 0.7344 val_loss: 0.5662 val_accuracy: 0.9095

Epoch 00041: ReduceLROnPlateau reducing learning rate to 4.0960000478662555e-05.
End of augmented training
Finish
Job ended!
