Tue 27 Feb 2024 05:34:12 AM EST
Python 3.9.7
nvcc: NVIDIA (R) Cuda compiler driver
Copyright (c) 2005-2019 NVIDIA Corporation
Built on Sun_Jul_28_19:07:16_PDT_2019
Cuda compilation tools, release 10.1, V10.1.243
My SLURM_ARRAY_TASK_ID: 
DB: ['ISIC2016', 'MEDNODE']
IMG_SIZE: [150, 150]
CLASSIFIER: EfficientNetB0
SELF_AUG: 1
JOB_INDEX: None
Combining...
Combining 1 db out of 2 dbs
Combining 2 db out of 2 dbs
Stacking training images
Stacking training labels
Stacking validation images
Stacking validation labels
Model: "sequential"
_________________________________________________________________
Layer (type)                 Output Shape              Param #   
=================================================================
efficientnetb0 (Functional)  (None, 1280)              4049571   
_________________________________________________________________
dense (Dense)                (None, 512)               655872    
_________________________________________________________________
dropout (Dropout)            (None, 512)               0         
_________________________________________________________________
batch_normalization (BatchNo (None, 512)               2048      
_________________________________________________________________
dense_1 (Dense)              (None, 256)               131328    
_________________________________________________________________
dropout_1 (Dropout)          (None, 256)               0         
_________________________________________________________________
batch_normalization_1 (Batch (None, 256)               1024      
_________________________________________________________________
dense_2 (Dense)              (None, 2)                 514       
=================================================================
Total params: 4,840,357
Trainable params: 789,250
Non-trainable params: 4,051,107
_________________________________________________________________
Fitting ISIC2016+MEDNODE_aug_EfficientNetB0_150h_150w_None model...
model_name: ISIC2016+MEDNODE_aug_EfficientNetB0_150h_150w_None
Epoch: 1 loss: 0.6970 accuracy: 0.5062 val_loss: 0.6746 val_accuracy: 0.7664
Epoch: 2 loss: 0.6887 accuracy: 0.5345 val_loss: 0.6598 val_accuracy: 0.7664
Epoch: 3 loss: 0.6873 accuracy: 0.5454 val_loss: 0.6547 val_accuracy: 0.7664
Epoch: 4 loss: 0.6831 accuracy: 0.5599 val_loss: 0.6452 val_accuracy: 0.7664
Epoch: 5 loss: 0.6796 accuracy: 0.5773 val_loss: 0.6374 val_accuracy: 0.7664
Epoch: 6 loss: 0.6824 accuracy: 0.5744 val_loss: 0.6289 val_accuracy: 0.7664
Epoch: 7 loss: 0.6794 accuracy: 0.5933 val_loss: 0.6253 val_accuracy: 0.7664
Epoch: 8 loss: 0.6771 accuracy: 0.5773 val_loss: 0.6301 val_accuracy: 0.7664
Epoch: 9 loss: 0.6799 accuracy: 0.5744 val_loss: 0.6242 val_accuracy: 0.7664
Epoch: 10 loss: 0.6778 accuracy: 0.5832 val_loss: 0.6171 val_accuracy: 0.7664
Epoch: 11 loss: 0.6813 accuracy: 0.5832 val_loss: 0.6230 val_accuracy: 0.7664
Epoch: 12 loss: 0.6779 accuracy: 0.5861 val_loss: 0.6149 val_accuracy: 0.7664
Epoch: 13 loss: 0.6760 accuracy: 0.5846 val_loss: 0.6261 val_accuracy: 0.7664
Epoch: 14 loss: 0.6771 accuracy: 0.5911 val_loss: 0.6289 val_accuracy: 0.7664
Epoch: 15 loss: 0.6741 accuracy: 0.5882 val_loss: 0.6050 val_accuracy: 0.7664
Epoch: 16 loss: 0.6812 accuracy: 0.5810 val_loss: 0.5923 val_accuracy: 0.7664
Epoch: 17 loss: 0.6748 accuracy: 0.5795 val_loss: 0.6089 val_accuracy: 0.7664
Epoch: 18 loss: 0.6792 accuracy: 0.5832 val_loss: 0.6135 val_accuracy: 0.7664
Epoch: 19 loss: 0.6717 accuracy: 0.5890 val_loss: 0.6144 val_accuracy: 0.7664
Epoch: 20 loss: 0.6719 accuracy: 0.5911 val_loss: 0.6052 val_accuracy: 0.7664
Job ended!
