Tue 27 Feb 2024 04:34:21 AM EST
Python 3.9.7
nvcc: NVIDIA (R) Cuda compiler driver
Copyright (c) 2005-2019 NVIDIA Corporation
Built on Sun_Jul_28_19:07:16_PDT_2019
Cuda compilation tools, release 10.1, V10.1.243
My SLURM_ARRAY_TASK_ID: 
DB: ['ISIC2016', '_7_point_criteria', 'PAD_UFES_20']
IMG_SIZE: [150, 150]
CLASSIFIER: EfficientNetB0
SELF_AUG: 1
JOB_INDEX: None
Combining...
Combining 1 db out of 3 dbs
Combining 2 db out of 3 dbs
Combining 3 db out of 3 dbs
Stacking training images
Stacking training labels
Stacking validation images
Stacking validation labels
Model: "sequential"
_________________________________________________________________
Layer (type)                 Output Shape              Param #   
=================================================================
efficientnetb0 (Functional)  (None, 1280)              4049571   
_________________________________________________________________
dense (Dense)                (None, 512)               655872    
_________________________________________________________________
dropout (Dropout)            (None, 512)               0         
_________________________________________________________________
batch_normalization (BatchNo (None, 512)               2048      
_________________________________________________________________
dense_1 (Dense)              (None, 256)               131328    
_________________________________________________________________
dropout_1 (Dropout)          (None, 256)               0         
_________________________________________________________________
batch_normalization_1 (Batch (None, 256)               1024      
_________________________________________________________________
dense_2 (Dense)              (None, 2)                 514       
=================================================================
Total params: 4,840,357
Trainable params: 789,250
Non-trainable params: 4,051,107
_________________________________________________________________
Fitting ISIC2016+_7_point_criteria+PAD_UFES_20_aug_EfficientNetB0_150h_150w_None model...
model_name: ISIC2016+_7_point_criteria+PAD_UFES_20_aug_EfficientNetB0_150h_150w_None
Epoch: 1 loss: 0.6617 accuracy: 0.6247 val_loss: 0.5769 val_accuracy: 0.8743
Epoch: 2 loss: 0.6093 accuracy: 0.7381 val_loss: 0.5047 val_accuracy: 0.8743
Epoch: 3 loss: 0.5850 accuracy: 0.7394 val_loss: 0.4742 val_accuracy: 0.8743
Epoch: 4 loss: 0.5759 accuracy: 0.7413 val_loss: 0.4492 val_accuracy: 0.8743
Epoch: 5 loss: 0.5739 accuracy: 0.7415 val_loss: 0.4419 val_accuracy: 0.8743
Epoch: 6 loss: 0.5732 accuracy: 0.7406 val_loss: 0.4581 val_accuracy: 0.8743
Epoch: 7 loss: 0.5736 accuracy: 0.7420 val_loss: 0.4309 val_accuracy: 0.8743
Epoch: 8 loss: 0.5729 accuracy: 0.7408 val_loss: 0.4371 val_accuracy: 0.8743
Epoch: 9 loss: 0.5723 accuracy: 0.7413 val_loss: 0.4348 val_accuracy: 0.8743
Epoch: 10 loss: 0.5720 accuracy: 0.7413 val_loss: 0.4232 val_accuracy: 0.8743
Epoch: 11 loss: 0.5747 accuracy: 0.7399 val_loss: 0.4370 val_accuracy: 0.8743
Epoch: 12 loss: 0.5737 accuracy: 0.7399 val_loss: 0.4280 val_accuracy: 0.8743
Epoch: 13 loss: 0.5722 accuracy: 0.7410 val_loss: 0.4302 val_accuracy: 0.8743
Epoch: 14 loss: 0.5724 accuracy: 0.7408 val_loss: 0.4337 val_accuracy: 0.8743
Epoch: 15 loss: 0.5720 accuracy: 0.7420 val_loss: 0.4289 val_accuracy: 0.8743
Epoch: 16 loss: 0.5730 accuracy: 0.7404 val_loss: 0.4277 val_accuracy: 0.8743
Epoch: 17 loss: 0.5725 accuracy: 0.7406 val_loss: 0.4284 val_accuracy: 0.8743
Epoch: 18 loss: 0.5721 accuracy: 0.7413 val_loss: 0.4349 val_accuracy: 0.8743
Epoch: 19 loss: 0.5728 accuracy: 0.7406 val_loss: 0.4366 val_accuracy: 0.8743
Epoch: 20 loss: 0.5739 accuracy: 0.7392 val_loss: 0.4347 val_accuracy: 0.8743
Job ended!
