Fri 01 Mar 2024 01:23:25 AM EST
Python 3.9.7
nvcc: NVIDIA (R) Cuda compiler driver
Copyright (c) 2005-2019 NVIDIA Corporation
Built on Sun_Jul_28_19:07:16_PDT_2019
Cuda compilation tools, release 10.1, V10.1.243
My SLURM_ARRAY_TASK_ID: 
DB: ['ISIC2016', 'ISIC2017']
IMG_SIZE: [150, 150]
CLASSIFIER: EfficientNetB0
SELF_AUG: 1
JOB_INDEX: None
Combining...
Combining 1 db out of 2 dbs
Combining 2 db out of 2 dbs
Stacking training images
Stacking training labels
Stacking validation images
Stacking validation labels
Model: "sequential"
_________________________________________________________________
Layer (type)                 Output Shape              Param #   
=================================================================
efficientnetb0 (Functional)  (None, 1280)              4049571   
_________________________________________________________________
dense (Dense)                (None, 512)               655872    
_________________________________________________________________
dropout (Dropout)            (None, 512)               0         
_________________________________________________________________
batch_normalization (BatchNo (None, 512)               2048      
_________________________________________________________________
dense_1 (Dense)              (None, 256)               131328    
_________________________________________________________________
dropout_1 (Dropout)          (None, 256)               0         
_________________________________________________________________
batch_normalization_1 (Batch (None, 256)               1024      
_________________________________________________________________
dense_2 (Dense)              (None, 2)                 514       
=================================================================
Total params: 4,840,357
Trainable params: 789,250
Non-trainable params: 4,051,107
_________________________________________________________________
Fitting ISIC2016+ISIC2017_aug_EfficientNetB0_150h_150w_None model...
model_name: ISIC2016+ISIC2017_aug_EfficientNetB0_150h_150w_None
Epoch: 1 loss: 0.7219 accuracy: 0.6758 val_loss: 0.4285 val_accuracy: 0.8182
Epoch: 2 loss: 0.5896 accuracy: 0.7330 val_loss: 0.3907 val_accuracy: 0.8485
Epoch: 3 loss: 0.5485 accuracy: 0.7461 val_loss: 0.3802 val_accuracy: 0.8273
Epoch: 4 loss: 0.4969 accuracy: 0.7779 val_loss: 0.3742 val_accuracy: 0.8424
Epoch: 5 loss: 0.4813 accuracy: 0.7753 val_loss: 0.3573 val_accuracy: 0.8545
Epoch: 6 loss: 0.4609 accuracy: 0.7873 val_loss: 0.3558 val_accuracy: 0.8576
Epoch: 7 loss: 0.4401 accuracy: 0.7964 val_loss: 0.3620 val_accuracy: 0.8545
Epoch: 8 loss: 0.4325 accuracy: 0.8040 val_loss: 0.3503 val_accuracy: 0.8636
Epoch: 9 loss: 0.4084 accuracy: 0.8114 val_loss: 0.3468 val_accuracy: 0.8727
Epoch: 10 loss: 0.3883 accuracy: 0.8234 val_loss: 0.3370 val_accuracy: 0.8758
Epoch: 11 loss: 0.3668 accuracy: 0.8339 val_loss: 0.3279 val_accuracy: 0.8758
Epoch: 12 loss: 0.3681 accuracy: 0.8370 val_loss: 0.3316 val_accuracy: 0.8788
Epoch: 13 loss: 0.3577 accuracy: 0.8368 val_loss: 0.3367 val_accuracy: 0.8818
Epoch: 14 loss: 0.3526 accuracy: 0.8433 val_loss: 0.3155 val_accuracy: 0.8758
Epoch: 15 loss: 0.3311 accuracy: 0.8490 val_loss: 0.3189 val_accuracy: 0.8758
Epoch: 16 loss: 0.3294 accuracy: 0.8459 val_loss: 0.3238 val_accuracy: 0.8818
Epoch: 17 loss: 0.3119 accuracy: 0.8576 val_loss: 0.3227 val_accuracy: 0.8939
Epoch: 18 loss: 0.3157 accuracy: 0.8545 val_loss: 0.3302 val_accuracy: 0.8939
Epoch: 19 loss: 0.2884 accuracy: 0.8708 val_loss: 0.3482 val_accuracy: 0.8667
Epoch: 20 loss: 0.2890 accuracy: 0.8722 val_loss: 0.3495 val_accuracy: 0.8818
Job ended!
