Tue 27 Feb 2024 05:26:04 AM EST
Python 3.9.7
nvcc: NVIDIA (R) Cuda compiler driver
Copyright (c) 2005-2019 NVIDIA Corporation
Built on Sun_Jul_28_19:07:16_PDT_2019
Cuda compilation tools, release 10.1, V10.1.243
My SLURM_ARRAY_TASK_ID: 
DB: ['ISIC2016', 'ISIC2018', 'ISIC2019', 'ISIC2020']
IMG_SIZE: [150, 150]
CLASSIFIER: EfficientNetB0
SELF_AUG: 1
JOB_INDEX: None
Combining...
Combining 1 db out of 4 dbs
Combining 2 db out of 4 dbs
Combining 3 db out of 4 dbs
Combining 4 db out of 4 dbs
Stacking training images
Stacking training labels
Stacking validation images
Stacking validation labels
Model: "sequential"
_________________________________________________________________
Layer (type)                 Output Shape              Param #   
=================================================================
efficientnetb0 (Functional)  (None, 1280)              4049571   
_________________________________________________________________
dense (Dense)                (None, 512)               655872    
_________________________________________________________________
dropout (Dropout)            (None, 512)               0         
_________________________________________________________________
batch_normalization (BatchNo (None, 512)               2048      
_________________________________________________________________
dense_1 (Dense)              (None, 256)               131328    
_________________________________________________________________
dropout_1 (Dropout)          (None, 256)               0         
_________________________________________________________________
batch_normalization_1 (Batch (None, 256)               1024      
_________________________________________________________________
dense_2 (Dense)              (None, 2)                 514       
=================================================================
Total params: 4,840,357
Trainable params: 789,250
Non-trainable params: 4,051,107
_________________________________________________________________
Fitting ISIC2016+ISIC2018+ISIC2019+ISIC2020_aug_EfficientNetB0_150h_150w_None model...
model_name: ISIC2016+ISIC2018+ISIC2019+ISIC2020_aug_EfficientNetB0_150h_150w_None
Epoch: 1 loss: 0.5824 accuracy: 0.7227 val_loss: 0.4057 val_accuracy: 0.9065
Epoch: 2 loss: 0.5622 accuracy: 0.7331 val_loss: 0.3720 val_accuracy: 0.9058
Epoch: 3 loss: 0.5573 accuracy: 0.7335 val_loss: 0.4120 val_accuracy: 0.9002
Epoch: 4 loss: 0.5549 accuracy: 0.7336 val_loss: 0.4031 val_accuracy: 0.9022
Epoch: 5 loss: 0.5520 accuracy: 0.7348 val_loss: 0.4139 val_accuracy: 0.9043
Epoch: 6 loss: 0.5497 accuracy: 0.7359 val_loss: 0.4441 val_accuracy: 0.9043
Epoch: 7 loss: 0.5457 accuracy: 0.7363 val_loss: 0.3278 val_accuracy: 0.9131
Epoch: 8 loss: 0.5440 accuracy: 0.7362 val_loss: 0.3840 val_accuracy: 0.9132
Epoch: 9 loss: 0.5446 accuracy: 0.7357 val_loss: 0.4051 val_accuracy: 0.9056
Epoch: 10 loss: 0.5430 accuracy: 0.7362 val_loss: 0.3404 val_accuracy: 0.9126
Epoch: 11 loss: 0.5426 accuracy: 0.7366 val_loss: 0.4012 val_accuracy: 0.9065
Epoch: 12 loss: 0.5404 accuracy: 0.7361 val_loss: 0.3604 val_accuracy: 0.9083
Epoch: 13 loss: 0.5405 accuracy: 0.7367 val_loss: 0.4887 val_accuracy: 0.8632
Epoch: 14 loss: 0.5396 accuracy: 0.7372 val_loss: 0.4496 val_accuracy: 0.9005
Epoch: 15 loss: 0.5396 accuracy: 0.7356 val_loss: 0.3561 val_accuracy: 0.9121
Epoch: 16 loss: 0.5392 accuracy: 0.7367 val_loss: 0.4615 val_accuracy: 0.8971
Epoch: 17 loss: 0.5388 accuracy: 0.7373 val_loss: 0.3571 val_accuracy: 0.9076
Epoch: 18 loss: 0.5375 accuracy: 0.7373 val_loss: 0.3515 val_accuracy: 0.9019
Epoch: 19 loss: 0.5363 accuracy: 0.7372 val_loss: 0.2996 val_accuracy: 0.9151
Epoch: 20 loss: 0.5361 accuracy: 0.7372 val_loss: 0.3510 val_accuracy: 0.9068
Job ended!
