Fri 01 Mar 2024 11:32:15 PM EST
Python 3.9.7
nvcc: NVIDIA (R) Cuda compiler driver
Copyright (c) 2005-2019 NVIDIA Corporation
Built on Sun_Jul_28_19:07:16_PDT_2019
Cuda compilation tools, release 10.1, V10.1.243
My SLURM_ARRAY_TASK_ID: 
DB: ['ISIC2016', 'ISIC2020']
IMG_SIZE: [150, 150]
CLASSIFIER: VGG16
SELF_AUG: 1
JOB_INDEX: None
Combining...
Combining 1 db out of 2 dbs
Combining 2 db out of 2 dbs
Stacking training images
Stacking training labels
Stacking validation images
Stacking validation labels
Model: "sequential"
_________________________________________________________________
Layer (type)                 Output Shape              Param #   
=================================================================
vgg16 (Functional)           (None, 512)               14714688  
_________________________________________________________________
dense (Dense)                (None, 512)               262656    
_________________________________________________________________
dropout (Dropout)            (None, 512)               0         
_________________________________________________________________
batch_normalization (BatchNo (None, 512)               2048      
_________________________________________________________________
dense_1 (Dense)              (None, 256)               131328    
_________________________________________________________________
dropout_1 (Dropout)          (None, 256)               0         
_________________________________________________________________
batch_normalization_1 (Batch (None, 256)               1024      
_________________________________________________________________
dense_2 (Dense)              (None, 2)                 514       
=================================================================
Total params: 15,112,258
Trainable params: 396,034
Non-trainable params: 14,716,224
_________________________________________________________________
Fitting ISIC2016+ISIC2020_aug_VGG16_150h_150w_None model...
model_name: ISIC2016+ISIC2020_aug_VGG16_150h_150w_None
Epoch: 1 loss: 0.4583 accuracy: 0.8017 val_loss: 0.1176 val_accuracy: 0.9766
Epoch: 2 loss: 0.3009 accuracy: 0.8707 val_loss: 0.0986 val_accuracy: 0.9772
Epoch: 3 loss: 0.2724 accuracy: 0.8811 val_loss: 0.0946 val_accuracy: 0.9783
Epoch: 4 loss: 0.2579 accuracy: 0.8860 val_loss: 0.0987 val_accuracy: 0.9768
Epoch: 5 loss: 0.2512 accuracy: 0.8882 val_loss: 0.0964 val_accuracy: 0.9774
Epoch: 6 loss: 0.2396 accuracy: 0.8948 val_loss: 0.0966 val_accuracy: 0.9777
Epoch: 7 loss: 0.2332 accuracy: 0.8970 val_loss: 0.0959 val_accuracy: 0.9756
Epoch: 8 loss: 0.2233 accuracy: 0.9019 val_loss: 0.0985 val_accuracy: 0.9780
Epoch: 9 loss: 0.2195 accuracy: 0.9032 val_loss: 0.0996 val_accuracy: 0.9769
Epoch: 10 loss: 0.2123 accuracy: 0.9081 val_loss: 0.1033 val_accuracy: 0.9756
Epoch: 11 loss: 0.2069 accuracy: 0.9094 val_loss: 0.0996 val_accuracy: 0.9775
Epoch: 12 loss: 0.2002 accuracy: 0.9130 val_loss: 0.1002 val_accuracy: 0.9762
Epoch: 13 loss: 0.1948 accuracy: 0.9155 val_loss: 0.1058 val_accuracy: 0.9753
Epoch: 14 loss: 0.1894 accuracy: 0.9180 val_loss: 0.1076 val_accuracy: 0.9750
Epoch: 15 loss: 0.1828 accuracy: 0.9203 val_loss: 0.1045 val_accuracy: 0.9758
Epoch: 16 loss: 0.1791 accuracy: 0.9215 val_loss: 0.1060 val_accuracy: 0.9747
Epoch: 17 loss: 0.1741 accuracy: 0.9248 val_loss: 0.1083 val_accuracy: 0.9744
Epoch: 18 loss: 0.1707 accuracy: 0.9259 val_loss: 0.1188 val_accuracy: 0.9758
Epoch: 19 loss: 0.1642 accuracy: 0.9283 val_loss: 0.1267 val_accuracy: 0.9766
Epoch: 20 loss: 0.1612 accuracy: 0.9302 val_loss: 0.1247 val_accuracy: 0.9759
Job ended!
