Fri 01 Mar 2024 11:02:27 PM EST
Python 3.9.7
nvcc: NVIDIA (R) Cuda compiler driver
Copyright (c) 2005-2019 NVIDIA Corporation
Built on Sun_Jul_28_19:07:16_PDT_2019
Cuda compilation tools, release 10.1, V10.1.243
My SLURM_ARRAY_TASK_ID: 
DB: ['ISIC2016', '_7_point_criteria', 'PAD_UFES_20', 'MEDNODE']
IMG_SIZE: [150, 150]
CLASSIFIER: VGG16
SELF_AUG: 1
JOB_INDEX: None
Combining...
Combining 1 db out of 4 dbs
Combining 2 db out of 4 dbs
Combining 3 db out of 4 dbs
Combining 4 db out of 4 dbs
Stacking training images
Stacking training labels
Stacking validation images
Stacking validation labels
Model: "sequential"
_________________________________________________________________
Layer (type)                 Output Shape              Param #   
=================================================================
vgg16 (Functional)           (None, 512)               14714688  
_________________________________________________________________
dense (Dense)                (None, 512)               262656    
_________________________________________________________________
dropout (Dropout)            (None, 512)               0         
_________________________________________________________________
batch_normalization (BatchNo (None, 512)               2048      
_________________________________________________________________
dense_1 (Dense)              (None, 256)               131328    
_________________________________________________________________
dropout_1 (Dropout)          (None, 256)               0         
_________________________________________________________________
batch_normalization_1 (Batch (None, 256)               1024      
_________________________________________________________________
dense_2 (Dense)              (None, 2)                 514       
=================================================================
Total params: 15,112,258
Trainable params: 396,034
Non-trainable params: 14,716,224
_________________________________________________________________
Fitting ISIC2016+_7_point_criteria+PAD_UFES_20+MEDNODE_aug_VGG16_150h_150w_None model...
model_name: ISIC2016+_7_point_criteria+PAD_UFES_20+MEDNODE_aug_VGG16_150h_150w_None
Epoch: 1 loss: 0.7734 accuracy: 0.6208 val_loss: 0.4977 val_accuracy: 0.7811
Epoch: 2 loss: 0.5652 accuracy: 0.7365 val_loss: 0.4627 val_accuracy: 0.8039
Epoch: 3 loss: 0.4952 accuracy: 0.7706 val_loss: 0.4302 val_accuracy: 0.8267
Epoch: 4 loss: 0.4407 accuracy: 0.7970 val_loss: 0.4067 val_accuracy: 0.8472
Epoch: 5 loss: 0.4082 accuracy: 0.8203 val_loss: 0.4062 val_accuracy: 0.8404
Epoch: 6 loss: 0.3787 accuracy: 0.8320 val_loss: 0.3781 val_accuracy: 0.8529
Epoch: 7 loss: 0.3413 accuracy: 0.8461 val_loss: 0.3808 val_accuracy: 0.8529
Epoch: 8 loss: 0.3249 accuracy: 0.8630 val_loss: 0.3621 val_accuracy: 0.8643
Epoch: 9 loss: 0.3113 accuracy: 0.8639 val_loss: 0.3594 val_accuracy: 0.8700
Epoch: 10 loss: 0.2941 accuracy: 0.8719 val_loss: 0.3625 val_accuracy: 0.8723
Epoch: 11 loss: 0.2829 accuracy: 0.8743 val_loss: 0.3683 val_accuracy: 0.8677
Epoch: 12 loss: 0.2617 accuracy: 0.8882 val_loss: 0.3624 val_accuracy: 0.8712
Epoch: 13 loss: 0.2568 accuracy: 0.8860 val_loss: 0.3840 val_accuracy: 0.8734
Epoch: 14 loss: 0.2348 accuracy: 0.9021 val_loss: 0.3693 val_accuracy: 0.8734
Epoch: 15 loss: 0.2284 accuracy: 0.9062 val_loss: 0.3771 val_accuracy: 0.8575
Epoch: 16 loss: 0.2201 accuracy: 0.9093 val_loss: 0.3922 val_accuracy: 0.8597
Epoch: 17 loss: 0.2117 accuracy: 0.9082 val_loss: 0.3834 val_accuracy: 0.8723
Epoch: 18 loss: 0.2037 accuracy: 0.9114 val_loss: 0.3858 val_accuracy: 0.8655
Epoch: 19 loss: 0.2015 accuracy: 0.9130 val_loss: 0.3915 val_accuracy: 0.8769
Epoch: 20 loss: 0.1788 accuracy: 0.9264 val_loss: 0.4020 val_accuracy: 0.8700
Job ended!
