Mon 26 Feb 2024 03:00:13 AM EST
Python 3.9.7
nvcc: NVIDIA (R) Cuda compiler driver
Copyright (c) 2005-2019 NVIDIA Corporation
Built on Sun_Jul_28_19:07:16_PDT_2019
Cuda compilation tools, release 10.1, V10.1.243
My SLURM_ARRAY_TASK_ID:  1
DB: ['ISIC2016', 'ISIC2017', 'ISIC2018']
IMG_SIZE: [150, 150]
CLASSIFIER: EfficientNetB1
JOB_INDEX: 1
Combining...
Combining 1 db out of 3 dbs
Combining 2 db out of 3 dbs
Combining 3 db out of 3 dbs
Stacking training images
Stacking training labels
Stacking validation images
Stacking validation labels
Combining...
Combining 1 db out of 3 dbs
Combining 2 db out of 3 dbs
Combining 3 db out of 3 dbs
Stacking training images
Stacking training labels
Stacking validation images
Stacking validation labels
Model: "sequential"
_________________________________________________________________
Layer (type)                 Output Shape              Param #   
=================================================================
efficientnetb1 (Functional)  (None, 1280)              6575239   
_________________________________________________________________
dense (Dense)                (None, 512)               655872    
_________________________________________________________________
dropout (Dropout)            (None, 512)               0         
_________________________________________________________________
batch_normalization (BatchNo (None, 512)               2048      
_________________________________________________________________
dense_1 (Dense)              (None, 256)               131328    
_________________________________________________________________
dropout_1 (Dropout)          (None, 256)               0         
_________________________________________________________________
batch_normalization_1 (Batch (None, 256)               1024      
_________________________________________________________________
dense_2 (Dense)              (None, 2)                 514       
=================================================================
Total params: 7,366,025
Trainable params: 789,250
Non-trainable params: 6,576,775
_________________________________________________________________
Fitting ISIC2016+ISIC2017+ISIC2018_noaug_EfficientNetB1_150h_150w_1 model...
Epoch: 1 loss: 0.5323 accuracy: 0.8209 val_loss: 0.4606 val_accuracy: 0.8337
Epoch: 2 loss: 0.3897 accuracy: 0.8723 val_loss: 0.4567 val_accuracy: 0.8337
Epoch: 3 loss: 0.3822 accuracy: 0.8725 val_loss: 0.4604 val_accuracy: 0.8337
Epoch: 4 loss: 0.3826 accuracy: 0.8724 val_loss: 0.4550 val_accuracy: 0.8337
Epoch: 5 loss: 0.3818 accuracy: 0.8727 val_loss: 0.4545 val_accuracy: 0.8337
Epoch: 6 loss: 0.3818 accuracy: 0.8725 val_loss: 0.4543 val_accuracy: 0.8337
Epoch: 7 loss: 0.3823 accuracy: 0.8723 val_loss: 0.4577 val_accuracy: 0.8337
Epoch: 8 loss: 0.3816 accuracy: 0.8725 val_loss: 0.4559 val_accuracy: 0.8337
Epoch: 9 loss: 0.3819 accuracy: 0.8725 val_loss: 0.4569 val_accuracy: 0.8337
Epoch: 10 loss: 0.3821 accuracy: 0.8723 val_loss: 0.4568 val_accuracy: 0.8337
Epoch: 11 loss: 0.3815 accuracy: 0.8725 val_loss: 0.4549 val_accuracy: 0.8337
Epoch: 12 loss: 0.3817 accuracy: 0.8723 val_loss: 0.4589 val_accuracy: 0.8337
Epoch: 13 loss: 0.3819 accuracy: 0.8724 val_loss: 0.4550 val_accuracy: 0.8337
Epoch: 14 loss: 0.3819 accuracy: 0.8723 val_loss: 0.4568 val_accuracy: 0.8337
Epoch: 15 loss: 0.3820 accuracy: 0.8723 val_loss: 0.4548 val_accuracy: 0.8337
Epoch: 16 loss: 0.3815 accuracy: 0.8725 val_loss: 0.4535 val_accuracy: 0.8337
Epoch: 17 loss: 0.3814 accuracy: 0.8723 val_loss: 0.4649 val_accuracy: 0.8337
Epoch: 18 loss: 0.3811 accuracy: 0.8723 val_loss: 0.4530 val_accuracy: 0.8337
Epoch: 19 loss: 0.3809 accuracy: 0.8724 val_loss: 0.4517 val_accuracy: 0.8337
Epoch: 20 loss: 0.3801 accuracy: 0.8722 val_loss: 0.4610 val_accuracy: 0.8337
Fitting ISIC2016+ISIC2017+ISIC2018_aug_EfficientNetB1_150h_150w_1 model...
Epoch: 1 loss: 0.6033 accuracy: 0.7077 val_loss: 0.4646 val_accuracy: 0.8337
Epoch: 2 loss: 0.5943 accuracy: 0.7093 val_loss: 0.4877 val_accuracy: 0.8337
Epoch: 3 loss: 0.5908 accuracy: 0.7121 val_loss: 0.4677 val_accuracy: 0.8337
Epoch: 4 loss: 0.5918 accuracy: 0.7127 val_loss: 0.4659 val_accuracy: 0.8337
Epoch: 5 loss: 0.5912 accuracy: 0.7126 val_loss: 0.5000 val_accuracy: 0.8356
Epoch: 6 loss: 0.5896 accuracy: 0.7133 val_loss: 0.4759 val_accuracy: 0.8337
Epoch: 7 loss: 0.5922 accuracy: 0.7107 val_loss: 0.5732 val_accuracy: 0.7954
Epoch: 8 loss: 0.5888 accuracy: 0.7132 val_loss: 0.4826 val_accuracy: 0.8337
Epoch: 9 loss: 0.5900 accuracy: 0.7119 val_loss: 0.4643 val_accuracy: 0.8337
Epoch: 10 loss: 0.5869 accuracy: 0.7161 val_loss: 0.4730 val_accuracy: 0.8337
Epoch: 11 loss: 0.5878 accuracy: 0.7146 val_loss: 0.4801 val_accuracy: 0.8356
Epoch: 12 loss: 0.5871 accuracy: 0.7143 val_loss: 0.5179 val_accuracy: 0.8260
Epoch: 13 loss: 0.5884 accuracy: 0.7146 val_loss: 0.4597 val_accuracy: 0.8337
Epoch: 14 loss: 0.5880 accuracy: 0.7136 val_loss: 0.4815 val_accuracy: 0.8356
Epoch: 15 loss: 0.5875 accuracy: 0.7140 val_loss: 0.4643 val_accuracy: 0.8337
Epoch: 16 loss: 0.5871 accuracy: 0.7139 val_loss: 0.4738 val_accuracy: 0.8356
Epoch: 17 loss: 0.5875 accuracy: 0.7155 val_loss: 0.4602 val_accuracy: 0.8337
Epoch: 18 loss: 0.5855 accuracy: 0.7149 val_loss: 0.4616 val_accuracy: 0.8337
Epoch: 19 loss: 0.5854 accuracy: 0.7160 val_loss: 0.4586 val_accuracy: 0.8337
Epoch: 20 loss: 0.5866 accuracy: 0.7143 val_loss: 0.4671 val_accuracy: 0.8337
Job ended!
