Fri 01 Mar 2024 03:51:04 PM EST
Python 3.9.7
nvcc: NVIDIA (R) Cuda compiler driver
Copyright (c) 2005-2019 NVIDIA Corporation
Built on Sun_Jul_28_19:07:16_PDT_2019
Cuda compilation tools, release 10.1, V10.1.243
My SLURM_ARRAY_TASK_ID: 
DB: ['ISIC2016', '_7_point_criteria', 'PAD_UFES_20']
IMG_SIZE: [150, 150]
CLASSIFIER: InceptionV3
SELF_AUG: 1
JOB_INDEX: None
Combining...
Combining 1 db out of 3 dbs
Combining 2 db out of 3 dbs
Combining 3 db out of 3 dbs
Stacking training images
Stacking training labels
Stacking validation images
Stacking validation labels
Model: "sequential"
_________________________________________________________________
Layer (type)                 Output Shape              Param #   
=================================================================
inception_v3 (Functional)    (None, 2048)              21802784  
_________________________________________________________________
dense (Dense)                (None, 512)               1049088   
_________________________________________________________________
dropout (Dropout)            (None, 512)               0         
_________________________________________________________________
batch_normalization_94 (Batc (None, 512)               2048      
_________________________________________________________________
dense_1 (Dense)              (None, 256)               131328    
_________________________________________________________________
dropout_1 (Dropout)          (None, 256)               0         
_________________________________________________________________
batch_normalization_95 (Batc (None, 256)               1024      
_________________________________________________________________
dense_2 (Dense)              (None, 2)                 514       
=================================================================
Total params: 22,986,786
Trainable params: 1,182,466
Non-trainable params: 21,804,320
_________________________________________________________________
Fitting ISIC2016+_7_point_criteria+PAD_UFES_20_aug_InceptionV3_150h_150w_None model...
model_name: ISIC2016+_7_point_criteria+PAD_UFES_20_aug_InceptionV3_150h_150w_None
Epoch: 1 loss: 0.8028 accuracy: 0.6256 val_loss: 0.4486 val_accuracy: 0.8007
Epoch: 2 loss: 0.5946 accuracy: 0.7201 val_loss: 0.4185 val_accuracy: 0.8149
Epoch: 3 loss: 0.4979 accuracy: 0.7750 val_loss: 0.3833 val_accuracy: 0.8280
Epoch: 4 loss: 0.4104 accuracy: 0.8170 val_loss: 0.3792 val_accuracy: 0.8458
Epoch: 5 loss: 0.3767 accuracy: 0.8355 val_loss: 0.3722 val_accuracy: 0.8470
Epoch: 6 loss: 0.3284 accuracy: 0.8579 val_loss: 0.3900 val_accuracy: 0.8434
Epoch: 7 loss: 0.2938 accuracy: 0.8747 val_loss: 0.3489 val_accuracy: 0.8695
Epoch: 8 loss: 0.2632 accuracy: 0.8925 val_loss: 0.3493 val_accuracy: 0.8648
Epoch: 9 loss: 0.2379 accuracy: 0.8976 val_loss: 0.3833 val_accuracy: 0.8505
Epoch: 10 loss: 0.2203 accuracy: 0.9106 val_loss: 0.3891 val_accuracy: 0.8624
Epoch: 11 loss: 0.2056 accuracy: 0.9163 val_loss: 0.3789 val_accuracy: 0.8600
Epoch: 12 loss: 0.1824 accuracy: 0.9249 val_loss: 0.3866 val_accuracy: 0.8588
Epoch: 13 loss: 0.1618 accuracy: 0.9341 val_loss: 0.3762 val_accuracy: 0.8707
Epoch: 14 loss: 0.1502 accuracy: 0.9434 val_loss: 0.4010 val_accuracy: 0.8493
Epoch: 15 loss: 0.1252 accuracy: 0.9525 val_loss: 0.4237 val_accuracy: 0.8648
Epoch: 16 loss: 0.1254 accuracy: 0.9525 val_loss: 0.4069 val_accuracy: 0.8648
Epoch: 17 loss: 0.1130 accuracy: 0.9605 val_loss: 0.4191 val_accuracy: 0.8624
Epoch: 18 loss: 0.1092 accuracy: 0.9612 val_loss: 0.4285 val_accuracy: 0.8565
Epoch: 19 loss: 0.0908 accuracy: 0.9685 val_loss: 0.4155 val_accuracy: 0.8671
Epoch: 20 loss: 0.0824 accuracy: 0.9713 val_loss: 0.4887 val_accuracy: 0.8553
Job ended!
