Fri 01 Mar 2024 04:10:30 PM EST
Python 3.9.7
nvcc: NVIDIA (R) Cuda compiler driver
Copyright (c) 2005-2019 NVIDIA Corporation
Built on Sun_Jul_28_19:07:16_PDT_2019
Cuda compilation tools, release 10.1, V10.1.243
My SLURM_ARRAY_TASK_ID: 
DB: ['ISIC2016', 'ISIC2017', 'ISIC2018', 'ISIC2019', 'ISIC2020', 'PH2', '_7_point_criteria', 'MEDNODE', 'KaggleMB']
IMG_SIZE: [150, 150]
CLASSIFIER: InceptionV3
SELF_AUG: 1
JOB_INDEX: None
Combining...
Combining 1 db out of 9 dbs
Combining 2 db out of 9 dbs
Combining 3 db out of 9 dbs
Combining 4 db out of 9 dbs
Combining 5 db out of 9 dbs
Combining 6 db out of 9 dbs
Combining 7 db out of 9 dbs
Combining 8 db out of 9 dbs
Combining 9 db out of 9 dbs
Stacking training images
Stacking training labels
Stacking validation images
Stacking validation labels
Model: "sequential"
_________________________________________________________________
Layer (type)                 Output Shape              Param #   
=================================================================
inception_v3 (Functional)    (None, 2048)              21802784  
_________________________________________________________________
dense (Dense)                (None, 512)               1049088   
_________________________________________________________________
dropout (Dropout)            (None, 512)               0         
_________________________________________________________________
batch_normalization_94 (Batc (None, 512)               2048      
_________________________________________________________________
dense_1 (Dense)              (None, 256)               131328    
_________________________________________________________________
dropout_1 (Dropout)          (None, 256)               0         
_________________________________________________________________
batch_normalization_95 (Batc (None, 256)               1024      
_________________________________________________________________
dense_2 (Dense)              (None, 2)                 514       
=================================================================
Total params: 22,986,786
Trainable params: 1,182,466
Non-trainable params: 21,804,320
_________________________________________________________________
Fitting ISIC2016+ISIC2017+ISIC2018+ISIC2019+ISIC2020+PH2+_7_point_criteria+MEDNODE+KaggleMB_aug_InceptionV3_150h_150w_None model...
model_name: ISIC2016+ISIC2017+ISIC2018+ISIC2019+ISIC2020+PH2+_7_point_criteria+MEDNODE+KaggleMB_aug_InceptionV3_150h_150w_None
Epoch: 1 loss: 0.5225 accuracy: 0.7507 val_loss: 0.2645 val_accuracy: 0.8974
Epoch: 2 loss: 0.4350 accuracy: 0.7898 val_loss: 0.2653 val_accuracy: 0.8936
Epoch: 3 loss: 0.4105 accuracy: 0.8038 val_loss: 0.2537 val_accuracy: 0.9015
Epoch: 4 loss: 0.3962 accuracy: 0.8125 val_loss: 0.2551 val_accuracy: 0.8994
Epoch: 5 loss: 0.3859 accuracy: 0.8189 val_loss: 0.2449 val_accuracy: 0.9025
Epoch: 6 loss: 0.3748 accuracy: 0.8237 val_loss: 0.2442 val_accuracy: 0.9033
Epoch: 7 loss: 0.3661 accuracy: 0.8296 val_loss: 0.2337 val_accuracy: 0.9085
Epoch: 8 loss: 0.3575 accuracy: 0.8341 val_loss: 0.2398 val_accuracy: 0.9075
Epoch: 9 loss: 0.3469 accuracy: 0.8422 val_loss: 0.2393 val_accuracy: 0.9067
Epoch: 10 loss: 0.3363 accuracy: 0.8474 val_loss: 0.2332 val_accuracy: 0.9089
Epoch: 11 loss: 0.3271 accuracy: 0.8527 val_loss: 0.2292 val_accuracy: 0.9092
Epoch: 12 loss: 0.3168 accuracy: 0.8584 val_loss: 0.2373 val_accuracy: 0.9123
Epoch: 13 loss: 0.3087 accuracy: 0.8624 val_loss: 0.2493 val_accuracy: 0.9040
Epoch: 14 loss: 0.3011 accuracy: 0.8681 val_loss: 0.2403 val_accuracy: 0.9098
Epoch: 15 loss: 0.2926 accuracy: 0.8726 val_loss: 0.2620 val_accuracy: 0.8983
Epoch: 16 loss: 0.2858 accuracy: 0.8752 val_loss: 0.2304 val_accuracy: 0.9163
Epoch: 17 loss: 0.2771 accuracy: 0.8805 val_loss: 0.2289 val_accuracy: 0.9136
Epoch: 18 loss: 0.2704 accuracy: 0.8840 val_loss: 0.2454 val_accuracy: 0.9090
Epoch: 19 loss: 0.2647 accuracy: 0.8858 val_loss: 0.2462 val_accuracy: 0.9124
Epoch: 20 loss: 0.2545 accuracy: 0.8912 val_loss: 0.2437 val_accuracy: 0.9150
Job ended!
