Fri 01 Mar 2024 04:24:46 PM EST
Python 3.9.7
nvcc: NVIDIA (R) Cuda compiler driver
Copyright (c) 2005-2019 NVIDIA Corporation
Built on Sun_Jul_28_19:07:16_PDT_2019
Cuda compilation tools, release 10.1, V10.1.243
My SLURM_ARRAY_TASK_ID: 
DB: ['ISIC2016', 'ISIC2017', 'ISIC2018', 'ISIC2019', 'ISIC2020', 'PH2', '_7_point_criteria', 'PAD_UFES_20', 'MEDNODE', 'KaggleMB']
IMG_SIZE: [150, 150]
CLASSIFIER: InceptionV3
SELF_AUG: 1
JOB_INDEX: None
Combining...
Combining 1 db out of 10 dbs
Combining 2 db out of 10 dbs
Combining 3 db out of 10 dbs
Combining 4 db out of 10 dbs
Combining 5 db out of 10 dbs
Combining 6 db out of 10 dbs
Combining 7 db out of 10 dbs
Combining 8 db out of 10 dbs
Combining 9 db out of 10 dbs
Combining 10 db out of 10 dbs
Stacking training images
Stacking training labels
Stacking validation images
Stacking validation labels
Model: "sequential"
_________________________________________________________________
Layer (type)                 Output Shape              Param #   
=================================================================
inception_v3 (Functional)    (None, 2048)              21802784  
_________________________________________________________________
dense (Dense)                (None, 512)               1049088   
_________________________________________________________________
dropout (Dropout)            (None, 512)               0         
_________________________________________________________________
batch_normalization_94 (Batc (None, 512)               2048      
_________________________________________________________________
dense_1 (Dense)              (None, 256)               131328    
_________________________________________________________________
dropout_1 (Dropout)          (None, 256)               0         
_________________________________________________________________
batch_normalization_95 (Batc (None, 256)               1024      
_________________________________________________________________
dense_2 (Dense)              (None, 2)                 514       
=================================================================
Total params: 22,986,786
Trainable params: 1,182,466
Non-trainable params: 21,804,320
_________________________________________________________________
Fitting ISIC2016+ISIC2017+ISIC2018+ISIC2019+ISIC2020+PH2+_7_point_criteria+PAD_UFES_20+MEDNODE+KaggleMB_aug_InceptionV3_150h_150w_None model...
model_name: ISIC2016+ISIC2017+ISIC2018+ISIC2019+ISIC2020+PH2+_7_point_criteria+PAD_UFES_20+MEDNODE+KaggleMB_aug_InceptionV3_150h_150w_None
Epoch: 1 loss: 0.5175 accuracy: 0.7508 val_loss: 0.2629 val_accuracy: 0.8998
Epoch: 2 loss: 0.4341 accuracy: 0.7892 val_loss: 0.2587 val_accuracy: 0.9012
Epoch: 3 loss: 0.4110 accuracy: 0.8021 val_loss: 0.2495 val_accuracy: 0.9015
Epoch: 4 loss: 0.3979 accuracy: 0.8103 val_loss: 0.2557 val_accuracy: 0.8978
Epoch: 5 loss: 0.3866 accuracy: 0.8176 val_loss: 0.2398 val_accuracy: 0.9045
Epoch: 6 loss: 0.3744 accuracy: 0.8242 val_loss: 0.2868 val_accuracy: 0.8832
Epoch: 7 loss: 0.3667 accuracy: 0.8282 val_loss: 0.2400 val_accuracy: 0.9073
Epoch: 8 loss: 0.3558 accuracy: 0.8364 val_loss: 0.2406 val_accuracy: 0.9063
Epoch: 9 loss: 0.3464 accuracy: 0.8416 val_loss: 0.2442 val_accuracy: 0.9028
Epoch: 10 loss: 0.3358 accuracy: 0.8476 val_loss: 0.2383 val_accuracy: 0.9050
Epoch: 11 loss: 0.3272 accuracy: 0.8522 val_loss: 0.2339 val_accuracy: 0.9122
Epoch: 12 loss: 0.3190 accuracy: 0.8574 val_loss: 0.2301 val_accuracy: 0.9142
Epoch: 13 loss: 0.3081 accuracy: 0.8645 val_loss: 0.2315 val_accuracy: 0.9110
Epoch: 14 loss: 0.2992 accuracy: 0.8668 val_loss: 0.2423 val_accuracy: 0.9066
Epoch: 15 loss: 0.2913 accuracy: 0.8722 val_loss: 0.2514 val_accuracy: 0.9052
Epoch: 16 loss: 0.2828 accuracy: 0.8766 val_loss: 0.2390 val_accuracy: 0.9086
Epoch: 17 loss: 0.2751 accuracy: 0.8808 val_loss: 0.2369 val_accuracy: 0.9078
Epoch: 18 loss: 0.2638 accuracy: 0.8871 val_loss: 0.2494 val_accuracy: 0.9047
Epoch: 19 loss: 0.2538 accuracy: 0.8924 val_loss: 0.2407 val_accuracy: 0.9123
Epoch: 20 loss: 0.2474 accuracy: 0.8957 val_loss: 0.2492 val_accuracy: 0.9128
Job ended!
