Tue 27 Feb 2024 08:41:39 PM EST
Python 3.9.7
nvcc: NVIDIA (R) Cuda compiler driver
Copyright (c) 2005-2019 NVIDIA Corporation
Built on Sun_Jul_28_19:07:16_PDT_2019
Cuda compilation tools, release 10.1, V10.1.243
My SLURM_ARRAY_TASK_ID: 
DB: ['ISIC2016', 'ISIC2017', 'ISIC2018', 'ISIC2019', 'ISIC2020']
IMG_SIZE: [150, 150]
CLASSIFIER: InceptionV3
SELF_AUG: 1
JOB_INDEX: None
Combining...
Combining 1 db out of 5 dbs
Combining 2 db out of 5 dbs
Combining 3 db out of 5 dbs
Combining 4 db out of 5 dbs
Combining 5 db out of 5 dbs
Stacking training images
Stacking training labels
Stacking validation images
Stacking validation labels
Model: "sequential"
_________________________________________________________________
Layer (type)                 Output Shape              Param #   
=================================================================
inception_v3 (Functional)    (None, 2048)              21802784  
_________________________________________________________________
dense (Dense)                (None, 512)               1049088   
_________________________________________________________________
dropout (Dropout)            (None, 512)               0         
_________________________________________________________________
batch_normalization_94 (Batc (None, 512)               2048      
_________________________________________________________________
dense_1 (Dense)              (None, 256)               131328    
_________________________________________________________________
dropout_1 (Dropout)          (None, 256)               0         
_________________________________________________________________
batch_normalization_95 (Batc (None, 256)               1024      
_________________________________________________________________
dense_2 (Dense)              (None, 2)                 514       
=================================================================
Total params: 22,986,786
Trainable params: 1,182,466
Non-trainable params: 21,804,320
_________________________________________________________________
Fitting ISIC2016+ISIC2017+ISIC2018+ISIC2019+ISIC2020_aug_InceptionV3_150h_150w_None model...
model_name: ISIC2016+ISIC2017+ISIC2018+ISIC2019+ISIC2020_aug_InceptionV3_150h_150w_None
Epoch: 1 loss: 0.5331 accuracy: 0.7345 val_loss: 0.3833 val_accuracy: 0.8594
Epoch: 2 loss: 0.5063 accuracy: 0.7512 val_loss: 0.3040 val_accuracy: 0.9045
Epoch: 3 loss: 0.4974 accuracy: 0.7561 val_loss: 0.2831 val_accuracy: 0.8991
Epoch: 4 loss: 0.4890 accuracy: 0.7613 val_loss: 0.3510 val_accuracy: 0.8892
Epoch: 5 loss: 0.4871 accuracy: 0.7630 val_loss: 0.3091 val_accuracy: 0.8837
Epoch: 6 loss: 0.4844 accuracy: 0.7660 val_loss: 0.3297 val_accuracy: 0.8925
Epoch: 7 loss: 0.4802 accuracy: 0.7707 val_loss: 0.3454 val_accuracy: 0.8661
Epoch: 8 loss: 0.4777 accuracy: 0.7723 val_loss: 0.2860 val_accuracy: 0.9129
Epoch: 9 loss: 0.4736 accuracy: 0.7739 val_loss: 0.3467 val_accuracy: 0.9037
Epoch: 10 loss: 0.4718 accuracy: 0.7744 val_loss: 0.3796 val_accuracy: 0.8825
Epoch: 11 loss: 0.4690 accuracy: 0.7763 val_loss: 0.3658 val_accuracy: 0.8677
Epoch: 12 loss: 0.4650 accuracy: 0.7769 val_loss: 0.2664 val_accuracy: 0.9140
Epoch: 13 loss: 0.4663 accuracy: 0.7767 val_loss: 0.2633 val_accuracy: 0.9104
Epoch: 14 loss: 0.4607 accuracy: 0.7794 val_loss: 0.2777 val_accuracy: 0.9109
Epoch: 15 loss: 0.4605 accuracy: 0.7800 val_loss: 0.2985 val_accuracy: 0.9057
Epoch: 16 loss: 0.4561 accuracy: 0.7823 val_loss: 0.2702 val_accuracy: 0.9145
Epoch: 17 loss: 0.4536 accuracy: 0.7835 val_loss: 0.2863 val_accuracy: 0.9050
Epoch: 18 loss: 0.4518 accuracy: 0.7841 val_loss: 0.2694 val_accuracy: 0.9125
Epoch: 19 loss: 0.4499 accuracy: 0.7851 val_loss: 0.2499 val_accuracy: 0.9139
Epoch: 20 loss: 0.4499 accuracy: 0.7861 val_loss: 0.2761 val_accuracy: 0.9133
Job ended!
