Fri 01 Mar 2024 05:11:08 PM EST
Python 3.9.7
nvcc: NVIDIA (R) Cuda compiler driver
Copyright (c) 2005-2019 NVIDIA Corporation
Built on Sun_Jul_28_19:07:16_PDT_2019
Cuda compilation tools, release 10.1, V10.1.243
My SLURM_ARRAY_TASK_ID: 
DB: ['ISIC2016', 'PH2', '_7_point_criteria']
IMG_SIZE: [150, 150]
CLASSIFIER: InceptionV3
SELF_AUG: 1
JOB_INDEX: None
Combining...
Combining 1 db out of 3 dbs
Combining 2 db out of 3 dbs
Combining 3 db out of 3 dbs
Stacking training images
Stacking training labels
Stacking validation images
Stacking validation labels
Model: "sequential"
_________________________________________________________________
Layer (type)                 Output Shape              Param #   
=================================================================
inception_v3 (Functional)    (None, 2048)              21802784  
_________________________________________________________________
dense (Dense)                (None, 512)               1049088   
_________________________________________________________________
dropout (Dropout)            (None, 512)               0         
_________________________________________________________________
batch_normalization_94 (Batc (None, 512)               2048      
_________________________________________________________________
dense_1 (Dense)              (None, 256)               131328    
_________________________________________________________________
dropout_1 (Dropout)          (None, 256)               0         
_________________________________________________________________
batch_normalization_95 (Batc (None, 256)               1024      
_________________________________________________________________
dense_2 (Dense)              (None, 2)                 514       
=================================================================
Total params: 22,986,786
Trainable params: 1,182,466
Non-trainable params: 21,804,320
_________________________________________________________________
Fitting ISIC2016+PH2+_7_point_criteria_aug_InceptionV3_150h_150w_None model...
model_name: ISIC2016+PH2+_7_point_criteria_aug_InceptionV3_150h_150w_None
Epoch: 1 loss: 0.8029 accuracy: 0.6507 val_loss: 0.5837 val_accuracy: 0.7337
Epoch: 2 loss: 0.6230 accuracy: 0.7153 val_loss: 0.5597 val_accuracy: 0.7311
Epoch: 3 loss: 0.5026 accuracy: 0.7670 val_loss: 0.5702 val_accuracy: 0.7441
Epoch: 4 loss: 0.4799 accuracy: 0.7794 val_loss: 0.5587 val_accuracy: 0.7572
Epoch: 5 loss: 0.4202 accuracy: 0.8100 val_loss: 0.5728 val_accuracy: 0.7389
Epoch: 6 loss: 0.3794 accuracy: 0.8321 val_loss: 0.5742 val_accuracy: 0.7520
Epoch: 7 loss: 0.3388 accuracy: 0.8531 val_loss: 0.5878 val_accuracy: 0.7598
Epoch: 8 loss: 0.3120 accuracy: 0.8632 val_loss: 0.6058 val_accuracy: 0.7389
Epoch: 9 loss: 0.2835 accuracy: 0.8756 val_loss: 0.6174 val_accuracy: 0.7598
Epoch: 10 loss: 0.2571 accuracy: 0.8943 val_loss: 0.6665 val_accuracy: 0.7676
Epoch: 11 loss: 0.2506 accuracy: 0.8904 val_loss: 0.6484 val_accuracy: 0.7598
Epoch: 12 loss: 0.2059 accuracy: 0.9096 val_loss: 0.6785 val_accuracy: 0.7493
Epoch: 13 loss: 0.2019 accuracy: 0.9211 val_loss: 0.6979 val_accuracy: 0.7546
Epoch: 14 loss: 0.1954 accuracy: 0.9206 val_loss: 0.7341 val_accuracy: 0.7389
Epoch: 15 loss: 0.1607 accuracy: 0.9378 val_loss: 0.6499 val_accuracy: 0.7676
Epoch: 16 loss: 0.1586 accuracy: 0.9373 val_loss: 0.6730 val_accuracy: 0.7859
Epoch: 17 loss: 0.1457 accuracy: 0.9493 val_loss: 0.6960 val_accuracy: 0.7781
Epoch: 18 loss: 0.1332 accuracy: 0.9555 val_loss: 0.7307 val_accuracy: 0.7807
Epoch: 19 loss: 0.1225 accuracy: 0.9555 val_loss: 0.7623 val_accuracy: 0.7702
Epoch: 20 loss: 0.1213 accuracy: 0.9641 val_loss: 0.7372 val_accuracy: 0.7520
Job ended!
