Fri 01 Mar 2024 03:54:45 PM EST
Python 3.9.7
nvcc: NVIDIA (R) Cuda compiler driver
Copyright (c) 2005-2019 NVIDIA Corporation
Built on Sun_Jul_28_19:07:16_PDT_2019
Cuda compilation tools, release 10.1, V10.1.243
My SLURM_ARRAY_TASK_ID: 
DB: ['ISIC2016', 'ISIC2017']
IMG_SIZE: [150, 150]
CLASSIFIER: InceptionV3
SELF_AUG: 1
JOB_INDEX: None
Combining...
Combining 1 db out of 2 dbs
Combining 2 db out of 2 dbs
Stacking training images
Stacking training labels
Stacking validation images
Stacking validation labels
Model: "sequential"
_________________________________________________________________
Layer (type)                 Output Shape              Param #   
=================================================================
inception_v3 (Functional)    (None, 2048)              21802784  
_________________________________________________________________
dense (Dense)                (None, 512)               1049088   
_________________________________________________________________
dropout (Dropout)            (None, 512)               0         
_________________________________________________________________
batch_normalization_94 (Batc (None, 512)               2048      
_________________________________________________________________
dense_1 (Dense)              (None, 256)               131328    
_________________________________________________________________
dropout_1 (Dropout)          (None, 256)               0         
_________________________________________________________________
batch_normalization_95 (Batc (None, 256)               1024      
_________________________________________________________________
dense_2 (Dense)              (None, 2)                 514       
=================================================================
Total params: 22,986,786
Trainable params: 1,182,466
Non-trainable params: 21,804,320
_________________________________________________________________
Fitting ISIC2016+ISIC2017_aug_InceptionV3_150h_150w_None model...
model_name: ISIC2016+ISIC2017_aug_InceptionV3_150h_150w_None
Epoch: 1 loss: 0.7959 accuracy: 0.6439 val_loss: 0.4573 val_accuracy: 0.8030
Epoch: 2 loss: 0.6007 accuracy: 0.7210 val_loss: 0.4524 val_accuracy: 0.8091
Epoch: 3 loss: 0.5241 accuracy: 0.7598 val_loss: 0.3876 val_accuracy: 0.8485
Epoch: 4 loss: 0.4923 accuracy: 0.7710 val_loss: 0.3738 val_accuracy: 0.8667
Epoch: 5 loss: 0.4356 accuracy: 0.7997 val_loss: 0.3757 val_accuracy: 0.8667
Epoch: 6 loss: 0.3935 accuracy: 0.8244 val_loss: 0.3827 val_accuracy: 0.8636
Epoch: 7 loss: 0.3691 accuracy: 0.8332 val_loss: 0.3811 val_accuracy: 0.8667
Epoch: 8 loss: 0.3384 accuracy: 0.8497 val_loss: 0.3574 val_accuracy: 0.8667
Epoch: 9 loss: 0.3124 accuracy: 0.8641 val_loss: 0.3757 val_accuracy: 0.8667
Epoch: 10 loss: 0.2863 accuracy: 0.8732 val_loss: 0.3455 val_accuracy: 0.8697
Epoch: 11 loss: 0.2575 accuracy: 0.8921 val_loss: 0.4152 val_accuracy: 0.8667
Epoch: 12 loss: 0.2395 accuracy: 0.8990 val_loss: 0.3561 val_accuracy: 0.8818
Epoch: 13 loss: 0.2213 accuracy: 0.9076 val_loss: 0.3199 val_accuracy: 0.8939
Epoch: 14 loss: 0.1845 accuracy: 0.9299 val_loss: 0.3328 val_accuracy: 0.8909
Epoch: 15 loss: 0.1814 accuracy: 0.9268 val_loss: 0.3269 val_accuracy: 0.8818
Epoch: 16 loss: 0.1461 accuracy: 0.9447 val_loss: 0.3252 val_accuracy: 0.8879
Epoch: 17 loss: 0.1522 accuracy: 0.9392 val_loss: 0.3727 val_accuracy: 0.8727
Epoch: 18 loss: 0.1378 accuracy: 0.9478 val_loss: 0.3396 val_accuracy: 0.9000
Epoch: 19 loss: 0.1256 accuracy: 0.9497 val_loss: 0.3751 val_accuracy: 0.8848
Epoch: 20 loss: 0.1199 accuracy: 0.9543 val_loss: 0.3818 val_accuracy: 0.8758
Job ended!
