Tue 27 Feb 2024 09:06:54 PM EST
Python 3.9.7
nvcc: NVIDIA (R) Cuda compiler driver
Copyright (c) 2005-2019 NVIDIA Corporation
Built on Sun_Jul_28_19:07:16_PDT_2019
Cuda compilation tools, release 10.1, V10.1.243
My SLURM_ARRAY_TASK_ID: 
DB: ['ISIC2016', 'ISIC2017', 'ISIC2018', 'ISIC2019', 'ISIC2020', 'PH2', '_7_point_criteria', 'PAD_UFES_20', 'MEDNODE', 'KaggleMB']
IMG_SIZE: [150, 150]
CLASSIFIER: InceptionV3
SELF_AUG: 1
JOB_INDEX: None
Combining...
Combining 1 db out of 10 dbs
Combining 2 db out of 10 dbs
Combining 3 db out of 10 dbs
Combining 4 db out of 10 dbs
Combining 5 db out of 10 dbs
Combining 6 db out of 10 dbs
Combining 7 db out of 10 dbs
Combining 8 db out of 10 dbs
Combining 9 db out of 10 dbs
Combining 10 db out of 10 dbs
Stacking training images
Stacking training labels
Stacking validation images
Stacking validation labels
Model: "sequential"
_________________________________________________________________
Layer (type)                 Output Shape              Param #   
=================================================================
inception_v3 (Functional)    (None, 2048)              21802784  
_________________________________________________________________
dense (Dense)                (None, 512)               1049088   
_________________________________________________________________
dropout (Dropout)            (None, 512)               0         
_________________________________________________________________
batch_normalization_94 (Batc (None, 512)               2048      
_________________________________________________________________
dense_1 (Dense)              (None, 256)               131328    
_________________________________________________________________
dropout_1 (Dropout)          (None, 256)               0         
_________________________________________________________________
batch_normalization_95 (Batc (None, 256)               1024      
_________________________________________________________________
dense_2 (Dense)              (None, 2)                 514       
=================================================================
Total params: 22,986,786
Trainable params: 1,182,466
Non-trainable params: 21,804,320
_________________________________________________________________
Fitting ISIC2016+ISIC2017+ISIC2018+ISIC2019+ISIC2020+PH2+_7_point_criteria+PAD_UFES_20+MEDNODE+KaggleMB_aug_InceptionV3_150h_150w_None model...
model_name: ISIC2016+ISIC2017+ISIC2018+ISIC2019+ISIC2020+PH2+_7_point_criteria+PAD_UFES_20+MEDNODE+KaggleMB_aug_InceptionV3_150h_150w_None
Epoch: 1 loss: 0.5332 accuracy: 0.7248 val_loss: 0.4002 val_accuracy: 0.8290
Epoch: 2 loss: 0.5119 accuracy: 0.7344 val_loss: 0.3500 val_accuracy: 0.8524
Epoch: 3 loss: 0.5048 accuracy: 0.7394 val_loss: 0.3272 val_accuracy: 0.8964
Epoch: 4 loss: 0.5001 accuracy: 0.7463 val_loss: 0.4202 val_accuracy: 0.8361
Epoch: 5 loss: 0.4972 accuracy: 0.7479 val_loss: 0.3757 val_accuracy: 0.8650
Epoch: 6 loss: 0.4935 accuracy: 0.7494 val_loss: 0.3281 val_accuracy: 0.8727
Epoch: 7 loss: 0.4907 accuracy: 0.7471 val_loss: 0.5138 val_accuracy: 0.7779
Epoch: 8 loss: 0.4849 accuracy: 0.7536 val_loss: 0.4970 val_accuracy: 0.7772
Epoch: 9 loss: 0.4824 accuracy: 0.7572 val_loss: 0.4648 val_accuracy: 0.8490
Epoch: 10 loss: 0.4809 accuracy: 0.7572 val_loss: 0.4108 val_accuracy: 0.8251
Epoch: 11 loss: 0.4775 accuracy: 0.7612 val_loss: 0.4412 val_accuracy: 0.8062
Epoch: 12 loss: 0.4751 accuracy: 0.7628 val_loss: 0.4820 val_accuracy: 0.8021
Epoch: 13 loss: 0.4739 accuracy: 0.7638 val_loss: 0.4029 val_accuracy: 0.8677
Epoch: 14 loss: 0.4694 accuracy: 0.7650 val_loss: 0.3892 val_accuracy: 0.8949
Epoch: 15 loss: 0.4683 accuracy: 0.7644 val_loss: 0.2937 val_accuracy: 0.8952
Epoch: 16 loss: 0.4672 accuracy: 0.7661 val_loss: 0.4599 val_accuracy: 0.8839
Epoch: 17 loss: 0.4642 accuracy: 0.7691 val_loss: 0.4564 val_accuracy: 0.8198
Epoch: 18 loss: 0.4635 accuracy: 0.7690 val_loss: 0.4019 val_accuracy: 0.8664
Epoch: 19 loss: 0.4629 accuracy: 0.7691 val_loss: 0.3170 val_accuracy: 0.8931
Epoch: 20 loss: 0.4618 accuracy: 0.7705 val_loss: 0.3836 val_accuracy: 0.8959
Job ended!
