Fri 01 Mar 2024 07:56:38 PM EST
Python 3.9.7
nvcc: NVIDIA (R) Cuda compiler driver
Copyright (c) 2005-2019 NVIDIA Corporation
Built on Sun_Jul_28_19:07:16_PDT_2019
Cuda compilation tools, release 10.1, V10.1.243
My SLURM_ARRAY_TASK_ID: 
DB: ['ISIC2016', 'ISIC2017', 'ISIC2018', 'ISIC2019', 'ISIC2020', 'PH2', '_7_point_criteria', 'PAD_UFES_20']
IMG_SIZE: [150, 150]
CLASSIFIER: ResNet152
SELF_AUG: 1
JOB_INDEX: None
Combining...
Combining 1 db out of 1 dbs
Stacking training images
Stacking training labels
Stacking validation images
Stacking validation labels
Model: "sequential"
_________________________________________________________________
Layer (type)                 Output Shape              Param #   
=================================================================
resnet152 (Functional)       (None, 2048)              58370944  
_________________________________________________________________
dense (Dense)                (None, 512)               1049088   
_________________________________________________________________
dropout (Dropout)            (None, 512)               0         
_________________________________________________________________
batch_normalization (BatchNo (None, 512)               2048      
_________________________________________________________________
dense_1 (Dense)              (None, 256)               131328    
_________________________________________________________________
dropout_1 (Dropout)          (None, 256)               0         
_________________________________________________________________
batch_normalization_1 (Batch (None, 256)               1024      
_________________________________________________________________
dense_2 (Dense)              (None, 2)                 514       
=================================================================
Total params: 59,554,946
Trainable params: 1,182,466
Non-trainable params: 58,372,480
_________________________________________________________________
Fitting ISIC2016+ISIC2017+ISIC2018+ISIC2019+ISIC2020+PH2+_7_point_criteria+PAD_UFES_20_aug_ResNet152_150h_150w_None model...
model_name: ISIC2016+ISIC2017+ISIC2018+ISIC2019+ISIC2020+PH2+_7_point_criteria+PAD_UFES_20_aug_ResNet152_150h_150w_None
Epoch: 1 loss: 0.8604 accuracy: 0.6427 val_loss: 0.5182 val_accuracy: 0.8000
Epoch: 2 loss: 0.6029 accuracy: 0.7259 val_loss: 0.4776 val_accuracy: 0.8056
Epoch: 3 loss: 0.5200 accuracy: 0.7650 val_loss: 0.4666 val_accuracy: 0.8056
Epoch: 4 loss: 0.4967 accuracy: 0.7944 val_loss: 0.4590 val_accuracy: 0.8056
Epoch: 5 loss: 0.4059 accuracy: 0.8075 val_loss: 0.4874 val_accuracy: 0.7833
Epoch: 6 loss: 0.3642 accuracy: 0.8439 val_loss: 0.4725 val_accuracy: 0.8056
Epoch: 7 loss: 0.3314 accuracy: 0.8578 val_loss: 0.4765 val_accuracy: 0.8222
Epoch: 8 loss: 0.3076 accuracy: 0.8699 val_loss: 0.4845 val_accuracy: 0.7833
Epoch: 9 loss: 0.2570 accuracy: 0.8846 val_loss: 0.4870 val_accuracy: 0.8056
Epoch: 10 loss: 0.2527 accuracy: 0.8977 val_loss: 0.5039 val_accuracy: 0.7778
Epoch: 11 loss: 0.2575 accuracy: 0.8881 val_loss: 0.5077 val_accuracy: 0.7944
Epoch: 12 loss: 0.2394 accuracy: 0.8985 val_loss: 0.4916 val_accuracy: 0.8000
Epoch: 13 loss: 0.2199 accuracy: 0.9124 val_loss: 0.4967 val_accuracy: 0.8111
Epoch: 14 loss: 0.1717 accuracy: 0.9350 val_loss: 0.4918 val_accuracy: 0.8111
Epoch: 15 loss: 0.1508 accuracy: 0.9402 val_loss: 0.5137 val_accuracy: 0.8000
Epoch: 16 loss: 0.1610 accuracy: 0.9462 val_loss: 0.4950 val_accuracy: 0.8056
Epoch: 17 loss: 0.1524 accuracy: 0.9445 val_loss: 0.5183 val_accuracy: 0.8111
Epoch: 18 loss: 0.1444 accuracy: 0.9471 val_loss: 0.5130 val_accuracy: 0.8056
Epoch: 19 loss: 0.1186 accuracy: 0.9592 val_loss: 0.5122 val_accuracy: 0.8056
Epoch: 20 loss: 0.1164 accuracy: 0.9584 val_loss: 0.5838 val_accuracy: 0.8056
Job ended!
