Wed 28 Feb 2024 04:42:53 AM EST
Python 3.9.7
nvcc: NVIDIA (R) Cuda compiler driver
Copyright (c) 2005-2019 NVIDIA Corporation
Built on Sun_Jul_28_19:07:16_PDT_2019
Cuda compilation tools, release 10.1, V10.1.243
My SLURM_ARRAY_TASK_ID: 
DB: ['ISIC2016', 'ISIC2020', 'PH2']
IMG_SIZE: [150, 150]
CLASSIFIER: ResNet152
SELF_AUG: 1
JOB_INDEX: None
Combining...
Combining 1 db out of 3 dbs
Combining 2 db out of 3 dbs
Combining 3 db out of 3 dbs
Stacking training images
Stacking training labels
Stacking validation images
Stacking validation labels
Model: "sequential"
_________________________________________________________________
Layer (type)                 Output Shape              Param #   
=================================================================
resnet152 (Functional)       (None, 2048)              58370944  
_________________________________________________________________
dense (Dense)                (None, 512)               1049088   
_________________________________________________________________
dropout (Dropout)            (None, 512)               0         
_________________________________________________________________
batch_normalization (BatchNo (None, 512)               2048      
_________________________________________________________________
dense_1 (Dense)              (None, 256)               131328    
_________________________________________________________________
dropout_1 (Dropout)          (None, 256)               0         
_________________________________________________________________
batch_normalization_1 (Batch (None, 256)               1024      
_________________________________________________________________
dense_2 (Dense)              (None, 2)                 514       
=================================================================
Total params: 59,554,946
Trainable params: 1,182,466
Non-trainable params: 58,372,480
_________________________________________________________________
Fitting ISIC2016+ISIC2020+PH2_aug_ResNet152_150h_150w_None model...
model_name: ISIC2016+ISIC2020+PH2_aug_ResNet152_150h_150w_None
Epoch: 1 loss: 0.5816 accuracy: 0.7095 val_loss: 0.7688 val_accuracy: 0.6109
Epoch: 2 loss: 0.4849 accuracy: 0.7876 val_loss: 0.4052 val_accuracy: 0.8187
Epoch: 3 loss: 0.4632 accuracy: 0.7996 val_loss: 0.4165 val_accuracy: 0.8393
Epoch: 4 loss: 0.4741 accuracy: 0.8035 val_loss: 0.2496 val_accuracy: 0.9794
Epoch: 5 loss: 0.4953 accuracy: 0.8043 val_loss: 0.2484 val_accuracy: 0.9794
Epoch: 6 loss: 0.4947 accuracy: 0.8042 val_loss: 0.2456 val_accuracy: 0.9794
Epoch: 7 loss: 0.4945 accuracy: 0.8043 val_loss: 0.2666 val_accuracy: 0.9794
Epoch: 8 loss: 0.4945 accuracy: 0.8043 val_loss: 0.2585 val_accuracy: 0.9794
Epoch: 9 loss: 0.4945 accuracy: 0.8044 val_loss: 0.2463 val_accuracy: 0.9794
Epoch: 10 loss: 0.4947 accuracy: 0.8042 val_loss: 0.2476 val_accuracy: 0.9794
Epoch: 11 loss: 0.4945 accuracy: 0.8042 val_loss: 0.2552 val_accuracy: 0.9794
Epoch: 12 loss: 0.4947 accuracy: 0.8042 val_loss: 0.2463 val_accuracy: 0.9794
Epoch: 13 loss: 0.4946 accuracy: 0.8042 val_loss: 0.2502 val_accuracy: 0.9794
Epoch: 14 loss: 0.4945 accuracy: 0.8043 val_loss: 0.2545 val_accuracy: 0.9794
Epoch: 15 loss: 0.4944 accuracy: 0.8044 val_loss: 0.2463 val_accuracy: 0.9794
Epoch: 16 loss: 0.4946 accuracy: 0.8042 val_loss: 0.2508 val_accuracy: 0.9794
Epoch: 17 loss: 0.4945 accuracy: 0.8043 val_loss: 0.2434 val_accuracy: 0.9794
Epoch: 18 loss: 0.4946 accuracy: 0.8042 val_loss: 0.2398 val_accuracy: 0.9794
Epoch: 19 loss: 0.4945 accuracy: 0.8043 val_loss: 0.2398 val_accuracy: 0.9794
Epoch: 20 loss: 0.4947 accuracy: 0.8042 val_loss: 0.2385 val_accuracy: 0.9794
Job ended!
