Fri 01 Mar 2024 07:56:54 PM EST
Python 3.9.7
nvcc: NVIDIA (R) Cuda compiler driver
Copyright (c) 2005-2019 NVIDIA Corporation
Built on Sun_Jul_28_19:07:16_PDT_2019
Cuda compilation tools, release 10.1, V10.1.243
My SLURM_ARRAY_TASK_ID: 
DB: ['ISIC2016', 'ISIC2017', 'ISIC2018', 'ISIC2019', 'ISIC2020', 'PH2', '_7_point_criteria', 'PAD_UFES_20', 'MEDNODE']
IMG_SIZE: [150, 150]
CLASSIFIER: ResNet152
SELF_AUG: 1
JOB_INDEX: None
Combining...
Combining 1 db out of 1 dbs
Stacking training images
Stacking training labels
Stacking validation images
Stacking validation labels
Model: "sequential"
_________________________________________________________________
Layer (type)                 Output Shape              Param #   
=================================================================
resnet152 (Functional)       (None, 2048)              58370944  
_________________________________________________________________
dense (Dense)                (None, 512)               1049088   
_________________________________________________________________
dropout (Dropout)            (None, 512)               0         
_________________________________________________________________
batch_normalization (BatchNo (None, 512)               2048      
_________________________________________________________________
dense_1 (Dense)              (None, 256)               131328    
_________________________________________________________________
dropout_1 (Dropout)          (None, 256)               0         
_________________________________________________________________
batch_normalization_1 (Batch (None, 256)               1024      
_________________________________________________________________
dense_2 (Dense)              (None, 2)                 514       
=================================================================
Total params: 59,554,946
Trainable params: 1,182,466
Non-trainable params: 58,372,480
_________________________________________________________________
Fitting ISIC2016+ISIC2017+ISIC2018+ISIC2019+ISIC2020+PH2+_7_point_criteria+PAD_UFES_20+MEDNODE_aug_ResNet152_150h_150w_None model...
model_name: ISIC2016+ISIC2017+ISIC2018+ISIC2019+ISIC2020+PH2+_7_point_criteria+PAD_UFES_20+MEDNODE_aug_ResNet152_150h_150w_None
Epoch: 1 loss: 0.8013 accuracy: 0.6288 val_loss: 0.4734 val_accuracy: 0.7889
Epoch: 2 loss: 0.6189 accuracy: 0.7433 val_loss: 0.4876 val_accuracy: 0.7833
Epoch: 3 loss: 0.4853 accuracy: 0.7814 val_loss: 0.4583 val_accuracy: 0.7778
Epoch: 4 loss: 0.3972 accuracy: 0.8285 val_loss: 0.4766 val_accuracy: 0.7611
Epoch: 5 loss: 0.3613 accuracy: 0.8508 val_loss: 0.5007 val_accuracy: 0.7778
Epoch: 6 loss: 0.3564 accuracy: 0.8430 val_loss: 0.4682 val_accuracy: 0.7611
Epoch: 7 loss: 0.2991 accuracy: 0.8734 val_loss: 0.4603 val_accuracy: 0.7722
Epoch: 8 loss: 0.2963 accuracy: 0.8708 val_loss: 0.4550 val_accuracy: 0.8000
Epoch: 9 loss: 0.2653 accuracy: 0.8846 val_loss: 0.4793 val_accuracy: 0.7556
Epoch: 10 loss: 0.2450 accuracy: 0.9011 val_loss: 0.4944 val_accuracy: 0.7722
Epoch: 11 loss: 0.2441 accuracy: 0.9003 val_loss: 0.4947 val_accuracy: 0.7889
Epoch: 12 loss: 0.2067 accuracy: 0.9150 val_loss: 0.5005 val_accuracy: 0.7889
Epoch: 13 loss: 0.1953 accuracy: 0.9274 val_loss: 0.5323 val_accuracy: 0.7667
Epoch: 14 loss: 0.1820 accuracy: 0.9332 val_loss: 0.5383 val_accuracy: 0.7667
Epoch: 15 loss: 0.1660 accuracy: 0.9402 val_loss: 0.5264 val_accuracy: 0.8000
Epoch: 16 loss: 0.1502 accuracy: 0.9428 val_loss: 0.5068 val_accuracy: 0.8000
Epoch: 17 loss: 0.1272 accuracy: 0.9592 val_loss: 0.5408 val_accuracy: 0.7722
Epoch: 18 loss: 0.1252 accuracy: 0.9644 val_loss: 0.5597 val_accuracy: 0.7889
Epoch: 19 loss: 0.1191 accuracy: 0.9653 val_loss: 0.5771 val_accuracy: 0.8278
Epoch: 20 loss: 0.1058 accuracy: 0.9636 val_loss: 0.5991 val_accuracy: 0.7722
Job ended!
