Sun 03 Mar 2024 03:12:11 AM EST
Python 3.9.7
nvcc: NVIDIA (R) Cuda compiler driver
Copyright (c) 2005-2019 NVIDIA Corporation
Built on Sun_Jul_28_19:07:16_PDT_2019
Cuda compilation tools, release 10.1, V10.1.243
My SLURM_ARRAY_TASK_ID: 
DB: ['ISIC2016', 'ISIC2017', 'ISIC2018', 'MEDNODE', 'KaggleMB']
IMG_SIZE: [150, 150]
CLASSIFIER: ResNet152
SELF_AUG: 1
JOB_INDEX: None
Combining...
Combining 1 db out of 5 dbs
Combining 2 db out of 5 dbs
Combining 3 db out of 5 dbs
Combining 4 db out of 5 dbs
Combining 5 db out of 5 dbs
Stacking training images
Stacking training labels
Stacking validation images
Stacking validation labels
Model: "sequential"
_________________________________________________________________
Layer (type)                 Output Shape              Param #   
=================================================================
resnet152 (Functional)       (None, 2048)              58370944  
_________________________________________________________________
dense (Dense)                (None, 512)               1049088   
_________________________________________________________________
dropout (Dropout)            (None, 512)               0         
_________________________________________________________________
batch_normalization (BatchNo (None, 512)               2048      
_________________________________________________________________
dense_1 (Dense)              (None, 256)               131328    
_________________________________________________________________
dropout_1 (Dropout)          (None, 256)               0         
_________________________________________________________________
batch_normalization_1 (Batch (None, 256)               1024      
_________________________________________________________________
dense_2 (Dense)              (None, 2)                 514       
=================================================================
Total params: 59,554,946
Trainable params: 1,182,466
Non-trainable params: 58,372,480
_________________________________________________________________
Fitting ISIC2016+ISIC2017+ISIC2018+MEDNODE+KaggleMB_aug_ResNet152_150h_150w_None model...
model_name: ISIC2016+ISIC2017+ISIC2018+MEDNODE+KaggleMB_aug_ResNet152_150h_150w_None
Epoch: 1 loss: 0.5808 accuracy: 0.7412 val_loss: 0.3933 val_accuracy: 0.8184
Epoch: 2 loss: 0.4526 accuracy: 0.7954 val_loss: 0.3893 val_accuracy: 0.8323
Epoch: 3 loss: 0.4025 accuracy: 0.8171 val_loss: 0.3496 val_accuracy: 0.8406
Epoch: 4 loss: 0.3767 accuracy: 0.8302 val_loss: 0.3263 val_accuracy: 0.8581
Epoch: 5 loss: 0.3526 accuracy: 0.8436 val_loss: 0.3124 val_accuracy: 0.8636
Epoch: 6 loss: 0.3380 accuracy: 0.8535 val_loss: 0.3076 val_accuracy: 0.8645
Epoch: 7 loss: 0.3165 accuracy: 0.8588 val_loss: 0.3007 val_accuracy: 0.8682
Epoch: 8 loss: 0.3053 accuracy: 0.8632 val_loss: 0.2951 val_accuracy: 0.8811
Epoch: 9 loss: 0.2884 accuracy: 0.8745 val_loss: 0.2963 val_accuracy: 0.8765
Epoch: 10 loss: 0.2731 accuracy: 0.8801 val_loss: 0.2863 val_accuracy: 0.8829
Epoch: 11 loss: 0.2679 accuracy: 0.8837 val_loss: 0.2849 val_accuracy: 0.8857
Epoch: 12 loss: 0.2477 accuracy: 0.8944 val_loss: 0.3059 val_accuracy: 0.8848
Epoch: 13 loss: 0.2453 accuracy: 0.8972 val_loss: 0.3007 val_accuracy: 0.8839
Epoch: 14 loss: 0.2369 accuracy: 0.8991 val_loss: 0.2853 val_accuracy: 0.8839
Epoch: 15 loss: 0.2274 accuracy: 0.9028 val_loss: 0.2785 val_accuracy: 0.8802
Epoch: 16 loss: 0.2223 accuracy: 0.9047 val_loss: 0.2718 val_accuracy: 0.8959
Epoch: 17 loss: 0.2077 accuracy: 0.9118 val_loss: 0.2876 val_accuracy: 0.8959
Epoch: 18 loss: 0.1992 accuracy: 0.9172 val_loss: 0.3033 val_accuracy: 0.8922
Epoch: 19 loss: 0.1925 accuracy: 0.9209 val_loss: 0.2825 val_accuracy: 0.8940
Epoch: 20 loss: 0.1987 accuracy: 0.9170 val_loss: 0.2585 val_accuracy: 0.8995
Job ended!
