Wed 28 Feb 2024 04:55:43 AM EST
Python 3.9.7
nvcc: NVIDIA (R) Cuda compiler driver
Copyright (c) 2005-2019 NVIDIA Corporation
Built on Sun_Jul_28_19:07:16_PDT_2019
Cuda compilation tools, release 10.1, V10.1.243
My SLURM_ARRAY_TASK_ID: 
DB: ['ISIC2018']
IMG_SIZE: [150, 150]
CLASSIFIER: ResNet152
SELF_AUG: 1
JOB_INDEX: None
Combining...
Combining 1 db out of 1 dbs
Stacking training images
Stacking training labels
Stacking validation images
Stacking validation labels
Model: "sequential"
_________________________________________________________________
Layer (type)                 Output Shape              Param #   
=================================================================
resnet152 (Functional)       (None, 2048)              58370944  
_________________________________________________________________
dense (Dense)                (None, 512)               1049088   
_________________________________________________________________
dropout (Dropout)            (None, 512)               0         
_________________________________________________________________
batch_normalization (BatchNo (None, 512)               2048      
_________________________________________________________________
dense_1 (Dense)              (None, 256)               131328    
_________________________________________________________________
dropout_1 (Dropout)          (None, 256)               0         
_________________________________________________________________
batch_normalization_1 (Batch (None, 256)               1024      
_________________________________________________________________
dense_2 (Dense)              (None, 2)                 514       
=================================================================
Total params: 59,554,946
Trainable params: 1,182,466
Non-trainable params: 58,372,480
_________________________________________________________________
Fitting ISIC2018_aug_ResNet152_150h_150w_None model...
model_name: ISIC2018_aug_ResNet152_150h_150w_None
Epoch: 1 loss: 0.7680 accuracy: 0.6057 val_loss: 0.5075 val_accuracy: 0.7979
Epoch: 2 loss: 0.6607 accuracy: 0.6706 val_loss: 0.7485 val_accuracy: 0.6218
Epoch: 3 loss: 0.6465 accuracy: 0.6809 val_loss: 1.0569 val_accuracy: 0.1969
Epoch: 4 loss: 0.6201 accuracy: 0.6972 val_loss: 1.1142 val_accuracy: 0.2228
Epoch: 5 loss: 0.6062 accuracy: 0.7060 val_loss: 0.9448 val_accuracy: 0.2798
Epoch: 6 loss: 0.5772 accuracy: 0.7094 val_loss: 1.0239 val_accuracy: 0.1088
Epoch: 7 loss: 0.5566 accuracy: 0.7159 val_loss: 0.4381 val_accuracy: 0.8912
Epoch: 8 loss: 0.5899 accuracy: 0.7275 val_loss: 0.4228 val_accuracy: 0.8912
Epoch: 9 loss: 0.5872 accuracy: 0.7272 val_loss: 0.4091 val_accuracy: 0.8912
Epoch: 10 loss: 0.5863 accuracy: 0.7269 val_loss: 0.4271 val_accuracy: 0.8912
Epoch: 11 loss: 0.5864 accuracy: 0.7272 val_loss: 0.4246 val_accuracy: 0.8912
Epoch: 12 loss: 0.5861 accuracy: 0.7270 val_loss: 0.4269 val_accuracy: 0.8912
Epoch: 13 loss: 0.5859 accuracy: 0.7276 val_loss: 0.4326 val_accuracy: 0.8912
Epoch: 14 loss: 0.5861 accuracy: 0.7272 val_loss: 0.4220 val_accuracy: 0.8912
Epoch: 15 loss: 0.5861 accuracy: 0.7270 val_loss: 0.4314 val_accuracy: 0.8912
Epoch: 16 loss: 0.5863 accuracy: 0.7271 val_loss: 0.4217 val_accuracy: 0.8912
Epoch: 17 loss: 0.5861 accuracy: 0.7273 val_loss: 0.4255 val_accuracy: 0.8912
Epoch: 18 loss: 0.5865 accuracy: 0.7269 val_loss: 0.4254 val_accuracy: 0.8912
Epoch: 19 loss: 0.5861 accuracy: 0.7272 val_loss: 0.4249 val_accuracy: 0.8912
Epoch: 20 loss: 0.5860 accuracy: 0.7274 val_loss: 0.4214 val_accuracy: 0.8912
Job ended!
