Sun 03 Mar 2024 03:28:30 AM EST
Python 3.9.7
nvcc: NVIDIA (R) Cuda compiler driver
Copyright (c) 2005-2019 NVIDIA Corporation
Built on Sun_Jul_28_19:07:16_PDT_2019
Cuda compilation tools, release 10.1, V10.1.243
My SLURM_ARRAY_TASK_ID: 
DB: ['ISIC2016', 'ISIC2020']
IMG_SIZE: [150, 150]
CLASSIFIER: ResNet152
SELF_AUG: 1
JOB_INDEX: None
Combining...
Combining 1 db out of 2 dbs
Combining 2 db out of 2 dbs
Stacking training images
Stacking training labels
Stacking validation images
Stacking validation labels
Model: "sequential"
_________________________________________________________________
Layer (type)                 Output Shape              Param #   
=================================================================
resnet152 (Functional)       (None, 2048)              58370944  
_________________________________________________________________
dense (Dense)                (None, 512)               1049088   
_________________________________________________________________
dropout (Dropout)            (None, 512)               0         
_________________________________________________________________
batch_normalization (BatchNo (None, 512)               2048      
_________________________________________________________________
dense_1 (Dense)              (None, 256)               131328    
_________________________________________________________________
dropout_1 (Dropout)          (None, 256)               0         
_________________________________________________________________
batch_normalization_1 (Batch (None, 256)               1024      
_________________________________________________________________
dense_2 (Dense)              (None, 2)                 514       
=================================================================
Total params: 59,554,946
Trainable params: 1,182,466
Non-trainable params: 58,372,480
_________________________________________________________________
Fitting ISIC2016+ISIC2020_aug_ResNet152_150h_150w_None model...
model_name: ISIC2016+ISIC2020_aug_ResNet152_150h_150w_None
Epoch: 1 loss: 0.4403 accuracy: 0.8233 val_loss: 0.1004 val_accuracy: 0.9790
Epoch: 2 loss: 0.2866 accuracy: 0.8801 val_loss: 0.0853 val_accuracy: 0.9794
Epoch: 3 loss: 0.2553 accuracy: 0.8912 val_loss: 0.0822 val_accuracy: 0.9796
Epoch: 4 loss: 0.2386 accuracy: 0.8970 val_loss: 0.0819 val_accuracy: 0.9796
Epoch: 5 loss: 0.2290 accuracy: 0.9021 val_loss: 0.0783 val_accuracy: 0.9802
Epoch: 6 loss: 0.2174 accuracy: 0.9077 val_loss: 0.0810 val_accuracy: 0.9796
Epoch: 7 loss: 0.2098 accuracy: 0.9110 val_loss: 0.0842 val_accuracy: 0.9788
Epoch: 8 loss: 0.2026 accuracy: 0.9137 val_loss: 0.0855 val_accuracy: 0.9788
Epoch: 9 loss: 0.1936 accuracy: 0.9174 val_loss: 0.0810 val_accuracy: 0.9794
Epoch: 10 loss: 0.1877 accuracy: 0.9209 val_loss: 0.0841 val_accuracy: 0.9785
Epoch: 11 loss: 0.1814 accuracy: 0.9242 val_loss: 0.0824 val_accuracy: 0.9788
Epoch: 12 loss: 0.1765 accuracy: 0.9257 val_loss: 0.0862 val_accuracy: 0.9784
Epoch: 13 loss: 0.1687 accuracy: 0.9292 val_loss: 0.0906 val_accuracy: 0.9775
Epoch: 14 loss: 0.1629 accuracy: 0.9325 val_loss: 0.0992 val_accuracy: 0.9783
Epoch: 15 loss: 0.1569 accuracy: 0.9352 val_loss: 0.0912 val_accuracy: 0.9759
Epoch: 16 loss: 0.1523 accuracy: 0.9355 val_loss: 0.1036 val_accuracy: 0.9741
Epoch: 17 loss: 0.1491 accuracy: 0.9374 val_loss: 0.0982 val_accuracy: 0.9758
Epoch: 18 loss: 0.1438 accuracy: 0.9393 val_loss: 0.1001 val_accuracy: 0.9755
Epoch: 19 loss: 0.1365 accuracy: 0.9426 val_loss: 0.1079 val_accuracy: 0.9740
Epoch: 20 loss: 0.1328 accuracy: 0.9458 val_loss: 0.1004 val_accuracy: 0.9752
Job ended!
