Mon 26 Feb 2024 06:15:47 AM EST
Python 3.9.7
nvcc: NVIDIA (R) Cuda compiler driver
Copyright (c) 2005-2019 NVIDIA Corporation
Built on Sun_Jul_28_19:07:16_PDT_2019
Cuda compilation tools, release 10.1, V10.1.243
My SLURM_ARRAY_TASK_ID:  1
DB: ['ISIC2016', 'ISIC2017', 'ISIC2018', 'ISIC2019']
IMG_SIZE: [150, 150]
CLASSIFIER: EfficientNetB4
JOB_INDEX: 1
Combining...
Combining 1 db out of 4 dbs
Combining 2 db out of 4 dbs
Combining 3 db out of 4 dbs
Combining 4 db out of 4 dbs
Stacking training images
Stacking training labels
Stacking validation images
Stacking validation labels
Combining...
Combining 1 db out of 4 dbs
Combining 2 db out of 4 dbs
Combining 3 db out of 4 dbs
Combining 4 db out of 4 dbs
Stacking training images
Stacking training labels
Stacking validation images
Stacking validation labels
Model: "sequential"
_________________________________________________________________
Layer (type)                 Output Shape              Param #   
=================================================================
efficientnetb4 (Functional)  (None, 1792)              17673823  
_________________________________________________________________
dense (Dense)                (None, 512)               918016    
_________________________________________________________________
dropout (Dropout)            (None, 512)               0         
_________________________________________________________________
batch_normalization (BatchNo (None, 512)               2048      
_________________________________________________________________
dense_1 (Dense)              (None, 256)               131328    
_________________________________________________________________
dropout_1 (Dropout)          (None, 256)               0         
_________________________________________________________________
batch_normalization_1 (Batch (None, 256)               1024      
_________________________________________________________________
dense_2 (Dense)              (None, 2)                 514       
=================================================================
Total params: 18,726,753
Trainable params: 1,051,394
Non-trainable params: 17,675,359
_________________________________________________________________
Fitting ISIC2016+ISIC2017+ISIC2018+ISIC2019_noaug_EfficientNetB4_150h_150w_1 model...
Epoch: 1 loss: 0.4840 accuracy: 0.8180 val_loss: 0.4412 val_accuracy: 0.8299
Epoch: 2 loss: 0.4276 accuracy: 0.8401 val_loss: 0.4353 val_accuracy: 0.8299
Epoch: 3 loss: 0.4241 accuracy: 0.8399 val_loss: 0.4357 val_accuracy: 0.8299
Epoch: 4 loss: 0.4231 accuracy: 0.8398 val_loss: 0.4421 val_accuracy: 0.8299
Epoch: 5 loss: 0.4212 accuracy: 0.8399 val_loss: 0.4411 val_accuracy: 0.8299
Epoch: 6 loss: 0.4216 accuracy: 0.8398 val_loss: 0.4358 val_accuracy: 0.8299
Epoch: 7 loss: 0.4217 accuracy: 0.8400 val_loss: 0.4349 val_accuracy: 0.8299
Epoch: 8 loss: 0.4193 accuracy: 0.8398 val_loss: 0.4360 val_accuracy: 0.8299
Epoch: 9 loss: 0.4185 accuracy: 0.8398 val_loss: 0.4353 val_accuracy: 0.8299
Epoch: 10 loss: 0.4169 accuracy: 0.8399 val_loss: 0.4396 val_accuracy: 0.8299
Epoch: 11 loss: 0.4169 accuracy: 0.8399 val_loss: 0.4763 val_accuracy: 0.8299
Epoch: 12 loss: 0.4172 accuracy: 0.8399 val_loss: 0.4355 val_accuracy: 0.8299
Epoch: 13 loss: 0.4182 accuracy: 0.8400 val_loss: 0.4328 val_accuracy: 0.8299
Epoch: 14 loss: 0.4187 accuracy: 0.8399 val_loss: 0.4424 val_accuracy: 0.8299
Epoch: 15 loss: 0.4177 accuracy: 0.8399 val_loss: 0.4306 val_accuracy: 0.8299
Epoch: 16 loss: 0.4164 accuracy: 0.8399 val_loss: 0.4529 val_accuracy: 0.8299
Epoch: 17 loss: 0.4167 accuracy: 0.8400 val_loss: 0.4539 val_accuracy: 0.8299
Epoch: 18 loss: 0.4166 accuracy: 0.8398 val_loss: 0.4480 val_accuracy: 0.8299
Epoch: 19 loss: 0.4156 accuracy: 0.8400 val_loss: 0.4387 val_accuracy: 0.8299
Epoch: 20 loss: 0.4169 accuracy: 0.8399 val_loss: 0.4445 val_accuracy: 0.8299
Fitting ISIC2016+ISIC2017+ISIC2018+ISIC2019_aug_EfficientNetB4_150h_150w_1 model...
Epoch: 1 loss: 0.6194 accuracy: 0.6579 val_loss: 0.5855 val_accuracy: 0.7980
Epoch: 2 loss: 0.6127 accuracy: 0.6571 val_loss: 0.5592 val_accuracy: 0.8267
Epoch: 3 loss: 0.6113 accuracy: 0.6566 val_loss: 0.5882 val_accuracy: 0.8299
Epoch: 4 loss: 0.6103 accuracy: 0.6550 val_loss: 0.5175 val_accuracy: 0.8299
Epoch: 5 loss: 0.6088 accuracy: 0.6547 val_loss: 0.5686 val_accuracy: 0.8299
Epoch: 6 loss: 0.6078 accuracy: 0.6545 val_loss: 0.5361 val_accuracy: 0.8299
Epoch: 7 loss: 0.6077 accuracy: 0.6549 val_loss: 0.5674 val_accuracy: 0.8299
Epoch: 8 loss: 0.6069 accuracy: 0.6545 val_loss: 0.5365 val_accuracy: 0.8299
Epoch: 9 loss: 0.6062 accuracy: 0.6542 val_loss: 0.5715 val_accuracy: 0.8299
Epoch: 10 loss: 0.6045 accuracy: 0.6544 val_loss: 0.5039 val_accuracy: 0.8299
Epoch: 11 loss: 0.6050 accuracy: 0.6536 val_loss: 0.5716 val_accuracy: 0.8299
Epoch: 12 loss: 0.6038 accuracy: 0.6548 val_loss: 0.5902 val_accuracy: 0.8299
Epoch: 13 loss: 0.6036 accuracy: 0.6538 val_loss: 0.5615 val_accuracy: 0.8299
Epoch: 14 loss: 0.6026 accuracy: 0.6532 val_loss: 0.5660 val_accuracy: 0.8299
Epoch: 15 loss: 0.6029 accuracy: 0.6543 val_loss: 0.5942 val_accuracy: 0.8299
Epoch: 16 loss: 0.6012 accuracy: 0.6536 val_loss: 0.5120 val_accuracy: 0.8299
Epoch: 17 loss: 0.6030 accuracy: 0.6541 val_loss: 0.5515 val_accuracy: 0.8299
Epoch: 18 loss: 0.6010 accuracy: 0.6540 val_loss: 0.4599 val_accuracy: 0.8299
Epoch: 19 loss: 0.6019 accuracy: 0.6543 val_loss: 0.5479 val_accuracy: 0.8299
Epoch: 20 loss: 0.6012 accuracy: 0.6552 val_loss: 0.5753 val_accuracy: 0.8299
Job ended!
