Mon 26 Feb 2024 07:51:52 AM EST
Python 3.9.7
nvcc: NVIDIA (R) Cuda compiler driver
Copyright (c) 2005-2019 NVIDIA Corporation
Built on Sun_Jul_28_19:07:16_PDT_2019
Cuda compilation tools, release 10.1, V10.1.243
My SLURM_ARRAY_TASK_ID:  1
DB: ['ISIC2016', 'ISIC2017', 'ISIC2018', 'ISIC2019', 'ISIC2020', '_7_point_criteria', 'PAD_UFES_20']
IMG_SIZE: [150, 150]
CLASSIFIER: EfficientNetB4
JOB_INDEX: 1
Combining...
Combining 1 db out of 7 dbs
Combining 2 db out of 7 dbs
Combining 3 db out of 7 dbs
Combining 4 db out of 7 dbs
Combining 5 db out of 7 dbs
Combining 6 db out of 7 dbs
Combining 7 db out of 7 dbs
Stacking training images
Stacking training labels
Stacking validation images
Stacking validation labels
Combining...
Combining 1 db out of 7 dbs
Combining 2 db out of 7 dbs
Combining 3 db out of 7 dbs
Combining 4 db out of 7 dbs
Combining 5 db out of 7 dbs
Combining 6 db out of 7 dbs
Combining 7 db out of 7 dbs
Stacking training images
Stacking training labels
Stacking validation images
Stacking validation labels
Model: "sequential"
_________________________________________________________________
Layer (type)                 Output Shape              Param #   
=================================================================
efficientnetb4 (Functional)  (None, 1792)              17673823  
_________________________________________________________________
dense (Dense)                (None, 512)               918016    
_________________________________________________________________
dropout (Dropout)            (None, 512)               0         
_________________________________________________________________
batch_normalization (BatchNo (None, 512)               2048      
_________________________________________________________________
dense_1 (Dense)              (None, 256)               131328    
_________________________________________________________________
dropout_1 (Dropout)          (None, 256)               0         
_________________________________________________________________
batch_normalization_1 (Batch (None, 256)               1024      
_________________________________________________________________
dense_2 (Dense)              (None, 2)                 514       
=================================================================
Total params: 18,726,753
Trainable params: 1,051,394
Non-trainable params: 17,675,359
_________________________________________________________________
Fitting ISIC2016+ISIC2017+ISIC2018+ISIC2019+ISIC2020+_7_point_criteria+PAD_UFES_20_noaug_EfficientNetB4_150h_150w_1 model...
Epoch: 1 loss: 0.3483 accuracy: 0.8915 val_loss: 0.2857 val_accuracy: 0.9126
Epoch: 2 loss: 0.3032 accuracy: 0.9045 val_loss: 0.2752 val_accuracy: 0.9126
Epoch: 3 loss: 0.3020 accuracy: 0.9046 val_loss: 0.2798 val_accuracy: 0.9126
Epoch: 4 loss: 0.3002 accuracy: 0.9045 val_loss: 0.2751 val_accuracy: 0.9126
Epoch: 5 loss: 0.2993 accuracy: 0.9046 val_loss: 0.2961 val_accuracy: 0.9126
Epoch: 6 loss: 0.2989 accuracy: 0.9046 val_loss: 0.2760 val_accuracy: 0.9126
Epoch: 7 loss: 0.2975 accuracy: 0.9045 val_loss: 0.2727 val_accuracy: 0.9126
Epoch: 8 loss: 0.2973 accuracy: 0.9045 val_loss: 0.2835 val_accuracy: 0.9126
Epoch: 9 loss: 0.2967 accuracy: 0.9045 val_loss: 0.2757 val_accuracy: 0.9126
Epoch: 10 loss: 0.2961 accuracy: 0.9045 val_loss: 0.2696 val_accuracy: 0.9126
Epoch: 11 loss: 0.2948 accuracy: 0.9045 val_loss: 0.2791 val_accuracy: 0.9126
Epoch: 12 loss: 0.2940 accuracy: 0.9046 val_loss: 0.2901 val_accuracy: 0.9126
Epoch: 13 loss: 0.2938 accuracy: 0.9045 val_loss: 0.2715 val_accuracy: 0.9126
Epoch: 14 loss: 0.2924 accuracy: 0.9045 val_loss: 0.2821 val_accuracy: 0.9126
Epoch: 15 loss: 0.2944 accuracy: 0.9045 val_loss: 0.2808 val_accuracy: 0.9126
Epoch: 16 loss: 0.2961 accuracy: 0.9045 val_loss: 0.2767 val_accuracy: 0.9126
Epoch: 17 loss: 0.2951 accuracy: 0.9045 val_loss: 0.2720 val_accuracy: 0.9126
Epoch: 18 loss: 0.2939 accuracy: 0.9045 val_loss: 0.3131 val_accuracy: 0.9126
Epoch: 19 loss: 0.2938 accuracy: 0.9045 val_loss: 0.2840 val_accuracy: 0.9126
Epoch: 20 loss: 0.2943 accuracy: 0.9045 val_loss: 0.2795 val_accuracy: 0.9126
Fitting ISIC2016+ISIC2017+ISIC2018+ISIC2019+ISIC2020+_7_point_criteria+PAD_UFES_20_aug_EfficientNetB4_150h_150w_1 model...
Epoch: 1 loss: 0.5652 accuracy: 0.7261 val_loss: 0.4116 val_accuracy: 0.9126
Epoch: 2 loss: 0.5617 accuracy: 0.7263 val_loss: 0.4592 val_accuracy: 0.9126
Epoch: 3 loss: 0.5609 accuracy: 0.7261 val_loss: 0.4500 val_accuracy: 0.9126
Epoch: 4 loss: 0.5582 accuracy: 0.7277 val_loss: 0.4073 val_accuracy: 0.9126
Epoch: 5 loss: 0.5566 accuracy: 0.7280 val_loss: 0.4326 val_accuracy: 0.9114
Epoch: 6 loss: 0.5549 accuracy: 0.7289 val_loss: 0.4794 val_accuracy: 0.9038
Epoch: 7 loss: 0.5538 accuracy: 0.7293 val_loss: 0.5420 val_accuracy: 0.8451
Epoch: 8 loss: 0.5512 accuracy: 0.7295 val_loss: 0.5190 val_accuracy: 0.8620
Epoch: 9 loss: 0.5506 accuracy: 0.7287 val_loss: 0.6147 val_accuracy: 0.6099
Epoch: 10 loss: 0.5485 accuracy: 0.7291 val_loss: 0.5165 val_accuracy: 0.8269
Epoch: 11 loss: 0.5462 accuracy: 0.7303 val_loss: 0.4645 val_accuracy: 0.9126
Epoch: 12 loss: 0.5440 accuracy: 0.7285 val_loss: 0.3067 val_accuracy: 0.9123
Epoch: 13 loss: 0.5430 accuracy: 0.7285 val_loss: 0.3995 val_accuracy: 0.8972
Epoch: 14 loss: 0.5430 accuracy: 0.7281 val_loss: 0.4493 val_accuracy: 0.8940
Epoch: 15 loss: 0.5401 accuracy: 0.7277 val_loss: 0.5137 val_accuracy: 0.8345
Epoch: 16 loss: 0.5389 accuracy: 0.7281 val_loss: 0.6739 val_accuracy: 0.5656
Epoch: 17 loss: 0.5371 accuracy: 0.7291 val_loss: 0.6375 val_accuracy: 0.6286
Epoch: 18 loss: 0.5358 accuracy: 0.7293 val_loss: 0.6791 val_accuracy: 0.5120
Epoch: 19 loss: 0.5357 accuracy: 0.7281 val_loss: 0.4961 val_accuracy: 0.8431
Epoch: 20 loss: 0.5334 accuracy: 0.7291 val_loss: 0.4487 val_accuracy: 0.9020
Job ended!
