Mon 04 Mar 2024 06:46:18 PM EST
Python 3.9.7
nvcc: NVIDIA (R) Cuda compiler driver
Copyright (c) 2005-2019 NVIDIA Corporation
Built on Sun_Jul_28_19:07:16_PDT_2019
Cuda compilation tools, release 10.1, V10.1.243
My SLURM_ARRAY_TASK_ID: 
DB: ['ISIC2016', 'ISIC2017', 'ISIC2018', 'ISIC2019']
IMG_SIZE: [150, 150]
CLASSIFIER: MeshNet
SELF_AUG: 1
JOB_INDEX: None
Combining...
Combining 1 db out of 4 dbs
Combining 2 db out of 4 dbs
Combining 3 db out of 4 dbs
Combining 4 db out of 4 dbs
Stacking training images
Stacking training labels
Stacking validation images
Stacking validation labels
Model: "sequential"
_________________________________________________________________
Layer (type)                 Output Shape              Param #   
=================================================================
conv2d (Conv2D)              (None, 150, 150, 256)     7168      
_________________________________________________________________
activation (Activation)      (None, 150, 150, 256)     0         
_________________________________________________________________
dropout (Dropout)            (None, 150, 150, 256)     0         
_________________________________________________________________
batch_normalization (BatchNo (None, 150, 150, 256)     1024      
_________________________________________________________________
conv2d_1 (Conv2D)            (None, 150, 150, 128)     295040    
_________________________________________________________________
activation_1 (Activation)    (None, 150, 150, 128)     0         
_________________________________________________________________
dropout_1 (Dropout)          (None, 150, 150, 128)     0         
_________________________________________________________________
batch_normalization_1 (Batch (None, 150, 150, 128)     512       
_________________________________________________________________
conv2d_2 (Conv2D)            (None, 150, 150, 128)     147584    
_________________________________________________________________
activation_2 (Activation)    (None, 150, 150, 128)     0         
_________________________________________________________________
dropout_2 (Dropout)          (None, 150, 150, 128)     0         
_________________________________________________________________
batch_normalization_2 (Batch (None, 150, 150, 128)     512       
_________________________________________________________________
conv2d_3 (Conv2D)            (None, 150, 150, 128)     147584    
_________________________________________________________________
activation_3 (Activation)    (None, 150, 150, 128)     0         
_________________________________________________________________
dropout_3 (Dropout)          (None, 150, 150, 128)     0         
_________________________________________________________________
batch_normalization_3 (Batch (None, 150, 150, 128)     512       
_________________________________________________________________
conv2d_4 (Conv2D)            (None, 150, 150, 128)     147584    
_________________________________________________________________
activation_4 (Activation)    (None, 150, 150, 128)     0         
_________________________________________________________________
dropout_4 (Dropout)          (None, 150, 150, 128)     0         
_________________________________________________________________
batch_normalization_4 (Batch (None, 150, 150, 128)     512       
_________________________________________________________________
conv2d_5 (Conv2D)            (None, 150, 150, 128)     147584    
_________________________________________________________________
activation_5 (Activation)    (None, 150, 150, 128)     0         
_________________________________________________________________
dropout_5 (Dropout)          (None, 150, 150, 128)     0         
_________________________________________________________________
batch_normalization_5 (Batch (None, 150, 150, 128)     512       
_________________________________________________________________
conv2d_6 (Conv2D)            (None, 150, 150, 64)      73792     
_________________________________________________________________
activation_6 (Activation)    (None, 150, 150, 64)      0         
_________________________________________________________________
dropout_6 (Dropout)          (None, 150, 150, 64)      0         
_________________________________________________________________
batch_normalization_6 (Batch (None, 150, 150, 64)      256       
_________________________________________________________________
conv2d_7 (Conv2D)            (None, 150, 150, 64)      36928     
_________________________________________________________________
global_max_pooling2d (Global (None, 64)                0         
_________________________________________________________________
dense (Dense)                (None, 2)                 130       
=================================================================
Total params: 1,007,234
Trainable params: 1,005,314
Non-trainable params: 1,920
_________________________________________________________________
Fitting ISIC2016+ISIC2017+ISIC2018+ISIC2019_aug_MeshNet_150h_150w_None model...
model_name: ISIC2016+ISIC2017+ISIC2018+ISIC2019_aug_MeshNet_150h_150w_None
Epoch: 1 loss: 0.5959 accuracy: 0.6840 val_loss: 0.8828 val_accuracy: 0.5469
Epoch: 2 loss: 0.5248 accuracy: 0.7396 val_loss: 0.4881 val_accuracy: 0.7701
Epoch: 3 loss: 0.4948 accuracy: 0.7604 val_loss: 0.4746 val_accuracy: 0.7689
Epoch: 4 loss: 0.4831 accuracy: 0.7661 val_loss: 0.4390 val_accuracy: 0.8020
Epoch: 5 loss: 0.4715 accuracy: 0.7768 val_loss: 0.4743 val_accuracy: 0.7755
Epoch: 6 loss: 0.4622 accuracy: 0.7822 val_loss: 0.4150 val_accuracy: 0.8184
Epoch: 7 loss: 0.4525 accuracy: 0.7879 val_loss: 0.4716 val_accuracy: 0.7725
Epoch: 8 loss: 0.4494 accuracy: 0.7887 val_loss: 0.4192 val_accuracy: 0.8084
Epoch: 9 loss: 0.4427 accuracy: 0.7931 val_loss: 0.5246 val_accuracy: 0.7270
Epoch: 10 loss: 0.4369 accuracy: 0.7966 val_loss: 0.3898 val_accuracy: 0.8343
Epoch: 11 loss: 0.4318 accuracy: 0.7964 val_loss: 0.3679 val_accuracy: 0.8463
Epoch: 12 loss: 0.4245 accuracy: 0.8017 val_loss: 0.4288 val_accuracy: 0.8038
Epoch: 13 loss: 0.4195 accuracy: 0.8040 val_loss: 0.4337 val_accuracy: 0.7975
Epoch: 14 loss: 0.4158 accuracy: 0.8063 val_loss: 0.4294 val_accuracy: 0.7991
Epoch: 15 loss: 0.4115 accuracy: 0.8088 val_loss: 0.3939 val_accuracy: 0.8274
Epoch: 16 loss: 0.4062 accuracy: 0.8101 val_loss: 0.4102 val_accuracy: 0.8140
Epoch: 17 loss: 0.4028 accuracy: 0.8132 val_loss: 0.3942 val_accuracy: 0.8263
Epoch: 18 loss: 0.3975 accuracy: 0.8163 val_loss: 0.3632 val_accuracy: 0.8469
Epoch: 19 loss: 0.3930 accuracy: 0.8195 val_loss: 0.4241 val_accuracy: 0.8098
Epoch: 20 loss: 0.3878 accuracy: 0.8218 val_loss: 0.4328 val_accuracy: 0.8025
Job ended!
