Tue 05 Mar 2024 03:34:44 AM EST
Python 3.9.7
nvcc: NVIDIA (R) Cuda compiler driver
Copyright (c) 2005-2019 NVIDIA Corporation
Built on Sun_Jul_28_19:07:16_PDT_2019
Cuda compilation tools, release 10.1, V10.1.243
My SLURM_ARRAY_TASK_ID: 
DB: ['ISIC2018']
IMG_SIZE: [150, 150]
CLASSIFIER: MeshNet
SELF_AUG: 1
JOB_INDEX: None
Combining...
Combining 1 db out of 1 dbs
Stacking training images
Stacking training labels
Stacking validation images
Stacking validation labels
Model: "sequential"
_________________________________________________________________
Layer (type)                 Output Shape              Param #   
=================================================================
conv2d (Conv2D)              (None, 150, 150, 256)     7168      
_________________________________________________________________
activation (Activation)      (None, 150, 150, 256)     0         
_________________________________________________________________
dropout (Dropout)            (None, 150, 150, 256)     0         
_________________________________________________________________
batch_normalization (BatchNo (None, 150, 150, 256)     1024      
_________________________________________________________________
conv2d_1 (Conv2D)            (None, 150, 150, 128)     295040    
_________________________________________________________________
activation_1 (Activation)    (None, 150, 150, 128)     0         
_________________________________________________________________
dropout_1 (Dropout)          (None, 150, 150, 128)     0         
_________________________________________________________________
batch_normalization_1 (Batch (None, 150, 150, 128)     512       
_________________________________________________________________
conv2d_2 (Conv2D)            (None, 150, 150, 128)     147584    
_________________________________________________________________
activation_2 (Activation)    (None, 150, 150, 128)     0         
_________________________________________________________________
dropout_2 (Dropout)          (None, 150, 150, 128)     0         
_________________________________________________________________
batch_normalization_2 (Batch (None, 150, 150, 128)     512       
_________________________________________________________________
conv2d_3 (Conv2D)            (None, 150, 150, 128)     147584    
_________________________________________________________________
activation_3 (Activation)    (None, 150, 150, 128)     0         
_________________________________________________________________
dropout_3 (Dropout)          (None, 150, 150, 128)     0         
_________________________________________________________________
batch_normalization_3 (Batch (None, 150, 150, 128)     512       
_________________________________________________________________
conv2d_4 (Conv2D)            (None, 150, 150, 128)     147584    
_________________________________________________________________
activation_4 (Activation)    (None, 150, 150, 128)     0         
_________________________________________________________________
dropout_4 (Dropout)          (None, 150, 150, 128)     0         
_________________________________________________________________
batch_normalization_4 (Batch (None, 150, 150, 128)     512       
_________________________________________________________________
conv2d_5 (Conv2D)            (None, 150, 150, 128)     147584    
_________________________________________________________________
activation_5 (Activation)    (None, 150, 150, 128)     0         
_________________________________________________________________
dropout_5 (Dropout)          (None, 150, 150, 128)     0         
_________________________________________________________________
batch_normalization_5 (Batch (None, 150, 150, 128)     512       
_________________________________________________________________
conv2d_6 (Conv2D)            (None, 150, 150, 64)      73792     
_________________________________________________________________
activation_6 (Activation)    (None, 150, 150, 64)      0         
_________________________________________________________________
dropout_6 (Dropout)          (None, 150, 150, 64)      0         
_________________________________________________________________
batch_normalization_6 (Batch (None, 150, 150, 64)      256       
_________________________________________________________________
conv2d_7 (Conv2D)            (None, 150, 150, 64)      36928     
_________________________________________________________________
global_max_pooling2d (Global (None, 64)                0         
_________________________________________________________________
dense (Dense)                (None, 2)                 130       
=================================================================
Total params: 1,007,234
Trainable params: 1,005,314
Non-trainable params: 1,920
_________________________________________________________________
Fitting ISIC2018_aug_MeshNet_150h_150w_None model...
model_name: ISIC2018_aug_MeshNet_150h_150w_None
Epoch: 1 loss: 0.5632 accuracy: 0.7206 val_loss: 0.4727 val_accuracy: 0.6943
Epoch: 2 loss: 0.4881 accuracy: 0.7620 val_loss: 0.8504 val_accuracy: 0.4922
Epoch: 3 loss: 0.4552 accuracy: 0.7812 val_loss: 0.6467 val_accuracy: 0.5803
Epoch: 4 loss: 0.4352 accuracy: 0.7923 val_loss: 0.6592 val_accuracy: 0.6218
Epoch: 5 loss: 0.4129 accuracy: 0.8047 val_loss: 0.5123 val_accuracy: 0.7202
Epoch: 6 loss: 0.4049 accuracy: 0.8161 val_loss: 0.5016 val_accuracy: 0.7098
Epoch: 7 loss: 0.3975 accuracy: 0.8185 val_loss: 0.4973 val_accuracy: 0.7098
Epoch: 8 loss: 0.3847 accuracy: 0.8271 val_loss: 0.5486 val_accuracy: 0.6943
Epoch: 9 loss: 0.3755 accuracy: 0.8285 val_loss: 0.5017 val_accuracy: 0.7358
Epoch: 10 loss: 0.3696 accuracy: 0.8320 val_loss: 0.6719 val_accuracy: 0.6788
Epoch: 11 loss: 0.3674 accuracy: 0.8335 val_loss: 0.5600 val_accuracy: 0.7098
Epoch: 12 loss: 0.3638 accuracy: 0.8342 val_loss: 0.5830 val_accuracy: 0.7202
Epoch: 13 loss: 0.3585 accuracy: 0.8365 val_loss: 0.4561 val_accuracy: 0.7461
Epoch: 14 loss: 0.3535 accuracy: 0.8392 val_loss: 0.6033 val_accuracy: 0.7047
Epoch: 15 loss: 0.3503 accuracy: 0.8420 val_loss: 0.6311 val_accuracy: 0.6839
Epoch: 16 loss: 0.3503 accuracy: 0.8429 val_loss: 0.5577 val_accuracy: 0.7409
Epoch: 17 loss: 0.3462 accuracy: 0.8435 val_loss: 0.5089 val_accuracy: 0.7461
Epoch: 18 loss: 0.3436 accuracy: 0.8447 val_loss: 0.5834 val_accuracy: 0.7098
Epoch: 19 loss: 0.3425 accuracy: 0.8453 val_loss: 0.4945 val_accuracy: 0.7461
Epoch: 20 loss: 0.3326 accuracy: 0.8520 val_loss: 0.5582 val_accuracy: 0.6995
Job ended!
