Mon 04 Mar 2024 06:36:08 PM EST
Python 3.9.7
nvcc: NVIDIA (R) Cuda compiler driver
Copyright (c) 2005-2019 NVIDIA Corporation
Built on Sun_Jul_28_19:07:16_PDT_2019
Cuda compilation tools, release 10.1, V10.1.243
My SLURM_ARRAY_TASK_ID: 
DB: ['ISIC2016', '_7_point_criteria', 'PAD_UFES_20', 'MEDNODE']
IMG_SIZE: [150, 150]
CLASSIFIER: MeshNet
SELF_AUG: 1
JOB_INDEX: None
Combining...
Combining 1 db out of 4 dbs
Combining 2 db out of 4 dbs
Combining 3 db out of 4 dbs
Combining 4 db out of 4 dbs
Stacking training images
Stacking training labels
Stacking validation images
Stacking validation labels
Model: "sequential"
_________________________________________________________________
Layer (type)                 Output Shape              Param #   
=================================================================
conv2d (Conv2D)              (None, 150, 150, 256)     7168      
_________________________________________________________________
activation (Activation)      (None, 150, 150, 256)     0         
_________________________________________________________________
dropout (Dropout)            (None, 150, 150, 256)     0         
_________________________________________________________________
batch_normalization (BatchNo (None, 150, 150, 256)     1024      
_________________________________________________________________
conv2d_1 (Conv2D)            (None, 150, 150, 128)     295040    
_________________________________________________________________
activation_1 (Activation)    (None, 150, 150, 128)     0         
_________________________________________________________________
dropout_1 (Dropout)          (None, 150, 150, 128)     0         
_________________________________________________________________
batch_normalization_1 (Batch (None, 150, 150, 128)     512       
_________________________________________________________________
conv2d_2 (Conv2D)            (None, 150, 150, 128)     147584    
_________________________________________________________________
activation_2 (Activation)    (None, 150, 150, 128)     0         
_________________________________________________________________
dropout_2 (Dropout)          (None, 150, 150, 128)     0         
_________________________________________________________________
batch_normalization_2 (Batch (None, 150, 150, 128)     512       
_________________________________________________________________
conv2d_3 (Conv2D)            (None, 150, 150, 128)     147584    
_________________________________________________________________
activation_3 (Activation)    (None, 150, 150, 128)     0         
_________________________________________________________________
dropout_3 (Dropout)          (None, 150, 150, 128)     0         
_________________________________________________________________
batch_normalization_3 (Batch (None, 150, 150, 128)     512       
_________________________________________________________________
conv2d_4 (Conv2D)            (None, 150, 150, 128)     147584    
_________________________________________________________________
activation_4 (Activation)    (None, 150, 150, 128)     0         
_________________________________________________________________
dropout_4 (Dropout)          (None, 150, 150, 128)     0         
_________________________________________________________________
batch_normalization_4 (Batch (None, 150, 150, 128)     512       
_________________________________________________________________
conv2d_5 (Conv2D)            (None, 150, 150, 128)     147584    
_________________________________________________________________
activation_5 (Activation)    (None, 150, 150, 128)     0         
_________________________________________________________________
dropout_5 (Dropout)          (None, 150, 150, 128)     0         
_________________________________________________________________
batch_normalization_5 (Batch (None, 150, 150, 128)     512       
_________________________________________________________________
conv2d_6 (Conv2D)            (None, 150, 150, 64)      73792     
_________________________________________________________________
activation_6 (Activation)    (None, 150, 150, 64)      0         
_________________________________________________________________
dropout_6 (Dropout)          (None, 150, 150, 64)      0         
_________________________________________________________________
batch_normalization_6 (Batch (None, 150, 150, 64)      256       
_________________________________________________________________
conv2d_7 (Conv2D)            (None, 150, 150, 64)      36928     
_________________________________________________________________
global_max_pooling2d (Global (None, 64)                0         
_________________________________________________________________
dense (Dense)                (None, 2)                 130       
=================================================================
Total params: 1,007,234
Trainable params: 1,005,314
Non-trainable params: 1,920
_________________________________________________________________
Fitting ISIC2016+_7_point_criteria+PAD_UFES_20+MEDNODE_aug_MeshNet_150h_150w_None model...
model_name: ISIC2016+_7_point_criteria+PAD_UFES_20+MEDNODE_aug_MeshNet_150h_150w_None
Epoch: 1 loss: 1.4163 accuracy: 0.7193 val_loss: 0.6128 val_accuracy: 0.6556
Epoch: 2 loss: 0.6494 accuracy: 0.7178 val_loss: 0.4711 val_accuracy: 0.8096
Epoch: 3 loss: 0.5927 accuracy: 0.7295 val_loss: 0.5194 val_accuracy: 0.8027
Epoch: 4 loss: 0.5833 accuracy: 0.7326 val_loss: 0.6652 val_accuracy: 0.6203
Epoch: 5 loss: 0.5668 accuracy: 0.7367 val_loss: 0.8157 val_accuracy: 0.4116
Epoch: 6 loss: 0.5563 accuracy: 0.7361 val_loss: 0.9429 val_accuracy: 0.3649
Epoch: 7 loss: 0.5317 accuracy: 0.7491 val_loss: 0.9027 val_accuracy: 0.3569
Epoch: 8 loss: 0.5101 accuracy: 0.7547 val_loss: 0.6504 val_accuracy: 0.6021
Epoch: 9 loss: 0.4960 accuracy: 0.7617 val_loss: 0.7504 val_accuracy: 0.5621
Epoch: 10 loss: 0.4909 accuracy: 0.7580 val_loss: 0.6258 val_accuracy: 0.5975
Epoch: 11 loss: 0.4888 accuracy: 0.7634 val_loss: 0.6643 val_accuracy: 0.6169
Epoch: 12 loss: 0.4876 accuracy: 0.7682 val_loss: 0.6080 val_accuracy: 0.6237
Epoch: 13 loss: 0.4803 accuracy: 0.7669 val_loss: 0.5801 val_accuracy: 0.6328
Epoch: 14 loss: 0.4762 accuracy: 0.7751 val_loss: 0.6444 val_accuracy: 0.6112
Epoch: 15 loss: 0.4658 accuracy: 0.7779 val_loss: 0.5840 val_accuracy: 0.6556
Epoch: 16 loss: 0.4753 accuracy: 0.7706 val_loss: 0.4457 val_accuracy: 0.7891
Epoch: 17 loss: 0.4604 accuracy: 0.7795 val_loss: 0.4136 val_accuracy: 0.8244
Epoch: 18 loss: 0.4587 accuracy: 0.7849 val_loss: 0.6295 val_accuracy: 0.6579
Epoch: 19 loss: 0.4540 accuracy: 0.7743 val_loss: 0.4888 val_accuracy: 0.7514
Epoch: 20 loss: 0.4539 accuracy: 0.7736 val_loss: 0.4408 val_accuracy: 0.7925
Job ended!
