Fri 01 Mar 2024 08:01:58 PM EST
Python 3.9.7
nvcc: NVIDIA (R) Cuda compiler driver
Copyright (c) 2005-2019 NVIDIA Corporation
Built on Sun_Jul_28_19:07:16_PDT_2019
Cuda compilation tools, release 10.1, V10.1.243
My SLURM_ARRAY_TASK_ID: 
DB: ['ISIC2016', '_7_point_criteria', 'PAD_UFES_20', 'MEDNODE']
IMG_SIZE: [150, 150]
CLASSIFIER: ResNet152V2
SELF_AUG: 1
JOB_INDEX: None
Combining...
Combining 1 db out of 4 dbs
Combining 2 db out of 4 dbs
Combining 3 db out of 4 dbs
Combining 4 db out of 4 dbs
Stacking training images
Stacking training labels
Stacking validation images
Stacking validation labels
Model: "sequential"
_________________________________________________________________
Layer (type)                 Output Shape              Param #   
=================================================================
resnet152v2 (Functional)     (None, 2048)              58331648  
_________________________________________________________________
dense (Dense)                (None, 512)               1049088   
_________________________________________________________________
dropout (Dropout)            (None, 512)               0         
_________________________________________________________________
batch_normalization (BatchNo (None, 512)               2048      
_________________________________________________________________
dense_1 (Dense)              (None, 256)               131328    
_________________________________________________________________
dropout_1 (Dropout)          (None, 256)               0         
_________________________________________________________________
batch_normalization_1 (Batch (None, 256)               1024      
_________________________________________________________________
dense_2 (Dense)              (None, 2)                 514       
=================================================================
Total params: 59,515,650
Trainable params: 1,182,466
Non-trainable params: 58,333,184
_________________________________________________________________
Fitting ISIC2016+_7_point_criteria+PAD_UFES_20+MEDNODE_aug_ResNet152V2_150h_150w_None model...
model_name: ISIC2016+_7_point_criteria+PAD_UFES_20+MEDNODE_aug_ResNet152V2_150h_150w_None
Epoch: 1 loss: 0.7255 accuracy: 0.6653 val_loss: 0.4063 val_accuracy: 0.8210
Epoch: 2 loss: 0.5365 accuracy: 0.7463 val_loss: 0.3788 val_accuracy: 0.8438
Epoch: 3 loss: 0.4422 accuracy: 0.7994 val_loss: 0.3731 val_accuracy: 0.8415
Epoch: 4 loss: 0.3788 accuracy: 0.8326 val_loss: 0.3558 val_accuracy: 0.8529
Epoch: 5 loss: 0.3452 accuracy: 0.8487 val_loss: 0.3405 val_accuracy: 0.8780
Epoch: 6 loss: 0.2859 accuracy: 0.8763 val_loss: 0.3474 val_accuracy: 0.8632
Epoch: 7 loss: 0.2656 accuracy: 0.8882 val_loss: 0.3414 val_accuracy: 0.8597
Epoch: 8 loss: 0.2427 accuracy: 0.9004 val_loss: 0.3535 val_accuracy: 0.8746
Epoch: 9 loss: 0.2236 accuracy: 0.9086 val_loss: 0.3439 val_accuracy: 0.8734
Epoch: 10 loss: 0.2061 accuracy: 0.9188 val_loss: 0.3557 val_accuracy: 0.8746
Epoch: 11 loss: 0.1808 accuracy: 0.9292 val_loss: 0.3589 val_accuracy: 0.8689
Epoch: 12 loss: 0.1699 accuracy: 0.9349 val_loss: 0.3851 val_accuracy: 0.8597
Epoch: 13 loss: 0.1589 accuracy: 0.9379 val_loss: 0.3987 val_accuracy: 0.8689
Epoch: 14 loss: 0.1512 accuracy: 0.9394 val_loss: 0.3790 val_accuracy: 0.8791
Epoch: 15 loss: 0.1305 accuracy: 0.9512 val_loss: 0.3709 val_accuracy: 0.8643
Epoch: 16 loss: 0.1232 accuracy: 0.9520 val_loss: 0.3899 val_accuracy: 0.8734
Epoch: 17 loss: 0.1139 accuracy: 0.9603 val_loss: 0.4145 val_accuracy: 0.8814
Epoch: 18 loss: 0.1027 accuracy: 0.9618 val_loss: 0.4064 val_accuracy: 0.8677
Epoch: 19 loss: 0.0966 accuracy: 0.9631 val_loss: 0.4408 val_accuracy: 0.8734
Epoch: 20 loss: 0.0900 accuracy: 0.9674 val_loss: 0.4359 val_accuracy: 0.8712
Job ended!
