Fri 01 Mar 2024 08:06:54 PM EST
Python 3.9.7
nvcc: NVIDIA (R) Cuda compiler driver
Copyright (c) 2005-2019 NVIDIA Corporation
Built on Sun_Jul_28_19:07:16_PDT_2019
Cuda compilation tools, release 10.1, V10.1.243
My SLURM_ARRAY_TASK_ID: 
DB: ['ISIC2016', 'ISIC2017', 'ISIC2018', 'ISIC2019', 'ISIC2020', 'PAD_UFES_20', 'MEDNODE']
IMG_SIZE: [150, 150]
CLASSIFIER: ResNet152V2
SELF_AUG: 1
JOB_INDEX: None
Combining...
Combining 1 db out of 7 dbs
Combining 2 db out of 7 dbs
Combining 3 db out of 7 dbs
Combining 4 db out of 7 dbs
Combining 5 db out of 7 dbs
Combining 6 db out of 7 dbs
Combining 7 db out of 7 dbs
Stacking training images
Stacking training labels
Stacking validation images
Stacking validation labels
Model: "sequential"
_________________________________________________________________
Layer (type)                 Output Shape              Param #   
=================================================================
resnet152v2 (Functional)     (None, 2048)              58331648  
_________________________________________________________________
dense (Dense)                (None, 512)               1049088   
_________________________________________________________________
dropout (Dropout)            (None, 512)               0         
_________________________________________________________________
batch_normalization (BatchNo (None, 512)               2048      
_________________________________________________________________
dense_1 (Dense)              (None, 256)               131328    
_________________________________________________________________
dropout_1 (Dropout)          (None, 256)               0         
_________________________________________________________________
batch_normalization_1 (Batch (None, 256)               1024      
_________________________________________________________________
dense_2 (Dense)              (None, 2)                 514       
=================================================================
Total params: 59,515,650
Trainable params: 1,182,466
Non-trainable params: 58,333,184
_________________________________________________________________
Fitting ISIC2016+ISIC2017+ISIC2018+ISIC2019+ISIC2020+PAD_UFES_20+MEDNODE_aug_ResNet152V2_150h_150w_None model...
model_name: ISIC2016+ISIC2017+ISIC2018+ISIC2019+ISIC2020+PAD_UFES_20+MEDNODE_aug_ResNet152V2_150h_150w_None
Epoch: 1 loss: 0.4697 accuracy: 0.7805 val_loss: 0.2162 val_accuracy: 0.9206
Epoch: 2 loss: 0.3874 accuracy: 0.8181 val_loss: 0.2013 val_accuracy: 0.9274
Epoch: 3 loss: 0.3624 accuracy: 0.8310 val_loss: 0.1948 val_accuracy: 0.9288
Epoch: 4 loss: 0.3470 accuracy: 0.8397 val_loss: 0.2009 val_accuracy: 0.9249
Epoch: 5 loss: 0.3339 accuracy: 0.8452 val_loss: 0.1930 val_accuracy: 0.9281
Epoch: 6 loss: 0.3233 accuracy: 0.8510 val_loss: 0.1864 val_accuracy: 0.9308
Epoch: 7 loss: 0.3123 accuracy: 0.8564 val_loss: 0.1881 val_accuracy: 0.9298
Epoch: 8 loss: 0.3045 accuracy: 0.8601 val_loss: 0.1837 val_accuracy: 0.9332
Epoch: 9 loss: 0.2942 accuracy: 0.8656 val_loss: 0.1869 val_accuracy: 0.9308
Epoch: 10 loss: 0.2847 accuracy: 0.8699 val_loss: 0.1852 val_accuracy: 0.9331
Epoch: 11 loss: 0.2768 accuracy: 0.8754 val_loss: 0.1911 val_accuracy: 0.9312
Epoch: 12 loss: 0.2689 accuracy: 0.8794 val_loss: 0.1831 val_accuracy: 0.9366
Epoch: 13 loss: 0.2600 accuracy: 0.8830 val_loss: 0.1868 val_accuracy: 0.9353
Epoch: 14 loss: 0.2524 accuracy: 0.8865 val_loss: 0.1910 val_accuracy: 0.9354
Epoch: 15 loss: 0.2432 accuracy: 0.8908 val_loss: 0.1875 val_accuracy: 0.9382
Epoch: 16 loss: 0.2397 accuracy: 0.8930 val_loss: 0.1973 val_accuracy: 0.9338
Epoch: 17 loss: 0.2319 accuracy: 0.8969 val_loss: 0.1930 val_accuracy: 0.9356
Epoch: 18 loss: 0.2255 accuracy: 0.8993 val_loss: 0.1968 val_accuracy: 0.9340
Epoch: 19 loss: 0.2217 accuracy: 0.9025 val_loss: 0.2011 val_accuracy: 0.9389
Epoch: 20 loss: 0.2155 accuracy: 0.9046 val_loss: 0.1998 val_accuracy: 0.9359
Job ended!
