Mon 06 May 2024 07:51:50 PM EDT
Python 3.9.7
nvcc: NVIDIA (R) Cuda compiler driver
Copyright (c) 2005-2019 NVIDIA Corporation
Built on Sun_Jul_28_19:07:16_PDT_2019
Cuda compilation tools, release 10.1, V10.1.243
My SLURM_ARRAY_TASK_ID: 
DB: ['ISIC2016', 'PAD_UFES_20', 'MEDNODE']
IMG_SIZE: [384, 384]
CLASSIFIER: ResNet152V2
JOB_INDEX: None
Start training augmented images
Combining...
Combining 1th db out of 3 dbs
Combining 2th db out of 3 dbs
Combining 3th db out of 3 dbs
Stacking data
Combining complete
Model: "sequential"
_________________________________________________________________
Layer (type)                 Output Shape              Param #   
=================================================================
resnet152v2 (Functional)     (None, 2048)              58331648  
_________________________________________________________________
dense (Dense)                (None, 512)               1049088   
_________________________________________________________________
dropout (Dropout)            (None, 512)               0         
_________________________________________________________________
batch_normalization (BatchNo (None, 512)               2048      
_________________________________________________________________
dense_1 (Dense)              (None, 256)               131328    
_________________________________________________________________
batch_normalization_1 (Batch (None, 256)               1024      
_________________________________________________________________
dense_2 (Dense)              (None, 2)                 514       
=================================================================
Total params: 59,515,650
Trainable params: 1,182,466
Non-trainable params: 58,333,184
_________________________________________________________________
Fitting ISIC2016+PAD_UFES_20+MEDNODE_aug_ResNet152V2_384h_384w_None model...
model_name: ISIC2016+PAD_UFES_20+MEDNODE_aug_ResNet152V2_384h_384w_None
Epoch: 1 loss: 1.1910 accuracy: 0.7061 val_loss: 1.0354 val_accuracy: 0.8220
Epoch: 2 loss: 0.9625 accuracy: 0.8208 val_loss: 1.0088 val_accuracy: 0.8205
Epoch: 3 loss: 0.8326 accuracy: 0.8851 val_loss: 0.9018 val_accuracy: 0.8531
Epoch: 4 loss: 0.7656 accuracy: 0.9120 val_loss: 0.8942 val_accuracy: 0.8561
Epoch: 5 loss: 0.7124 accuracy: 0.9340 val_loss: 0.8342 val_accuracy: 0.8739
Epoch: 6 loss: 0.6762 accuracy: 0.9418 val_loss: 0.8598 val_accuracy: 0.8576
Epoch: 7 loss: 0.6477 accuracy: 0.9496 val_loss: 0.8512 val_accuracy: 0.8605
Epoch: 8 loss: 0.6103 accuracy: 0.9662 val_loss: 0.8265 val_accuracy: 0.8754
Epoch: 9 loss: 0.5921 accuracy: 0.9652 val_loss: 0.7886 val_accuracy: 0.8902
Epoch: 10 loss: 0.5707 accuracy: 0.9713 val_loss: 0.7755 val_accuracy: 0.9006
Epoch: 11 loss: 0.5526 accuracy: 0.9748 val_loss: 0.8508 val_accuracy: 0.8635
Epoch: 12 loss: 0.5239 accuracy: 0.9839 val_loss: 0.7946 val_accuracy: 0.8961
Epoch: 13 loss: 0.5205 accuracy: 0.9803 val_loss: 0.7948 val_accuracy: 0.8902
Epoch: 14 loss: 0.5011 accuracy: 0.9849 val_loss: 0.7879 val_accuracy: 0.8902
Epoch: 15 loss: 0.4925 accuracy: 0.9831 val_loss: 0.7963 val_accuracy: 0.8798

Epoch 00015: ReduceLROnPlateau reducing learning rate to 7.999999797903001e-05.
Epoch: 16 loss: 0.4818 accuracy: 0.9874 val_loss: 0.7555 val_accuracy: 0.8917
Epoch: 17 loss: 0.4691 accuracy: 0.9904 val_loss: 0.7686 val_accuracy: 0.8887
Epoch: 18 loss: 0.4664 accuracy: 0.9879 val_loss: 0.7749 val_accuracy: 0.8947
Epoch: 19 loss: 0.4553 accuracy: 0.9914 val_loss: 0.7660 val_accuracy: 0.9006
Epoch: 20 loss: 0.4529 accuracy: 0.9909 val_loss: 0.7654 val_accuracy: 0.8947
Epoch: 21 loss: 0.4381 accuracy: 0.9940 val_loss: 0.7701 val_accuracy: 0.8976

Epoch 00021: ReduceLROnPlateau reducing learning rate to 6.399999838322402e-05.
Epoch: 22 loss: 0.4295 accuracy: 0.9934 val_loss: 0.7588 val_accuracy: 0.8991
Epoch: 23 loss: 0.4260 accuracy: 0.9942 val_loss: 0.7215 val_accuracy: 0.9080
Epoch: 24 loss: 0.4158 accuracy: 0.9955 val_loss: 0.7480 val_accuracy: 0.8932
Epoch: 25 loss: 0.4135 accuracy: 0.9955 val_loss: 0.7556 val_accuracy: 0.8976
Epoch: 26 loss: 0.4050 accuracy: 0.9985 val_loss: 0.7625 val_accuracy: 0.9006
Epoch: 27 loss: 0.4017 accuracy: 0.9975 val_loss: 0.7600 val_accuracy: 0.8991
Epoch: 28 loss: 0.3959 accuracy: 0.9970 val_loss: 0.7425 val_accuracy: 0.9065

Epoch 00028: ReduceLROnPlateau reducing learning rate to 5.119999987073243e-05.
Epoch: 29 loss: 0.3894 accuracy: 0.9977 val_loss: 0.7600 val_accuracy: 0.8947
Epoch: 30 loss: 0.3903 accuracy: 0.9960 val_loss: 0.7425 val_accuracy: 0.8961
Epoch: 31 loss: 0.3857 accuracy: 0.9962 val_loss: 0.7498 val_accuracy: 0.8961
Epoch: 32 loss: 0.3773 accuracy: 0.9982 val_loss: 0.7361 val_accuracy: 0.9036
Epoch: 33 loss: 0.3760 accuracy: 0.9980 val_loss: 0.7365 val_accuracy: 0.8947

Epoch 00033: ReduceLROnPlateau reducing learning rate to 4.0960000478662555e-05.
End of augmented training
Finish
Job ended!
