Wed 28 Feb 2024 05:54:04 AM EST
Python 3.9.7
nvcc: NVIDIA (R) Cuda compiler driver
Copyright (c) 2005-2019 NVIDIA Corporation
Built on Sun_Jul_28_19:07:16_PDT_2019
Cuda compilation tools, release 10.1, V10.1.243
My SLURM_ARRAY_TASK_ID: 
DB: ['ISIC2016', 'ISIC2017', 'ISIC2018', 'ISIC2019', 'ISIC2020', 'PH2']
IMG_SIZE: [150, 150]
CLASSIFIER: ResNet152V2
SELF_AUG: 1
JOB_INDEX: None
Combining...
Combining 1 db out of 6 dbs
Combining 2 db out of 6 dbs
Combining 3 db out of 6 dbs
Combining 4 db out of 6 dbs
Combining 5 db out of 6 dbs
Combining 6 db out of 6 dbs
Stacking training images
Stacking training labels
Stacking validation images
Stacking validation labels
Model: "sequential"
_________________________________________________________________
Layer (type)                 Output Shape              Param #   
=================================================================
resnet152v2 (Functional)     (None, 2048)              58331648  
_________________________________________________________________
dense (Dense)                (None, 512)               1049088   
_________________________________________________________________
dropout (Dropout)            (None, 512)               0         
_________________________________________________________________
batch_normalization (BatchNo (None, 512)               2048      
_________________________________________________________________
dense_1 (Dense)              (None, 256)               131328    
_________________________________________________________________
dropout_1 (Dropout)          (None, 256)               0         
_________________________________________________________________
batch_normalization_1 (Batch (None, 256)               1024      
_________________________________________________________________
dense_2 (Dense)              (None, 2)                 514       
=================================================================
Total params: 59,515,650
Trainable params: 1,182,466
Non-trainable params: 58,333,184
_________________________________________________________________
Fitting ISIC2016+ISIC2017+ISIC2018+ISIC2019+ISIC2020+PH2_aug_ResNet152V2_150h_150w_None model...
model_name: ISIC2016+ISIC2017+ISIC2018+ISIC2019+ISIC2020+PH2_aug_ResNet152V2_150h_150w_None
Epoch: 1 loss: 0.5777 accuracy: 0.7145 val_loss: 0.3520 val_accuracy: 0.8364
Epoch: 2 loss: 0.4861 accuracy: 0.7469 val_loss: 0.2777 val_accuracy: 0.9026
Epoch: 3 loss: 0.4568 accuracy: 0.7639 val_loss: 0.3207 val_accuracy: 0.8639
Epoch: 4 loss: 0.4457 accuracy: 0.7737 val_loss: 0.3069 val_accuracy: 0.8542
Epoch: 5 loss: 0.4419 accuracy: 0.7781 val_loss: 0.2824 val_accuracy: 0.9094
Epoch: 6 loss: 0.4368 accuracy: 0.7826 val_loss: 0.3102 val_accuracy: 0.8992
Epoch: 7 loss: 0.4331 accuracy: 0.7861 val_loss: 0.2620 val_accuracy: 0.9032
Epoch: 8 loss: 0.4309 accuracy: 0.7886 val_loss: 0.3620 val_accuracy: 0.8454
Epoch: 9 loss: 0.4258 accuracy: 0.7921 val_loss: 0.3308 val_accuracy: 0.8988
Epoch: 10 loss: 0.4243 accuracy: 0.7925 val_loss: 0.2655 val_accuracy: 0.9028
Epoch: 11 loss: 0.4232 accuracy: 0.7945 val_loss: 0.2786 val_accuracy: 0.8988
Epoch: 12 loss: 0.4368 accuracy: 0.7760 val_loss: 0.3646 val_accuracy: 0.8351
Epoch: 13 loss: 0.4388 accuracy: 0.7742 val_loss: 0.4142 val_accuracy: 0.8005
Epoch: 14 loss: 0.4351 accuracy: 0.7840 val_loss: 0.4495 val_accuracy: 0.7721
Epoch: 15 loss: 0.4301 accuracy: 0.7886 val_loss: 0.3374 val_accuracy: 0.8513
Epoch: 16 loss: 0.4290 accuracy: 0.7895 val_loss: 0.5638 val_accuracy: 0.6641
Epoch: 17 loss: 0.4275 accuracy: 0.7929 val_loss: 0.6168 val_accuracy: 0.6233
Epoch: 18 loss: 0.4254 accuracy: 0.7936 val_loss: 0.7379 val_accuracy: 0.5315
Epoch: 19 loss: 0.4239 accuracy: 0.7931 val_loss: 0.5765 val_accuracy: 0.6603
Epoch: 20 loss: 0.4232 accuracy: 0.7949 val_loss: 0.5373 val_accuracy: 0.6925
Job ended!
