Wed 28 Feb 2024 05:11:52 AM EST
Python 3.9.7
nvcc: NVIDIA (R) Cuda compiler driver
Copyright (c) 2005-2019 NVIDIA Corporation
Built on Sun_Jul_28_19:07:16_PDT_2019
Cuda compilation tools, release 10.1, V10.1.243
My SLURM_ARRAY_TASK_ID: 
DB: ['ISIC2016', 'ISIC2017', 'ISIC2018', 'ISIC2019', 'ISIC2020']
IMG_SIZE: [150, 150]
CLASSIFIER: ResNet152V2
SELF_AUG: 1
JOB_INDEX: None
Combining...
Combining 1 db out of 5 dbs
Combining 2 db out of 5 dbs
Combining 3 db out of 5 dbs
Combining 4 db out of 5 dbs
Combining 5 db out of 5 dbs
Stacking training images
Stacking training labels
Stacking validation images
Stacking validation labels
Model: "sequential"
_________________________________________________________________
Layer (type)                 Output Shape              Param #   
=================================================================
resnet152v2 (Functional)     (None, 2048)              58331648  
_________________________________________________________________
dense (Dense)                (None, 512)               1049088   
_________________________________________________________________
dropout (Dropout)            (None, 512)               0         
_________________________________________________________________
batch_normalization (BatchNo (None, 512)               2048      
_________________________________________________________________
dense_1 (Dense)              (None, 256)               131328    
_________________________________________________________________
dropout_1 (Dropout)          (None, 256)               0         
_________________________________________________________________
batch_normalization_1 (Batch (None, 256)               1024      
_________________________________________________________________
dense_2 (Dense)              (None, 2)                 514       
=================================================================
Total params: 59,515,650
Trainable params: 1,182,466
Non-trainable params: 58,333,184
_________________________________________________________________
Fitting ISIC2016+ISIC2017+ISIC2018+ISIC2019+ISIC2020_aug_ResNet152V2_150h_150w_None model...
model_name: ISIC2016+ISIC2017+ISIC2018+ISIC2019+ISIC2020_aug_ResNet152V2_150h_150w_None
Epoch: 1 loss: 0.5854 accuracy: 0.7108 val_loss: 0.2996 val_accuracy: 0.9072
Epoch: 2 loss: 0.4958 accuracy: 0.7508 val_loss: 0.3010 val_accuracy: 0.8932
Epoch: 3 loss: 0.4560 accuracy: 0.7714 val_loss: 0.3025 val_accuracy: 0.8960
Epoch: 4 loss: 0.4480 accuracy: 0.7786 val_loss: 0.3033 val_accuracy: 0.9041
Epoch: 5 loss: 0.4407 accuracy: 0.7821 val_loss: 0.2559 val_accuracy: 0.9087
Epoch: 6 loss: 0.4330 accuracy: 0.7868 val_loss: 0.3356 val_accuracy: 0.9059
Epoch: 7 loss: 0.4291 accuracy: 0.7918 val_loss: 0.2615 val_accuracy: 0.9093
Epoch: 8 loss: 0.4230 accuracy: 0.7936 val_loss: 0.3400 val_accuracy: 0.8928
Epoch: 9 loss: 0.4224 accuracy: 0.7938 val_loss: 0.3299 val_accuracy: 0.8630
Epoch: 10 loss: 0.4199 accuracy: 0.7960 val_loss: 0.4177 val_accuracy: 0.7976
Epoch: 11 loss: 0.4189 accuracy: 0.7969 val_loss: 0.3538 val_accuracy: 0.9050
Epoch: 12 loss: 0.4155 accuracy: 0.7984 val_loss: 0.2450 val_accuracy: 0.9116
Epoch: 13 loss: 0.4142 accuracy: 0.8000 val_loss: 0.3016 val_accuracy: 0.9120
Epoch: 14 loss: 0.4135 accuracy: 0.7994 val_loss: 0.4856 val_accuracy: 0.8786
Epoch: 15 loss: 0.4116 accuracy: 0.8023 val_loss: 0.2905 val_accuracy: 0.9041
Epoch: 16 loss: 0.4104 accuracy: 0.8017 val_loss: 0.5078 val_accuracy: 0.7492
Epoch: 17 loss: 0.4109 accuracy: 0.8023 val_loss: 0.2993 val_accuracy: 0.9077
Epoch: 18 loss: 0.4084 accuracy: 0.8036 val_loss: 0.3381 val_accuracy: 0.8629
Epoch: 19 loss: 0.4080 accuracy: 0.8023 val_loss: 0.4542 val_accuracy: 0.7500
Epoch: 20 loss: 0.4086 accuracy: 0.8035 val_loss: 0.3819 val_accuracy: 0.8853
Job ended!
