Fri 01 Mar 2024 08:23:38 PM EST
Python 3.9.7
nvcc: NVIDIA (R) Cuda compiler driver
Copyright (c) 2005-2019 NVIDIA Corporation
Built on Sun_Jul_28_19:07:16_PDT_2019
Cuda compilation tools, release 10.1, V10.1.243
My SLURM_ARRAY_TASK_ID: 
DB: ['ISIC2016', 'ISIC2017', 'ISIC2018', 'ISIC2019', 'ISIC2020', 'PH2', '_7_point_criteria', 'PAD_UFES_20']
IMG_SIZE: [150, 150]
CLASSIFIER: ResNet152V2
SELF_AUG: 1
JOB_INDEX: None
Combining...
Combining 1 db out of 8 dbs
Combining 2 db out of 8 dbs
Combining 3 db out of 8 dbs
Combining 4 db out of 8 dbs
Combining 5 db out of 8 dbs
Combining 6 db out of 8 dbs
Combining 7 db out of 8 dbs
Combining 8 db out of 8 dbs
Stacking training images
Stacking training labels
Stacking validation images
Stacking validation labels
Model: "sequential"
_________________________________________________________________
Layer (type)                 Output Shape              Param #   
=================================================================
resnet152v2 (Functional)     (None, 2048)              58331648  
_________________________________________________________________
dense (Dense)                (None, 512)               1049088   
_________________________________________________________________
dropout (Dropout)            (None, 512)               0         
_________________________________________________________________
batch_normalization (BatchNo (None, 512)               2048      
_________________________________________________________________
dense_1 (Dense)              (None, 256)               131328    
_________________________________________________________________
dropout_1 (Dropout)          (None, 256)               0         
_________________________________________________________________
batch_normalization_1 (Batch (None, 256)               1024      
_________________________________________________________________
dense_2 (Dense)              (None, 2)                 514       
=================================================================
Total params: 59,515,650
Trainable params: 1,182,466
Non-trainable params: 58,333,184
_________________________________________________________________
Fitting ISIC2016+ISIC2017+ISIC2018+ISIC2019+ISIC2020+PH2+_7_point_criteria+PAD_UFES_20_aug_ResNet152V2_150h_150w_None model...
model_name: ISIC2016+ISIC2017+ISIC2018+ISIC2019+ISIC2020+PH2+_7_point_criteria+PAD_UFES_20_aug_ResNet152V2_150h_150w_None
Epoch: 1 loss: 0.4810 accuracy: 0.7789 val_loss: 0.2181 val_accuracy: 0.9203
Epoch: 2 loss: 0.3900 accuracy: 0.8166 val_loss: 0.2145 val_accuracy: 0.9208
Epoch: 3 loss: 0.3641 accuracy: 0.8288 val_loss: 0.2053 val_accuracy: 0.9242
Epoch: 4 loss: 0.3476 accuracy: 0.8378 val_loss: 0.2004 val_accuracy: 0.9265
Epoch: 5 loss: 0.3366 accuracy: 0.8440 val_loss: 0.1983 val_accuracy: 0.9259
Epoch: 6 loss: 0.3259 accuracy: 0.8483 val_loss: 0.1972 val_accuracy: 0.9255
Epoch: 7 loss: 0.3145 accuracy: 0.8559 val_loss: 0.1949 val_accuracy: 0.9276
Epoch: 8 loss: 0.3049 accuracy: 0.8600 val_loss: 0.1977 val_accuracy: 0.9275
Epoch: 9 loss: 0.2960 accuracy: 0.8647 val_loss: 0.1926 val_accuracy: 0.9311
Epoch: 10 loss: 0.2875 accuracy: 0.8680 val_loss: 0.1962 val_accuracy: 0.9304
Epoch: 11 loss: 0.2787 accuracy: 0.8738 val_loss: 0.1984 val_accuracy: 0.9314
Epoch: 12 loss: 0.2685 accuracy: 0.8779 val_loss: 0.1980 val_accuracy: 0.9330
Epoch: 13 loss: 0.2617 accuracy: 0.8818 val_loss: 0.2054 val_accuracy: 0.9273
Epoch: 14 loss: 0.2538 accuracy: 0.8856 val_loss: 0.2003 val_accuracy: 0.9321
Epoch: 15 loss: 0.2466 accuracy: 0.8904 val_loss: 0.2085 val_accuracy: 0.9287
Epoch: 16 loss: 0.2404 accuracy: 0.8921 val_loss: 0.2093 val_accuracy: 0.9346
Epoch: 17 loss: 0.2355 accuracy: 0.8956 val_loss: 0.2090 val_accuracy: 0.9359
Epoch: 18 loss: 0.2276 accuracy: 0.8986 val_loss: 0.2205 val_accuracy: 0.9297
Epoch: 19 loss: 0.2242 accuracy: 0.9005 val_loss: 0.2260 val_accuracy: 0.9294
Epoch: 20 loss: 0.2193 accuracy: 0.9032 val_loss: 0.2230 val_accuracy: 0.9331
Job ended!
