Wed 28 Feb 2024 05:05:12 AM EST
Python 3.9.7
nvcc: NVIDIA (R) Cuda compiler driver
Copyright (c) 2005-2019 NVIDIA Corporation
Built on Sun_Jul_28_19:07:16_PDT_2019
Cuda compilation tools, release 10.1, V10.1.243
My SLURM_ARRAY_TASK_ID: 
DB: ['ISIC2016']
IMG_SIZE: [150, 150]
CLASSIFIER: ResNet152V2
SELF_AUG: 1
JOB_INDEX: None
Combining...
Combining 1 db out of 1 dbs
Stacking training images
Stacking training labels
Stacking validation images
Stacking validation labels
Model: "sequential"
_________________________________________________________________
Layer (type)                 Output Shape              Param #   
=================================================================
resnet152v2 (Functional)     (None, 2048)              58331648  
_________________________________________________________________
dense (Dense)                (None, 512)               1049088   
_________________________________________________________________
dropout (Dropout)            (None, 512)               0         
_________________________________________________________________
batch_normalization (BatchNo (None, 512)               2048      
_________________________________________________________________
dense_1 (Dense)              (None, 256)               131328    
_________________________________________________________________
dropout_1 (Dropout)          (None, 256)               0         
_________________________________________________________________
batch_normalization_1 (Batch (None, 256)               1024      
_________________________________________________________________
dense_2 (Dense)              (None, 2)                 514       
=================================================================
Total params: 59,515,650
Trainable params: 1,182,466
Non-trainable params: 58,333,184
_________________________________________________________________
Fitting ISIC2016_aug_ResNet152V2_150h_150w_None model...
model_name: ISIC2016_aug_ResNet152V2_150h_150w_None
Epoch: 1 loss: 1.0028 accuracy: 0.5108 val_loss: 0.7014 val_accuracy: 0.2056
Epoch: 2 loss: 0.8705 accuracy: 0.5637 val_loss: 0.6929 val_accuracy: 0.5278
Epoch: 3 loss: 0.8472 accuracy: 0.5490 val_loss: 0.7039 val_accuracy: 0.2556
Epoch: 4 loss: 0.8318 accuracy: 0.5568 val_loss: 0.6456 val_accuracy: 0.7722
Epoch: 5 loss: 0.7874 accuracy: 0.5629 val_loss: 0.6814 val_accuracy: 0.6222
Epoch: 6 loss: 0.7836 accuracy: 0.5716 val_loss: 0.6450 val_accuracy: 0.7889
Epoch: 7 loss: 0.7895 accuracy: 0.5932 val_loss: 0.6132 val_accuracy: 0.7833
Epoch: 8 loss: 0.7540 accuracy: 0.5993 val_loss: 0.6034 val_accuracy: 0.7444
Epoch: 9 loss: 0.8080 accuracy: 0.5637 val_loss: 0.5983 val_accuracy: 0.7556
Epoch: 10 loss: 0.7341 accuracy: 0.6201 val_loss: 0.5887 val_accuracy: 0.8000
Epoch: 11 loss: 0.7558 accuracy: 0.5993 val_loss: 0.5688 val_accuracy: 0.8000
Epoch: 12 loss: 0.7361 accuracy: 0.6028 val_loss: 0.5796 val_accuracy: 0.8056
Epoch: 13 loss: 0.7786 accuracy: 0.5872 val_loss: 0.5859 val_accuracy: 0.7722
Epoch: 14 loss: 0.7741 accuracy: 0.5915 val_loss: 0.6412 val_accuracy: 0.6667
Epoch: 15 loss: 0.7680 accuracy: 0.5811 val_loss: 0.6038 val_accuracy: 0.7389
Epoch: 16 loss: 0.7466 accuracy: 0.5880 val_loss: 0.6919 val_accuracy: 0.4889
Epoch: 17 loss: 0.7347 accuracy: 0.5924 val_loss: 0.7604 val_accuracy: 0.3722
Epoch: 18 loss: 0.7367 accuracy: 0.5993 val_loss: 0.6004 val_accuracy: 0.7667
Epoch: 19 loss: 0.7038 accuracy: 0.6184 val_loss: 0.6595 val_accuracy: 0.6333
Epoch: 20 loss: 0.7295 accuracy: 0.6201 val_loss: 0.5677 val_accuracy: 0.7611
Job ended!
