Wed 28 Feb 2024 07:00:06 AM EST
Python 3.9.7
nvcc: NVIDIA (R) Cuda compiler driver
Copyright (c) 2005-2019 NVIDIA Corporation
Built on Sun_Jul_28_19:07:16_PDT_2019
Cuda compilation tools, release 10.1, V10.1.243
My SLURM_ARRAY_TASK_ID: 
DB: ['ISIC2016', 'PAD_UFES_20']
IMG_SIZE: [150, 150]
CLASSIFIER: ResNet152V2
SELF_AUG: 1
JOB_INDEX: None
Combining...
Combining 1 db out of 2 dbs
Combining 2 db out of 2 dbs
Stacking training images
Stacking training labels
Stacking validation images
Stacking validation labels
Model: "sequential"
_________________________________________________________________
Layer (type)                 Output Shape              Param #   
=================================================================
resnet152v2 (Functional)     (None, 2048)              58331648  
_________________________________________________________________
dense (Dense)                (None, 512)               1049088   
_________________________________________________________________
dropout (Dropout)            (None, 512)               0         
_________________________________________________________________
batch_normalization (BatchNo (None, 512)               2048      
_________________________________________________________________
dense_1 (Dense)              (None, 256)               131328    
_________________________________________________________________
dropout_1 (Dropout)          (None, 256)               0         
_________________________________________________________________
batch_normalization_1 (Batch (None, 256)               1024      
_________________________________________________________________
dense_2 (Dense)              (None, 2)                 514       
=================================================================
Total params: 59,515,650
Trainable params: 1,182,466
Non-trainable params: 58,333,184
_________________________________________________________________
Fitting ISIC2016+PAD_UFES_20_aug_ResNet152V2_150h_150w_None model...
model_name: ISIC2016+PAD_UFES_20_aug_ResNet152V2_150h_150w_None
Epoch: 1 loss: 0.8600 accuracy: 0.5749 val_loss: 0.4641 val_accuracy: 0.9297
Epoch: 2 loss: 0.7106 accuracy: 0.6400 val_loss: 0.3665 val_accuracy: 0.9297
Epoch: 3 loss: 0.6600 accuracy: 0.6701 val_loss: 0.3264 val_accuracy: 0.9297
Epoch: 4 loss: 0.6317 accuracy: 0.6896 val_loss: 0.3020 val_accuracy: 0.9297
Epoch: 5 loss: 0.5819 accuracy: 0.7264 val_loss: 0.3218 val_accuracy: 0.9219
Epoch: 6 loss: 0.5593 accuracy: 0.7341 val_loss: 0.3342 val_accuracy: 0.9219
Epoch: 7 loss: 0.5563 accuracy: 0.7451 val_loss: 0.3044 val_accuracy: 0.9219
Epoch: 8 loss: 0.5455 accuracy: 0.7499 val_loss: 0.2679 val_accuracy: 0.9266
Epoch: 9 loss: 0.5456 accuracy: 0.7477 val_loss: 0.3040 val_accuracy: 0.9109
Epoch: 10 loss: 0.5332 accuracy: 0.7611 val_loss: 0.3167 val_accuracy: 0.9094
Epoch: 11 loss: 0.5358 accuracy: 0.7691 val_loss: 0.3105 val_accuracy: 0.9047
Epoch: 12 loss: 0.5143 accuracy: 0.7691 val_loss: 0.2657 val_accuracy: 0.9172
Epoch: 13 loss: 0.5309 accuracy: 0.7656 val_loss: 0.2789 val_accuracy: 0.9203
Epoch: 14 loss: 0.5136 accuracy: 0.7744 val_loss: 0.3704 val_accuracy: 0.9000
Epoch: 15 loss: 0.5146 accuracy: 0.7821 val_loss: 0.2834 val_accuracy: 0.9125
Epoch: 16 loss: 0.5180 accuracy: 0.7744 val_loss: 0.3173 val_accuracy: 0.9078
Epoch: 17 loss: 0.5139 accuracy: 0.7763 val_loss: 0.4562 val_accuracy: 0.7703
Epoch: 18 loss: 0.5062 accuracy: 0.7832 val_loss: 0.2820 val_accuracy: 0.9187
Epoch: 19 loss: 0.4943 accuracy: 0.7861 val_loss: 0.2794 val_accuracy: 0.9187
Epoch: 20 loss: 0.4935 accuracy: 0.7816 val_loss: 0.3233 val_accuracy: 0.9062
Job ended!
