Wed 28 Feb 2024 05:14:58 AM EST
Python 3.9.7
nvcc: NVIDIA (R) Cuda compiler driver
Copyright (c) 2005-2019 NVIDIA Corporation
Built on Sun_Jul_28_19:07:16_PDT_2019
Cuda compilation tools, release 10.1, V10.1.243
My SLURM_ARRAY_TASK_ID: 
DB: ['ISIC2016', 'ISIC2017', 'ISIC2018', 'ISIC2019', 'ISIC2020', 'MEDNODE', 'KaggleMB']
IMG_SIZE: [150, 150]
CLASSIFIER: ResNet152V2
SELF_AUG: 1
JOB_INDEX: None
Combining...
Combining 1 db out of 7 dbs
Combining 2 db out of 7 dbs
Combining 3 db out of 7 dbs
Combining 4 db out of 7 dbs
Combining 5 db out of 7 dbs
Combining 6 db out of 7 dbs
Combining 7 db out of 7 dbs
Stacking training images
Stacking training labels
Stacking validation images
Stacking validation labels
Model: "sequential"
_________________________________________________________________
Layer (type)                 Output Shape              Param #   
=================================================================
resnet152v2 (Functional)     (None, 2048)              58331648  
_________________________________________________________________
dense (Dense)                (None, 512)               1049088   
_________________________________________________________________
dropout (Dropout)            (None, 512)               0         
_________________________________________________________________
batch_normalization (BatchNo (None, 512)               2048      
_________________________________________________________________
dense_1 (Dense)              (None, 256)               131328    
_________________________________________________________________
dropout_1 (Dropout)          (None, 256)               0         
_________________________________________________________________
batch_normalization_1 (Batch (None, 256)               1024      
_________________________________________________________________
dense_2 (Dense)              (None, 2)                 514       
=================================================================
Total params: 59,515,650
Trainable params: 1,182,466
Non-trainable params: 58,333,184
_________________________________________________________________
Fitting ISIC2016+ISIC2017+ISIC2018+ISIC2019+ISIC2020+MEDNODE+KaggleMB_aug_ResNet152V2_150h_150w_None model...
model_name: ISIC2016+ISIC2017+ISIC2018+ISIC2019+ISIC2020+MEDNODE+KaggleMB_aug_ResNet152V2_150h_150w_None
Epoch: 1 loss: 0.6040 accuracy: 0.6878 val_loss: 0.4602 val_accuracy: 0.7058
Epoch: 2 loss: 0.4975 accuracy: 0.7459 val_loss: 0.3493 val_accuracy: 0.8635
Epoch: 3 loss: 0.4739 accuracy: 0.7621 val_loss: 0.2887 val_accuracy: 0.8983
Epoch: 4 loss: 0.4636 accuracy: 0.7686 val_loss: 0.2768 val_accuracy: 0.8988
Epoch: 5 loss: 0.4558 accuracy: 0.7718 val_loss: 0.3217 val_accuracy: 0.8987
Epoch: 6 loss: 0.4551 accuracy: 0.7743 val_loss: 0.2785 val_accuracy: 0.9001
Epoch: 7 loss: 0.4497 accuracy: 0.7759 val_loss: 0.2783 val_accuracy: 0.8994
Epoch: 8 loss: 0.4476 accuracy: 0.7789 val_loss: 0.2833 val_accuracy: 0.9001
Epoch: 9 loss: 0.4455 accuracy: 0.7801 val_loss: 0.2786 val_accuracy: 0.8999
Epoch: 10 loss: 0.4440 accuracy: 0.7815 val_loss: 0.4071 val_accuracy: 0.8972
Epoch: 11 loss: 0.4444 accuracy: 0.7805 val_loss: 0.3727 val_accuracy: 0.8957
Epoch: 12 loss: 0.4404 accuracy: 0.7827 val_loss: 0.3838 val_accuracy: 0.8982
Epoch: 13 loss: 0.4404 accuracy: 0.7841 val_loss: 0.3450 val_accuracy: 0.9005
Epoch: 14 loss: 0.4385 accuracy: 0.7842 val_loss: 0.2652 val_accuracy: 0.9003
Epoch: 15 loss: 0.4367 accuracy: 0.7864 val_loss: 0.4678 val_accuracy: 0.8871
Epoch: 16 loss: 0.4368 accuracy: 0.7858 val_loss: 0.3659 val_accuracy: 0.8986
Epoch: 17 loss: 0.4362 accuracy: 0.7865 val_loss: 0.3065 val_accuracy: 0.8989
Epoch: 18 loss: 0.4369 accuracy: 0.7867 val_loss: 0.3635 val_accuracy: 0.8455
Epoch: 19 loss: 0.4348 accuracy: 0.7884 val_loss: 0.2874 val_accuracy: 0.8965
Epoch: 20 loss: 0.4342 accuracy: 0.7885 val_loss: 0.2733 val_accuracy: 0.8991
Job ended!
