Wed 28 Feb 2024 05:17:30 AM EST
Python 3.9.7
nvcc: NVIDIA (R) Cuda compiler driver
Copyright (c) 2005-2019 NVIDIA Corporation
Built on Sun_Jul_28_19:07:16_PDT_2019
Cuda compilation tools, release 10.1, V10.1.243
My SLURM_ARRAY_TASK_ID: 
DB: ['ISIC2016', 'ISIC2017', 'ISIC2018', 'ISIC2019', 'ISIC2020', 'PH2', '_7_point_criteria']
IMG_SIZE: [150, 150]
CLASSIFIER: ResNet152V2
SELF_AUG: 1
JOB_INDEX: None
Combining...
Combining 1 db out of 7 dbs
Combining 2 db out of 7 dbs
Combining 3 db out of 7 dbs
Combining 4 db out of 7 dbs
Combining 5 db out of 7 dbs
Combining 6 db out of 7 dbs
Combining 7 db out of 7 dbs
Stacking training images
Stacking training labels
Stacking validation images
Stacking validation labels
Model: "sequential"
_________________________________________________________________
Layer (type)                 Output Shape              Param #   
=================================================================
resnet152v2 (Functional)     (None, 2048)              58331648  
_________________________________________________________________
dense (Dense)                (None, 512)               1049088   
_________________________________________________________________
dropout (Dropout)            (None, 512)               0         
_________________________________________________________________
batch_normalization (BatchNo (None, 512)               2048      
_________________________________________________________________
dense_1 (Dense)              (None, 256)               131328    
_________________________________________________________________
dropout_1 (Dropout)          (None, 256)               0         
_________________________________________________________________
batch_normalization_1 (Batch (None, 256)               1024      
_________________________________________________________________
dense_2 (Dense)              (None, 2)                 514       
=================================================================
Total params: 59,515,650
Trainable params: 1,182,466
Non-trainable params: 58,333,184
_________________________________________________________________
Fitting ISIC2016+ISIC2017+ISIC2018+ISIC2019+ISIC2020+PH2+_7_point_criteria_aug_ResNet152V2_150h_150w_None model...
model_name: ISIC2016+ISIC2017+ISIC2018+ISIC2019+ISIC2020+PH2+_7_point_criteria_aug_ResNet152V2_150h_150w_None
Epoch: 1 loss: 0.5915 accuracy: 0.6984 val_loss: 0.3291 val_accuracy: 0.8587
Epoch: 2 loss: 0.4983 accuracy: 0.7267 val_loss: 0.2939 val_accuracy: 0.8927
Epoch: 3 loss: 0.4860 accuracy: 0.7466 val_loss: 0.5969 val_accuracy: 0.6450
Epoch: 4 loss: 0.4660 accuracy: 0.7679 val_loss: 0.2773 val_accuracy: 0.9065
Epoch: 5 loss: 0.4545 accuracy: 0.7758 val_loss: 0.2684 val_accuracy: 0.9071
Epoch: 6 loss: 0.4464 accuracy: 0.7808 val_loss: 0.5064 val_accuracy: 0.8289
Epoch: 7 loss: 0.4429 accuracy: 0.7831 val_loss: 0.2721 val_accuracy: 0.9100
Epoch: 8 loss: 0.4389 accuracy: 0.7866 val_loss: 0.2598 val_accuracy: 0.9102
Epoch: 9 loss: 0.4353 accuracy: 0.7899 val_loss: 0.3240 val_accuracy: 0.9008
Epoch: 10 loss: 0.4347 accuracy: 0.7908 val_loss: 0.3380 val_accuracy: 0.9002
Epoch: 11 loss: 0.4321 accuracy: 0.7924 val_loss: 0.5413 val_accuracy: 0.8365
Epoch: 12 loss: 0.4301 accuracy: 0.7927 val_loss: 0.2732 val_accuracy: 0.9077
Epoch: 13 loss: 0.4271 accuracy: 0.7963 val_loss: 0.3295 val_accuracy: 0.8977
Epoch: 14 loss: 0.4289 accuracy: 0.7957 val_loss: 0.2714 val_accuracy: 0.9053
Epoch: 15 loss: 0.4267 accuracy: 0.7968 val_loss: 0.3142 val_accuracy: 0.9067
Epoch: 16 loss: 0.4250 accuracy: 0.7964 val_loss: 0.7109 val_accuracy: 0.5043
Epoch: 17 loss: 0.4242 accuracy: 0.7985 val_loss: 0.6570 val_accuracy: 0.6277
Epoch: 18 loss: 0.4229 accuracy: 0.7978 val_loss: 0.3147 val_accuracy: 0.8931
Epoch: 19 loss: 0.4218 accuracy: 0.8000 val_loss: 0.3815 val_accuracy: 0.8867
Epoch: 20 loss: 0.4228 accuracy: 0.7988 val_loss: 0.2936 val_accuracy: 0.8938
Job ended!
