Wed 28 Feb 2024 06:10:38 AM EST
Python 3.9.7
nvcc: NVIDIA (R) Cuda compiler driver
Copyright (c) 2005-2019 NVIDIA Corporation
Built on Sun_Jul_28_19:07:16_PDT_2019
Cuda compilation tools, release 10.1, V10.1.243
My SLURM_ARRAY_TASK_ID: 
DB: ['ISIC2016', 'ISIC2017', 'ISIC2018', 'ISIC2019', 'MEDNODE', 'KaggleMB']
IMG_SIZE: [150, 150]
CLASSIFIER: ResNet152V2
SELF_AUG: 1
JOB_INDEX: None
Combining...
Combining 1 db out of 6 dbs
Combining 2 db out of 6 dbs
Combining 3 db out of 6 dbs
Combining 4 db out of 6 dbs
Combining 5 db out of 6 dbs
Combining 6 db out of 6 dbs
Stacking training images
Stacking training labels
Stacking validation images
Stacking validation labels
Model: "sequential"
_________________________________________________________________
Layer (type)                 Output Shape              Param #   
=================================================================
resnet152v2 (Functional)     (None, 2048)              58331648  
_________________________________________________________________
dense (Dense)                (None, 512)               1049088   
_________________________________________________________________
dropout (Dropout)            (None, 512)               0         
_________________________________________________________________
batch_normalization (BatchNo (None, 512)               2048      
_________________________________________________________________
dense_1 (Dense)              (None, 256)               131328    
_________________________________________________________________
dropout_1 (Dropout)          (None, 256)               0         
_________________________________________________________________
batch_normalization_1 (Batch (None, 256)               1024      
_________________________________________________________________
dense_2 (Dense)              (None, 2)                 514       
=================================================================
Total params: 59,515,650
Trainable params: 1,182,466
Non-trainable params: 58,333,184
_________________________________________________________________
Fitting ISIC2016+ISIC2017+ISIC2018+ISIC2019+MEDNODE+KaggleMB_aug_ResNet152V2_150h_150w_None model...
model_name: ISIC2016+ISIC2017+ISIC2018+ISIC2019+MEDNODE+KaggleMB_aug_ResNet152V2_150h_150w_None
Epoch: 1 loss: 0.7127 accuracy: 0.6243 val_loss: 0.6088 val_accuracy: 0.7139
Epoch: 2 loss: 0.6184 accuracy: 0.6690 val_loss: 0.4683 val_accuracy: 0.8020
Epoch: 3 loss: 0.5631 accuracy: 0.7053 val_loss: 0.4818 val_accuracy: 0.7980
Epoch: 4 loss: 0.5476 accuracy: 0.7117 val_loss: 0.4947 val_accuracy: 0.8062
Epoch: 5 loss: 0.5371 accuracy: 0.7205 val_loss: 0.4567 val_accuracy: 0.8074
Epoch: 6 loss: 0.5341 accuracy: 0.7211 val_loss: 0.4556 val_accuracy: 0.8134
Epoch: 7 loss: 0.5306 accuracy: 0.7263 val_loss: 0.4530 val_accuracy: 0.8155
Epoch: 8 loss: 0.5256 accuracy: 0.7282 val_loss: 0.4661 val_accuracy: 0.8017
Epoch: 9 loss: 0.5226 accuracy: 0.7317 val_loss: 0.4446 val_accuracy: 0.8088
Epoch: 10 loss: 0.5193 accuracy: 0.7352 val_loss: 0.4552 val_accuracy: 0.8175
Epoch: 11 loss: 0.5158 accuracy: 0.7368 val_loss: 0.4774 val_accuracy: 0.8046
Epoch: 12 loss: 0.5140 accuracy: 0.7363 val_loss: 0.4948 val_accuracy: 0.7784
Epoch: 13 loss: 0.5105 accuracy: 0.7403 val_loss: 0.4278 val_accuracy: 0.8217
Epoch: 14 loss: 0.5088 accuracy: 0.7420 val_loss: 0.4692 val_accuracy: 0.8074
Epoch: 15 loss: 0.5068 accuracy: 0.7429 val_loss: 0.4947 val_accuracy: 0.8004
Epoch: 16 loss: 0.5051 accuracy: 0.7436 val_loss: 0.4576 val_accuracy: 0.8162
Epoch: 17 loss: 0.5040 accuracy: 0.7488 val_loss: 0.4442 val_accuracy: 0.8152
Epoch: 18 loss: 0.5041 accuracy: 0.7465 val_loss: 0.4570 val_accuracy: 0.8106
Epoch: 19 loss: 0.5009 accuracy: 0.7490 val_loss: 0.4760 val_accuracy: 0.8066
Epoch: 20 loss: 0.5013 accuracy: 0.7466 val_loss: 0.4319 val_accuracy: 0.8165
Job ended!
