Wed 28 Feb 2024 05:08:06 AM EST
Python 3.9.7
nvcc: NVIDIA (R) Cuda compiler driver
Copyright (c) 2005-2019 NVIDIA Corporation
Built on Sun_Jul_28_19:07:16_PDT_2019
Cuda compilation tools, release 10.1, V10.1.243
My SLURM_ARRAY_TASK_ID: 
DB: ['ISIC2016', 'ISIC2017', 'ISIC2018', 'ISIC2019', '_7_point_criteria', 'PAD_UFES_20']
IMG_SIZE: [150, 150]
CLASSIFIER: ResNet152V2
SELF_AUG: 1
JOB_INDEX: None
Combining...
Combining 1 db out of 6 dbs
Combining 2 db out of 6 dbs
Combining 3 db out of 6 dbs
Combining 4 db out of 6 dbs
Combining 5 db out of 6 dbs
Combining 6 db out of 6 dbs
Stacking training images
Stacking training labels
Stacking validation images
Stacking validation labels
Model: "sequential"
_________________________________________________________________
Layer (type)                 Output Shape              Param #   
=================================================================
resnet152v2 (Functional)     (None, 2048)              58331648  
_________________________________________________________________
dense (Dense)                (None, 512)               1049088   
_________________________________________________________________
dropout (Dropout)            (None, 512)               0         
_________________________________________________________________
batch_normalization (BatchNo (None, 512)               2048      
_________________________________________________________________
dense_1 (Dense)              (None, 256)               131328    
_________________________________________________________________
dropout_1 (Dropout)          (None, 256)               0         
_________________________________________________________________
batch_normalization_1 (Batch (None, 256)               1024      
_________________________________________________________________
dense_2 (Dense)              (None, 2)                 514       
=================================================================
Total params: 59,515,650
Trainable params: 1,182,466
Non-trainable params: 58,333,184
_________________________________________________________________
Fitting ISIC2016+ISIC2017+ISIC2018+ISIC2019+_7_point_criteria+PAD_UFES_20_aug_ResNet152V2_150h_150w_None model...
model_name: ISIC2016+ISIC2017+ISIC2018+ISIC2019+_7_point_criteria+PAD_UFES_20_aug_ResNet152V2_150h_150w_None
Epoch: 1 loss: 0.6999 accuracy: 0.6286 val_loss: 0.5131 val_accuracy: 0.8190
Epoch: 2 loss: 0.6043 accuracy: 0.6791 val_loss: 0.4387 val_accuracy: 0.8361
Epoch: 3 loss: 0.5602 accuracy: 0.7129 val_loss: 0.4561 val_accuracy: 0.8361
Epoch: 4 loss: 0.5454 accuracy: 0.7234 val_loss: 0.4549 val_accuracy: 0.8372
Epoch: 5 loss: 0.5392 accuracy: 0.7298 val_loss: 0.4510 val_accuracy: 0.8196
Epoch: 6 loss: 0.5334 accuracy: 0.7315 val_loss: 0.4251 val_accuracy: 0.8380
Epoch: 7 loss: 0.5307 accuracy: 0.7332 val_loss: 0.4216 val_accuracy: 0.8362
Epoch: 8 loss: 0.5292 accuracy: 0.7353 val_loss: 0.4882 val_accuracy: 0.7911
Epoch: 9 loss: 0.5246 accuracy: 0.7398 val_loss: 0.4151 val_accuracy: 0.8361
Epoch: 10 loss: 0.5222 accuracy: 0.7399 val_loss: 0.4401 val_accuracy: 0.8378
Epoch: 11 loss: 0.5209 accuracy: 0.7391 val_loss: 0.4232 val_accuracy: 0.8382
Epoch: 12 loss: 0.5277 accuracy: 0.7408 val_loss: 0.4204 val_accuracy: 0.8415
Epoch: 13 loss: 0.5397 accuracy: 0.7398 val_loss: 0.4454 val_accuracy: 0.8382
Epoch: 14 loss: 0.5364 accuracy: 0.7428 val_loss: 0.4377 val_accuracy: 0.8378
Epoch: 15 loss: 0.5351 accuracy: 0.7418 val_loss: 0.4144 val_accuracy: 0.8418
Epoch: 16 loss: 0.5342 accuracy: 0.7394 val_loss: 0.4648 val_accuracy: 0.8370
Epoch: 17 loss: 0.5318 accuracy: 0.7405 val_loss: 0.4135 val_accuracy: 0.8414
Epoch: 18 loss: 0.5306 accuracy: 0.7410 val_loss: 0.4201 val_accuracy: 0.8409
Epoch: 19 loss: 0.5309 accuracy: 0.7409 val_loss: 0.4675 val_accuracy: 0.8369
Epoch: 20 loss: 0.5270 accuracy: 0.7428 val_loss: 0.4403 val_accuracy: 0.8380
Job ended!
