Wed 28 Feb 2024 06:31:28 AM EST
Python 3.9.7
nvcc: NVIDIA (R) Cuda compiler driver
Copyright (c) 2005-2019 NVIDIA Corporation
Built on Sun_Jul_28_19:07:16_PDT_2019
Cuda compilation tools, release 10.1, V10.1.243
My SLURM_ARRAY_TASK_ID: 
DB: ['ISIC2016', 'ISIC2017', 'ISIC2018', 'ISIC2020', 'PH2']
IMG_SIZE: [150, 150]
CLASSIFIER: ResNet152V2
SELF_AUG: 1
JOB_INDEX: None
Combining...
Combining 1 db out of 5 dbs
Combining 2 db out of 5 dbs
Combining 3 db out of 5 dbs
Combining 4 db out of 5 dbs
Combining 5 db out of 5 dbs
Stacking training images
Stacking training labels
Stacking validation images
Stacking validation labels
Model: "sequential"
_________________________________________________________________
Layer (type)                 Output Shape              Param #   
=================================================================
resnet152v2 (Functional)     (None, 2048)              58331648  
_________________________________________________________________
dense (Dense)                (None, 512)               1049088   
_________________________________________________________________
dropout (Dropout)            (None, 512)               0         
_________________________________________________________________
batch_normalization (BatchNo (None, 512)               2048      
_________________________________________________________________
dense_1 (Dense)              (None, 256)               131328    
_________________________________________________________________
dropout_1 (Dropout)          (None, 256)               0         
_________________________________________________________________
batch_normalization_1 (Batch (None, 256)               1024      
_________________________________________________________________
dense_2 (Dense)              (None, 2)                 514       
=================================================================
Total params: 59,515,650
Trainable params: 1,182,466
Non-trainable params: 58,333,184
_________________________________________________________________
Fitting ISIC2016+ISIC2017+ISIC2018+ISIC2020+PH2_aug_ResNet152V2_150h_150w_None model...
model_name: ISIC2016+ISIC2017+ISIC2018+ISIC2020+PH2_aug_ResNet152V2_150h_150w_None
Epoch: 1 loss: 0.5499 accuracy: 0.7342 val_loss: 0.1526 val_accuracy: 0.9641
Epoch: 2 loss: 0.4490 accuracy: 0.7858 val_loss: 0.2978 val_accuracy: 0.9049
Epoch: 3 loss: 0.4091 accuracy: 0.7985 val_loss: 0.1706 val_accuracy: 0.9731
Epoch: 4 loss: 0.3954 accuracy: 0.8088 val_loss: 0.1598 val_accuracy: 0.9627
Epoch: 5 loss: 0.3889 accuracy: 0.8125 val_loss: 0.1881 val_accuracy: 0.9731
Epoch: 6 loss: 0.3805 accuracy: 0.8187 val_loss: 0.1725 val_accuracy: 0.9576
Epoch: 7 loss: 0.3874 accuracy: 0.8152 val_loss: 0.1168 val_accuracy: 0.9731
Epoch: 8 loss: 0.3927 accuracy: 0.8188 val_loss: 0.4631 val_accuracy: 0.9730
Epoch: 9 loss: 0.3822 accuracy: 0.8198 val_loss: 0.1288 val_accuracy: 0.9726
Epoch: 10 loss: 0.3754 accuracy: 0.8220 val_loss: 0.2445 val_accuracy: 0.9716
Epoch: 11 loss: 0.3704 accuracy: 0.8249 val_loss: 0.1547 val_accuracy: 0.9729
Epoch: 12 loss: 0.3698 accuracy: 0.8258 val_loss: 0.2816 val_accuracy: 0.9673
Epoch: 13 loss: 0.3662 accuracy: 0.8278 val_loss: 0.3114 val_accuracy: 0.9185
Epoch: 14 loss: 0.3656 accuracy: 0.8297 val_loss: 0.1817 val_accuracy: 0.9722
Epoch: 15 loss: 0.3641 accuracy: 0.8290 val_loss: 0.1652 val_accuracy: 0.9716
Epoch: 16 loss: 0.3621 accuracy: 0.8314 val_loss: 0.2412 val_accuracy: 0.9712
Epoch: 17 loss: 0.3616 accuracy: 0.8326 val_loss: 0.2344 val_accuracy: 0.9716
Epoch: 18 loss: 0.3603 accuracy: 0.8297 val_loss: 0.1669 val_accuracy: 0.9727
Epoch: 19 loss: 0.3608 accuracy: 0.8294 val_loss: 0.1130 val_accuracy: 0.9729
Epoch: 20 loss: 0.3593 accuracy: 0.8341 val_loss: 0.3525 val_accuracy: 0.9481
Job ended!
