Fri 01 Mar 2024 08:02:04 PM EST
Python 3.9.7
nvcc: NVIDIA (R) Cuda compiler driver
Copyright (c) 2005-2019 NVIDIA Corporation
Built on Sun_Jul_28_19:07:16_PDT_2019
Cuda compilation tools, release 10.1, V10.1.243
My SLURM_ARRAY_TASK_ID: 
DB: ['ISIC2016', 'ISIC2017']
IMG_SIZE: [150, 150]
CLASSIFIER: ResNet152V2
SELF_AUG: 1
JOB_INDEX: None
Combining...
Combining 1 db out of 2 dbs
Combining 2 db out of 2 dbs
Stacking training images
Stacking training labels
Stacking validation images
Stacking validation labels
Model: "sequential"
_________________________________________________________________
Layer (type)                 Output Shape              Param #   
=================================================================
resnet152v2 (Functional)     (None, 2048)              58331648  
_________________________________________________________________
dense (Dense)                (None, 512)               1049088   
_________________________________________________________________
dropout (Dropout)            (None, 512)               0         
_________________________________________________________________
batch_normalization (BatchNo (None, 512)               2048      
_________________________________________________________________
dense_1 (Dense)              (None, 256)               131328    
_________________________________________________________________
dropout_1 (Dropout)          (None, 256)               0         
_________________________________________________________________
batch_normalization_1 (Batch (None, 256)               1024      
_________________________________________________________________
dense_2 (Dense)              (None, 2)                 514       
=================================================================
Total params: 59,515,650
Trainable params: 1,182,466
Non-trainable params: 58,333,184
_________________________________________________________________
Fitting ISIC2016+ISIC2017_aug_ResNet152V2_150h_150w_None model...
model_name: ISIC2016+ISIC2017_aug_ResNet152V2_150h_150w_None
Epoch: 1 loss: 0.6713 accuracy: 0.6894 val_loss: 0.4317 val_accuracy: 0.8121
Epoch: 2 loss: 0.5690 accuracy: 0.7416 val_loss: 0.4072 val_accuracy: 0.8273
Epoch: 3 loss: 0.4827 accuracy: 0.7772 val_loss: 0.4012 val_accuracy: 0.8424
Epoch: 4 loss: 0.4450 accuracy: 0.7940 val_loss: 0.3970 val_accuracy: 0.8424
Epoch: 5 loss: 0.4076 accuracy: 0.8193 val_loss: 0.3865 val_accuracy: 0.8576
Epoch: 6 loss: 0.3786 accuracy: 0.8291 val_loss: 0.3724 val_accuracy: 0.8636
Epoch: 7 loss: 0.3487 accuracy: 0.8488 val_loss: 0.3917 val_accuracy: 0.8485
Epoch: 8 loss: 0.3222 accuracy: 0.8607 val_loss: 0.3762 val_accuracy: 0.8545
Epoch: 9 loss: 0.2900 accuracy: 0.8744 val_loss: 0.3723 val_accuracy: 0.8545
Epoch: 10 loss: 0.2821 accuracy: 0.8823 val_loss: 0.3716 val_accuracy: 0.8515
Epoch: 11 loss: 0.2592 accuracy: 0.8866 val_loss: 0.3769 val_accuracy: 0.8576
Epoch: 12 loss: 0.2354 accuracy: 0.9019 val_loss: 0.3755 val_accuracy: 0.8667
Epoch: 13 loss: 0.2317 accuracy: 0.9076 val_loss: 0.3755 val_accuracy: 0.8758
Epoch: 14 loss: 0.2136 accuracy: 0.9127 val_loss: 0.3731 val_accuracy: 0.8667
Epoch: 15 loss: 0.1939 accuracy: 0.9218 val_loss: 0.3593 val_accuracy: 0.8727
Epoch: 16 loss: 0.1692 accuracy: 0.9320 val_loss: 0.3792 val_accuracy: 0.8576
Epoch: 17 loss: 0.1620 accuracy: 0.9375 val_loss: 0.3646 val_accuracy: 0.8848
Epoch: 18 loss: 0.1489 accuracy: 0.9428 val_loss: 0.3351 val_accuracy: 0.8909
Epoch: 19 loss: 0.1503 accuracy: 0.9416 val_loss: 0.3855 val_accuracy: 0.8788
Epoch: 20 loss: 0.1381 accuracy: 0.9395 val_loss: 0.3899 val_accuracy: 0.8758
Job ended!
