Mon 06 May 2024 03:22:17 PM EDT
Python 3.9.7
nvcc: NVIDIA (R) Cuda compiler driver
Copyright (c) 2005-2019 NVIDIA Corporation
Built on Sun_Jul_28_19:07:16_PDT_2019
Cuda compilation tools, release 10.1, V10.1.243
My SLURM_ARRAY_TASK_ID: 
DB: ['ISIC2016', 'ISIC2017', 'ISIC2018', 'ISIC2019', 'PAD_UFES_20', 'MEDNODE']
IMG_SIZE: [384, 384]
CLASSIFIER: ResNet152V2
JOB_INDEX: None
Start training augmented images
Combining...
Combining 1th db out of 6 dbs
Combining 2th db out of 6 dbs
Combining 3th db out of 6 dbs
Combining 4th db out of 6 dbs
Combining 5th db out of 6 dbs
Combining 6th db out of 6 dbs
Stacking data
Combining complete
Model: "sequential"
_________________________________________________________________
Layer (type)                 Output Shape              Param #   
=================================================================
resnet152v2 (Functional)     (None, 2048)              58331648  
_________________________________________________________________
dense (Dense)                (None, 512)               1049088   
_________________________________________________________________
dropout (Dropout)            (None, 512)               0         
_________________________________________________________________
batch_normalization (BatchNo (None, 512)               2048      
_________________________________________________________________
dense_1 (Dense)              (None, 256)               131328    
_________________________________________________________________
batch_normalization_1 (Batch (None, 256)               1024      
_________________________________________________________________
dense_2 (Dense)              (None, 2)                 514       
=================================================================
Total params: 59,515,650
Trainable params: 1,182,466
Non-trainable params: 58,333,184
_________________________________________________________________
Fitting ISIC2016+ISIC2017+ISIC2018+ISIC2019+PAD_UFES_20+MEDNODE_aug_ResNet152V2_384h_384w_None model...
model_name: ISIC2016+ISIC2017+ISIC2018+ISIC2019+PAD_UFES_20+MEDNODE_aug_ResNet152V2_384h_384w_None
Epoch: 1 loss: 0.9417 accuracy: 0.8007 val_loss: 0.8747 val_accuracy: 0.8153
Epoch: 2 loss: 0.7463 accuracy: 0.8612 val_loss: 0.8210 val_accuracy: 0.8184
Epoch: 3 loss: 0.6583 accuracy: 0.8828 val_loss: 0.7473 val_accuracy: 0.8304
Epoch: 4 loss: 0.5848 accuracy: 0.9008 val_loss: 0.6497 val_accuracy: 0.8683
Epoch: 5 loss: 0.5329 accuracy: 0.9124 val_loss: 0.6342 val_accuracy: 0.8618
Epoch: 6 loss: 0.4838 accuracy: 0.9227 val_loss: 0.5786 val_accuracy: 0.8810
Epoch: 7 loss: 0.4507 accuracy: 0.9295 val_loss: 0.5533 val_accuracy: 0.8854
Epoch: 8 loss: 0.4194 accuracy: 0.9359 val_loss: 0.5333 val_accuracy: 0.8955
Epoch: 9 loss: 0.3884 accuracy: 0.9427 val_loss: 0.5339 val_accuracy: 0.8881
Epoch: 10 loss: 0.3642 accuracy: 0.9472 val_loss: 0.5149 val_accuracy: 0.8940
Epoch: 11 loss: 0.3451 accuracy: 0.9511 val_loss: 0.4931 val_accuracy: 0.9025
Epoch: 12 loss: 0.3290 accuracy: 0.9522 val_loss: 0.4854 val_accuracy: 0.9001
Epoch: 13 loss: 0.3133 accuracy: 0.9558 val_loss: 0.4680 val_accuracy: 0.9063
Epoch: 14 loss: 0.3030 accuracy: 0.9578 val_loss: 0.4675 val_accuracy: 0.8994
Epoch: 15 loss: 0.2828 accuracy: 0.9633 val_loss: 0.4888 val_accuracy: 0.8960
Epoch: 16 loss: 0.2773 accuracy: 0.9621 val_loss: 0.4809 val_accuracy: 0.9034
Epoch: 17 loss: 0.2692 accuracy: 0.9633 val_loss: 0.4464 val_accuracy: 0.9107
Epoch: 18 loss: 0.2585 accuracy: 0.9652 val_loss: 0.4266 val_accuracy: 0.9104
Epoch: 19 loss: 0.2450 accuracy: 0.9680 val_loss: 0.4316 val_accuracy: 0.9172
Epoch: 20 loss: 0.2408 accuracy: 0.9673 val_loss: 0.4487 val_accuracy: 0.9055
Epoch: 21 loss: 0.2395 accuracy: 0.9667 val_loss: 0.4389 val_accuracy: 0.9083
Epoch: 22 loss: 0.2324 accuracy: 0.9675 val_loss: 0.4262 val_accuracy: 0.9122
Epoch: 23 loss: 0.2259 accuracy: 0.9686 val_loss: 0.4103 val_accuracy: 0.9185
Epoch: 24 loss: 0.2183 accuracy: 0.9705 val_loss: 0.4107 val_accuracy: 0.9162
Epoch: 25 loss: 0.2152 accuracy: 0.9713 val_loss: 0.4251 val_accuracy: 0.9101
Epoch: 26 loss: 0.2044 accuracy: 0.9733 val_loss: 0.4308 val_accuracy: 0.9122
Epoch: 27 loss: 0.2053 accuracy: 0.9719 val_loss: 0.4072 val_accuracy: 0.9162
Epoch: 28 loss: 0.2001 accuracy: 0.9720 val_loss: 0.4037 val_accuracy: 0.9152
Epoch: 29 loss: 0.1948 accuracy: 0.9729 val_loss: 0.3989 val_accuracy: 0.9200
Epoch: 30 loss: 0.1890 accuracy: 0.9743 val_loss: 0.4119 val_accuracy: 0.9163
Epoch: 31 loss: 0.1892 accuracy: 0.9735 val_loss: 0.4108 val_accuracy: 0.9206
Epoch: 32 loss: 0.1826 accuracy: 0.9757 val_loss: 0.3980 val_accuracy: 0.9229
Epoch: 33 loss: 0.1789 accuracy: 0.9755 val_loss: 0.3963 val_accuracy: 0.9223
Epoch: 34 loss: 0.1790 accuracy: 0.9745 val_loss: 0.4142 val_accuracy: 0.9181
Epoch: 35 loss: 0.1721 accuracy: 0.9766 val_loss: 0.3987 val_accuracy: 0.9157
Epoch: 36 loss: 0.1695 accuracy: 0.9774 val_loss: 0.3971 val_accuracy: 0.9145
Epoch: 37 loss: 0.1706 accuracy: 0.9753 val_loss: 0.3979 val_accuracy: 0.9170
Epoch: 38 loss: 0.1641 accuracy: 0.9785 val_loss: 0.3879 val_accuracy: 0.9224
Epoch: 39 loss: 0.1615 accuracy: 0.9778 val_loss: 0.3970 val_accuracy: 0.9201
Epoch: 40 loss: 0.1613 accuracy: 0.9779 val_loss: 0.4336 val_accuracy: 0.9086
Epoch: 41 loss: 0.1630 accuracy: 0.9769 val_loss: 0.3961 val_accuracy: 0.9231
Epoch: 42 loss: 0.1596 accuracy: 0.9765 val_loss: 0.3739 val_accuracy: 0.9247
Epoch: 43 loss: 0.1514 accuracy: 0.9801 val_loss: 0.4053 val_accuracy: 0.9137
Epoch: 44 loss: 0.1553 accuracy: 0.9780 val_loss: 0.4361 val_accuracy: 0.9075
Epoch: 45 loss: 0.1522 accuracy: 0.9779 val_loss: 0.3938 val_accuracy: 0.9216
Epoch: 46 loss: 0.1545 accuracy: 0.9774 val_loss: 0.3994 val_accuracy: 0.9160
Epoch: 47 loss: 0.1488 accuracy: 0.9786 val_loss: 0.4031 val_accuracy: 0.9250

Epoch 00047: ReduceLROnPlateau reducing learning rate to 7.999999797903001e-05.
Epoch: 48 loss: 0.1391 accuracy: 0.9823 val_loss: 0.3806 val_accuracy: 0.9196
Epoch: 49 loss: 0.1310 accuracy: 0.9850 val_loss: 0.3813 val_accuracy: 0.9221
Epoch: 50 loss: 0.1314 accuracy: 0.9843 val_loss: 0.3898 val_accuracy: 0.9195
Epoch: 51 loss: 0.1315 accuracy: 0.9836 val_loss: 0.3750 val_accuracy: 0.9265
Epoch: 52 loss: 0.1281 accuracy: 0.9836 val_loss: 0.3994 val_accuracy: 0.9237

Epoch 00052: ReduceLROnPlateau reducing learning rate to 6.399999838322402e-05.
End of augmented training
Finish
Job ended!
