Sun 05 May 2024 07:06:36 PM EDT
Python 3.9.7
nvcc: NVIDIA (R) Cuda compiler driver
Copyright (c) 2005-2019 NVIDIA Corporation
Built on Sun_Jul_28_19:07:16_PDT_2019
Cuda compilation tools, release 10.1, V10.1.243
My SLURM_ARRAY_TASK_ID: 
DB: ['ISIC2016', 'ISIC2020', 'PH2']
IMG_SIZE: [384, 384]
CLASSIFIER: ResNet101
JOB_INDEX: None
Start training augmented images
Combining...
Combining 1th db out of 3 dbs
Combining 2th db out of 3 dbs
Combining 3th db out of 3 dbs
Stacking data
Combining complete
Model: "sequential"
_________________________________________________________________
Layer (type)                 Output Shape              Param #   
=================================================================
resnet101 (Functional)       (None, 2048)              42658176  
_________________________________________________________________
dense (Dense)                (None, 512)               1049088   
_________________________________________________________________
dropout (Dropout)            (None, 512)               0         
_________________________________________________________________
batch_normalization (BatchNo (None, 512)               2048      
_________________________________________________________________
dense_1 (Dense)              (None, 256)               131328    
_________________________________________________________________
batch_normalization_1 (Batch (None, 256)               1024      
_________________________________________________________________
dense_2 (Dense)              (None, 2)                 514       
=================================================================
Total params: 43,842,178
Trainable params: 1,182,466
Non-trainable params: 42,659,712
_________________________________________________________________
Fitting ISIC2016+ISIC2020+PH2_aug_ResNet101_384h_384w_None model...
model_name: ISIC2016+ISIC2020+PH2_aug_ResNet101_384h_384w_None
Epoch: 1 loss: 0.9420 accuracy: 0.6667 val_loss: 1.0027 val_accuracy: 0.0422
Epoch: 2 loss: 0.6884 accuracy: 0.7811 val_loss: 3.1615 val_accuracy: 0.0228
Epoch: 3 loss: 0.6274 accuracy: 0.8024 val_loss: 1.3258 val_accuracy: 0.0295
Epoch: 4 loss: 0.5747 accuracy: 0.8044 val_loss: 0.6178 val_accuracy: 0.8291
Epoch: 5 loss: 0.5896 accuracy: 0.8057 val_loss: 1.0081 val_accuracy: 0.0229
Epoch: 6 loss: 0.5809 accuracy: 0.8043 val_loss: 0.4673 val_accuracy: 0.9775
Epoch: 7 loss: 0.5846 accuracy: 0.7998 val_loss: 0.2017 val_accuracy: 0.9775
Epoch: 8 loss: 0.5456 accuracy: 0.8023 val_loss: 0.1707 val_accuracy: 0.9775
Epoch: 9 loss: 0.4807 accuracy: 0.8158 val_loss: 0.3967 val_accuracy: 0.9775
Epoch: 10 loss: 0.4549 accuracy: 0.8218 val_loss: 0.2444 val_accuracy: 0.9775
Epoch: 11 loss: 0.4450 accuracy: 0.8255 val_loss: 0.9445 val_accuracy: 0.3016
Epoch: 12 loss: 0.4242 accuracy: 0.8355 val_loss: 0.1364 val_accuracy: 0.9775
Epoch: 13 loss: 0.4120 accuracy: 0.8351 val_loss: 0.7313 val_accuracy: 0.3096
Epoch: 14 loss: 0.4124 accuracy: 0.8330 val_loss: 0.9060 val_accuracy: 0.3118
Epoch: 15 loss: 0.3923 accuracy: 0.8438 val_loss: 0.1550 val_accuracy: 0.9470
Epoch: 16 loss: 0.3894 accuracy: 0.8417 val_loss: 1.3928 val_accuracy: 0.0738
Epoch: 17 loss: 0.3917 accuracy: 0.8386 val_loss: 0.4501 val_accuracy: 0.8210

Epoch 00017: ReduceLROnPlateau reducing learning rate to 7.999999797903001e-05.
Epoch: 18 loss: 0.3835 accuracy: 0.8439 val_loss: 1.2348 val_accuracy: 0.0661
Epoch: 19 loss: 0.3780 accuracy: 0.8453 val_loss: 0.2581 val_accuracy: 0.9113
Epoch: 20 loss: 0.3781 accuracy: 0.8457 val_loss: 1.4003 val_accuracy: 0.0689
Epoch: 21 loss: 0.3636 accuracy: 0.8509 val_loss: 1.3438 val_accuracy: 0.1033
Epoch: 22 loss: 0.3628 accuracy: 0.8497 val_loss: 1.9709 val_accuracy: 0.0630

Epoch 00022: ReduceLROnPlateau reducing learning rate to 6.399999838322402e-05.
End of augmented training
Finish
Job ended!
